#
# There is insufficient memory for the Java Runtime Environment to continue.
# Native memory allocation (malloc) failed to allocate 754192 bytes for Chunk::new
# Possible reasons:
#   The system is out of physical RAM or swap space
#   In 32 bit mode, the process size limit was hit
# Possible solutions:
#   Reduce memory load on the system
#   Increase physical memory or swap space
#   Check if swap backing store is full
#   Use 64 bit Java on a 64 bit OS
#   Decrease Java heap size (-Xmx/-Xms)
#   Decrease number of Java threads
#   Decrease Java thread stack sizes (-Xss)
#   Set larger code cache with -XX:ReservedCodeCacheSize=
# This output file may be truncated or incomplete.
#
#  Out of Memory Error (allocation.cpp:390), pid=12816, tid=10720
#
# JRE version: Java(TM) SE Runtime Environment (8.0_20-b26) (build 1.8.0_20-b26)
# Java VM: Java HotSpot(TM) 64-Bit Server VM (25.20-b23 mixed mode windows-amd64 compressed oops)
# Failed to write core dump. Minidumps are not enabled by default on client versions of Windows
#

---------------  T H R E A D  ---------------

Current thread (0x0000000014aab000):  JavaThread "C2 CompilerThread1" daemon [_thread_in_native, id=10720, stack(0x0000000016110000,0x0000000016210000)]

Stack: [0x0000000016110000,0x0000000016210000]
Native frames: (J=compiled Java code, j=interpreted, Vv=VM code, C=native code)
V  [jvm.dll+0x3152fa]
V  [jvm.dll+0x265d03]
V  [jvm.dll+0x266943]
V  [jvm.dll+0x25e265]
V  [jvm.dll+0xbe255]
V  [jvm.dll+0xbe6fc]
V  [jvm.dll+0x449d02]
V  [jvm.dll+0x4bf4f5]
V  [jvm.dll+0x4c012f]
V  [jvm.dll+0x44fef1]
V  [jvm.dll+0x4526c8]
V  [jvm.dll+0x435fc2]
V  [jvm.dll+0x97b62]
V  [jvm.dll+0x98353]
V  [jvm.dll+0x22aac4]
V  [jvm.dll+0x283f5a]
C  [msvcr100.dll+0x21d9f]
C  [msvcr100.dll+0x21e3b]
C  [KERNEL32.DLL+0x18102]
C  [ntdll.dll+0x5c5b4]


Current CompileTask:
C2:   3216 1404       4       com.android.dx.ssa.LocalVariableExtractor::processBlock (383 bytes)


---------------  P R O C E S S  ---------------

Java Threads: ( => current thread )
  0x000000001667f000 JavaThread "pool-1-thread-4" [_thread_blocked, id=6604, stack(0x0000000016d10000,0x0000000016e10000)]
  0x000000001667d800 JavaThread "pool-1-thread-3" [_thread_blocked, id=6940, stack(0x0000000016c10000,0x0000000016d10000)]
  0x0000000016677000 JavaThread "pool-1-thread-2" [_thread_blocked, id=9768, stack(0x0000000016b10000,0x0000000016c10000)]
  0x00000000166b9800 JavaThread "pool-2-thread-1" [_thread_blocked, id=7548, stack(0x0000000016a10000,0x0000000016b10000)]
  0x00000000166b9000 JavaThread "pool-1-thread-1" [_thread_blocked, id=5272, stack(0x0000000016910000,0x0000000016a10000)]
  0x0000000014ab5000 JavaThread "Service Thread" daemon [_thread_blocked, id=472, stack(0x0000000016310000,0x0000000016410000)]
  0x0000000014aad800 JavaThread "C1 CompilerThread2" daemon [_thread_blocked, id=9832, stack(0x0000000016210000,0x0000000016310000)]
=>0x0000000014aab000 JavaThread "C2 CompilerThread1" daemon [_thread_in_native, id=10720, stack(0x0000000016110000,0x0000000016210000)]
  0x0000000014aba800 JavaThread "C2 CompilerThread0" daemon [_thread_in_native, id=12984, stack(0x0000000016010000,0x0000000016110000)]
  0x0000000014ab9000 JavaThread "Attach Listener" daemon [_thread_blocked, id=8440, stack(0x0000000015f10000,0x0000000016010000)]
  0x0000000014ab8000 JavaThread "Signal Dispatcher" daemon [_thread_blocked, id=10188, stack(0x0000000015e10000,0x0000000015f10000)]
  0x00000000023d0000 JavaThread "Finalizer" daemon [_thread_blocked, id=9060, stack(0x0000000015d10000,0x0000000015e10000)]
  0x00000000023cd000 JavaThread "Reference Handler" daemon [_thread_blocked, id=3892, stack(0x0000000015c10000,0x0000000015d10000)]
  0x00000000020dd800 JavaThread "main" [_thread_in_vm, id=10296, stack(0x00000000021e0000,0x00000000022e0000)]

Other Threads:
  0x0000000014a76000 VMThread [stack: 0x0000000015b10000,0x0000000015c10000] [id=2768]
  0x0000000016419800 WatcherThread [stack: 0x0000000016810000,0x0000000016910000] [id=496]

VM state:not at safepoint (normal execution)

VM Mutex/Monitor currently owned by a thread: None

Heap:
 PSYoungGen      total 38400K, used 28824K [0x00000000eab00000, 0x00000000ef600000, 0x0000000100000000)
  eden space 33280K, 71% used [0x00000000eab00000,0x00000000ec229740,0x00000000ecb80000)
  from space 5120K, 99% used [0x00000000ecb80000,0x00000000ed07caa8,0x00000000ed080000)
  to   space 5120K, 0% used [0x00000000ef100000,0x00000000ef100000,0x00000000ef600000)
 ParOldGen       total 87552K, used 1391K [0x00000000c0000000, 0x00000000c5580000, 0x00000000eab00000)
  object space 87552K, 1% used [0x00000000c0000000,0x00000000c015bce0,0x00000000c5580000)
 Metaspace       used 6064K, capacity 7024K, committed 7296K, reserved 1056768K
  class space    used 592K, capacity 616K, committed 640K, reserved 1048576K

Card table byte_map: [0x00000000117a0000,0x00000000119b0000] byte_map_base: 0x00000000111a0000

Marking Bits: (ParMarkBitMap*) 0x000000005839b460
 Begin Bits: [0x0000000011f10000, 0x0000000012f10000)
 End Bits:   [0x0000000012f10000, 0x0000000013f10000)

Polling page: 0x00000000001f0000

CodeCache: size=245760Kb used=5890Kb max_used=5895Kb free=239869Kb
 bounds [0x00000000023e0000, 0x00000000029b0000, 0x00000000113e0000]
 total_blobs=1683 nmethods=1417 adapters=178
 compilation: enabled

Compilation events (10 events):
Event: 3.148 Thread 0x0000000014aad800 1426       3       com.android.dx.ssa.InterferenceRegisterMapper::areAnyPinned (81 bytes)
Event: 3.149 Thread 0x0000000014aad800 nmethod 1426 0x000000000299a9d0 code [0x000000000299abc0, 0x000000000299b818]
Event: 3.151 Thread 0x0000000014aad800 1428       3       com.android.dx.rop.cst.CstKnownNull::getType (4 bytes)
Event: 3.151 Thread 0x0000000014aad800 nmethod 1428 0x000000000299bc90 code [0x000000000299bde0, 0x000000000299bf30]
Event: 3.153 Thread 0x0000000014aad800 1429       3       com.android.dx.rop.code.Insn::contentEquals (84 bytes)
Event: 3.154 Thread 0x0000000014aad800 nmethod 1429 0x000000000299bfd0 code [0x000000000299c1c0, 0x000000000299cdf8]
Event: 3.155 Thread 0x0000000014aad800 1430       3       com.android.dx.rop.code.ThrowingInsn::accept (8 bytes)
Event: 3.155 Thread 0x0000000014aad800 nmethod 1430 0x000000000299d050 code [0x000000000299d1c0, 0x000000000299d3e8]
Event: 3.156 Thread 0x0000000014aad800 1431       3       com.android.dx.dex.code.SimpleInsn::<init> (8 bytes)
Event: 3.156 Thread 0x0000000014aad800 nmethod 1431 0x000000000299d4d0 code [0x000000000299d640, 0x000000000299d828]

GC Heap History (2 events):
Event: 1.904 GC heap before
{Heap before GC invocations=1 (full 0):
 PSYoungGen      total 38400K, used 33280K [0x00000000eab00000, 0x00000000ed580000, 0x0000000100000000)
  eden space 33280K, 100% used [0x00000000eab00000,0x00000000ecb80000,0x00000000ecb80000)
  from space 5120K, 0% used [0x00000000ed080000,0x00000000ed080000,0x00000000ed580000)
  to   space 5120K, 0% used [0x00000000ecb80000,0x00000000ecb80000,0x00000000ed080000)
 ParOldGen       total 87552K, used 0K [0x00000000c0000000, 0x00000000c5580000, 0x00000000eab00000)
  object space 87552K, 0% used [0x00000000c0000000,0x00000000c0000000,0x00000000c5580000)
 Metaspace       used 5914K, capacity 6896K, committed 7040K, reserved 1056768K
  class space    used 589K, capacity 616K, committed 640K, reserved 1048576K
Event: 2.034 GC heap after
Heap after GC invocations=1 (full 0):
 PSYoungGen      total 38400K, used 5106K [0x00000000eab00000, 0x00000000ef600000, 0x0000000100000000)
  eden space 33280K, 0% used [0x00000000eab00000,0x00000000eab00000,0x00000000ecb80000)
  from space 5120K, 99% used [0x00000000ecb80000,0x00000000ed07caa8,0x00000000ed080000)
  to   space 5120K, 0% used [0x00000000ef100000,0x00000000ef100000,0x00000000ef600000)
 ParOldGen       total 87552K, used 1391K [0x00000000c0000000, 0x00000000c5580000, 0x00000000eab00000)
  object space 87552K, 1% used [0x00000000c0000000,0x00000000c015bce0,0x00000000c5580000)
 Metaspace       used 5914K, capacity 6896K, committed 7040K, reserved 1056768K
  class space    used 589K, capacity 616K, committed 640K, reserved 1048576K
}

Deoptimization events (10 events):
Event: 1.671 Thread 0x0000000016677000 Uncommon trap: reason=class_check action=maybe_recompile pc=0x00000000027baff4 method=java.util.HashMap.putVal(ILjava/lang/Object;Ljava/lang/Object;ZZ)Ljava/lang/Object; @ 203
Event: 1.671 Thread 0x0000000016677000 Uncommon trap: reason=bimorphic action=maybe_recompile pc=0x0000000002642e6c method=java.util.HashMap.getNode(ILjava/lang/Object;)Ljava/util/HashMap$Node; @ 126
Event: 1.671 Thread 0x0000000016677000 Uncommon trap: reason=class_check action=maybe_recompile pc=0x00000000027baff4 method=java.util.HashMap.putVal(ILjava/lang/Object;Ljava/lang/Object;ZZ)Ljava/lang/Object; @ 203
Event: 1.671 Thread 0x0000000016677000 Uncommon trap: reason=bimorphic action=maybe_recompile pc=0x000000000260f0d0 method=java.util.HashMap.getNode(ILjava/lang/Object;)Ljava/util/HashMap$Node; @ 126
Event: 1.671 Thread 0x0000000016677000 Uncommon trap: reason=unreached action=reinterpret pc=0x000000000270019c method=com.android.dx.rop.cst.Constant.compareTo(Lcom/android/dx/rop/cst/Constant;)I @ 12
Event: 1.856 Thread 0x0000000016677000 Uncommon trap: reason=bimorphic action=maybe_recompile pc=0x0000000002835848 method=java.util.HashMap.putVal(ILjava/lang/Object;Ljava/lang/Object;ZZ)Ljava/lang/Object; @ 203
Event: 1.856 Thread 0x0000000016677000 Uncommon trap: reason=bimorphic action=maybe_recompile pc=0x0000000002835848 method=java.util.HashMap.putVal(ILjava/lang/Object;Ljava/lang/Object;ZZ)Ljava/lang/Object; @ 203
Event: 2.320 Thread 0x00000000020dd800 Uncommon trap: reason=bimorphic action=maybe_recompile pc=0x000000000287f920 method=com.android.dx.cf.code.BytecodeArray.parseInstruction(ILcom/android/dx/cf/code/BytecodeArray$Visitor;)I @ 2135
Event: 2.320 Thread 0x00000000020dd800 Uncommon trap: reason=bimorphic action=maybe_recompile pc=0x000000000287f920 method=com.android.dx.cf.code.BytecodeArray.parseInstruction(ILcom/android/dx/cf/code/BytecodeArray$Visitor;)I @ 2135
Event: 3.072 Thread 0x00000000020dd800 Uncommon trap: reason=unreached action=reinterpret pc=0x000000000287e1e4 method=com.android.dx.cf.code.BytecodeArray.parseInstruction(ILcom/android/dx/cf/code/BytecodeArray$Visitor;)I @ 1198

Internal exceptions (10 events):
Event: 0.945 Thread 0x00000000166b9000 Exception <a 'java/security/PrivilegedActionException'> (0x00000000eb800d28) thrown at [D:\re\workspace\8-2-build-windows-amd64-cygwin\jdk8u20\1074\hotspot\src\share\vm\prims\jvm.cpp, line 1275]
Event: 0.950 Thread 0x0000000016677000 Exception <a 'java/security/PrivilegedActionException'> (0x00000000eb4b7f78) thrown at [D:\re\workspace\8-2-build-windows-amd64-cygwin\jdk8u20\1074\hotspot\src\share\vm\prims\jvm.cpp, line 1275]
Event: 0.961 Thread 0x00000000166b9000 Exception <a 'java/security/PrivilegedActionException'> (0x00000000eb8715e0) thrown at [D:\re\workspace\8-2-build-windows-amd64-cygwin\jdk8u20\1074\hotspot\src\share\vm\prims\jvm.cpp, line 1275]
Event: 1.151 Thread 0x00000000020dd800 Exception <a 'java/security/PrivilegedActionException'> (0x00000000eba97cd0) thrown at [D:\re\workspace\8-2-build-windows-amd64-cygwin\jdk8u20\1074\hotspot\src\share\vm\prims\jvm.cpp, line 1275]
Event: 1.162 Thread 0x000000001667d800 Exception <a 'java/security/PrivilegedActionException'> (0x00000000ebb39698) thrown at [D:\re\workspace\8-2-build-windows-amd64-cygwin\jdk8u20\1074\hotspot\src\share\vm\prims\jvm.cpp, line 1275]
Event: 1.583 Thread 0x00000000020dd800 Exception <a 'java/security/PrivilegedActionException'> (0x00000000ec119a30) thrown at [D:\re\workspace\8-2-build-windows-amd64-cygwin\jdk8u20\1074\hotspot\src\share\vm\prims\jvm.cpp, line 1275]
Event: 1.583 Thread 0x00000000020dd800 Exception <a 'java/security/PrivilegedActionException'> (0x00000000ec11c378) thrown at [D:\re\workspace\8-2-build-windows-amd64-cygwin\jdk8u20\1074\hotspot\src\share\vm\prims\jvm.cpp, line 1275]
Event: 2.729 Thread 0x00000000166b9000 Exception <a 'java/security/PrivilegedActionException'> (0x00000000ebac9950) thrown at [D:\re\workspace\8-2-build-windows-amd64-cygwin\jdk8u20\1074\hotspot\src\share\vm\prims\jvm.cpp, line 1275]
Event: 2.730 Thread 0x00000000166b9000 Exception <a 'java/security/PrivilegedActionException'> (0x00000000ebacf460) thrown at [D:\re\workspace\8-2-build-windows-amd64-cygwin\jdk8u20\1074\hotspot\src\share\vm\prims\jvm.cpp, line 1275]
Event: 2.731 Thread 0x00000000166b9000 Exception <a 'java/security/PrivilegedActionException'> (0x00000000ebad4bd0) thrown at [D:\re\workspace\8-2-build-windows-amd64-cygwin\jdk8u20\1074\hotspot\src\share\vm\prims\jvm.cpp, line 1275]

Events (10 events):
Event: 2.705 Thread 0x00000000166b9000 DEOPT UNPACKING pc=0x00000000024275bf sp=0x0000000016a0e6c8 mode 0
Event: 2.729 loading class com/android/dx/dex/file/ParameterAnnotationStruct
Event: 2.729 loading class com/android/dx/dex/file/ParameterAnnotationStruct done
Event: 2.730 loading class com/android/dx/dex/file/UniformListItem
Event: 2.730 loading class com/android/dx/dex/file/UniformListItem done
Event: 2.730 loading class com/android/dx/dex/file/AnnotationSetRefItem
Event: 2.730 loading class com/android/dx/dex/file/AnnotationSetRefItem done
Event: 3.072 Thread 0x00000000020dd800 Uncommon trap: trap_request=0xffffffad fr.pc=0x000000000287e1e4
Event: 3.073 Thread 0x00000000020dd800 DEOPT PACKING pc=0x000000000287e1e4 sp=0x00000000022de260
Event: 3.073 Thread 0x00000000020dd800 DEOPT UNPACKING pc=0x000000000242556a sp=0x00000000022de218 mode 2


Dynamic libraries:
0x00007ff699080000 - 0x00007ff6990b4000 	C:\Program Files\Java\jdk1.8.0_20\bin\java.exe
0x00007ff98ded0000 - 0x00007ff98e091000 	C:\WINDOWS\SYSTEM32\ntdll.dll
0x00007ff98bb50000 - 0x00007ff98bbfd000 	C:\WINDOWS\system32\KERNEL32.DLL
0x00007ff98b000000 - 0x00007ff98b1e8000 	C:\WINDOWS\system32\KERNELBASE.dll
0x00007ff98c430000 - 0x00007ff98c4d7000 	C:\WINDOWS\system32\ADVAPI32.dll
0x00007ff98b780000 - 0x00007ff98b81d000 	C:\WINDOWS\system32\msvcrt.dll
0x00007ff98baf0000 - 0x00007ff98bb4b000 	C:\WINDOWS\system32\sechost.dll
0x00007ff98b3f0000 - 0x00007ff98b50c000 	C:\WINDOWS\system32\RPCRT4.dll
0x00007ff98b820000 - 0x00007ff98b976000 	C:\WINDOWS\system32\USER32.dll
0x00007ff98c750000 - 0x00007ff98c8d6000 	C:\WINDOWS\system32\GDI32.dll
0x00007ff97f110000 - 0x00007ff97f384000 	C:\WINDOWS\WinSxS\amd64_microsoft.windows.common-controls_6595b64144ccf1df_6.0.10586.0_none_8c15ae12515e1c22\COMCTL32.dll
0x00007ff98c1a0000 - 0x00007ff98c41d000 	C:\WINDOWS\system32\combase.dll
0x00007ff98ae80000 - 0x00007ff98aeea000 	C:\WINDOWS\system32\bcryptPrimitives.dll
0x00007ff98ba50000 - 0x00007ff98ba8b000 	C:\WINDOWS\system32\IMM32.DLL
0x0000000058420000 - 0x00000000584f2000 	C:\Program Files\Java\jdk1.8.0_20\jre\bin\msvcr100.dll
0x0000000057bc0000 - 0x0000000058418000 	C:\Program Files\Java\jdk1.8.0_20\jre\bin\server\jvm.dll
0x00007ff98c4e0000 - 0x00007ff98c4e8000 	C:\WINDOWS\system32\PSAPI.DLL
0x00007ff988a40000 - 0x00007ff988a63000 	C:\WINDOWS\SYSTEM32\WINMM.dll
0x00007ff97d040000 - 0x00007ff97d049000 	C:\WINDOWS\SYSTEM32\WSOCK32.dll
0x00007ff98b2b0000 - 0x00007ff98b31b000 	C:\WINDOWS\system32\WS2_32.dll
0x0000000000800000 - 0x000000000082c000 	C:\WINDOWS\SYSTEM32\WINMMBASE.dll
0x00007ff98a560000 - 0x00007ff98a5a3000 	C:\WINDOWS\system32\cfgmgr32.dll
0x0000000057bb0000 - 0x0000000057bbf000 	C:\Program Files\Java\jdk1.8.0_20\jre\bin\verify.dll
0x0000000057b80000 - 0x0000000057ba8000 	C:\Program Files\Java\jdk1.8.0_20\jre\bin\java.dll
0x0000000057b60000 - 0x0000000057b76000 	C:\Program Files\Java\jdk1.8.0_20\jre\bin\zip.dll
0x00007ff98c900000 - 0x00007ff98de5c000 	C:\WINDOWS\system32\SHELL32.dll
0x00007ff98a830000 - 0x00007ff98ae75000 	C:\WINDOWS\system32\windows.storage.dll
0x00007ff98de70000 - 0x00007ff98dec2000 	C:\WINDOWS\system32\shlwapi.dll
0x00007ff98a4f0000 - 0x00007ff98a4ff000 	C:\WINDOWS\system32\kernel.appcore.dll
0x00007ff98b1f0000 - 0x00007ff98b2a5000 	C:\WINDOWS\system32\shcore.dll
0x00007ff98a500000 - 0x00007ff98a54b000 	C:\WINDOWS\system32\powrprof.dll
0x00007ff98a4d0000 - 0x00007ff98a4e4000 	C:\WINDOWS\system32\profapi.dll
0x00007ff97ccb0000 - 0x00007ff97ce3c000 	C:\WINDOWS\SYSTEM32\dbghelp.dll

VM Arguments:
jvm_args: -Djava.awt.headless=true -Xmx1024M -Dfile.encoding=windows-1252 -Duser.country=US -Duser.language=en -Duser.variant 
java_command: com.android.dx.command.Main --dex --num-threads=4 --output C:\Nivek\Wits\2016\2nd semester\Coms\SD\Major Project\SoftwareDesign\FindMeTutor\FindMeTutor\app\build\intermediates\pre-dexed\debug\com.android.support-recyclerview-v7-24.1.1_31de75a2ac713d664d20faafc13b1ca9fdc15b5b.jar C:\Nivek\Wits\2016\2nd semester\Coms\SD\Major Project\SoftwareDesign\FindMeTutor\FindMeTutor\app\build\intermediates\exploded-aar\com.android.support\recyclerview-v7\24.1.1\jars\classes.jar
java_class_path (initial): C:\Users\admin\AppData\Local\Android\sdk\build-tools\24.0.1\lib\dx.jar
Launcher Type: SUN_STANDARD

Environment Variables:
PATH=C:\ProgramData\Oracle\Java\javapath;C:\Program Files (x86)\Intel\iCLS Client\;C:\Program Files\Intel\iCLS Client\;C:\WINDOWS\system32;C:\WINDOWS;C:\WINDOWS\System32\Wbem;C:\WINDOWS\System32\WindowsPowerShell\v1.0\;C:\Program Files\Intel\Intel(R) Management Engine Components\DAL;C:\Program Files\Intel\Intel(R) Management Engine Components\IPT;C:\Program Files (x86)\Intel\Intel(R) Management Engine Components\DAL;C:\Program Files (x86)\Intel\Intel(R) Management Engine Components\IPT;C:\Program Files\WIDCOMM\Bluetooth Software\;C:\Program Files\WIDCOMM\Bluetooth Software\syswow64;C:\Program Files (x86)\Intel\OpenCL SDK\2.0\bin\x86;C:\Program Files (x86)\Intel\OpenCL SDK\2.0\bin\x64;C:\Program Files\Intel\WiFi\bin\;C:\Program Files\Common Files\Intel\WirelessCommon\;c:\Program Files (x86)\Microsoft SQL Server\100\Tools\Binn\;c:\Program Files\Microsoft SQL Server\100\Tools\Binn\;c:\Program Files\Microsoft SQL Server\100\DTS\Binn\;C:\Program Files (x86)\MySQL\MySQL Fabric 1.5.4 & MySQL Utilities 1.5.4 1.5\;C:\Program Files (x86)\MySQL\MySQL Fabric 1.5.4 & MySQL Utilities 1.5.4 1.5\Doctrine extensions for PHP\;C:\Program Files (x86)\Borland\Delphi7\Bin;C:\Program Files (x86)\Borland\Delphi7\Projects\Bpl;C:\Program Files (x86)\Borland\Delphi7\Rave5;C:\Program Files\Git\cmd;C:\Program Files\Intel\WiFi\bin\;C:\Program Files\Common Files\Intel\WirelessCommon\
USERNAME=admin
OS=Windows_NT
PROCESSOR_IDENTIFIER=Intel64 Family 6 Model 58 Stepping 9, GenuineIntel



---------------  S Y S T E M  ---------------

OS: Windows 8.1 , 64 bit Build 9600 

CPU:total 4 (2 cores per cpu, 2 threads per core) family 6 model 58 stepping 9, cmov, cx8, fxsr, mmx, sse, sse2, sse3, ssse3, sse4.1, sse4.2, popcnt, avx, aes, clmul, erms, ht, tsc, tscinvbit, tscinv

Memory: 4k page, physical 8258576k(2319188k free), swap 10306576k(223860k free)

vm_info: Java HotSpot(TM) 64-Bit Server VM (25.20-b23) for windows-amd64 JRE (1.8.0_20-b26), built on Jul 30 2014 13:51:23 by "java_re" with MS VC++ 10.0 (VS2010)

time: Thu Aug 18 19:41:22 2016
elapsed time: 3 seconds (0d 0h 0m 3s)

