#
# There is insufficient memory for the Java Runtime Environment to continue.
# Native memory allocation (malloc) failed to allocate 1866496 bytes for Chunk::new
# Possible reasons:
#   The system is out of physical RAM or swap space
#   In 32 bit mode, the process size limit was hit
# Possible solutions:
#   Reduce memory load on the system
#   Increase physical memory or swap space
#   Check if swap backing store is full
#   Use 64 bit Java on a 64 bit OS
#   Decrease Java heap size (-Xmx/-Xms)
#   Decrease number of Java threads
#   Decrease Java thread stack sizes (-Xss)
#   Set larger code cache with -XX:ReservedCodeCacheSize=
# This output file may be truncated or incomplete.
#
#  Out of Memory Error (allocation.cpp:390), pid=14224, tid=15036
#
# JRE version: Java(TM) SE Runtime Environment (8.0_20-b26) (build 1.8.0_20-b26)
# Java VM: Java HotSpot(TM) 64-Bit Server VM (25.20-b23 mixed mode windows-amd64 compressed oops)
# Failed to write core dump. Minidumps are not enabled by default on client versions of Windows
#

---------------  T H R E A D  ---------------

Current thread (0x0000000014f70800):  JavaThread "C2 CompilerThread1" daemon [_thread_in_native, id=15036, stack(0x00000000165c0000,0x00000000166c0000)]

Stack: [0x00000000165c0000,0x00000000166c0000]
Native frames: (J=compiled Java code, j=interpreted, Vv=VM code, C=native code)
V  [jvm.dll+0x3152fa]
V  [jvm.dll+0x265d03]
V  [jvm.dll+0x266943]
V  [jvm.dll+0x25e265]
V  [jvm.dll+0xbe255]
V  [jvm.dll+0xbe6fc]
V  [jvm.dll+0x45c472]
V  [jvm.dll+0x49d76f]
V  [jvm.dll+0x451911]
V  [jvm.dll+0x452634]
V  [jvm.dll+0x435fc2]
V  [jvm.dll+0x97b62]
V  [jvm.dll+0x98353]
V  [jvm.dll+0x22aac4]
V  [jvm.dll+0x283f5a]
C  [msvcr100.dll+0x21d9f]
C  [msvcr100.dll+0x21e3b]
C  [KERNEL32.DLL+0x8364]
C  [ntdll.dll+0x65e91]


Current CompileTask:
C2:   5559 1881       4       com.android.dx.rop.code.Rops::ropFor (771 bytes)


---------------  P R O C E S S  ---------------

Java Threads: ( => current thread )
  0x0000000016ad6000 JavaThread "pool-1-thread-1" [_thread_in_native, id=13152, stack(0x0000000018bd0000,0x0000000018cd0000)]
  0x0000000014fce000 JavaThread "Service Thread" daemon [_thread_blocked, id=15760, stack(0x0000000016bc0000,0x0000000016cc0000)]
  0x0000000014f8f800 JavaThread "C1 CompilerThread2" daemon [_thread_blocked, id=15096, stack(0x00000000166c0000,0x00000000167c0000)]
=>0x0000000014f70800 JavaThread "C2 CompilerThread1" daemon [_thread_in_native, id=15036, stack(0x00000000165c0000,0x00000000166c0000)]
  0x0000000014f6d000 JavaThread "C2 CompilerThread0" daemon [_thread_in_native, id=5952, stack(0x00000000164c0000,0x00000000165c0000)]
  0x0000000014f6a800 JavaThread "Attach Listener" daemon [_thread_blocked, id=13456, stack(0x00000000163c0000,0x00000000164c0000)]
  0x0000000014f69800 JavaThread "Signal Dispatcher" daemon [_thread_blocked, id=12812, stack(0x00000000162c0000,0x00000000163c0000)]
  0x0000000002898000 JavaThread "Finalizer" daemon [_thread_blocked, id=9836, stack(0x00000000161c0000,0x00000000162c0000)]
  0x000000000288f000 JavaThread "Reference Handler" daemon [_thread_blocked, id=13760, stack(0x00000000160c0000,0x00000000161c0000)]
  0x0000000000b7d800 JavaThread "main" [_thread_blocked, id=8260, stack(0x0000000002630000,0x0000000002730000)]

Other Threads:
  0x0000000014f35800 VMThread [stack: 0x0000000015fc0000,0x00000000160c0000] [id=5688]
  0x00000000167f6800 WatcherThread [stack: 0x0000000016cc0000,0x0000000016dc0000] [id=8660]

VM state:not at safepoint (normal execution)

VM Mutex/Monitor currently owned by a thread: None

Heap:
 PSYoungGen      total 138240K, used 58418K [0x00000000eab00000, 0x00000000fe200000, 0x0000000100000000)
  eden space 133120K, 40% used [0x00000000eab00000,0x00000000edf100d8,0x00000000f2d00000)
  from space 5120K, 99% used [0x00000000f2d00000,0x00000000f31fcaa0,0x00000000f3200000)
  to   space 26112K, 0% used [0x00000000fc880000,0x00000000fc880000,0x00000000fe200000)
 ParOldGen       total 87552K, used 42352K [0x00000000c0000000, 0x00000000c5580000, 0x00000000eab00000)
  object space 87552K, 48% used [0x00000000c0000000,0x00000000c295c2f8,0x00000000c5580000)
 Metaspace       used 6943K, capacity 7672K, committed 7936K, reserved 1056768K
  class space    used 637K, capacity 688K, committed 768K, reserved 1048576K

Card table byte_map: [0x0000000011c60000,0x0000000011e70000] byte_map_base: 0x0000000011660000

Marking Bits: (ParMarkBitMap*) 0x000000006bcdb460
 Begin Bits: [0x00000000123d0000, 0x00000000133d0000)
 End Bits:   [0x00000000133d0000, 0x00000000143d0000)

Polling page: 0x0000000000b20000

CodeCache: size=245760Kb used=9483Kb max_used=9502Kb free=236276Kb
 bounds [0x00000000028a0000, 0x0000000003200000, 0x00000000118a0000]
 total_blobs=2741 nmethods=2475 adapters=179
 compilation: enabled

Compilation events (10 events):
Event: 4.939 Thread 0x0000000014f8f800 2248       2       com.android.dx.dex.code.form.Form23x::isCompatible (68 bytes)
Event: 4.939 Thread 0x0000000014f8f800 nmethod 2248 0x00000000031070d0 code [0x0000000003107260, 0x0000000003107588]
Event: 4.940 Thread 0x0000000014f8f800 2250       2       com.android.dx.dex.code.form.Form35c::compatibleRegs (69 bytes)
Event: 4.941 Thread 0x0000000014f8f800 nmethod 2250 0x0000000003107810 code [0x00000000031079c0, 0x0000000003107d38]
Event: 4.941 Thread 0x0000000014f8f800 2252       2       com.android.dx.rop.code.RegisterSpecList::subset (85 bytes)
Event: 4.942 Thread 0x0000000014f8f800 nmethod 2252 0x0000000003108110 code [0x0000000003108300, 0x0000000003108a08]
Event: 4.942 Thread 0x0000000014f8f800 2251       2       com.android.dx.dex.code.DalvInsn::expandedPrefix (64 bytes)
Event: 4.942 Thread 0x0000000014f8f800 nmethod 2251 0x00000000031091d0 code [0x00000000031093a0, 0x00000000031097c8]
Event: 4.946 Thread 0x0000000014f8f800 2253       1       com.android.dx.dex.code.form.Form11x::codeSize (2 bytes)
Event: 4.946 Thread 0x0000000014f8f800 nmethod 2253 0x0000000003109b90 code [0x0000000003109ce0, 0x0000000003109df0]

GC Heap History (10 events):
Event: 0.985 GC heap before
{Heap before GC invocations=1 (full 0):
 PSYoungGen      total 38400K, used 33280K [0x00000000eab00000, 0x00000000ed580000, 0x0000000100000000)
  eden space 33280K, 100% used [0x00000000eab00000,0x00000000ecb80000,0x00000000ecb80000)
  from space 5120K, 0% used [0x00000000ed080000,0x00000000ed080000,0x00000000ed580000)
  to   space 5120K, 0% used [0x00000000ecb80000,0x00000000ecb80000,0x00000000ed080000)
 ParOldGen       total 87552K, used 0K [0x00000000c0000000, 0x00000000c5580000, 0x00000000eab00000)
  object space 87552K, 0% used [0x00000000c0000000,0x00000000c0000000,0x00000000c5580000)
 Metaspace       used 5934K, capacity 6896K, committed 7040K, reserved 1056768K
  class space    used 591K, capacity 616K, committed 640K, reserved 1048576K
Event: 1.004 GC heap after
Heap after GC invocations=1 (full 0):
 PSYoungGen      total 38400K, used 5093K [0x00000000eab00000, 0x00000000ef600000, 0x0000000100000000)
  eden space 33280K, 0% used [0x00000000eab00000,0x00000000eab00000,0x00000000ecb80000)
  from space 5120K, 99% used [0x00000000ecb80000,0x00000000ed0795e8,0x00000000ed080000)
  to   space 5120K, 0% used [0x00000000ef100000,0x00000000ef100000,0x00000000ef600000)
 ParOldGen       total 87552K, used 750K [0x00000000c0000000, 0x00000000c5580000, 0x00000000eab00000)
  object space 87552K, 0% used [0x00000000c0000000,0x00000000c00bb8e8,0x00000000c5580000)
 Metaspace       used 5934K, capacity 6896K, committed 7040K, reserved 1056768K
  class space    used 591K, capacity 616K, committed 640K, reserved 1048576K
}
Event: 1.453 GC heap before
{Heap before GC invocations=2 (full 0):
 PSYoungGen      total 38400K, used 38373K [0x00000000eab00000, 0x00000000ef600000, 0x0000000100000000)
  eden space 33280K, 100% used [0x00000000eab00000,0x00000000ecb80000,0x00000000ecb80000)
  from space 5120K, 99% used [0x00000000ecb80000,0x00000000ed0795e8,0x00000000ed080000)
  to   space 5120K, 0% used [0x00000000ef100000,0x00000000ef100000,0x00000000ef600000)
 ParOldGen       total 87552K, used 750K [0x00000000c0000000, 0x00000000c5580000, 0x00000000eab00000)
  object space 87552K, 0% used [0x00000000c0000000,0x00000000c00bb8e8,0x00000000c5580000)
 Metaspace       used 6125K, capacity 7024K, committed 7296K, reserved 1056768K
  class space    used 592K, capacity 616K, committed 640K, reserved 1048576K
Event: 1.475 GC heap after
Heap after GC invocations=2 (full 0):
 PSYoungGen      total 71680K, used 5115K [0x00000000eab00000, 0x00000000ef600000, 0x0000000100000000)
  eden space 66560K, 0% used [0x00000000eab00000,0x00000000eab00000,0x00000000eec00000)
  from space 5120K, 99% used [0x00000000ef100000,0x00000000ef5fecf0,0x00000000ef600000)
  to   space 5120K, 0% used [0x00000000eec00000,0x00000000eec00000,0x00000000ef100000)
 ParOldGen       total 87552K, used 4362K [0x00000000c0000000, 0x00000000c5580000, 0x00000000eab00000)
  object space 87552K, 4% used [0x00000000c0000000,0x00000000c0442b58,0x00000000c5580000)
 Metaspace       used 6125K, capacity 7024K, committed 7296K, reserved 1056768K
  class space    used 592K, capacity 616K, committed 640K, reserved 1048576K
}
Event: 1.989 GC heap before
{Heap before GC invocations=3 (full 0):
 PSYoungGen      total 71680K, used 71675K [0x00000000eab00000, 0x00000000ef600000, 0x0000000100000000)
  eden space 66560K, 100% used [0x00000000eab00000,0x00000000eec00000,0x00000000eec00000)
  from space 5120K, 99% used [0x00000000ef100000,0x00000000ef5fecf0,0x00000000ef600000)
  to   space 5120K, 0% used [0x00000000eec00000,0x00000000eec00000,0x00000000ef100000)
 ParOldGen       total 87552K, used 4362K [0x00000000c0000000, 0x00000000c5580000, 0x00000000eab00000)
  object space 87552K, 4% used [0x00000000c0000000,0x00000000c0442b58,0x00000000c5580000)
 Metaspace       used 6223K, capacity 7152K, committed 7296K, reserved 1056768K
  class space    used 592K, capacity 616K, committed 640K, reserved 1048576K
Event: 2.010 GC heap after
Heap after GC invocations=3 (full 0):
 PSYoungGen      total 71680K, used 5112K [0x00000000eab00000, 0x00000000f3700000, 0x0000000100000000)
  eden space 66560K, 0% used [0x00000000eab00000,0x00000000eab00000,0x00000000eec00000)
  from space 5120K, 99% used [0x00000000eec00000,0x00000000ef0fe008,0x00000000ef100000)
  to   space 5120K, 0% used [0x00000000f3200000,0x00000000f3200000,0x00000000f3700000)
 ParOldGen       total 87552K, used 13925K [0x00000000c0000000, 0x00000000c5580000, 0x00000000eab00000)
  object space 87552K, 15% used [0x00000000c0000000,0x00000000c0d995e8,0x00000000c5580000)
 Metaspace       used 6223K, capacity 7152K, committed 7296K, reserved 1056768K
  class space    used 592K, capacity 616K, committed 640K, reserved 1048576K
}
Event: 2.436 GC heap before
{Heap before GC invocations=4 (full 0):
 PSYoungGen      total 71680K, used 71672K [0x00000000eab00000, 0x00000000f3700000, 0x0000000100000000)
  eden space 66560K, 100% used [0x00000000eab00000,0x00000000eec00000,0x00000000eec00000)
  from space 5120K, 99% used [0x00000000eec00000,0x00000000ef0fe008,0x00000000ef100000)
  to   space 5120K, 0% used [0x00000000f3200000,0x00000000f3200000,0x00000000f3700000)
 ParOldGen       total 87552K, used 13925K [0x00000000c0000000, 0x00000000c5580000, 0x00000000eab00000)
  object space 87552K, 15% used [0x00000000c0000000,0x00000000c0d995e8,0x00000000c5580000)
 Metaspace       used 6350K, capacity 7192K, committed 7424K, reserved 1056768K
  class space    used 612K, capacity 656K, committed 768K, reserved 1048576K
Event: 2.473 GC heap after
Heap after GC invocations=4 (full 0):
 PSYoungGen      total 138240K, used 5112K [0x00000000eab00000, 0x00000000f3700000, 0x0000000100000000)
  eden space 133120K, 0% used [0x00000000eab00000,0x00000000eab00000,0x00000000f2d00000)
  from space 5120K, 99% used [0x00000000f3200000,0x00000000f36fe218,0x00000000f3700000)
  to   space 5120K, 0% used [0x00000000f2d00000,0x00000000f2d00000,0x00000000f3200000)
 ParOldGen       total 87552K, used 23709K [0x00000000c0000000, 0x00000000c5580000, 0x00000000eab00000)
  object space 87552K, 27% used [0x00000000c0000000,0x00000000c17274c8,0x00000000c5580000)
 Metaspace       used 6350K, capacity 7192K, committed 7424K, reserved 1056768K
  class space    used 612K, capacity 656K, committed 768K, reserved 1048576K
}
Event: 3.413 GC heap before
{Heap before GC invocations=5 (full 0):
 PSYoungGen      total 138240K, used 138232K [0x00000000eab00000, 0x00000000f3700000, 0x0000000100000000)
  eden space 133120K, 100% used [0x00000000eab00000,0x00000000f2d00000,0x00000000f2d00000)
  from space 5120K, 99% used [0x00000000f3200000,0x00000000f36fe218,0x00000000f3700000)
  to   space 5120K, 0% used [0x00000000f2d00000,0x00000000f2d00000,0x00000000f3200000)
 ParOldGen       total 87552K, used 23709K [0x00000000c0000000, 0x00000000c5580000, 0x00000000eab00000)
  object space 87552K, 27% used [0x00000000c0000000,0x00000000c17274c8,0x00000000c5580000)
 Metaspace       used 6406K, capacity 7256K, committed 7424K, reserved 1056768K
  class space    used 612K, capacity 656K, committed 768K, reserved 1048576K
Event: 3.463 GC heap after
Heap after GC invocations=5 (full 0):
 PSYoungGen      total 138240K, used 5106K [0x00000000eab00000, 0x00000000fe200000, 0x0000000100000000)
  eden space 133120K, 0% used [0x00000000eab00000,0x00000000eab00000,0x00000000f2d00000)
  from space 5120K, 99% used [0x00000000f2d00000,0x00000000f31fcaa0,0x00000000f3200000)
  to   space 26112K, 0% used [0x00000000fc880000,0x00000000fc880000,0x00000000fe200000)
 ParOldGen       total 87552K, used 42352K [0x00000000c0000000, 0x00000000c5580000, 0x00000000eab00000)
  object space 87552K, 48% used [0x00000000c0000000,0x00000000c295c2f8,0x00000000c5580000)
 Metaspace       used 6406K, capacity 7256K, committed 7424K, reserved 1056768K
  class space    used 612K, capacity 656K, committed 768K, reserved 1048576K
}

Deoptimization events (10 events):
Event: 3.991 Thread 0x0000000016ad6000 Uncommon trap: reason=class_check action=maybe_recompile pc=0x0000000002f14f20 method=java.util.Arrays.hashCode([Ljava/lang/Object;)I @ 43
Event: 3.992 Thread 0x0000000016ad6000 Uncommon trap: reason=class_check action=maybe_recompile pc=0x0000000002d69600 method=java.util.Arrays.hashCode([Ljava/lang/Object;)I @ 43
Event: 4.551 Thread 0x0000000016ad6000 Uncommon trap: reason=speculate_class_check action=maybe_recompile pc=0x0000000002ba9db8 method=com.android.dx.util.FixedSizeList.equals(Ljava/lang/Object;)Z @ 25
Event: 4.617 Thread 0x0000000016ad6000 Uncommon trap: reason=speculate_class_check action=maybe_recompile pc=0x0000000002ba9db8 method=com.android.dx.util.FixedSizeList.equals(Ljava/lang/Object;)Z @ 25
Event: 4.617 Thread 0x0000000016ad6000 Uncommon trap: reason=class_check action=maybe_recompile pc=0x0000000002ba819c method=java.util.Arrays.equals([Ljava/lang/Object;[Ljava/lang/Object;)Z @ 62
Event: 4.617 Thread 0x0000000016ad6000 Uncommon trap: reason=speculate_class_check action=maybe_recompile pc=0x0000000002ba9db8 method=com.android.dx.util.FixedSizeList.equals(Ljava/lang/Object;)Z @ 25
Event: 4.617 Thread 0x0000000016ad6000 Uncommon trap: reason=class_check action=maybe_recompile pc=0x0000000002ba819c method=java.util.Arrays.equals([Ljava/lang/Object;[Ljava/lang/Object;)Z @ 62
Event: 4.617 Thread 0x0000000016ad6000 Uncommon trap: reason=speculate_class_check action=maybe_recompile pc=0x0000000002ba9db8 method=com.android.dx.util.FixedSizeList.equals(Ljava/lang/Object;)Z @ 25
Event: 4.617 Thread 0x0000000016ad6000 Uncommon trap: reason=class_check action=maybe_recompile pc=0x0000000002ba819c method=java.util.Arrays.equals([Ljava/lang/Object;[Ljava/lang/Object;)Z @ 62
Event: 4.617 Thread 0x0000000016ad6000 Uncommon trap: reason=class_check action=maybe_recompile pc=0x0000000002ba819c method=java.util.Arrays.equals([Ljava/lang/Object;[Ljava/lang/Object;)Z @ 62

Internal exceptions (10 events):
Event: 4.531 Thread 0x0000000016ad6000 Exception <a 'java/security/PrivilegedActionException'> (0x00000000ece3f2e0) thrown at [D:\re\workspace\8-2-build-windows-amd64-cygwin\jdk8u20\1074\hotspot\src\share\vm\prims\jvm.cpp, line 1275]
Event: 4.533 Thread 0x0000000016ad6000 Exception <a 'java/security/PrivilegedActionException'> (0x00000000ece445b8) thrown at [D:\re\workspace\8-2-build-windows-amd64-cygwin\jdk8u20\1074\hotspot\src\share\vm\prims\jvm.cpp, line 1275]
Event: 4.534 Thread 0x0000000016ad6000 Exception <a 'java/security/PrivilegedActionException'> (0x00000000ece4ac08) thrown at [D:\re\workspace\8-2-build-windows-amd64-cygwin\jdk8u20\1074\hotspot\src\share\vm\prims\jvm.cpp, line 1275]
Event: 4.535 Thread 0x0000000016ad6000 Exception <a 'java/security/PrivilegedActionException'> (0x00000000ece4dc18) thrown at [D:\re\workspace\8-2-build-windows-amd64-cygwin\jdk8u20\1074\hotspot\src\share\vm\prims\jvm.cpp, line 1275]
Event: 4.536 Thread 0x0000000016ad6000 Exception <a 'java/security/PrivilegedActionException'> (0x00000000ece52b18) thrown at [D:\re\workspace\8-2-build-windows-amd64-cygwin\jdk8u20\1074\hotspot\src\share\vm\prims\jvm.cpp, line 1275]
Event: 4.536 Thread 0x0000000016ad6000 Exception <a 'java/security/PrivilegedActionException'> (0x00000000ece57278) thrown at [D:\re\workspace\8-2-build-windows-amd64-cygwin\jdk8u20\1074\hotspot\src\share\vm\prims\jvm.cpp, line 1275]
Event: 4.550 Thread 0x0000000016ad6000 Exception <a 'java/security/PrivilegedActionException'> (0x00000000ece6b5a8) thrown at [D:\re\workspace\8-2-build-windows-amd64-cygwin\jdk8u20\1074\hotspot\src\share\vm\prims\jvm.cpp, line 1275]
Event: 4.551 Thread 0x0000000016ad6000 Exception <a 'java/security/PrivilegedActionException'> (0x00000000ece6e618) thrown at [D:\re\workspace\8-2-build-windows-amd64-cygwin\jdk8u20\1074\hotspot\src\share\vm\prims\jvm.cpp, line 1275]
Event: 4.551 Thread 0x0000000016ad6000 Exception <a 'java/security/PrivilegedActionException'> (0x00000000ece71858) thrown at [D:\re\workspace\8-2-build-windows-amd64-cygwin\jdk8u20\1074\hotspot\src\share\vm\prims\jvm.cpp, line 1275]
Event: 4.627 Thread 0x0000000016ad6000 Exception <a 'java/security/PrivilegedActionException'> (0x00000000eceb7f78) thrown at [D:\re\workspace\8-2-build-windows-amd64-cygwin\jdk8u20\1074\hotspot\src\share\vm\prims\jvm.cpp, line 1275]

Events (10 events):
Event: 4.771 Thread 0x0000000016ad6000 DEOPT PACKING pc=0x000000000308416d sp=0x0000000018ccea10
Event: 4.771 Thread 0x0000000016ad6000 DEOPT UNPACKING pc=0x00000000028e75bf sp=0x0000000018cce760 mode 0
Event: 4.771 Thread 0x0000000016ad6000 DEOPT PACKING pc=0x00000000030887a1 sp=0x0000000018cce930
Event: 4.771 Thread 0x0000000016ad6000 DEOPT UNPACKING pc=0x00000000028e75bf sp=0x0000000018cce6f8 mode 0
Event: 4.773 Thread 0x0000000016ad6000 DEOPT PACKING pc=0x0000000003081601 sp=0x0000000018cce960
Event: 4.773 Thread 0x0000000016ad6000 DEOPT UNPACKING pc=0x00000000028e75bf sp=0x0000000018cce6e8 mode 0
Event: 4.929 Thread 0x0000000016ad6000 DEOPT PACKING pc=0x0000000003074200 sp=0x0000000018cce870
Event: 4.929 Thread 0x0000000016ad6000 DEOPT UNPACKING pc=0x00000000028e75bf sp=0x0000000018cce598 mode 0
Event: 4.931 Thread 0x0000000016ad6000 DEOPT PACKING pc=0x000000000308d922 sp=0x0000000018cce800
Event: 4.931 Thread 0x0000000016ad6000 DEOPT UNPACKING pc=0x00000000028e75bf sp=0x0000000018cce580 mode 0


Dynamic libraries:
0x00007ff70ba90000 - 0x00007ff70bac4000 	C:\Program Files\Java\jdk1.8.0_20\bin\java.exe
0x00007ffdc0880000 - 0x00007ffdc0a51000 	C:\WINDOWS\SYSTEM32\ntdll.dll
0x00007ffdc00b0000 - 0x00007ffdc015b000 	C:\WINDOWS\System32\KERNEL32.DLL
0x00007ffdbdbf0000 - 0x00007ffdbde0d000 	C:\WINDOWS\System32\KERNELBASE.dll
0x00007ffdc0000000 - 0x00007ffdc00a2000 	C:\WINDOWS\System32\ADVAPI32.dll
0x00007ffdbe610000 - 0x00007ffdbe6ae000 	C:\WINDOWS\System32\msvcrt.dll
0x00007ffdbe3f0000 - 0x00007ffdbe449000 	C:\WINDOWS\System32\sechost.dll
0x00007ffdbe8b0000 - 0x00007ffdbe9d1000 	C:\WINDOWS\System32\RPCRT4.dll
0x00007ffdbe240000 - 0x00007ffdbe3a5000 	C:\WINDOWS\System32\USER32.dll
0x00007ffdbd7e0000 - 0x00007ffdbd7fe000 	C:\WINDOWS\System32\win32u.dll
0x00007ffdbe3b0000 - 0x00007ffdbe3e4000 	C:\WINDOWS\System32\GDI32.dll
0x00007ffdbd800000 - 0x00007ffdbd982000 	C:\WINDOWS\System32\gdi32full.dll
0x00007ffdb34b0000 - 0x00007ffdb3729000 	C:\WINDOWS\WinSxS\amd64_microsoft.windows.common-controls_6595b64144ccf1df_6.0.14393.0_none_2d0f50fcbdb171b8\COMCTL32.dll
0x00007ffdc01d0000 - 0x00007ffdc0497000 	C:\WINDOWS\System32\combase.dll
0x00007ffdbda40000 - 0x00007ffdbdb35000 	C:\WINDOWS\System32\ucrtbase.dll
0x00007ffdbcd70000 - 0x00007ffdbcdda000 	C:\WINDOWS\System32\bcryptPrimitives.dll
0x00007ffdbe880000 - 0x00007ffdbe8ae000 	C:\WINDOWS\System32\IMM32.DLL
0x000000006c540000 - 0x000000006c612000 	C:\Program Files\Java\jdk1.8.0_20\jre\bin\msvcr100.dll
0x000000006b500000 - 0x000000006bd58000 	C:\Program Files\Java\jdk1.8.0_20\jre\bin\server\jvm.dll
0x00007ffdbe6b0000 - 0x00007ffdbe6b8000 	C:\WINDOWS\System32\PSAPI.DLL
0x00007ffdbab20000 - 0x00007ffdbab29000 	C:\WINDOWS\SYSTEM32\WSOCK32.dll
0x00007ffdc0160000 - 0x00007ffdc01ca000 	C:\WINDOWS\System32\WS2_32.dll
0x00007ffdbabe0000 - 0x00007ffdbac03000 	C:\WINDOWS\SYSTEM32\WINMM.dll
0x00007ffdba9a0000 - 0x00007ffdba9cb000 	C:\WINDOWS\SYSTEM32\WINMMBASE.dll
0x00007ffdbdba0000 - 0x00007ffdbdbe2000 	C:\WINDOWS\System32\cfgmgr32.dll
0x000000006c530000 - 0x000000006c53f000 	C:\Program Files\Java\jdk1.8.0_20\jre\bin\verify.dll
0x000000006c500000 - 0x000000006c528000 	C:\Program Files\Java\jdk1.8.0_20\jre\bin\java.dll
0x000000006c4e0000 - 0x000000006c4f6000 	C:\Program Files\Java\jdk1.8.0_20\jre\bin\zip.dll
0x00007ffdbe9e0000 - 0x00007ffdbfee8000 	C:\WINDOWS\System32\SHELL32.dll
0x00007ffdbcde0000 - 0x00007ffdbd4ba000 	C:\WINDOWS\System32\windows.storage.dll
0x00007ffdbcce0000 - 0x00007ffdbcd2c000 	C:\WINDOWS\System32\powrprof.dll
0x00007ffdc0660000 - 0x00007ffdc06b2000 	C:\WINDOWS\System32\shlwapi.dll
0x00007ffdbcd30000 - 0x00007ffdbcd3f000 	C:\WINDOWS\System32\kernel.appcore.dll
0x00007ffdbd4c0000 - 0x00007ffdbd569000 	C:\WINDOWS\System32\shcore.dll
0x00007ffdbcd40000 - 0x00007ffdbcd54000 	C:\WINDOWS\System32\profapi.dll
0x00007ffdaeef0000 - 0x00007ffdaf082000 	C:\WINDOWS\SYSTEM32\dbghelp.dll

VM Arguments:
jvm_args: -Djava.awt.headless=true -Xmx1024M -Dfile.encoding=windows-1252 -Duser.country=US -Duser.language=en -Duser.variant 
java_command: com.android.dx.command.Main --dex --force-jumbo --num-threads=4 --multi-dex --output C:\Users\Jadon\WorkSpace3Y\SoftwareDesign\FindMeTutor\FindMeTutor\app\build\intermediates\transforms\dex\debug\folders\1000\10\com.android.support-appcompat-v7-24.2.0_b45c1e45a9bd7a0e6d0057ece427dbb75ec5d418 C:\Users\Jadon\WorkSpace3Y\SoftwareDesign\FindMeTutor\FindMeTutor\app\build\intermediates\exploded-aar\com.android.support\appcompat-v7\24.2.0\jars\classes.jar
java_class_path (initial): C:\Users\Jadon\AppData\Local\Android\sdk\build-tools\24.0.1\lib\dx.jar
Launcher Type: SUN_STANDARD

Environment Variables:
PATH=C:\ProgramData\Oracle\Java\javapath;C:\Program Files (x86)\AMD APP\bin\x86_64;C:\Program Files (x86)\AMD APP\bin\x86;C:\Program Files (x86)\Intel\iCLS Client\;C:\Program Files\Intel\iCLS Client\;C:\WINDOWS\system32;C:\WINDOWS;C:\WINDOWS\System32\Wbem;C:\WINDOWS\System32\WindowsPowerShell\v1.0\;C:\Program Files\Intel\WiFi\bin\;C:\Program Files\Common Files\Intel\WirelessCommon\;C:\Program Files\Intel\Intel(R) Management Engine Components\DAL;C:\Program Files\Intel\Intel(R) Management Engine Components\IPT;C:\Program Files (x86)\Intel\Intel(R) Management Engine Components\DAL;C:\Program Files (x86)\Intel\Intel(R) Management Engine Components\IPT;C:\Program Files (x86)\ATI Technologies\ATI.ACE\Core-Static;C:\Program Files (x86)\Intel\OpenCL SDK\2.0\bin\x86;C:\Program Files (x86)\Intel\OpenCL SDK\2.0\bin\x64;C:\Program Files (x86)\QuickTime\QTSystem\;C:\Program Files\MATLAB\R2013b\runtime\win64;C:\Program Files\MATLAB\R2013b\bin;C:\WINDOWS\system32\config\systemprofile\.dnx\bin;C:\Program Files\Microsoft DNX\Dnvm\;C:\Program Files\Microsoft SQL Server\130\Tools\Binn\;C:\Program Files (x86)\Windows Kits\8.1\Windows Performance Toolkit\;C:\Program Files\MiKTeX 2.9\miktex\bin\x64\;C:\Program Files (x86)\MiKTeX 2.9\miktex\bin\;C:\Program Files (x86)\Graphviz2.38\bin;C:\Program Files\doxygen\bin;C:\Program Files\Git\cmd;C:\Program Files (x86)\OpenVPN\bin;C:\Users\Jadon\AppData\Local\Programs\Python\Python35\Scripts\;C:\Users\Jadon\AppData\Local\Programs\Python\Python35\;C:\Program Files\Intel\WiFi\bin\;C:\Program Files\Common Files\Intel\WirelessCommon\;%USERPROFILE%\AppData\Local\Microsoft\WindowsApps;
USERNAME=Jadon
OS=Windows_NT
PROCESSOR_IDENTIFIER=Intel64 Family 6 Model 58 Stepping 9, GenuineIntel



---------------  S Y S T E M  ---------------

OS: Windows 8.1 , 64 bit Build 9600 

CPU:total 4 (2 cores per cpu, 2 threads per core) family 6 model 58 stepping 9, cmov, cx8, fxsr, mmx, sse, sse2, sse3, ssse3, sse4.1, sse4.2, popcnt, avx, aes, clmul, erms, ht, tsc, tscinvbit, tscinv

Memory: 4k page, physical 8267032k(1212312k free), swap 10217752k(12380k free)

vm_info: Java HotSpot(TM) 64-Bit Server VM (25.20-b23) for windows-amd64 JRE (1.8.0_20-b26), built on Jul 30 2014 13:51:23 by "java_re" with MS VC++ 10.0 (VS2010)

time: Sun Sep 25 22:23:50 2016
elapsed time: 5 seconds (0d 0h 0m 5s)

