#
# There is insufficient memory for the Java Runtime Environment to continue.
# Native memory allocation (malloc) failed to allocate 39168 bytes for Chunk::new
# Possible reasons:
#   The system is out of physical RAM or swap space
#   In 32 bit mode, the process size limit was hit
# Possible solutions:
#   Reduce memory load on the system
#   Increase physical memory or swap space
#   Check if swap backing store is full
#   Use 64 bit Java on a 64 bit OS
#   Decrease Java heap size (-Xmx/-Xms)
#   Decrease number of Java threads
#   Decrease Java thread stack sizes (-Xss)
#   Set larger code cache with -XX:ReservedCodeCacheSize=
# This output file may be truncated or incomplete.
#
#  Out of Memory Error (allocation.cpp:390), pid=5312, tid=5556
#
# JRE version: Java(TM) SE Runtime Environment (8.0_20-b26) (build 1.8.0_20-b26)
# Java VM: Java HotSpot(TM) 64-Bit Server VM (25.20-b23 mixed mode windows-amd64 compressed oops)
# Failed to write core dump. Minidumps are not enabled by default on client versions of Windows
#

---------------  T H R E A D  ---------------

Current thread (0x0000000014da1800):  JavaThread "C2 CompilerThread1" daemon [_thread_in_native, id=5556, stack(0x00000000163a0000,0x00000000164a0000)]

Stack: [0x00000000163a0000,0x00000000164a0000]
Native frames: (J=compiled Java code, j=interpreted, Vv=VM code, C=native code)
V  [jvm.dll+0x3152fa]
V  [jvm.dll+0x265d03]
V  [jvm.dll+0x266943]
V  [jvm.dll+0x25e265]
V  [jvm.dll+0xbe255]
V  [jvm.dll+0xbe6fc]
V  [jvm.dll+0x49d728]
V  [jvm.dll+0x4512bf]
V  [jvm.dll+0x452634]
V  [jvm.dll+0x435fc2]
V  [jvm.dll+0x97b62]
V  [jvm.dll+0x98353]
V  [jvm.dll+0x22aac4]
V  [jvm.dll+0x283f5a]
C  [msvcr100.dll+0x21d9f]
C  [msvcr100.dll+0x21e3b]
C  [KERNEL32.DLL+0x18102]
C  [ntdll.dll+0x5c5b4]


Current CompileTask:
C2:   5771 1293       4       com.android.dx.ssa.back.LivenessAnalyzer::run (231 bytes)


---------------  P R O C E S S  ---------------

Java Threads: ( => current thread )
  0x00000000169ef000 JavaThread "pool-1-thread-4" [_thread_blocked, id=12040, stack(0x0000000016fa0000,0x00000000170a0000)]
  0x00000000169ee800 JavaThread "pool-1-thread-3" [_thread_blocked, id=9500, stack(0x0000000016ea0000,0x0000000016fa0000)]
  0x00000000169ed800 JavaThread "pool-1-thread-2" [_thread_blocked, id=6512, stack(0x0000000016da0000,0x0000000016ea0000)]
  0x0000000016a1e800 JavaThread "pool-2-thread-1" [_thread_blocked, id=12948, stack(0x0000000016ca0000,0x0000000016da0000)]
  0x0000000016a19000 JavaThread "pool-1-thread-1" [_thread_blocked, id=10324, stack(0x0000000016ba0000,0x0000000016ca0000)]
  0x0000000014dab800 JavaThread "Service Thread" daemon [_thread_blocked, id=10048, stack(0x00000000165a0000,0x00000000166a0000)]
  0x0000000014da4000 JavaThread "C1 CompilerThread2" daemon [_thread_in_native, id=11408, stack(0x00000000164a0000,0x00000000165a0000)]
=>0x0000000014da1800 JavaThread "C2 CompilerThread1" daemon [_thread_in_native, id=5556, stack(0x00000000163a0000,0x00000000164a0000)]
  0x0000000014d4c800 JavaThread "C2 CompilerThread0" daemon [_thread_in_native, id=2416, stack(0x00000000162a0000,0x00000000163a0000)]
  0x0000000014d4b000 JavaThread "Attach Listener" daemon [_thread_blocked, id=12016, stack(0x00000000161a0000,0x00000000162a0000)]
  0x0000000014d4a000 JavaThread "Signal Dispatcher" daemon [_thread_blocked, id=10020, stack(0x00000000160a0000,0x00000000161a0000)]
  0x000000000266f000 JavaThread "Finalizer" daemon [_thread_blocked, id=8208, stack(0x0000000015fa0000,0x00000000160a0000)]
  0x0000000014d18000 JavaThread "Reference Handler" daemon [_thread_blocked, id=1056, stack(0x0000000015ea0000,0x0000000015fa0000)]
  0x0000000000b9d800 JavaThread "main" [_thread_blocked, id=3064, stack(0x0000000002310000,0x0000000002410000)]

Other Threads:
  0x0000000014d16000 VMThread [stack: 0x0000000015da0000,0x0000000015ea0000] [id=10424]
  0x0000000014dae000 WatcherThread [stack: 0x00000000166a0000,0x00000000167a0000] [id=10168]

VM state:at safepoint (normal execution)

VM Mutex/Monitor currently owned by a thread:  ([mutex/lock_event])
[0x0000000000b9d250] Threads_lock - owner thread: 0x0000000014d16000
[0x0000000000b9c7d0] Heap_lock - owner thread: 0x00000000169ee800

Heap:
 PSYoungGen      total 38400K, used 38369K [0x00000000eab00000, 0x00000000ed580000, 0x0000000100000000)
  eden space 33280K, 100% used [0x00000000eab00000,0x00000000ecb80000,0x00000000ecb80000)
  from space 5120K, 99% used [0x00000000ecb80000,0x00000000ed078460,0x00000000ed080000)
  to   space 5120K, 99% used [0x00000000ed080000,0x00000000ed578048,0x00000000ed580000)
 ParOldGen       total 87552K, used 3573K [0x00000000c0000000, 0x00000000c5580000, 0x00000000eab00000)
  object space 87552K, 4% used [0x00000000c0000000,0x00000000c037d6e0,0x00000000c5580000)
 Metaspace       used 6027K, capacity 6960K, committed 7040K, reserved 1056768K
  class space    used 591K, capacity 616K, committed 640K, reserved 1048576K

Card table byte_map: [0x0000000011a40000,0x0000000011c50000] byte_map_base: 0x0000000011440000

Marking Bits: (ParMarkBitMap*) 0x0000000050f9b460
 Begin Bits: [0x00000000121b0000, 0x00000000131b0000)
 End Bits:   [0x00000000131b0000, 0x00000000141b0000)

Polling page: 0x0000000000b50000

CodeCache: size=245760Kb used=5173Kb max_used=5173Kb free=240586Kb
 bounds [0x0000000002680000, 0x0000000002ba0000, 0x0000000011680000]
 total_blobs=1580 nmethods=1316 adapters=178
 compilation: enabled

Compilation events (10 events):
Event: 5.184 Thread 0x0000000014da4000 nmethod 1308 0x0000000002b85410 code [0x0000000002b855a0, 0x0000000002b859e8]
Event: 5.186 Thread 0x0000000014da4000 1310       3       com.android.dx.ssa.back.FirstFitLocalCombiningAllocator::handleLocalAssociatedParams (132 bytes)
Event: 5.187 Thread 0x0000000014da4000 nmethod 1310 0x0000000002b85b90 code [0x0000000002b85e20, 0x0000000002b86d68]
Event: 5.187 Thread 0x0000000014da4000 1311       3       com.android.dx.ssa.SsaBasicBlock::addMoveToEnd (172 bytes)
Event: 5.190 Thread 0x0000000014da4000 nmethod 1311 0x0000000002b87610 code [0x0000000002b87980, 0x0000000002b89808]
Event: 5.190 Thread 0x0000000014da4000 1312       3       java.io.DataInputStream::<init> (30 bytes)
Event: 5.190 Thread 0x0000000014da4000 nmethod 1312 0x0000000002b8ac50 code [0x0000000002b8adc0, 0x0000000002b8b210]
Event: 5.190 Thread 0x0000000014da4000 1313       3       com.android.dx.util.ByteArray::makeDataInputStream (12 bytes)
Event: 5.191 Thread 0x0000000014da4000 nmethod 1313 0x0000000002b8b390 code [0x0000000002b8b540, 0x0000000002b8bd30]
Event: 5.191 Thread 0x0000000014da4000 1315       3       com.android.dx.cf.code.Simulator$SimVisitor::visitBranch (341 bytes)

GC Heap History (2 events):
Event: 5.085 GC heap before
{Heap before GC invocations=1 (full 0):
 PSYoungGen      total 38400K, used 33280K [0x00000000eab00000, 0x00000000ed580000, 0x0000000100000000)
  eden space 33280K, 100% used [0x00000000eab00000,0x00000000ecb80000,0x00000000ecb80000)
  from space 5120K, 0% used [0x00000000ed080000,0x00000000ed080000,0x00000000ed580000)
  to   space 5120K, 0% used [0x00000000ecb80000,0x00000000ecb80000,0x00000000ed080000)
 ParOldGen       total 87552K, used 0K [0x00000000c0000000, 0x00000000c5580000, 0x00000000eab00000)
  object space 87552K, 0% used [0x00000000c0000000,0x00000000c0000000,0x00000000c5580000)
 Metaspace       used 5958K, capacity 6896K, committed 7040K, reserved 1056768K
  class space    used 589K, capacity 616K, committed 640K, reserved 1048576K
Event: 5.122 GC heap after
Heap after GC invocations=1 (full 0):
 PSYoungGen      total 38400K, used 5089K [0x00000000eab00000, 0x00000000ed580000, 0x0000000100000000)
  eden space 33280K, 0% used [0x00000000eab00000,0x00000000eab00000,0x00000000ecb80000)
  from space 5120K, 99% used [0x00000000ecb80000,0x00000000ed078460,0x00000000ed080000)
  to   space 5120K, 0% used [0x00000000ed080000,0x00000000ed080000,0x00000000ed580000)
 ParOldGen       total 87552K, used 685K [0x00000000c0000000, 0x00000000c5580000, 0x00000000eab00000)
  object space 87552K, 0% used [0x00000000c0000000,0x00000000c00ab6e0,0x00000000c5580000)
 Metaspace       used 5958K, capacity 6896K, committed 7040K, reserved 1056768K
  class space    used 589K, capacity 616K, committed 640K, reserved 1048576K
}

Deoptimization events (6 events):
Event: 4.364 Thread 0x0000000000b9d800 Uncommon trap: reason=class_check action=maybe_recompile pc=0x00000000029077f0 method=com.android.dx.ssa.NormalSsaInsn.accept(Lcom/android/dx/ssa/SsaInsn$Visitor;)V @ 9
Event: 4.715 Thread 0x0000000016a19000 Uncommon trap: reason=class_check action=maybe_recompile pc=0x0000000002909e58 method=com.android.dx.rop.type.Type.equals(Ljava/lang/Object;)Z @ 8
Event: 4.715 Thread 0x0000000016a19000 Uncommon trap: reason=class_check action=maybe_recompile pc=0x0000000002909e58 method=com.android.dx.rop.type.Type.equals(Ljava/lang/Object;)Z @ 8
Event: 4.715 Thread 0x0000000016a19000 Uncommon trap: reason=class_check action=maybe_recompile pc=0x0000000002909e58 method=com.android.dx.rop.type.Type.equals(Ljava/lang/Object;)Z @ 8
Event: 4.715 Thread 0x0000000016a19000 Uncommon trap: reason=class_check action=maybe_recompile pc=0x0000000002909e58 method=com.android.dx.rop.type.Type.equals(Ljava/lang/Object;)Z @ 8
Event: 4.721 Thread 0x0000000016a19000 Uncommon trap: reason=unreached action=reinterpret pc=0x00000000029ced1c method=com.android.dx.rop.cst.Constant.compareTo(Lcom/android/dx/rop/cst/Constant;)I @ 12

Internal exceptions (10 events):
Event: 4.325 Thread 0x0000000000b9d800 Exception <a 'java/security/PrivilegedActionException'> (0x00000000ebd081b0) thrown at [D:\re\workspace\8-2-build-windows-amd64-cygwin\jdk8u20\1074\hotspot\src\share\vm\prims\jvm.cpp, line 1275]
Event: 4.561 Thread 0x0000000000b9d800 Exception <a 'java/security/PrivilegedActionException'> (0x00000000ebf1db68) thrown at [D:\re\workspace\8-2-build-windows-amd64-cygwin\jdk8u20\1074\hotspot\src\share\vm\prims\jvm.cpp, line 1275]
Event: 4.570 Thread 0x00000000169ed800 Exception <a 'java/security/PrivilegedActionException'> (0x00000000ebb2d5d0) thrown at [D:\re\workspace\8-2-build-windows-amd64-cygwin\jdk8u20\1074\hotspot\src\share\vm\prims\jvm.cpp, line 1275]
Event: 4.607 Thread 0x0000000000b9d800 Exception <a 'java/security/PrivilegedActionException'> (0x00000000ebf30fb8) thrown at [D:\re\workspace\8-2-build-windows-amd64-cygwin\jdk8u20\1074\hotspot\src\share\vm\prims\jvm.cpp, line 1275]
Event: 4.695 Thread 0x0000000000b9d800 Exception <a 'java/security/PrivilegedActionException'> (0x00000000ec154b00) thrown at [D:\re\workspace\8-2-build-windows-amd64-cygwin\jdk8u20\1074\hotspot\src\share\vm\prims\jvm.cpp, line 1275]
Event: 4.697 Thread 0x0000000000b9d800 Exception <a 'java/security/PrivilegedActionException'> (0x00000000ec15eff0) thrown at [D:\re\workspace\8-2-build-windows-amd64-cygwin\jdk8u20\1074\hotspot\src\share\vm\prims\jvm.cpp, line 1275]
Event: 4.699 Thread 0x0000000000b9d800 Exception <a 'java/security/PrivilegedActionException'> (0x00000000ec161938) thrown at [D:\re\workspace\8-2-build-windows-amd64-cygwin\jdk8u20\1074\hotspot\src\share\vm\prims\jvm.cpp, line 1275]
Event: 4.709 Thread 0x0000000016a19000 Exception <a 'java/security/PrivilegedActionException'> (0x00000000ec029010) thrown at [D:\re\workspace\8-2-build-windows-amd64-cygwin\jdk8u20\1074\hotspot\src\share\vm\prims\jvm.cpp, line 1275]
Event: 4.710 Thread 0x0000000016a19000 Exception <a 'java/security/PrivilegedActionException'> (0x00000000ec02ea00) thrown at [D:\re\workspace\8-2-build-windows-amd64-cygwin\jdk8u20\1074\hotspot\src\share\vm\prims\jvm.cpp, line 1275]
Event: 4.711 Thread 0x0000000016a19000 Exception <a 'java/security/PrivilegedActionException'> (0x00000000ec0340b8) thrown at [D:\re\workspace\8-2-build-windows-amd64-cygwin\jdk8u20\1074\hotspot\src\share\vm\prims\jvm.cpp, line 1275]

Events (10 events):
Event: 4.921 loading class java/util/TreeMap$EntrySet
Event: 4.921 loading class java/util/TreeMap$EntrySet done
Event: 4.921 loading class java/util/TreeMap$EntryIterator
Event: 4.921 loading class java/util/TreeMap$EntryIterator done
Event: 4.921 Executing VM operation: Deoptimize
Event: 4.921 Executing VM operation: Deoptimize done
Event: 5.014 Executing VM operation: ParallelGCFailedAllocation
Event: 5.122 Executing VM operation: ParallelGCFailedAllocation done
Event: 5.122 loading class sun/misc/Cleaner
Event: 5.122 loading class sun/misc/Cleaner done


Dynamic libraries:
0x00007ff6f8110000 - 0x00007ff6f8144000 	C:\Program Files\Java\jdk1.8.0_20\bin\java.exe
0x00007ff9e0730000 - 0x00007ff9e08f1000 	C:\WINDOWS\SYSTEM32\ntdll.dll
0x00007ff9ddf50000 - 0x00007ff9ddffd000 	C:\WINDOWS\system32\KERNEL32.DLL
0x00007ff9dcde0000 - 0x00007ff9dcfc8000 	C:\WINDOWS\system32\KERNELBASE.dll
0x00007ff9ded10000 - 0x00007ff9dedb7000 	C:\WINDOWS\system32\ADVAPI32.dll
0x00007ff9dec70000 - 0x00007ff9ded0d000 	C:\WINDOWS\system32\msvcrt.dll
0x00007ff9de790000 - 0x00007ff9de7eb000 	C:\WINDOWS\system32\sechost.dll
0x00007ff9ddb30000 - 0x00007ff9ddc4c000 	C:\WINDOWS\system32\RPCRT4.dll
0x00007ff9de090000 - 0x00007ff9de1e6000 	C:\WINDOWS\system32\USER32.dll
0x00007ff9de860000 - 0x00007ff9de9e6000 	C:\WINDOWS\system32\GDI32.dll
0x00007ff9d3370000 - 0x00007ff9d35e4000 	C:\WINDOWS\WinSxS\amd64_microsoft.windows.common-controls_6595b64144ccf1df_6.0.10586.494_none_a2d8b04ea53e3145\COMCTL32.dll
0x00007ff9de9f0000 - 0x00007ff9dec6d000 	C:\WINDOWS\system32\combase.dll
0x00007ff9dd410000 - 0x00007ff9dd47a000 	C:\WINDOWS\system32\bcryptPrimitives.dll
0x00007ff9e0320000 - 0x00007ff9e035b000 	C:\WINDOWS\system32\IMM32.DLL
0x0000000052220000 - 0x00000000522f2000 	C:\Program Files\Java\jdk1.8.0_20\jre\bin\msvcr100.dll
0x00000000507c0000 - 0x0000000051018000 	C:\Program Files\Java\jdk1.8.0_20\jre\bin\server\jvm.dll
0x00007ff9de780000 - 0x00007ff9de788000 	C:\WINDOWS\system32\PSAPI.DLL
0x00007ff9d0370000 - 0x00007ff9d0379000 	C:\WINDOWS\SYSTEM32\WSOCK32.dll
0x00007ff9de7f0000 - 0x00007ff9de85b000 	C:\WINDOWS\system32\WS2_32.dll
0x00007ff9db130000 - 0x00007ff9db153000 	C:\WINDOWS\SYSTEM32\WINMM.dll
0x00007ff9db0b0000 - 0x00007ff9db0dc000 	C:\WINDOWS\SYSTEM32\WINMMBASE.dll
0x00007ff9dd060000 - 0x00007ff9dd0a3000 	C:\WINDOWS\system32\cfgmgr32.dll
0x0000000052210000 - 0x000000005221f000 	C:\Program Files\Java\jdk1.8.0_20\jre\bin\verify.dll
0x00000000521e0000 - 0x0000000052208000 	C:\Program Files\Java\jdk1.8.0_20\jre\bin\java.dll
0x00000000521c0000 - 0x00000000521d6000 	C:\Program Files\Java\jdk1.8.0_20\jre\bin\zip.dll
0x00007ff9dedc0000 - 0x00007ff9e031c000 	C:\WINDOWS\system32\SHELL32.dll
0x00007ff9dd480000 - 0x00007ff9ddac5000 	C:\WINDOWS\system32\windows.storage.dll
0x00007ff9de030000 - 0x00007ff9de082000 	C:\WINDOWS\system32\shlwapi.dll
0x00007ff9dcdd0000 - 0x00007ff9dcddf000 	C:\WINDOWS\system32\kernel.appcore.dll
0x00007ff9dd160000 - 0x00007ff9dd215000 	C:\WINDOWS\system32\shcore.dll
0x00007ff9dcd60000 - 0x00007ff9dcdab000 	C:\WINDOWS\system32\powrprof.dll
0x00007ff9dcdb0000 - 0x00007ff9dcdc4000 	C:\WINDOWS\system32\profapi.dll
0x00007ff9cd680000 - 0x00007ff9cd80c000 	C:\WINDOWS\SYSTEM32\dbghelp.dll

VM Arguments:
jvm_args: -Djava.awt.headless=true -Xmx1024M -Dfile.encoding=windows-1252 -Duser.country=US -Duser.language=en -Duser.variant 
java_command: com.android.dx.command.Main --dex --num-threads=4 --output C:\Users\Jadon\WorkSpace3Y\SoftwareDesign\FindMeTutor\FindMeTutor\app\build\intermediates\pre-dexed\debug\internal_impl-24.1.1_38e9d1f88bfe4283c4d6d0867d05d5a01dc5056a.jar C:\Users\Jadon\WorkSpace3Y\SoftwareDesign\FindMeTutor\FindMeTutor\app\build\intermediates\exploded-aar\com.android.support\support-v4\24.1.1\jars\libs\internal_impl-24.1.1.jar
java_class_path (initial): C:\Users\Jadon\AppData\Local\Android\sdk\build-tools\24.0.1\lib\dx.jar
Launcher Type: SUN_STANDARD

Environment Variables:
PATH=C:\ProgramData\Oracle\Java\javapath;C:\Program Files (x86)\AMD APP\bin\x86_64;C:\Program Files (x86)\AMD APP\bin\x86;C:\Program Files (x86)\Intel\iCLS Client\;C:\Program Files\Intel\iCLS Client\;C:\WINDOWS\system32;C:\WINDOWS;C:\WINDOWS\System32\Wbem;C:\WINDOWS\System32\WindowsPowerShell\v1.0\;C:\Program Files\Intel\WiFi\bin\;C:\Program Files\Common Files\Intel\WirelessCommon\;C:\Program Files\Intel\Intel(R) Management Engine Components\DAL;C:\Program Files\Intel\Intel(R) Management Engine Components\IPT;C:\Program Files (x86)\Intel\Intel(R) Management Engine Components\DAL;C:\Program Files (x86)\Intel\Intel(R) Management Engine Components\IPT;C:\Program Files (x86)\ATI Technologies\ATI.ACE\Core-Static;C:\Program Files (x86)\Intel\OpenCL SDK\2.0\bin\x86;C:\Program Files (x86)\Intel\OpenCL SDK\2.0\bin\x64;C:\Program Files (x86)\QuickTime\QTSystem\;C:\Program Files\MATLAB\R2013b\runtime\win64;C:\Program Files\MATLAB\R2013b\bin;C:\WINDOWS\system32\config\systemprofile\.dnx\bin;C:\Program Files\Microsoft DNX\Dnvm\;C:\Program Files\Microsoft SQL Server\130\Tools\Binn\;C:\Program Files (x86)\Windows Kits\8.1\Windows Performance Toolkit\;C:\Program Files\MiKTeX 2.9\miktex\bin\x64\;C:\Program Files (x86)\MiKTeX 2.9\miktex\bin\;C:\Program Files (x86)\Graphviz2.38\bin;C:\Program Files\doxygen\bin;C:\Program Files\Git\cmd;C:\Program Files (x86)\OpenVPN\bin;C:\Users\Jadon\AppData\Local\Programs\Python\Python35\Scripts\;C:\Users\Jadon\AppData\Local\Programs\Python\Python35\;C:\Program Files\Intel\WiFi\bin\;C:\Program Files\Common Files\Intel\WirelessCommon\
USERNAME=Jadon
OS=Windows_NT
PROCESSOR_IDENTIFIER=Intel64 Family 6 Model 58 Stepping 9, GenuineIntel



---------------  S Y S T E M  ---------------

OS: Windows 8.1 , 64 bit Build 9600 

CPU:total 4 (2 cores per cpu, 2 threads per core) family 6 model 58 stepping 9, cmov, cx8, fxsr, mmx, sse, sse2, sse3, ssse3, sse4.1, sse4.2, popcnt, avx, aes, clmul, erms, ht, tsc, tscinvbit, tscinv

Memory: 4k page, physical 8267032k(1357936k free), swap 10217752k(468756k free)

vm_info: Java HotSpot(TM) 64-Bit Server VM (25.20-b23) for windows-amd64 JRE (1.8.0_20-b26), built on Jul 30 2014 13:51:23 by "java_re" with MS VC++ 10.0 (VS2010)

time: Wed Aug 10 17:13:37 2016
elapsed time: 5 seconds (0d 0h 0m 5s)

