#
# There is insufficient memory for the Java Runtime Environment to continue.
# Native memory allocation (malloc) failed to allocate 80432 bytes for Chunk::new
# Possible reasons:
#   The system is out of physical RAM or swap space
#   In 32 bit mode, the process size limit was hit
# Possible solutions:
#   Reduce memory load on the system
#   Increase physical memory or swap space
#   Check if swap backing store is full
#   Use 64 bit Java on a 64 bit OS
#   Decrease Java heap size (-Xmx/-Xms)
#   Decrease number of Java threads
#   Decrease Java thread stack sizes (-Xss)
#   Set larger code cache with -XX:ReservedCodeCacheSize=
# This output file may be truncated or incomplete.
#
#  Out of Memory Error (allocation.cpp:390), pid=10616, tid=2628
#
# JRE version: Java(TM) SE Runtime Environment (8.0_20-b26) (build 1.8.0_20-b26)
# Java VM: Java HotSpot(TM) 64-Bit Server VM (25.20-b23 mixed mode windows-amd64 compressed oops)
# Failed to write core dump. Minidumps are not enabled by default on client versions of Windows
#

---------------  T H R E A D  ---------------

Current thread (0x0000000014abc000):  JavaThread "C2 CompilerThread0" daemon [_thread_in_native, id=2628, stack(0x0000000016010000,0x0000000016110000)]

Stack: [0x0000000016010000,0x0000000016110000]
Native frames: (J=compiled Java code, j=interpreted, Vv=VM code, C=native code)
V  [jvm.dll+0x3152fa]
V  [jvm.dll+0x265d03]
V  [jvm.dll+0x266943]
V  [jvm.dll+0x25e265]
V  [jvm.dll+0xbe255]
V  [jvm.dll+0xbe6fc]
V  [jvm.dll+0x449d02]
V  [jvm.dll+0x4bd300]
V  [jvm.dll+0x4bff50]
V  [jvm.dll+0x44fef1]
V  [jvm.dll+0x4526c8]
V  [jvm.dll+0x435fc2]
V  [jvm.dll+0x97b62]
V  [jvm.dll+0x98353]
V  [jvm.dll+0x22aac4]
V  [jvm.dll+0x283f5a]
C  [msvcr100.dll+0x21d9f]
C  [msvcr100.dll+0x21e3b]
C  [KERNEL32.DLL+0x8364]
C  [ntdll.dll+0x65e91]


Current CompileTask:
C2:  17269 1296 %     4       com.android.dx.ssa.SsaMethod::computeReachability @ 52 (131 bytes)


---------------  P R O C E S S  ---------------

Java Threads: ( => current thread )
  0x0000000016767000 JavaThread "pool-1-thread-4" [_thread_blocked, id=5420, stack(0x0000000016d10000,0x0000000016e10000)]
  0x0000000016759000 JavaThread "pool-1-thread-3" [_thread_blocked, id=17288, stack(0x0000000016c10000,0x0000000016d10000)]
  0x0000000016750800 JavaThread "pool-1-thread-2" [_thread_blocked, id=1236, stack(0x0000000016b10000,0x0000000016c10000)]
  0x000000001664b000 JavaThread "pool-2-thread-1" [_thread_blocked, id=16272, stack(0x0000000016a10000,0x0000000016b10000)]
  0x0000000016648800 JavaThread "pool-1-thread-1" [_thread_blocked, id=10204, stack(0x0000000016910000,0x0000000016a10000)]
  0x0000000014b14800 JavaThread "Service Thread" daemon [_thread_blocked, id=6356, stack(0x0000000016310000,0x0000000016410000)]
  0x0000000014b11000 JavaThread "C1 CompilerThread2" daemon [_thread_blocked, id=13508, stack(0x0000000016210000,0x0000000016310000)]
  0x0000000014ac0000 JavaThread "C2 CompilerThread1" daemon [_thread_in_native, id=16568, stack(0x0000000016110000,0x0000000016210000)]
=>0x0000000014abc000 JavaThread "C2 CompilerThread0" daemon [_thread_in_native, id=2628, stack(0x0000000016010000,0x0000000016110000)]
  0x0000000014abb000 JavaThread "Attach Listener" daemon [_thread_blocked, id=10160, stack(0x0000000015f10000,0x0000000016010000)]
  0x0000000014ab9800 JavaThread "Signal Dispatcher" daemon [_thread_blocked, id=4800, stack(0x0000000015e10000,0x0000000015f10000)]
  0x00000000023df800 JavaThread "Finalizer" daemon [_thread_blocked, id=15704, stack(0x0000000015d10000,0x0000000015e10000)]
  0x0000000014a88000 JavaThread "Reference Handler" daemon [_thread_blocked, id=14132, stack(0x0000000015c10000,0x0000000015d10000)]
  0x000000000216d800 JavaThread "main" [_thread_in_vm, id=8296, stack(0x00000000021f0000,0x00000000022f0000)]

Other Threads:
  0x0000000014a86000 VMThread [stack: 0x0000000015b10000,0x0000000015c10000] [id=7888]
  0x0000000014b17000 WatcherThread [stack: 0x0000000016410000,0x0000000016510000] [id=15220]

VM state:not at safepoint (normal execution)

VM Mutex/Monitor currently owned by a thread: None

Heap:
 PSYoungGen      total 38400K, used 10745K [0x00000000eab00000, 0x00000000ed580000, 0x0000000100000000)
  eden space 33280K, 16% used [0x00000000eab00000,0x00000000eb085520,0x00000000ecb80000)
  from space 5120K, 99% used [0x00000000ecb80000,0x00000000ed078ee8,0x00000000ed080000)
  to   space 5120K, 0% used [0x00000000ed080000,0x00000000ed080000,0x00000000ed580000)
 ParOldGen       total 87552K, used 1807K [0x00000000c0000000, 0x00000000c5580000, 0x00000000eab00000)
  object space 87552K, 2% used [0x00000000c0000000,0x00000000c01c3d30,0x00000000c5580000)
 Metaspace       used 5852K, capacity 6896K, committed 7040K, reserved 1056768K
  class space    used 579K, capacity 616K, committed 640K, reserved 1048576K

Card table byte_map: [0x00000000117b0000,0x00000000119c0000] byte_map_base: 0x00000000111b0000

Marking Bits: (ParMarkBitMap*) 0x00000000749cb460
 Begin Bits: [0x0000000011f20000, 0x0000000012f20000)
 End Bits:   [0x0000000012f20000, 0x0000000013f20000)

Polling page: 0x00000000008c0000

CodeCache: size=245760Kb used=5052Kb max_used=5052Kb free=240707Kb
 bounds [0x00000000023f0000, 0x00000000028f0000, 0x00000000113f0000]
 total_blobs=1553 nmethods=1290 adapters=177
 compilation: enabled

Compilation events (10 events):
Event: 17.232 Thread 0x0000000014b11000 1294       3       com.android.dx.ssa.SsaConverter::edgeSplitSuccessors (98 bytes)
Event: 17.233 Thread 0x0000000014abc000 1296 %     4       com.android.dx.ssa.SsaMethod::computeReachability @ 52 (131 bytes)
Event: 17.233 Thread 0x0000000014b11000 nmethod 1294 0x00000000028dd990 code [0x00000000028ddc00, 0x00000000028dea08]
Event: 17.233 Thread 0x0000000014b11000 1295       3       com.android.dx.ssa.SsaMethod::forEachBlockDepthFirstDom (128 bytes)
Event: 17.235 Thread 0x0000000014b11000 nmethod 1295 0x00000000028dfe50 code [0x00000000028e01a0, 0x00000000028e22b8]
Event: 17.236 Thread 0x0000000014ac0000 1297       4       com.android.dx.ssa.LocalVariableExtractor::processBlock (383 bytes)
Event: 17.237 Thread 0x0000000014b11000 1299       3       java.util.HashMap::<init> (8 bytes)
Event: 17.237 Thread 0x0000000014b11000 nmethod 1299 0x00000000028dd5d0 code [0x00000000028dd760, 0x00000000028dd8e8]
Event: 17.237 Thread 0x0000000014b11000 1300       3       java.util.HashMap::<init> (98 bytes)
Event: 17.239 Thread 0x0000000014b11000 nmethod 1300 0x00000000028e3510 code [0x00000000028e37a0, 0x00000000028e4928]

GC Heap History (2 events):
Event: 16.554 GC heap before
{Heap before GC invocations=1 (full 0):
 PSYoungGen      total 38400K, used 33280K [0x00000000eab00000, 0x00000000ed580000, 0x0000000100000000)
  eden space 33280K, 100% used [0x00000000eab00000,0x00000000ecb80000,0x00000000ecb80000)
  from space 5120K, 0% used [0x00000000ed080000,0x00000000ed080000,0x00000000ed580000)
  to   space 5120K, 0% used [0x00000000ecb80000,0x00000000ecb80000,0x00000000ed080000)
 ParOldGen       total 87552K, used 0K [0x00000000c0000000, 0x00000000c5580000, 0x00000000eab00000)
  object space 87552K, 0% used [0x00000000c0000000,0x00000000c0000000,0x00000000c5580000)
 Metaspace       used 5792K, capacity 6832K, committed 7040K, reserved 1056768K
  class space    used 578K, capacity 616K, committed 640K, reserved 1048576K
Event: 16.632 GC heap after
Heap after GC invocations=1 (full 0):
 PSYoungGen      total 38400K, used 5091K [0x00000000eab00000, 0x00000000ed580000, 0x0000000100000000)
  eden space 33280K, 0% used [0x00000000eab00000,0x00000000eab00000,0x00000000ecb80000)
  from space 5120K, 99% used [0x00000000ecb80000,0x00000000ed078ee8,0x00000000ed080000)
  to   space 5120K, 0% used [0x00000000ed080000,0x00000000ed080000,0x00000000ed580000)
 ParOldGen       total 87552K, used 1807K [0x00000000c0000000, 0x00000000c5580000, 0x00000000eab00000)
  object space 87552K, 2% used [0x00000000c0000000,0x00000000c01c3d30,0x00000000c5580000)
 Metaspace       used 5792K, capacity 6832K, committed 7040K, reserved 1056768K
  class space    used 578K, capacity 616K, committed 640K, reserved 1048576K
}

Deoptimization events (10 events):
Event: 8.194 Thread 0x0000000016648800 Uncommon trap: reason=speculate_class_check action=maybe_recompile pc=0x0000000002595d44 method=com.android.dx.rop.cst.Constant.compareTo(Lcom/android/dx/rop/cst/Constant;)I @ 29
Event: 8.194 Thread 0x0000000016648800 Uncommon trap: reason=class_check action=maybe_recompile pc=0x000000000258ee10 method=com.android.dx.rop.cst.CstMemberRef.compareTo0(Lcom/android/dx/rop/cst/Constant;)I @ 1
Event: 8.194 Thread 0x0000000016750800 Uncommon trap: reason=speculate_class_check action=maybe_recompile pc=0x0000000002595d44 method=com.android.dx.rop.cst.Constant.compareTo(Lcom/android/dx/rop/cst/Constant;)I @ 29
Event: 8.194 Thread 0x0000000016750800 Uncommon trap: reason=class_check action=maybe_recompile pc=0x000000000258ee10 method=com.android.dx.rop.cst.CstMemberRef.compareTo0(Lcom/android/dx/rop/cst/Constant;)I @ 1
Event: 8.194 Thread 0x0000000016750800 Uncommon trap: reason=speculate_class_check action=maybe_recompile pc=0x0000000002595d44 method=com.android.dx.rop.cst.Constant.compareTo(Lcom/android/dx/rop/cst/Constant;)I @ 29
Event: 8.194 Thread 0x0000000016750800 Uncommon trap: reason=class_check action=maybe_recompile pc=0x000000000258ee10 method=com.android.dx.rop.cst.CstMemberRef.compareTo0(Lcom/android/dx/rop/cst/Constant;)I @ 1
Event: 8.197 Thread 0x0000000016767000 Uncommon trap: reason=speculate_class_check action=maybe_recompile pc=0x0000000002595d44 method=com.android.dx.rop.cst.Constant.compareTo(Lcom/android/dx/rop/cst/Constant;)I @ 29
Event: 8.197 Thread 0x0000000016767000 Uncommon trap: reason=class_check action=maybe_recompile pc=0x000000000258ee10 method=com.android.dx.rop.cst.CstMemberRef.compareTo0(Lcom/android/dx/rop/cst/Constant;)I @ 1
Event: 8.204 Thread 0x0000000016648800 Uncommon trap: reason=unreached action=reinterpret pc=0x00000000026184d4 method=java.util.HashMap.getNode(ILjava/lang/Object;)Ljava/util/HashMap$Node; @ 143
Event: 8.206 Thread 0x0000000016648800 Uncommon trap: reason=unreached action=reinterpret pc=0x0000000002643b1c method=com.android.dx.rop.cst.Constant.compareTo(Lcom/android/dx/rop/cst/Constant;)I @ 12

Internal exceptions (10 events):
Event: 8.186 Thread 0x0000000016648800 Exception <a 'java/security/PrivilegedActionException'> (0x00000000eb61b0f0) thrown at [D:\re\workspace\8-2-build-windows-amd64-cygwin\jdk8u20\1074\hotspot\src\share\vm\prims\jvm.cpp, line 1275]
Event: 8.189 Thread 0x0000000016648800 Exception <a 'java/security/PrivilegedActionException'> (0x00000000eb621358) thrown at [D:\re\workspace\8-2-build-windows-amd64-cygwin\jdk8u20\1074\hotspot\src\share\vm\prims\jvm.cpp, line 1275]
Event: 8.189 Thread 0x0000000016648800 Exception <a 'java/security/PrivilegedActionException'> (0x00000000eb625a10) thrown at [D:\re\workspace\8-2-build-windows-amd64-cygwin\jdk8u20\1074\hotspot\src\share\vm\prims\jvm.cpp, line 1275]
Event: 8.190 Thread 0x0000000016648800 Exception <a 'java/security/PrivilegedActionException'> (0x00000000eb62b450) thrown at [D:\re\workspace\8-2-build-windows-amd64-cygwin\jdk8u20\1074\hotspot\src\share\vm\prims\jvm.cpp, line 1275]
Event: 8.191 Thread 0x0000000016648800 Exception <a 'java/security/PrivilegedActionException'> (0x00000000eb6340d0) thrown at [D:\re\workspace\8-2-build-windows-amd64-cygwin\jdk8u20\1074\hotspot\src\share\vm\prims\jvm.cpp, line 1275]
Event: 8.193 Thread 0x0000000016648800 Exception <a 'java/security/PrivilegedActionException'> (0x00000000eb639558) thrown at [D:\re\workspace\8-2-build-windows-amd64-cygwin\jdk8u20\1074\hotspot\src\share\vm\prims\jvm.cpp, line 1275]
Event: 8.193 Thread 0x0000000016648800 Exception <a 'java/security/PrivilegedActionException'> (0x00000000eb63c540) thrown at [D:\re\workspace\8-2-build-windows-amd64-cygwin\jdk8u20\1074\hotspot\src\share\vm\prims\jvm.cpp, line 1275]
Event: 8.194 Thread 0x0000000016750800 Exception <a 'java/security/PrivilegedActionException'> (0x00000000eb6114f8) thrown at [D:\re\workspace\8-2-build-windows-amd64-cygwin\jdk8u20\1074\hotspot\src\share\vm\prims\jvm.cpp, line 1275]
Event: 8.215 Thread 0x0000000016750800 Exception <a 'java/security/PrivilegedActionException'> (0x00000000eb6e7cd8) thrown at [D:\re\workspace\8-2-build-windows-amd64-cygwin\jdk8u20\1074\hotspot\src\share\vm\prims\jvm.cpp, line 1275]
Event: 13.355 Thread 0x0000000016750800 Exception <a 'java/security/PrivilegedActionException'> (0x00000000ebbb73e0) thrown at [D:\re\workspace\8-2-build-windows-amd64-cygwin\jdk8u20\1074\hotspot\src\share\vm\prims\jvm.cpp, line 1275]

Events (10 events):
Event: 16.650 Executing VM operation: RevokeBias
Event: 16.650 Executing VM operation: RevokeBias done
Event: 16.650 Executing VM operation: BulkRevokeBias
Event: 16.650 Executing VM operation: BulkRevokeBias done
Event: 16.650 Thread 0x0000000014b11000 flushing nmethod 0x00000000024fa6d0
Event: 16.650 Thread 0x0000000014b11000 flushing nmethod 0x00000000024fb890
Event: 16.650 Thread 0x0000000014b11000 flushing nmethod 0x00000000024fbcd0
Event: 16.651 Thread 0x0000000014b11000 flushing nmethod 0x0000000002502ed0
Event: 16.651 Thread 0x0000000014b11000 flushing nmethod 0x0000000002503910
Event: 16.651 Thread 0x0000000014b11000 flushing nmethod 0x0000000002531210


Dynamic libraries:
0x00007ff731af0000 - 0x00007ff731b24000 	C:\Program Files\Java\jdk1.8.0_20\bin\java.exe
0x00007ffc9fd00000 - 0x00007ffc9fed1000 	C:\WINDOWS\SYSTEM32\ntdll.dll
0x00007ffc9d990000 - 0x00007ffc9da3b000 	C:\WINDOWS\System32\KERNEL32.DLL
0x00007ffc9cf60000 - 0x00007ffc9d17d000 	C:\WINDOWS\System32\KERNELBASE.dll
0x00007ffc9da50000 - 0x00007ffc9daf2000 	C:\WINDOWS\System32\ADVAPI32.dll
0x00007ffc9db00000 - 0x00007ffc9db9e000 	C:\WINDOWS\System32\msvcrt.dll
0x00007ffc9f590000 - 0x00007ffc9f5e9000 	C:\WINDOWS\System32\sechost.dll
0x00007ffc9f430000 - 0x00007ffc9f551000 	C:\WINDOWS\System32\RPCRT4.dll
0x00007ffc9d290000 - 0x00007ffc9d3f5000 	C:\WINDOWS\System32\USER32.dll
0x00007ffc9cd10000 - 0x00007ffc9cd2e000 	C:\WINDOWS\System32\win32u.dll
0x00007ffc9f890000 - 0x00007ffc9f8c4000 	C:\WINDOWS\System32\GDI32.dll
0x00007ffc9cd30000 - 0x00007ffc9ceb2000 	C:\WINDOWS\System32\gdi32full.dll
0x00007ffc929a0000 - 0x00007ffc92c19000 	C:\WINDOWS\WinSxS\amd64_microsoft.windows.common-controls_6595b64144ccf1df_6.0.14393.0_none_2d0f50fcbdb171b8\COMCTL32.dll
0x00007ffc9f8e0000 - 0x00007ffc9fba7000 	C:\WINDOWS\System32\combase.dll
0x00007ffc9c260000 - 0x00007ffc9c355000 	C:\WINDOWS\System32\ucrtbase.dll
0x00007ffc9c1f0000 - 0x00007ffc9c25a000 	C:\WINDOWS\System32\bcryptPrimitives.dll
0x00007ffc9f560000 - 0x00007ffc9f58e000 	C:\WINDOWS\System32\IMM32.DLL
0x0000000075ed0000 - 0x0000000075fa2000 	C:\Program Files\Java\jdk1.8.0_20\jre\bin\msvcr100.dll
0x00000000741f0000 - 0x0000000074a48000 	C:\Program Files\Java\jdk1.8.0_20\jre\bin\server\jvm.dll
0x00007ffc9fcf0000 - 0x00007ffc9fcf8000 	C:\WINDOWS\System32\PSAPI.DLL
0x00007ffc8f3c0000 - 0x00007ffc8f3c9000 	C:\WINDOWS\SYSTEM32\WSOCK32.dll
0x00007ffc9dc10000 - 0x00007ffc9dc7a000 	C:\WINDOWS\System32\WS2_32.dll
0x00007ffc9a3a0000 - 0x00007ffc9a3c3000 	C:\WINDOWS\SYSTEM32\WINMM.dll
0x00007ffc9a370000 - 0x00007ffc9a39b000 	C:\WINDOWS\SYSTEM32\WINMMBASE.dll
0x00007ffc9ccc0000 - 0x00007ffc9cd02000 	C:\WINDOWS\System32\cfgmgr32.dll
0x00000000761d0000 - 0x00000000761df000 	C:\Program Files\Java\jdk1.8.0_20\jre\bin\verify.dll
0x00000000761a0000 - 0x00000000761c8000 	C:\Program Files\Java\jdk1.8.0_20\jre\bin\java.dll
0x0000000076180000 - 0x0000000076196000 	C:\Program Files\Java\jdk1.8.0_20\jre\bin\zip.dll
0x00007ffc9df20000 - 0x00007ffc9f428000 	C:\WINDOWS\System32\SHELL32.dll
0x00007ffc9c530000 - 0x00007ffc9cc0a000 	C:\WINDOWS\System32\windows.storage.dll
0x00007ffc9c1a0000 - 0x00007ffc9c1ec000 	C:\WINDOWS\System32\powrprof.dll
0x00007ffc9dec0000 - 0x00007ffc9df12000 	C:\WINDOWS\System32\shlwapi.dll
0x00007ffc9c160000 - 0x00007ffc9c16f000 	C:\WINDOWS\System32\kernel.appcore.dll
0x00007ffc9d180000 - 0x00007ffc9d229000 	C:\WINDOWS\System32\shcore.dll
0x00007ffc9c180000 - 0x00007ffc9c194000 	C:\WINDOWS\System32\profapi.dll
0x00007ffc8d340000 - 0x00007ffc8d4d2000 	C:\WINDOWS\SYSTEM32\dbghelp.dll

VM Arguments:
jvm_args: -Djava.awt.headless=true -Xmx1024M -Dfile.encoding=windows-1252 -Duser.country=US -Duser.language=en -Duser.variant 
java_command: com.android.dx.command.Main --dex --force-jumbo --num-threads=4 --output C:\Users\Jadon\WorkSpace3Y\SoftwareDesign\FindMeTutor\FindMeTutor\app\build\intermediates\pre-dexed\debug\main_1888b2d80452feda9d713e4985726d5908dc7d9a.jar C:\Users\Jadon\WorkSpace3Y\SoftwareDesign\FindMeTutor\FindMeTutor\app\build\intermediates\transforms\instantRun\debug\folders\1\5\main
java_class_path (initial): C:\Users\Jadon\AppData\Local\Android\sdk\build-tools\24.0.1\lib\dx.jar
Launcher Type: SUN_STANDARD

Environment Variables:
PATH=C:\ProgramData\Oracle\Java\javapath;C:\Program Files (x86)\AMD APP\bin\x86_64;C:\Program Files (x86)\AMD APP\bin\x86;C:\Program Files (x86)\Intel\iCLS Client\;C:\Program Files\Intel\iCLS Client\;C:\WINDOWS\system32;C:\WINDOWS;C:\WINDOWS\System32\Wbem;C:\WINDOWS\System32\WindowsPowerShell\v1.0\;C:\Program Files\Intel\WiFi\bin\;C:\Program Files\Common Files\Intel\WirelessCommon\;C:\Program Files\Intel\Intel(R) Management Engine Components\DAL;C:\Program Files\Intel\Intel(R) Management Engine Components\IPT;C:\Program Files (x86)\Intel\Intel(R) Management Engine Components\DAL;C:\Program Files (x86)\Intel\Intel(R) Management Engine Components\IPT;C:\Program Files (x86)\ATI Technologies\ATI.ACE\Core-Static;C:\Program Files (x86)\Intel\OpenCL SDK\2.0\bin\x86;C:\Program Files (x86)\Intel\OpenCL SDK\2.0\bin\x64;C:\Program Files (x86)\QuickTime\QTSystem\;C:\Program Files\MATLAB\R2013b\runtime\win64;C:\Program Files\MATLAB\R2013b\bin;C:\WINDOWS\system32\config\systemprofile\.dnx\bin;C:\Program Files\Microsoft DNX\Dnvm\;C:\Program Files\Microsoft SQL Server\130\Tools\Binn\;C:\Program Files (x86)\Windows Kits\8.1\Windows Performance Toolkit\;C:\Program Files\MiKTeX 2.9\miktex\bin\x64\;C:\Program Files (x86)\MiKTeX 2.9\miktex\bin\;C:\Program Files (x86)\Graphviz2.38\bin;C:\Program Files\doxygen\bin;C:\Program Files\Git\cmd;C:\Program Files (x86)\OpenVPN\bin;C:\Users\Jadon\AppData\Local\Programs\Python\Python35\Scripts\;C:\Users\Jadon\AppData\Local\Programs\Python\Python35\;C:\Program Files\Intel\WiFi\bin\;C:\Program Files\Common Files\Intel\WirelessCommon\;%USERPROFILE%\AppData\Local\Microsoft\WindowsApps;
USERNAME=Jadon
OS=Windows_NT
PROCESSOR_IDENTIFIER=Intel64 Family 6 Model 58 Stepping 9, GenuineIntel



---------------  S Y S T E M  ---------------

OS: Windows 8.1 , 64 bit Build 9600 

CPU:total 4 (2 cores per cpu, 2 threads per core) family 6 model 58 stepping 9, cmov, cx8, fxsr, mmx, sse, sse2, sse3, ssse3, sse4.1, sse4.2, popcnt, avx, aes, clmul, erms, ht, tsc, tscinvbit, tscinv

Memory: 4k page, physical 8267032k(2034604k free), swap 10217752k(1336k free)

vm_info: Java HotSpot(TM) 64-Bit Server VM (25.20-b23) for windows-amd64 JRE (1.8.0_20-b26), built on Jul 30 2014 13:51:23 by "java_re" with MS VC++ 10.0 (VS2010)

time: Thu Oct 20 23:30:48 2016
elapsed time: 17 seconds (0d 0h 0m 17s)

