#
# There is insufficient memory for the Java Runtime Environment to continue.
# Native memory allocation (malloc) failed to allocate 33554448 bytes for Chunk::new
# Possible reasons:
#   The system is out of physical RAM or swap space
#   In 32 bit mode, the process size limit was hit
# Possible solutions:
#   Reduce memory load on the system
#   Increase physical memory or swap space
#   Check if swap backing store is full
#   Use 64 bit Java on a 64 bit OS
#   Decrease Java heap size (-Xmx/-Xms)
#   Decrease number of Java threads
#   Decrease Java thread stack sizes (-Xss)
#   Set larger code cache with -XX:ReservedCodeCacheSize=
# This output file may be truncated or incomplete.
#
#  Out of Memory Error (allocation.cpp:390), pid=7240, tid=10528
#
# JRE version: Java(TM) SE Runtime Environment (8.0_20-b26) (build 1.8.0_20-b26)
# Java VM: Java HotSpot(TM) 64-Bit Server VM (25.20-b23 mixed mode windows-amd64 compressed oops)
# Failed to write core dump. Minidumps are not enabled by default on client versions of Windows
#

---------------  T H R E A D  ---------------

Current thread (0x0000000014cb1000):  JavaThread "C2 CompilerThread1" daemon [_thread_in_native, id=10528, stack(0x0000000016310000,0x0000000016410000)]

Stack: [0x0000000016310000,0x0000000016410000]
Native frames: (J=compiled Java code, j=interpreted, Vv=VM code, C=native code)
V  [jvm.dll+0x3152fa]
V  [jvm.dll+0x265d03]
V  [jvm.dll+0x266943]
V  [jvm.dll+0x25e265]
V  [jvm.dll+0xbe255]
V  [jvm.dll+0xbe6fc]
V  [jvm.dll+0xf3878]
V  [jvm.dll+0x45df30]
V  [jvm.dll+0x45e1ea]
V  [jvm.dll+0x45f0cf]
V  [jvm.dll+0x46147a]
V  [jvm.dll+0x4635c5]
V  [jvm.dll+0x463f4c]
V  [jvm.dll+0x464293]
V  [jvm.dll+0x451093]
V  [jvm.dll+0x452634]
V  [jvm.dll+0x435fc2]
V  [jvm.dll+0x97b62]
V  [jvm.dll+0x98353]
V  [jvm.dll+0x22aac4]
V  [jvm.dll+0x283f5a]
C  [msvcr100.dll+0x21d9f]
C  [msvcr100.dll+0x21e3b]
C  [KERNEL32.DLL+0x18102]
C  [ntdll.dll+0x5c5b4]


Current CompileTask:
C2:   8892 1830   !   4       com.android.dx.cf.code.Ropper::processBlock (1101 bytes)


---------------  P R O C E S S  ---------------

Java Threads: ( => current thread )
  0x0000000014d0d800 JavaThread "Service Thread" daemon [_thread_blocked, id=11232, stack(0x0000000016910000,0x0000000016a10000)]
  0x0000000014cb8000 JavaThread "C1 CompilerThread2" daemon [_thread_blocked, id=10336, stack(0x0000000016410000,0x0000000016510000)]
=>0x0000000014cb1000 JavaThread "C2 CompilerThread1" daemon [_thread_in_native, id=10528, stack(0x0000000016310000,0x0000000016410000)]
  0x0000000014caf800 JavaThread "C2 CompilerThread0" daemon [_thread_blocked, id=10828, stack(0x0000000016210000,0x0000000016310000)]
  0x0000000014cab000 JavaThread "Attach Listener" daemon [_thread_blocked, id=11728, stack(0x0000000016110000,0x0000000016210000)]
  0x0000000014ca9800 JavaThread "Signal Dispatcher" daemon [_thread_blocked, id=7064, stack(0x0000000016010000,0x0000000016110000)]
  0x00000000025d6000 JavaThread "Finalizer" daemon [_thread_blocked, id=11756, stack(0x0000000015f10000,0x0000000016010000)]
  0x0000000014c78000 JavaThread "Reference Handler" daemon [_thread_blocked, id=3288, stack(0x0000000015e10000,0x0000000015f10000)]
  0x00000000023dd800 JavaThread "main" [_thread_in_native, id=4556, stack(0x00000000023e0000,0x00000000024e0000)]

Other Threads:
  0x0000000014c76000 VMThread [stack: 0x0000000015d10000,0x0000000015e10000] [id=4848]
  0x0000000016540800 WatcherThread [stack: 0x0000000016a10000,0x0000000016b10000] [id=6684]

VM state:not at safepoint (normal execution)

VM Mutex/Monitor currently owned by a thread: None

Heap:
 PSYoungGen      total 138240K, used 49963K [0x00000000eab00000, 0x00000000fe400000, 0x0000000100000000)
  eden space 133120K, 33% used [0x00000000eab00000,0x00000000ed6cff28,0x00000000f2d00000)
  from space 5120K, 99% used [0x00000000f2d00000,0x00000000f31fb098,0x00000000f3200000)
  to   space 27136K, 0% used [0x00000000fc980000,0x00000000fc980000,0x00000000fe400000)
 ParOldGen       total 87552K, used 44780K [0x00000000c0000000, 0x00000000c5580000, 0x00000000eab00000)
  object space 87552K, 51% used [0x00000000c0000000,0x00000000c2bbb2b8,0x00000000c5580000)
 Metaspace       used 7447K, capacity 7896K, committed 8192K, reserved 1056768K
  class space    used 689K, capacity 720K, committed 768K, reserved 1048576K

Card table byte_map: [0x00000000119a0000,0x0000000011bb0000] byte_map_base: 0x00000000113a0000

Marking Bits: (ParMarkBitMap*) 0x000000006c38b460
 Begin Bits: [0x0000000012110000, 0x0000000013110000)
 End Bits:   [0x0000000013110000, 0x0000000014110000)

Polling page: 0x0000000000660000

CodeCache: size=245760Kb used=10807Kb max_used=10818Kb free=234952Kb
 bounds [0x00000000025e0000, 0x0000000003080000, 0x00000000115e0000]
 total_blobs=2860 nmethods=2585 adapters=188
 compilation: enabled

Compilation events (10 events):
Event: 8.301 Thread 0x0000000014caf800 2370   !   4       com.android.dx.rop.cst.CstType::intern (48 bytes)
Event: 8.329 Thread 0x0000000014caf800 nmethod 2370 0x0000000003074450 code [0x0000000003074660, 0x0000000003075610]
Event: 8.329 Thread 0x0000000014caf800 2431       4       com.android.dx.util.ByteArrayAnnotatedOutput::writeByte (51 bytes)
Event: 8.334 Thread 0x0000000014caf800 nmethod 2431 0x000000000306a150 code [0x000000000306a2a0, 0x000000000306a5a8]
Event: 8.334 Thread 0x0000000014caf800 2325       4       com.android.dx.dex.code.CstInsn::setClassIndex (37 bytes)
Event: 8.334 Thread 0x0000000014caf800 nmethod 2325 0x000000000306d590 code [0x000000000306d6c0, 0x000000000306d758]
Event: 8.334 Thread 0x0000000014caf800 2606 %     4       sun.security.provider.SHA::implCompress @ 364 (491 bytes)
Event: 8.341 Thread 0x0000000014caf800 nmethod 2606% 0x000000000306ce50 code [0x000000000306cfa0, 0x000000000306d398]
Event: 8.341 Thread 0x0000000014caf800 2604       4       java.lang.Integer::reverseBytes (26 bytes)
Event: 8.342 Thread 0x0000000014caf800 nmethod 2604 0x000000000306cc50 code [0x000000000306cd80, 0x000000000306cdf8]

GC Heap History (10 events):
Event: 0.938 GC heap before
{Heap before GC invocations=1 (full 0):
 PSYoungGen      total 38400K, used 33280K [0x00000000eab00000, 0x00000000ed580000, 0x0000000100000000)
  eden space 33280K, 100% used [0x00000000eab00000,0x00000000ecb80000,0x00000000ecb80000)
  from space 5120K, 0% used [0x00000000ed080000,0x00000000ed080000,0x00000000ed580000)
  to   space 5120K, 0% used [0x00000000ecb80000,0x00000000ecb80000,0x00000000ed080000)
 ParOldGen       total 87552K, used 0K [0x00000000c0000000, 0x00000000c5580000, 0x00000000eab00000)
  object space 87552K, 0% used [0x00000000c0000000,0x00000000c0000000,0x00000000c5580000)
 Metaspace       used 5971K, capacity 6960K, committed 7040K, reserved 1056768K
  class space    used 591K, capacity 616K, committed 640K, reserved 1048576K
Event: 0.956 GC heap after
Heap after GC invocations=1 (full 0):
 PSYoungGen      total 38400K, used 5107K [0x00000000eab00000, 0x00000000ef600000, 0x0000000100000000)
  eden space 33280K, 0% used [0x00000000eab00000,0x00000000eab00000,0x00000000ecb80000)
  from space 5120K, 99% used [0x00000000ecb80000,0x00000000ed07cea8,0x00000000ed080000)
  to   space 5120K, 0% used [0x00000000ef100000,0x00000000ef100000,0x00000000ef600000)
 ParOldGen       total 87552K, used 652K [0x00000000c0000000, 0x00000000c5580000, 0x00000000eab00000)
  object space 87552K, 0% used [0x00000000c0000000,0x00000000c00a32f8,0x00000000c5580000)
 Metaspace       used 5971K, capacity 6960K, committed 7040K, reserved 1056768K
  class space    used 591K, capacity 616K, committed 640K, reserved 1048576K
}
Event: 1.752 GC heap before
{Heap before GC invocations=2 (full 0):
 PSYoungGen      total 38400K, used 38387K [0x00000000eab00000, 0x00000000ef600000, 0x0000000100000000)
  eden space 33280K, 100% used [0x00000000eab00000,0x00000000ecb80000,0x00000000ecb80000)
  from space 5120K, 99% used [0x00000000ecb80000,0x00000000ed07cea8,0x00000000ed080000)
  to   space 5120K, 0% used [0x00000000ef100000,0x00000000ef100000,0x00000000ef600000)
 ParOldGen       total 87552K, used 652K [0x00000000c0000000, 0x00000000c5580000, 0x00000000eab00000)
  object space 87552K, 0% used [0x00000000c0000000,0x00000000c00a32f8,0x00000000c5580000)
 Metaspace       used 6176K, capacity 7088K, committed 7296K, reserved 1056768K
  class space    used 592K, capacity 616K, committed 640K, reserved 1048576K
Event: 1.795 GC heap after
Heap after GC invocations=2 (full 0):
 PSYoungGen      total 71680K, used 5111K [0x00000000eab00000, 0x00000000ef600000, 0x0000000100000000)
  eden space 66560K, 0% used [0x00000000eab00000,0x00000000eab00000,0x00000000eec00000)
  from space 5120K, 99% used [0x00000000ef100000,0x00000000ef5fdf78,0x00000000ef600000)
  to   space 5120K, 0% used [0x00000000eec00000,0x00000000eec00000,0x00000000ef100000)
 ParOldGen       total 87552K, used 5028K [0x00000000c0000000, 0x00000000c5580000, 0x00000000eab00000)
  object space 87552K, 5% used [0x00000000c0000000,0x00000000c04e90f0,0x00000000c5580000)
 Metaspace       used 6176K, capacity 7088K, committed 7296K, reserved 1056768K
  class space    used 592K, capacity 616K, committed 640K, reserved 1048576K
}
Event: 2.617 GC heap before
{Heap before GC invocations=3 (full 0):
 PSYoungGen      total 71680K, used 71671K [0x00000000eab00000, 0x00000000ef600000, 0x0000000100000000)
  eden space 66560K, 100% used [0x00000000eab00000,0x00000000eec00000,0x00000000eec00000)
  from space 5120K, 99% used [0x00000000ef100000,0x00000000ef5fdf78,0x00000000ef600000)
  to   space 5120K, 0% used [0x00000000eec00000,0x00000000eec00000,0x00000000ef100000)
 ParOldGen       total 87552K, used 5028K [0x00000000c0000000, 0x00000000c5580000, 0x00000000eab00000)
  object space 87552K, 5% used [0x00000000c0000000,0x00000000c04e90f0,0x00000000c5580000)
 Metaspace       used 6244K, capacity 7152K, committed 7296K, reserved 1056768K
  class space    used 593K, capacity 616K, committed 640K, reserved 1048576K
Event: 2.646 GC heap after
Heap after GC invocations=3 (full 0):
 PSYoungGen      total 71680K, used 5110K [0x00000000eab00000, 0x00000000f3700000, 0x0000000100000000)
  eden space 66560K, 0% used [0x00000000eab00000,0x00000000eab00000,0x00000000eec00000)
  from space 5120K, 99% used [0x00000000eec00000,0x00000000ef0fdb50,0x00000000ef100000)
  to   space 5120K, 0% used [0x00000000f3200000,0x00000000f3200000,0x00000000f3700000)
 ParOldGen       total 87552K, used 14767K [0x00000000c0000000, 0x00000000c5580000, 0x00000000eab00000)
  object space 87552K, 16% used [0x00000000c0000000,0x00000000c0e6be20,0x00000000c5580000)
 Metaspace       used 6244K, capacity 7152K, committed 7296K, reserved 1056768K
  class space    used 593K, capacity 616K, committed 640K, reserved 1048576K
}
Event: 3.480 GC heap before
{Heap before GC invocations=4 (full 0):
 PSYoungGen      total 71680K, used 71670K [0x00000000eab00000, 0x00000000f3700000, 0x0000000100000000)
  eden space 66560K, 100% used [0x00000000eab00000,0x00000000eec00000,0x00000000eec00000)
  from space 5120K, 99% used [0x00000000eec00000,0x00000000ef0fdb50,0x00000000ef100000)
  to   space 5120K, 0% used [0x00000000f3200000,0x00000000f3200000,0x00000000f3700000)
 ParOldGen       total 87552K, used 14767K [0x00000000c0000000, 0x00000000c5580000, 0x00000000eab00000)
  object space 87552K, 16% used [0x00000000c0000000,0x00000000c0e6be20,0x00000000c5580000)
 Metaspace       used 6352K, capacity 7192K, committed 7424K, reserved 1056768K
  class space    used 613K, capacity 656K, committed 768K, reserved 1048576K
Event: 3.547 GC heap after
Heap after GC invocations=4 (full 0):
 PSYoungGen      total 138240K, used 5114K [0x00000000eab00000, 0x00000000f3700000, 0x0000000100000000)
  eden space 133120K, 0% used [0x00000000eab00000,0x00000000eab00000,0x00000000f2d00000)
  from space 5120K, 99% used [0x00000000f3200000,0x00000000f36febb8,0x00000000f3700000)
  to   space 5120K, 0% used [0x00000000f2d00000,0x00000000f2d00000,0x00000000f3200000)
 ParOldGen       total 87552K, used 24806K [0x00000000c0000000, 0x00000000c5580000, 0x00000000eab00000)
  object space 87552K, 28% used [0x00000000c0000000,0x00000000c18399c8,0x00000000c5580000)
 Metaspace       used 6352K, capacity 7192K, committed 7424K, reserved 1056768K
  class space    used 613K, capacity 656K, committed 768K, reserved 1048576K
}
Event: 4.974 GC heap before
{Heap before GC invocations=5 (full 0):
 PSYoungGen      total 138240K, used 138234K [0x00000000eab00000, 0x00000000f3700000, 0x0000000100000000)
  eden space 133120K, 100% used [0x00000000eab00000,0x00000000f2d00000,0x00000000f2d00000)
  from space 5120K, 99% used [0x00000000f3200000,0x00000000f36febb8,0x00000000f3700000)
  to   space 5120K, 0% used [0x00000000f2d00000,0x00000000f2d00000,0x00000000f3200000)
 ParOldGen       total 87552K, used 24806K [0x00000000c0000000, 0x00000000c5580000, 0x00000000eab00000)
  object space 87552K, 28% used [0x00000000c0000000,0x00000000c18399c8,0x00000000c5580000)
 Metaspace       used 6442K, capacity 7256K, committed 7424K, reserved 1056768K
  class space    used 613K, capacity 656K, committed 768K, reserved 1048576K
Event: 5.060 GC heap after
Heap after GC invocations=5 (full 0):
 PSYoungGen      total 138240K, used 5100K [0x00000000eab00000, 0x00000000fe400000, 0x0000000100000000)
  eden space 133120K, 0% used [0x00000000eab00000,0x00000000eab00000,0x00000000f2d00000)
  from space 5120K, 99% used [0x00000000f2d00000,0x00000000f31fb098,0x00000000f3200000)
  to   space 27136K, 0% used [0x00000000fc980000,0x00000000fc980000,0x00000000fe400000)
 ParOldGen       total 87552K, used 44780K [0x00000000c0000000, 0x00000000c5580000, 0x00000000eab00000)
  object space 87552K, 51% used [0x00000000c0000000,0x00000000c2bbb2b8,0x00000000c5580000)
 Metaspace       used 6442K, capacity 7256K, committed 7424K, reserved 1056768K
  class space    used 613K, capacity 656K, committed 768K, reserved 1048576K
}

Deoptimization events (10 events):
Event: 5.331 Thread 0x00000000023dd800 Uncommon trap: reason=class_check action=maybe_recompile pc=0x0000000002a75500 method=java.util.Arrays.hashCode([Ljava/lang/Object;)I @ 43
Event: 5.945 Thread 0x00000000023dd800 Uncommon trap: reason=speculate_class_check action=maybe_recompile pc=0x000000000294b0f4 method=com.android.dx.util.FixedSizeList.equals(Ljava/lang/Object;)Z @ 25
Event: 6.249 Thread 0x00000000023dd800 Uncommon trap: reason=speculate_class_check action=maybe_recompile pc=0x000000000294b0f4 method=com.android.dx.util.FixedSizeList.equals(Ljava/lang/Object;)Z @ 25
Event: 6.249 Thread 0x00000000023dd800 Uncommon trap: reason=class_check action=maybe_recompile pc=0x000000000294d5b8 method=java.util.Arrays.equals([Ljava/lang/Object;[Ljava/lang/Object;)Z @ 62
Event: 6.249 Thread 0x00000000023dd800 Uncommon trap: reason=speculate_class_check action=maybe_recompile pc=0x000000000294b0f4 method=com.android.dx.util.FixedSizeList.equals(Ljava/lang/Object;)Z @ 25
Event: 6.249 Thread 0x00000000023dd800 Uncommon trap: reason=class_check action=maybe_recompile pc=0x000000000294d5b8 method=java.util.Arrays.equals([Ljava/lang/Object;[Ljava/lang/Object;)Z @ 62
Event: 6.249 Thread 0x00000000023dd800 Uncommon trap: reason=speculate_class_check action=maybe_recompile pc=0x000000000294b0f4 method=com.android.dx.util.FixedSizeList.equals(Ljava/lang/Object;)Z @ 25
Event: 6.249 Thread 0x00000000023dd800 Uncommon trap: reason=class_check action=maybe_recompile pc=0x000000000294d5b8 method=java.util.Arrays.equals([Ljava/lang/Object;[Ljava/lang/Object;)Z @ 62
Event: 6.249 Thread 0x00000000023dd800 Uncommon trap: reason=class_check action=maybe_recompile pc=0x000000000294d5b8 method=java.util.Arrays.equals([Ljava/lang/Object;[Ljava/lang/Object;)Z @ 62
Event: 7.919 Thread 0x00000000023dd800 Uncommon trap: reason=unreached action=reinterpret pc=0x00000000028dbea8 method=java.util.Arrays.copyOf([Ljava/lang/Object;ILjava/lang/Class;)[Ljava/lang/Object; @ 3

Internal exceptions (10 events):
Event: 8.214 Thread 0x00000000023dd800 Exception <a 'java/security/PrivilegedActionException'> (0x00000000ed568c98) thrown at [D:\re\workspace\8-2-build-windows-amd64-cygwin\jdk8u20\1074\hotspot\src\share\vm\prims\jvm.cpp, line 1275]
Event: 8.214 Thread 0x00000000023dd800 Exception <a 'java/security/PrivilegedActionException'> (0x00000000ed56d768) thrown at [D:\re\workspace\8-2-build-windows-amd64-cygwin\jdk8u20\1074\hotspot\src\share\vm\prims\jvm.cpp, line 1275]
Event: 8.215 Thread 0x00000000023dd800 Exception <a 'java/security/PrivilegedActionException'> (0x00000000ed56f6b0) thrown at [D:\re\workspace\8-2-build-windows-amd64-cygwin\jdk8u20\1074\hotspot\src\share\vm\prims\jvm.cpp, line 1275]
Event: 8.217 Thread 0x00000000023dd800 Exception <a 'java/security/PrivilegedActionException'> (0x00000000ed571a88) thrown at [D:\re\workspace\8-2-build-windows-amd64-cygwin\jdk8u20\1074\hotspot\src\share\vm\prims\jvm.cpp, line 1275]
Event: 8.219 Thread 0x00000000023dd800 Exception <a 'java/security/PrivilegedActionException'> (0x00000000ed5739e0) thrown at [D:\re\workspace\8-2-build-windows-amd64-cygwin\jdk8u20\1074\hotspot\src\share\vm\prims\jvm.cpp, line 1275]
Event: 8.219 Thread 0x00000000023dd800 Exception <a 'java/security/PrivilegedActionException'> (0x00000000ed577000) thrown at [D:\re\workspace\8-2-build-windows-amd64-cygwin\jdk8u20\1074\hotspot\src\share\vm\prims\jvm.cpp, line 1275]
Event: 8.220 Thread 0x00000000023dd800 Exception <a 'java/security/PrivilegedActionException'> (0x00000000ed57a018) thrown at [D:\re\workspace\8-2-build-windows-amd64-cygwin\jdk8u20\1074\hotspot\src\share\vm\prims\jvm.cpp, line 1275]
Event: 8.220 Thread 0x00000000023dd800 Exception <a 'java/security/PrivilegedActionException'> (0x00000000ed57d480) thrown at [D:\re\workspace\8-2-build-windows-amd64-cygwin\jdk8u20\1074\hotspot\src\share\vm\prims\jvm.cpp, line 1275]
Event: 8.223 Thread 0x00000000023dd800 Exception <a 'java/security/PrivilegedActionException'> (0x00000000ed5808a0) thrown at [D:\re\workspace\8-2-build-windows-amd64-cygwin\jdk8u20\1074\hotspot\src\share\vm\prims\jvm.cpp, line 1275]
Event: 8.223 Thread 0x00000000023dd800 Exception <a 'java/security/PrivilegedActionException'> (0x00000000ed583d00) thrown at [D:\re\workspace\8-2-build-windows-amd64-cygwin\jdk8u20\1074\hotspot\src\share\vm\prims\jvm.cpp, line 1275]

Events (10 events):
Event: 8.592 loading class java/util/zip/Deflater
Event: 8.592 loading class java/util/zip/Deflater done
Event: 8.593 loading class java/util/zip/ZipOutputStream$XEntry
Event: 8.593 loading class java/util/zip/ZipOutputStream$XEntry done
Event: 8.594 loading class java/io/DataOutputStream
Event: 8.594 loading class java/io/DataOutput
Event: 8.594 loading class java/io/DataOutput done
Event: 8.594 loading class java/io/DataOutputStream done
Event: 8.594 loading class java/lang/StringCoding$StringEncoder
Event: 8.594 loading class java/lang/StringCoding$StringEncoder done


Dynamic libraries:
0x00007ff6084f0000 - 0x00007ff608524000 	C:\Program Files\Java\jdk1.8.0_20\bin\java.exe
0x00007ffc01af0000 - 0x00007ffc01cb1000 	C:\WINDOWS\SYSTEM32\ntdll.dll
0x00007ffc00280000 - 0x00007ffc0032d000 	C:\WINDOWS\system32\KERNEL32.DLL
0x00007ffbfe580000 - 0x00007ffbfe768000 	C:\WINDOWS\system32\KERNELBASE.dll
0x00007ffc01a40000 - 0x00007ffc01ae7000 	C:\WINDOWS\system32\ADVAPI32.dll
0x00007ffbfef00000 - 0x00007ffbfef9d000 	C:\WINDOWS\system32\msvcrt.dll
0x00007ffbfff40000 - 0x00007ffbfff9b000 	C:\WINDOWS\system32\sechost.dll
0x00007ffc01920000 - 0x00007ffc01a3c000 	C:\WINDOWS\system32\RPCRT4.dll
0x00007ffbffde0000 - 0x00007ffbfff36000 	C:\WINDOWS\system32\USER32.dll
0x00007ffbff940000 - 0x00007ffbffac6000 	C:\WINDOWS\system32\GDI32.dll
0x00007ffbf4900000 - 0x00007ffbf4b74000 	C:\WINDOWS\WinSxS\amd64_microsoft.windows.common-controls_6595b64144ccf1df_6.0.10586.494_none_a2d8b04ea53e3145\COMCTL32.dll
0x00007ffbfefa0000 - 0x00007ffbff21d000 	C:\WINDOWS\system32\combase.dll
0x00007ffbfe450000 - 0x00007ffbfe4ba000 	C:\WINDOWS\system32\bcryptPrimitives.dll
0x00007ffbff890000 - 0x00007ffbff8cb000 	C:\WINDOWS\system32\IMM32.DLL
0x000000006c410000 - 0x000000006c4e2000 	C:\Program Files\Java\jdk1.8.0_20\jre\bin\msvcr100.dll
0x000000006bbb0000 - 0x000000006c408000 	C:\Program Files\Java\jdk1.8.0_20\jre\bin\server\jvm.dll
0x00007ffc00330000 - 0x00007ffc00338000 	C:\WINDOWS\system32\PSAPI.DLL
0x00007ffbf1720000 - 0x00007ffbf1729000 	C:\WINDOWS\SYSTEM32\WSOCK32.dll
0x00007ffbfbd40000 - 0x00007ffbfbd63000 	C:\WINDOWS\SYSTEM32\WINMM.dll
0x00007ffbff8d0000 - 0x00007ffbff93b000 	C:\WINDOWS\system32\WS2_32.dll
0x0000000000a30000 - 0x0000000000a5c000 	C:\WINDOWS\SYSTEM32\WINMMBASE.dll
0x00007ffbfe230000 - 0x00007ffbfe273000 	C:\WINDOWS\system32\cfgmgr32.dll
0x000000006e1f0000 - 0x000000006e1ff000 	C:\Program Files\Java\jdk1.8.0_20\jre\bin\verify.dll
0x000000006dfa0000 - 0x000000006dfc8000 	C:\Program Files\Java\jdk1.8.0_20\jre\bin\java.dll
0x000000006e1d0000 - 0x000000006e1e6000 	C:\Program Files\Java\jdk1.8.0_20\jre\bin\zip.dll
0x00007ffc003c0000 - 0x00007ffc0191c000 	C:\WINDOWS\system32\SHELL32.dll
0x00007ffbfe8a0000 - 0x00007ffbfeee5000 	C:\WINDOWS\system32\windows.storage.dll
0x00007ffbff670000 - 0x00007ffbff6c2000 	C:\WINDOWS\system32\shlwapi.dll
0x00007ffbfe190000 - 0x00007ffbfe19f000 	C:\WINDOWS\system32\kernel.appcore.dll
0x00007ffbfe4c0000 - 0x00007ffbfe575000 	C:\WINDOWS\system32\shcore.dll
0x00007ffbfe110000 - 0x00007ffbfe15b000 	C:\WINDOWS\system32\powrprof.dll
0x00007ffbfe160000 - 0x00007ffbfe174000 	C:\WINDOWS\system32\profapi.dll
0x00007ffbecea0000 - 0x00007ffbed02c000 	C:\WINDOWS\SYSTEM32\dbghelp.dll

VM Arguments:
jvm_args: -Djava.awt.headless=true -Xmx1024M -Dfile.encoding=windows-1252 -Duser.country=US -Duser.language=en -Duser.variant 
java_command: com.android.dx.command.Main --dex --num-threads=4 --output C:\Users\Jadon\WorkSpace3Y\SoftwareDesign\FindMeTutor\FindMeTutor\app\build\intermediates\pre-dexed\debug\com.android.support-appcompat-v7-24.1.1_fac39c4603225c7e109707314124948bebb26c0a.jar C:\Users\Jadon\WorkSpace3Y\SoftwareDesign\FindMeTutor\FindMeTutor\app\build\intermediates\exploded-aar\com.android.support\appcompat-v7\24.1.1\jars\classes.jar
java_class_path (initial): C:\Users\Jadon\AppData\Local\Android\sdk\build-tools\24.0.1\lib\dx.jar
Launcher Type: SUN_STANDARD

Environment Variables:
PATH=C:\ProgramData\Oracle\Java\javapath;C:\Program Files (x86)\AMD APP\bin\x86_64;C:\Program Files (x86)\AMD APP\bin\x86;C:\Program Files (x86)\Intel\iCLS Client\;C:\Program Files\Intel\iCLS Client\;C:\WINDOWS\system32;C:\WINDOWS;C:\WINDOWS\System32\Wbem;C:\WINDOWS\System32\WindowsPowerShell\v1.0\;C:\Program Files\Intel\WiFi\bin\;C:\Program Files\Common Files\Intel\WirelessCommon\;C:\Program Files\Intel\Intel(R) Management Engine Components\DAL;C:\Program Files\Intel\Intel(R) Management Engine Components\IPT;C:\Program Files (x86)\Intel\Intel(R) Management Engine Components\DAL;C:\Program Files (x86)\Intel\Intel(R) Management Engine Components\IPT;C:\Program Files (x86)\ATI Technologies\ATI.ACE\Core-Static;C:\Program Files (x86)\Intel\OpenCL SDK\2.0\bin\x86;C:\Program Files (x86)\Intel\OpenCL SDK\2.0\bin\x64;C:\Program Files (x86)\QuickTime\QTSystem\;C:\Program Files\MATLAB\R2013b\runtime\win64;C:\Program Files\MATLAB\R2013b\bin;C:\WINDOWS\system32\config\systemprofile\.dnx\bin;C:\Program Files\Microsoft DNX\Dnvm\;C:\Program Files\Microsoft SQL Server\130\Tools\Binn\;C:\Program Files (x86)\Windows Kits\8.1\Windows Performance Toolkit\;C:\Program Files\MiKTeX 2.9\miktex\bin\x64\;C:\Program Files (x86)\MiKTeX 2.9\miktex\bin\;C:\Program Files (x86)\Graphviz2.38\bin;C:\Program Files\doxygen\bin;C:\Program Files\Git\cmd;C:\Program Files (x86)\OpenVPN\bin;C:\Users\Jadon\AppData\Local\Programs\Python\Python35\Scripts\;C:\Users\Jadon\AppData\Local\Programs\Python\Python35\;C:\Program Files\Intel\WiFi\bin\;C:\Program Files\Common Files\Intel\WirelessCommon\
USERNAME=Jadon
OS=Windows_NT
PROCESSOR_IDENTIFIER=Intel64 Family 6 Model 58 Stepping 9, GenuineIntel



---------------  S Y S T E M  ---------------

OS: Windows 8.1 , 64 bit Build 9600 

CPU:total 4 (2 cores per cpu, 2 threads per core) family 6 model 58 stepping 9, cmov, cx8, fxsr, mmx, sse, sse2, sse3, ssse3, sse4.1, sse4.2, popcnt, avx, aes, clmul, erms, ht, tsc, tscinvbit, tscinv

Memory: 4k page, physical 8267032k(728580k free), swap 10217752k(90284k free)

vm_info: Java HotSpot(TM) 64-Bit Server VM (25.20-b23) for windows-amd64 JRE (1.8.0_20-b26), built on Jul 30 2014 13:51:23 by "java_re" with MS VC++ 10.0 (VS2010)

time: Tue Aug 09 15:35:25 2016
elapsed time: 8 seconds (0d 0h 0m 8s)

