#
# There is insufficient memory for the Java Runtime Environment to continue.
# Native memory allocation (malloc) failed to allocate 242256 bytes for Chunk::new
# Possible reasons:
#   The system is out of physical RAM or swap space
#   In 32 bit mode, the process size limit was hit
# Possible solutions:
#   Reduce memory load on the system
#   Increase physical memory or swap space
#   Check if swap backing store is full
#   Use 64 bit Java on a 64 bit OS
#   Decrease Java heap size (-Xmx/-Xms)
#   Decrease number of Java threads
#   Decrease Java thread stack sizes (-Xss)
#   Set larger code cache with -XX:ReservedCodeCacheSize=
# This output file may be truncated or incomplete.
#
#  Out of Memory Error (allocation.cpp:390), pid=13196, tid=952
#
# JRE version: Java(TM) SE Runtime Environment (8.0_20-b26) (build 1.8.0_20-b26)
# Java VM: Java HotSpot(TM) 64-Bit Server VM (25.20-b23 mixed mode windows-amd64 compressed oops)
# Failed to write core dump. Minidumps are not enabled by default on client versions of Windows
#

---------------  T H R E A D  ---------------

Current thread (0x000000001529f000):  JavaThread "C2 CompilerThread0" daemon [_thread_in_native, id=952, stack(0x0000000016810000,0x0000000016910000)]

Stack: [0x0000000016810000,0x0000000016910000]
Native frames: (J=compiled Java code, j=interpreted, Vv=VM code, C=native code)
V  [jvm.dll+0x3152fa]
V  [jvm.dll+0x265d03]
V  [jvm.dll+0x266943]
V  [jvm.dll+0x25e265]
V  [jvm.dll+0xbe255]
V  [jvm.dll+0xbe6fc]
V  [jvm.dll+0x45c472]
V  [jvm.dll+0x49d76f]
V  [jvm.dll+0x4515a4]
V  [jvm.dll+0x452634]
V  [jvm.dll+0x435fc2]
V  [jvm.dll+0x97b62]
V  [jvm.dll+0x98353]
V  [jvm.dll+0x22aac4]
V  [jvm.dll+0x283f5a]
C  [msvcr100.dll+0x21d9f]
C  [msvcr100.dll+0x21e3b]
C  [KERNEL32.DLL+0x18102]
C  [ntdll.dll+0x5c5b4]


Current CompileTask:
C2:  10126 2749       4       java.util.TimSort::sort (229 bytes)


---------------  P R O C E S S  ---------------

Java Threads: ( => current thread )
  0x0000000016b4d000 JavaThread "Service Thread" daemon [_thread_blocked, id=11176, stack(0x0000000016f10000,0x0000000017010000)]
  0x00000000152a1000 JavaThread "C1 CompilerThread2" daemon [_thread_in_vm, id=6280, stack(0x0000000016a10000,0x0000000016b10000)]
  0x00000000152a4000 JavaThread "C2 CompilerThread1" daemon [_thread_in_native, id=11316, stack(0x0000000016910000,0x0000000016a10000)]
=>0x000000001529f000 JavaThread "C2 CompilerThread0" daemon [_thread_in_native, id=952, stack(0x0000000016810000,0x0000000016910000)]
  0x000000001529b000 JavaThread "Attach Listener" daemon [_thread_blocked, id=10728, stack(0x0000000016710000,0x0000000016810000)]
  0x0000000015299800 JavaThread "Signal Dispatcher" daemon [_thread_blocked, id=11504, stack(0x0000000016610000,0x0000000016710000)]
  0x0000000002bc5000 JavaThread "Finalizer" daemon [_thread_blocked, id=9248, stack(0x0000000016510000,0x0000000016610000)]
  0x0000000015268000 JavaThread "Reference Handler" daemon [_thread_blocked, id=1364, stack(0x0000000016410000,0x0000000016510000)]
  0x0000000002acd800 JavaThread "main" [_thread_blocked, id=4556, stack(0x00000000029b0000,0x0000000002ab0000)]

Other Threads:
  0x0000000015266000 VMThread [stack: 0x0000000016310000,0x0000000016410000] [id=8968]
  0x0000000016b4f000 WatcherThread [stack: 0x0000000017010000,0x0000000017110000] [id=5276]

VM state:not at safepoint (normal execution)

VM Mutex/Monitor currently owned by a thread:  ([mutex/lock_event])
[0x0000000002acc100] CodeCache_lock - owner thread: 0x00000000152a1000
[0x0000000002ad0350] Compile_lock - owner thread: 0x00000000152a1000
[0x0000000002ad14d0] MethodCompileQueue_lock - owner thread: 0x00000000152a1000

Heap:
 PSYoungGen      total 291328K, used 152764K [0x00000000eab00000, 0x00000000fee00000, 0x0000000100000000)
  eden space 262656K, 48% used [0x00000000eab00000,0x00000000f27da4f0,0x00000000fab80000)
  from space 28672K, 86% used [0x00000000fcb00000,0x00000000fe354e10,0x00000000fe700000)
  to   space 32256K, 0% used [0x00000000fab80000,0x00000000fab80000,0x00000000fcb00000)
 ParOldGen       total 87552K, used 43810K [0x00000000c0000000, 0x00000000c5580000, 0x00000000eab00000)
  object space 87552K, 50% used [0x00000000c0000000,0x00000000c2ac8858,0x00000000c5580000)
 Metaspace       used 6938K, capacity 7672K, committed 7936K, reserved 1056768K
  class space    used 634K, capacity 688K, committed 768K, reserved 1048576K

Card table byte_map: [0x0000000011f90000,0x00000000121a0000] byte_map_base: 0x0000000011990000

Marking Bits: (ParMarkBitMap*) 0x0000000050f9b460
 Begin Bits: [0x0000000012700000, 0x0000000013700000)
 End Bits:   [0x0000000013700000, 0x0000000014700000)

Polling page: 0x00000000011d0000

CodeCache: size=245760Kb used=11255Kb max_used=11255Kb free=234505Kb
 bounds [0x0000000002bd0000, 0x00000000036e0000, 0x0000000011bd0000]
 total_blobs=3030 nmethods=2763 adapters=179
 compilation: enabled

Compilation events (10 events):
Event: 9.373 Thread 0x00000000152a1000 nmethod 2744 0x000000000369e150 code [0x000000000369e2e0, 0x000000000369e708]
Event: 9.374 Thread 0x00000000152a1000 2745       3       com.android.dx.dex.file.DebugInfoEncoder::emitLocalRestart (80 bytes)
Event: 9.375 Thread 0x00000000152a1000 nmethod 2745 0x00000000036a8b90 code [0x00000000036a8dc0, 0x00000000036a9b68]
Event: 9.387 Thread 0x00000000152a1000 2746       3       com.android.dx.dex.file.DebugInfoEncoder::emitLocalStartExtended (103 bytes)
Event: 9.389 Thread 0x00000000152a1000 nmethod 2746 0x00000000036ad310 code [0x00000000036ad5a0, 0x00000000036ae678]
Event: 9.394 Thread 0x00000000152a1000 2747       3       com.android.dx.dex.code.SwitchData::codeSize (27 bytes)
Event: 9.395 Thread 0x00000000152a1000 nmethod 2747 0x00000000036a0bd0 code [0x00000000036a0d40, 0x00000000036a1048]
Event: 9.396 Thread 0x00000000152a1000 2748       3       com.android.dx.dex.file.DebugInfoEncoder::emitLocalsAtAddress (150 bytes)
Event: 9.397 Thread 0x000000001529f000 2749       4       java.util.TimSort::sort (229 bytes)
Event: 9.398 Thread 0x00000000152a1000 nmethod 2748 0x00000000036aeed0 code [0x00000000036af160, 0x00000000036b04c8]

GC Heap History (10 events):
Event: 1.065 GC heap before
{Heap before GC invocations=2 (full 0):
 PSYoungGen      total 38400K, used 37879K [0x00000000eab00000, 0x00000000ef600000, 0x0000000100000000)
  eden space 33280K, 100% used [0x00000000eab00000,0x00000000ecb80000,0x00000000ecb80000)
  from space 5120K, 89% used [0x00000000ecb80000,0x00000000ecffdf38,0x00000000ed080000)
  to   space 5120K, 0% used [0x00000000ef100000,0x00000000ef100000,0x00000000ef600000)
 ParOldGen       total 87552K, used 8K [0x00000000c0000000, 0x00000000c5580000, 0x00000000eab00000)
  object space 87552K, 0% used [0x00000000c0000000,0x00000000c0002000,0x00000000c5580000)
 Metaspace       used 6116K, capacity 7024K, committed 7296K, reserved 1056768K
  class space    used 593K, capacity 616K, committed 640K, reserved 1048576K
Event: 1.085 GC heap after
Heap after GC invocations=2 (full 0):
 PSYoungGen      total 71680K, used 5096K [0x00000000eab00000, 0x00000000ef600000, 0x0000000100000000)
  eden space 66560K, 0% used [0x00000000eab00000,0x00000000eab00000,0x00000000eec00000)
  from space 5120K, 99% used [0x00000000ef100000,0x00000000ef5fa298,0x00000000ef600000)
  to   space 5120K, 0% used [0x00000000eec00000,0x00000000eec00000,0x00000000ef100000)
 ParOldGen       total 87552K, used 3336K [0x00000000c0000000, 0x00000000c5580000, 0x00000000eab00000)
  object space 87552K, 3% used [0x00000000c0000000,0x00000000c0342220,0x00000000c5580000)
 Metaspace       used 6116K, capacity 7024K, committed 7296K, reserved 1056768K
  class space    used 593K, capacity 616K, committed 640K, reserved 1048576K
}
Event: 1.538 GC heap before
{Heap before GC invocations=3 (full 0):
 PSYoungGen      total 71680K, used 71656K [0x00000000eab00000, 0x00000000ef600000, 0x0000000100000000)
  eden space 66560K, 100% used [0x00000000eab00000,0x00000000eec00000,0x00000000eec00000)
  from space 5120K, 99% used [0x00000000ef100000,0x00000000ef5fa298,0x00000000ef600000)
  to   space 5120K, 0% used [0x00000000eec00000,0x00000000eec00000,0x00000000ef100000)
 ParOldGen       total 87552K, used 3336K [0x00000000c0000000, 0x00000000c5580000, 0x00000000eab00000)
  object space 87552K, 3% used [0x00000000c0000000,0x00000000c0342220,0x00000000c5580000)
 Metaspace       used 6254K, capacity 7152K, committed 7296K, reserved 1056768K
  class space    used 593K, capacity 616K, committed 640K, reserved 1048576K
Event: 1.570 GC heap after
Heap after GC invocations=3 (full 0):
 PSYoungGen      total 71680K, used 5100K [0x00000000eab00000, 0x00000000f3700000, 0x0000000100000000)
  eden space 66560K, 0% used [0x00000000eab00000,0x00000000eab00000,0x00000000eec00000)
  from space 5120K, 99% used [0x00000000eec00000,0x00000000ef0fb078,0x00000000ef100000)
  to   space 5120K, 0% used [0x00000000f3200000,0x00000000f3200000,0x00000000f3700000)
 ParOldGen       total 87552K, used 12470K [0x00000000c0000000, 0x00000000c5580000, 0x00000000eab00000)
  object space 87552K, 14% used [0x00000000c0000000,0x00000000c0c2d8a8,0x00000000c5580000)
 Metaspace       used 6254K, capacity 7152K, committed 7296K, reserved 1056768K
  class space    used 593K, capacity 616K, committed 640K, reserved 1048576K
}
Event: 1.999 GC heap before
{Heap before GC invocations=4 (full 0):
 PSYoungGen      total 71680K, used 71660K [0x00000000eab00000, 0x00000000f3700000, 0x0000000100000000)
  eden space 66560K, 100% used [0x00000000eab00000,0x00000000eec00000,0x00000000eec00000)
  from space 5120K, 99% used [0x00000000eec00000,0x00000000ef0fb078,0x00000000ef100000)
  to   space 5120K, 0% used [0x00000000f3200000,0x00000000f3200000,0x00000000f3700000)
 ParOldGen       total 87552K, used 12470K [0x00000000c0000000, 0x00000000c5580000, 0x00000000eab00000)
  object space 87552K, 14% used [0x00000000c0000000,0x00000000c0c2d8a8,0x00000000c5580000)
 Metaspace       used 6304K, capacity 7216K, committed 7296K, reserved 1056768K
  class space    used 593K, capacity 616K, committed 640K, reserved 1048576K
Event: 2.028 GC heap after
Heap after GC invocations=4 (full 0):
 PSYoungGen      total 138240K, used 5109K [0x00000000eab00000, 0x00000000f3700000, 0x0000000100000000)
  eden space 133120K, 0% used [0x00000000eab00000,0x00000000eab00000,0x00000000f2d00000)
  from space 5120K, 99% used [0x00000000f3200000,0x00000000f36fd6a8,0x00000000f3700000)
  to   space 5120K, 0% used [0x00000000f2d00000,0x00000000f2d00000,0x00000000f3200000)
 ParOldGen       total 87552K, used 22681K [0x00000000c0000000, 0x00000000c5580000, 0x00000000eab00000)
  object space 87552K, 25% used [0x00000000c0000000,0x00000000c16264f0,0x00000000c5580000)
 Metaspace       used 6304K, capacity 7216K, committed 7296K, reserved 1056768K
  class space    used 593K, capacity 616K, committed 640K, reserved 1048576K
}
Event: 2.959 GC heap before
{Heap before GC invocations=5 (full 0):
 PSYoungGen      total 138240K, used 138229K [0x00000000eab00000, 0x00000000f3700000, 0x0000000100000000)
  eden space 133120K, 100% used [0x00000000eab00000,0x00000000f2d00000,0x00000000f2d00000)
  from space 5120K, 99% used [0x00000000f3200000,0x00000000f36fd6a8,0x00000000f3700000)
  to   space 5120K, 0% used [0x00000000f2d00000,0x00000000f2d00000,0x00000000f3200000)
 ParOldGen       total 87552K, used 22681K [0x00000000c0000000, 0x00000000c5580000, 0x00000000eab00000)
  object space 87552K, 25% used [0x00000000c0000000,0x00000000c16264f0,0x00000000c5580000)
 Metaspace       used 6488K, capacity 7320K, committed 7680K, reserved 1056768K
  class space    used 613K, capacity 656K, committed 768K, reserved 1048576K
Event: 3.028 GC heap after
Heap after GC invocations=5 (full 0):
 PSYoungGen      total 138240K, used 5097K [0x00000000eab00000, 0x00000000fe700000, 0x0000000100000000)
  eden space 133120K, 0% used [0x00000000eab00000,0x00000000eab00000,0x00000000f2d00000)
  from space 5120K, 99% used [0x00000000f2d00000,0x00000000f31fa498,0x00000000f3200000)
  to   space 28672K, 0% used [0x00000000fcb00000,0x00000000fcb00000,0x00000000fe700000)
 ParOldGen       total 87552K, used 43810K [0x00000000c0000000, 0x00000000c5580000, 0x00000000eab00000)
  object space 87552K, 50% used [0x00000000c0000000,0x00000000c2ac8858,0x00000000c5580000)
 Metaspace       used 6488K, capacity 7320K, committed 7680K, reserved 1056768K
  class space    used 613K, capacity 656K, committed 768K, reserved 1048576K
}
Event: 3.851 GC heap before
{Heap before GC invocations=6 (full 0):
 PSYoungGen      total 138240K, used 138217K [0x00000000eab00000, 0x00000000fe700000, 0x0000000100000000)
  eden space 133120K, 100% used [0x00000000eab00000,0x00000000f2d00000,0x00000000f2d00000)
  from space 5120K, 99% used [0x00000000f2d00000,0x00000000f31fa498,0x00000000f3200000)
  to   space 28672K, 0% used [0x00000000fcb00000,0x00000000fcb00000,0x00000000fe700000)
 ParOldGen       total 87552K, used 43810K [0x00000000c0000000, 0x00000000c5580000, 0x00000000eab00000)
  object space 87552K, 50% used [0x00000000c0000000,0x00000000c2ac8858,0x00000000c5580000)
 Metaspace       used 6507K, capacity 7320K, committed 7680K, reserved 1056768K
  class space    used 613K, capacity 656K, committed 768K, reserved 1048576K
Event: 3.961 GC heap after
Heap after GC invocations=6 (full 0):
 PSYoungGen      total 291328K, used 24915K [0x00000000eab00000, 0x00000000fee00000, 0x0000000100000000)
  eden space 262656K, 0% used [0x00000000eab00000,0x00000000eab00000,0x00000000fab80000)
  from space 28672K, 86% used [0x00000000fcb00000,0x00000000fe354e10,0x00000000fe700000)
  to   space 32256K, 0% used [0x00000000fab80000,0x00000000fab80000,0x00000000fcb00000)
 ParOldGen       total 87552K, used 43810K [0x00000000c0000000, 0x00000000c5580000, 0x00000000eab00000)
  object space 87552K, 50% used [0x00000000c0000000,0x00000000c2ac8858,0x00000000c5580000)
 Metaspace       used 6507K, capacity 7320K, committed 7680K, reserved 1056768K
  class space    used 613K, capacity 656K, committed 768K, reserved 1048576K
}

Deoptimization events (10 events):
Event: 6.669 Thread 0x0000000002acd800 Uncommon trap: reason=speculate_class_check action=maybe_recompile pc=0x0000000002efdb7c method=com.android.dx.util.FixedSizeList.equals(Ljava/lang/Object;)Z @ 25
Event: 6.669 Thread 0x0000000002acd800 Uncommon trap: reason=class_check action=maybe_recompile pc=0x0000000002f14ec0 method=java.util.Arrays.equals([Ljava/lang/Object;[Ljava/lang/Object;)Z @ 62
Event: 6.669 Thread 0x0000000002acd800 Uncommon trap: reason=speculate_class_check action=maybe_recompile pc=0x0000000002efdb7c method=com.android.dx.util.FixedSizeList.equals(Ljava/lang/Object;)Z @ 25
Event: 6.670 Thread 0x0000000002acd800 Uncommon trap: reason=class_check action=maybe_recompile pc=0x0000000002f14ec0 method=java.util.Arrays.equals([Ljava/lang/Object;[Ljava/lang/Object;)Z @ 62
Event: 6.670 Thread 0x0000000002acd800 Uncommon trap: reason=speculate_class_check action=maybe_recompile pc=0x0000000002efdb7c method=com.android.dx.util.FixedSizeList.equals(Ljava/lang/Object;)Z @ 25
Event: 6.670 Thread 0x0000000002acd800 Uncommon trap: reason=speculate_class_check action=maybe_recompile pc=0x0000000002efdb7c method=com.android.dx.util.FixedSizeList.equals(Ljava/lang/Object;)Z @ 25
Event: 6.670 Thread 0x0000000002acd800 Uncommon trap: reason=class_check action=maybe_recompile pc=0x0000000002f14ec0 method=java.util.Arrays.equals([Ljava/lang/Object;[Ljava/lang/Object;)Z @ 62
Event: 6.670 Thread 0x0000000002acd800 Uncommon trap: reason=class_check action=maybe_recompile pc=0x0000000002f14ec0 method=java.util.Arrays.equals([Ljava/lang/Object;[Ljava/lang/Object;)Z @ 62
Event: 6.697 Thread 0x0000000002acd800 Uncommon trap: reason=unreached action=reinterpret pc=0x000000000356edb8 method=com.android.dx.dex.code.OutputFinisher.findOpcodeForInsn(Lcom/android/dx/dex/code/DalvInsn;Lcom/android/dx/dex/code/Dop;)Lcom/android/dx/dex/code/Dop; @ 1
Event: 9.393 Thread 0x0000000002acd800 Uncommon trap: reason=unreached action=reinterpret pc=0x00000000036a5380 method=com.android.dx.dex.file.DebugInfoEncoder.emitLocalsAtAddress(I)I @ 137

Internal exceptions (10 events):
Event: 6.408 Thread 0x0000000002acd800 Exception <a 'java/security/PrivilegedActionException'> (0x00000000f0d41558) thrown at [D:\re\workspace\8-2-build-windows-amd64-cygwin\jdk8u20\1074\hotspot\src\share\vm\prims\jvm.cpp, line 1275]
Event: 6.669 Thread 0x0000000002acd800 Exception <a 'java/security/PrivilegedActionException'> (0x00000000f0d61e80) thrown at [D:\re\workspace\8-2-build-windows-amd64-cygwin\jdk8u20\1074\hotspot\src\share\vm\prims\jvm.cpp, line 1275]
Event: 6.670 Thread 0x0000000002acd800 Exception <a 'java/security/PrivilegedActionException'> (0x00000000f0d64fb0) thrown at [D:\re\workspace\8-2-build-windows-amd64-cygwin\jdk8u20\1074\hotspot\src\share\vm\prims\jvm.cpp, line 1275]
Event: 6.670 Thread 0x0000000002acd800 Exception <a 'java/security/PrivilegedActionException'> (0x00000000f0d68568) thrown at [D:\re\workspace\8-2-build-windows-amd64-cygwin\jdk8u20\1074\hotspot\src\share\vm\prims\jvm.cpp, line 1275]
Event: 6.697 Thread 0x0000000002acd800 Exception <a 'java/security/PrivilegedActionException'> (0x00000000f0d94060) thrown at [D:\re\workspace\8-2-build-windows-amd64-cygwin\jdk8u20\1074\hotspot\src\share\vm\prims\jvm.cpp, line 1275]
Event: 8.765 Thread 0x0000000002acd800 Exception <a 'java/security/PrivilegedActionException'> (0x00000000f1b22580) thrown at [D:\re\workspace\8-2-build-windows-amd64-cygwin\jdk8u20\1074\hotspot\src\share\vm\prims\jvm.cpp, line 1275]
Event: 8.773 Thread 0x0000000002acd800 Exception <a 'java/security/PrivilegedActionException'> (0x00000000f1b9bae8) thrown at [D:\re\workspace\8-2-build-windows-amd64-cygwin\jdk8u20\1074\hotspot\src\share\vm\prims\jvm.cpp, line 1275]
Event: 9.113 Thread 0x0000000002acd800 Exception <a 'java/security/PrivilegedActionException'> (0x00000000f1be1c08) thrown at [D:\re\workspace\8-2-build-windows-amd64-cygwin\jdk8u20\1074\hotspot\src\share\vm\prims\jvm.cpp, line 1275]
Event: 9.115 Thread 0x0000000002acd800 Exception <a 'java/security/PrivilegedActionException'> (0x00000000f1bedb00) thrown at [D:\re\workspace\8-2-build-windows-amd64-cygwin\jdk8u20\1074\hotspot\src\share\vm\prims\jvm.cpp, line 1275]
Event: 9.115 Thread 0x0000000002acd800 Exception <a 'java/security/PrivilegedActionException'> (0x00000000f1bf0810) thrown at [D:\re\workspace\8-2-build-windows-amd64-cygwin\jdk8u20\1074\hotspot\src\share\vm\prims\jvm.cpp, line 1275]

Events (10 events):
Event: 8.773 loading class com/android/dx/rop/code/RegisterSpecList$1 done
Event: 9.113 loading class com/android/dx/dex/file/DebugInfoEncoder
Event: 9.113 loading class com/android/dx/dex/file/DebugInfoEncoder done
Event: 9.115 loading class com/android/dx/dex/file/DebugInfoEncoder$1
Event: 9.115 loading class com/android/dx/dex/file/DebugInfoEncoder$1 done
Event: 9.115 loading class com/android/dx/dex/file/DebugInfoEncoder$2
Event: 9.115 loading class com/android/dx/dex/file/DebugInfoEncoder$2 done
Event: 9.393 Thread 0x0000000002acd800 Uncommon trap: trap_request=0xffffffad fr.pc=0x00000000036a5380
Event: 9.393 Thread 0x0000000002acd800 DEOPT PACKING pc=0x00000000036a5380 sp=0x0000000002aaec00
Event: 9.393 Thread 0x0000000002acd800 DEOPT UNPACKING pc=0x0000000002c1556a sp=0x0000000002aaebf0 mode 2


Dynamic libraries:
0x00007ff6f8110000 - 0x00007ff6f8144000 	C:\Program Files\Java\jdk1.8.0_20\bin\java.exe
0x00007ff9e0730000 - 0x00007ff9e08f1000 	C:\WINDOWS\SYSTEM32\ntdll.dll
0x00007ff9ddf50000 - 0x00007ff9ddffd000 	C:\WINDOWS\system32\KERNEL32.DLL
0x00007ff9dcde0000 - 0x00007ff9dcfc8000 	C:\WINDOWS\system32\KERNELBASE.dll
0x00007ff9ded10000 - 0x00007ff9dedb7000 	C:\WINDOWS\system32\ADVAPI32.dll
0x00007ff9dec70000 - 0x00007ff9ded0d000 	C:\WINDOWS\system32\msvcrt.dll
0x00007ff9de790000 - 0x00007ff9de7eb000 	C:\WINDOWS\system32\sechost.dll
0x00007ff9ddb30000 - 0x00007ff9ddc4c000 	C:\WINDOWS\system32\RPCRT4.dll
0x00007ff9de090000 - 0x00007ff9de1e6000 	C:\WINDOWS\system32\USER32.dll
0x00007ff9de860000 - 0x00007ff9de9e6000 	C:\WINDOWS\system32\GDI32.dll
0x00007ff9d3370000 - 0x00007ff9d35e4000 	C:\WINDOWS\WinSxS\amd64_microsoft.windows.common-controls_6595b64144ccf1df_6.0.10586.494_none_a2d8b04ea53e3145\COMCTL32.dll
0x00007ff9de9f0000 - 0x00007ff9dec6d000 	C:\WINDOWS\system32\combase.dll
0x00007ff9dd410000 - 0x00007ff9dd47a000 	C:\WINDOWS\system32\bcryptPrimitives.dll
0x00007ff9e0320000 - 0x00007ff9e035b000 	C:\WINDOWS\system32\IMM32.DLL
0x0000000052220000 - 0x00000000522f2000 	C:\Program Files\Java\jdk1.8.0_20\jre\bin\msvcr100.dll
0x00000000507c0000 - 0x0000000051018000 	C:\Program Files\Java\jdk1.8.0_20\jre\bin\server\jvm.dll
0x00007ff9de780000 - 0x00007ff9de788000 	C:\WINDOWS\system32\PSAPI.DLL
0x00007ff9d0370000 - 0x00007ff9d0379000 	C:\WINDOWS\SYSTEM32\WSOCK32.dll
0x00007ff9db130000 - 0x00007ff9db153000 	C:\WINDOWS\SYSTEM32\WINMM.dll
0x00007ff9de7f0000 - 0x00007ff9de85b000 	C:\WINDOWS\system32\WS2_32.dll
0x0000000001180000 - 0x00000000011ac000 	C:\WINDOWS\SYSTEM32\WINMMBASE.dll
0x00007ff9dd060000 - 0x00007ff9dd0a3000 	C:\WINDOWS\system32\cfgmgr32.dll
0x0000000052210000 - 0x000000005221f000 	C:\Program Files\Java\jdk1.8.0_20\jre\bin\verify.dll
0x00000000521e0000 - 0x0000000052208000 	C:\Program Files\Java\jdk1.8.0_20\jre\bin\java.dll
0x00000000521c0000 - 0x00000000521d6000 	C:\Program Files\Java\jdk1.8.0_20\jre\bin\zip.dll
0x00007ff9dedc0000 - 0x00007ff9e031c000 	C:\WINDOWS\system32\SHELL32.dll
0x00007ff9dd480000 - 0x00007ff9ddac5000 	C:\WINDOWS\system32\windows.storage.dll
0x00007ff9de030000 - 0x00007ff9de082000 	C:\WINDOWS\system32\shlwapi.dll
0x00007ff9dcdd0000 - 0x00007ff9dcddf000 	C:\WINDOWS\system32\kernel.appcore.dll
0x00007ff9dd160000 - 0x00007ff9dd215000 	C:\WINDOWS\system32\shcore.dll
0x00007ff9dcd60000 - 0x00007ff9dcdab000 	C:\WINDOWS\system32\powrprof.dll
0x00007ff9dcdb0000 - 0x00007ff9dcdc4000 	C:\WINDOWS\system32\profapi.dll
0x00007ff9cd680000 - 0x00007ff9cd80c000 	C:\WINDOWS\SYSTEM32\dbghelp.dll

VM Arguments:
jvm_args: -Djava.awt.headless=true -Xmx1024M -Dfile.encoding=windows-1252 -Duser.country=US -Duser.language=en -Duser.variant 
java_command: com.android.dx.command.Main --dex --num-threads=4 --output C:\Users\Jadon\WorkSpace3Y\SoftwareDesign\FindMeTutor\FindMeTutor\app\build\intermediates\pre-dexed\debug\com.android.support-support-v4-24.1.1_8187fd514d3a9134c57f394292e83fcada2a905a.jar C:\Users\Jadon\WorkSpace3Y\SoftwareDesign\FindMeTutor\FindMeTutor\app\build\intermediates\exploded-aar\com.android.support\support-v4\24.1.1\jars\classes.jar
java_class_path (initial): C:\Users\Jadon\AppData\Local\Android\sdk\build-tools\24.0.1\lib\dx.jar
Launcher Type: SUN_STANDARD

Environment Variables:
PATH=C:\ProgramData\Oracle\Java\javapath;C:\Program Files (x86)\AMD APP\bin\x86_64;C:\Program Files (x86)\AMD APP\bin\x86;C:\Program Files (x86)\Intel\iCLS Client\;C:\Program Files\Intel\iCLS Client\;C:\WINDOWS\system32;C:\WINDOWS;C:\WINDOWS\System32\Wbem;C:\WINDOWS\System32\WindowsPowerShell\v1.0\;C:\Program Files\Intel\WiFi\bin\;C:\Program Files\Common Files\Intel\WirelessCommon\;C:\Program Files\Intel\Intel(R) Management Engine Components\DAL;C:\Program Files\Intel\Intel(R) Management Engine Components\IPT;C:\Program Files (x86)\Intel\Intel(R) Management Engine Components\DAL;C:\Program Files (x86)\Intel\Intel(R) Management Engine Components\IPT;C:\Program Files (x86)\ATI Technologies\ATI.ACE\Core-Static;C:\Program Files (x86)\Intel\OpenCL SDK\2.0\bin\x86;C:\Program Files (x86)\Intel\OpenCL SDK\2.0\bin\x64;C:\Program Files (x86)\QuickTime\QTSystem\;C:\Program Files\MATLAB\R2013b\runtime\win64;C:\Program Files\MATLAB\R2013b\bin;C:\WINDOWS\system32\config\systemprofile\.dnx\bin;C:\Program Files\Microsoft DNX\Dnvm\;C:\Program Files\Microsoft SQL Server\130\Tools\Binn\;C:\Program Files (x86)\Windows Kits\8.1\Windows Performance Toolkit\;C:\Program Files\MiKTeX 2.9\miktex\bin\x64\;C:\Program Files (x86)\MiKTeX 2.9\miktex\bin\;C:\Program Files (x86)\Graphviz2.38\bin;C:\Program Files\doxygen\bin;C:\Program Files\Git\cmd;C:\Program Files (x86)\OpenVPN\bin;C:\Users\Jadon\AppData\Local\Programs\Python\Python35\Scripts\;C:\Users\Jadon\AppData\Local\Programs\Python\Python35\;C:\Program Files\Intel\WiFi\bin\;C:\Program Files\Common Files\Intel\WirelessCommon\
USERNAME=Jadon
OS=Windows_NT
PROCESSOR_IDENTIFIER=Intel64 Family 6 Model 58 Stepping 9, GenuineIntel



---------------  S Y S T E M  ---------------

OS: Windows 8.1 , 64 bit Build 9600 

CPU:total 4 (2 cores per cpu, 2 threads per core) family 6 model 58 stepping 9, cmov, cx8, fxsr, mmx, sse, sse2, sse3, ssse3, sse4.1, sse4.2, popcnt, avx, aes, clmul, erms, ht, tsc, tscinvbit, tscinv

Memory: 4k page, physical 8267032k(1357928k free), swap 10217752k(468756k free)

vm_info: Java HotSpot(TM) 64-Bit Server VM (25.20-b23) for windows-amd64 JRE (1.8.0_20-b26), built on Jul 30 2014 13:51:23 by "java_re" with MS VC++ 10.0 (VS2010)

time: Wed Aug 10 17:13:37 2016
elapsed time: 10 seconds (0d 0h 0m 10s)

