#
# There is insufficient memory for the Java Runtime Environment to continue.
# Native memory allocation (malloc) failed to allocate 627136 bytes for Chunk::new
# Possible reasons:
#   The system is out of physical RAM or swap space
#   In 32 bit mode, the process size limit was hit
# Possible solutions:
#   Reduce memory load on the system
#   Increase physical memory or swap space
#   Check if swap backing store is full
#   Use 64 bit Java on a 64 bit OS
#   Decrease Java heap size (-Xmx/-Xms)
#   Decrease number of Java threads
#   Decrease Java thread stack sizes (-Xss)
#   Set larger code cache with -XX:ReservedCodeCacheSize=
# This output file may be truncated or incomplete.
#
#  Out of Memory Error (allocation.cpp:390), pid=10844, tid=5596
#
# JRE version: Java(TM) SE Runtime Environment (8.0_20-b26) (build 1.8.0_20-b26)
# Java VM: Java HotSpot(TM) 64-Bit Server VM (25.20-b23 mixed mode windows-amd64 compressed oops)
# Failed to write core dump. Minidumps are not enabled by default on client versions of Windows
#

---------------  T H R E A D  ---------------

Current thread (0x00000000149cd800):  JavaThread "C2 CompilerThread0" daemon [_thread_in_native, id=5596, stack(0x0000000015f30000,0x0000000016030000)]

Stack: [0x0000000015f30000,0x0000000016030000]
Native frames: (J=compiled Java code, j=interpreted, Vv=VM code, C=native code)
V  [jvm.dll+0x3152fa]


Current CompileTask:
C2:   4574 1344       4       com.android.dx.ssa.SCCP::simulateStmt (481 bytes)


---------------  P R O C E S S  ---------------

Java Threads: ( => current thread )
  0x00000000166c2800 JavaThread "pool-1-thread-4" [_thread_in_Java, id=7820, stack(0x0000000017430000,0x0000000017530000)]
  0x00000000166c1800 JavaThread "pool-1-thread-3" [_thread_in_Java, id=9620, stack(0x0000000017330000,0x0000000017430000)]
  0x00000000166c0800 JavaThread "pool-1-thread-2" [_thread_in_Java, id=4552, stack(0x0000000017230000,0x0000000017330000)]
  0x00000000167ce000 JavaThread "pool-2-thread-1" [_thread_blocked, id=6320, stack(0x0000000017130000,0x0000000017230000)]
  0x00000000167cd800 JavaThread "pool-1-thread-1" [_thread_in_Java, id=13048, stack(0x0000000017030000,0x0000000017130000)]
  0x0000000014a2b000 JavaThread "Service Thread" daemon [_thread_blocked, id=9088, stack(0x0000000016230000,0x0000000016330000)]
  0x0000000014a24000 JavaThread "C1 CompilerThread2" daemon [_thread_blocked, id=8824, stack(0x0000000016130000,0x0000000016230000)]
  0x0000000014a19000 JavaThread "C2 CompilerThread1" daemon [_thread_in_native, id=8360, stack(0x0000000016030000,0x0000000016130000)]
=>0x00000000149cd800 JavaThread "C2 CompilerThread0" daemon [_thread_in_native, id=5596, stack(0x0000000015f30000,0x0000000016030000)]
  0x00000000149cb000 JavaThread "Attach Listener" daemon [_thread_blocked, id=9440, stack(0x0000000015e30000,0x0000000015f30000)]
  0x00000000149ca000 JavaThread "Signal Dispatcher" daemon [_thread_blocked, id=4208, stack(0x0000000015d30000,0x0000000015e30000)]
  0x00000000022ef000 JavaThread "Finalizer" daemon [_thread_blocked, id=8660, stack(0x0000000015c30000,0x0000000015d30000)]
  0x0000000014998000 JavaThread "Reference Handler" daemon [_thread_blocked, id=12284, stack(0x0000000015b30000,0x0000000015c30000)]
  0x0000000001ffd800 JavaThread "main" [_thread_in_vm, id=13064, stack(0x0000000002000000,0x0000000002100000)]

Other Threads:
  0x0000000014996000 VMThread [stack: 0x0000000015a30000,0x0000000015b30000] [id=5436]
  0x0000000014a2e000 WatcherThread [stack: 0x0000000016330000,0x0000000016430000] [id=5624]

VM state:not at safepoint (normal execution)

VM Mutex/Monitor currently owned by a thread: None

Heap:
 PSYoungGen      total 38400K, used 17256K [0x00000000eab00000, 0x00000000ef600000, 0x0000000100000000)
  eden space 33280K, 38% used [0x00000000eab00000,0x00000000eb75bbc8,0x00000000ecb80000)
  from space 5120K, 89% used [0x00000000ecb80000,0x00000000ecffe4e0,0x00000000ed080000)
  to   space 5120K, 0% used [0x00000000ef100000,0x00000000ef100000,0x00000000ef600000)
 ParOldGen       total 87552K, used 0K [0x00000000c0000000, 0x00000000c5580000, 0x00000000eab00000)
  object space 87552K, 0% used [0x00000000c0000000,0x00000000c0000000,0x00000000c5580000)
 Metaspace       used 6022K, capacity 6960K, committed 7040K, reserved 1056768K
  class space    used 593K, capacity 616K, committed 640K, reserved 1048576K

Card table byte_map: [0x00000000116c0000,0x00000000118d0000] byte_map_base: 0x00000000110c0000

Marking Bits: (ParMarkBitMap*) 0x000000006befb460
 Begin Bits: [0x0000000011e30000, 0x0000000012e30000)
 End Bits:   [0x0000000012e30000, 0x0000000013e30000)

Polling page: 0x0000000000500000

CodeCache: size=245760Kb used=5453Kb max_used=5453Kb free=240306Kb
 bounds [0x0000000002300000, 0x0000000002860000, 0x0000000011300000]
 total_blobs=1626 nmethods=1362 adapters=178
 compilation: enabled

Compilation events (10 events):
Event: 4.548 Thread 0x0000000014a24000 nmethod 1361 0x00000000028553d0 code [0x00000000028555a0, 0x0000000002855d98]
Event: 4.550 Thread 0x0000000014a19000 1362   !   4       com.android.dx.cf.code.BytecodeArray::parseInstruction (2764 bytes)
Event: 4.562 Thread 0x0000000014a24000 1363       3       java.util.concurrent.ThreadPoolExecutor::workerCountOf (5 bytes)
Event: 4.562 Thread 0x0000000014a24000 nmethod 1363 0x000000000284fbd0 code [0x000000000284fd20, 0x000000000284fe50]
Event: 4.562 Thread 0x0000000014a24000 1364       3       java.util.concurrent.locks.AbstractQueuedSynchronizer::setState (6 bytes)
Event: 4.562 Thread 0x0000000014a24000 nmethod 1364 0x00000000028498d0 code [0x0000000002849a20, 0x0000000002849b70]
Event: 4.563 Thread 0x0000000014a24000 1365       3       com.android.dx.cf.iface.StdMethod::<init> (40 bytes)
Event: 4.564 Thread 0x0000000014a24000 nmethod 1365 0x0000000002856210 code [0x00000000028563e0, 0x0000000002856e48]
Event: 4.569 Thread 0x0000000014a24000 1366       3       com.android.dx.rop.code.RegisterSpecList::make (17 bytes)
Event: 4.569 Thread 0x0000000014a24000 nmethod 1366 0x00000000028572d0 code [0x00000000028574a0, 0x0000000002857d28]

GC Heap History (2 events):
Event: 4.082 GC heap before
{Heap before GC invocations=1 (full 0):
 PSYoungGen      total 38400K, used 33280K [0x00000000eab00000, 0x00000000ed580000, 0x0000000100000000)
  eden space 33280K, 100% used [0x00000000eab00000,0x00000000ecb80000,0x00000000ecb80000)
  from space 5120K, 0% used [0x00000000ed080000,0x00000000ed080000,0x00000000ed580000)
  to   space 5120K, 0% used [0x00000000ecb80000,0x00000000ecb80000,0x00000000ed080000)
 ParOldGen       total 87552K, used 0K [0x00000000c0000000, 0x00000000c5580000, 0x00000000eab00000)
  object space 87552K, 0% used [0x00000000c0000000,0x00000000c0000000,0x00000000c5580000)
 Metaspace       used 5886K, capacity 6832K, committed 7040K, reserved 1056768K
  class space    used 590K, capacity 616K, committed 640K, reserved 1048576K
Event: 4.239 GC heap after
Heap after GC invocations=1 (full 0):
 PSYoungGen      total 38400K, used 4601K [0x00000000eab00000, 0x00000000ef600000, 0x0000000100000000)
  eden space 33280K, 0% used [0x00000000eab00000,0x00000000eab00000,0x00000000ecb80000)
  from space 5120K, 89% used [0x00000000ecb80000,0x00000000ecffe4e0,0x00000000ed080000)
  to   space 5120K, 0% used [0x00000000ef100000,0x00000000ef100000,0x00000000ef600000)
 ParOldGen       total 87552K, used 0K [0x00000000c0000000, 0x00000000c5580000, 0x00000000eab00000)
  object space 87552K, 0% used [0x00000000c0000000,0x00000000c0000000,0x00000000c5580000)
 Metaspace       used 5886K, capacity 6832K, committed 7040K, reserved 1056768K
  class space    used 590K, capacity 616K, committed 640K, reserved 1048576K
}

Deoptimization events (7 events):
Event: 4.497 Thread 0x00000000166c0800 Uncommon trap: reason=class_check action=maybe_recompile pc=0x00000000026749ac method=com.android.dx.rop.type.Type.equals(Ljava/lang/Object;)Z @ 8
Event: 4.497 Thread 0x00000000166c0800 Uncommon trap: reason=class_check action=maybe_recompile pc=0x00000000026749ac method=com.android.dx.rop.type.Type.equals(Ljava/lang/Object;)Z @ 8
Event: 4.497 Thread 0x00000000166c0800 Uncommon trap: reason=class_check action=maybe_recompile pc=0x00000000026749ac method=com.android.dx.rop.type.Type.equals(Ljava/lang/Object;)Z @ 8
Event: 4.499 Thread 0x00000000166c0800 Uncommon trap: reason=class_check action=maybe_recompile pc=0x00000000026749ac method=com.android.dx.rop.type.Type.equals(Ljava/lang/Object;)Z @ 8
Event: 4.503 Thread 0x00000000166c0800 Uncommon trap: reason=unreached action=reinterpret pc=0x00000000028029ac method=com.android.dx.util.LabeledList.set(ILcom/android/dx/util/LabeledItem;)V @ 16
Event: 4.504 Thread 0x00000000166c0800 Uncommon trap: reason=class_check action=maybe_recompile pc=0x00000000025dc1f0 method=com.android.dx.rop.type.Type.equals(Ljava/lang/Object;)Z @ 8
Event: 4.505 Thread 0x00000000166c0800 Uncommon trap: reason=class_check action=maybe_recompile pc=0x000000000271b058 method=com.android.dx.rop.type.Type.equals(Ljava/lang/Object;)Z @ 8

Internal exceptions (10 events):
Event: 3.241 Thread 0x00000000166c2800 Exception <a 'java/security/PrivilegedActionException'> (0x00000000ec3e0c30) thrown at [D:\re\workspace\8-2-build-windows-amd64-cygwin\jdk8u20\1074\hotspot\src\share\vm\prims\jvm.cpp, line 1275]
Event: 3.243 Thread 0x00000000166c2800 Exception <a 'java/security/PrivilegedActionException'> (0x00000000ec3e7ac8) thrown at [D:\re\workspace\8-2-build-windows-amd64-cygwin\jdk8u20\1074\hotspot\src\share\vm\prims\jvm.cpp, line 1275]
Event: 3.243 Thread 0x0000000001ffd800 Exception <a 'java/security/PrivilegedActionException'> (0x00000000ec548a10) thrown at [D:\re\workspace\8-2-build-windows-amd64-cygwin\jdk8u20\1074\hotspot\src\share\vm\prims\jvm.cpp, line 1275]
Event: 3.245 Thread 0x00000000166c2800 Exception <a 'java/security/PrivilegedActionException'> (0x00000000ec3ed4b8) thrown at [D:\re\workspace\8-2-build-windows-amd64-cygwin\jdk8u20\1074\hotspot\src\share\vm\prims\jvm.cpp, line 1275]
Event: 3.246 Thread 0x00000000166c2800 Exception <a 'java/security/PrivilegedActionException'> (0x00000000ec3f2b70) thrown at [D:\re\workspace\8-2-build-windows-amd64-cygwin\jdk8u20\1074\hotspot\src\share\vm\prims\jvm.cpp, line 1275]
Event: 3.259 Thread 0x0000000001ffd800 Exception <a 'java/security/PrivilegedActionException'> (0x00000000ec585188) thrown at [D:\re\workspace\8-2-build-windows-amd64-cygwin\jdk8u20\1074\hotspot\src\share\vm\prims\jvm.cpp, line 1275]
Event: 3.259 Thread 0x0000000001ffd800 Exception <a 'java/security/PrivilegedActionException'> (0x00000000ec587870) thrown at [D:\re\workspace\8-2-build-windows-amd64-cygwin\jdk8u20\1074\hotspot\src\share\vm\prims\jvm.cpp, line 1275]
Event: 3.279 Thread 0x0000000001ffd800 Exception <a 'java/security/PrivilegedActionException'> (0x00000000ec5a1c90) thrown at [D:\re\workspace\8-2-build-windows-amd64-cygwin\jdk8u20\1074\hotspot\src\share\vm\prims\jvm.cpp, line 1275]
Event: 4.250 Thread 0x00000000166c1800 Exception <a 'java/security/PrivilegedActionException'> (0x00000000ead89898) thrown at [D:\re\workspace\8-2-build-windows-amd64-cygwin\jdk8u20\1074\hotspot\src\share\vm\prims\jvm.cpp, line 1275]
Event: 4.493 Thread 0x00000000166c0800 Exception <a 'java/security/PrivilegedActionException'> (0x00000000eab3b720) thrown at [D:\re\workspace\8-2-build-windows-amd64-cygwin\jdk8u20\1074\hotspot\src\share\vm\prims\jvm.cpp, line 1275]

Events (10 events):
Event: 4.499 Thread 0x00000000166c0800 DEOPT UNPACKING pc=0x000000000234556a sp=0x000000001732e4c8 mode 2
Event: 4.503 Thread 0x00000000166c0800 Uncommon trap: trap_request=0xffffffad fr.pc=0x00000000028029ac
Event: 4.503 Thread 0x00000000166c0800 DEOPT PACKING pc=0x00000000028029ac sp=0x000000001732e8d0
Event: 4.503 Thread 0x00000000166c0800 DEOPT UNPACKING pc=0x000000000234556a sp=0x000000001732e8b8 mode 2
Event: 4.504 Thread 0x00000000166c0800 Uncommon trap: trap_request=0xffffffde fr.pc=0x00000000025dc1f0
Event: 4.504 Thread 0x00000000166c0800 DEOPT PACKING pc=0x00000000025dc1f0 sp=0x000000001732def0
Event: 4.504 Thread 0x00000000166c0800 DEOPT UNPACKING pc=0x000000000234556a sp=0x000000001732dc68 mode 2
Event: 4.505 Thread 0x00000000166c0800 Uncommon trap: trap_request=0xffffffde fr.pc=0x000000000271b058
Event: 4.505 Thread 0x00000000166c0800 DEOPT PACKING pc=0x000000000271b058 sp=0x000000001732dbf0
Event: 4.505 Thread 0x00000000166c0800 DEOPT UNPACKING pc=0x000000000234556a sp=0x000000001732da50 mode 2


Dynamic libraries:
0x00007ff660b40000 - 0x00007ff660b74000 	C:\Program Files\Java\jdk1.8.0_20\bin\java.exe
0x00007fffc5950000 - 0x00007fffc5b11000 	C:\WINDOWS\SYSTEM32\ntdll.dll
0x00007fffc3240000 - 0x00007fffc32ed000 	C:\WINDOWS\system32\KERNEL32.DLL
0x00007fffc2a90000 - 0x00007fffc2c78000 	C:\WINDOWS\system32\KERNELBASE.dll
0x00007fffc3930000 - 0x00007fffc39d7000 	C:\WINDOWS\system32\ADVAPI32.dll
0x00007fffc3df0000 - 0x00007fffc3e8d000 	C:\WINDOWS\system32\msvcrt.dll
0x00007fffc3f50000 - 0x00007fffc3fab000 	C:\WINDOWS\system32\sechost.dll
0x00007fffc3b40000 - 0x00007fffc3c5c000 	C:\WINDOWS\system32\RPCRT4.dll
0x00007fffc39e0000 - 0x00007fffc3b36000 	C:\WINDOWS\system32\USER32.dll
0x00007fffc2eb0000 - 0x00007fffc3036000 	C:\WINDOWS\system32\GDI32.dll
0x00007fffb5f40000 - 0x00007fffb61b4000 	C:\WINDOWS\WinSxS\amd64_microsoft.windows.common-controls_6595b64144ccf1df_6.0.10586.0_none_8c15ae12515e1c22\COMCTL32.dll
0x00007fffc32f0000 - 0x00007fffc356d000 	C:\WINDOWS\system32\combase.dll
0x00007fffc2a20000 - 0x00007fffc2a8a000 	C:\WINDOWS\system32\bcryptPrimitives.dll
0x00007fffc3c60000 - 0x00007fffc3c9b000 	C:\WINDOWS\system32\IMM32.DLL
0x000000006d800000 - 0x000000006d8d2000 	C:\Program Files\Java\jdk1.8.0_20\jre\bin\msvcr100.dll
0x000000006b720000 - 0x000000006bf78000 	C:\Program Files\Java\jdk1.8.0_20\jre\bin\server\jvm.dll
0x00007fffc43e0000 - 0x00007fffc43e8000 	C:\WINDOWS\system32\PSAPI.DLL
0x00007fffb7130000 - 0x00007fffb7139000 	C:\WINDOWS\SYSTEM32\WSOCK32.dll
0x00007fffc38c0000 - 0x00007fffc392b000 	C:\WINDOWS\system32\WS2_32.dll
0x00007fffbfb60000 - 0x00007fffbfb83000 	C:\WINDOWS\SYSTEM32\WINMM.dll
0x00007fffbfb30000 - 0x00007fffbfb5c000 	C:\WINDOWS\SYSTEM32\WINMMBASE.dll
0x00007fffc29b0000 - 0x00007fffc29f3000 	C:\WINDOWS\system32\cfgmgr32.dll
0x000000006d7f0000 - 0x000000006d7ff000 	C:\Program Files\Java\jdk1.8.0_20\jre\bin\verify.dll
0x000000006d7c0000 - 0x000000006d7e8000 	C:\Program Files\Java\jdk1.8.0_20\jre\bin\java.dll
0x000000006d7a0000 - 0x000000006d7b6000 	C:\Program Files\Java\jdk1.8.0_20\jre\bin\zip.dll
0x00007fffc43f0000 - 0x00007fffc594c000 	C:\WINDOWS\system32\SHELL32.dll
0x00007fffc22a0000 - 0x00007fffc28e5000 	C:\WINDOWS\system32\windows.storage.dll
0x00007fffc3ef0000 - 0x00007fffc3f42000 	C:\WINDOWS\system32\shlwapi.dll
0x00007fffc1fb0000 - 0x00007fffc1fbf000 	C:\WINDOWS\system32\kernel.appcore.dll
0x00007fffc28f0000 - 0x00007fffc29a5000 	C:\WINDOWS\system32\shcore.dll
0x00007fffc1f60000 - 0x00007fffc1fab000 	C:\WINDOWS\system32\powrprof.dll
0x00007fffc1fc0000 - 0x00007fffc1fd4000 	C:\WINDOWS\system32\profapi.dll

VM Arguments:
jvm_args: -Djava.awt.headless=true -Xmx1024M -Dfile.encoding=windows-1252 -Duser.country=US -Duser.language=en -Duser.variant 
java_command: com.android.dx.command.Main --dex --num-threads=4 --output C:\Nivek\Wits\2016\2nd semester\Coms\SD\SoftwareDesign\FindMeTutor\FindMeTutor\app\build\intermediates\pre-dexed\debug\com.android.support-support-v4-24.1.1_789b2e7a2db2e7c1a54e1025b83fb577e9473507.jar C:\Nivek\Wits\2016\2nd semester\Coms\SD\SoftwareDesign\FindMeTutor\FindMeTutor\app\build\intermediates\exploded-aar\com.android.support\support-v4\24.1.1\jars\classes.jar
java_class_path (initial): C:\Users\admin\AppData\Local\Android\sdk\build-tools\24.0.1\lib\dx.jar
Launcher Type: SUN_STANDARD

Environment Variables:
PATH=C:\ProgramData\Oracle\Java\javapath;C:\Program Files (x86)\Intel\iCLS Client\;C:\Program Files\Intel\iCLS Client\;C:\WINDOWS\system32;C:\WINDOWS;C:\WINDOWS\System32\Wbem;C:\WINDOWS\System32\WindowsPowerShell\v1.0\;C:\Program Files\Intel\Intel(R) Management Engine Components\DAL;C:\Program Files\Intel\Intel(R) Management Engine Components\IPT;C:\Program Files (x86)\Intel\Intel(R) Management Engine Components\DAL;C:\Program Files (x86)\Intel\Intel(R) Management Engine Components\IPT;C:\Program Files\WIDCOMM\Bluetooth Software\;C:\Program Files\WIDCOMM\Bluetooth Software\syswow64;C:\Program Files (x86)\Intel\OpenCL SDK\2.0\bin\x86;C:\Program Files (x86)\Intel\OpenCL SDK\2.0\bin\x64;C:\Program Files\Intel\WiFi\bin\;C:\Program Files\Common Files\Intel\WirelessCommon\;c:\Program Files (x86)\Microsoft SQL Server\100\Tools\Binn\;c:\Program Files\Microsoft SQL Server\100\Tools\Binn\;c:\Program Files\Microsoft SQL Server\100\DTS\Binn\;C:\Program Files (x86)\MySQL\MySQL Fabric 1.5.4 & MySQL Utilities 1.5.4 1.5\;C:\Program Files (x86)\MySQL\MySQL Fabric 1.5.4 & MySQL Utilities 1.5.4 1.5\Doctrine extensions for PHP\;C:\Program Files (x86)\Borland\Delphi7\Bin;C:\Program Files (x86)\Borland\Delphi7\Projects\Bpl;C:\Program Files (x86)\Borland\Delphi7\Rave5;C:\Program Files\Git\cmd;C:\Program Files\Intel\WiFi\bin\;C:\Program Files\Common Files\Intel\WirelessCommon\
USERNAME=admin
OS=Windows_NT
PROCESSOR_IDENTIFIER=Intel64 Family 6 Model 58 Stepping 9, GenuineIntel



---------------  S Y S T E M  ---------------

OS: Windows 8.1 , 64 bit Build 9600 

CPU:total 4 (2 cores per cpu, 2 threads per core) family 6 model 58 stepping 9, cmov, cx8, fxsr, mmx, sse, sse2, sse3, ssse3, sse4.1, sse4.2, popcnt, avx, aes, clmul, erms, ht, tsc, tscinvbit, tscinv

Memory: 4k page, physical 8258576k(977780k free), swap 10306576k(5120k free)

vm_info: Java HotSpot(TM) 64-Bit Server VM (25.20-b23) for windows-amd64 JRE (1.8.0_20-b26), built on Jul 30 2014 13:51:23 by "java_re" with MS VC++ 10.0 (VS2010)

time: Sat Aug 13 21:43:29 2016
elapsed time: 4 seconds (0d 0h 0m 4s)

