#
# There is insufficient memory for the Java Runtime Environment to continue.
# Native memory allocation (malloc) failed to allocate 946336 bytes for Chunk::new
# Possible reasons:
#   The system is out of physical RAM or swap space
#   In 32 bit mode, the process size limit was hit
# Possible solutions:
#   Reduce memory load on the system
#   Increase physical memory or swap space
#   Check if swap backing store is full
#   Use 64 bit Java on a 64 bit OS
#   Decrease Java heap size (-Xmx/-Xms)
#   Decrease number of Java threads
#   Decrease Java thread stack sizes (-Xss)
#   Set larger code cache with -XX:ReservedCodeCacheSize=
# This output file may be truncated or incomplete.
#
#  Out of Memory Error (allocation.cpp:390), pid=11812, tid=9652
#
# JRE version: Java(TM) SE Runtime Environment (8.0_20-b26) (build 1.8.0_20-b26)
# Java VM: Java HotSpot(TM) 64-Bit Server VM (25.20-b23 mixed mode windows-amd64 compressed oops)
# Failed to write core dump. Minidumps are not enabled by default on client versions of Windows
#

---------------  T H R E A D  ---------------

Current thread (0x000000001498e800):  JavaThread "C2 CompilerThread0" daemon [_thread_in_native, id=9652, stack(0x0000000015ef0000,0x0000000015ff0000)]

Stack: [0x0000000015ef0000,0x0000000015ff0000]
Native frames: (J=compiled Java code, j=interpreted, Vv=VM code, C=native code)
V  [jvm.dll+0x3152fa]
V  [jvm.dll+0x265d03]
V  [jvm.dll+0x266943]
V  [jvm.dll+0x25e265]
V  [jvm.dll+0xbe255]
V  [jvm.dll+0xbe6fc]
V  [jvm.dll+0x45c472]
V  [jvm.dll+0x49d76f]
V  [jvm.dll+0x4512bf]
V  [jvm.dll+0x452634]
V  [jvm.dll+0x435fc2]
V  [jvm.dll+0x97b62]
V  [jvm.dll+0x98353]
V  [jvm.dll+0x22aac4]
V  [jvm.dll+0x283f5a]
C  [msvcr100.dll+0x21d9f]
C  [msvcr100.dll+0x21e3b]
C  [KERNEL32.DLL+0x18102]
C  [ntdll.dll+0x5c5b4]


Current CompileTask:
C2:   7229 3264   !   4       java.net.URL::<init> (543 bytes)


---------------  P R O C E S S  ---------------

Java Threads: ( => current thread )
  0x0000000017ce9800 JavaThread "File lock request listener" [_thread_in_native, id=5852, stack(0x000000001b990000,0x000000001ba90000)]
  0x00000000174c9800 JavaThread "Stdin handler" [_thread_blocked, id=4828, stack(0x0000000018d60000,0x0000000018e60000)]
  0x00000000174c9000 JavaThread "Asynchronous log dispatcher for org.gradle.launcher.daemon.server.DefaultDaemonConnection@44743eab" [_thread_blocked, id=2780, stack(0x0000000018c60000,0x0000000018d60000)]
  0x000000001750c000 JavaThread "Daemon worker" [_thread_in_native, id=12928, stack(0x0000000018b60000,0x0000000018c60000)]
  0x00000000175ad000 JavaThread "Cancel handler" [_thread_blocked, id=11384, stack(0x0000000018a60000,0x0000000018b60000)]
  0x0000000017501000 JavaThread "Handler for socket connection from /127.0.0.1:5452 to /127.0.0.1:5453" [_thread_in_native, id=4264, stack(0x0000000018960000,0x0000000018a60000)]
  0x00000000174f5800 JavaThread "Daemon" [_thread_blocked, id=896, stack(0x0000000018860000,0x0000000018960000)]
  0x00000000172ef000 JavaThread "Incoming local TCP Connector on port 5452" [_thread_in_native, id=12360, stack(0x0000000018480000,0x0000000018580000)]
  0x00000000172d2000 JavaThread "pool-1-thread-1" [_thread_blocked, id=8236, stack(0x0000000018380000,0x0000000018480000)]
  0x00000000149ee000 JavaThread "Service Thread" daemon [_thread_blocked, id=1016, stack(0x00000000165f0000,0x00000000166f0000)]
  0x0000000014995800 JavaThread "C1 CompilerThread2" daemon [_thread_in_vm, id=4676, stack(0x00000000160f0000,0x00000000161f0000)]
  0x0000000014990800 JavaThread "C2 CompilerThread1" daemon [_thread_in_native, id=3232, stack(0x0000000015ff0000,0x00000000160f0000)]
=>0x000000001498e800 JavaThread "C2 CompilerThread0" daemon [_thread_in_native, id=9652, stack(0x0000000015ef0000,0x0000000015ff0000)]
  0x000000001498c000 JavaThread "Attach Listener" daemon [_thread_blocked, id=4176, stack(0x0000000015df0000,0x0000000015ef0000)]
  0x000000001498b000 JavaThread "Signal Dispatcher" daemon [_thread_blocked, id=10956, stack(0x0000000015cf0000,0x0000000015df0000)]
  0x00000000022b6000 JavaThread "Finalizer" daemon [_thread_blocked, id=7140, stack(0x0000000015bf0000,0x0000000015cf0000)]
  0x00000000022ad000 JavaThread "Reference Handler" daemon [_thread_blocked, id=4868, stack(0x0000000015af0000,0x0000000015bf0000)]
  0x000000000054e800 JavaThread "main" [_thread_blocked, id=12528, stack(0x00000000020c0000,0x00000000021c0000)]

Other Threads:
  0x0000000014956000 VMThread [stack: 0x00000000159f0000,0x0000000015af0000] [id=6092]
  0x000000001621a800 WatcherThread [stack: 0x00000000166f0000,0x00000000167f0000] [id=6992]

VM state:not at safepoint (normal execution)

VM Mutex/Monitor currently owned by a thread: None

Heap:
 PSYoungGen      total 75264K, used 26658K [0x00000000eab00000, 0x00000000eff80000, 0x0000000100000000)
  eden space 67072K, 32% used [0x00000000eab00000,0x00000000ec046c08,0x00000000eec80000)
  from space 8192K, 59% used [0x00000000ef780000,0x00000000efc41ed0,0x00000000eff80000)
  to   space 9728K, 0% used [0x00000000eec80000,0x00000000eec80000,0x00000000ef600000)
 ParOldGen       total 67584K, used 9125K [0x00000000c0000000, 0x00000000c4200000, 0x00000000eab00000)
  object space 67584K, 13% used [0x00000000c0000000,0x00000000c08e9468,0x00000000c4200000)
 Metaspace       used 30339K, capacity 30888K, committed 31232K, reserved 1077248K
  class space    used 4224K, capacity 4335K, committed 4352K, reserved 1048576K

Card table byte_map: [0x0000000011680000,0x0000000011890000] byte_map_base: 0x0000000011080000

Marking Bits: (ParMarkBitMap*) 0x00000000526eb460
 Begin Bits: [0x0000000011df0000, 0x0000000012df0000)
 End Bits:   [0x0000000012df0000, 0x0000000013df0000)

Polling page: 0x0000000000510000

CodeCache: size=245760Kb used=11862Kb max_used=11863Kb free=233897Kb
 bounds [0x00000000022c0000, 0x0000000002e70000, 0x00000000112c0000]
 total_blobs=3742 nmethods=3096 adapters=559
 compilation: enabled

Compilation events (10 events):
Event: 7.204 Thread 0x0000000014995800 3282       3       java.util.TreeMap::rotateRight (96 bytes)
Event: 7.205 Thread 0x0000000014995800 nmethod 3282 0x000000000244fad0 code [0x000000000244fc40, 0x000000000244ff90]
Event: 7.205 Thread 0x0000000014995800 3283       3       java.lang.reflect.Proxy$KeyFactory::apply (13 bytes)
Event: 7.205 Thread 0x0000000014995800 nmethod 3283 0x00000000025af650 code [0x00000000025af7c0, 0x00000000025afba8]
Event: 7.205 Thread 0x0000000014995800 3284       3       java.lang.reflect.Proxy$KeyFactory::apply (66 bytes)
Event: 7.206 Thread 0x0000000014995800 nmethod 3284 0x00000000023efd90 code [0x00000000023eff60, 0x00000000023f0558]
Event: 7.206 Thread 0x0000000014995800 3285       3       java.lang.reflect.Proxy$Key1::<init> (14 bytes)
Event: 7.206 Thread 0x0000000014995800 nmethod 3285 0x00000000026adbd0 code [0x00000000026add60, 0x00000000026ae168]
Event: 7.206 Thread 0x0000000014995800 3286       3       java.lang.reflect.Proxy::<init> (15 bytes)
Event: 7.206 Thread 0x0000000014995800 nmethod 3286 0x00000000025b0210 code [0x00000000025b0380, 0x00000000025b0688]

GC Heap History (10 events):
Event: 3.581 GC heap before
{Heap before GC invocations=5 (full 1):
 PSYoungGen      total 38400K, used 5104K [0x00000000eab00000, 0x00000000ed580000, 0x0000000100000000)
  eden space 33280K, 0% used [0x00000000eab00000,0x00000000eab00000,0x00000000ecb80000)
  from space 5120K, 99% used [0x00000000ed080000,0x00000000ed57c030,0x00000000ed580000)
  to   space 5120K, 0% used [0x00000000ecb80000,0x00000000ecb80000,0x00000000ed080000)
 ParOldGen       total 87552K, used 7926K [0x00000000c0000000, 0x00000000c5580000, 0x00000000eab00000)
  object space 87552K, 9% used [0x00000000c0000000,0x00000000c07bda60,0x00000000c5580000)
 Metaspace       used 20772K, capacity 21154K, committed 21296K, reserved 1067008K
  class space    used 2808K, capacity 2914K, committed 2944K, reserved 1048576K
Event: 3.631 GC heap after
Heap after GC invocations=5 (full 1):
 PSYoungGen      total 38400K, used 0K [0x00000000eab00000, 0x00000000ed580000, 0x0000000100000000)
  eden space 33280K, 0% used [0x00000000eab00000,0x00000000eab00000,0x00000000ecb80000)
  from space 5120K, 0% used [0x00000000ed080000,0x00000000ed080000,0x00000000ed580000)
  to   space 5120K, 0% used [0x00000000ecb80000,0x00000000ecb80000,0x00000000ed080000)
 ParOldGen       total 67584K, used 9117K [0x00000000c0000000, 0x00000000c4200000, 0x00000000eab00000)
  object space 67584K, 13% used [0x00000000c0000000,0x00000000c08e7468,0x00000000c4200000)
 Metaspace       used 20771K, capacity 21152K, committed 21296K, reserved 1067008K
  class space    used 2807K, capacity 2913K, committed 2944K, reserved 1048576K
}
Event: 4.405 GC heap before
{Heap before GC invocations=6 (full 1):
 PSYoungGen      total 38400K, used 33280K [0x00000000eab00000, 0x00000000ed580000, 0x0000000100000000)
  eden space 33280K, 100% used [0x00000000eab00000,0x00000000ecb80000,0x00000000ecb80000)
  from space 5120K, 0% used [0x00000000ed080000,0x00000000ed080000,0x00000000ed580000)
  to   space 5120K, 0% used [0x00000000ecb80000,0x00000000ecb80000,0x00000000ed080000)
 ParOldGen       total 67584K, used 9117K [0x00000000c0000000, 0x00000000c4200000, 0x00000000eab00000)
  object space 67584K, 13% used [0x00000000c0000000,0x00000000c08e7468,0x00000000c4200000)
 Metaspace       used 23138K, capacity 23516K, committed 23808K, reserved 1069056K
  class space    used 3195K, capacity 3288K, committed 3328K, reserved 1048576K
Event: 4.412 GC heap after
Heap after GC invocations=6 (full 1):
 PSYoungGen      total 38400K, used 3989K [0x00000000eab00000, 0x00000000eef00000, 0x0000000100000000)
  eden space 33280K, 0% used [0x00000000eab00000,0x00000000eab00000,0x00000000ecb80000)
  from space 5120K, 77% used [0x00000000ecb80000,0x00000000ecf65768,0x00000000ed080000)
  to   space 11264K, 0% used [0x00000000ee400000,0x00000000ee400000,0x00000000eef00000)
 ParOldGen       total 67584K, used 9117K [0x00000000c0000000, 0x00000000c4200000, 0x00000000eab00000)
  object space 67584K, 13% used [0x00000000c0000000,0x00000000c08e7468,0x00000000c4200000)
 Metaspace       used 23138K, capacity 23516K, committed 23808K, reserved 1069056K
  class space    used 3195K, capacity 3288K, committed 3328K, reserved 1048576K
}
Event: 5.009 GC heap before
{Heap before GC invocations=7 (full 1):
 PSYoungGen      total 38400K, used 37269K [0x00000000eab00000, 0x00000000eef00000, 0x0000000100000000)
  eden space 33280K, 100% used [0x00000000eab00000,0x00000000ecb80000,0x00000000ecb80000)
  from space 5120K, 77% used [0x00000000ecb80000,0x00000000ecf65768,0x00000000ed080000)
  to   space 11264K, 0% used [0x00000000ee400000,0x00000000ee400000,0x00000000eef00000)
 ParOldGen       total 67584K, used 9117K [0x00000000c0000000, 0x00000000c4200000, 0x00000000eab00000)
  object space 67584K, 13% used [0x00000000c0000000,0x00000000c08e7468,0x00000000c4200000)
 Metaspace       used 25543K, capacity 25986K, committed 26240K, reserved 1071104K
  class space    used 3593K, capacity 3705K, committed 3712K, reserved 1048576K
Event: 5.015 GC heap after
Heap after GC invocations=7 (full 1):
 PSYoungGen      total 57344K, used 4935K [0x00000000eab00000, 0x00000000eee00000, 0x0000000100000000)
  eden space 47104K, 0% used [0x00000000eab00000,0x00000000eab00000,0x00000000ed900000)
  from space 10240K, 48% used [0x00000000ee400000,0x00000000ee8d1d60,0x00000000eee00000)
  to   space 10752K, 0% used [0x00000000ed900000,0x00000000ed900000,0x00000000ee380000)
 ParOldGen       total 67584K, used 9117K [0x00000000c0000000, 0x00000000c4200000, 0x00000000eab00000)
  object space 67584K, 13% used [0x00000000c0000000,0x00000000c08e7468,0x00000000c4200000)
 Metaspace       used 25543K, capacity 25986K, committed 26240K, reserved 1071104K
  class space    used 3593K, capacity 3705K, committed 3712K, reserved 1048576K
}
Event: 5.718 GC heap before
{Heap before GC invocations=8 (full 1):
 PSYoungGen      total 57344K, used 52039K [0x00000000eab00000, 0x00000000eee00000, 0x0000000100000000)
  eden space 47104K, 100% used [0x00000000eab00000,0x00000000ed900000,0x00000000ed900000)
  from space 10240K, 48% used [0x00000000ee400000,0x00000000ee8d1d60,0x00000000eee00000)
  to   space 10752K, 0% used [0x00000000ed900000,0x00000000ed900000,0x00000000ee380000)
 ParOldGen       total 67584K, used 9117K [0x00000000c0000000, 0x00000000c4200000, 0x00000000eab00000)
  object space 67584K, 13% used [0x00000000c0000000,0x00000000c08e7468,0x00000000c4200000)
 Metaspace       used 27562K, capacity 27994K, committed 28288K, reserved 1073152K
  class space    used 3852K, capacity 3965K, committed 3968K, reserved 1048576K
Event: 5.730 GC heap after
Heap after GC invocations=8 (full 1):
 PSYoungGen      total 57856K, used 5324K [0x00000000eab00000, 0x00000000f0180000, 0x0000000100000000)
  eden space 47104K, 0% used [0x00000000eab00000,0x00000000eab00000,0x00000000ed900000)
  from space 10752K, 49% used [0x00000000ed900000,0x00000000ede33350,0x00000000ee380000)
  to   space 10240K, 0% used [0x00000000ef780000,0x00000000ef780000,0x00000000f0180000)
 ParOldGen       total 67584K, used 9117K [0x00000000c0000000, 0x00000000c4200000, 0x00000000eab00000)
  object space 67584K, 13% used [0x00000000c0000000,0x00000000c08e7468,0x00000000c4200000)
 Metaspace       used 27562K, capacity 27994K, committed 28288K, reserved 1073152K
  class space    used 3852K, capacity 3965K, committed 3968K, reserved 1048576K
}
Event: 6.835 GC heap before
{Heap before GC invocations=9 (full 1):
 PSYoungGen      total 57856K, used 52428K [0x00000000eab00000, 0x00000000f0180000, 0x0000000100000000)
  eden space 47104K, 100% used [0x00000000eab00000,0x00000000ed900000,0x00000000ed900000)
  from space 10752K, 49% used [0x00000000ed900000,0x00000000ede33350,0x00000000ee380000)
  to   space 10240K, 0% used [0x00000000ef780000,0x00000000ef780000,0x00000000f0180000)
 ParOldGen       total 67584K, used 9117K [0x00000000c0000000, 0x00000000c4200000, 0x00000000eab00000)
  object space 67584K, 13% used [0x00000000c0000000,0x00000000c08e7468,0x00000000c4200000)
 Metaspace       used 28318K, capacity 28784K, committed 29184K, reserved 1075200K
  class space    used 3938K, capacity 4035K, committed 4096K, reserved 1048576K
Event: 6.843 GC heap after
Heap after GC invocations=9 (full 1):
 PSYoungGen      total 75264K, used 4871K [0x00000000eab00000, 0x00000000eff80000, 0x0000000100000000)
  eden space 67072K, 0% used [0x00000000eab00000,0x00000000eab00000,0x00000000eec80000)
  from space 8192K, 59% used [0x00000000ef780000,0x00000000efc41ed0,0x00000000eff80000)
  to   space 9728K, 0% used [0x00000000eec80000,0x00000000eec80000,0x00000000ef600000)
 ParOldGen       total 67584K, used 9125K [0x00000000c0000000, 0x00000000c4200000, 0x00000000eab00000)
  object space 67584K, 13% used [0x00000000c0000000,0x00000000c08e9468,0x00000000c4200000)
 Metaspace       used 28318K, capacity 28784K, committed 29184K, reserved 1075200K
  class space    used 3938K, capacity 4035K, committed 4096K, reserved 1048576K
}

Deoptimization events (10 events):
Event: 5.249 Thread 0x000000001750c000 Uncommon trap: reason=class_check action=maybe_recompile pc=0x0000000002ae31c0 method=java.util.Hashtable.get(Ljava/lang/Object;)Ljava/lang/Object; @ 6
Event: 5.306 Thread 0x000000001750c000 Uncommon trap: reason=class_check action=maybe_recompile pc=0x0000000002ae31c0 method=java.util.Hashtable.get(Ljava/lang/Object;)Ljava/lang/Object; @ 6
Event: 5.324 Thread 0x000000001750c000 Uncommon trap: reason=class_check action=maybe_recompile pc=0x0000000002ae31c0 method=java.util.Hashtable.get(Ljava/lang/Object;)Ljava/lang/Object; @ 6
Event: 5.345 Thread 0x000000001750c000 Uncommon trap: reason=class_check action=maybe_recompile pc=0x0000000002ae31c0 method=java.util.Hashtable.get(Ljava/lang/Object;)Ljava/lang/Object; @ 6
Event: 5.503 Thread 0x000000001750c000 Uncommon trap: reason=unreached action=reinterpret pc=0x0000000002b7b96c method=org.apache.xerces.dom.ParentNode.nodeListGetLength()I @ 22
Event: 5.703 Thread 0x000000001750c000 Uncommon trap: reason=unreached action=reinterpret pc=0x0000000002c44420 method=org.apache.xerces.dom.DeferredDocumentImpl.ensureCapacity(I)V @ 281
Event: 6.805 Thread 0x000000001750c000 Uncommon trap: reason=class_check action=maybe_recompile pc=0x00000000027d389c method=java.lang.ref.ReferenceQueue.reallyPoll()Ljava/lang/ref/Reference; @ 52
Event: 6.805 Thread 0x000000001750c000 Uncommon trap: reason=class_check action=maybe_recompile pc=0x00000000027d389c method=java.lang.ref.ReferenceQueue.reallyPoll()Ljava/lang/ref/Reference; @ 52
Event: 6.805 Thread 0x000000001750c000 Uncommon trap: reason=class_check action=maybe_recompile pc=0x00000000027d389c method=java.lang.ref.ReferenceQueue.reallyPoll()Ljava/lang/ref/Reference; @ 52
Event: 6.853 Thread 0x00000000174c9000 Uncommon trap: reason=unreached action=reinterpret pc=0x0000000002e25678 method=com.esotericsoftware.kryo.io.Output.writeString(Ljava/lang/CharSequence;)V @ 1

Internal exceptions (10 events):
Event: 7.200 Thread 0x000000001750c000 Exception <a 'java/security/PrivilegedActionException'> (0x00000000ebe223d8) thrown at [D:\re\workspace\8-2-build-windows-amd64-cygwin\jdk8u20\1074\hotspot\src\share\vm\prims\jvm.cpp, line 1275]
Event: 7.200 Thread 0x000000001750c000 Exception <a 'java/security/PrivilegedActionException'> (0x00000000ebe291c8) thrown at [D:\re\workspace\8-2-build-windows-amd64-cygwin\jdk8u20\1074\hotspot\src\share\vm\prims\jvm.cpp, line 1275]
Event: 7.201 Thread 0x000000001750c000 Exception <a 'java/security/PrivilegedActionException'> (0x00000000ebe3a7f8) thrown at [D:\re\workspace\8-2-build-windows-amd64-cygwin\jdk8u20\1074\hotspot\src\share\vm\prims\jvm.cpp, line 1275]
Event: 7.201 Thread 0x000000001750c000 Exception <a 'java/security/PrivilegedActionException'> (0x00000000ebe3bfb8) thrown at [D:\re\workspace\8-2-build-windows-amd64-cygwin\jdk8u20\1074\hotspot\src\share\vm\prims\jvm.cpp, line 1275]
Event: 7.202 Thread 0x000000001750c000 Exception <a 'java/security/PrivilegedActionException'> (0x00000000ebe42428) thrown at [D:\re\workspace\8-2-build-windows-amd64-cygwin\jdk8u20\1074\hotspot\src\share\vm\prims\jvm.cpp, line 1275]
Event: 7.202 Thread 0x000000001750c000 Exception <a 'java/security/PrivilegedActionException'> (0x00000000ebe439d0) thrown at [D:\re\workspace\8-2-build-windows-amd64-cygwin\jdk8u20\1074\hotspot\src\share\vm\prims\jvm.cpp, line 1275]
Event: 7.202 Thread 0x000000001750c000 Exception <a 'java/security/PrivilegedActionException'> (0x00000000ebe49388) thrown at [D:\re\workspace\8-2-build-windows-amd64-cygwin\jdk8u20\1074\hotspot\src\share\vm\prims\jvm.cpp, line 1275]
Event: 7.203 Thread 0x000000001750c000 Exception <a 'java/security/PrivilegedActionException'> (0x00000000ebe54740) thrown at [D:\re\workspace\8-2-build-windows-amd64-cygwin\jdk8u20\1074\hotspot\src\share\vm\prims\jvm.cpp, line 1275]
Event: 7.203 Thread 0x000000001750c000 Exception <a 'java/security/PrivilegedActionException'> (0x00000000ebe55c38) thrown at [D:\re\workspace\8-2-build-windows-amd64-cygwin\jdk8u20\1074\hotspot\src\share\vm\prims\jvm.cpp, line 1275]
Event: 7.203 Thread 0x000000001750c000 Exception <a 'java/security/PrivilegedActionException'> (0x00000000ebe5a980) thrown at [D:\re\workspace\8-2-build-windows-amd64-cygwin\jdk8u20\1074\hotspot\src\share\vm\prims\jvm.cpp, line 1275]

Events (10 events):
Event: 7.200 loading class org/gradle/platform/base/plugins/ComponentBasePlugin$PluginRules
Event: 7.200 loading class org/gradle/platform/base/plugins/ComponentBasePlugin$PluginRules done
Event: 7.201 loading class org/gradle/model/internal/manage/schema/extract/NodeInitializerExtractionStrategy
Event: 7.201 loading class org/gradle/model/internal/manage/schema/extract/NodeInitializerExtractionStrategy done
Event: 7.202 loading class org/gradle/platform/base/ComponentSpecContainer
Event: 7.202 loading class org/gradle/platform/base/ComponentSpecContainer done
Event: 7.202 loading class org/gradle/platform/base/TypeBuilder
Event: 7.202 loading class org/gradle/platform/base/TypeBuilder done
Event: 7.208 loading class org/gradle/model/internal/manage/schema/SpecializedMapSchema
Event: 7.208 loading class org/gradle/model/internal/manage/schema/SpecializedMapSchema done


Dynamic libraries:
0x00007ff70a390000 - 0x00007ff70a3c4000 	C:\Program Files\Java\jdk1.8.0_20\bin\java.exe
0x00007ff93f900000 - 0x00007ff93fac1000 	C:\WINDOWS\SYSTEM32\ntdll.dll
0x00007ff93ef20000 - 0x00007ff93efcd000 	C:\WINDOWS\system32\KERNEL32.DLL
0x00007ff93c890000 - 0x00007ff93ca78000 	C:\WINDOWS\system32\KERNELBASE.dll
0x00007ff93e580000 - 0x00007ff93e627000 	C:\WINDOWS\system32\ADVAPI32.dll
0x00007ff93f5c0000 - 0x00007ff93f65d000 	C:\WINDOWS\system32\msvcrt.dll
0x00007ff93cce0000 - 0x00007ff93cd3b000 	C:\WINDOWS\system32\sechost.dll
0x00007ff93f3c0000 - 0x00007ff93f4dc000 	C:\WINDOWS\system32\RPCRT4.dll
0x00007ff93f7a0000 - 0x00007ff93f8f6000 	C:\WINDOWS\system32\USER32.dll
0x00007ff93ce90000 - 0x00007ff93d016000 	C:\WINDOWS\system32\GDI32.dll
0x00007ff930e40000 - 0x00007ff9310b4000 	C:\WINDOWS\WinSxS\amd64_microsoft.windows.common-controls_6595b64144ccf1df_6.0.10586.0_none_8c15ae12515e1c22\COMCTL32.dll
0x00007ff93efd0000 - 0x00007ff93f24d000 	C:\WINDOWS\system32\combase.dll
0x00007ff93cae0000 - 0x00007ff93cb4a000 	C:\WINDOWS\system32\bcryptPrimitives.dll
0x00007ff93eee0000 - 0x00007ff93ef1b000 	C:\WINDOWS\system32\IMM32.DLL
0x0000000052770000 - 0x0000000052842000 	C:\Program Files\Java\jdk1.8.0_20\jre\bin\msvcr100.dll
0x0000000051f10000 - 0x0000000052768000 	C:\Program Files\Java\jdk1.8.0_20\jre\bin\server\jvm.dll
0x00007ff93ebe0000 - 0x00007ff93ebe8000 	C:\WINDOWS\system32\PSAPI.DLL
0x00007ff93a630000 - 0x00007ff93a653000 	C:\WINDOWS\SYSTEM32\WINMM.dll
0x00007ff92eb70000 - 0x00007ff92eb79000 	C:\WINDOWS\SYSTEM32\WSOCK32.dll
0x00007ff93f4e0000 - 0x00007ff93f54b000 	C:\WINDOWS\system32\WS2_32.dll
0x00007ff93a600000 - 0x00007ff93a62c000 	C:\WINDOWS\SYSTEM32\WINMMBASE.dll
0x00007ff93cc90000 - 0x00007ff93ccd3000 	C:\WINDOWS\system32\cfgmgr32.dll
0x0000000051f00000 - 0x0000000051f0f000 	C:\Program Files\Java\jdk1.8.0_20\jre\bin\verify.dll
0x0000000051ed0000 - 0x0000000051ef8000 	C:\Program Files\Java\jdk1.8.0_20\jre\bin\java.dll
0x0000000051eb0000 - 0x0000000051ec6000 	C:\Program Files\Java\jdk1.8.0_20\jre\bin\zip.dll
0x00007ff93d020000 - 0x00007ff93e57c000 	C:\WINDOWS\system32\SHELL32.dll
0x00007ff93c240000 - 0x00007ff93c885000 	C:\WINDOWS\system32\windows.storage.dll
0x00007ff93f250000 - 0x00007ff93f2a2000 	C:\WINDOWS\system32\shlwapi.dll
0x00007ff93bf00000 - 0x00007ff93bf0f000 	C:\WINDOWS\system32\kernel.appcore.dll
0x00007ff93c160000 - 0x00007ff93c215000 	C:\WINDOWS\system32\shcore.dll
0x00007ff93bf20000 - 0x00007ff93bf6b000 	C:\WINDOWS\system32\powrprof.dll
0x00007ff93bf70000 - 0x00007ff93bf84000 	C:\WINDOWS\system32\profapi.dll
0x0000000051e90000 - 0x0000000051eaa000 	C:\Program Files\Java\jdk1.8.0_20\jre\bin\net.dll
0x00007ff93b7d0000 - 0x00007ff93b82c000 	C:\WINDOWS\system32\mswsock.dll
0x0000000051e70000 - 0x0000000051e81000 	C:\Program Files\Java\jdk1.8.0_20\jre\bin\nio.dll
0x00007ff919a00000 - 0x00007ff919a12000 	C:\Users\admin\.gradle\native\19\windows-amd64\native-platform.dll
0x00007ff93b880000 - 0x00007ff93b897000 	C:\WINDOWS\SYSTEM32\CRYPTSP.dll
0x00007ff93b510000 - 0x00007ff93b544000 	C:\WINDOWS\system32\rsaenh.dll
0x00007ff93bd70000 - 0x00007ff93bd99000 	C:\WINDOWS\SYSTEM32\bcrypt.dll
0x00007ff93b660000 - 0x00007ff93b67f000 	C:\WINDOWS\SYSTEM32\USERENV.dll
0x00007ff93b9a0000 - 0x00007ff93b9ab000 	C:\WINDOWS\SYSTEM32\CRYPTBASE.dll
0x00007ff934e20000 - 0x00007ff934e58000 	C:\WINDOWS\SYSTEM32\IPHLPAPI.DLL
0x00007ff93ed00000 - 0x00007ff93ed08000 	C:\WINDOWS\system32\NSI.dll
0x00007ff9344e0000 - 0x00007ff9344f6000 	C:\WINDOWS\SYSTEM32\dhcpcsvc6.DLL
0x00007ff9344c0000 - 0x00007ff9344da000 	C:\WINDOWS\SYSTEM32\dhcpcsvc.DLL
0x0000000051e60000 - 0x0000000051e6d000 	C:\Program Files\Java\jdk1.8.0_20\jre\bin\management.dll
0x00007ff92e2a0000 - 0x00007ff92e42c000 	C:\WINDOWS\SYSTEM32\dbghelp.dll

VM Arguments:
jvm_args: -XX:MaxPermSize=256m -XX:+HeapDumpOnOutOfMemoryError -Xmx1024m -Dfile.encoding=windows-1252 -Duser.country=US -Duser.language=en -Duser.variant 
java_command: org.gradle.launcher.daemon.bootstrap.GradleDaemon 2.14.1
java_class_path (initial): C:\Users\admin\.gradle\wrapper\dists\gradle-2.14.1-all\8bnwg5hd3w55iofp58khbp6yv\gradle-2.14.1\lib\gradle-launcher-2.14.1.jar
Launcher Type: SUN_STANDARD

Environment Variables:
PATH=C:\ProgramData\Oracle\Java\javapath;C:\Program Files (x86)\Intel\iCLS Client\;C:\Program Files\Intel\iCLS Client\;C:\WINDOWS\system32;C:\WINDOWS;C:\WINDOWS\System32\Wbem;C:\WINDOWS\System32\WindowsPowerShell\v1.0\;C:\Program Files\Intel\Intel(R) Management Engine Components\DAL;C:\Program Files\Intel\Intel(R) Management Engine Components\IPT;C:\Program Files (x86)\Intel\Intel(R) Management Engine Components\DAL;C:\Program Files (x86)\Intel\Intel(R) Management Engine Components\IPT;C:\Program Files\WIDCOMM\Bluetooth Software\;C:\Program Files\WIDCOMM\Bluetooth Software\syswow64;C:\Program Files (x86)\Intel\OpenCL SDK\2.0\bin\x86;C:\Program Files (x86)\Intel\OpenCL SDK\2.0\bin\x64;C:\Program Files\Intel\WiFi\bin\;C:\Program Files\Common Files\Intel\WirelessCommon\;c:\Program Files (x86)\Microsoft SQL Server\100\Tools\Binn\;c:\Program Files\Microsoft SQL Server\100\Tools\Binn\;c:\Program Files\Microsoft SQL Server\100\DTS\Binn\;C:\Program Files (x86)\MySQL\MySQL Fabric 1.5.4 & MySQL Utilities 1.5.4 1.5\;C:\Program Files (x86)\MySQL\MySQL Fabric 1.5.4 & MySQL Utilities 1.5.4 1.5\Doctrine extensions for PHP\;C:\Program Files (x86)\Borland\Delphi7\Bin;C:\Program Files (x86)\Borland\Delphi7\Projects\Bpl;C:\Program Files (x86)\Borland\Delphi7\Rave5;C:\Program Files\Git\cmd;C:\Program Files\Intel\WiFi\bin\;C:\Program Files\Common Files\Intel\WirelessCommon\
USERNAME=admin
OS=Windows_NT
PROCESSOR_IDENTIFIER=Intel64 Family 6 Model 58 Stepping 9, GenuineIntel



---------------  S Y S T E M  ---------------

OS: Windows 8.1 , 64 bit Build 9600 

CPU:total 4 (2 cores per cpu, 2 threads per core) family 6 model 58 stepping 9, cmov, cx8, fxsr, mmx, sse, sse2, sse3, ssse3, sse4.1, sse4.2, popcnt, avx, aes, clmul, erms, ht, tsc, tscinvbit, tscinv

Memory: 4k page, physical 8258576k(2286556k free), swap 10306576k(5132k free)

vm_info: Java HotSpot(TM) 64-Bit Server VM (25.20-b23) for windows-amd64 JRE (1.8.0_20-b26), built on Jul 30 2014 13:51:23 by "java_re" with MS VC++ 10.0 (VS2010)

time: Sun Sep 11 15:30:05 2016
elapsed time: 7 seconds (0d 0h 0m 7s)

