#
# There is insufficient memory for the Java Runtime Environment to continue.
# Native memory allocation (malloc) failed to allocate 67108880 bytes for Chunk::new
# Possible reasons:
#   The system is out of physical RAM or swap space
#   In 32 bit mode, the process size limit was hit
# Possible solutions:
#   Reduce memory load on the system
#   Increase physical memory or swap space
#   Check if swap backing store is full
#   Use 64 bit Java on a 64 bit OS
#   Decrease Java heap size (-Xmx/-Xms)
#   Decrease number of Java threads
#   Decrease Java thread stack sizes (-Xss)
#   Set larger code cache with -XX:ReservedCodeCacheSize=
# This output file may be truncated or incomplete.
#
#  Out of Memory Error (allocation.cpp:390), pid=10992, tid=12368
#
# JRE version: Java(TM) SE Runtime Environment (8.0_20-b26) (build 1.8.0_20-b26)
# Java VM: Java HotSpot(TM) 64-Bit Server VM (25.20-b23 mixed mode windows-amd64 compressed oops)
# Failed to write core dump. Minidumps are not enabled by default on client versions of Windows
#

---------------  T H R E A D  ---------------

Current thread (0x000000001562b000):  JavaThread "C2 CompilerThread1" daemon [_thread_in_native, id=12368, stack(0x0000000016c90000,0x0000000016d90000)]

Stack: [0x0000000016c90000,0x0000000016d90000]
Native frames: (J=compiled Java code, j=interpreted, Vv=VM code, C=native code)
V  [jvm.dll+0x3152fa]
V  [jvm.dll+0x265d03]
V  [jvm.dll+0x266943]
V  [jvm.dll+0x25e265]
V  [jvm.dll+0xbe255]
V  [jvm.dll+0xbe6fc]
V  [jvm.dll+0xf3878]
V  [jvm.dll+0x45df30]
V  [jvm.dll+0x45e1ea]
V  [jvm.dll+0x45f0cf]
V  [jvm.dll+0x461191]
V  [jvm.dll+0x4635c5]
V  [jvm.dll+0x463f4c]
V  [jvm.dll+0x464293]
V  [jvm.dll+0x451093]
V  [jvm.dll+0x452634]
V  [jvm.dll+0x435fc2]
V  [jvm.dll+0x97b62]
V  [jvm.dll+0x98353]
V  [jvm.dll+0x22aac4]
V  [jvm.dll+0x283f5a]
C  [msvcr100.dll+0x21d9f]
C  [msvcr100.dll+0x21e3b]
C  [KERNEL32.DLL+0x18102]
C  [ntdll.dll+0x5c5b4]


Current CompileTask:
C2:  16277 2113   !   4       com.android.dx.cf.code.Ropper::processBlock (1101 bytes)


---------------  P R O C E S S  ---------------

Java Threads: ( => current thread )
  0x0000000017c8e000 JavaThread "pool-2-thread-4" [_thread_blocked, id=9780, stack(0x0000000019060000,0x0000000019160000)]
  0x0000000017bd7000 JavaThread "pool-2-thread-3" [_thread_blocked, id=7216, stack(0x0000000018f60000,0x0000000019060000)]
  0x0000000017c8d800 JavaThread "pool-2-thread-2" [_thread_blocked, id=10120, stack(0x0000000018e60000,0x0000000018f60000)]
  0x0000000017e77800 JavaThread "pool-3-thread-1" [_thread_blocked, id=11928, stack(0x0000000018d60000,0x0000000018e60000)]
  0x0000000017759000 JavaThread "pool-2-thread-1" [_thread_blocked, id=11960, stack(0x0000000018c60000,0x0000000018d60000)]
  0x000000001568e000 JavaThread "Service Thread" daemon [_thread_blocked, id=980, stack(0x0000000017290000,0x0000000017390000)]
  0x0000000015631800 JavaThread "C1 CompilerThread2" daemon [_thread_blocked, id=12188, stack(0x0000000016d90000,0x0000000016e90000)]
=>0x000000001562b000 JavaThread "C2 CompilerThread1" daemon [_thread_in_native, id=12368, stack(0x0000000016c90000,0x0000000016d90000)]
  0x0000000015629000 JavaThread "C2 CompilerThread0" daemon [_thread_blocked, id=14808, stack(0x0000000016b90000,0x0000000016c90000)]
  0x0000000015637800 JavaThread "Attach Listener" daemon [_thread_blocked, id=12640, stack(0x0000000016a90000,0x0000000016b90000)]
  0x0000000015636000 JavaThread "Signal Dispatcher" daemon [_thread_blocked, id=12372, stack(0x0000000016990000,0x0000000016a90000)]
  0x0000000002f55000 JavaThread "Finalizer" daemon [_thread_blocked, id=5792, stack(0x0000000016890000,0x0000000016990000)]
  0x0000000002f4c000 JavaThread "Reference Handler" daemon [_thread_blocked, id=900, stack(0x0000000016790000,0x0000000016890000)]
  0x0000000002c7d800 JavaThread "main" [_thread_blocked, id=1744, stack(0x0000000002d60000,0x0000000002e60000)]

Other Threads:
  0x00000000155f6000 VMThread [stack: 0x0000000016690000,0x0000000016790000] [id=15356]
  0x0000000016ec2000 WatcherThread [stack: 0x0000000017390000,0x0000000017490000] [id=10824]

VM state:at safepoint (normal execution)

VM Mutex/Monitor currently owned by a thread:  ([mutex/lock_event])
[0x0000000002c7c900] Threads_lock - owner thread: 0x00000000155f6000
[0x0000000002c7c780] Heap_lock - owner thread: 0x0000000017c8e000

Heap:
 PSYoungGen      total 257024K, used 200704K [0x00000000eab00000, 0x0000000100000000, 0x0000000100000000)
  eden space 200704K, 100% used [0x00000000eab00000,0x00000000f6f00000,0x00000000f6f00000)
  from space 56320K, 0% used [0x00000000fc900000,0x00000000fc900000,0x0000000100000000)
  to   space 74240K, 0% used [0x00000000f6f00000,0x00000000f6f00000,0x00000000fb780000)
 ParOldGen       total 87552K, used 87334K [0x00000000c0000000, 0x00000000c5580000, 0x00000000eab00000)
  object space 87552K, 99% used [0x00000000c0000000,0x00000000c5549838,0x00000000c5580000)
 Metaspace       used 6565K, capacity 7320K, committed 7680K, reserved 1056768K
  class space    used 615K, capacity 656K, committed 768K, reserved 1048576K

Card table byte_map: [0x0000000012320000,0x0000000012530000] byte_map_base: 0x0000000011d20000

Marking Bits: (ParMarkBitMap*) 0x000000006451b460
 Begin Bits: [0x0000000012a90000, 0x0000000013a90000)
 End Bits:   [0x0000000013a90000, 0x0000000014a90000)

Polling page: 0x0000000001620000

CodeCache: size=245760Kb used=10541Kb max_used=10568Kb free=235218Kb
 bounds [0x0000000002f60000, 0x00000000039d0000, 0x0000000011f60000]
 total_blobs=2504 nmethods=2238 adapters=179
 compilation: enabled

Compilation events (10 events):
Event: 13.030 Thread 0x0000000015631800 nmethod 2380 0x00000000039403d0 code [0x00000000039405a0, 0x0000000003940f28]
Event: 13.132 Thread 0x0000000015631800 2384   !   3       com.android.dx.cf.direct.MemberListParser::parse (641 bytes)
Event: 13.141 Thread 0x0000000015631800 nmethod 2384 0x000000000396d950 code [0x000000000396e4e0, 0x0000000003976e18]
Event: 13.195 Thread 0x0000000015631800 2386   !   2       com.android.dx.cf.code.BytecodeArray::parseInstruction (2764 bytes)
Event: 13.207 Thread 0x0000000015631800 nmethod 2386 0x000000000397f150 code [0x0000000003980000, 0x00000000039861e8]
Event: 13.227 Thread 0x0000000015631800 2388       3       com.android.dx.cf.code.OneLocalsArray::makeInitialized (55 bytes)
Event: 13.228 Thread 0x0000000015631800 nmethod 2388 0x000000000393f890 code [0x000000000393fa40, 0x00000000039400d8]
Event: 13.318 Thread 0x0000000015629000 nmethod 2378 0x00000000039914d0 code [0x0000000003991920, 0x0000000003995bd0]
Event: 13.319 Thread 0x0000000015629000 2387   !   4       com.android.dx.cf.code.BytecodeArray::parseInstruction (2764 bytes)
Event: 13.335 Thread 0x0000000015631800 2389       2       com.android.dx.cf.code.BytecodeArray::parseLookupswitch (175 bytes)

GC Heap History (10 events):
Event: 6.800 GC heap after
Heap after GC invocations=10 (full 0):
 PSYoungGen      total 257024K, used 56304K [0x00000000eab00000, 0x0000000100000000, 0x0000000100000000)
  eden space 200704K, 0% used [0x00000000eab00000,0x00000000eab00000,0x00000000f6f00000)
  from space 56320K, 99% used [0x00000000fc900000,0x00000000ffffc2d0,0x0000000100000000)
  to   space 74240K, 0% used [0x00000000f6f00000,0x00000000f6f00000,0x00000000fb780000)
 ParOldGen       total 87552K, used 85337K [0x00000000c0000000, 0x00000000c5580000, 0x00000000eab00000)
  object space 87552K, 97% used [0x00000000c0000000,0x00000000c53566b8,0x00000000c5580000)
 Metaspace       used 6540K, capacity 7320K, committed 7680K, reserved 1056768K
  class space    used 615K, capacity 656K, committed 768K, reserved 1048576K
}
Event: 6.800 GC heap before
{Heap before GC invocations=11 (full 1):
 PSYoungGen      total 257024K, used 56304K [0x00000000eab00000, 0x0000000100000000, 0x0000000100000000)
  eden space 200704K, 0% used [0x00000000eab00000,0x00000000eab00000,0x00000000f6f00000)
  from space 56320K, 99% used [0x00000000fc900000,0x00000000ffffc2d0,0x0000000100000000)
  to   space 74240K, 0% used [0x00000000f6f00000,0x00000000f6f00000,0x00000000fb780000)
 ParOldGen       total 87552K, used 85337K [0x00000000c0000000, 0x00000000c5580000, 0x00000000eab00000)
  object space 87552K, 97% used [0x00000000c0000000,0x00000000c53566b8,0x00000000c5580000)
 Metaspace       used 6540K, capacity 7320K, committed 7680K, reserved 1056768K
  class space    used 615K, capacity 656K, committed 768K, reserved 1048576K
Event: 8.208 GC heap after
Heap after GC invocations=11 (full 1):
 PSYoungGen      total 257024K, used 47412K [0x00000000eab00000, 0x0000000100000000, 0x0000000100000000)
  eden space 200704K, 0% used [0x00000000eab00000,0x00000000eab00000,0x00000000f6f00000)
  from space 56320K, 84% used [0x00000000fc900000,0x00000000ff74d060,0x0000000100000000)
  to   space 74240K, 0% used [0x00000000f6f00000,0x00000000f6f00000,0x00000000fb780000)
 ParOldGen       total 87552K, used 87447K [0x00000000c0000000, 0x00000000c5580000, 0x00000000eab00000)
  object space 87552K, 99% used [0x00000000c0000000,0x00000000c5565ff0,0x00000000c5580000)
 Metaspace       used 6540K, capacity 7320K, committed 7680K, reserved 1056768K
  class space    used 615K, capacity 656K, committed 768K, reserved 1048576K
}
Event: 9.347 GC heap before
{Heap before GC invocations=12 (full 2):
 PSYoungGen      total 257024K, used 248116K [0x00000000eab00000, 0x0000000100000000, 0x0000000100000000)
  eden space 200704K, 100% used [0x00000000eab00000,0x00000000f6f00000,0x00000000f6f00000)
  from space 56320K, 84% used [0x00000000fc900000,0x00000000ff74d060,0x0000000100000000)
  to   space 74240K, 0% used [0x00000000f6f00000,0x00000000f6f00000,0x00000000fb780000)
 ParOldGen       total 87552K, used 87447K [0x00000000c0000000, 0x00000000c5580000, 0x00000000eab00000)
  object space 87552K, 99% used [0x00000000c0000000,0x00000000c5565ff0,0x00000000c5580000)
 Metaspace       used 6559K, capacity 7320K, committed 7680K, reserved 1056768K
  class space    used 615K, capacity 656K, committed 768K, reserved 1048576K
Event: 10.547 GC heap after
Heap after GC invocations=12 (full 2):
 PSYoungGen      total 257024K, used 76868K [0x00000000eab00000, 0x0000000100000000, 0x0000000100000000)
  eden space 200704K, 38% used [0x00000000eab00000,0x00000000ef611348,0x00000000f6f00000)
  from space 56320K, 0% used [0x00000000fc900000,0x00000000fc900000,0x0000000100000000)
  to   space 74240K, 0% used [0x00000000f6f00000,0x00000000f6f00000,0x00000000fb780000)
 ParOldGen       total 87552K, used 87512K [0x00000000c0000000, 0x00000000c5580000, 0x00000000eab00000)
  object space 87552K, 99% used [0x00000000c0000000,0x00000000c55762a0,0x00000000c5580000)
 Metaspace       used 6559K, capacity 7320K, committed 7680K, reserved 1056768K
  class space    used 615K, capacity 656K, committed 768K, reserved 1048576K
}
Event: 11.043 GC heap before
{Heap before GC invocations=13 (full 3):
 PSYoungGen      total 257024K, used 200704K [0x00000000eab00000, 0x0000000100000000, 0x0000000100000000)
  eden space 200704K, 100% used [0x00000000eab00000,0x00000000f6f00000,0x00000000f6f00000)
  from space 56320K, 0% used [0x00000000fc900000,0x00000000fc900000,0x0000000100000000)
  to   space 74240K, 0% used [0x00000000f6f00000,0x00000000f6f00000,0x00000000fb780000)
 ParOldGen       total 87552K, used 87512K [0x00000000c0000000, 0x00000000c5580000, 0x00000000eab00000)
  object space 87552K, 99% used [0x00000000c0000000,0x00000000c55762a0,0x00000000c5580000)
 Metaspace       used 6559K, capacity 7320K, committed 7680K, reserved 1056768K
  class space    used 615K, capacity 656K, committed 768K, reserved 1048576K
Event: 11.731 GC heap after
Heap after GC invocations=13 (full 3):
 PSYoungGen      total 257024K, used 93599K [0x00000000eab00000, 0x0000000100000000, 0x0000000100000000)
  eden space 200704K, 46% used [0x00000000eab00000,0x00000000f0667cb8,0x00000000f6f00000)
  from space 56320K, 0% used [0x00000000fc900000,0x00000000fc900000,0x0000000100000000)
  to   space 74240K, 0% used [0x00000000f6f00000,0x00000000f6f00000,0x00000000fb780000)
 ParOldGen       total 87552K, used 87335K [0x00000000c0000000, 0x00000000c5580000, 0x00000000eab00000)
  object space 87552K, 99% used [0x00000000c0000000,0x00000000c5549fb8,0x00000000c5580000)
 Metaspace       used 6559K, capacity 7320K, committed 7680K, reserved 1056768K
  class space    used 615K, capacity 656K, committed 768K, reserved 1048576K
}
Event: 12.170 GC heap before
{Heap before GC invocations=14 (full 4):
 PSYoungGen      total 257024K, used 200704K [0x00000000eab00000, 0x0000000100000000, 0x0000000100000000)
  eden space 200704K, 100% used [0x00000000eab00000,0x00000000f6f00000,0x00000000f6f00000)
  from space 56320K, 0% used [0x00000000fc900000,0x00000000fc900000,0x0000000100000000)
  to   space 74240K, 0% used [0x00000000f6f00000,0x00000000f6f00000,0x00000000fb780000)
 ParOldGen       total 87552K, used 87335K [0x00000000c0000000, 0x00000000c5580000, 0x00000000eab00000)
  object space 87552K, 99% used [0x00000000c0000000,0x00000000c5549fb8,0x00000000c5580000)
 Metaspace       used 6560K, capacity 7320K, committed 7680K, reserved 1056768K
  class space    used 615K, capacity 656K, committed 768K, reserved 1048576K
Event: 12.968 GC heap after
Heap after GC invocations=14 (full 4):
 PSYoungGen      total 257024K, used 108920K [0x00000000eab00000, 0x0000000100000000, 0x0000000100000000)
  eden space 200704K, 54% used [0x00000000eab00000,0x00000000f155e380,0x00000000f6f00000)
  from space 56320K, 0% used [0x00000000fc900000,0x00000000fc900000,0x0000000100000000)
  to   space 74240K, 0% used [0x00000000f6f00000,0x00000000f6f00000,0x00000000fb780000)
 ParOldGen       total 87552K, used 87335K [0x00000000c0000000, 0x00000000c5580000, 0x00000000eab00000)
  object space 87552K, 99% used [0x00000000c0000000,0x00000000c5549e18,0x00000000c5580000)
 Metaspace       used 6560K, capacity 7320K, committed 7680K, reserved 1056768K
  class space    used 615K, capacity 656K, committed 768K, reserved 1048576K
}
Event: 13.335 GC heap before
{Heap before GC invocations=15 (full 5):
 PSYoungGen      total 257024K, used 200704K [0x00000000eab00000, 0x0000000100000000, 0x0000000100000000)
  eden space 200704K, 100% used [0x00000000eab00000,0x00000000f6f00000,0x00000000f6f00000)
  from space 56320K, 0% used [0x00000000fc900000,0x00000000fc900000,0x0000000100000000)
  to   space 74240K, 0% used [0x00000000f6f00000,0x00000000f6f00000,0x00000000fb780000)
 ParOldGen       total 87552K, used 87335K [0x00000000c0000000, 0x00000000c5580000, 0x00000000eab00000)
  object space 87552K, 99% used [0x00000000c0000000,0x00000000c5549e18,0x00000000c5580000)
 Metaspace       used 6560K, capacity 7320K, committed 7680K, reserved 1056768K
  class space    used 615K, capacity 656K, committed 768K, reserved 1048576K

Deoptimization events (10 events):
Event: 5.526 Thread 0x0000000017c8d800 Uncommon trap: reason=bimorphic action=maybe_recompile pc=0x0000000003783aec method=com.android.dx.rop.code.RegisterSpec.getFrameType()Lcom/android/dx/rop/type/TypeBearer; @ 4
Event: 5.556 Thread 0x0000000017c8d800 Uncommon trap: reason=bimorphic action=maybe_recompile pc=0x0000000003783aec method=com.android.dx.rop.code.RegisterSpec.getFrameType()Lcom/android/dx/rop/type/TypeBearer; @ 4
Event: 6.087 Thread 0x0000000017759000 Uncommon trap: reason=bimorphic action=maybe_recompile pc=0x0000000003783aec method=com.android.dx.rop.code.RegisterSpec.getFrameType()Lcom/android/dx/rop/type/TypeBearer; @ 4
Event: 6.427 Thread 0x0000000017c8e000 Uncommon trap: reason=bimorphic action=maybe_recompile pc=0x0000000003783aec method=com.android.dx.rop.code.RegisterSpec.getFrameType()Lcom/android/dx/rop/type/TypeBearer; @ 4
Event: 8.453 Thread 0x0000000017c8e000 Uncommon trap: reason=bimorphic action=maybe_recompile pc=0x0000000003874fc8 method=com.android.dx.cf.code.BytecodeArray.parseInstruction(ILcom/android/dx/cf/code/BytecodeArray$Visitor;)I @ 2135
Event: 8.453 Thread 0x0000000017c8e000 Uncommon trap: reason=bimorphic action=maybe_recompile pc=0x0000000003874fc8 method=com.android.dx.cf.code.BytecodeArray.parseInstruction(ILcom/android/dx/cf/code/BytecodeArray$Visitor;)I @ 2135
Event: 10.619 Thread 0x0000000017c8e000 Uncommon trap: reason=bimorphic action=maybe_recompile pc=0x0000000003916244 method=com.android.dx.cf.code.BytecodeArray.parseInstruction(ILcom/android/dx/cf/code/BytecodeArray$Visitor;)I @ 1357
Event: 10.619 Thread 0x0000000017c8e000 Uncommon trap: reason=bimorphic action=maybe_recompile pc=0x0000000003916244 method=com.android.dx.cf.code.BytecodeArray.parseInstruction(ILcom/android/dx/cf/code/BytecodeArray$Visitor;)I @ 1357
Event: 13.192 Thread 0x0000000017bd7000 Uncommon trap: reason=bimorphic action=maybe_recompile pc=0x000000000395ac80 method=com.android.dx.cf.code.BytecodeArray.parseInstruction(ILcom/android/dx/cf/code/BytecodeArray$Visitor;)I @ 1597
Event: 13.192 Thread 0x0000000017bd7000 Uncommon trap: reason=bimorphic action=maybe_recompile pc=0x000000000395ac80 method=com.android.dx.cf.code.BytecodeArray.parseInstruction(ILcom/android/dx/cf/code/BytecodeArray$Visitor;)I @ 1597

Internal exceptions (10 events):
Event: 0.863 Thread 0x0000000017c8d800 Exception <a 'java/security/PrivilegedActionException'> (0x00000000eaf4b118) thrown at [D:\re\workspace\8-2-build-windows-amd64-cygwin\jdk8u20\1074\hotspot\src\share\vm\prims\jvm.cpp, line 1275]
Event: 1.177 Thread 0x0000000017759000 Exception <a 'java/security/PrivilegedActionException'> (0x00000000ec611738) thrown at [D:\re\workspace\8-2-build-windows-amd64-cygwin\jdk8u20\1074\hotspot\src\share\vm\prims\jvm.cpp, line 1275]
Event: 1.320 Thread 0x0000000017bd7000 Implicit null exception at 0x00000000032c2576 to 0x00000000032c491d
Event: 1.411 Thread 0x0000000002c7d800 Implicit null exception at 0x00000000032d0767 to 0x00000000032d2cb5
Event: 1.528 Thread 0x0000000002c7d800 Exception <a 'java/security/PrivilegedActionException'> (0x00000000ec97d5d0) thrown at [D:\re\workspace\8-2-build-windows-amd64-cygwin\jdk8u20\1074\hotspot\src\share\vm\prims\jvm.cpp, line 1275]
Event: 1.660 Thread 0x0000000017bd7000 Exception <a 'java/lang/ArrayIndexOutOfBoundsException': 18> (0x00000000ebe183d8) thrown at [D:\re\workspace\8-2-build-windows-amd64-cygwin\jdk8u20\1074\hotspot\src\share\vm\interpreter\interpreterRuntime.cpp, line 366]
Event: 1.660 Thread 0x0000000017bd7000 Exception <a 'java/lang/ArrayIndexOutOfBoundsException': 145> (0x00000000ebe19e70) thrown at [D:\re\workspace\8-2-build-windows-amd64-cygwin\jdk8u20\1074\hotspot\src\share\vm\interpreter\interpreterRuntime.cpp, line 366]
Event: 1.661 Thread 0x0000000017bd7000 Exception <a 'java/lang/ArrayIndexOutOfBoundsException'> (0x00000000ebe1b088) thrown at [D:\re\workspace\8-2-build-windows-amd64-cygwin\jdk8u20\1074\hotspot\src\share\vm\runtime\sharedRuntime.cpp, line 604]
Event: 2.184 Thread 0x0000000017759000 Exception <a 'java/security/PrivilegedActionException'> (0x00000000ecf9ea08) thrown at [D:\re\workspace\8-2-build-windows-amd64-cygwin\jdk8u20\1074\hotspot\src\share\vm\prims\jvm.cpp, line 1275]
Event: 4.397 Thread 0x0000000002c7d800 Exception <a 'java/security/PrivilegedActionException'> (0x00000000ef681f90) thrown at [D:\re\workspace\8-2-build-windows-amd64-cygwin\jdk8u20\1074\hotspot\src\share\vm\prims\jvm.cpp, line 1275]

Events (10 events):
Event: 13.215 Thread 0x0000000017c8d800 DEOPT UNPACKING pc=0x0000000002fa75bf sp=0x0000000018f5e840 mode 0
Event: 13.238 Thread 0x0000000002c7d800 DEOPT PACKING pc=0x0000000003431d31 sp=0x0000000002e5e620
Event: 13.238 Thread 0x0000000002c7d800 DEOPT UNPACKING pc=0x0000000002fa75bf sp=0x0000000002e5e450 mode 0
Event: 13.245 Thread 0x0000000002c7d800 DEOPT PACKING pc=0x00000000033227c0 sp=0x0000000002e5e5b0
Event: 13.245 Thread 0x0000000002c7d800 DEOPT UNPACKING pc=0x0000000002fa75bf sp=0x0000000002e5e390 mode 0
Event: 13.276 Thread 0x0000000017bd7000 DEOPT PACKING pc=0x0000000003431d31 sp=0x000000001905ecb0
Event: 13.276 Thread 0x0000000017bd7000 DEOPT UNPACKING pc=0x0000000002fa75bf sp=0x000000001905eae0 mode 0
Event: 13.310 Thread 0x0000000002c7d800 DEOPT PACKING pc=0x0000000003331537 sp=0x0000000002e5e650
Event: 13.310 Thread 0x0000000002c7d800 DEOPT UNPACKING pc=0x0000000002fa75bf sp=0x0000000002e5e3c0 mode 0
Event: 13.335 Executing VM operation: ParallelGCFailedAllocation


Dynamic libraries:
0x00007ff79b830000 - 0x00007ff79b864000 	C:\Program Files\Java\jdk1.8.0_20\bin\java.exe
0x00007ffc6b1c0000 - 0x00007ffc6b381000 	C:\WINDOWS\SYSTEM32\ntdll.dll
0x00007ffc68920000 - 0x00007ffc689cd000 	C:\WINDOWS\system32\KERNEL32.DLL
0x00007ffc67a70000 - 0x00007ffc67c58000 	C:\WINDOWS\system32\KERNELBASE.dll
0x00007ffc6b110000 - 0x00007ffc6b1b7000 	C:\WINDOWS\system32\ADVAPI32.dll
0x00007ffc6af30000 - 0x00007ffc6afcd000 	C:\WINDOWS\system32\msvcrt.dll
0x00007ffc6b040000 - 0x00007ffc6b09b000 	C:\WINDOWS\system32\sechost.dll
0x00007ffc689d0000 - 0x00007ffc68aec000 	C:\WINDOWS\system32\RPCRT4.dll
0x00007ffc6ac30000 - 0x00007ffc6ad86000 	C:\WINDOWS\system32\USER32.dll
0x00007ffc6ad90000 - 0x00007ffc6af16000 	C:\WINDOWS\system32\GDI32.dll
0x00007ffc5dcb0000 - 0x00007ffc5df24000 	C:\WINDOWS\WinSxS\amd64_microsoft.windows.common-controls_6595b64144ccf1df_6.0.10586.589_none_a2ddb3caa539acce\COMCTL32.dll
0x00007ffc6a5e0000 - 0x00007ffc6a85d000 	C:\WINDOWS\system32\combase.dll
0x00007ffc67c80000 - 0x00007ffc67cea000 	C:\WINDOWS\system32\bcryptPrimitives.dll
0x00007ffc68770000 - 0x00007ffc687ab000 	C:\WINDOWS\system32\IMM32.DLL
0x00000000645a0000 - 0x0000000064672000 	C:\Program Files\Java\jdk1.8.0_20\jre\bin\msvcr100.dll
0x0000000063d40000 - 0x0000000064598000 	C:\Program Files\Java\jdk1.8.0_20\jre\bin\server\jvm.dll
0x00007ffc6b0a0000 - 0x00007ffc6b0a8000 	C:\WINDOWS\system32\PSAPI.DLL
0x00007ffc65ad0000 - 0x00007ffc65af3000 	C:\WINDOWS\SYSTEM32\WINMM.dll
0x00007ffc5c500000 - 0x00007ffc5c509000 	C:\WINDOWS\SYSTEM32\WSOCK32.dll
0x00007ffc68700000 - 0x00007ffc6876b000 	C:\WINDOWS\system32\WS2_32.dll
0x0000000002c10000 - 0x0000000002c3c000 	C:\WINDOWS\SYSTEM32\WINMMBASE.dll
0x00007ffc679c0000 - 0x00007ffc67a03000 	C:\WINDOWS\system32\cfgmgr32.dll
0x0000000063d30000 - 0x0000000063d3f000 	C:\Program Files\Java\jdk1.8.0_20\jre\bin\verify.dll
0x0000000063d00000 - 0x0000000063d28000 	C:\Program Files\Java\jdk1.8.0_20\jre\bin\java.dll
0x0000000063ce0000 - 0x0000000063cf6000 	C:\Program Files\Java\jdk1.8.0_20\jre\bin\zip.dll
0x00007ffc68af0000 - 0x00007ffc6a04c000 	C:\WINDOWS\system32\SHELL32.dll
0x00007ffc67f50000 - 0x00007ffc68595000 	C:\WINDOWS\system32\windows.storage.dll
0x00007ffc688c0000 - 0x00007ffc68912000 	C:\WINDOWS\system32\shlwapi.dll
0x00007ffc67830000 - 0x00007ffc6783f000 	C:\WINDOWS\system32\kernel.appcore.dll
0x00007ffc67900000 - 0x00007ffc679b5000 	C:\WINDOWS\system32\shcore.dll
0x00007ffc677c0000 - 0x00007ffc6780b000 	C:\WINDOWS\system32\powrprof.dll
0x00007ffc67810000 - 0x00007ffc67824000 	C:\WINDOWS\system32\profapi.dll
0x00007ffc5c290000 - 0x00007ffc5c41c000 	C:\WINDOWS\SYSTEM32\dbghelp.dll

VM Arguments:
jvm_args: -Djava.awt.headless=true -Xmx1024M -Dfile.encoding=windows-1252 -Duser.country=US -Duser.language=en -Duser.variant 
java_command: com.android.dx.command.Main --dex --num-threads=4 --multi-dex --main-dex-list C:\Users\admin\Documents\GitHub\ShaneelSD\SoftwareDesign\FindMeTutor\FindMeTutor\tutor_app\build\intermediates\multi-dex\debug\maindexlist.txt --output C:\Users\admin\Documents\GitHub\ShaneelSD\SoftwareDesign\FindMeTutor\FindMeTutor\tutor_app\build\intermediates\transforms\dex\debug\folders\1000\1f\main C:\Users\admin\Documents\GitHub\ShaneelSD\SoftwareDesign\FindMeTutor\FindMeTutor\tutor_app\build\intermediates\transforms\jarMerging\debug\jars\1\1f\combined.jar
java_class_path (initial): C:\Users\admin\AppData\Local\Android\sdk\build-tools\24.0.1\lib\dx.jar
Launcher Type: SUN_STANDARD

Environment Variables:
PATH=C:\ProgramData\Oracle\Java\javapath;C:\Program Files (x86)\Intel\iCLS Client\;C:\Program Files\Intel\iCLS Client\;C:\WINDOWS\system32;C:\WINDOWS;C:\WINDOWS\System32\Wbem;C:\WINDOWS\System32\WindowsPowerShell\v1.0\;C:\Program Files\Intel\Intel(R) Management Engine Components\DAL;C:\Program Files\Intel\Intel(R) Management Engine Components\IPT;C:\Program Files (x86)\Intel\Intel(R) Management Engine Components\DAL;C:\Program Files (x86)\Intel\Intel(R) Management Engine Components\IPT;C:\Program Files\WIDCOMM\Bluetooth Software\;C:\Program Files\WIDCOMM\Bluetooth Software\syswow64;C:\Program Files (x86)\Intel\OpenCL SDK\2.0\bin\x86;C:\Program Files (x86)\Intel\OpenCL SDK\2.0\bin\x64;C:\Program Files\Intel\WiFi\bin\;C:\Program Files\Common Files\Intel\WirelessCommon\;c:\Program Files (x86)\Microsoft SQL Server\100\Tools\Binn\;c:\Program Files\Microsoft SQL Server\100\Tools\Binn\;c:\Program Files\Microsoft SQL Server\100\DTS\Binn\;C:\Program Files (x86)\MySQL\MySQL Fabric 1.5.4 & MySQL Utilities 1.5.4 1.5\;C:\Program Files (x86)\MySQL\MySQL Fabric 1.5.4 & MySQL Utilities 1.5.4 1.5\Doctrine extensions for PHP\;C:\Program Files (x86)\Borland\Delphi7\Bin;C:\Program Files (x86)\Borland\Delphi7\Projects\Bpl;C:\Program Files (x86)\Borland\Delphi7\Rave5;C:\Program Files\Git\cmd;C:\Program Files (x86)\OpenVPN\bin;C:\Program Files\Intel\WiFi\bin\;C:\Program Files\Common Files\Intel\WirelessCommon\
USERNAME=admin
OS=Windows_NT
PROCESSOR_IDENTIFIER=Intel64 Family 6 Model 58 Stepping 9, GenuineIntel



---------------  S Y S T E M  ---------------

OS: Windows 8.1 , 64 bit Build 9600 

CPU:total 4 (2 cores per cpu, 2 threads per core) family 6 model 58 stepping 9, cmov, cx8, fxsr, mmx, sse, sse2, sse3, ssse3, sse4.1, sse4.2, popcnt, avx, aes, clmul, erms, ht, tsc, tscinvbit, tscinv

Memory: 4k page, physical 8258576k(1763740k free), swap 10306576k(21372k free)

vm_info: Java HotSpot(TM) 64-Bit Server VM (25.20-b23) for windows-amd64 JRE (1.8.0_20-b26), built on Jul 30 2014 13:51:23 by "java_re" with MS VC++ 10.0 (VS2010)

time: Fri Oct 28 11:45:11 2016
elapsed time: 16 seconds (0d 0h 0m 16s)

