#
# There is insufficient memory for the Java Runtime Environment to continue.
# Native memory allocation (malloc) failed to allocate 131088 bytes for Chunk::new
# Possible reasons:
#   The system is out of physical RAM or swap space
#   In 32 bit mode, the process size limit was hit
# Possible solutions:
#   Reduce memory load on the system
#   Increase physical memory or swap space
#   Check if swap backing store is full
#   Use 64 bit Java on a 64 bit OS
#   Decrease Java heap size (-Xmx/-Xms)
#   Decrease number of Java threads
#   Decrease Java thread stack sizes (-Xss)
#   Set larger code cache with -XX:ReservedCodeCacheSize=
# This output file may be truncated or incomplete.
#
#  Out of Memory Error (allocation.cpp:390), pid=4172, tid=12584
#
# JRE version: Java(TM) SE Runtime Environment (8.0_20-b26) (build 1.8.0_20-b26)
# Java VM: Java HotSpot(TM) 64-Bit Server VM (25.20-b23 mixed mode windows-amd64 compressed oops)
# Failed to write core dump. Minidumps are not enabled by default on client versions of Windows
#

---------------  T H R E A D  ---------------

Current thread (0x0000000015799800):  JavaThread "C2 CompilerThread1" daemon [_thread_in_native, id=12584, stack(0x0000000016df0000,0x0000000016ef0000)]

Stack: [0x0000000016df0000,0x0000000016ef0000]
Native frames: (J=compiled Java code, j=interpreted, Vv=VM code, C=native code)
V  [jvm.dll+0x3152fa]


Current CompileTask:
C2:   1826 1116       4       com.android.dx.ssa.SsaBasicBlock::forEachInsn (37 bytes)


---------------  P R O C E S S  ---------------

Java Threads: ( => current thread )
  0x0000000017456800 JavaThread "pool-2-thread-4" [_thread_blocked, id=6400, stack(0x00000000179f0000,0x0000000017af0000)]
  0x0000000017442000 JavaThread "pool-2-thread-3" [_thread_blocked, id=12756, stack(0x00000000178f0000,0x00000000179f0000)]
  0x000000001743e000 JavaThread "pool-2-thread-2" [_thread_in_Java, id=12720, stack(0x00000000177f0000,0x00000000178f0000)]
  0x0000000017371000 JavaThread "pool-3-thread-1" [_thread_blocked, id=972, stack(0x00000000176f0000,0x00000000177f0000)]
  0x0000000017366000 JavaThread "pool-2-thread-1" [_thread_blocked, id=10428, stack(0x00000000175f0000,0x00000000176f0000)]
  0x00000000157fb800 JavaThread "Service Thread" daemon [_thread_blocked, id=11928, stack(0x0000000016ff0000,0x00000000170f0000)]
  0x00000000157f1000 JavaThread "C1 CompilerThread2" daemon [_thread_blocked, id=4276, stack(0x0000000016ef0000,0x0000000016ff0000)]
=>0x0000000015799800 JavaThread "C2 CompilerThread1" daemon [_thread_in_native, id=12584, stack(0x0000000016df0000,0x0000000016ef0000)]
  0x00000000157a9800 JavaThread "C2 CompilerThread0" daemon [_thread_in_native, id=10740, stack(0x0000000016cf0000,0x0000000016df0000)]
  0x00000000157a7800 JavaThread "Attach Listener" daemon [_thread_blocked, id=4872, stack(0x0000000016bf0000,0x0000000016cf0000)]
  0x00000000157a6000 JavaThread "Signal Dispatcher" daemon [_thread_blocked, id=4680, stack(0x0000000016af0000,0x0000000016bf0000)]
  0x00000000030bf000 JavaThread "Finalizer" daemon [_thread_blocked, id=5792, stack(0x00000000169f0000,0x0000000016af0000)]
  0x00000000030bc000 JavaThread "Reference Handler" daemon [_thread_blocked, id=10288, stack(0x00000000168f0000,0x00000000169f0000)]
  0x0000000002e9d800 JavaThread "main" [_thread_blocked, id=11308, stack(0x0000000002ed0000,0x0000000002fd0000)]

Other Threads:
  0x0000000015766000 VMThread [stack: 0x00000000167f0000,0x00000000168f0000] [id=10936]
  0x00000000157fe000 WatcherThread [stack: 0x00000000170f0000,0x00000000171f0000] [id=11624]

VM state:not at safepoint (normal execution)

VM Mutex/Monitor currently owned by a thread: None

Heap:
 PSYoungGen      total 38400K, used 25660K [0x00000000eab00000, 0x00000000ed580000, 0x0000000100000000)
  eden space 33280K, 77% used [0x00000000eab00000,0x00000000ec40f120,0x00000000ecb80000)
  from space 5120K, 0% used [0x00000000ed080000,0x00000000ed080000,0x00000000ed580000)
  to   space 5120K, 0% used [0x00000000ecb80000,0x00000000ecb80000,0x00000000ed080000)
 ParOldGen       total 87552K, used 0K [0x00000000c0000000, 0x00000000c5580000, 0x00000000eab00000)
  object space 87552K, 0% used [0x00000000c0000000,0x00000000c0000000,0x00000000c5580000)
 Metaspace       used 5850K, capacity 6832K, committed 7040K, reserved 1056768K
  class space    used 587K, capacity 616K, committed 640K, reserved 1048576K

Card table byte_map: [0x0000000012490000,0x00000000126a0000] byte_map_base: 0x0000000011e90000

Marking Bits: (ParMarkBitMap*) 0x000000006451b460
 Begin Bits: [0x0000000012c00000, 0x0000000013c00000)
 End Bits:   [0x0000000013c00000, 0x0000000014c00000)

Polling page: 0x0000000001320000

CodeCache: size=245760Kb used=4415Kb max_used=4415Kb free=241344Kb
 bounds [0x00000000030d0000, 0x0000000003530000, 0x00000000120d0000]
 total_blobs=1423 nmethods=1159 adapters=178
 compilation: enabled

Compilation events (10 events):
Event: 1.803 Thread 0x00000000157f1000 1166       3       com.android.dx.rop.cst.CstBaseMethodRef::getPrototype (41 bytes)
Event: 1.803 Thread 0x00000000157f1000 nmethod 1166 0x000000000351fa90 code [0x000000000351fc00, 0x0000000003520008]
Event: 1.803 Thread 0x00000000157f1000 1167  s    3       com.android.dx.dex.file.MethodIdsSection::intern (55 bytes)
Event: 1.804 Thread 0x00000000157f1000 nmethod 1167 0x0000000003520110 code [0x0000000003520320, 0x0000000003521008]
Event: 1.804 Thread 0x00000000157f1000 1160       3       java.lang.Float::isNaN (12 bytes)
Event: 1.804 Thread 0x00000000157f1000 nmethod 1160 0x0000000003521690 code [0x00000000035217e0, 0x0000000003521990]
Event: 1.804 Thread 0x00000000157f1000 1164       3       com.android.dx.rop.cst.CstInteger::make (47 bytes)
Event: 1.805 Thread 0x00000000157f1000 nmethod 1164 0x0000000003521a10 code [0x0000000003521bc0, 0x00000000035222f0]
Event: 1.805 Thread 0x00000000157f1000 1168       1       com.android.dx.rop.annotation.NameValuePair::getValue (5 bytes)
Event: 1.805 Thread 0x00000000157f1000 nmethod 1168 0x00000000034ee350 code [0x00000000034ee4a0, 0x00000000034ee5b0]

GC Heap History (0 events):
No events

Deoptimization events (10 events):
Event: 1.243 Thread 0x000000001743e000 Uncommon trap: reason=class_check action=maybe_recompile pc=0x00000000033959ac method=com.android.dx.rop.type.Type.equals(Ljava/lang/Object;)Z @ 8
Event: 1.243 Thread 0x000000001743e000 Uncommon trap: reason=class_check action=maybe_recompile pc=0x00000000033959ac method=com.android.dx.rop.type.Type.equals(Ljava/lang/Object;)Z @ 8
Event: 1.243 Thread 0x000000001743e000 Uncommon trap: reason=class_check action=maybe_recompile pc=0x00000000033959ac method=com.android.dx.rop.type.Type.equals(Ljava/lang/Object;)Z @ 8
Event: 1.244 Thread 0x000000001743e000 Uncommon trap: reason=class_check action=maybe_recompile pc=0x00000000033959ac method=com.android.dx.rop.type.Type.equals(Ljava/lang/Object;)Z @ 8
Event: 1.568 Thread 0x000000001743e000 Uncommon trap: reason=class_check action=maybe_recompile pc=0x00000000033edb30 method=com.android.dx.rop.type.Type.equals(Ljava/lang/Object;)Z @ 8
Event: 1.738 Thread 0x000000001743e000 Uncommon trap: reason=class_check action=maybe_recompile pc=0x000000000336998c method=com.android.dx.ssa.NormalSsaInsn.accept(Lcom/android/dx/ssa/SsaInsn$Visitor;)V @ 9
Event: 1.738 Thread 0x000000001743e000 Uncommon trap: reason=class_check action=maybe_recompile pc=0x000000000336998c method=com.android.dx.ssa.NormalSsaInsn.accept(Lcom/android/dx/ssa/SsaInsn$Visitor;)V @ 9
Event: 1.738 Thread 0x000000001743e000 Uncommon trap: reason=class_check action=maybe_recompile pc=0x000000000336998c method=com.android.dx.ssa.NormalSsaInsn.accept(Lcom/android/dx/ssa/SsaInsn$Visitor;)V @ 9
Event: 1.739 Thread 0x000000001743e000 Uncommon trap: reason=class_check action=maybe_recompile pc=0x000000000336998c method=com.android.dx.ssa.NormalSsaInsn.accept(Lcom/android/dx/ssa/SsaInsn$Visitor;)V @ 9
Event: 1.739 Thread 0x000000001743e000 Uncommon trap: reason=class_check action=maybe_recompile pc=0x0000000003341ff0 method=com.android.dx.ssa.NormalSsaInsn.accept(Lcom/android/dx/ssa/SsaInsn$Visitor;)V @ 9

Internal exceptions (10 events):
Event: 0.826 Thread 0x000000001743e000 Exception <a 'java/security/PrivilegedActionException'> (0x00000000eb4736b8) thrown at [D:\re\workspace\8-2-build-windows-amd64-cygwin\jdk8u20\1074\hotspot\src\share\vm\prims\jvm.cpp, line 1275]
Event: 0.828 Thread 0x000000001743e000 Exception <a 'java/security/PrivilegedActionException'> (0x00000000eb47c338) thrown at [D:\re\workspace\8-2-build-windows-amd64-cygwin\jdk8u20\1074\hotspot\src\share\vm\prims\jvm.cpp, line 1275]
Event: 0.840 Thread 0x0000000017366000 Exception <a 'java/security/PrivilegedActionException'> (0x00000000eb527050) thrown at [D:\re\workspace\8-2-build-windows-amd64-cygwin\jdk8u20\1074\hotspot\src\share\vm\prims\jvm.cpp, line 1275]
Event: 1.049 Thread 0x0000000017456800 Exception <a 'java/security/PrivilegedActionException'> (0x00000000eb7be418) thrown at [D:\re\workspace\8-2-build-windows-amd64-cygwin\jdk8u20\1074\hotspot\src\share\vm\prims\jvm.cpp, line 1275]
Event: 1.106 Thread 0x000000001743e000 Exception <a 'java/security/PrivilegedActionException'> (0x00000000eb9530f8) thrown at [D:\re\workspace\8-2-build-windows-amd64-cygwin\jdk8u20\1074\hotspot\src\share\vm\prims\jvm.cpp, line 1275]
Event: 1.114 Thread 0x0000000002e9d800 Exception <a 'java/security/PrivilegedActionException'> (0x00000000eb7a7e48) thrown at [D:\re\workspace\8-2-build-windows-amd64-cygwin\jdk8u20\1074\hotspot\src\share\vm\prims\jvm.cpp, line 1275]
Event: 1.115 Thread 0x0000000002e9d800 Exception <a 'java/security/PrivilegedActionException'> (0x00000000eb7aa3a8) thrown at [D:\re\workspace\8-2-build-windows-amd64-cygwin\jdk8u20\1074\hotspot\src\share\vm\prims\jvm.cpp, line 1275]
Event: 1.121 Thread 0x0000000002e9d800 Exception <a 'java/security/PrivilegedActionException'> (0x00000000eb9d82f0) thrown at [D:\re\workspace\8-2-build-windows-amd64-cygwin\jdk8u20\1074\hotspot\src\share\vm\prims\jvm.cpp, line 1275]
Event: 1.225 Thread 0x000000001743e000 Exception <a 'java/security/PrivilegedActionException'> (0x00000000ebbcba48) thrown at [D:\re\workspace\8-2-build-windows-amd64-cygwin\jdk8u20\1074\hotspot\src\share\vm\prims\jvm.cpp, line 1275]
Event: 1.771 Thread 0x0000000017442000 Exception <a 'java/security/PrivilegedActionException'> (0x00000000ebe0f370) thrown at [D:\re\workspace\8-2-build-windows-amd64-cygwin\jdk8u20\1074\hotspot\src\share\vm\prims\jvm.cpp, line 1275]

Events (10 events):
Event: 1.739 Thread 0x000000001743e000 DEOPT PACKING pc=0x0000000003341ff0 sp=0x00000000178eed10
Event: 1.739 Thread 0x000000001743e000 DEOPT UNPACKING pc=0x000000000311556a sp=0x00000000178eeca0 mode 2
Event: 1.771 loading class com/android/dx/dex/file/MethodAnnotationStruct
Event: 1.771 loading class com/android/dx/dex/file/MethodAnnotationStruct done
Event: 1.784 loading class java/util/TreeMap$EntrySet
Event: 1.784 loading class java/util/TreeMap$EntrySet done
Event: 1.785 loading class java/util/TreeMap$EntryIterator
Event: 1.785 loading class java/util/TreeMap$EntryIterator done
Event: 1.785 Executing VM operation: Deoptimize
Event: 1.785 Executing VM operation: Deoptimize done


Dynamic libraries:
0x00007ff79b830000 - 0x00007ff79b864000 	C:\Program Files\Java\jdk1.8.0_20\bin\java.exe
0x00007ffc6b1c0000 - 0x00007ffc6b381000 	C:\WINDOWS\SYSTEM32\ntdll.dll
0x00007ffc68920000 - 0x00007ffc689cd000 	C:\WINDOWS\system32\KERNEL32.DLL
0x00007ffc67a70000 - 0x00007ffc67c58000 	C:\WINDOWS\system32\KERNELBASE.dll
0x00007ffc6b110000 - 0x00007ffc6b1b7000 	C:\WINDOWS\system32\ADVAPI32.dll
0x00007ffc6af30000 - 0x00007ffc6afcd000 	C:\WINDOWS\system32\msvcrt.dll
0x00007ffc6b040000 - 0x00007ffc6b09b000 	C:\WINDOWS\system32\sechost.dll
0x00007ffc689d0000 - 0x00007ffc68aec000 	C:\WINDOWS\system32\RPCRT4.dll
0x00007ffc6ac30000 - 0x00007ffc6ad86000 	C:\WINDOWS\system32\USER32.dll
0x00007ffc6ad90000 - 0x00007ffc6af16000 	C:\WINDOWS\system32\GDI32.dll
0x00007ffc5dcb0000 - 0x00007ffc5df24000 	C:\WINDOWS\WinSxS\amd64_microsoft.windows.common-controls_6595b64144ccf1df_6.0.10586.589_none_a2ddb3caa539acce\COMCTL32.dll
0x00007ffc6a5e0000 - 0x00007ffc6a85d000 	C:\WINDOWS\system32\combase.dll
0x00007ffc67c80000 - 0x00007ffc67cea000 	C:\WINDOWS\system32\bcryptPrimitives.dll
0x00007ffc68770000 - 0x00007ffc687ab000 	C:\WINDOWS\system32\IMM32.DLL
0x00000000645a0000 - 0x0000000064672000 	C:\Program Files\Java\jdk1.8.0_20\jre\bin\msvcr100.dll
0x0000000063d40000 - 0x0000000064598000 	C:\Program Files\Java\jdk1.8.0_20\jre\bin\server\jvm.dll
0x00007ffc6b0a0000 - 0x00007ffc6b0a8000 	C:\WINDOWS\system32\PSAPI.DLL
0x00007ffc5c500000 - 0x00007ffc5c509000 	C:\WINDOWS\SYSTEM32\WSOCK32.dll
0x00007ffc68700000 - 0x00007ffc6876b000 	C:\WINDOWS\system32\WS2_32.dll
0x00007ffc65ad0000 - 0x00007ffc65af3000 	C:\WINDOWS\SYSTEM32\WINMM.dll
0x00007ffc65aa0000 - 0x00007ffc65acc000 	C:\WINDOWS\SYSTEM32\WINMMBASE.dll
0x00007ffc679c0000 - 0x00007ffc67a03000 	C:\WINDOWS\system32\cfgmgr32.dll
0x0000000063d30000 - 0x0000000063d3f000 	C:\Program Files\Java\jdk1.8.0_20\jre\bin\verify.dll
0x0000000063d00000 - 0x0000000063d28000 	C:\Program Files\Java\jdk1.8.0_20\jre\bin\java.dll
0x0000000063ce0000 - 0x0000000063cf6000 	C:\Program Files\Java\jdk1.8.0_20\jre\bin\zip.dll
0x00007ffc68af0000 - 0x00007ffc6a04c000 	C:\WINDOWS\system32\SHELL32.dll
0x00007ffc67f50000 - 0x00007ffc68595000 	C:\WINDOWS\system32\windows.storage.dll
0x00007ffc688c0000 - 0x00007ffc68912000 	C:\WINDOWS\system32\shlwapi.dll
0x00007ffc67830000 - 0x00007ffc6783f000 	C:\WINDOWS\system32\kernel.appcore.dll
0x00007ffc67900000 - 0x00007ffc679b5000 	C:\WINDOWS\system32\shcore.dll
0x00007ffc677c0000 - 0x00007ffc6780b000 	C:\WINDOWS\system32\powrprof.dll
0x00007ffc67810000 - 0x00007ffc67824000 	C:\WINDOWS\system32\profapi.dll

VM Arguments:
jvm_args: -Djava.awt.headless=true -Xmx1024M -Dfile.encoding=windows-1252 -Duser.country=US -Duser.language=en -Duser.variant 
java_command: com.android.dx.command.Main --dex --force-jumbo --num-threads=4 --multi-dex --output C:\Users\admin\Documents\GitHub\ShaneelSD\SoftwareDesign\FindMeTutor\FindMeTutor\tutor_app\build\intermediates\transforms\dex\debug\folders\1000\10\com.github.arimorty-floatingsearchview-2.0.3_38b68f347c22392f1d7587078253128b4e14d95c C:\Users\admin\Documents\GitHub\ShaneelSD\SoftwareDesign\FindMeTutor\FindMeTutor\tutor_app\build\intermediates\exploded-aar\com.github.arimorty\floatingsearchview\2.0.3\jars\classes.jar
java_class_path (initial): C:\Users\admin\AppData\Local\Android\sdk\build-tools\24.0.1\lib\dx.jar
Launcher Type: SUN_STANDARD

Environment Variables:
PATH=C:\ProgramData\Oracle\Java\javapath;C:\Program Files (x86)\Intel\iCLS Client\;C:\Program Files\Intel\iCLS Client\;C:\WINDOWS\system32;C:\WINDOWS;C:\WINDOWS\System32\Wbem;C:\WINDOWS\System32\WindowsPowerShell\v1.0\;C:\Program Files\Intel\Intel(R) Management Engine Components\DAL;C:\Program Files\Intel\Intel(R) Management Engine Components\IPT;C:\Program Files (x86)\Intel\Intel(R) Management Engine Components\DAL;C:\Program Files (x86)\Intel\Intel(R) Management Engine Components\IPT;C:\Program Files\WIDCOMM\Bluetooth Software\;C:\Program Files\WIDCOMM\Bluetooth Software\syswow64;C:\Program Files (x86)\Intel\OpenCL SDK\2.0\bin\x86;C:\Program Files (x86)\Intel\OpenCL SDK\2.0\bin\x64;C:\Program Files\Intel\WiFi\bin\;C:\Program Files\Common Files\Intel\WirelessCommon\;c:\Program Files (x86)\Microsoft SQL Server\100\Tools\Binn\;c:\Program Files\Microsoft SQL Server\100\Tools\Binn\;c:\Program Files\Microsoft SQL Server\100\DTS\Binn\;C:\Program Files (x86)\MySQL\MySQL Fabric 1.5.4 & MySQL Utilities 1.5.4 1.5\;C:\Program Files (x86)\MySQL\MySQL Fabric 1.5.4 & MySQL Utilities 1.5.4 1.5\Doctrine extensions for PHP\;C:\Program Files (x86)\Borland\Delphi7\Bin;C:\Program Files (x86)\Borland\Delphi7\Projects\Bpl;C:\Program Files (x86)\Borland\Delphi7\Rave5;C:\Program Files\Git\cmd;C:\Program Files (x86)\OpenVPN\bin;C:\Program Files\Intel\WiFi\bin\;C:\Program Files\Common Files\Intel\WirelessCommon\
USERNAME=admin
OS=Windows_NT
PROCESSOR_IDENTIFIER=Intel64 Family 6 Model 58 Stepping 9, GenuineIntel



---------------  S Y S T E M  ---------------

OS: Windows 8.1 , 64 bit Build 9600 

CPU:total 4 (2 cores per cpu, 2 threads per core) family 6 model 58 stepping 9, cmov, cx8, fxsr, mmx, sse, sse2, sse3, ssse3, sse4.1, sse4.2, popcnt, avx, aes, clmul, erms, ht, tsc, tscinvbit, tscinv

Memory: 4k page, physical 8258576k(2016616k free), swap 10306576k(5136k free)

vm_info: Java HotSpot(TM) 64-Bit Server VM (25.20-b23) for windows-amd64 JRE (1.8.0_20-b26), built on Jul 30 2014 13:51:23 by "java_re" with MS VC++ 10.0 (VS2010)

time: Fri Oct 28 00:09:36 2016
elapsed time: 1 seconds (0d 0h 0m 1s)

