#
# There is insufficient memory for the Java Runtime Environment to continue.
# Native memory allocation (malloc) failed to allocate 774816 bytes for Chunk::new
# Possible reasons:
#   The system is out of physical RAM or swap space
#   In 32 bit mode, the process size limit was hit
# Possible solutions:
#   Reduce memory load on the system
#   Increase physical memory or swap space
#   Check if swap backing store is full
#   Use 64 bit Java on a 64 bit OS
#   Decrease Java heap size (-Xmx/-Xms)
#   Decrease number of Java threads
#   Decrease Java thread stack sizes (-Xss)
#   Set larger code cache with -XX:ReservedCodeCacheSize=
# This output file may be truncated or incomplete.
#
#  Out of Memory Error (allocation.cpp:390), pid=6460, tid=11252
#
# JRE version: Java(TM) SE Runtime Environment (8.0_20-b26) (build 1.8.0_20-b26)
# Java VM: Java HotSpot(TM) 64-Bit Server VM (25.20-b23 mixed mode windows-amd64 compressed oops)
# Failed to write core dump. Minidumps are not enabled by default on client versions of Windows
#

---------------  T H R E A D  ---------------

Current thread (0x0000000015170000):  JavaThread "C2 CompilerThread1" daemon [_thread_in_native, id=11252, stack(0x00000000167d0000,0x00000000168d0000)]

Stack: [0x00000000167d0000,0x00000000168d0000]
Native frames: (J=compiled Java code, j=interpreted, Vv=VM code, C=native code)
V  [jvm.dll+0x3152fa]
V  [jvm.dll+0x265d03]
V  [jvm.dll+0x266943]
V  [jvm.dll+0x25e265]
V  [jvm.dll+0xbe255]
V  [jvm.dll+0xbe6fc]
V  [jvm.dll+0x45c472]
V  [jvm.dll+0x49d76f]
V  [jvm.dll+0x451045]
V  [jvm.dll+0x452634]
V  [jvm.dll+0x435fc2]
V  [jvm.dll+0x97b62]
V  [jvm.dll+0x98353]
V  [jvm.dll+0x22aac4]
V  [jvm.dll+0x283f5a]
C  [msvcr100.dll+0x21d9f]
C  [msvcr100.dll+0x21e3b]
C  [KERNEL32.DLL+0x18102]
C  [ntdll.dll+0x5c5b4]


Current CompileTask:
C2:   3389 1290       4       com.android.dx.ssa.SCCP::simulateStmt (481 bytes)


---------------  P R O C E S S  ---------------

Java Threads: ( => current thread )
  0x0000000016ea7000 JavaThread "pool-2-thread-4" [_thread_in_Java, id=15032, stack(0x0000000017bd0000,0x0000000017cd0000)]
  0x0000000016ee5000 JavaThread "pool-2-thread-3" [_thread_in_Java, id=15052, stack(0x0000000017ad0000,0x0000000017bd0000)]
  0x0000000016ee3800 JavaThread "pool-2-thread-2" [_thread_in_Java, id=7216, stack(0x00000000179d0000,0x0000000017ad0000)]
  0x0000000016e0a000 JavaThread "pool-3-thread-1" [_thread_blocked, id=2908, stack(0x00000000178d0000,0x00000000179d0000)]
  0x0000000016e49800 JavaThread "pool-2-thread-1" [_thread_blocked, id=8228, stack(0x00000000177d0000,0x00000000178d0000)]
  0x00000000151cb000 JavaThread "Service Thread" daemon [_thread_blocked, id=14316, stack(0x00000000169d0000,0x0000000016ad0000)]
  0x00000000151c0800 JavaThread "C1 CompilerThread2" daemon [_thread_in_native, id=12848, stack(0x00000000168d0000,0x00000000169d0000)]
=>0x0000000015170000 JavaThread "C2 CompilerThread1" daemon [_thread_in_native, id=11252, stack(0x00000000167d0000,0x00000000168d0000)]
  0x000000001516d800 JavaThread "C2 CompilerThread0" daemon [_thread_in_native, id=3796, stack(0x00000000166d0000,0x00000000167d0000)]
  0x000000001516b800 JavaThread "Attach Listener" daemon [_thread_blocked, id=1956, stack(0x00000000165d0000,0x00000000166d0000)]
  0x000000001516a000 JavaThread "Signal Dispatcher" daemon [_thread_blocked, id=11380, stack(0x00000000164d0000,0x00000000165d0000)]
  0x0000000002a8f000 JavaThread "Finalizer" daemon [_thread_blocked, id=7636, stack(0x00000000163d0000,0x00000000164d0000)]
  0x0000000015138000 JavaThread "Reference Handler" daemon [_thread_blocked, id=5940, stack(0x00000000162d0000,0x00000000163d0000)]
  0x0000000000f8d800 JavaThread "main" [_thread_in_Java, id=15040, stack(0x00000000027e0000,0x00000000028e0000)]

Other Threads:
  0x0000000015136000 VMThread [stack: 0x00000000161d0000,0x00000000162d0000] [id=10644]
  0x00000000151ce000 WatcherThread [stack: 0x0000000016ad0000,0x0000000016bd0000] [id=12088]

VM state:not at safepoint (normal execution)

VM Mutex/Monitor currently owned by a thread:  ([mutex/lock_event])
[0x0000000000f8cc90] CompiledIC_lock - owner thread: 0x00000000151c0800

Heap:
 PSYoungGen      total 38400K, used 16413K [0x00000000eab00000, 0x00000000ed580000, 0x0000000100000000)
  eden space 33280K, 34% used [0x00000000eab00000,0x00000000eb60d4e0,0x00000000ecb80000)
  from space 5120K, 99% used [0x00000000ecb80000,0x00000000ed07a098,0x00000000ed080000)
  to   space 5120K, 0% used [0x00000000ed080000,0x00000000ed080000,0x00000000ed580000)
 ParOldGen       total 87552K, used 876K [0x00000000c0000000, 0x00000000c5580000, 0x00000000eab00000)
  object space 87552K, 1% used [0x00000000c0000000,0x00000000c00db0b0,0x00000000c5580000)
 Metaspace       used 6027K, capacity 6960K, committed 7040K, reserved 1056768K
  class space    used 593K, capacity 616K, committed 640K, reserved 1048576K

Card table byte_map: [0x0000000011e60000,0x0000000012070000] byte_map_base: 0x0000000011860000

Marking Bits: (ParMarkBitMap*) 0x000000006451b460
 Begin Bits: [0x00000000125d0000, 0x00000000135d0000)
 End Bits:   [0x00000000135d0000, 0x00000000145d0000)

Polling page: 0x0000000000f50000

CodeCache: size=245760Kb used=5293Kb max_used=5293Kb free=240466Kb
 bounds [0x0000000002aa0000, 0x0000000002fd0000, 0x0000000011aa0000]
 total_blobs=1595 nmethods=1329 adapters=179
 compilation: disabled (not enough contiguous free space left)

Compilation events (10 events):
Event: 3.362 Thread 0x000000001516d800 nmethod 1302 0x0000000002f95850 code [0x0000000002f959a0, 0x0000000002f95bf8]
Event: 3.362 Thread 0x000000001516d800 1307       4       java.lang.Object::equals (11 bytes)
Event: 3.362 Thread 0x000000001516d800 nmethod 1307 0x0000000002ec5c90 code [0x0000000002ec5dc0, 0x0000000002ec5e38]
Event: 3.362 Thread 0x000000001516d800 1305       4       java.util.ArrayList::subListRangeCheck (110 bytes)
Event: 3.363 Thread 0x000000001516d800 nmethod 1305 0x0000000002fa2410 code [0x0000000002fa2540, 0x0000000002fa25b8]
Event: 3.363 Thread 0x000000001516d800 1303       4       com.android.dx.ssa.SCCP::addBlockToWorklist (47 bytes)
Event: 3.364 Thread 0x00000000151c0800 nmethod 1294 0x0000000002fa5dd0 code [0x0000000002fa6700, 0x0000000002fad178]
Event: 3.364 Thread 0x00000000151c0800 1312       1       com.android.dx.rop.code.Insn$BaseVisitor::visitThrowingCstInsn (1 bytes)
Event: 3.364 Thread 0x00000000151c0800 nmethod 1312 0x0000000002f95590 code [0x0000000002f956e0, 0x0000000002f957f0]
Event: 3.365 Thread 0x00000000151c0800 1310       1       com.android.dx.rop.cst.CstString::getType (4 bytes)

GC Heap History (2 events):
Event: 3.114 GC heap before
{Heap before GC invocations=1 (full 0):
 PSYoungGen      total 38400K, used 33280K [0x00000000eab00000, 0x00000000ed580000, 0x0000000100000000)
  eden space 33280K, 100% used [0x00000000eab00000,0x00000000ecb80000,0x00000000ecb80000)
  from space 5120K, 0% used [0x00000000ed080000,0x00000000ed080000,0x00000000ed580000)
  to   space 5120K, 0% used [0x00000000ecb80000,0x00000000ecb80000,0x00000000ed080000)
 ParOldGen       total 87552K, used 0K [0x00000000c0000000, 0x00000000c5580000, 0x00000000eab00000)
  object space 87552K, 0% used [0x00000000c0000000,0x00000000c0000000,0x00000000c5580000)
 Metaspace       used 5983K, capacity 6960K, committed 7040K, reserved 1056768K
  class space    used 593K, capacity 616K, committed 640K, reserved 1048576K
Event: 3.304 GC heap after
Heap after GC invocations=1 (full 0):
 PSYoungGen      total 38400K, used 5096K [0x00000000eab00000, 0x00000000ed580000, 0x0000000100000000)
  eden space 33280K, 0% used [0x00000000eab00000,0x00000000eab00000,0x00000000ecb80000)
  from space 5120K, 99% used [0x00000000ecb80000,0x00000000ed07a098,0x00000000ed080000)
  to   space 5120K, 0% used [0x00000000ed080000,0x00000000ed080000,0x00000000ed580000)
 ParOldGen       total 87552K, used 876K [0x00000000c0000000, 0x00000000c5580000, 0x00000000eab00000)
  object space 87552K, 1% used [0x00000000c0000000,0x00000000c00db0b0,0x00000000c5580000)
 Metaspace       used 5983K, capacity 6960K, committed 7040K, reserved 1056768K
  class space    used 593K, capacity 616K, committed 640K, reserved 1048576K
}

Deoptimization events (10 events):
Event: 2.565 Thread 0x0000000016ee3800 Uncommon trap: reason=class_check action=maybe_recompile pc=0x0000000002db6378 method=com.android.dx.ssa.NormalSsaInsn.accept(Lcom/android/dx/ssa/SsaInsn$Visitor;)V @ 9
Event: 2.570 Thread 0x0000000016ea7000 Uncommon trap: reason=class_check action=maybe_recompile pc=0x0000000002db6378 method=com.android.dx.ssa.NormalSsaInsn.accept(Lcom/android/dx/ssa/SsaInsn$Visitor;)V @ 9
Event: 2.660 Thread 0x0000000016ee5000 Uncommon trap: reason=class_check action=maybe_recompile pc=0x0000000002de79ac method=com.android.dx.rop.type.Type.equals(Ljava/lang/Object;)Z @ 8
Event: 2.661 Thread 0x0000000016ee5000 Uncommon trap: reason=class_check action=maybe_recompile pc=0x0000000002d58c50 method=com.android.dx.rop.type.Type.equals(Ljava/lang/Object;)Z @ 8
Event: 2.661 Thread 0x0000000016ee5000 Uncommon trap: reason=unreached action=reinterpret pc=0x0000000002e29634 method=java.util.HashMap.putVal(ILjava/lang/Object;Ljava/lang/Object;ZZ)Ljava/lang/Object; @ 193
Event: 2.661 Thread 0x0000000016ee5000 Uncommon trap: reason=class_check action=maybe_recompile pc=0x0000000002d58c50 method=com.android.dx.rop.type.Type.equals(Ljava/lang/Object;)Z @ 8
Event: 2.661 Thread 0x0000000016ee5000 Uncommon trap: reason=class_check action=maybe_recompile pc=0x0000000002d58c50 method=com.android.dx.rop.type.Type.equals(Ljava/lang/Object;)Z @ 8
Event: 2.661 Thread 0x0000000016ee5000 Uncommon trap: reason=class_check action=maybe_recompile pc=0x0000000002de79ac method=com.android.dx.rop.type.Type.equals(Ljava/lang/Object;)Z @ 8
Event: 2.661 Thread 0x0000000016ee5000 Uncommon trap: reason=class_check action=maybe_recompile pc=0x0000000002ddaf60 method=com.android.dx.rop.type.Type.equals(Ljava/lang/Object;)Z @ 8
Event: 2.695 Thread 0x0000000016ee3800 Uncommon trap: reason=class_check action=maybe_recompile pc=0x0000000002da23e0 method=com.android.dx.ssa.NormalSsaInsn.accept(Lcom/android/dx/ssa/SsaInsn$Visitor;)V @ 9

Internal exceptions (10 events):
Event: 1.654 Thread 0x0000000016ee3800 Exception <a 'java/security/PrivilegedActionException'> (0x00000000ebb30400) thrown at [D:\re\workspace\8-2-build-windows-amd64-cygwin\jdk8u20\1074\hotspot\src\share\vm\prims\jvm.cpp, line 1275]
Event: 1.664 Thread 0x0000000000f8d800 Exception <a 'java/security/PrivilegedActionException'> (0x00000000eb9db5d8) thrown at [D:\re\workspace\8-2-build-windows-amd64-cygwin\jdk8u20\1074\hotspot\src\share\vm\prims\jvm.cpp, line 1275]
Event: 1.677 Thread 0x0000000000f8d800 Exception <a 'java/security/PrivilegedActionException'> (0x00000000ebd47278) thrown at [D:\re\workspace\8-2-build-windows-amd64-cygwin\jdk8u20\1074\hotspot\src\share\vm\prims\jvm.cpp, line 1275]
Event: 2.080 Thread 0x0000000016ea7000 Exception <a 'java/security/PrivilegedActionException'> (0x00000000ebeabf90) thrown at [D:\re\workspace\8-2-build-windows-amd64-cygwin\jdk8u20\1074\hotspot\src\share\vm\prims\jvm.cpp, line 1275]
Event: 2.087 Thread 0x0000000016ee5000 Exception <a 'java/security/PrivilegedActionException'> (0x00000000ebcd81f8) thrown at [D:\re\workspace\8-2-build-windows-amd64-cygwin\jdk8u20\1074\hotspot\src\share\vm\prims\jvm.cpp, line 1275]
Event: 2.088 Thread 0x0000000016ee5000 Exception <a 'java/security/PrivilegedActionException'> (0x00000000ebcddbe8) thrown at [D:\re\workspace\8-2-build-windows-amd64-cygwin\jdk8u20\1074\hotspot\src\share\vm\prims\jvm.cpp, line 1275]
Event: 2.088 Thread 0x0000000016ee5000 Exception <a 'java/security/PrivilegedActionException'> (0x00000000ebce3298) thrown at [D:\re\workspace\8-2-build-windows-amd64-cygwin\jdk8u20\1074\hotspot\src\share\vm\prims\jvm.cpp, line 1275]
Event: 2.596 Thread 0x0000000016e49800 Exception <a 'java/security/PrivilegedActionException'> (0x00000000ec3d8b50) thrown at [D:\re\workspace\8-2-build-windows-amd64-cygwin\jdk8u20\1074\hotspot\src\share\vm\prims\jvm.cpp, line 1275]
Event: 2.659 Thread 0x0000000016ee5000 Exception <a 'java/security/PrivilegedActionException'> (0x00000000ec34da80) thrown at [D:\re\workspace\8-2-build-windows-amd64-cygwin\jdk8u20\1074\hotspot\src\share\vm\prims\jvm.cpp, line 1275]
Event: 2.684 Thread 0x0000000016ee3800 Exception <a 'java/security/PrivilegedActionException'> (0x00000000ec298830) thrown at [D:\re\workspace\8-2-build-windows-amd64-cygwin\jdk8u20\1074\hotspot\src\share\vm\prims\jvm.cpp, line 1275]

Events (10 events):
Event: 2.693 loading class java/util/TreeMap$EntryIterator done
Event: 2.693 Executing VM operation: Deoptimize
Event: 2.693 Executing VM operation: Deoptimize done
Event: 2.695 Thread 0x0000000016ee3800 Uncommon trap: trap_request=0xffffffde fr.pc=0x0000000002da23e0
Event: 2.695 Thread 0x0000000016ee3800 DEOPT PACKING pc=0x0000000002da23e0 sp=0x0000000017ace9b0
Event: 2.695 Thread 0x0000000016ee3800 DEOPT UNPACKING pc=0x0000000002ae556a sp=0x0000000017ace9c0 mode 2
Event: 3.104 Executing VM operation: ParallelGCFailedAllocation
Event: 3.304 Executing VM operation: ParallelGCFailedAllocation done
Event: 3.309 loading class sun/misc/Cleaner
Event: 3.309 loading class sun/misc/Cleaner done


Dynamic libraries:
0x00007ff79b830000 - 0x00007ff79b864000 	C:\Program Files\Java\jdk1.8.0_20\bin\java.exe
0x00007ffc6b1c0000 - 0x00007ffc6b381000 	C:\WINDOWS\SYSTEM32\ntdll.dll
0x00007ffc68920000 - 0x00007ffc689cd000 	C:\WINDOWS\system32\KERNEL32.DLL
0x00007ffc67a70000 - 0x00007ffc67c58000 	C:\WINDOWS\system32\KERNELBASE.dll
0x00007ffc6b110000 - 0x00007ffc6b1b7000 	C:\WINDOWS\system32\ADVAPI32.dll
0x00007ffc6af30000 - 0x00007ffc6afcd000 	C:\WINDOWS\system32\msvcrt.dll
0x00007ffc6b040000 - 0x00007ffc6b09b000 	C:\WINDOWS\system32\sechost.dll
0x00007ffc689d0000 - 0x00007ffc68aec000 	C:\WINDOWS\system32\RPCRT4.dll
0x00007ffc6ac30000 - 0x00007ffc6ad86000 	C:\WINDOWS\system32\USER32.dll
0x00007ffc6ad90000 - 0x00007ffc6af16000 	C:\WINDOWS\system32\GDI32.dll
0x00007ffc5dcb0000 - 0x00007ffc5df24000 	C:\WINDOWS\WinSxS\amd64_microsoft.windows.common-controls_6595b64144ccf1df_6.0.10586.589_none_a2ddb3caa539acce\COMCTL32.dll
0x00007ffc6a5e0000 - 0x00007ffc6a85d000 	C:\WINDOWS\system32\combase.dll
0x00007ffc67c80000 - 0x00007ffc67cea000 	C:\WINDOWS\system32\bcryptPrimitives.dll
0x00007ffc68770000 - 0x00007ffc687ab000 	C:\WINDOWS\system32\IMM32.DLL
0x00000000645a0000 - 0x0000000064672000 	C:\Program Files\Java\jdk1.8.0_20\jre\bin\msvcr100.dll
0x0000000063d40000 - 0x0000000064598000 	C:\Program Files\Java\jdk1.8.0_20\jre\bin\server\jvm.dll
0x00007ffc6b0a0000 - 0x00007ffc6b0a8000 	C:\WINDOWS\system32\PSAPI.DLL
0x00007ffc5c500000 - 0x00007ffc5c509000 	C:\WINDOWS\SYSTEM32\WSOCK32.dll
0x00007ffc68700000 - 0x00007ffc6876b000 	C:\WINDOWS\system32\WS2_32.dll
0x00007ffc65ad0000 - 0x00007ffc65af3000 	C:\WINDOWS\SYSTEM32\WINMM.dll
0x00007ffc65aa0000 - 0x00007ffc65acc000 	C:\WINDOWS\SYSTEM32\WINMMBASE.dll
0x00007ffc679c0000 - 0x00007ffc67a03000 	C:\WINDOWS\system32\cfgmgr32.dll
0x0000000063d30000 - 0x0000000063d3f000 	C:\Program Files\Java\jdk1.8.0_20\jre\bin\verify.dll
0x0000000063d00000 - 0x0000000063d28000 	C:\Program Files\Java\jdk1.8.0_20\jre\bin\java.dll
0x0000000063ce0000 - 0x0000000063cf6000 	C:\Program Files\Java\jdk1.8.0_20\jre\bin\zip.dll
0x00007ffc68af0000 - 0x00007ffc6a04c000 	C:\WINDOWS\system32\SHELL32.dll
0x00007ffc67f50000 - 0x00007ffc68595000 	C:\WINDOWS\system32\windows.storage.dll
0x00007ffc688c0000 - 0x00007ffc68912000 	C:\WINDOWS\system32\shlwapi.dll
0x00007ffc67830000 - 0x00007ffc6783f000 	C:\WINDOWS\system32\kernel.appcore.dll
0x00007ffc67900000 - 0x00007ffc679b5000 	C:\WINDOWS\system32\shcore.dll
0x00007ffc677c0000 - 0x00007ffc6780b000 	C:\WINDOWS\system32\powrprof.dll
0x00007ffc67810000 - 0x00007ffc67824000 	C:\WINDOWS\system32\profapi.dll
0x00007ffc5c290000 - 0x00007ffc5c41c000 	C:\WINDOWS\SYSTEM32\dbghelp.dll

VM Arguments:
jvm_args: -Djava.awt.headless=true -Xmx1024M -Dfile.encoding=windows-1252 -Duser.country=US -Duser.language=en -Duser.variant 
java_command: com.android.dx.command.Main --dex --force-jumbo --num-threads=4 --multi-dex --output C:\Users\admin\Documents\GitHub\ShaneelSD\SoftwareDesign\FindMeTutor\FindMeTutor\tutor_app\build\intermediates\transforms\dex\debug\folders\1000\10\com.android.support-support-compat-24.2.1_8311e04365453e68ba119eb9a2b0f03372a26432 C:\Users\admin\Documents\GitHub\ShaneelSD\SoftwareDesign\FindMeTutor\FindMeTutor\tutor_app\build\intermediates\exploded-aar\com.android.support\support-compat\24.2.1\jars\classes.jar
java_class_path (initial): C:\Users\admin\AppData\Local\Android\sdk\build-tools\24.0.1\lib\dx.jar
Launcher Type: SUN_STANDARD

Environment Variables:
PATH=C:\ProgramData\Oracle\Java\javapath;C:\Program Files (x86)\Intel\iCLS Client\;C:\Program Files\Intel\iCLS Client\;C:\WINDOWS\system32;C:\WINDOWS;C:\WINDOWS\System32\Wbem;C:\WINDOWS\System32\WindowsPowerShell\v1.0\;C:\Program Files\Intel\Intel(R) Management Engine Components\DAL;C:\Program Files\Intel\Intel(R) Management Engine Components\IPT;C:\Program Files (x86)\Intel\Intel(R) Management Engine Components\DAL;C:\Program Files (x86)\Intel\Intel(R) Management Engine Components\IPT;C:\Program Files\WIDCOMM\Bluetooth Software\;C:\Program Files\WIDCOMM\Bluetooth Software\syswow64;C:\Program Files (x86)\Intel\OpenCL SDK\2.0\bin\x86;C:\Program Files (x86)\Intel\OpenCL SDK\2.0\bin\x64;C:\Program Files\Intel\WiFi\bin\;C:\Program Files\Common Files\Intel\WirelessCommon\;c:\Program Files (x86)\Microsoft SQL Server\100\Tools\Binn\;c:\Program Files\Microsoft SQL Server\100\Tools\Binn\;c:\Program Files\Microsoft SQL Server\100\DTS\Binn\;C:\Program Files (x86)\MySQL\MySQL Fabric 1.5.4 & MySQL Utilities 1.5.4 1.5\;C:\Program Files (x86)\MySQL\MySQL Fabric 1.5.4 & MySQL Utilities 1.5.4 1.5\Doctrine extensions for PHP\;C:\Program Files (x86)\Borland\Delphi7\Bin;C:\Program Files (x86)\Borland\Delphi7\Projects\Bpl;C:\Program Files (x86)\Borland\Delphi7\Rave5;C:\Program Files\Git\cmd;C:\Program Files (x86)\OpenVPN\bin;C:\Program Files\Intel\WiFi\bin\;C:\Program Files\Common Files\Intel\WirelessCommon\
USERNAME=admin
OS=Windows_NT
PROCESSOR_IDENTIFIER=Intel64 Family 6 Model 58 Stepping 9, GenuineIntel



---------------  S Y S T E M  ---------------

OS: Windows 8.1 , 64 bit Build 9600 

CPU:total 4 (2 cores per cpu, 2 threads per core) family 6 model 58 stepping 9, cmov, cx8, fxsr, mmx, sse, sse2, sse3, ssse3, sse4.1, sse4.2, popcnt, avx, aes, clmul, erms, ht, tsc, tscinvbit, tscinv

Memory: 4k page, physical 8258576k(2385696k free), swap 10306576k(4140k free)

vm_info: Java HotSpot(TM) 64-Bit Server VM (25.20-b23) for windows-amd64 JRE (1.8.0_20-b26), built on Jul 30 2014 13:51:23 by "java_re" with MS VC++ 10.0 (VS2010)

time: Fri Oct 28 12:10:11 2016
elapsed time: 3 seconds (0d 0h 0m 3s)

