#
# There is insufficient memory for the Java Runtime Environment to continue.
# Native memory allocation (malloc) failed to allocate 306448 bytes for Chunk::new
# Possible reasons:
#   The system is out of physical RAM or swap space
#   In 32 bit mode, the process size limit was hit
# Possible solutions:
#   Reduce memory load on the system
#   Increase physical memory or swap space
#   Check if swap backing store is full
#   Use 64 bit Java on a 64 bit OS
#   Decrease Java heap size (-Xmx/-Xms)
#   Decrease number of Java threads
#   Decrease Java thread stack sizes (-Xss)
#   Set larger code cache with -XX:ReservedCodeCacheSize=
# This output file may be truncated or incomplete.
#
#  Out of Memory Error (allocation.cpp:390), pid=12728, tid=7716
#
# JRE version: Java(TM) SE Runtime Environment (8.0_20-b26) (build 1.8.0_20-b26)
# Java VM: Java HotSpot(TM) 64-Bit Server VM (25.20-b23 mixed mode windows-amd64 compressed oops)
# Failed to write core dump. Minidumps are not enabled by default on client versions of Windows
#

---------------  T H R E A D  ---------------

Current thread (0x000000001499d800):  JavaThread "C2 CompilerThread0" daemon [_thread_in_native, id=7716, stack(0x0000000015ef0000,0x0000000015ff0000)]

Stack: [0x0000000015ef0000,0x0000000015ff0000]
Native frames: (J=compiled Java code, j=interpreted, Vv=VM code, C=native code)
V  [jvm.dll+0x3152fa]


Current CompileTask:
C2:   2697 1156       4       com.android.dx.ssa.SCCP::simulateStmt (481 bytes)


---------------  P R O C E S S  ---------------

Java Threads: ( => current thread )
  0x0000000016682800 JavaThread "pool-1-thread-4" [_thread_in_Java, id=5768, stack(0x00000000173f0000,0x00000000174f0000)]
  0x0000000016675000 JavaThread "pool-1-thread-3" [_thread_in_vm, id=2552, stack(0x00000000172f0000,0x00000000173f0000)]
  0x0000000016673000 JavaThread "pool-1-thread-2" [_thread_in_Java, id=13272, stack(0x00000000171f0000,0x00000000172f0000)]
  0x0000000016657800 JavaThread "pool-2-thread-1" [_thread_blocked, id=10372, stack(0x00000000170f0000,0x00000000171f0000)]
  0x0000000016656800 JavaThread "pool-1-thread-1" [_thread_in_Java, id=10712, stack(0x0000000016ff0000,0x00000000170f0000)]
  0x00000000149fb000 JavaThread "Service Thread" daemon [_thread_blocked, id=14360, stack(0x00000000161f0000,0x00000000162f0000)]
  0x00000000149f4000 JavaThread "C1 CompilerThread2" daemon [_thread_blocked, id=13016, stack(0x00000000160f0000,0x00000000161f0000)]
  0x000000001499f800 JavaThread "C2 CompilerThread1" daemon [_thread_blocked, id=1920, stack(0x0000000015ff0000,0x00000000160f0000)]
=>0x000000001499d800 JavaThread "C2 CompilerThread0" daemon [_thread_in_native, id=7716, stack(0x0000000015ef0000,0x0000000015ff0000)]
  0x000000001499b000 JavaThread "Attach Listener" daemon [_thread_blocked, id=7924, stack(0x0000000015df0000,0x0000000015ef0000)]
  0x000000001499a000 JavaThread "Signal Dispatcher" daemon [_thread_blocked, id=11384, stack(0x0000000015cf0000,0x0000000015df0000)]
  0x00000000022bf000 JavaThread "Finalizer" daemon [_thread_blocked, id=1320, stack(0x0000000015bf0000,0x0000000015cf0000)]
  0x0000000014968000 JavaThread "Reference Handler" daemon [_thread_blocked, id=5876, stack(0x0000000015af0000,0x0000000015bf0000)]
  0x00000000021cd800 JavaThread "main" [_thread_in_Java, id=10576, stack(0x0000000002050000,0x0000000002150000)]

Other Threads:
  0x0000000014966000 VMThread [stack: 0x00000000159f0000,0x0000000015af0000] [id=9728]
  0x00000000149fe000 WatcherThread [stack: 0x00000000162f0000,0x00000000163f0000] [id=12268]

VM state:not at safepoint (normal execution)

VM Mutex/Monitor currently owned by a thread: None

Heap:
 PSYoungGen      total 38400K, used 30962K [0x00000000eab00000, 0x00000000ed580000, 0x0000000100000000)
  eden space 33280K, 93% used [0x00000000eab00000,0x00000000ec93cb08,0x00000000ecb80000)
  from space 5120K, 0% used [0x00000000ed080000,0x00000000ed080000,0x00000000ed580000)
  to   space 5120K, 0% used [0x00000000ecb80000,0x00000000ecb80000,0x00000000ed080000)
 ParOldGen       total 87552K, used 0K [0x00000000c0000000, 0x00000000c5580000, 0x00000000eab00000)
  object space 87552K, 0% used [0x00000000c0000000,0x00000000c0000000,0x00000000c5580000)
 Metaspace       used 5955K, capacity 6960K, committed 7040K, reserved 1056768K
  class space    used 589K, capacity 616K, committed 640K, reserved 1048576K

Card table byte_map: [0x0000000011690000,0x00000000118a0000] byte_map_base: 0x0000000011090000

Marking Bits: (ParMarkBitMap*) 0x00000000546eb460
 Begin Bits: [0x0000000011e00000, 0x0000000012e00000)
 End Bits:   [0x0000000012e00000, 0x0000000013e00000)

Polling page: 0x00000000001f0000

CodeCache: size=245760Kb used=5065Kb max_used=5077Kb free=240694Kb
 bounds [0x00000000022d0000, 0x00000000027d0000, 0x00000000112d0000]
 total_blobs=1508 nmethods=1244 adapters=178
 compilation: enabled

Compilation events (10 events):
Event: 2.655 Thread 0x00000000149f4000 nmethod 1239 0x00000000027a6390 code [0x00000000027a6500, 0x00000000027a6790]
Event: 2.655 Thread 0x00000000149f4000 1242       3       com.android.dx.rop.cst.CstBaseMethodRef::getType (8 bytes)
Event: 2.655 Thread 0x000000001499f800 nmethod 1240 0x00000000027ad310 code [0x00000000027ad460, 0x00000000027ad6d8]
Event: 2.656 Thread 0x000000001499f800 1232       4       com.android.dx.util.LabeledList::set (45 bytes)
Event: 2.656 Thread 0x00000000149f4000 nmethod 1242 0x00000000027acf10 code [0x00000000027ad060, 0x00000000027ad250]
Event: 2.656 Thread 0x00000000149f4000 1241       3       com.android.dx.cf.code.Simulator$SimVisitor::visitBranch (341 bytes)
Event: 2.657 Thread 0x00000000149f4000 nmethod 1241 0x00000000027c42d0 code [0x00000000027c4540, 0x00000000027c55e8]
Event: 2.668 Thread 0x000000001499f800 nmethod 1232 0x00000000027c3450 code [0x00000000027c35e0, 0x00000000027c3c48]
Event: 2.668 Thread 0x000000001499f800 1237       4       java.lang.AbstractStringBuilder::append (50 bytes)
Event: 2.674 Thread 0x000000001499f800 nmethod 1237 0x00000000027c9110 code [0x00000000027c9260, 0x00000000027c9618]

GC Heap History (0 events):
No events

Deoptimization events (9 events):
Event: 1.887 Thread 0x00000000021cd800 Uncommon trap: reason=class_check action=maybe_recompile pc=0x00000000025ac6c0 method=com.android.dx.ssa.NormalSsaInsn.accept(Lcom/android/dx/ssa/SsaInsn$Visitor;)V @ 9
Event: 1.887 Thread 0x00000000021cd800 Uncommon trap: reason=class_check action=maybe_recompile pc=0x00000000025ac6c0 method=com.android.dx.ssa.NormalSsaInsn.accept(Lcom/android/dx/ssa/SsaInsn$Visitor;)V @ 9
Event: 1.887 Thread 0x00000000021cd800 Uncommon trap: reason=class_check action=maybe_recompile pc=0x00000000025ac6c0 method=com.android.dx.ssa.NormalSsaInsn.accept(Lcom/android/dx/ssa/SsaInsn$Visitor;)V @ 9
Event: 1.887 Thread 0x00000000021cd800 Uncommon trap: reason=class_check action=maybe_recompile pc=0x00000000025ac6c0 method=com.android.dx.ssa.NormalSsaInsn.accept(Lcom/android/dx/ssa/SsaInsn$Visitor;)V @ 9
Event: 2.334 Thread 0x0000000016682800 Uncommon trap: reason=class_check action=maybe_recompile pc=0x00000000025efce4 method=com.android.dx.rop.type.Type.equals(Ljava/lang/Object;)Z @ 8
Event: 2.334 Thread 0x0000000016682800 Uncommon trap: reason=class_check action=maybe_recompile pc=0x00000000025efce4 method=com.android.dx.rop.type.Type.equals(Ljava/lang/Object;)Z @ 8
Event: 2.334 Thread 0x0000000016682800 Uncommon trap: reason=class_check action=maybe_recompile pc=0x00000000025efce4 method=com.android.dx.rop.type.Type.equals(Ljava/lang/Object;)Z @ 8
Event: 2.335 Thread 0x0000000016682800 Uncommon trap: reason=class_check action=maybe_recompile pc=0x00000000025efce4 method=com.android.dx.rop.type.Type.equals(Ljava/lang/Object;)Z @ 8
Event: 2.335 Thread 0x0000000016682800 Uncommon trap: reason=class_check action=maybe_recompile pc=0x0000000002648544 method=com.android.dx.rop.type.Type.equals(Ljava/lang/Object;)Z @ 8

Internal exceptions (10 events):
Event: 1.422 Thread 0x0000000016675000 Exception <a 'java/security/PrivilegedActionException'> (0x00000000eb7fe1f0) thrown at [D:\re\workspace\8-2-build-windows-amd64-cygwin\jdk8u20\1074\hotspot\src\share\vm\prims\jvm.cpp, line 1275]
Event: 1.428 Thread 0x0000000016656800 Exception <a 'java/security/PrivilegedActionException'> (0x00000000eb66f398) thrown at [D:\re\workspace\8-2-build-windows-amd64-cygwin\jdk8u20\1074\hotspot\src\share\vm\prims\jvm.cpp, line 1275]
Event: 1.430 Thread 0x0000000016675000 Exception <a 'java/security/PrivilegedActionException'> (0x00000000eb810b50) thrown at [D:\re\workspace\8-2-build-windows-amd64-cygwin\jdk8u20\1074\hotspot\src\share\vm\prims\jvm.cpp, line 1275]
Event: 1.432 Thread 0x0000000016673000 Exception <a 'java/security/PrivilegedActionException'> (0x00000000eb75bab8) thrown at [D:\re\workspace\8-2-build-windows-amd64-cygwin\jdk8u20\1074\hotspot\src\share\vm\prims\jvm.cpp, line 1275]
Event: 1.454 Thread 0x0000000016656800 Exception <a 'java/security/PrivilegedActionException'> (0x00000000eb69fb68) thrown at [D:\re\workspace\8-2-build-windows-amd64-cygwin\jdk8u20\1074\hotspot\src\share\vm\prims\jvm.cpp, line 1275]
Event: 1.472 Thread 0x0000000016656800 Exception <a 'java/security/PrivilegedActionException'> (0x00000000eb6b89d0) thrown at [D:\re\workspace\8-2-build-windows-amd64-cygwin\jdk8u20\1074\hotspot\src\share\vm\prims\jvm.cpp, line 1275]
Event: 1.894 Thread 0x00000000021cd800 Exception <a 'java/security/PrivilegedActionException'> (0x00000000ebe083b8) thrown at [D:\re\workspace\8-2-build-windows-amd64-cygwin\jdk8u20\1074\hotspot\src\share\vm\prims\jvm.cpp, line 1275]
Event: 2.333 Thread 0x0000000016682800 Exception <a 'java/security/PrivilegedActionException'> (0x00000000ec1fa3c0) thrown at [D:\re\workspace\8-2-build-windows-amd64-cygwin\jdk8u20\1074\hotspot\src\share\vm\prims\jvm.cpp, line 1275]
Event: 2.632 Thread 0x00000000021cd800 Exception <a 'java/security/PrivilegedActionException'> (0x00000000ec7d2428) thrown at [D:\re\workspace\8-2-build-windows-amd64-cygwin\jdk8u20\1074\hotspot\src\share\vm\prims\jvm.cpp, line 1275]
Event: 2.633 Thread 0x00000000021cd800 Exception <a 'java/security/PrivilegedActionException'> (0x00000000ec7d4d70) thrown at [D:\re\workspace\8-2-build-windows-amd64-cygwin\jdk8u20\1074\hotspot\src\share\vm\prims\jvm.cpp, line 1275]

Events (10 events):
Event: 2.335 loading class java/util/HashMap$Values
Event: 2.335 loading class java/util/HashMap$Values done
Event: 2.335 loading class java/util/HashMap$ValueIterator
Event: 2.335 loading class java/util/HashMap$ValueIterator done
Event: 2.632 loading class com/android/dx/cf/attrib/AttRuntimeInvisibleParameterAnnotations
Event: 2.632 loading class com/android/dx/cf/attrib/AttRuntimeInvisibleParameterAnnotations done
Event: 2.633 loading class com/android/dx/cf/attrib/BaseParameterAnnotations
Event: 2.633 loading class com/android/dx/cf/attrib/BaseParameterAnnotations done
Event: 2.644 Thread 0x00000000021cd800 DEOPT PACKING pc=0x000000000256fb62 sp=0x000000000214e410
Event: 2.644 Thread 0x00000000021cd800 DEOPT UNPACKING pc=0x00000000023175bf sp=0x000000000214e178 mode 0


Dynamic libraries:
0x00007ff668390000 - 0x00007ff6683c4000 	C:\Program Files\Java\jdk1.8.0_20\bin\java.exe
0x00007ff87a1c0000 - 0x00007ff87a381000 	C:\WINDOWS\SYSTEM32\ntdll.dll
0x00007ff878700000 - 0x00007ff8787ad000 	C:\WINDOWS\system32\KERNEL32.DLL
0x00007ff877160000 - 0x00007ff877348000 	C:\WINDOWS\system32\KERNELBASE.dll
0x00007ff877c00000 - 0x00007ff877ca7000 	C:\WINDOWS\system32\ADVAPI32.dll
0x00007ff8787b0000 - 0x00007ff87884d000 	C:\WINDOWS\system32\msvcrt.dll
0x00007ff878540000 - 0x00007ff87859b000 	C:\WINDOWS\system32\sechost.dll
0x00007ff877990000 - 0x00007ff877aac000 	C:\WINDOWS\system32\RPCRT4.dll
0x00007ff8785a0000 - 0x00007ff8786f6000 	C:\WINDOWS\system32\USER32.dll
0x00007ff87a020000 - 0x00007ff87a1a6000 	C:\WINDOWS\system32\GDI32.dll
0x00007ff869f30000 - 0x00007ff86a1a4000 	C:\WINDOWS\WinSxS\amd64_microsoft.windows.common-controls_6595b64144ccf1df_6.0.10586.0_none_8c15ae12515e1c22\COMCTL32.dll
0x00007ff877610000 - 0x00007ff87788d000 	C:\WINDOWS\system32\combase.dll
0x00007ff877400000 - 0x00007ff87746a000 	C:\WINDOWS\system32\bcryptPrimitives.dll
0x00007ff877e30000 - 0x00007ff877e6b000 	C:\WINDOWS\system32\IMM32.DLL
0x0000000054770000 - 0x0000000054842000 	C:\Program Files\Java\jdk1.8.0_20\jre\bin\msvcr100.dll
0x0000000053f10000 - 0x0000000054768000 	C:\Program Files\Java\jdk1.8.0_20\jre\bin\server\jvm.dll
0x00007ff877980000 - 0x00007ff877988000 	C:\WINDOWS\system32\PSAPI.DLL
0x00007ff86c970000 - 0x00007ff86c979000 	C:\WINDOWS\SYSTEM32\WSOCK32.dll
0x00007ff8775a0000 - 0x00007ff87760b000 	C:\WINDOWS\system32\WS2_32.dll
0x00007ff874fb0000 - 0x00007ff874fd3000 	C:\WINDOWS\SYSTEM32\WINMM.dll
0x00007ff874f50000 - 0x00007ff874f7c000 	C:\WINDOWS\SYSTEM32\WINMMBASE.dll
0x00007ff877490000 - 0x00007ff8774d3000 	C:\WINDOWS\system32\cfgmgr32.dll
0x0000000053f00000 - 0x0000000053f0f000 	C:\Program Files\Java\jdk1.8.0_20\jre\bin\verify.dll
0x0000000053ed0000 - 0x0000000053ef8000 	C:\Program Files\Java\jdk1.8.0_20\jre\bin\java.dll
0x0000000053eb0000 - 0x0000000053ec6000 	C:\Program Files\Java\jdk1.8.0_20\jre\bin\zip.dll
0x00007ff878900000 - 0x00007ff879e5c000 	C:\WINDOWS\system32\SHELL32.dll
0x00007ff876ab0000 - 0x00007ff8770f5000 	C:\WINDOWS\system32\windows.storage.dll
0x00007ff877fe0000 - 0x00007ff878032000 	C:\WINDOWS\system32\shlwapi.dll
0x00007ff876840000 - 0x00007ff87684f000 	C:\WINDOWS\system32\kernel.appcore.dll
0x00007ff8774e0000 - 0x00007ff877595000 	C:\WINDOWS\system32\shcore.dll
0x00007ff8767f0000 - 0x00007ff87683b000 	C:\WINDOWS\system32\powrprof.dll
0x00007ff8767c0000 - 0x00007ff8767d4000 	C:\WINDOWS\system32\profapi.dll

VM Arguments:
jvm_args: -Djava.awt.headless=true -Xmx1024M -Dfile.encoding=windows-1252 -Duser.country=US -Duser.language=en -Duser.variant 
java_command: com.android.dx.command.Main --dex --num-threads=4 --output C:\Users\admin\Documents\GitHub\SoftwareDesign\FindMeTutor\FindMeTutor\tutor_app\build\intermediates\pre-dexed\debug\com.android.support-recyclerview-v7-24.2.0_f155cf38770539be8e68e0cbbbee7bfdd58c8ccf.jar C:\Users\admin\Documents\GitHub\SoftwareDesign\FindMeTutor\FindMeTutor\tutor_app\build\intermediates\exploded-aar\com.android.support\recyclerview-v7\24.2.0\jars\classes.jar
java_class_path (initial): C:\Users\admin\AppData\Local\Android\sdk\build-tools\24.0.1\lib\dx.jar
Launcher Type: SUN_STANDARD

Environment Variables:
PATH=C:\ProgramData\Oracle\Java\javapath;C:\Program Files (x86)\Intel\iCLS Client\;C:\Program Files\Intel\iCLS Client\;C:\WINDOWS\system32;C:\WINDOWS;C:\WINDOWS\System32\Wbem;C:\WINDOWS\System32\WindowsPowerShell\v1.0\;C:\Program Files\Intel\Intel(R) Management Engine Components\DAL;C:\Program Files\Intel\Intel(R) Management Engine Components\IPT;C:\Program Files (x86)\Intel\Intel(R) Management Engine Components\DAL;C:\Program Files (x86)\Intel\Intel(R) Management Engine Components\IPT;C:\Program Files\WIDCOMM\Bluetooth Software\;C:\Program Files\WIDCOMM\Bluetooth Software\syswow64;C:\Program Files (x86)\Intel\OpenCL SDK\2.0\bin\x86;C:\Program Files (x86)\Intel\OpenCL SDK\2.0\bin\x64;C:\Program Files\Intel\WiFi\bin\;C:\Program Files\Common Files\Intel\WirelessCommon\;c:\Program Files (x86)\Microsoft SQL Server\100\Tools\Binn\;c:\Program Files\Microsoft SQL Server\100\Tools\Binn\;c:\Program Files\Microsoft SQL Server\100\DTS\Binn\;C:\Program Files (x86)\MySQL\MySQL Fabric 1.5.4 & MySQL Utilities 1.5.4 1.5\;C:\Program Files (x86)\MySQL\MySQL Fabric 1.5.4 & MySQL Utilities 1.5.4 1.5\Doctrine extensions for PHP\;C:\Program Files (x86)\Borland\Delphi7\Bin;C:\Program Files (x86)\Borland\Delphi7\Projects\Bpl;C:\Program Files (x86)\Borland\Delphi7\Rave5;C:\Program Files\Git\cmd;C:\Program Files\Intel\WiFi\bin\;C:\Program Files\Common Files\Intel\WirelessCommon\
USERNAME=admin
OS=Windows_NT
PROCESSOR_IDENTIFIER=Intel64 Family 6 Model 58 Stepping 9, GenuineIntel



---------------  S Y S T E M  ---------------

OS: Windows 8.1 , 64 bit Build 9600 

CPU:total 4 (2 cores per cpu, 2 threads per core) family 6 model 58 stepping 9, cmov, cx8, fxsr, mmx, sse, sse2, sse3, ssse3, sse4.1, sse4.2, popcnt, avx, aes, clmul, erms, ht, tsc, tscinvbit, tscinv

Memory: 4k page, physical 8258576k(1890604k free), swap 10306576k(5124k free)

vm_info: Java HotSpot(TM) 64-Bit Server VM (25.20-b23) for windows-amd64 JRE (1.8.0_20-b26), built on Jul 30 2014 13:51:23 by "java_re" with MS VC++ 10.0 (VS2010)

time: Tue Sep 06 22:12:11 2016
elapsed time: 2 seconds (0d 0h 0m 2s)

