#
# There is insufficient memory for the Java Runtime Environment to continue.
# Native memory allocation (malloc) failed to allocate 970656 bytes for Chunk::new
# Possible reasons:
#   The system is out of physical RAM or swap space
#   In 32 bit mode, the process size limit was hit
# Possible solutions:
#   Reduce memory load on the system
#   Increase physical memory or swap space
#   Check if swap backing store is full
#   Use 64 bit Java on a 64 bit OS
#   Decrease Java heap size (-Xmx/-Xms)
#   Decrease number of Java threads
#   Decrease Java thread stack sizes (-Xss)
#   Set larger code cache with -XX:ReservedCodeCacheSize=
# This output file may be truncated or incomplete.
#
#  Out of Memory Error (allocation.cpp:390), pid=13688, tid=11012
#
# JRE version: Java(TM) SE Runtime Environment (8.0_20-b26) (build 1.8.0_20-b26)
# Java VM: Java HotSpot(TM) 64-Bit Server VM (25.20-b23 mixed mode windows-amd64 compressed oops)
# Failed to write core dump. Minidumps are not enabled by default on client versions of Windows
#

---------------  T H R E A D  ---------------

Current thread (0x0000000014989800):  JavaThread "C2 CompilerThread0" daemon [_thread_in_native, id=11012, stack(0x0000000015ed0000,0x0000000015fd0000)]

Stack: [0x0000000015ed0000,0x0000000015fd0000]
Native frames: (J=compiled Java code, j=interpreted, Vv=VM code, C=native code)
V  [jvm.dll+0x3152fa]
V  [jvm.dll+0x265d03]
V  [jvm.dll+0x266943]
V  [jvm.dll+0x25e265]
V  [jvm.dll+0xbe255]
V  [jvm.dll+0xbe6fc]
V  [jvm.dll+0x45c472]
V  [jvm.dll+0x49d76f]
V  [jvm.dll+0x451438]
V  [jvm.dll+0x452634]
V  [jvm.dll+0x435fc2]
V  [jvm.dll+0x97b62]
V  [jvm.dll+0x98353]
V  [jvm.dll+0x22aac4]
V  [jvm.dll+0x283f5a]
C  [msvcr100.dll+0x21d9f]
C  [msvcr100.dll+0x21e3b]
C  [KERNEL32.DLL+0x18102]
C  [ntdll.dll+0x5c5b4]


Current CompileTask:
C2:   6718 1694       4       com.android.dx.ssa.SCCP::simulateBranch (666 bytes)


---------------  P R O C E S S  ---------------

Java Threads: ( => current thread )
  0x000000001662f000 JavaThread "pool-1-thread-4" [_thread_in_Java, id=7200, stack(0x0000000016bd0000,0x0000000016cd0000)]
  0x0000000016641800 JavaThread "pool-2-thread-1" [_thread_blocked, id=11380, stack(0x00000000168d0000,0x00000000169d0000)]
  0x00000000149db000 JavaThread "Service Thread" daemon [_thread_blocked, id=11040, stack(0x00000000161d0000,0x00000000162d0000)]
  0x00000000149d4000 JavaThread "C1 CompilerThread2" daemon [_thread_blocked, id=11024, stack(0x00000000160d0000,0x00000000161d0000)]
  0x00000000149d1000 JavaThread "C2 CompilerThread1" daemon [_thread_in_native, id=8884, stack(0x0000000015fd0000,0x00000000160d0000)]
=>0x0000000014989800 JavaThread "C2 CompilerThread0" daemon [_thread_in_native, id=11012, stack(0x0000000015ed0000,0x0000000015fd0000)]
  0x0000000014987000 JavaThread "Attach Listener" daemon [_thread_blocked, id=9720, stack(0x0000000015dd0000,0x0000000015ed0000)]
  0x0000000014986000 JavaThread "Signal Dispatcher" daemon [_thread_blocked, id=4036, stack(0x0000000015cd0000,0x0000000015dd0000)]
  0x000000000229f000 JavaThread "Finalizer" daemon [_thread_blocked, id=10852, stack(0x0000000015bd0000,0x0000000015cd0000)]
  0x0000000014948000 JavaThread "Reference Handler" daemon [_thread_blocked, id=9444, stack(0x0000000015ad0000,0x0000000015bd0000)]
  0x000000000217d800 JavaThread "main" [_thread_blocked, id=14316, stack(0x0000000002030000,0x0000000002130000)]

Other Threads:
  0x0000000014946000 VMThread [stack: 0x00000000159d0000,0x0000000015ad0000] [id=10404]
  0x00000000149de000 WatcherThread [stack: 0x00000000162d0000,0x00000000163d0000] [id=3348]

VM state:not at safepoint (normal execution)

VM Mutex/Monitor currently owned by a thread: None

Heap:
 PSYoungGen      total 71680K, used 43111K [0x00000000eab00000, 0x00000000ef600000, 0x0000000100000000)
  eden space 66560K, 57% used [0x00000000eab00000,0x00000000ed01acf0,0x00000000eec00000)
  from space 5120K, 99% used [0x00000000ef100000,0x00000000ef5ff160,0x00000000ef600000)
  to   space 5120K, 0% used [0x00000000eec00000,0x00000000eec00000,0x00000000ef100000)
 ParOldGen       total 87552K, used 5354K [0x00000000c0000000, 0x00000000c5580000, 0x00000000eab00000)
  object space 87552K, 6% used [0x00000000c0000000,0x00000000c053ab40,0x00000000c5580000)
 Metaspace       used 6207K, capacity 7152K, committed 7296K, reserved 1056768K
  class space    used 594K, capacity 616K, committed 640K, reserved 1048576K

Card table byte_map: [0x0000000011670000,0x0000000011880000] byte_map_base: 0x0000000011070000

Marking Bits: (ParMarkBitMap*) 0x0000000070fdb460
 Begin Bits: [0x0000000011de0000, 0x0000000012de0000)
 End Bits:   [0x0000000012de0000, 0x0000000013de0000)

Polling page: 0x0000000000440000

CodeCache: size=245760Kb used=7499Kb max_used=7499Kb free=238260Kb
 bounds [0x00000000022b0000, 0x0000000002a10000, 0x00000000112b0000]
 total_blobs=2003 nmethods=1739 adapters=178
 compilation: enabled

Compilation events (10 events):
Event: 6.655 Thread 0x00000000149d4000 1754       2       java.util.concurrent.locks.AbstractQueuedSynchronizer::isOnSyncQueue (33 bytes)
Event: 6.655 Thread 0x00000000149d4000 nmethod 1754 0x0000000002a076d0 code [0x0000000002a07840, 0x0000000002a07a70]
Event: 6.655 Thread 0x00000000149d4000 1755       2       com.android.dx.ssa.back.FirstFitLocalCombiningAllocator::access$100 (5 bytes)
Event: 6.656 Thread 0x00000000149d4000 nmethod 1755 0x0000000002a07b90 code [0x0000000002a07ce0, 0x0000000002a07e30]
Event: 6.664 Thread 0x00000000149d4000 1756       2       java.util.concurrent.locks.AbstractQueuedSynchronizer::compareAndSetTail (13 bytes)
Event: 6.664 Thread 0x00000000149d4000 nmethod 1756 0x0000000002a07ed0 code [0x0000000002a08020, 0x0000000002a08190]
Event: 6.664 Thread 0x00000000149d4000 1757       2       java.util.concurrent.locks.AbstractQueuedSynchronizer::setHead (16 bytes)
Event: 6.664 Thread 0x00000000149d4000 nmethod 1757 0x0000000002a08210 code [0x0000000002a08360, 0x0000000002a08510]
Event: 6.664 Thread 0x00000000149d4000 1758       2       java.util.concurrent.locks.AbstractQueuedSynchronizer::shouldParkAfterFailedAcquire (50 bytes)
Event: 6.665 Thread 0x00000000149d4000 nmethod 1758 0x0000000002a085d0 code [0x0000000002a08740, 0x0000000002a08970]

GC Heap History (4 events):
Event: 3.516 GC heap before
{Heap before GC invocations=1 (full 0):
 PSYoungGen      total 38400K, used 33280K [0x00000000eab00000, 0x00000000ed580000, 0x0000000100000000)
  eden space 33280K, 100% used [0x00000000eab00000,0x00000000ecb80000,0x00000000ecb80000)
  from space 5120K, 0% used [0x00000000ed080000,0x00000000ed080000,0x00000000ed580000)
  to   space 5120K, 0% used [0x00000000ecb80000,0x00000000ecb80000,0x00000000ed080000)
 ParOldGen       total 87552K, used 0K [0x00000000c0000000, 0x00000000c5580000, 0x00000000eab00000)
  object space 87552K, 0% used [0x00000000c0000000,0x00000000c0000000,0x00000000c5580000)
 Metaspace       used 5981K, capacity 6960K, committed 7040K, reserved 1056768K
  class space    used 589K, capacity 616K, committed 640K, reserved 1048576K
Event: 3.713 GC heap after
Heap after GC invocations=1 (full 0):
 PSYoungGen      total 38400K, used 5092K [0x00000000eab00000, 0x00000000ef600000, 0x0000000100000000)
  eden space 33280K, 0% used [0x00000000eab00000,0x00000000eab00000,0x00000000ecb80000)
  from space 5120K, 99% used [0x00000000ecb80000,0x00000000ed0792a0,0x00000000ed080000)
  to   space 5120K, 0% used [0x00000000ef100000,0x00000000ef100000,0x00000000ef600000)
 ParOldGen       total 87552K, used 1073K [0x00000000c0000000, 0x00000000c5580000, 0x00000000eab00000)
  object space 87552K, 1% used [0x00000000c0000000,0x00000000c010c5b0,0x00000000c5580000)
 Metaspace       used 5981K, capacity 6960K, committed 7040K, reserved 1056768K
  class space    used 589K, capacity 616K, committed 640K, reserved 1048576K
}
Event: 5.257 GC heap before
{Heap before GC invocations=2 (full 0):
 PSYoungGen      total 38400K, used 38372K [0x00000000eab00000, 0x00000000ef600000, 0x0000000100000000)
  eden space 33280K, 100% used [0x00000000eab00000,0x00000000ecb80000,0x00000000ecb80000)
  from space 5120K, 99% used [0x00000000ecb80000,0x00000000ed0792a0,0x00000000ed080000)
  to   space 5120K, 0% used [0x00000000ef100000,0x00000000ef100000,0x00000000ef600000)
 ParOldGen       total 87552K, used 1073K [0x00000000c0000000, 0x00000000c5580000, 0x00000000eab00000)
  object space 87552K, 1% used [0x00000000c0000000,0x00000000c010c5b0,0x00000000c5580000)
 Metaspace       used 6099K, capacity 7088K, committed 7296K, reserved 1056768K
  class space    used 592K, capacity 616K, committed 640K, reserved 1048576K
Event: 5.499 GC heap after
Heap after GC invocations=2 (full 0):
 PSYoungGen      total 71680K, used 5116K [0x00000000eab00000, 0x00000000ef600000, 0x0000000100000000)
  eden space 66560K, 0% used [0x00000000eab00000,0x00000000eab00000,0x00000000eec00000)
  from space 5120K, 99% used [0x00000000ef100000,0x00000000ef5ff160,0x00000000ef600000)
  to   space 5120K, 0% used [0x00000000eec00000,0x00000000eec00000,0x00000000ef100000)
 ParOldGen       total 87552K, used 5354K [0x00000000c0000000, 0x00000000c5580000, 0x00000000eab00000)
  object space 87552K, 6% used [0x00000000c0000000,0x00000000c053ab40,0x00000000c5580000)
 Metaspace       used 6099K, capacity 7088K, committed 7296K, reserved 1056768K
  class space    used 592K, capacity 616K, committed 640K, reserved 1048576K
}

Deoptimization events (10 events):
Event: 5.531 Thread 0x000000001662e000 Uncommon trap: reason=unreached action=reinterpret pc=0x00000000026ad85c method=com.android.dx.rop.cst.Constant.compareTo(Lcom/android/dx/rop/cst/Constant;)I @ 12
Event: 5.564 Thread 0x000000001662e000 Uncommon trap: reason=null_check action=make_not_entrant pc=0x00000000026bff54 method=com.android.dx.ssa.SsaRenamer.getLocalForNewReg(I)Lcom/android/dx/rop/code/LocalItem; @ 19
Event: 6.444 Thread 0x000000001662f000 Uncommon trap: reason=bimorphic action=maybe_recompile pc=0x00000000026b757c method=java.util.HashMap.putVal(ILjava/lang/Object;Ljava/lang/Object;ZZ)Ljava/lang/Object; @ 91
Event: 6.485 Thread 0x000000001662e000 Uncommon trap: reason=bimorphic action=maybe_recompile pc=0x00000000026b757c method=java.util.HashMap.putVal(ILjava/lang/Object;Ljava/lang/Object;ZZ)Ljava/lang/Object; @ 91
Event: 6.485 Thread 0x000000001662e000 Uncommon trap: reason=bimorphic action=maybe_recompile pc=0x00000000026b757c method=java.util.HashMap.putVal(ILjava/lang/Object;Ljava/lang/Object;ZZ)Ljava/lang/Object; @ 91
Event: 6.616 Thread 0x0000000016624800 Uncommon trap: reason=null_check action=make_not_entrant pc=0x00000000029043e0 method=com.android.dx.rop.type.Type.equals(Ljava/lang/Object;)Z @ 8
Event: 6.616 Thread 0x000000001662f000 Uncommon trap: reason=bimorphic action=maybe_recompile pc=0x00000000028f8208 method=com.android.dx.rop.code.RegisterSpec.withSimpleType()Lcom/android/dx/rop/code/RegisterSpec; @ 21
Event: 6.617 Thread 0x000000001662f000 Uncommon trap: reason=bimorphic action=maybe_recompile pc=0x00000000028f8208 method=com.android.dx.rop.code.RegisterSpec.withSimpleType()Lcom/android/dx/rop/code/RegisterSpec; @ 21
Event: 6.619 Thread 0x000000001662f000 Uncommon trap: reason=bimorphic action=maybe_recompile pc=0x00000000028f8208 method=com.android.dx.rop.code.RegisterSpec.withSimpleType()Lcom/android/dx/rop/code/RegisterSpec; @ 21
Event: 6.619 Thread 0x000000001662f000 Uncommon trap: reason=bimorphic action=maybe_recompile pc=0x00000000028f8208 method=com.android.dx.rop.code.RegisterSpec.withSimpleType()Lcom/android/dx/rop/code/RegisterSpec; @ 21

Internal exceptions (10 events):
Event: 1.347 Thread 0x000000001662f000 Exception <a 'java/security/PrivilegedActionException'> (0x00000000ebcb36a8) thrown at [D:\re\workspace\8-2-build-windows-amd64-cygwin\jdk8u20\1074\hotspot\src\share\vm\prims\jvm.cpp, line 1275]
Event: 3.397 Thread 0x000000000217d800 Exception <a 'java/security/PrivilegedActionException'> (0x00000000ec3faa18) thrown at [D:\re\workspace\8-2-build-windows-amd64-cygwin\jdk8u20\1074\hotspot\src\share\vm\prims\jvm.cpp, line 1275]
Event: 3.398 Thread 0x000000000217d800 Exception <a 'java/security/PrivilegedActionException'> (0x00000000ec4065d8) thrown at [D:\re\workspace\8-2-build-windows-amd64-cygwin\jdk8u20\1074\hotspot\src\share\vm\prims\jvm.cpp, line 1275]
Event: 3.996 Thread 0x0000000016624800 Implicit null exception at 0x00000000026c3c4c to 0x00000000026c4451
Event: 5.097 Thread 0x0000000016640800 Exception <a 'java/security/PrivilegedActionException'> (0x00000000ec4fa830) thrown at [D:\re\workspace\8-2-build-windows-amd64-cygwin\jdk8u20\1074\hotspot\src\share\vm\prims\jvm.cpp, line 1275]
Event: 5.102 Thread 0x0000000016640800 Implicit null exception at 0x00000000027cf418 to 0x00000000027d0721
Event: 5.165 Thread 0x0000000016624800 Implicit null exception at 0x00000000027cb77a to 0x00000000027cca81
Event: 5.564 Thread 0x000000001662e000 Implicit null exception at 0x00000000026bf82d to 0x00000000026bff39
Event: 5.631 Thread 0x000000000217d800 Exception <a 'java/security/PrivilegedActionException'> (0x00000000eb653068) thrown at [D:\re\workspace\8-2-build-windows-amd64-cygwin\jdk8u20\1074\hotspot\src\share\vm\prims\jvm.cpp, line 1275]
Event: 6.616 Thread 0x0000000016624800 Implicit null exception at 0x00000000029042e2 to 0x00000000029043d2

Events (10 events):
Event: 6.619 Thread 0x000000001662f000 Uncommon trap: trap_request=0xffffffc6 fr.pc=0x00000000028f8208
Event: 6.619 Thread 0x000000001662f000 DEOPT PACKING pc=0x00000000028f8208 sp=0x0000000016cce8f0
Event: 6.619 Thread 0x000000001662f000 DEOPT UNPACKING pc=0x00000000022f556a sp=0x0000000016cce7f8 mode 2
Event: 6.663 loading class java/util/HashMap$KeySet
Event: 6.663 loading class java/util/HashMap$KeySet done
Event: 6.663 loading class java/util/HashMap$KeyIterator
Event: 6.664 loading class java/util/HashMap$KeyIterator done
Event: 6.664 Thread 0x0000000016624800 Thread exited: 0x0000000016624800
Event: 6.665 Thread 0x0000000016640800 Thread exited: 0x0000000016640800
Event: 6.665 Thread 0x000000001662e000 Thread exited: 0x000000001662e000


Dynamic libraries:
0x00007ff684e90000 - 0x00007ff684ec4000 	C:\Program Files\Java\jdk1.8.0_20\bin\java.exe
0x00007ffb659a0000 - 0x00007ffb65b61000 	C:\WINDOWS\SYSTEM32\ntdll.dll
0x00007ffb633d0000 - 0x00007ffb6347d000 	C:\WINDOWS\system32\KERNEL32.DLL
0x00007ffb626f0000 - 0x00007ffb628d8000 	C:\WINDOWS\system32\KERNELBASE.dll
0x00007ffb606a0000 - 0x00007ffb60719000 	C:\WINDOWS\system32\apphelp.dll
0x00007ffb658f0000 - 0x00007ffb65997000 	C:\WINDOWS\system32\ADVAPI32.dll
0x00007ffb65420000 - 0x00007ffb654bd000 	C:\WINDOWS\system32\msvcrt.dll
0x00007ffb62d80000 - 0x00007ffb62ddb000 	C:\WINDOWS\system32\sechost.dll
0x00007ffb63750000 - 0x00007ffb6386c000 	C:\WINDOWS\system32\RPCRT4.dll
0x00007ffb652c0000 - 0x00007ffb65416000 	C:\WINDOWS\system32\USER32.dll
0x00007ffb63550000 - 0x00007ffb636d6000 	C:\WINDOWS\system32\GDI32.dll
0x00007ffb57250000 - 0x00007ffb574c4000 	C:\WINDOWS\WinSxS\amd64_microsoft.windows.common-controls_6595b64144ccf1df_6.0.10586.0_none_8c15ae12515e1c22\COMCTL32.dll
0x00007ffb65040000 - 0x00007ffb652bd000 	C:\WINDOWS\system32\combase.dll
0x00007ffb62680000 - 0x00007ffb626ea000 	C:\WINDOWS\system32\bcryptPrimitives.dll
0x00007ffb63870000 - 0x00007ffb638ab000 	C:\WINDOWS\system32\IMM32.DLL
0x0000000071060000 - 0x0000000071132000 	C:\Program Files\Java\jdk1.8.0_20\jre\bin\msvcr100.dll
0x0000000070800000 - 0x0000000071058000 	C:\Program Files\Java\jdk1.8.0_20\jre\bin\server\jvm.dll
0x00007ffb64f70000 - 0x00007ffb64f78000 	C:\WINDOWS\system32\PSAPI.DLL
0x00007ffb58000000 - 0x00007ffb58009000 	C:\WINDOWS\SYSTEM32\WSOCK32.dll
0x00007ffb631e0000 - 0x00007ffb6324b000 	C:\WINDOWS\system32\WS2_32.dll
0x00007ffb60720000 - 0x00007ffb60743000 	C:\WINDOWS\SYSTEM32\WINMM.dll
0x00007ffb60670000 - 0x00007ffb6069c000 	C:\WINDOWS\SYSTEM32\WINMMBASE.dll
0x00007ffb62d10000 - 0x00007ffb62d53000 	C:\WINDOWS\system32\cfgmgr32.dll
0x00000000707f0000 - 0x00000000707ff000 	C:\Program Files\Java\jdk1.8.0_20\jre\bin\verify.dll
0x00000000707c0000 - 0x00000000707e8000 	C:\Program Files\Java\jdk1.8.0_20\jre\bin\java.dll
0x00000000707a0000 - 0x00000000707b6000 	C:\Program Files\Java\jdk1.8.0_20\jre\bin\zip.dll
0x00007ffb638b0000 - 0x00007ffb64e0c000 	C:\WINDOWS\system32\SHELL32.dll
0x00007ffb62030000 - 0x00007ffb62675000 	C:\WINDOWS\system32\windows.storage.dll
0x00007ffb64f80000 - 0x00007ffb64fd2000 	C:\WINDOWS\system32\shlwapi.dll
0x00007ffb61fc0000 - 0x00007ffb61fcf000 	C:\WINDOWS\system32\kernel.appcore.dll
0x00007ffb62ba0000 - 0x00007ffb62c55000 	C:\WINDOWS\system32\shcore.dll
0x00007ffb61fe0000 - 0x00007ffb6202b000 	C:\WINDOWS\system32\powrprof.dll
0x00007ffb61fa0000 - 0x00007ffb61fb4000 	C:\WINDOWS\system32\profapi.dll
0x00007ffb555c0000 - 0x00007ffb5574c000 	C:\WINDOWS\SYSTEM32\dbghelp.dll

VM Arguments:
jvm_args: -Djava.awt.headless=true -Xmx1024M -Dfile.encoding=windows-1252 -Duser.country=US -Duser.language=en -Duser.variant 
java_command: com.android.dx.command.Main --dex --num-threads=4 --output C:\Users\admin\Documents\GitHub\ShaneelSD\SoftwareDesign\FindMeTutor\FindMeTutor\tutor_app\build\intermediates\pre-dexed\debug\com.android.support-support-media-compat-24.2.0_4366d975d6a01b8c11abfd655b03a525026df1b2.jar C:\Users\admin\Documents\GitHub\ShaneelSD\SoftwareDesign\FindMeTutor\FindMeTutor\tutor_app\build\intermediates\exploded-aar\com.android.support\support-media-compat\24.2.0\jars\classes.jar
java_class_path (initial): C:\Users\admin\AppData\Local\Android\sdk\build-tools\24.0.1\lib\dx.jar
Launcher Type: SUN_STANDARD

Environment Variables:
PATH=C:\ProgramData\Oracle\Java\javapath;C:\Program Files (x86)\Intel\iCLS Client\;C:\Program Files\Intel\iCLS Client\;C:\WINDOWS\system32;C:\WINDOWS;C:\WINDOWS\System32\Wbem;C:\WINDOWS\System32\WindowsPowerShell\v1.0\;C:\Program Files\Intel\Intel(R) Management Engine Components\DAL;C:\Program Files\Intel\Intel(R) Management Engine Components\IPT;C:\Program Files (x86)\Intel\Intel(R) Management Engine Components\DAL;C:\Program Files (x86)\Intel\Intel(R) Management Engine Components\IPT;C:\Program Files\WIDCOMM\Bluetooth Software\;C:\Program Files\WIDCOMM\Bluetooth Software\syswow64;C:\Program Files (x86)\Intel\OpenCL SDK\2.0\bin\x86;C:\Program Files (x86)\Intel\OpenCL SDK\2.0\bin\x64;C:\Program Files\Intel\WiFi\bin\;C:\Program Files\Common Files\Intel\WirelessCommon\;c:\Program Files (x86)\Microsoft SQL Server\100\Tools\Binn\;c:\Program Files\Microsoft SQL Server\100\Tools\Binn\;c:\Program Files\Microsoft SQL Server\100\DTS\Binn\;C:\Program Files (x86)\MySQL\MySQL Fabric 1.5.4 & MySQL Utilities 1.5.4 1.5\;C:\Program Files (x86)\MySQL\MySQL Fabric 1.5.4 & MySQL Utilities 1.5.4 1.5\Doctrine extensions for PHP\;C:\Program Files (x86)\Borland\Delphi7\Bin;C:\Program Files (x86)\Borland\Delphi7\Projects\Bpl;C:\Program Files (x86)\Borland\Delphi7\Rave5;C:\Program Files\Git\cmd;
USERNAME=admin
OS=Windows_NT
PROCESSOR_IDENTIFIER=Intel64 Family 6 Model 58 Stepping 9, GenuineIntel



---------------  S Y S T E M  ---------------

OS: Windows 8.1 , 64 bit Build 9600 

CPU:total 4 (2 cores per cpu, 2 threads per core) family 6 model 58 stepping 9, cmov, cx8, fxsr, mmx, sse, sse2, sse3, ssse3, sse4.1, sse4.2, popcnt, avx, aes, clmul, erms, ht, tsc, tscinvbit, tscinv

Memory: 4k page, physical 8258576k(1910900k free), swap 10306576k(5128k free)

vm_info: Java HotSpot(TM) 64-Bit Server VM (25.20-b23) for windows-amd64 JRE (1.8.0_20-b26), built on Jul 30 2014 13:51:23 by "java_re" with MS VC++ 10.0 (VS2010)

time: Thu Sep 08 21:36:05 2016
elapsed time: 6 seconds (0d 0h 0m 6s)

