#
# There is insufficient memory for the Java Runtime Environment to continue.
# Native memory allocation (malloc) failed to allocate 131088 bytes for Chunk::new
# Possible reasons:
#   The system is out of physical RAM or swap space
#   In 32 bit mode, the process size limit was hit
# Possible solutions:
#   Reduce memory load on the system
#   Increase physical memory or swap space
#   Check if swap backing store is full
#   Use 64 bit Java on a 64 bit OS
#   Decrease Java heap size (-Xmx/-Xms)
#   Decrease number of Java threads
#   Decrease Java thread stack sizes (-Xss)
#   Set larger code cache with -XX:ReservedCodeCacheSize=
# This output file may be truncated or incomplete.
#
#  Out of Memory Error (allocation.cpp:390), pid=13860, tid=9644
#
# JRE version: Java(TM) SE Runtime Environment (8.0_20-b26) (build 1.8.0_20-b26)
# Java VM: Java HotSpot(TM) 64-Bit Server VM (25.20-b23 mixed mode windows-amd64 compressed oops)
# Failed to write core dump. Minidumps are not enabled by default on client versions of Windows
#

---------------  T H R E A D  ---------------

Current thread (0x00000000157e0000):  JavaThread "C2 CompilerThread1" daemon [_thread_in_native, id=9644, stack(0x0000000016e50000,0x0000000016f50000)]

Stack: [0x0000000016e50000,0x0000000016f50000]
Native frames: (J=compiled Java code, j=interpreted, Vv=VM code, C=native code)
V  [jvm.dll+0x3152fa]
V  [jvm.dll+0x265d03]
V  [jvm.dll+0x266943]
V  [jvm.dll+0x25e265]
V  [jvm.dll+0xbe255]
V  [jvm.dll+0xbe6fc]
V  [jvm.dll+0xbe9a4]
V  [jvm.dll+0x4e4e30]
V  [jvm.dll+0x45f89b]
V  [jvm.dll+0x45f913]
V  [jvm.dll+0x460157]
V  [jvm.dll+0x45f9e6]
V  [jvm.dll+0x460157]
V  [jvm.dll+0x45ff1c]
V  [jvm.dll+0x45f9e6]
V  [jvm.dll+0x460157]
V  [jvm.dll+0x45ff1c]
V  [jvm.dll+0x45ff1c]
V  [jvm.dll+0x45ff1c]
V  [jvm.dll+0x45f9e6]
V  [jvm.dll+0x460157]
V  [jvm.dll+0x45ff1c]
V  [jvm.dll+0x45f9e6]
V  [jvm.dll+0x460157]
V  [jvm.dll+0x45f9e6]
V  [jvm.dll+0x460157]
V  [jvm.dll+0x45ff1c]
V  [jvm.dll+0x45ff1c]
V  [jvm.dll+0x45f9e6]
V  [jvm.dll+0x460157]
V  [jvm.dll+0x45f9e6]
V  [jvm.dll+0x460157]
V  [jvm.dll+0x45ff1c]
V  [jvm.dll+0x45ff1c]
V  [jvm.dll+0x45f9e6]
V  [jvm.dll+0x460157]
V  [jvm.dll+0x45ff1c]
V  [jvm.dll+0x45f9e6]
V  [jvm.dll+0x460157]
V  [jvm.dll+0x45f9e6]
V  [jvm.dll+0x460157]
V  [jvm.dll+0x45ff1c]
V  [jvm.dll+0x45f9e6]
V  [jvm.dll+0x460157]
V  [jvm.dll+0x45ff1c]
V  [jvm.dll+0x45f9e6]
V  [jvm.dll+0x460157]
V  [jvm.dll+0x46287a]
V  [jvm.dll+0x46404a]
V  [jvm.dll+0x464293]
V  [jvm.dll+0x451093]
V  [jvm.dll+0x452634]
V  [jvm.dll+0x435fc2]
V  [jvm.dll+0x97b62]
V  [jvm.dll+0x98353]
V  [jvm.dll+0x22aac4]
V  [jvm.dll+0x283f5a]
C  [msvcr100.dll+0x21d9f]
C  [msvcr100.dll+0x21e3b]
C  [KERNEL32.DLL+0x18102]
C  [ntdll.dll+0x5c5b4]


Current CompileTask:
C2:   2920 1324       4       com.android.dx.ssa.SCCP::simulateStmt (481 bytes)


---------------  P R O C E S S  ---------------

Java Threads: ( => current thread )
  0x0000000017516000 JavaThread "pool-2-thread-4" [_thread_in_Java, id=14256, stack(0x0000000018250000,0x0000000018350000)]
  0x0000000017514800 JavaThread "pool-2-thread-3" [_thread_in_Java, id=936, stack(0x0000000018150000,0x0000000018250000)]
  0x0000000017513000 JavaThread "pool-2-thread-2" [_thread_in_Java, id=12880, stack(0x0000000018050000,0x0000000018150000)]
  0x00000000174f0800 JavaThread "pool-3-thread-1" [_thread_blocked, id=14608, stack(0x0000000017f50000,0x0000000018050000)]
  0x0000000017547800 JavaThread "pool-2-thread-1" [_thread_in_vm, id=13108, stack(0x0000000017e50000,0x0000000017f50000)]
  0x0000000015837800 JavaThread "Service Thread" daemon [_thread_blocked, id=13268, stack(0x0000000017050000,0x0000000017150000)]
  0x00000000157e3800 JavaThread "C1 CompilerThread2" daemon [_thread_blocked, id=6808, stack(0x0000000016f50000,0x0000000017050000)]
=>0x00000000157e0000 JavaThread "C2 CompilerThread1" daemon [_thread_in_native, id=9644, stack(0x0000000016e50000,0x0000000016f50000)]
  0x00000000157dd800 JavaThread "C2 CompilerThread0" daemon [_thread_in_native, id=10064, stack(0x0000000016d50000,0x0000000016e50000)]
  0x00000000157db800 JavaThread "Attach Listener" daemon [_thread_blocked, id=7216, stack(0x0000000016c50000,0x0000000016d50000)]
  0x00000000157da000 JavaThread "Signal Dispatcher" daemon [_thread_blocked, id=14920, stack(0x0000000016b50000,0x0000000016c50000)]
  0x00000000030ff800 JavaThread "Finalizer" daemon [_thread_blocked, id=15052, stack(0x0000000016a50000,0x0000000016b50000)]
  0x00000000157a8800 JavaThread "Reference Handler" daemon [_thread_blocked, id=4336, stack(0x0000000016950000,0x0000000016a50000)]
  0x000000000300d800 JavaThread "main" [_thread_in_vm, id=14820, stack(0x0000000002e80000,0x0000000002f80000)]

Other Threads:
  0x00000000157a6000 VMThread [stack: 0x0000000016850000,0x0000000016950000] [id=14048]
  0x000000001583a800 WatcherThread [stack: 0x0000000017150000,0x0000000017250000] [id=14384]

VM state:not at safepoint (normal execution)

VM Mutex/Monitor currently owned by a thread: None

Heap:
 PSYoungGen      total 38400K, used 13557K [0x00000000eab00000, 0x00000000ed580000, 0x0000000100000000)
  eden space 33280K, 25% used [0x00000000eab00000,0x00000000eb3426d8,0x00000000ecb80000)
  from space 5120K, 99% used [0x00000000ecb80000,0x00000000ed07ad50,0x00000000ed080000)
  to   space 5120K, 0% used [0x00000000ed080000,0x00000000ed080000,0x00000000ed580000)
 ParOldGen       total 87552K, used 869K [0x00000000c0000000, 0x00000000c5580000, 0x00000000eab00000)
  object space 87552K, 0% used [0x00000000c0000000,0x00000000c00d9450,0x00000000c5580000)
 Metaspace       used 6072K, capacity 7024K, committed 7296K, reserved 1056768K
  class space    used 593K, capacity 616K, committed 640K, reserved 1048576K

Card table byte_map: [0x00000000124d0000,0x00000000126e0000] byte_map_base: 0x0000000011ed0000

Marking Bits: (ParMarkBitMap*) 0x000000006451b460
 Begin Bits: [0x0000000012c40000, 0x0000000013c40000)
 End Bits:   [0x0000000013c40000, 0x0000000014c40000)

Polling page: 0x00000000016f0000

CodeCache: size=245760Kb used=5605Kb max_used=5605Kb free=240154Kb
 bounds [0x0000000003110000, 0x0000000003690000, 0x0000000012110000]
 total_blobs=1681 nmethods=1416 adapters=179
 compilation: enabled

Compilation events (10 events):
Event: 2.870 Thread 0x00000000157e3800 1384       3       com.android.dx.rop.code.Rops::opGetField (97 bytes)
Event: 2.871 Thread 0x00000000157e3800 nmethod 1384 0x0000000003673690 code [0x00000000036738c0, 0x00000000036744f8]
Event: 2.871 Thread 0x00000000157e3800 1385       3       com.android.dx.ssa.PhiInsn::getOriginalRopInsn (2 bytes)
Event: 2.871 Thread 0x00000000157e3800 nmethod 1385 0x0000000003674a50 code [0x0000000003674ba0, 0x0000000003674cf0]
Event: 2.871 Thread 0x00000000157e3800 1386       3       com.android.dx.rop.cst.TypedConstant::getFrameType (2 bytes)
Event: 2.871 Thread 0x00000000157e3800 nmethod 1386 0x0000000003674d90 code [0x0000000003674ee0, 0x0000000003675030]
Event: 2.871 Thread 0x00000000157e3800 1387       3       com.android.dx.ssa.SsaMethod$2::visitPhiInsn (6 bytes)
Event: 2.872 Thread 0x00000000157e3800 nmethod 1387 0x00000000036750d0 code [0x0000000003675240, 0x00000000036753c8]
Event: 2.872 Thread 0x00000000157e3800 1388       3       com.android.dx.ssa.SsaMethod$1::visitPhiInsn (17 bytes)
Event: 2.872 Thread 0x00000000157e3800 nmethod 1388 0x0000000003675450 code [0x00000000036755c0, 0x00000000036759b0]

GC Heap History (2 events):
Event: 2.821 GC heap before
{Heap before GC invocations=1 (full 0):
 PSYoungGen      total 38400K, used 33280K [0x00000000eab00000, 0x00000000ed580000, 0x0000000100000000)
  eden space 33280K, 100% used [0x00000000eab00000,0x00000000ecb80000,0x00000000ecb80000)
  from space 5120K, 0% used [0x00000000ed080000,0x00000000ed080000,0x00000000ed580000)
  to   space 5120K, 0% used [0x00000000ecb80000,0x00000000ecb80000,0x00000000ed080000)
 ParOldGen       total 87552K, used 0K [0x00000000c0000000, 0x00000000c5580000, 0x00000000eab00000)
  object space 87552K, 0% used [0x00000000c0000000,0x00000000c0000000,0x00000000c5580000)
 Metaspace       used 6026K, capacity 6960K, committed 7040K, reserved 1056768K
  class space    used 592K, capacity 616K, committed 640K, reserved 1048576K
Event: 2.829 GC heap after
Heap after GC invocations=1 (full 0):
 PSYoungGen      total 38400K, used 5099K [0x00000000eab00000, 0x00000000ed580000, 0x0000000100000000)
  eden space 33280K, 0% used [0x00000000eab00000,0x00000000eab00000,0x00000000ecb80000)
  from space 5120K, 99% used [0x00000000ecb80000,0x00000000ed07ad50,0x00000000ed080000)
  to   space 5120K, 0% used [0x00000000ed080000,0x00000000ed080000,0x00000000ed580000)
 ParOldGen       total 87552K, used 869K [0x00000000c0000000, 0x00000000c5580000, 0x00000000eab00000)
  object space 87552K, 0% used [0x00000000c0000000,0x00000000c00d9450,0x00000000c5580000)
 Metaspace       used 6026K, capacity 6960K, committed 7040K, reserved 1056768K
  class space    used 592K, capacity 616K, committed 640K, reserved 1048576K
}

Deoptimization events (10 events):
Event: 2.084 Thread 0x0000000017513000 Uncommon trap: reason=class_check action=maybe_recompile pc=0x000000000341b994 method=com.android.dx.ssa.NormalSsaInsn.accept(Lcom/android/dx/ssa/SsaInsn$Visitor;)V @ 9
Event: 2.085 Thread 0x0000000017547800 Uncommon trap: reason=class_check action=maybe_recompile pc=0x000000000341b994 method=com.android.dx.ssa.NormalSsaInsn.accept(Lcom/android/dx/ssa/SsaInsn$Visitor;)V @ 9
Event: 2.086 Thread 0x0000000017514800 Uncommon trap: reason=class_check action=maybe_recompile pc=0x000000000341b994 method=com.android.dx.ssa.NormalSsaInsn.accept(Lcom/android/dx/ssa/SsaInsn$Visitor;)V @ 9
Event: 2.097 Thread 0x0000000017547800 Uncommon trap: reason=class_check action=maybe_recompile pc=0x000000000341b994 method=com.android.dx.ssa.NormalSsaInsn.accept(Lcom/android/dx/ssa/SsaInsn$Visitor;)V @ 9
Event: 2.138 Thread 0x0000000017547800 Uncommon trap: reason=class_check action=maybe_recompile pc=0x00000000034b5dac method=com.android.dx.rop.type.Type.equals(Ljava/lang/Object;)Z @ 8
Event: 2.138 Thread 0x0000000017547800 Uncommon trap: reason=class_check action=maybe_recompile pc=0x00000000034b5ddc method=com.android.dx.rop.type.Type.equals(Ljava/lang/Object;)Z @ 8
Event: 2.138 Thread 0x0000000017547800 Uncommon trap: reason=class_check action=maybe_recompile pc=0x00000000034b5ddc method=com.android.dx.rop.type.Type.equals(Ljava/lang/Object;)Z @ 8
Event: 2.138 Thread 0x0000000017547800 Uncommon trap: reason=class_check action=maybe_recompile pc=0x00000000034b5ddc method=com.android.dx.rop.type.Type.equals(Ljava/lang/Object;)Z @ 8
Event: 2.138 Thread 0x0000000017547800 Uncommon trap: reason=class_check action=maybe_recompile pc=0x0000000003470fec method=com.android.dx.rop.type.Type.equals(Ljava/lang/Object;)Z @ 8
Event: 2.157 Thread 0x0000000017516000 Uncommon trap: reason=class_check action=maybe_recompile pc=0x00000000033c7ab0 method=com.android.dx.ssa.NormalSsaInsn.accept(Lcom/android/dx/ssa/SsaInsn$Visitor;)V @ 9

Internal exceptions (10 events):
Event: 0.979 Thread 0x000000000300d800 Exception <a 'java/security/PrivilegedActionException'> (0x00000000eb7f2cf8) thrown at [D:\re\workspace\8-2-build-windows-amd64-cygwin\jdk8u20\1074\hotspot\src\share\vm\prims\jvm.cpp, line 1275]
Event: 0.982 Thread 0x0000000017513000 Exception <a 'java/security/PrivilegedActionException'> (0x00000000ebc79d18) thrown at [D:\re\workspace\8-2-build-windows-amd64-cygwin\jdk8u20\1074\hotspot\src\share\vm\prims\jvm.cpp, line 1275]
Event: 1.001 Thread 0x000000000300d800 Exception <a 'java/security/PrivilegedActionException'> (0x00000000ebd31778) thrown at [D:\re\workspace\8-2-build-windows-amd64-cygwin\jdk8u20\1074\hotspot\src\share\vm\prims\jvm.cpp, line 1275]
Event: 1.310 Thread 0x0000000017516000 Exception <a 'java/security/PrivilegedActionException'> (0x00000000ebdddd90) thrown at [D:\re\workspace\8-2-build-windows-amd64-cygwin\jdk8u20\1074\hotspot\src\share\vm\prims\jvm.cpp, line 1275]
Event: 1.311 Thread 0x0000000017516000 Exception <a 'java/security/PrivilegedActionException'> (0x00000000ebde3780) thrown at [D:\re\workspace\8-2-build-windows-amd64-cygwin\jdk8u20\1074\hotspot\src\share\vm\prims\jvm.cpp, line 1275]
Event: 1.311 Thread 0x0000000017516000 Exception <a 'java/security/PrivilegedActionException'> (0x00000000ebde8e30) thrown at [D:\re\workspace\8-2-build-windows-amd64-cygwin\jdk8u20\1074\hotspot\src\share\vm\prims\jvm.cpp, line 1275]
Event: 1.355 Thread 0x0000000017547800 Exception <a 'java/security/PrivilegedActionException'> (0x00000000ebbba880) thrown at [D:\re\workspace\8-2-build-windows-amd64-cygwin\jdk8u20\1074\hotspot\src\share\vm\prims\jvm.cpp, line 1275]
Event: 2.128 Thread 0x0000000017514800 Exception <a 'java/security/PrivilegedActionException'> (0x00000000ec3d47f8) thrown at [D:\re\workspace\8-2-build-windows-amd64-cygwin\jdk8u20\1074\hotspot\src\share\vm\prims\jvm.cpp, line 1275]
Event: 2.137 Thread 0x0000000017547800 Exception <a 'java/security/PrivilegedActionException'> (0x00000000ec24ac78) thrown at [D:\re\workspace\8-2-build-windows-amd64-cygwin\jdk8u20\1074\hotspot\src\share\vm\prims\jvm.cpp, line 1275]
Event: 2.143 Thread 0x0000000017514800 Exception <a 'java/security/PrivilegedActionException'> (0x00000000ec3f5980) thrown at [D:\re\workspace\8-2-build-windows-amd64-cygwin\jdk8u20\1074\hotspot\src\share\vm\prims\jvm.cpp, line 1275]

Events (10 events):
Event: 2.157 loading class java/util/TreeMap$EntryIterator done
Event: 2.157 Thread 0x0000000017516000 Uncommon trap: trap_request=0xffffffde fr.pc=0x00000000033c7ab0
Event: 2.157 Thread 0x0000000017516000 DEOPT PACKING pc=0x00000000033c7ab0 sp=0x000000001834e640
Event: 2.157 Thread 0x0000000017516000 DEOPT UNPACKING pc=0x000000000315556a sp=0x000000001834e5e0 mode 2
Event: 2.478 Executing VM operation: ForceSafepoint
Event: 2.478 Executing VM operation: ForceSafepoint done
Event: 2.820 Executing VM operation: ParallelGCFailedAllocation
Event: 2.829 Executing VM operation: ParallelGCFailedAllocation done
Event: 2.829 loading class sun/misc/Cleaner
Event: 2.829 loading class sun/misc/Cleaner done


Dynamic libraries:
0x00007ff79b830000 - 0x00007ff79b864000 	C:\Program Files\Java\jdk1.8.0_20\bin\java.exe
0x00007ffc6b1c0000 - 0x00007ffc6b381000 	C:\WINDOWS\SYSTEM32\ntdll.dll
0x00007ffc68920000 - 0x00007ffc689cd000 	C:\WINDOWS\system32\KERNEL32.DLL
0x00007ffc67a70000 - 0x00007ffc67c58000 	C:\WINDOWS\system32\KERNELBASE.dll
0x00007ffc6b110000 - 0x00007ffc6b1b7000 	C:\WINDOWS\system32\ADVAPI32.dll
0x00007ffc6af30000 - 0x00007ffc6afcd000 	C:\WINDOWS\system32\msvcrt.dll
0x00007ffc6b040000 - 0x00007ffc6b09b000 	C:\WINDOWS\system32\sechost.dll
0x00007ffc689d0000 - 0x00007ffc68aec000 	C:\WINDOWS\system32\RPCRT4.dll
0x00007ffc6ac30000 - 0x00007ffc6ad86000 	C:\WINDOWS\system32\USER32.dll
0x00007ffc6ad90000 - 0x00007ffc6af16000 	C:\WINDOWS\system32\GDI32.dll
0x00007ffc5dcb0000 - 0x00007ffc5df24000 	C:\WINDOWS\WinSxS\amd64_microsoft.windows.common-controls_6595b64144ccf1df_6.0.10586.589_none_a2ddb3caa539acce\COMCTL32.dll
0x00007ffc6a5e0000 - 0x00007ffc6a85d000 	C:\WINDOWS\system32\combase.dll
0x00007ffc67c80000 - 0x00007ffc67cea000 	C:\WINDOWS\system32\bcryptPrimitives.dll
0x00007ffc68770000 - 0x00007ffc687ab000 	C:\WINDOWS\system32\IMM32.DLL
0x00000000645a0000 - 0x0000000064672000 	C:\Program Files\Java\jdk1.8.0_20\jre\bin\msvcr100.dll
0x0000000063d40000 - 0x0000000064598000 	C:\Program Files\Java\jdk1.8.0_20\jre\bin\server\jvm.dll
0x00007ffc6b0a0000 - 0x00007ffc6b0a8000 	C:\WINDOWS\system32\PSAPI.DLL
0x00007ffc5c500000 - 0x00007ffc5c509000 	C:\WINDOWS\SYSTEM32\WSOCK32.dll
0x00007ffc68700000 - 0x00007ffc6876b000 	C:\WINDOWS\system32\WS2_32.dll
0x00007ffc65ad0000 - 0x00007ffc65af3000 	C:\WINDOWS\SYSTEM32\WINMM.dll
0x00007ffc65aa0000 - 0x00007ffc65acc000 	C:\WINDOWS\SYSTEM32\WINMMBASE.dll
0x00007ffc679c0000 - 0x00007ffc67a03000 	C:\WINDOWS\system32\cfgmgr32.dll
0x0000000063d30000 - 0x0000000063d3f000 	C:\Program Files\Java\jdk1.8.0_20\jre\bin\verify.dll
0x0000000063d00000 - 0x0000000063d28000 	C:\Program Files\Java\jdk1.8.0_20\jre\bin\java.dll
0x0000000063ce0000 - 0x0000000063cf6000 	C:\Program Files\Java\jdk1.8.0_20\jre\bin\zip.dll
0x00007ffc68af0000 - 0x00007ffc6a04c000 	C:\WINDOWS\system32\SHELL32.dll
0x00007ffc67f50000 - 0x00007ffc68595000 	C:\WINDOWS\system32\windows.storage.dll
0x00007ffc688c0000 - 0x00007ffc68912000 	C:\WINDOWS\system32\shlwapi.dll
0x00007ffc67830000 - 0x00007ffc6783f000 	C:\WINDOWS\system32\kernel.appcore.dll
0x00007ffc67900000 - 0x00007ffc679b5000 	C:\WINDOWS\system32\shcore.dll
0x00007ffc677c0000 - 0x00007ffc6780b000 	C:\WINDOWS\system32\powrprof.dll
0x00007ffc67810000 - 0x00007ffc67824000 	C:\WINDOWS\system32\profapi.dll
0x00007ffc5c290000 - 0x00007ffc5c41c000 	C:\WINDOWS\SYSTEM32\dbghelp.dll

VM Arguments:
jvm_args: -Djava.awt.headless=true -Xmx1024M -Dfile.encoding=windows-1252 -Duser.country=US -Duser.language=en -Duser.variant 
java_command: com.android.dx.command.Main --dex --force-jumbo --num-threads=4 --multi-dex --output C:\Users\admin\Documents\GitHub\ShaneelSD\SoftwareDesign\FindMeTutor\FindMeTutor\tutor_app\build\intermediates\transforms\dex\debug\folders\1000\10\com.android.support-support-compat-24.2.1_8311e04365453e68ba119eb9a2b0f03372a26432 C:\Users\admin\Documents\GitHub\ShaneelSD\SoftwareDesign\FindMeTutor\FindMeTutor\tutor_app\build\intermediates\exploded-aar\com.android.support\support-compat\24.2.1\jars\classes.jar
java_class_path (initial): C:\Users\admin\AppData\Local\Android\sdk\build-tools\24.0.1\lib\dx.jar
Launcher Type: SUN_STANDARD

Environment Variables:
PATH=C:\ProgramData\Oracle\Java\javapath;C:\Program Files (x86)\Intel\iCLS Client\;C:\Program Files\Intel\iCLS Client\;C:\WINDOWS\system32;C:\WINDOWS;C:\WINDOWS\System32\Wbem;C:\WINDOWS\System32\WindowsPowerShell\v1.0\;C:\Program Files\Intel\Intel(R) Management Engine Components\DAL;C:\Program Files\Intel\Intel(R) Management Engine Components\IPT;C:\Program Files (x86)\Intel\Intel(R) Management Engine Components\DAL;C:\Program Files (x86)\Intel\Intel(R) Management Engine Components\IPT;C:\Program Files\WIDCOMM\Bluetooth Software\;C:\Program Files\WIDCOMM\Bluetooth Software\syswow64;C:\Program Files (x86)\Intel\OpenCL SDK\2.0\bin\x86;C:\Program Files (x86)\Intel\OpenCL SDK\2.0\bin\x64;C:\Program Files\Intel\WiFi\bin\;C:\Program Files\Common Files\Intel\WirelessCommon\;c:\Program Files (x86)\Microsoft SQL Server\100\Tools\Binn\;c:\Program Files\Microsoft SQL Server\100\Tools\Binn\;c:\Program Files\Microsoft SQL Server\100\DTS\Binn\;C:\Program Files (x86)\MySQL\MySQL Fabric 1.5.4 & MySQL Utilities 1.5.4 1.5\;C:\Program Files (x86)\MySQL\MySQL Fabric 1.5.4 & MySQL Utilities 1.5.4 1.5\Doctrine extensions for PHP\;C:\Program Files (x86)\Borland\Delphi7\Bin;C:\Program Files (x86)\Borland\Delphi7\Projects\Bpl;C:\Program Files (x86)\Borland\Delphi7\Rave5;C:\Program Files\Git\cmd;C:\Program Files (x86)\OpenVPN\bin;C:\Program Files\Intel\WiFi\bin\;C:\Program Files\Common Files\Intel\WirelessCommon\
USERNAME=admin
OS=Windows_NT
PROCESSOR_IDENTIFIER=Intel64 Family 6 Model 58 Stepping 9, GenuineIntel



---------------  S Y S T E M  ---------------

OS: Windows 8.1 , 64 bit Build 9600 

CPU:total 4 (2 cores per cpu, 2 threads per core) family 6 model 58 stepping 9, cmov, cx8, fxsr, mmx, sse, sse2, sse3, ssse3, sse4.1, sse4.2, popcnt, avx, aes, clmul, erms, ht, tsc, tscinvbit, tscinv

Memory: 4k page, physical 8258576k(2237928k free), swap 10306576k(4236k free)

vm_info: Java HotSpot(TM) 64-Bit Server VM (25.20-b23) for windows-amd64 JRE (1.8.0_20-b26), built on Jul 30 2014 13:51:23 by "java_re" with MS VC++ 10.0 (VS2010)

time: Fri Oct 28 12:09:23 2016
elapsed time: 2 seconds (0d 0h 0m 2s)

