#
# There is insufficient memory for the Java Runtime Environment to continue.
# Native memory allocation (malloc) failed to allocate 436096 bytes for Chunk::new
# Possible reasons:
#   The system is out of physical RAM or swap space
#   In 32 bit mode, the process size limit was hit
# Possible solutions:
#   Reduce memory load on the system
#   Increase physical memory or swap space
#   Check if swap backing store is full
#   Use 64 bit Java on a 64 bit OS
#   Decrease Java heap size (-Xmx/-Xms)
#   Decrease number of Java threads
#   Decrease Java thread stack sizes (-Xss)
#   Set larger code cache with -XX:ReservedCodeCacheSize=
# This output file may be truncated or incomplete.
#
#  Out of Memory Error (allocation.cpp:390), pid=4252, tid=3964
#
# JRE version: Java(TM) SE Runtime Environment (8.0_20-b26) (build 1.8.0_20-b26)
# Java VM: Java HotSpot(TM) 64-Bit Server VM (25.20-b23 mixed mode windows-amd64 compressed oops)
# Failed to write core dump. Minidumps are not enabled by default on client versions of Windows
#

---------------  T H R E A D  ---------------

Current thread (0x0000000014aad800):  JavaThread "C2 CompilerThread0" daemon [_thread_in_native, id=3964, stack(0x0000000016010000,0x0000000016110000)]

Stack: [0x0000000016010000,0x0000000016110000]
Native frames: (J=compiled Java code, j=interpreted, Vv=VM code, C=native code)
V  [jvm.dll+0x3152fa]


Current CompileTask:
C2:   3940  915       4       com.android.dx.ssa.back.LivenessAnalyzer::handleTailRecursion (94 bytes)


---------------  P R O C E S S  ---------------

Java Threads: ( => current thread )
  0x000000001657a000 JavaThread "pool-1-thread-4" [_thread_in_Java, id=4676, stack(0x0000000016d10000,0x0000000016e10000)]
  0x0000000016493800 JavaThread "pool-2-thread-1" [_thread_blocked, id=15240, stack(0x0000000016a10000,0x0000000016b10000)]
  0x0000000016314800 JavaThread "Service Thread" daemon [_thread_blocked, id=8644, stack(0x0000000016710000,0x0000000016810000)]
  0x0000000014b0c000 JavaThread "C1 CompilerThread2" daemon [_thread_blocked, id=6944, stack(0x0000000016210000,0x0000000016310000)]
  0x0000000014ab0000 JavaThread "C2 CompilerThread1" daemon [_thread_blocked, id=3128, stack(0x0000000016110000,0x0000000016210000)]
=>0x0000000014aad800 JavaThread "C2 CompilerThread0" daemon [_thread_in_native, id=3964, stack(0x0000000016010000,0x0000000016110000)]
  0x0000000014aab800 JavaThread "Attach Listener" daemon [_thread_blocked, id=14016, stack(0x0000000015f10000,0x0000000016010000)]
  0x0000000014aaa000 JavaThread "Signal Dispatcher" daemon [_thread_blocked, id=4688, stack(0x0000000015e10000,0x0000000015f10000)]
  0x000000000232f000 JavaThread "Finalizer" daemon [_thread_blocked, id=3876, stack(0x0000000015d10000,0x0000000015e10000)]
  0x0000000014a78000 JavaThread "Reference Handler" daemon [_thread_blocked, id=10208, stack(0x0000000015c10000,0x0000000015d10000)]
  0x00000000023dd800 JavaThread "main" [_thread_blocked, id=14684, stack(0x00000000020d0000,0x00000000021d0000)]

Other Threads:
  0x0000000014a76000 VMThread [stack: 0x0000000015b10000,0x0000000015c10000] [id=6436]
  0x0000000016317000 WatcherThread [stack: 0x0000000016810000,0x0000000016910000] [id=11360]

VM state:not at safepoint (normal execution)

VM Mutex/Monitor currently owned by a thread: None

Heap:
 PSYoungGen      total 38400K, used 8654K [0x00000000eab00000, 0x00000000ed580000, 0x0000000100000000)
  eden space 33280K, 26% used [0x00000000eab00000,0x00000000eb373990,0x00000000ecb80000)
  from space 5120K, 0% used [0x00000000ecb80000,0x00000000ecb80000,0x00000000ed080000)
  to   space 5120K, 0% used [0x00000000ed080000,0x00000000ed080000,0x00000000ed580000)
 ParOldGen       total 57856K, used 2341K [0x00000000c0000000, 0x00000000c3880000, 0x00000000eab00000)
  object space 57856K, 4% used [0x00000000c0000000,0x00000000c0249660,0x00000000c3880000)
 Metaspace       used 5716K, capacity 6768K, committed 7040K, reserved 1060864K
  class space    used 589K, capacity 616K, committed 640K, reserved 1048576K

Card table byte_map: [0x00000000117a0000,0x00000000119b0000] byte_map_base: 0x00000000111a0000

Marking Bits: (ParMarkBitMap*) 0x00000000546eb460
 Begin Bits: [0x0000000011f10000, 0x0000000012f10000)
 End Bits:   [0x0000000012f10000, 0x0000000013f10000)

Polling page: 0x00000000001f0000

CodeCache: size=245760Kb used=3670Kb max_used=3681Kb free=242089Kb
 bounds [0x00000000023e0000, 0x0000000002780000, 0x00000000113e0000]
 total_blobs=1182 nmethods=918 adapters=178
 compilation: enabled

Compilation events (10 events):
Event: 3.925 Thread 0x0000000014b0c000 nmethod 922 0x000000000276e490 code [0x000000000276e680, 0x000000000276f058]
Event: 3.925 Thread 0x0000000014b0c000  923       3       com.android.dx.dex.code.RopTranslator::getRegs (64 bytes)
Event: 3.927 Thread 0x0000000014b0c000 nmethod 923 0x0000000002770b50 code [0x0000000002770e20, 0x0000000002772a98]
Event: 3.927 Thread 0x0000000014b0c000  924       3       com.android.dx.ssa.DeadCodeRemover::pruneDeadInstructions (246 bytes)
Event: 3.927 Thread 0x0000000014ab0000 nmethod 903 0x00000000027757d0 code [0x0000000002775960, 0x0000000002776028]
Event: 3.927 Thread 0x0000000014ab0000  917       4       java.util.ArrayList::ensureCapacityInternal (23 bytes)
Event: 3.929 Thread 0x0000000014b0c000 nmethod 924 0x0000000002776690 code [0x0000000002776a80, 0x00000000027792d8]
Event: 3.930 Thread 0x0000000014ab0000 nmethod 917 0x000000000277ab10 code [0x000000000277ac60, 0x000000000277aee8]
Event: 3.930 Thread 0x0000000014ab0000  914  s    4       java.util.Vector::elementAt (48 bytes)
Event: 3.932 Thread 0x0000000014ab0000 nmethod 914 0x000000000277b110 code [0x000000000277b260, 0x000000000277b4d8]

GC Heap History (4 events):
Event: 2.510 GC heap before
{Heap before GC invocations=1 (full 0):
 PSYoungGen      total 38400K, used 12050K [0x00000000eab00000, 0x00000000ed580000, 0x0000000100000000)
  eden space 33280K, 36% used [0x00000000eab00000,0x00000000eb6c4be8,0x00000000ecb80000)
  from space 5120K, 0% used [0x00000000ed080000,0x00000000ed080000,0x00000000ed580000)
  to   space 5120K, 0% used [0x00000000ecb80000,0x00000000ecb80000,0x00000000ed080000)
 ParOldGen       total 87552K, used 0K [0x00000000c0000000, 0x00000000c5580000, 0x00000000eab00000)
  object space 87552K, 0% used [0x00000000c0000000,0x00000000c0000000,0x00000000c5580000)
 Metaspace       used 5074K, capacity 6160K, committed 6272K, reserved 1060864K
  class space    used 566K, capacity 584K, committed 640K, reserved 1048576K
Event: 2.520 GC heap after
Heap after GC invocations=1 (full 0):
 PSYoungGen      total 38400K, used 2536K [0x00000000eab00000, 0x00000000ed580000, 0x0000000100000000)
  eden space 33280K, 0% used [0x00000000eab00000,0x00000000eab00000,0x00000000ecb80000)
  from space 5120K, 49% used [0x00000000ecb80000,0x00000000ecdfa290,0x00000000ed080000)
  to   space 5120K, 0% used [0x00000000ed080000,0x00000000ed080000,0x00000000ed580000)
 ParOldGen       total 87552K, used 8K [0x00000000c0000000, 0x00000000c5580000, 0x00000000eab00000)
  object space 87552K, 0% used [0x00000000c0000000,0x00000000c0002000,0x00000000c5580000)
 Metaspace       used 5074K, capacity 6160K, committed 6272K, reserved 1060864K
  class space    used 566K, capacity 584K, committed 640K, reserved 1048576K
}
Event: 2.520 GC heap before
{Heap before GC invocations=2 (full 1):
 PSYoungGen      total 38400K, used 2536K [0x00000000eab00000, 0x00000000ed580000, 0x0000000100000000)
  eden space 33280K, 0% used [0x00000000eab00000,0x00000000eab00000,0x00000000ecb80000)
  from space 5120K, 49% used [0x00000000ecb80000,0x00000000ecdfa290,0x00000000ed080000)
  to   space 5120K, 0% used [0x00000000ed080000,0x00000000ed080000,0x00000000ed580000)
 ParOldGen       total 87552K, used 8K [0x00000000c0000000, 0x00000000c5580000, 0x00000000eab00000)
  object space 87552K, 0% used [0x00000000c0000000,0x00000000c0002000,0x00000000c5580000)
 Metaspace       used 5074K, capacity 6160K, committed 6272K, reserved 1060864K
  class space    used 566K, capacity 584K, committed 640K, reserved 1048576K
Event: 2.538 GC heap after
Heap after GC invocations=2 (full 1):
 PSYoungGen      total 38400K, used 0K [0x00000000eab00000, 0x00000000ed580000, 0x0000000100000000)
  eden space 33280K, 0% used [0x00000000eab00000,0x00000000eab00000,0x00000000ecb80000)
  from space 5120K, 0% used [0x00000000ecb80000,0x00000000ecb80000,0x00000000ed080000)
  to   space 5120K, 0% used [0x00000000ed080000,0x00000000ed080000,0x00000000ed580000)
 ParOldGen       total 57856K, used 2341K [0x00000000c0000000, 0x00000000c3880000, 0x00000000eab00000)
  object space 57856K, 4% used [0x00000000c0000000,0x00000000c0249660,0x00000000c3880000)
 Metaspace       used 5074K, capacity 6160K, committed 6272K, reserved 1058816K
  class space    used 566K, capacity 584K, committed 640K, reserved 1048576K
}

Deoptimization events (0 events):
No events

Internal exceptions (10 events):
Event: 2.559 Thread 0x0000000016452000 Exception <a 'java/security/PrivilegedActionException'> (0x00000000eadaa998) thrown at [D:\re\workspace\8-2-build-windows-amd64-cygwin\jdk8u20\1074\hotspot\src\share\vm\prims\jvm.cpp, line 1275]
Event: 2.560 Thread 0x0000000016452000 Exception <a 'java/security/PrivilegedActionException'> (0x00000000eadb3618) thrown at [D:\re\workspace\8-2-build-windows-amd64-cygwin\jdk8u20\1074\hotspot\src\share\vm\prims\jvm.cpp, line 1275]
Event: 2.562 Thread 0x0000000016452000 Exception <a 'java/security/PrivilegedActionException'> (0x00000000eadb8a18) thrown at [D:\re\workspace\8-2-build-windows-amd64-cygwin\jdk8u20\1074\hotspot\src\share\vm\prims\jvm.cpp, line 1275]
Event: 2.574 Thread 0x0000000016452000 Exception <a 'java/security/PrivilegedActionException'> (0x00000000eadc6c38) thrown at [D:\re\workspace\8-2-build-windows-amd64-cygwin\jdk8u20\1074\hotspot\src\share\vm\prims\jvm.cpp, line 1275]
Event: 2.579 Thread 0x0000000016494000 Exception <a 'java/security/PrivilegedActionException'> (0x00000000eaee9e08) thrown at [D:\re\workspace\8-2-build-windows-amd64-cygwin\jdk8u20\1074\hotspot\src\share\vm\prims\jvm.cpp, line 1275]
Event: 2.585 Thread 0x000000001657a000 Exception <a 'java/security/PrivilegedActionException'> (0x00000000ead046a0) thrown at [D:\re\workspace\8-2-build-windows-amd64-cygwin\jdk8u20\1074\hotspot\src\share\vm\prims\jvm.cpp, line 1275]
Event: 2.787 Thread 0x0000000016494000 Exception <a 'java/security/PrivilegedActionException'> (0x00000000eaeef7f8) thrown at [D:\re\workspace\8-2-build-windows-amd64-cygwin\jdk8u20\1074\hotspot\src\share\vm\prims\jvm.cpp, line 1275]
Event: 2.787 Thread 0x0000000016494000 Exception <a 'java/security/PrivilegedActionException'> (0x00000000eaef4ee0) thrown at [D:\re\workspace\8-2-build-windows-amd64-cygwin\jdk8u20\1074\hotspot\src\share\vm\prims\jvm.cpp, line 1275]
Event: 2.800 Thread 0x0000000016494000 Exception <a 'java/security/PrivilegedActionException'> (0x00000000eaf0da98) thrown at [D:\re\workspace\8-2-build-windows-amd64-cygwin\jdk8u20\1074\hotspot\src\share\vm\prims\jvm.cpp, line 1275]
Event: 3.880 Thread 0x000000001657a000 Exception <a 'java/security/PrivilegedActionException'> (0x00000000eb1f9fa0) thrown at [D:\re\workspace\8-2-build-windows-amd64-cygwin\jdk8u20\1074\hotspot\src\share\vm\prims\jvm.cpp, line 1275]

Events (10 events):
Event: 3.164 Thread 0x0000000016494000 Thread exited: 0x0000000016494000
Event: 3.274 Thread 0x0000000016451800 Thread exited: 0x0000000016451800
Event: 3.507 loading class java/util/TreeMap$EntrySet
Event: 3.507 loading class java/util/TreeMap$EntrySet done
Event: 3.507 loading class java/util/TreeMap$EntryIterator
Event: 3.508 loading class java/util/TreeMap$EntryIterator done
Event: 3.880 loading class com/android/dx/cf/code/BytecodeArray$ConstantParserVisitor
Event: 3.880 loading class com/android/dx/cf/code/BytecodeArray$ConstantParserVisitor done
Event: 3.912 Executing VM operation: CollectForMetadataAllocation
Event: 3.912 Executing VM operation: CollectForMetadataAllocation done


Dynamic libraries:
0x00007ff668390000 - 0x00007ff6683c4000 	C:\Program Files\Java\jdk1.8.0_20\bin\java.exe
0x00007ff87a1c0000 - 0x00007ff87a381000 	C:\WINDOWS\SYSTEM32\ntdll.dll
0x00007ff878700000 - 0x00007ff8787ad000 	C:\WINDOWS\system32\KERNEL32.DLL
0x00007ff877160000 - 0x00007ff877348000 	C:\WINDOWS\system32\KERNELBASE.dll
0x00007ff877c00000 - 0x00007ff877ca7000 	C:\WINDOWS\system32\ADVAPI32.dll
0x00007ff8787b0000 - 0x00007ff87884d000 	C:\WINDOWS\system32\msvcrt.dll
0x00007ff878540000 - 0x00007ff87859b000 	C:\WINDOWS\system32\sechost.dll
0x00007ff877990000 - 0x00007ff877aac000 	C:\WINDOWS\system32\RPCRT4.dll
0x00007ff8785a0000 - 0x00007ff8786f6000 	C:\WINDOWS\system32\USER32.dll
0x00007ff87a020000 - 0x00007ff87a1a6000 	C:\WINDOWS\system32\GDI32.dll
0x00007ff869f30000 - 0x00007ff86a1a4000 	C:\WINDOWS\WinSxS\amd64_microsoft.windows.common-controls_6595b64144ccf1df_6.0.10586.0_none_8c15ae12515e1c22\COMCTL32.dll
0x00007ff877610000 - 0x00007ff87788d000 	C:\WINDOWS\system32\combase.dll
0x00007ff877400000 - 0x00007ff87746a000 	C:\WINDOWS\system32\bcryptPrimitives.dll
0x00007ff877e30000 - 0x00007ff877e6b000 	C:\WINDOWS\system32\IMM32.DLL
0x0000000054770000 - 0x0000000054842000 	C:\Program Files\Java\jdk1.8.0_20\jre\bin\msvcr100.dll
0x0000000053f10000 - 0x0000000054768000 	C:\Program Files\Java\jdk1.8.0_20\jre\bin\server\jvm.dll
0x00007ff877980000 - 0x00007ff877988000 	C:\WINDOWS\system32\PSAPI.DLL
0x00007ff874fb0000 - 0x00007ff874fd3000 	C:\WINDOWS\SYSTEM32\WINMM.dll
0x00007ff874f50000 - 0x00007ff874f7c000 	C:\WINDOWS\SYSTEM32\WINMMBASE.dll
0x00007ff86c970000 - 0x00007ff86c979000 	C:\WINDOWS\SYSTEM32\WSOCK32.dll
0x00007ff877490000 - 0x00007ff8774d3000 	C:\WINDOWS\system32\cfgmgr32.dll
0x00007ff8775a0000 - 0x00007ff87760b000 	C:\WINDOWS\system32\WS2_32.dll
0x0000000053f00000 - 0x0000000053f0f000 	C:\Program Files\Java\jdk1.8.0_20\jre\bin\verify.dll
0x0000000053ed0000 - 0x0000000053ef8000 	C:\Program Files\Java\jdk1.8.0_20\jre\bin\java.dll
0x0000000053eb0000 - 0x0000000053ec6000 	C:\Program Files\Java\jdk1.8.0_20\jre\bin\zip.dll
0x00007ff878900000 - 0x00007ff879e5c000 	C:\WINDOWS\system32\SHELL32.dll
0x00007ff876ab0000 - 0x00007ff8770f5000 	C:\WINDOWS\system32\windows.storage.dll
0x00007ff877fe0000 - 0x00007ff878032000 	C:\WINDOWS\system32\shlwapi.dll
0x00007ff876840000 - 0x00007ff87684f000 	C:\WINDOWS\system32\kernel.appcore.dll
0x00007ff8774e0000 - 0x00007ff877595000 	C:\WINDOWS\system32\shcore.dll
0x00007ff8767f0000 - 0x00007ff87683b000 	C:\WINDOWS\system32\powrprof.dll
0x00007ff8767c0000 - 0x00007ff8767d4000 	C:\WINDOWS\system32\profapi.dll

VM Arguments:
jvm_args: -Djava.awt.headless=true -Xmx1024M -Dfile.encoding=windows-1252 -Duser.country=US -Duser.language=en -Duser.variant 
java_command: com.android.dx.command.Main --dex --num-threads=4 --output C:\Users\admin\Documents\GitHub\SoftwareDesign\FindMeTutor\FindMeTutor\tutor_app\build\intermediates\pre-dexed\debug\internal_impl-24.2.0_65bd13130c189f1fb04c3fee42c0555091ba784d.jar C:\Users\admin\Documents\GitHub\SoftwareDesign\FindMeTutor\FindMeTutor\tutor_app\build\intermediates\exploded-aar\com.android.support\support-fragment\24.2.0\jars\libs\internal_impl-24.2.0.jar
java_class_path (initial): C:\Users\admin\AppData\Local\Android\sdk\build-tools\24.0.1\lib\dx.jar
Launcher Type: SUN_STANDARD

Environment Variables:
PATH=C:\ProgramData\Oracle\Java\javapath;C:\Program Files (x86)\Intel\iCLS Client\;C:\Program Files\Intel\iCLS Client\;C:\WINDOWS\system32;C:\WINDOWS;C:\WINDOWS\System32\Wbem;C:\WINDOWS\System32\WindowsPowerShell\v1.0\;C:\Program Files\Intel\Intel(R) Management Engine Components\DAL;C:\Program Files\Intel\Intel(R) Management Engine Components\IPT;C:\Program Files (x86)\Intel\Intel(R) Management Engine Components\DAL;C:\Program Files (x86)\Intel\Intel(R) Management Engine Components\IPT;C:\Program Files\WIDCOMM\Bluetooth Software\;C:\Program Files\WIDCOMM\Bluetooth Software\syswow64;C:\Program Files (x86)\Intel\OpenCL SDK\2.0\bin\x86;C:\Program Files (x86)\Intel\OpenCL SDK\2.0\bin\x64;C:\Program Files\Intel\WiFi\bin\;C:\Program Files\Common Files\Intel\WirelessCommon\;c:\Program Files (x86)\Microsoft SQL Server\100\Tools\Binn\;c:\Program Files\Microsoft SQL Server\100\Tools\Binn\;c:\Program Files\Microsoft SQL Server\100\DTS\Binn\;C:\Program Files (x86)\MySQL\MySQL Fabric 1.5.4 & MySQL Utilities 1.5.4 1.5\;C:\Program Files (x86)\MySQL\MySQL Fabric 1.5.4 & MySQL Utilities 1.5.4 1.5\Doctrine extensions for PHP\;C:\Program Files (x86)\Borland\Delphi7\Bin;C:\Program Files (x86)\Borland\Delphi7\Projects\Bpl;C:\Program Files (x86)\Borland\Delphi7\Rave5;C:\Program Files\Git\cmd;C:\Program Files\Intel\WiFi\bin\;C:\Program Files\Common Files\Intel\WirelessCommon\
USERNAME=admin
OS=Windows_NT
PROCESSOR_IDENTIFIER=Intel64 Family 6 Model 58 Stepping 9, GenuineIntel



---------------  S Y S T E M  ---------------

OS: Windows 8.1 , 64 bit Build 9600 

CPU:total 4 (2 cores per cpu, 2 threads per core) family 6 model 58 stepping 9, cmov, cx8, fxsr, mmx, sse, sse2, sse3, ssse3, sse4.1, sse4.2, popcnt, avx, aes, clmul, erms, ht, tsc, tscinvbit, tscinv

Memory: 4k page, physical 8258576k(1405132k free), swap 10306576k(4256k free)

vm_info: Java HotSpot(TM) 64-Bit Server VM (25.20-b23) for windows-amd64 JRE (1.8.0_20-b26), built on Jul 30 2014 13:51:23 by "java_re" with MS VC++ 10.0 (VS2010)

time: Tue Sep 06 22:02:04 2016
elapsed time: 3 seconds (0d 0h 0m 3s)

