#
# There is insufficient memory for the Java Runtime Environment to continue.
# Native memory allocation (malloc) failed to allocate 32744 bytes for ChunkPool::allocate
# Possible reasons:
#   The system is out of physical RAM or swap space
#   In 32 bit mode, the process size limit was hit
# Possible solutions:
#   Reduce memory load on the system
#   Increase physical memory or swap space
#   Check if swap backing store is full
#   Use 64 bit Java on a 64 bit OS
#   Decrease Java heap size (-Xmx/-Xms)
#   Decrease number of Java threads
#   Decrease Java thread stack sizes (-Xss)
#   Set larger code cache with -XX:ReservedCodeCacheSize=
# This output file may be truncated or incomplete.
#
#  Out of Memory Error (allocation.cpp:273), pid=5436, tid=13776
#
# JRE version: Java(TM) SE Runtime Environment (8.0_20-b26) (build 1.8.0_20-b26)
# Java VM: Java HotSpot(TM) 64-Bit Server VM (25.20-b23 mixed mode windows-amd64 compressed oops)
# Failed to write core dump. Minidumps are not enabled by default on client versions of Windows
#

---------------  T H R E A D  ---------------

Current thread (0x00000000149b2800):  JavaThread "C1 CompilerThread2" daemon [_thread_in_native, id=13776, stack(0x00000000160f0000,0x00000000161f0000)]

Stack: [0x00000000160f0000,0x00000000161f0000]
Native frames: (J=compiled Java code, j=interpreted, Vv=VM code, C=native code)
V  [jvm.dll+0x3152fa]


Current CompileTask:
C1:    670  432   !   3       com.android.dx.cf.code.BytecodeArray::parseInstruction (2764 bytes)


---------------  P R O C E S S  ---------------

Java Threads: ( => current thread )
  0x00000000163f4800 JavaThread "pool-1-thread-4" [_thread_blocked, id=9736, stack(0x0000000016bf0000,0x0000000016cf0000)]
  0x00000000163d0000 JavaThread "pool-1-thread-3" [_thread_in_Java, id=2864, stack(0x0000000016af0000,0x0000000016bf0000)]
  0x0000000016340800 JavaThread "pool-1-thread-2" [_thread_in_Java, id=1224, stack(0x00000000169f0000,0x0000000016af0000)]
  0x000000001633d800 JavaThread "pool-2-thread-1" [_thread_blocked, id=15204, stack(0x00000000168f0000,0x00000000169f0000)]
  0x000000001633a800 JavaThread "pool-1-thread-1" [_thread_blocked, id=12380, stack(0x00000000167f0000,0x00000000168f0000)]
  0x00000000149eb000 JavaThread "Service Thread" daemon [_thread_blocked, id=15280, stack(0x00000000165f0000,0x00000000166f0000)]
=>0x00000000149b2800 JavaThread "C1 CompilerThread2" daemon [_thread_in_native, id=13776, stack(0x00000000160f0000,0x00000000161f0000)]
  0x0000000014995000 JavaThread "C2 CompilerThread1" daemon [_thread_in_native, id=3064, stack(0x0000000015ff0000,0x00000000160f0000)]
  0x000000001498f000 JavaThread "C2 CompilerThread0" daemon [_thread_in_native, id=5768, stack(0x0000000015ef0000,0x0000000015ff0000)]
  0x000000001498d000 JavaThread "Attach Listener" daemon [_thread_blocked, id=13992, stack(0x0000000015df0000,0x0000000015ef0000)]
  0x000000001498c000 JavaThread "Signal Dispatcher" daemon [_thread_blocked, id=10412, stack(0x0000000015cf0000,0x0000000015df0000)]
  0x00000000022b5000 JavaThread "Finalizer" daemon [_thread_blocked, id=11596, stack(0x0000000015bf0000,0x0000000015cf0000)]
  0x0000000014958000 JavaThread "Reference Handler" daemon [_thread_blocked, id=13384, stack(0x0000000015af0000,0x0000000015bf0000)]
  0x00000000020bd800 JavaThread "main" [_thread_blocked, id=13404, stack(0x00000000020c0000,0x00000000021c0000)]

Other Threads:
  0x0000000014956000 VMThread [stack: 0x00000000159f0000,0x0000000015af0000] [id=10052]
  0x00000000149ed800 WatcherThread [stack: 0x00000000166f0000,0x00000000167f0000] [id=7888]

VM state:not at safepoint (normal execution)

VM Mutex/Monitor currently owned by a thread: None

Heap:
 PSYoungGen      total 38400K, used 12993K [0x00000000eab00000, 0x00000000ed580000, 0x0000000100000000)
  eden space 33280K, 39% used [0x00000000eab00000,0x00000000eb7b0770,0x00000000ecb80000)
  from space 5120K, 0% used [0x00000000ed080000,0x00000000ed080000,0x00000000ed580000)
  to   space 5120K, 0% used [0x00000000ecb80000,0x00000000ecb80000,0x00000000ed080000)
 ParOldGen       total 87552K, used 0K [0x00000000c0000000, 0x00000000c5580000, 0x00000000eab00000)
  object space 87552K, 0% used [0x00000000c0000000,0x00000000c0000000,0x00000000c5580000)
 Metaspace       used 5327K, capacity 6448K, committed 6528K, reserved 1056768K
  class space    used 575K, capacity 616K, committed 640K, reserved 1048576K

Card table byte_map: [0x0000000011680000,0x0000000011890000] byte_map_base: 0x0000000011080000

Marking Bits: (ParMarkBitMap*) 0x00000000546eb460
 Begin Bits: [0x0000000011df0000, 0x0000000012df0000)
 End Bits:   [0x0000000012df0000, 0x0000000013df0000)

Polling page: 0x0000000002020000

CodeCache: size=245760Kb used=2048Kb max_used=2060Kb free=243711Kb
 bounds [0x00000000022c0000, 0x0000000002530000, 0x00000000112c0000]
 total_blobs=696 nmethods=433 adapters=177
 compilation: enabled

Compilation events (10 events):
Event: 0.657 Thread 0x00000000149b2800  431       3       com.android.dx.rop.cst.CstInteger::getValue (5 bytes)
Event: 0.657 Thread 0x00000000149b2800 nmethod 431 0x00000000024c0190 code [0x00000000024c02e0, 0x00000000024c04d0]
Event: 0.657 Thread 0x00000000149b2800  432   !   3       com.android.dx.cf.code.BytecodeArray::parseInstruction (2764 bytes)
Event: 0.658 Thread 0x0000000014995000 nmethod 429 0x00000000024c3210 code [0x00000000024c3340, 0x00000000024c33f8]
Event: 0.658 Thread 0x000000001498f000  439       4       java.util.ArrayList::get (11 bytes)
Event: 0.659 Thread 0x0000000014995000  441       4       com.android.dx.util.MutabilityControl::throwIfImmutable (18 bytes)
Event: 0.659 Thread 0x000000001498f000 nmethod 439 0x00000000024c34d0 code [0x00000000024c3600, 0x00000000024c36b8]
Event: 0.659 Thread 0x0000000014995000 nmethod 441 0x00000000024c37d0 code [0x00000000024c3900, 0x00000000024c3978]
Event: 0.664 Thread 0x000000001498f000  452       4       java.util.TreeMap::getEntry (84 bytes)
Event: 0.665 Thread 0x0000000014995000  453       4       java.util.TreeMap::put (247 bytes)

GC Heap History (0 events):
No events

Deoptimization events (10 events):
Event: 0.443 Thread 0x000000001633a800 Uncommon trap: reason=class_check action=maybe_recompile pc=0x000000000246cc28 method=com.android.dx.rop.cst.Constant.compareTo(Ljava/lang/Object;)I @ 2
Event: 0.443 Thread 0x000000001633a800 Uncommon trap: reason=class_check action=maybe_recompile pc=0x000000000246cc28 method=com.android.dx.rop.cst.Constant.compareTo(Ljava/lang/Object;)I @ 2
Event: 0.597 Thread 0x00000000163f4800 Uncommon trap: reason=speculate_class_check action=maybe_recompile pc=0x0000000002490944 method=com.android.dx.rop.cst.Constant.compareTo(Lcom/android/dx/rop/cst/Constant;)I @ 29
Event: 0.597 Thread 0x00000000163f4800 Uncommon trap: reason=speculate_class_check action=maybe_recompile pc=0x0000000002490944 method=com.android.dx.rop.cst.Constant.compareTo(Lcom/android/dx/rop/cst/Constant;)I @ 29
Event: 0.597 Thread 0x00000000163f4800 Uncommon trap: reason=speculate_class_check action=maybe_recompile pc=0x0000000002490944 method=com.android.dx.rop.cst.Constant.compareTo(Lcom/android/dx/rop/cst/Constant;)I @ 29
Event: 0.597 Thread 0x00000000163f4800 Uncommon trap: reason=speculate_class_check action=maybe_recompile pc=0x0000000002490944 method=com.android.dx.rop.cst.Constant.compareTo(Lcom/android/dx/rop/cst/Constant;)I @ 29
Event: 0.656 Thread 0x0000000016340800 Uncommon trap: reason=class_check action=maybe_recompile pc=0x0000000002471590 method=com.android.dx.rop.cst.CstMemberRef.compareTo0(Lcom/android/dx/rop/cst/Constant;)I @ 1
Event: 0.656 Thread 0x00000000163f4800 Uncommon trap: reason=class_check action=maybe_recompile pc=0x0000000002471590 method=com.android.dx.rop.cst.CstMemberRef.compareTo0(Lcom/android/dx/rop/cst/Constant;)I @ 1
Event: 0.656 Thread 0x00000000163f4800 Uncommon trap: reason=class_check action=maybe_recompile pc=0x0000000002471590 method=com.android.dx.rop.cst.CstMemberRef.compareTo0(Lcom/android/dx/rop/cst/Constant;)I @ 1
Event: 0.656 Thread 0x0000000016340800 Uncommon trap: reason=class_check action=maybe_recompile pc=0x0000000002471590 method=com.android.dx.rop.cst.CstMemberRef.compareTo0(Lcom/android/dx/rop/cst/Constant;)I @ 1

Internal exceptions (10 events):
Event: 0.647 Thread 0x00000000163f4800 Exception <a 'java/security/PrivilegedActionException'> (0x00000000eb5963c8) thrown at [D:\re\workspace\8-2-build-windows-amd64-cygwin\jdk8u20\1074\hotspot\src\share\vm\prims\jvm.cpp, line 1275]
Event: 0.648 Thread 0x0000000016340800 Exception <a 'java/security/PrivilegedActionException'> (0x00000000eb32f6c0) thrown at [D:\re\workspace\8-2-build-windows-amd64-cygwin\jdk8u20\1074\hotspot\src\share\vm\prims\jvm.cpp, line 1275]
Event: 0.651 Thread 0x00000000163d0000 Exception <a 'java/security/PrivilegedActionException'> (0x00000000eb3f8d80) thrown at [D:\re\workspace\8-2-build-windows-amd64-cygwin\jdk8u20\1074\hotspot\src\share\vm\prims\jvm.cpp, line 1275]
Event: 0.652 Thread 0x00000000163f4800 Exception <a 'java/security/PrivilegedActionException'> (0x00000000eb599f48) thrown at [D:\re\workspace\8-2-build-windows-amd64-cygwin\jdk8u20\1074\hotspot\src\share\vm\prims\jvm.cpp, line 1275]
Event: 0.653 Thread 0x00000000163f4800 Exception <a 'java/security/PrivilegedActionException'> (0x00000000eb59e600) thrown at [D:\re\workspace\8-2-build-windows-amd64-cygwin\jdk8u20\1074\hotspot\src\share\vm\prims\jvm.cpp, line 1275]
Event: 0.653 Thread 0x00000000163f4800 Exception <a 'java/security/PrivilegedActionException'> (0x00000000eb5a4040) thrown at [D:\re\workspace\8-2-build-windows-amd64-cygwin\jdk8u20\1074\hotspot\src\share\vm\prims\jvm.cpp, line 1275]
Event: 0.654 Thread 0x00000000163f4800 Exception <a 'java/security/PrivilegedActionException'> (0x00000000eb5accc0) thrown at [D:\re\workspace\8-2-build-windows-amd64-cygwin\jdk8u20\1074\hotspot\src\share\vm\prims\jvm.cpp, line 1275]
Event: 0.655 Thread 0x00000000020bd800 Exception <a 'java/security/PrivilegedActionException'> (0x00000000eb555058) thrown at [D:\re\workspace\8-2-build-windows-amd64-cygwin\jdk8u20\1074\hotspot\src\share\vm\prims\jvm.cpp, line 1275]
Event: 0.656 Thread 0x0000000016340800 Exception <a 'java/security/PrivilegedActionException'> (0x00000000eb33c4d8) thrown at [D:\re\workspace\8-2-build-windows-amd64-cygwin\jdk8u20\1074\hotspot\src\share\vm\prims\jvm.cpp, line 1275]
Event: 0.656 Thread 0x00000000020bd800 Exception <a 'java/security/PrivilegedActionException'> (0x00000000eb55e4f8) thrown at [D:\re\workspace\8-2-build-windows-amd64-cygwin\jdk8u20\1074\hotspot\src\share\vm\prims\jvm.cpp, line 1275]

Events (10 events):
Event: 0.656 Thread 0x00000000163f4800 DEOPT PACKING pc=0x0000000002471590 sp=0x0000000016ceedc0
Event: 0.656 Thread 0x00000000163f4800 DEOPT UNPACKING pc=0x000000000230556a sp=0x0000000016ceed48 mode 2
Event: 0.656 Thread 0x00000000163f4800 Uncommon trap: trap_request=0xffffffde fr.pc=0x0000000002471590
Event: 0.656 Thread 0x00000000163f4800 DEOPT PACKING pc=0x0000000002471590 sp=0x0000000016ceed90
Event: 0.656 Thread 0x00000000163f4800 DEOPT UNPACKING pc=0x000000000230556a sp=0x0000000016ceed18 mode 2
Event: 0.656 Thread 0x0000000016340800 Uncommon trap: trap_request=0xffffffde fr.pc=0x0000000002471590
Event: 0.656 Thread 0x0000000016340800 DEOPT PACKING pc=0x0000000002471590 sp=0x0000000016aeeda0
Event: 0.656 Thread 0x0000000016340800 DEOPT UNPACKING pc=0x000000000230556a sp=0x0000000016aeed28 mode 2
Event: 0.656 loading class com/android/dx/cf/code/BytecodeArray$ConstantParserVisitor
Event: 0.656 loading class com/android/dx/cf/code/BytecodeArray$ConstantParserVisitor done


Dynamic libraries:
0x00007ff668390000 - 0x00007ff6683c4000 	C:\Program Files\Java\jdk1.8.0_20\bin\java.exe
0x00007ff87a1c0000 - 0x00007ff87a381000 	C:\WINDOWS\SYSTEM32\ntdll.dll
0x00007ff878700000 - 0x00007ff8787ad000 	C:\WINDOWS\system32\KERNEL32.DLL
0x00007ff877160000 - 0x00007ff877348000 	C:\WINDOWS\system32\KERNELBASE.dll
0x00007ff877c00000 - 0x00007ff877ca7000 	C:\WINDOWS\system32\ADVAPI32.dll
0x00007ff8787b0000 - 0x00007ff87884d000 	C:\WINDOWS\system32\msvcrt.dll
0x00007ff878540000 - 0x00007ff87859b000 	C:\WINDOWS\system32\sechost.dll
0x00007ff877990000 - 0x00007ff877aac000 	C:\WINDOWS\system32\RPCRT4.dll
0x00007ff8785a0000 - 0x00007ff8786f6000 	C:\WINDOWS\system32\USER32.dll
0x00007ff87a020000 - 0x00007ff87a1a6000 	C:\WINDOWS\system32\GDI32.dll
0x00007ff869f30000 - 0x00007ff86a1a4000 	C:\WINDOWS\WinSxS\amd64_microsoft.windows.common-controls_6595b64144ccf1df_6.0.10586.0_none_8c15ae12515e1c22\COMCTL32.dll
0x00007ff877610000 - 0x00007ff87788d000 	C:\WINDOWS\system32\combase.dll
0x00007ff877400000 - 0x00007ff87746a000 	C:\WINDOWS\system32\bcryptPrimitives.dll
0x00007ff877e30000 - 0x00007ff877e6b000 	C:\WINDOWS\system32\IMM32.DLL
0x0000000054770000 - 0x0000000054842000 	C:\Program Files\Java\jdk1.8.0_20\jre\bin\msvcr100.dll
0x0000000053f10000 - 0x0000000054768000 	C:\Program Files\Java\jdk1.8.0_20\jre\bin\server\jvm.dll
0x00007ff877980000 - 0x00007ff877988000 	C:\WINDOWS\system32\PSAPI.DLL
0x00007ff86c970000 - 0x00007ff86c979000 	C:\WINDOWS\SYSTEM32\WSOCK32.dll
0x00007ff8775a0000 - 0x00007ff87760b000 	C:\WINDOWS\system32\WS2_32.dll
0x00007ff874fb0000 - 0x00007ff874fd3000 	C:\WINDOWS\SYSTEM32\WINMM.dll
0x00007ff874f50000 - 0x00007ff874f7c000 	C:\WINDOWS\SYSTEM32\WINMMBASE.dll
0x00007ff877490000 - 0x00007ff8774d3000 	C:\WINDOWS\system32\cfgmgr32.dll
0x0000000053f00000 - 0x0000000053f0f000 	C:\Program Files\Java\jdk1.8.0_20\jre\bin\verify.dll
0x0000000053ed0000 - 0x0000000053ef8000 	C:\Program Files\Java\jdk1.8.0_20\jre\bin\java.dll
0x0000000053eb0000 - 0x0000000053ec6000 	C:\Program Files\Java\jdk1.8.0_20\jre\bin\zip.dll
0x00007ff878900000 - 0x00007ff879e5c000 	C:\WINDOWS\system32\SHELL32.dll
0x00007ff876ab0000 - 0x00007ff8770f5000 	C:\WINDOWS\system32\windows.storage.dll
0x00007ff877fe0000 - 0x00007ff878032000 	C:\WINDOWS\system32\shlwapi.dll
0x00007ff876840000 - 0x00007ff87684f000 	C:\WINDOWS\system32\kernel.appcore.dll
0x00007ff8774e0000 - 0x00007ff877595000 	C:\WINDOWS\system32\shcore.dll
0x00007ff8767f0000 - 0x00007ff87683b000 	C:\WINDOWS\system32\powrprof.dll
0x00007ff8767c0000 - 0x00007ff8767d4000 	C:\WINDOWS\system32\profapi.dll

VM Arguments:
jvm_args: -Djava.awt.headless=true -Xmx1024M -Dfile.encoding=windows-1252 -Duser.country=US -Duser.language=en -Duser.variant 
java_command: com.android.dx.command.Main --dex --num-threads=4 --output C:\Users\admin\Documents\GitHub\SoftwareDesign\FindMeTutor\FindMeTutor\tutor_app\build\intermediates\pre-dexed\debug\debug_e89de5b6b334ce917710c2368bdb77ae881b123d.jar C:\Users\admin\Documents\GitHub\SoftwareDesign\FindMeTutor\FindMeTutor\tutor_app\build\intermediates\classes\debug
java_class_path (initial): C:\Users\admin\AppData\Local\Android\sdk\build-tools\24.0.1\lib\dx.jar
Launcher Type: SUN_STANDARD

Environment Variables:
PATH=C:\ProgramData\Oracle\Java\javapath;C:\Program Files (x86)\Intel\iCLS Client\;C:\Program Files\Intel\iCLS Client\;C:\WINDOWS\system32;C:\WINDOWS;C:\WINDOWS\System32\Wbem;C:\WINDOWS\System32\WindowsPowerShell\v1.0\;C:\Program Files\Intel\Intel(R) Management Engine Components\DAL;C:\Program Files\Intel\Intel(R) Management Engine Components\IPT;C:\Program Files (x86)\Intel\Intel(R) Management Engine Components\DAL;C:\Program Files (x86)\Intel\Intel(R) Management Engine Components\IPT;C:\Program Files\WIDCOMM\Bluetooth Software\;C:\Program Files\WIDCOMM\Bluetooth Software\syswow64;C:\Program Files (x86)\Intel\OpenCL SDK\2.0\bin\x86;C:\Program Files (x86)\Intel\OpenCL SDK\2.0\bin\x64;C:\Program Files\Intel\WiFi\bin\;C:\Program Files\Common Files\Intel\WirelessCommon\;c:\Program Files (x86)\Microsoft SQL Server\100\Tools\Binn\;c:\Program Files\Microsoft SQL Server\100\Tools\Binn\;c:\Program Files\Microsoft SQL Server\100\DTS\Binn\;C:\Program Files (x86)\MySQL\MySQL Fabric 1.5.4 & MySQL Utilities 1.5.4 1.5\;C:\Program Files (x86)\MySQL\MySQL Fabric 1.5.4 & MySQL Utilities 1.5.4 1.5\Doctrine extensions for PHP\;C:\Program Files (x86)\Borland\Delphi7\Bin;C:\Program Files (x86)\Borland\Delphi7\Projects\Bpl;C:\Program Files (x86)\Borland\Delphi7\Rave5;C:\Program Files\Git\cmd;C:\Program Files\Intel\WiFi\bin\;C:\Program Files\Common Files\Intel\WirelessCommon\
USERNAME=admin
OS=Windows_NT
PROCESSOR_IDENTIFIER=Intel64 Family 6 Model 58 Stepping 9, GenuineIntel



---------------  S Y S T E M  ---------------

OS: Windows 8.1 , 64 bit Build 9600 

CPU:total 4 (2 cores per cpu, 2 threads per core) family 6 model 58 stepping 9, cmov, cx8, fxsr, mmx, sse, sse2, sse3, ssse3, sse4.1, sse4.2, popcnt, avx, aes, clmul, erms, ht, tsc, tscinvbit, tscinv

Memory: 4k page, physical 8258576k(1498888k free), swap 10306576k(4088k free)

vm_info: Java HotSpot(TM) 64-Bit Server VM (25.20-b23) for windows-amd64 JRE (1.8.0_20-b26), built on Jul 30 2014 13:51:23 by "java_re" with MS VC++ 10.0 (VS2010)

time: Tue Sep 06 22:02:05 2016
elapsed time: 0 seconds (0d 0h 0m 0s)

