#
# There is insufficient memory for the Java Runtime Environment to continue.
# Native memory allocation (malloc) failed to allocate 33554448 bytes for Chunk::new
# Possible reasons:
#   The system is out of physical RAM or swap space
#   In 32 bit mode, the process size limit was hit
# Possible solutions:
#   Reduce memory load on the system
#   Increase physical memory or swap space
#   Check if swap backing store is full
#   Use 64 bit Java on a 64 bit OS
#   Decrease Java heap size (-Xmx/-Xms)
#   Decrease number of Java threads
#   Decrease Java thread stack sizes (-Xss)
#   Set larger code cache with -XX:ReservedCodeCacheSize=
# This output file may be truncated or incomplete.
#
#  Out of Memory Error (allocation.cpp:390), pid=13660, tid=13984
#
# JRE version: Java(TM) SE Runtime Environment (8.0_20-b26) (build 1.8.0_20-b26)
# Java VM: Java HotSpot(TM) 64-Bit Server VM (25.20-b23 mixed mode windows-amd64 compressed oops)
# Failed to write core dump. Minidumps are not enabled by default on client versions of Windows
#

---------------  T H R E A D  ---------------

Current thread (0x0000000015730000):  JavaThread "C2 CompilerThread1" daemon [_thread_in_native, id=13984, stack(0x0000000016da0000,0x0000000016ea0000)]

Stack: [0x0000000016da0000,0x0000000016ea0000]
Native frames: (J=compiled Java code, j=interpreted, Vv=VM code, C=native code)
V  [jvm.dll+0x3152fa]
V  [jvm.dll+0x265d03]
V  [jvm.dll+0x266943]
V  [jvm.dll+0x25e265]
V  [jvm.dll+0xbe255]
V  [jvm.dll+0xbe6fc]
V  [jvm.dll+0xf3878]
V  [jvm.dll+0x45df30]
V  [jvm.dll+0x45e1ea]
V  [jvm.dll+0x45f0cf]
V  [jvm.dll+0x46147a]
V  [jvm.dll+0x4635c5]
V  [jvm.dll+0x463f4c]
V  [jvm.dll+0x464293]
V  [jvm.dll+0x451093]
V  [jvm.dll+0x452634]
V  [jvm.dll+0x435fc2]
V  [jvm.dll+0x97b62]
V  [jvm.dll+0x98353]
V  [jvm.dll+0x22aac4]
V  [jvm.dll+0x283f5a]
C  [msvcr100.dll+0x21d9f]
C  [msvcr100.dll+0x21e3b]
C  [KERNEL32.DLL+0x18102]
C  [ntdll.dll+0x5c5b4]


Current CompileTask:
C2:  10898 2131   !   4       com.android.dx.cf.code.Ropper::processBlock (1101 bytes)


---------------  P R O C E S S  ---------------

Java Threads: ( => current thread )
  0x0000000017974800 JavaThread "pool-2-thread-4" [_thread_blocked, id=14024, stack(0x0000000019170000,0x0000000019270000)]
  0x0000000017973800 JavaThread "pool-2-thread-3" [_thread_blocked, id=14020, stack(0x0000000019070000,0x0000000019170000)]
  0x0000000017973000 JavaThread "pool-2-thread-2" [_thread_blocked, id=14016, stack(0x0000000018f70000,0x0000000019070000)]
  0x0000000017351800 JavaThread "pool-3-thread-1" [_thread_blocked, id=14012, stack(0x0000000018e70000,0x0000000018f70000)]
  0x0000000017632800 JavaThread "pool-2-thread-1" [_thread_blocked, id=14008, stack(0x0000000018d70000,0x0000000018e70000)]
  0x000000001578e800 JavaThread "Service Thread" daemon [_thread_blocked, id=13992, stack(0x00000000173a0000,0x00000000174a0000)]
  0x0000000015735000 JavaThread "C1 CompilerThread2" daemon [_thread_blocked, id=13988, stack(0x0000000016ea0000,0x0000000016fa0000)]
=>0x0000000015730000 JavaThread "C2 CompilerThread1" daemon [_thread_in_native, id=13984, stack(0x0000000016da0000,0x0000000016ea0000)]
  0x000000001572e000 JavaThread "C2 CompilerThread0" daemon [_thread_blocked, id=13580, stack(0x0000000016ca0000,0x0000000016da0000)]
  0x000000001572b800 JavaThread "Attach Listener" daemon [_thread_blocked, id=13912, stack(0x0000000016ba0000,0x0000000016ca0000)]
  0x000000001572a000 JavaThread "Signal Dispatcher" daemon [_thread_blocked, id=13944, stack(0x0000000016aa0000,0x0000000016ba0000)]
  0x0000000003055000 JavaThread "Finalizer" daemon [_thread_blocked, id=13924, stack(0x00000000169a0000,0x0000000016aa0000)]
  0x00000000156f8800 JavaThread "Reference Handler" daemon [_thread_blocked, id=13920, stack(0x00000000168a0000,0x00000000169a0000)]
  0x0000000002f5d800 JavaThread "main" [_thread_blocked, id=13892, stack(0x0000000002df0000,0x0000000002ef0000)]

Other Threads:
  0x00000000156f6000 VMThread [stack: 0x00000000167a0000,0x00000000168a0000] [id=13916]
  0x0000000016fda000 WatcherThread [stack: 0x00000000174a0000,0x00000000175a0000] [id=13996]

VM state:at safepoint (normal execution)

VM Mutex/Monitor currently owned by a thread:  ([mutex/lock_event])
[0x0000000002f5c8f0] Threads_lock - owner thread: 0x00000000156f6000
[0x0000000002f5d4f0] Heap_lock - owner thread: 0x0000000017973800

Heap:
 PSYoungGen      total 71680K, used 66560K [0x00000000eab00000, 0x00000000ef600000, 0x0000000100000000)
  eden space 66560K, 100% used [0x00000000eab00000,0x00000000eec00000,0x00000000eec00000)
  from space 5120K, 0% used [0x00000000eec00000,0x00000000eec00000,0x00000000ef100000)
  to   space 5120K, 0% used [0x00000000ef100000,0x00000000ef100000,0x00000000ef600000)
 ParOldGen       total 87552K, used 87267K [0x00000000c0000000, 0x00000000c5580000, 0x00000000eab00000)
  object space 87552K, 99% used [0x00000000c0000000,0x00000000c5538d90,0x00000000c5580000)
 Metaspace       used 6661K, capacity 7320K, committed 7680K, reserved 1056768K
  class space    used 629K, capacity 656K, committed 768K, reserved 1048576K

Card table byte_map: [0x0000000012420000,0x0000000012630000] byte_map_base: 0x0000000011e20000

Marking Bits: (ParMarkBitMap*) 0x00000000744eb460
 Begin Bits: [0x0000000012b90000, 0x0000000013b90000)
 End Bits:   [0x0000000013b90000, 0x0000000014b90000)

Polling page: 0x0000000001630000

CodeCache: size=245760Kb used=9734Kb max_used=9742Kb free=236025Kb
 bounds [0x0000000003060000, 0x00000000039f0000, 0x0000000012060000]
 total_blobs=2444 nmethods=2172 adapters=185
 compilation: enabled

Compilation events (10 events):
Event: 10.741 Thread 0x0000000015735000 2278       2       java.util.HashMap$ValueIterator::next (8 bytes)
Event: 10.741 Thread 0x0000000015735000 nmethod 2278 0x00000000039ccf50 code [0x00000000039cd0c0, 0x00000000039cd248]
Event: 10.741 Thread 0x0000000015735000 2279       2       com.android.dx.cf.code.Ropper::labelToBlock (52 bytes)
Event: 10.742 Thread 0x0000000015735000 nmethod 2279 0x00000000039cc410 code [0x00000000039cc5e0, 0x00000000039ccb18]
Event: 10.754 Thread 0x0000000015735000 2281       1       java.util.concurrent.ThreadPoolExecutor::beforeExecute (1 bytes)
Event: 10.755 Thread 0x0000000015735000 nmethod 2281 0x00000000039cc150 code [0x00000000039cc2a0, 0x00000000039cc3b0]
Event: 10.756 Thread 0x0000000015735000 2282       1       java.util.concurrent.ThreadPoolExecutor::afterExecute (1 bytes)
Event: 10.756 Thread 0x0000000015735000 nmethod 2282 0x00000000039cbe90 code [0x00000000039cbfe0, 0x00000000039cc0f0]
Event: 10.757 Thread 0x0000000015735000 2283 %     3       com.android.dx.util.Bits::isEmpty @ 5 (26 bytes)
Event: 10.757 Thread 0x0000000015735000 nmethod 2283% 0x00000000039cb910 code [0x00000000039cba80, 0x00000000039cbd30]

GC Heap History (10 events):
Event: 8.026 GC heap after
Heap after GC invocations=15 (full 4):
 PSYoungGen      total 71680K, used 12058K [0x00000000eab00000, 0x00000000ef600000, 0x0000000100000000)
  eden space 66560K, 18% used [0x00000000eab00000,0x00000000eb6c69d8,0x00000000eec00000)
  from space 5120K, 0% used [0x00000000eec00000,0x00000000eec00000,0x00000000ef100000)
  to   space 5120K, 0% used [0x00000000ef100000,0x00000000ef100000,0x00000000ef600000)
 ParOldGen       total 87552K, used 87309K [0x00000000c0000000, 0x00000000c5580000, 0x00000000eab00000)
  object space 87552K, 99% used [0x00000000c0000000,0x00000000c5543790,0x00000000c5580000)
 Metaspace       used 6649K, capacity 7320K, committed 7680K, reserved 1056768K
  class space    used 629K, capacity 656K, committed 768K, reserved 1048576K
}
Event: 8.344 GC heap before
{Heap before GC invocations=16 (full 5):
 PSYoungGen      total 71680K, used 66560K [0x00000000eab00000, 0x00000000ef600000, 0x0000000100000000)
  eden space 66560K, 100% used [0x00000000eab00000,0x00000000eec00000,0x00000000eec00000)
  from space 5120K, 0% used [0x00000000eec00000,0x00000000eec00000,0x00000000ef100000)
  to   space 5120K, 0% used [0x00000000ef100000,0x00000000ef100000,0x00000000ef600000)
 ParOldGen       total 87552K, used 87309K [0x00000000c0000000, 0x00000000c5580000, 0x00000000eab00000)
  object space 87552K, 99% used [0x00000000c0000000,0x00000000c5543790,0x00000000c5580000)
 Metaspace       used 6652K, capacity 7320K, committed 7680K, reserved 1056768K
  class space    used 629K, capacity 656K, committed 768K, reserved 1048576K
Event: 8.705 GC heap after
Heap after GC invocations=16 (full 5):
 PSYoungGen      total 71680K, used 20845K [0x00000000eab00000, 0x00000000ef600000, 0x0000000100000000)
  eden space 66560K, 31% used [0x00000000eab00000,0x00000000ebf5b480,0x00000000eec00000)
  from space 5120K, 0% used [0x00000000eec00000,0x00000000eec00000,0x00000000ef100000)
  to   space 5120K, 0% used [0x00000000ef100000,0x00000000ef100000,0x00000000ef600000)
 ParOldGen       total 87552K, used 87270K [0x00000000c0000000, 0x00000000c5580000, 0x00000000eab00000)
  object space 87552K, 99% used [0x00000000c0000000,0x00000000c5539b40,0x00000000c5580000)
 Metaspace       used 6652K, capacity 7320K, committed 7680K, reserved 1056768K
  class space    used 629K, capacity 656K, committed 768K, reserved 1048576K
}
Event: 8.906 GC heap before
{Heap before GC invocations=17 (full 6):
 PSYoungGen      total 71680K, used 66560K [0x00000000eab00000, 0x00000000ef600000, 0x0000000100000000)
  eden space 66560K, 100% used [0x00000000eab00000,0x00000000eec00000,0x00000000eec00000)
  from space 5120K, 0% used [0x00000000eec00000,0x00000000eec00000,0x00000000ef100000)
  to   space 5120K, 0% used [0x00000000ef100000,0x00000000ef100000,0x00000000ef600000)
 ParOldGen       total 87552K, used 87270K [0x00000000c0000000, 0x00000000c5580000, 0x00000000eab00000)
  object space 87552K, 99% used [0x00000000c0000000,0x00000000c5539b40,0x00000000c5580000)
 Metaspace       used 6652K, capacity 7320K, committed 7680K, reserved 1056768K
  class space    used 629K, capacity 656K, committed 768K, reserved 1048576K
Event: 9.297 GC heap after
Heap after GC invocations=17 (full 6):
 PSYoungGen      total 71680K, used 26552K [0x00000000eab00000, 0x00000000ef600000, 0x0000000100000000)
  eden space 66560K, 39% used [0x00000000eab00000,0x00000000ec4ee108,0x00000000eec00000)
  from space 5120K, 0% used [0x00000000eec00000,0x00000000eec00000,0x00000000ef100000)
  to   space 5120K, 0% used [0x00000000ef100000,0x00000000ef100000,0x00000000ef600000)
 ParOldGen       total 87552K, used 87267K [0x00000000c0000000, 0x00000000c5580000, 0x00000000eab00000)
  object space 87552K, 99% used [0x00000000c0000000,0x00000000c5538e50,0x00000000c5580000)
 Metaspace       used 6652K, capacity 7320K, committed 7680K, reserved 1056768K
  class space    used 629K, capacity 656K, committed 768K, reserved 1048576K
}
Event: 9.468 GC heap before
{Heap before GC invocations=18 (full 7):
 PSYoungGen      total 71680K, used 66560K [0x00000000eab00000, 0x00000000ef600000, 0x0000000100000000)
  eden space 66560K, 100% used [0x00000000eab00000,0x00000000eec00000,0x00000000eec00000)
  from space 5120K, 0% used [0x00000000eec00000,0x00000000eec00000,0x00000000ef100000)
  to   space 5120K, 0% used [0x00000000ef100000,0x00000000ef100000,0x00000000ef600000)
 ParOldGen       total 87552K, used 87267K [0x00000000c0000000, 0x00000000c5580000, 0x00000000eab00000)
  object space 87552K, 99% used [0x00000000c0000000,0x00000000c5538e50,0x00000000c5580000)
 Metaspace       used 6652K, capacity 7320K, committed 7680K, reserved 1056768K
  class space    used 629K, capacity 656K, committed 768K, reserved 1048576K
Event: 9.899 GC heap after
Heap after GC invocations=18 (full 7):
 PSYoungGen      total 71680K, used 31732K [0x00000000eab00000, 0x00000000ef600000, 0x0000000100000000)
  eden space 66560K, 47% used [0x00000000eab00000,0x00000000ec9fd108,0x00000000eec00000)
  from space 5120K, 0% used [0x00000000eec00000,0x00000000eec00000,0x00000000ef100000)
  to   space 5120K, 0% used [0x00000000ef100000,0x00000000ef100000,0x00000000ef600000)
 ParOldGen       total 87552K, used 87267K [0x00000000c0000000, 0x00000000c5580000, 0x00000000eab00000)
  object space 87552K, 99% used [0x00000000c0000000,0x00000000c5538d90,0x00000000c5580000)
 Metaspace       used 6652K, capacity 7320K, committed 7680K, reserved 1056768K
  class space    used 629K, capacity 656K, committed 768K, reserved 1048576K
}
Event: 10.077 GC heap before
{Heap before GC invocations=19 (full 8):
 PSYoungGen      total 71680K, used 66560K [0x00000000eab00000, 0x00000000ef600000, 0x0000000100000000)
  eden space 66560K, 100% used [0x00000000eab00000,0x00000000eec00000,0x00000000eec00000)
  from space 5120K, 0% used [0x00000000eec00000,0x00000000eec00000,0x00000000ef100000)
  to   space 5120K, 0% used [0x00000000ef100000,0x00000000ef100000,0x00000000ef600000)
 ParOldGen       total 87552K, used 87267K [0x00000000c0000000, 0x00000000c5580000, 0x00000000eab00000)
  object space 87552K, 99% used [0x00000000c0000000,0x00000000c5538d90,0x00000000c5580000)
 Metaspace       used 6660K, capacity 7320K, committed 7680K, reserved 1056768K
  class space    used 629K, capacity 656K, committed 768K, reserved 1048576K
Event: 10.531 GC heap after
Heap after GC invocations=19 (full 8):
 PSYoungGen      total 71680K, used 36917K [0x00000000eab00000, 0x00000000ef600000, 0x0000000100000000)
  eden space 66560K, 55% used [0x00000000eab00000,0x00000000ecf0d4b8,0x00000000eec00000)
  from space 5120K, 0% used [0x00000000eec00000,0x00000000eec00000,0x00000000ef100000)
  to   space 5120K, 0% used [0x00000000ef100000,0x00000000ef100000,0x00000000ef600000)
 ParOldGen       total 87552K, used 87267K [0x00000000c0000000, 0x00000000c5580000, 0x00000000eab00000)
  object space 87552K, 99% used [0x00000000c0000000,0x00000000c5538d90,0x00000000c5580000)
 Metaspace       used 6660K, capacity 7320K, committed 7680K, reserved 1056768K
  class space    used 629K, capacity 656K, committed 768K, reserved 1048576K
}
Event: 10.761 GC heap before
{Heap before GC invocations=20 (full 9):
 PSYoungGen      total 71680K, used 66560K [0x00000000eab00000, 0x00000000ef600000, 0x0000000100000000)
  eden space 66560K, 100% used [0x00000000eab00000,0x00000000eec00000,0x00000000eec00000)
  from space 5120K, 0% used [0x00000000eec00000,0x00000000eec00000,0x00000000ef100000)
  to   space 5120K, 0% used [0x00000000ef100000,0x00000000ef100000,0x00000000ef600000)
 ParOldGen       total 87552K, used 87267K [0x00000000c0000000, 0x00000000c5580000, 0x00000000eab00000)
  object space 87552K, 99% used [0x00000000c0000000,0x00000000c5538d90,0x00000000c5580000)
 Metaspace       used 6661K, capacity 7320K, committed 7680K, reserved 1056768K
  class space    used 629K, capacity 656K, committed 768K, reserved 1048576K

Deoptimization events (10 events):
Event: 3.206 Thread 0x0000000017973000 Uncommon trap: reason=class_check action=maybe_recompile pc=0x00000000037e9400 method=com.android.dx.cf.code.BytecodeArray.parseInstruction(ILcom/android/dx/cf/code/BytecodeArray$Visitor;)I @ 1258
Event: 4.330 Thread 0x0000000017632800 Uncommon trap: reason=class_check action=maybe_recompile pc=0x00000000038a5c28 method=com.android.dx.cf.code.BytecodeArray.parseInstruction(ILcom/android/dx/cf/code/BytecodeArray$Visitor;)I @ 1327
Event: 4.598 Thread 0x0000000002f5d800 Uncommon trap: reason=class_check action=maybe_recompile pc=0x00000000038a5c28 method=com.android.dx.cf.code.BytecodeArray.parseInstruction(ILcom/android/dx/cf/code/BytecodeArray$Visitor;)I @ 1327
Event: 6.649 Thread 0x0000000017632800 Uncommon trap: reason=class_check action=maybe_recompile pc=0x000000000391387c method=com.android.dx.cf.code.BytecodeArray.parseInstruction(ILcom/android/dx/cf/code/BytecodeArray$Visitor;)I @ 2032
Event: 6.649 Thread 0x0000000017632800 Uncommon trap: reason=class_check action=maybe_recompile pc=0x000000000391387c method=com.android.dx.cf.code.BytecodeArray.parseInstruction(ILcom/android/dx/cf/code/BytecodeArray$Visitor;)I @ 2032
Event: 8.251 Thread 0x0000000017973000 Uncommon trap: reason=bimorphic action=maybe_recompile pc=0x00000000038ccf1c method=com.android.dx.rop.code.RegisterSpec.getFrameType()Lcom/android/dx/rop/type/TypeBearer; @ 4
Event: 8.322 Thread 0x0000000017632800 Uncommon trap: reason=bimorphic action=maybe_recompile pc=0x00000000038ccf1c method=com.android.dx.rop.code.RegisterSpec.getFrameType()Lcom/android/dx/rop/type/TypeBearer; @ 4
Event: 9.919 Thread 0x0000000017632800 Uncommon trap: reason=class_check action=maybe_recompile pc=0x000000000397281c method=com.android.dx.cf.code.BytecodeArray.parseInstruction(ILcom/android/dx/cf/code/BytecodeArray$Visitor;)I @ 1003
Event: 9.922 Thread 0x0000000017632800 Uncommon trap: reason=class_check action=maybe_recompile pc=0x000000000397281c method=com.android.dx.cf.code.BytecodeArray.parseInstruction(ILcom/android/dx/cf/code/BytecodeArray$Visitor;)I @ 1003
Event: 10.001 Thread 0x0000000017632800 Uncommon trap: reason=bimorphic action=maybe_recompile pc=0x00000000038ccf1c method=com.android.dx.rop.code.RegisterSpec.getFrameType()Lcom/android/dx/rop/type/TypeBearer; @ 4

Internal exceptions (10 events):
Event: 1.317 Thread 0x0000000017974800 Implicit null exception at 0x00000000033a34e2 to 0x00000000033a35e1
Event: 1.370 Thread 0x0000000017973000 Exception <a 'java/security/PrivilegedActionException'> (0x00000000eaeffea0) thrown at [D:\re\workspace\8-2-build-windows-amd64-cygwin\jdk8u20\1074\hotspot\src\share\vm\prims\jvm.cpp, line 1275]
Event: 1.718 Thread 0x0000000017632800 Exception <a 'java/security/PrivilegedActionException'> (0x00000000eca165b0) thrown at [D:\re\workspace\8-2-build-windows-amd64-cygwin\jdk8u20\1074\hotspot\src\share\vm\prims\jvm.cpp, line 1275]
Event: 2.013 Thread 0x0000000017974800 Implicit null exception at 0x00000000035f40b8 to 0x00000000035f4305
Event: 2.093 Thread 0x0000000002f5d800 Exception <a 'java/security/PrivilegedActionException'> (0x00000000eacb9110) thrown at [D:\re\workspace\8-2-build-windows-amd64-cygwin\jdk8u20\1074\hotspot\src\share\vm\prims\jvm.cpp, line 1275]
Event: 2.164 Thread 0x0000000002f5d800 Exception <a 'java/lang/ArrayIndexOutOfBoundsException': 18> (0x00000000ebcb45f0) thrown at [D:\re\workspace\8-2-build-windows-amd64-cygwin\jdk8u20\1074\hotspot\src\share\vm\interpreter\interpreterRuntime.cpp, line 366]
Event: 2.164 Thread 0x0000000002f5d800 Exception <a 'java/lang/ArrayIndexOutOfBoundsException'> (0x00000000ebcb6088) thrown at [D:\re\workspace\8-2-build-windows-amd64-cygwin\jdk8u20\1074\hotspot\src\share\vm\runtime\sharedRuntime.cpp, line 604]
Event: 2.165 Thread 0x0000000002f5d800 Exception <a 'java/lang/ArrayIndexOutOfBoundsException'> (0x00000000ebcb72a0) thrown at [D:\re\workspace\8-2-build-windows-amd64-cygwin\jdk8u20\1074\hotspot\src\share\vm\runtime\sharedRuntime.cpp, line 604]
Event: 2.740 Thread 0x0000000017973000 Exception <a 'java/security/PrivilegedActionException'> (0x00000000ecd6f478) thrown at [D:\re\workspace\8-2-build-windows-amd64-cygwin\jdk8u20\1074\hotspot\src\share\vm\prims\jvm.cpp, line 1275]
Event: 5.954 Thread 0x0000000002f5d800 Exception <a 'java/security/PrivilegedActionException'> (0x00000000ece51b68) thrown at [D:\re\workspace\8-2-build-windows-amd64-cygwin\jdk8u20\1074\hotspot\src\share\vm\prims\jvm.cpp, line 1275]

Events (10 events):
Event: 9.922 Thread 0x0000000017632800 DEOPT PACKING pc=0x000000000397281c sp=0x0000000018e6e810
Event: 9.922 Thread 0x0000000017632800 DEOPT UNPACKING pc=0x00000000030a556a sp=0x0000000018e6e7c0 mode 2
Event: 10.001 Thread 0x0000000017632800 Uncommon trap: trap_request=0xffffffc6 fr.pc=0x00000000038ccf1c
Event: 10.001 Thread 0x0000000017632800 DEOPT PACKING pc=0x00000000038ccf1c sp=0x0000000018e6dd50
Event: 10.001 Thread 0x0000000017632800 DEOPT UNPACKING pc=0x00000000030a556a sp=0x0000000018e6dc20 mode 2
Event: 10.076 Executing VM operation: ParallelGCFailedAllocation
Event: 10.531 Executing VM operation: ParallelGCFailedAllocation done
Event: 10.725 Thread 0x0000000017632800 DEOPT PACKING pc=0x000000000370f46a sp=0x0000000018e6ecb0
Event: 10.725 Thread 0x0000000017632800 DEOPT UNPACKING pc=0x00000000030a75bf sp=0x0000000018e6eae0 mode 0
Event: 10.761 Executing VM operation: ParallelGCFailedAllocation


Dynamic libraries:
0x00007ff666c40000 - 0x00007ff666c74000 	C:\Program Files\Java\jdk1.8.0_20\bin\java.exe
0x00007ff8604a0000 - 0x00007ff860661000 	C:\WINDOWS\SYSTEM32\ntdll.dll
0x00007ff85e790000 - 0x00007ff85e83d000 	C:\WINDOWS\system32\KERNEL32.DLL
0x00007ff85ce80000 - 0x00007ff85d068000 	C:\WINDOWS\system32\KERNELBASE.dll
0x00007ff85ee90000 - 0x00007ff85ef37000 	C:\WINDOWS\system32\ADVAPI32.dll
0x00007ff85e170000 - 0x00007ff85e20d000 	C:\WINDOWS\system32\msvcrt.dll
0x00007ff85e320000 - 0x00007ff85e37b000 	C:\WINDOWS\system32\sechost.dll
0x00007ff85e380000 - 0x00007ff85e49c000 	C:\WINDOWS\system32\RPCRT4.dll
0x00007ff85dda0000 - 0x00007ff85def6000 	C:\WINDOWS\system32\USER32.dll
0x00007ff85db00000 - 0x00007ff85dc86000 	C:\WINDOWS\system32\GDI32.dll
0x00007ff8532f0000 - 0x00007ff853564000 	C:\WINDOWS\WinSxS\amd64_microsoft.windows.common-controls_6595b64144ccf1df_6.0.10586.589_none_a2ddb3caa539acce\COMCTL32.dll
0x00007ff85d880000 - 0x00007ff85dafd000 	C:\WINDOWS\system32\combase.dll
0x00007ff85d810000 - 0x00007ff85d87a000 	C:\WINDOWS\system32\bcryptPrimitives.dll
0x00007ff85e210000 - 0x00007ff85e24b000 	C:\WINDOWS\system32\IMM32.DLL
0x0000000074570000 - 0x0000000074642000 	C:\Program Files\Java\jdk1.8.0_20\jre\bin\msvcr100.dll
0x0000000073d10000 - 0x0000000074568000 	C:\Program Files\Java\jdk1.8.0_20\jre\bin\server\jvm.dll
0x00007ff85df00000 - 0x00007ff85df08000 	C:\WINDOWS\system32\PSAPI.DLL
0x00007ff85b1a0000 - 0x00007ff85b1c3000 	C:\WINDOWS\SYSTEM32\WINMM.dll
0x00007ff850930000 - 0x00007ff850939000 	C:\WINDOWS\SYSTEM32\WSOCK32.dll
0x00007ff85e660000 - 0x00007ff85e6cb000 	C:\WINDOWS\system32\WS2_32.dll
0x00007ff85b170000 - 0x00007ff85b19c000 	C:\WINDOWS\SYSTEM32\WINMMBASE.dll
0x00007ff85cb30000 - 0x00007ff85cb73000 	C:\WINDOWS\system32\cfgmgr32.dll
0x0000000073d00000 - 0x0000000073d0f000 	C:\Program Files\Java\jdk1.8.0_20\jre\bin\verify.dll
0x0000000073cd0000 - 0x0000000073cf8000 	C:\Program Files\Java\jdk1.8.0_20\jre\bin\java.dll
0x0000000073cb0000 - 0x0000000073cc6000 	C:\Program Files\Java\jdk1.8.0_20\jre\bin\zip.dll
0x00007ff85ef40000 - 0x00007ff86049c000 	C:\WINDOWS\system32\SHELL32.dll
0x00007ff85d1c0000 - 0x00007ff85d805000 	C:\WINDOWS\system32\windows.storage.dll
0x00007ff85e730000 - 0x00007ff85e782000 	C:\WINDOWS\system32\shlwapi.dll
0x00007ff85caa0000 - 0x00007ff85caaf000 	C:\WINDOWS\system32\kernel.appcore.dll
0x00007ff85d100000 - 0x00007ff85d1b5000 	C:\WINDOWS\system32\shcore.dll
0x00007ff85cab0000 - 0x00007ff85cafb000 	C:\WINDOWS\system32\powrprof.dll
0x00007ff85cb00000 - 0x00007ff85cb14000 	C:\WINDOWS\system32\profapi.dll
0x0000000073c90000 - 0x0000000073caa000 	C:\Program Files\Java\jdk1.8.0_20\jre\bin\net.dll
0x00007ff85c370000 - 0x00007ff85c3cc000 	C:\WINDOWS\system32\mswsock.dll
0x00007ff8560c0000 - 0x00007ff8560f8000 	C:\WINDOWS\SYSTEM32\IPHLPAPI.DLL
0x00007ff85e160000 - 0x00007ff85e168000 	C:\WINDOWS\system32\NSI.dll
0x00007ff854d20000 - 0x00007ff854d36000 	C:\WINDOWS\SYSTEM32\dhcpcsvc6.DLL
0x00007ff8558e0000 - 0x00007ff8558fa000 	C:\WINDOWS\SYSTEM32\dhcpcsvc.DLL
0x00007ff851850000 - 0x00007ff8519dc000 	C:\WINDOWS\SYSTEM32\dbghelp.dll

VM Arguments:
jvm_args: -Djava.awt.headless=true -Xmx1024M -Dfile.encoding=windows-1252 -Duser.country=US -Duser.language=en -Duser.variant 
java_command: com.android.dx.command.Main --dex --num-threads=4 --multi-dex --main-dex-list C:\Users\admin\Documents\GitHub\ShaneelSD\SoftwareDesign\FindMeTutor\FindMeTutor\tutor_app\build\intermediates\multi-dex\debug\maindexlist.txt --output C:\Users\admin\Documents\GitHub\ShaneelSD\SoftwareDesign\FindMeTutor\FindMeTutor\tutor_app\build\intermediates\transforms\dex\debug\folders\1000\1f\main C:\Users\admin\Documents\GitHub\ShaneelSD\SoftwareDesign\FindMeTutor\FindMeTutor\tutor_app\build\intermediates\transforms\jarMerging\debug\jars\1\1f\combined.jar
java_class_path (initial): C:\Users\admin\AppData\Local\Android\sdk\build-tools\24.0.1\lib\dx.jar
Launcher Type: SUN_STANDARD

Environment Variables:
PATH=C:\ProgramData\Oracle\Java\javapath;C:\Program Files (x86)\Intel\iCLS Client\;C:\Program Files\Intel\iCLS Client\;C:\WINDOWS\system32;C:\WINDOWS;C:\WINDOWS\System32\Wbem;C:\WINDOWS\System32\WindowsPowerShell\v1.0\;C:\Program Files\Intel\Intel(R) Management Engine Components\DAL;C:\Program Files\Intel\Intel(R) Management Engine Components\IPT;C:\Program Files (x86)\Intel\Intel(R) Management Engine Components\DAL;C:\Program Files (x86)\Intel\Intel(R) Management Engine Components\IPT;C:\Program Files\WIDCOMM\Bluetooth Software\;C:\Program Files\WIDCOMM\Bluetooth Software\syswow64;C:\Program Files (x86)\Intel\OpenCL SDK\2.0\bin\x86;C:\Program Files (x86)\Intel\OpenCL SDK\2.0\bin\x64;C:\Program Files\Intel\WiFi\bin\;C:\Program Files\Common Files\Intel\WirelessCommon\;c:\Program Files (x86)\Microsoft SQL Server\100\Tools\Binn\;c:\Program Files\Microsoft SQL Server\100\Tools\Binn\;c:\Program Files\Microsoft SQL Server\100\DTS\Binn\;C:\Program Files (x86)\MySQL\MySQL Fabric 1.5.4 & MySQL Utilities 1.5.4 1.5\;C:\Program Files (x86)\MySQL\MySQL Fabric 1.5.4 & MySQL Utilities 1.5.4 1.5\Doctrine extensions for PHP\;C:\Program Files (x86)\Borland\Delphi7\Bin;C:\Program Files (x86)\Borland\Delphi7\Projects\Bpl;C:\Program Files (x86)\Borland\Delphi7\Rave5;C:\Program Files\Git\cmd;C:\Program Files (x86)\OpenVPN\bin;C:\Program Files\Intel\WiFi\bin\;C:\Program Files\Common Files\Intel\WirelessCommon\
USERNAME=admin
OS=Windows_NT
PROCESSOR_IDENTIFIER=Intel64 Family 6 Model 58 Stepping 9, GenuineIntel



---------------  S Y S T E M  ---------------

OS: Windows 8.1 , 64 bit Build 9600 

CPU:total 4 (2 cores per cpu, 2 threads per core) family 6 model 58 stepping 9, cmov, cx8, fxsr, mmx, sse, sse2, sse3, ssse3, sse4.1, sse4.2, popcnt, avx, aes, clmul, erms, ht, tsc, tscinvbit, tscinv

Memory: 4k page, physical 8258576k(1758676k free), swap 10306576k(35156k free)

vm_info: Java HotSpot(TM) 64-Bit Server VM (25.20-b23) for windows-amd64 JRE (1.8.0_20-b26), built on Jul 30 2014 13:51:23 by "java_re" with MS VC++ 10.0 (VS2010)

time: Wed Oct 26 15:41:30 2016
elapsed time: 10 seconds (0d 0h 0m 10s)

