#
# There is insufficient memory for the Java Runtime Environment to continue.
# Native memory allocation (malloc) failed to allocate 341856 bytes for Chunk::new
# Possible reasons:
#   The system is out of physical RAM or swap space
#   In 32 bit mode, the process size limit was hit
# Possible solutions:
#   Reduce memory load on the system
#   Increase physical memory or swap space
#   Check if swap backing store is full
#   Use 64 bit Java on a 64 bit OS
#   Decrease Java heap size (-Xmx/-Xms)
#   Decrease number of Java threads
#   Decrease Java thread stack sizes (-Xss)
#   Set larger code cache with -XX:ReservedCodeCacheSize=
# This output file may be truncated or incomplete.
#
#  Out of Memory Error (allocation.cpp:390), pid=12864, tid=11444
#
# JRE version: Java(TM) SE Runtime Environment (8.0_20-b26) (build 1.8.0_20-b26)
# Java VM: Java HotSpot(TM) 64-Bit Server VM (25.20-b23 mixed mode windows-amd64 compressed oops)
# Failed to write core dump. Minidumps are not enabled by default on client versions of Windows
#

---------------  T H R E A D  ---------------

Current thread (0x0000000014a9a800):  JavaThread "C2 CompilerThread0" daemon [_thread_in_native, id=11444, stack(0x0000000016010000,0x0000000016110000)]

Stack: [0x0000000016010000,0x0000000016110000]
Native frames: (J=compiled Java code, j=interpreted, Vv=VM code, C=native code)
V  [jvm.dll+0x3152fa]


Current CompileTask:
C2:    701  750   !   4       com.android.dx.rop.code.RegisterSpec::intern (70 bytes)


---------------  P R O C E S S  ---------------

Java Threads: ( => current thread )
  0x000000001679f000 JavaThread "pool-2-thread-2" [_thread_in_vm, id=10972, stack(0x0000000016b10000,0x0000000016c10000)]
  0x0000000016661800 JavaThread "pool-3-thread-1" [_thread_blocked, id=6724, stack(0x0000000016a10000,0x0000000016b10000)]
  0x000000001664f000 JavaThread "pool-2-thread-1" [_thread_blocked, id=1916, stack(0x0000000016910000,0x0000000016a10000)]
  0x0000000014ae8800 JavaThread "Service Thread" daemon [_thread_blocked, id=8456, stack(0x0000000016310000,0x0000000016410000)]
  0x0000000014ae5000 JavaThread "C1 CompilerThread2" daemon [_thread_blocked, id=11064, stack(0x0000000016210000,0x0000000016310000)]
  0x0000000014a8a800 JavaThread "C2 CompilerThread1" daemon [_thread_in_native, id=10188, stack(0x0000000016110000,0x0000000016210000)]
=>0x0000000014a9a800 JavaThread "C2 CompilerThread0" daemon [_thread_in_native, id=11444, stack(0x0000000016010000,0x0000000016110000)]
  0x0000000014a98000 JavaThread "Attach Listener" daemon [_thread_blocked, id=9936, stack(0x0000000015f10000,0x0000000016010000)]
  0x0000000014a97000 JavaThread "Signal Dispatcher" daemon [_thread_blocked, id=7696, stack(0x0000000015e10000,0x0000000015f10000)]
  0x00000000023b0000 JavaThread "Finalizer" daemon [_thread_blocked, id=9696, stack(0x0000000015d10000,0x0000000015e10000)]
  0x00000000023ad000 JavaThread "Reference Handler" daemon [_thread_blocked, id=3524, stack(0x0000000015c10000,0x0000000015d10000)]
  0x000000000212d800 JavaThread "main" [_thread_blocked, id=4356, stack(0x00000000021c0000,0x00000000022c0000)]

Other Threads:
  0x0000000014a56000 VMThread [stack: 0x0000000015b10000,0x0000000015c10000] [id=12616]
  0x0000000014aeb800 WatcherThread [stack: 0x0000000016410000,0x0000000016510000] [id=6752]

VM state:not at safepoint (normal execution)

VM Mutex/Monitor currently owned by a thread:  ([mutex/lock_event])
[0x00000000022c1ad0] MethodData_lock - owner thread: 0x000000001679f000

Heap:
 PSYoungGen      total 38400K, used 15628K [0x00000000eab00000, 0x00000000ed580000, 0x0000000100000000)
  eden space 33280K, 46% used [0x00000000eab00000,0x00000000eba431e8,0x00000000ecb80000)
  from space 5120K, 0% used [0x00000000ed080000,0x00000000ed080000,0x00000000ed580000)
  to   space 5120K, 0% used [0x00000000ecb80000,0x00000000ecb80000,0x00000000ed080000)
 ParOldGen       total 87552K, used 0K [0x00000000c0000000, 0x00000000c5580000, 0x00000000eab00000)
  object space 87552K, 0% used [0x00000000c0000000,0x00000000c0000000,0x00000000c5580000)
 Metaspace       used 5585K, capacity 6640K, committed 6784K, reserved 1056768K
  class space    used 586K, capacity 616K, committed 640K, reserved 1048576K

Card table byte_map: [0x0000000011780000,0x0000000011990000] byte_map_base: 0x0000000011180000

Marking Bits: (ParMarkBitMap*) 0x000000006219b460
 Begin Bits: [0x0000000011ef0000, 0x0000000012ef0000)
 End Bits:   [0x0000000012ef0000, 0x0000000013ef0000)

Polling page: 0x0000000000990000

CodeCache: size=245760Kb used=2858Kb max_used=2858Kb free=242901Kb
 bounds [0x00000000023c0000, 0x00000000026a0000, 0x00000000113c0000]
 total_blobs=996 nmethods=732 adapters=178
 compilation: enabled

Compilation events (10 events):
Event: 0.681 Thread 0x0000000014a9a800 nmethod 735 0x0000000002665950 code [0x0000000002665a80, 0x0000000002665b18]
Event: 0.682 Thread 0x0000000014ae5000 nmethod 738 0x0000000002686910 code [0x0000000002686ac0, 0x00000000026873a8]
Event: 0.682 Thread 0x0000000014ae5000  519       1       com.android.dx.rop.type.Prototype::getParameterTypes (5 bytes)
Event: 0.682 Thread 0x0000000014ae5000 nmethod 519 0x0000000002684a50 code [0x0000000002684ba0, 0x0000000002684cb0]
Event: 0.682 Thread 0x0000000014ae5000  745       3       com.android.dx.cf.code.RopperMachine::getSources (264 bytes)
Event: 0.682 Thread 0x0000000014a9a800  749       4       com.android.dx.rop.type.Type::equals (31 bytes)
Event: 0.683 Thread 0x0000000014a9a800 nmethod 749 0x0000000002686550 code [0x00000000026866a0, 0x0000000002686818]
Event: 0.683 Thread 0x0000000014a9a800  750   !   4       com.android.dx.rop.code.RegisterSpec::intern (70 bytes)
Event: 0.685 Thread 0x0000000014ae5000 nmethod 745 0x0000000002688e50 code [0x0000000002689400, 0x000000000268db98]
Event: 0.685 Thread 0x0000000014ae5000  746       3       com.android.dx.cf.code.BaseMachine::storeResults (90 bytes)

GC Heap History (0 events):
No events

Deoptimization events (2 events):
Event: 0.641 Thread 0x00000000167a0000 Uncommon trap: reason=bimorphic action=maybe_recompile pc=0x0000000002621178 method=java.util.HashMap.getNode(ILjava/lang/Object;)Ljava/util/HashMap$Node; @ 126
Event: 0.641 Thread 0x00000000167a0000 Uncommon trap: reason=bimorphic action=maybe_recompile pc=0x0000000002621178 method=java.util.HashMap.getNode(ILjava/lang/Object;)Ljava/util/HashMap$Node; @ 126

Internal exceptions (10 events):
Event: 0.497 Thread 0x00000000167a0000 Exception <a 'java/security/PrivilegedActionException'> (0x00000000eb4f7d30) thrown at [D:\re\workspace\8-2-build-windows-amd64-cygwin\jdk8u20\1074\hotspot\src\share\vm\prims\jvm.cpp, line 1275]
Event: 0.497 Thread 0x00000000167a0000 Exception <a 'java/security/PrivilegedActionException'> (0x00000000eb4fd770) thrown at [D:\re\workspace\8-2-build-windows-amd64-cygwin\jdk8u20\1074\hotspot\src\share\vm\prims\jvm.cpp, line 1275]
Event: 0.499 Thread 0x00000000167a0000 Exception <a 'java/security/PrivilegedActionException'> (0x00000000eb5063f0) thrown at [D:\re\workspace\8-2-build-windows-amd64-cygwin\jdk8u20\1074\hotspot\src\share\vm\prims\jvm.cpp, line 1275]
Event: 0.499 Thread 0x00000000167a0000 Exception <a 'java/security/PrivilegedActionException'> (0x00000000eb50b878) thrown at [D:\re\workspace\8-2-build-windows-amd64-cygwin\jdk8u20\1074\hotspot\src\share\vm\prims\jvm.cpp, line 1275]
Event: 0.500 Thread 0x000000001664f000 Exception <a 'java/security/PrivilegedActionException'> (0x00000000eb67aa38) thrown at [D:\re\workspace\8-2-build-windows-amd64-cygwin\jdk8u20\1074\hotspot\src\share\vm\prims\jvm.cpp, line 1275]
Event: 0.510 Thread 0x00000000167a0000 Exception <a 'java/security/PrivilegedActionException'> (0x00000000eb5258e0) thrown at [D:\re\workspace\8-2-build-windows-amd64-cygwin\jdk8u20\1074\hotspot\src\share\vm\prims\jvm.cpp, line 1275]
Event: 0.516 Thread 0x00000000167a1000 Exception <a 'java/security/PrivilegedActionException'> (0x00000000eb3be6b0) thrown at [D:\re\workspace\8-2-build-windows-amd64-cygwin\jdk8u20\1074\hotspot\src\share\vm\prims\jvm.cpp, line 1275]
Event: 0.531 Thread 0x00000000167a1000 Exception <a 'java/security/PrivilegedActionException'> (0x00000000eb3d90a8) thrown at [D:\re\workspace\8-2-build-windows-amd64-cygwin\jdk8u20\1074\hotspot\src\share\vm\prims\jvm.cpp, line 1275]
Event: 0.537 Thread 0x000000001679f000 Exception <a 'java/security/PrivilegedActionException'> (0x00000000eb5cc280) thrown at [D:\re\workspace\8-2-build-windows-amd64-cygwin\jdk8u20\1074\hotspot\src\share\vm\prims\jvm.cpp, line 1275]
Event: 0.612 Thread 0x00000000167a0000 Exception <a 'java/security/PrivilegedActionException'> (0x00000000eb83cec0) thrown at [D:\re\workspace\8-2-build-windows-amd64-cygwin\jdk8u20\1074\hotspot\src\share\vm\prims\jvm.cpp, line 1275]

Events (10 events):
Event: 0.641 Thread 0x00000000167a0000 Uncommon trap: trap_request=0xffffffc6 fr.pc=0x0000000002621178
Event: 0.641 Thread 0x00000000167a0000 DEOPT PACKING pc=0x0000000002621178 sp=0x0000000016d0ee40
Event: 0.641 Thread 0x00000000167a0000 DEOPT UNPACKING pc=0x000000000240556a sp=0x0000000016d0ed68 mode 2
Event: 0.651 loading class java/util/ArrayList$1
Event: 0.652 loading class java/util/ArrayList$1 done
Event: 0.656 loading class java/util/TreeMap$EntrySet
Event: 0.656 loading class java/util/TreeMap$EntrySet done
Event: 0.657 loading class java/util/TreeMap$EntryIterator
Event: 0.657 loading class java/util/TreeMap$EntryIterator done
Event: 0.662 Thread 0x00000000167a0000 Thread exited: 0x00000000167a0000


Dynamic libraries:
0x00007ff7b3920000 - 0x00007ff7b3954000 	C:\Program Files\Java\jdk1.8.0_20\bin\java.exe
0x00007ffd0d350000 - 0x00007ffd0d511000 	C:\WINDOWS\SYSTEM32\ntdll.dll
0x00007ffd0ca30000 - 0x00007ffd0cadd000 	C:\WINDOWS\system32\KERNEL32.DLL
0x00007ffd09c60000 - 0x00007ffd09e48000 	C:\WINDOWS\system32\KERNELBASE.dll
0x00007ffd0d0b0000 - 0x00007ffd0d157000 	C:\WINDOWS\system32\ADVAPI32.dll
0x00007ffd0c750000 - 0x00007ffd0c7ed000 	C:\WINDOWS\system32\msvcrt.dll
0x00007ffd0d1a0000 - 0x00007ffd0d1fb000 	C:\WINDOWS\system32\sechost.dll
0x00007ffd0c510000 - 0x00007ffd0c62c000 	C:\WINDOWS\system32\RPCRT4.dll
0x00007ffd0c850000 - 0x00007ffd0c9a6000 	C:\WINDOWS\system32\USER32.dll
0x00007ffd0caf0000 - 0x00007ffd0cc76000 	C:\WINDOWS\system32\GDI32.dll
0x00007ffcfda20000 - 0x00007ffcfdc94000 	C:\WINDOWS\WinSxS\amd64_microsoft.windows.common-controls_6595b64144ccf1df_6.0.10586.589_none_a2ddb3caa539acce\COMCTL32.dll
0x00007ffd0ad30000 - 0x00007ffd0afad000 	C:\WINDOWS\system32\combase.dll
0x00007ffd09f90000 - 0x00007ffd09ffa000 	C:\WINDOWS\system32\bcryptPrimitives.dll
0x00007ffd0d160000 - 0x00007ffd0d19b000 	C:\WINDOWS\system32\IMM32.DLL
0x0000000062220000 - 0x00000000622f2000 	C:\Program Files\Java\jdk1.8.0_20\jre\bin\msvcr100.dll
0x00000000619c0000 - 0x0000000062218000 	C:\Program Files\Java\jdk1.8.0_20\jre\bin\server\jvm.dll
0x00007ffd0cae0000 - 0x00007ffd0cae8000 	C:\WINDOWS\system32\PSAPI.DLL
0x00007ffcff5e0000 - 0x00007ffcff5e9000 	C:\WINDOWS\SYSTEM32\WSOCK32.dll
0x00007ffd07de0000 - 0x00007ffd07e03000 	C:\WINDOWS\SYSTEM32\WINMM.dll
0x00007ffd0c9b0000 - 0x00007ffd0ca1b000 	C:\WINDOWS\system32\WS2_32.dll
0x00007ffd07d80000 - 0x00007ffd07dac000 	C:\WINDOWS\SYSTEM32\WINMMBASE.dll
0x00007ffd09e50000 - 0x00007ffd09e93000 	C:\WINDOWS\system32\cfgmgr32.dll
0x00000000619b0000 - 0x00000000619bf000 	C:\Program Files\Java\jdk1.8.0_20\jre\bin\verify.dll
0x0000000061980000 - 0x00000000619a8000 	C:\Program Files\Java\jdk1.8.0_20\jre\bin\java.dll
0x0000000061960000 - 0x0000000061976000 	C:\Program Files\Java\jdk1.8.0_20\jre\bin\zip.dll
0x00007ffd0afb0000 - 0x00007ffd0c50c000 	C:\WINDOWS\system32\SHELL32.dll
0x00007ffd0a020000 - 0x00007ffd0a665000 	C:\WINDOWS\system32\windows.storage.dll
0x00007ffd0c7f0000 - 0x00007ffd0c842000 	C:\WINDOWS\system32\shlwapi.dll
0x00007ffd099d0000 - 0x00007ffd099df000 	C:\WINDOWS\system32\kernel.appcore.dll
0x00007ffd0a670000 - 0x00007ffd0a725000 	C:\WINDOWS\system32\shcore.dll
0x00007ffd09980000 - 0x00007ffd099cb000 	C:\WINDOWS\system32\powrprof.dll
0x00007ffd09960000 - 0x00007ffd09974000 	C:\WINDOWS\system32\profapi.dll
0x00007ffd00650000 - 0x00007ffd007dc000 	C:\WINDOWS\SYSTEM32\dbghelp.dll

VM Arguments:
jvm_args: -Djava.awt.headless=true -Xmx1024M -Dfile.encoding=windows-1252 -Duser.country=US -Duser.language=en -Duser.variant 
java_command: com.android.dx.command.Main --dex --force-jumbo --num-threads=4 --multi-dex --output C:\Users\admin\Documents\GitHub\ShaneelSD\SoftwareDesign\FindMeTutor\FindMeTutor\tutor_app\build\intermediates\transforms\dex\debug\folders\1000\10\com.android.support-multidex-1.0.1_3806781484d3dab4ae212ffc99a788460c11e5b8 C:\Users\admin\Documents\GitHub\ShaneelSD\SoftwareDesign\FindMeTutor\FindMeTutor\tutor_app\build\intermediates\exploded-aar\com.android.support\multidex\1.0.1\jars\classes.jar
java_class_path (initial): C:\Users\admin\AppData\Local\Android\sdk\build-tools\24.0.1\lib\dx.jar
Launcher Type: SUN_STANDARD

Environment Variables:
PATH=C:\ProgramData\Oracle\Java\javapath;C:\Program Files (x86)\Intel\iCLS Client\;C:\Program Files\Intel\iCLS Client\;C:\WINDOWS\system32;C:\WINDOWS;C:\WINDOWS\System32\Wbem;C:\WINDOWS\System32\WindowsPowerShell\v1.0\;C:\Program Files\Intel\Intel(R) Management Engine Components\DAL;C:\Program Files\Intel\Intel(R) Management Engine Components\IPT;C:\Program Files (x86)\Intel\Intel(R) Management Engine Components\DAL;C:\Program Files (x86)\Intel\Intel(R) Management Engine Components\IPT;C:\Program Files\WIDCOMM\Bluetooth Software\;C:\Program Files\WIDCOMM\Bluetooth Software\syswow64;C:\Program Files (x86)\Intel\OpenCL SDK\2.0\bin\x86;C:\Program Files (x86)\Intel\OpenCL SDK\2.0\bin\x64;C:\Program Files\Intel\WiFi\bin\;C:\Program Files\Common Files\Intel\WirelessCommon\;c:\Program Files (x86)\Microsoft SQL Server\100\Tools\Binn\;c:\Program Files\Microsoft SQL Server\100\Tools\Binn\;c:\Program Files\Microsoft SQL Server\100\DTS\Binn\;C:\Program Files (x86)\MySQL\MySQL Fabric 1.5.4 & MySQL Utilities 1.5.4 1.5\;C:\Program Files (x86)\MySQL\MySQL Fabric 1.5.4 & MySQL Utilities 1.5.4 1.5\Doctrine extensions for PHP\;C:\Program Files (x86)\Borland\Delphi7\Bin;C:\Program Files (x86)\Borland\Delphi7\Projects\Bpl;C:\Program Files (x86)\Borland\Delphi7\Rave5;C:\Program Files\Git\cmd;C:\Program Files\Intel\WiFi\bin\;C:\Program Files\Common Files\Intel\WirelessCommon\
USERNAME=admin
OS=Windows_NT
PROCESSOR_IDENTIFIER=Intel64 Family 6 Model 58 Stepping 9, GenuineIntel



---------------  S Y S T E M  ---------------

OS: Windows 8.1 , 64 bit Build 9600 

CPU:total 4 (2 cores per cpu, 2 threads per core) family 6 model 58 stepping 9, cmov, cx8, fxsr, mmx, sse, sse2, sse3, ssse3, sse4.1, sse4.2, popcnt, avx, aes, clmul, erms, ht, tsc, tscinvbit, tscinv

Memory: 4k page, physical 8258576k(1793488k free), swap 10306576k(5132k free)

vm_info: Java HotSpot(TM) 64-Bit Server VM (25.20-b23) for windows-amd64 JRE (1.8.0_20-b26), built on Jul 30 2014 13:51:23 by "java_re" with MS VC++ 10.0 (VS2010)

time: Mon Oct 03 15:07:08 2016
elapsed time: 0 seconds (0d 0h 0m 0s)

