#
# There is insufficient memory for the Java Runtime Environment to continue.
# Native memory allocation (malloc) failed to allocate 131088 bytes for Chunk::new
# Possible reasons:
#   The system is out of physical RAM or swap space
#   In 32 bit mode, the process size limit was hit
# Possible solutions:
#   Reduce memory load on the system
#   Increase physical memory or swap space
#   Check if swap backing store is full
#   Use 64 bit Java on a 64 bit OS
#   Decrease Java heap size (-Xmx/-Xms)
#   Decrease number of Java threads
#   Decrease Java thread stack sizes (-Xss)
#   Set larger code cache with -XX:ReservedCodeCacheSize=
# This output file may be truncated or incomplete.
#
#  Out of Memory Error (allocation.cpp:390), pid=14412, tid=13108
#
# JRE version: Java(TM) SE Runtime Environment (8.0_20-b26) (build 1.8.0_20-b26)
# Java VM: Java HotSpot(TM) 64-Bit Server VM (25.20-b23 mixed mode windows-amd64 compressed oops)
# Failed to write core dump. Minidumps are not enabled by default on client versions of Windows
#

---------------  T H R E A D  ---------------

Current thread (0x00000000152e1800):  JavaThread "C2 CompilerThread1" daemon [_thread_in_native, id=13108, stack(0x00000000168e0000,0x00000000169e0000)]

Stack: [0x00000000168e0000,0x00000000169e0000]
Native frames: (J=compiled Java code, j=interpreted, Vv=VM code, C=native code)
V  [jvm.dll+0x3152fa]


Current CompileTask:
C2:   2221 1282       4       com.android.dx.ssa.SCCP::simulateStmt (481 bytes)


---------------  P R O C E S S  ---------------

Java Threads: ( => current thread )
  0x0000000016eff000 JavaThread "pool-2-thread-4" [_thread_in_vm, id=7952, stack(0x0000000017ce0000,0x0000000017de0000)]
  0x0000000016efe000 JavaThread "pool-2-thread-3" [_thread_in_Java, id=14104, stack(0x0000000017be0000,0x0000000017ce0000)]
  0x0000000016efc800 JavaThread "pool-2-thread-2" [_thread_in_vm, id=15100, stack(0x0000000017ae0000,0x0000000017be0000)]
  0x0000000016e9d800 JavaThread "pool-3-thread-1" [_thread_blocked, id=6916, stack(0x00000000179e0000,0x0000000017ae0000)]
  0x0000000016e9c800 JavaThread "pool-2-thread-1" [_thread_in_Java, id=14476, stack(0x00000000178e0000,0x00000000179e0000)]
  0x00000000152ec800 JavaThread "Service Thread" daemon [_thread_blocked, id=12488, stack(0x0000000016ae0000,0x0000000016be0000)]
  0x00000000152e4000 JavaThread "C1 CompilerThread2" daemon [_thread_in_native, id=12880, stack(0x00000000169e0000,0x0000000016ae0000)]
=>0x00000000152e1800 JavaThread "C2 CompilerThread1" daemon [_thread_in_native, id=13108, stack(0x00000000168e0000,0x00000000169e0000)]
  0x000000001528e000 JavaThread "C2 CompilerThread0" daemon [_thread_in_native, id=14920, stack(0x00000000167e0000,0x00000000168e0000)]
  0x000000001528b800 JavaThread "Attach Listener" daemon [_thread_blocked, id=7216, stack(0x00000000166e0000,0x00000000167e0000)]
  0x000000001528a000 JavaThread "Signal Dispatcher" daemon [_thread_blocked, id=15052, stack(0x00000000165e0000,0x00000000166e0000)]
  0x0000000002aef000 JavaThread "Finalizer" daemon [_thread_blocked, id=13432, stack(0x00000000164e0000,0x00000000165e0000)]
  0x0000000015258000 JavaThread "Reference Handler" daemon [_thread_blocked, id=8392, stack(0x00000000163e0000,0x00000000164e0000)]
  0x0000000002bbd800 JavaThread "main" [_thread_in_Java, id=6468, stack(0x0000000002860000,0x0000000002960000)]

Other Threads:
  0x0000000015256000 VMThread [stack: 0x00000000162e0000,0x00000000163e0000] [id=11108]
  0x0000000016be0800 WatcherThread [stack: 0x0000000016fe0000,0x00000000170e0000] [id=9820]

VM state:not at safepoint (normal execution)

VM Mutex/Monitor currently owned by a thread: None

Heap:
 PSYoungGen      total 38400K, used 14036K [0x00000000eab00000, 0x00000000ed580000, 0x0000000100000000)
  eden space 33280K, 26% used [0x00000000eab00000,0x00000000eb3b7f68,0x00000000ecb80000)
  from space 5120K, 99% used [0x00000000ecb80000,0x00000000ed07d258,0x00000000ed080000)
  to   space 5120K, 0% used [0x00000000ed080000,0x00000000ed080000,0x00000000ed580000)
 ParOldGen       total 87552K, used 808K [0x00000000c0000000, 0x00000000c5580000, 0x00000000eab00000)
  object space 87552K, 0% used [0x00000000c0000000,0x00000000c00ca1b8,0x00000000c5580000)
 Metaspace       used 6041K, capacity 6960K, committed 7040K, reserved 1056768K
  class space    used 590K, capacity 616K, committed 640K, reserved 1048576K

Card table byte_map: [0x0000000011f80000,0x0000000012190000] byte_map_base: 0x0000000011980000

Marking Bits: (ParMarkBitMap*) 0x000000006451b460
 Begin Bits: [0x00000000126f0000, 0x00000000136f0000)
 End Bits:   [0x00000000136f0000, 0x00000000146f0000)

Polling page: 0x0000000000f70000

CodeCache: size=245760Kb used=5407Kb max_used=5407Kb free=240352Kb
 bounds [0x0000000002bc0000, 0x0000000003110000, 0x0000000011bc0000]
 total_blobs=1632 nmethods=1367 adapters=179
 compilation: enabled

Compilation events (10 events):
Event: 2.213 Thread 0x00000000152e4000 nmethod 1362 0x0000000003103890 code [0x0000000003103a00, 0x0000000003103e50]
Event: 2.213 Thread 0x00000000152e4000 1364       3       com.android.dx.ssa.PhiInsn::getOpcode (2 bytes)
Event: 2.213 Thread 0x00000000152e4000 nmethod 1364 0x0000000003103fd0 code [0x0000000003104120, 0x0000000003104270]
Event: 2.213 Thread 0x00000000152e4000 1365       3       com.android.dx.ssa.NormalSsaInsn::canThrow (8 bytes)
Event: 2.213 Thread 0x00000000152e4000 nmethod 1365 0x0000000003104310 code [0x00000000031044a0, 0x00000000031048e8]
Event: 2.214 Thread 0x00000000152e4000 1366       3       com.android.dx.ssa.ConstCollector::updateConstUses (248 bytes)
Event: 2.216 Thread 0x00000000152e4000 nmethod 1366 0x0000000003104a90 code [0x0000000003104e60, 0x0000000003107478]
Event: 2.217 Thread 0x00000000152e4000 1369       1       com.android.dx.rop.cst.CstNat::isCategory2 (2 bytes)
Event: 2.217 Thread 0x00000000152e4000 nmethod 1369 0x0000000003108b90 code [0x0000000003108ce0, 0x0000000003108df0]
Event: 2.217 Thread 0x00000000152e4000 1370       3       com.android.dx.cf.code.ByteCatchList::typeNotFound (47 bytes)

GC Heap History (2 events):
Event: 2.067 GC heap before
{Heap before GC invocations=1 (full 0):
 PSYoungGen      total 38400K, used 33280K [0x00000000eab00000, 0x00000000ed580000, 0x0000000100000000)
  eden space 33280K, 100% used [0x00000000eab00000,0x00000000ecb80000,0x00000000ecb80000)
  from space 5120K, 0% used [0x00000000ed080000,0x00000000ed080000,0x00000000ed580000)
  to   space 5120K, 0% used [0x00000000ecb80000,0x00000000ecb80000,0x00000000ed080000)
 ParOldGen       total 87552K, used 0K [0x00000000c0000000, 0x00000000c5580000, 0x00000000eab00000)
  object space 87552K, 0% used [0x00000000c0000000,0x00000000c0000000,0x00000000c5580000)
 Metaspace       used 5954K, capacity 6896K, committed 7040K, reserved 1056768K
  class space    used 589K, capacity 616K, committed 640K, reserved 1048576K
Event: 2.134 GC heap after
Heap after GC invocations=1 (full 0):
 PSYoungGen      total 38400K, used 5108K [0x00000000eab00000, 0x00000000ed580000, 0x0000000100000000)
  eden space 33280K, 0% used [0x00000000eab00000,0x00000000eab00000,0x00000000ecb80000)
  from space 5120K, 99% used [0x00000000ecb80000,0x00000000ed07d258,0x00000000ed080000)
  to   space 5120K, 0% used [0x00000000ed080000,0x00000000ed080000,0x00000000ed580000)
 ParOldGen       total 87552K, used 808K [0x00000000c0000000, 0x00000000c5580000, 0x00000000eab00000)
  object space 87552K, 0% used [0x00000000c0000000,0x00000000c00ca1b8,0x00000000c5580000)
 Metaspace       used 5954K, capacity 6896K, committed 7040K, reserved 1056768K
  class space    used 589K, capacity 616K, committed 640K, reserved 1048576K
}

Deoptimization events (6 events):
Event: 1.331 Thread 0x0000000016efe000 Uncommon trap: reason=class_check action=maybe_recompile pc=0x0000000002f2bd10 method=com.android.dx.rop.type.Type.equals(Ljava/lang/Object;)Z @ 8
Event: 1.331 Thread 0x0000000016efe000 Uncommon trap: reason=class_check action=maybe_recompile pc=0x0000000002f2bd10 method=com.android.dx.rop.type.Type.equals(Ljava/lang/Object;)Z @ 8
Event: 1.335 Thread 0x0000000016efe000 Uncommon trap: reason=class_check action=maybe_recompile pc=0x0000000002f2bd10 method=com.android.dx.rop.type.Type.equals(Ljava/lang/Object;)Z @ 8
Event: 1.335 Thread 0x0000000016efe000 Uncommon trap: reason=class_check action=maybe_recompile pc=0x0000000002f2bd10 method=com.android.dx.rop.type.Type.equals(Ljava/lang/Object;)Z @ 8
Event: 1.336 Thread 0x0000000016eff000 Uncommon trap: reason=class_check action=maybe_recompile pc=0x0000000002ee0870 method=com.android.dx.rop.type.Type.equals(Ljava/lang/Object;)Z @ 8
Event: 1.645 Thread 0x0000000016eff000 Uncommon trap: reason=unreached action=reinterpret pc=0x0000000002f8771c method=com.android.dx.rop.cst.Constant.compareTo(Lcom/android/dx/rop/cst/Constant;)I @ 12

Internal exceptions (10 events):
Event: 0.984 Thread 0x0000000016e9c800 Exception <a 'java/security/PrivilegedActionException'> (0x00000000ebaef420) thrown at [D:\re\workspace\8-2-build-windows-amd64-cygwin\jdk8u20\1074\hotspot\src\share\vm\prims\jvm.cpp, line 1275]
Event: 0.985 Thread 0x0000000002bbd800 Exception <a 'java/security/PrivilegedActionException'> (0x00000000eba66178) thrown at [D:\re\workspace\8-2-build-windows-amd64-cygwin\jdk8u20\1074\hotspot\src\share\vm\prims\jvm.cpp, line 1275]
Event: 1.182 Thread 0x0000000002bbd800 Exception <a 'java/security/PrivilegedActionException'> (0x00000000ebda5b58) thrown at [D:\re\workspace\8-2-build-windows-amd64-cygwin\jdk8u20\1074\hotspot\src\share\vm\prims\jvm.cpp, line 1275]
Event: 1.183 Thread 0x0000000002bbd800 Exception <a 'java/security/PrivilegedActionException'> (0x00000000ebdafed0) thrown at [D:\re\workspace\8-2-build-windows-amd64-cygwin\jdk8u20\1074\hotspot\src\share\vm\prims\jvm.cpp, line 1275]
Event: 1.183 Thread 0x0000000002bbd800 Exception <a 'java/security/PrivilegedActionException'> (0x00000000ebdb2818) thrown at [D:\re\workspace\8-2-build-windows-amd64-cygwin\jdk8u20\1074\hotspot\src\share\vm\prims\jvm.cpp, line 1275]
Event: 1.304 Thread 0x0000000016efc800 Exception <a 'java/security/PrivilegedActionException'> (0x00000000ebf83770) thrown at [D:\re\workspace\8-2-build-windows-amd64-cygwin\jdk8u20\1074\hotspot\src\share\vm\prims\jvm.cpp, line 1275]
Event: 1.304 Thread 0x0000000016efc800 Exception <a 'java/security/PrivilegedActionException'> (0x00000000ebf89160) thrown at [D:\re\workspace\8-2-build-windows-amd64-cygwin\jdk8u20\1074\hotspot\src\share\vm\prims\jvm.cpp, line 1275]
Event: 1.305 Thread 0x0000000016efc800 Exception <a 'java/security/PrivilegedActionException'> (0x00000000ebf8e8d0) thrown at [D:\re\workspace\8-2-build-windows-amd64-cygwin\jdk8u20\1074\hotspot\src\share\vm\prims\jvm.cpp, line 1275]
Event: 1.314 Thread 0x0000000002bbd800 Exception <a 'java/security/PrivilegedActionException'> (0x00000000ebdca328) thrown at [D:\re\workspace\8-2-build-windows-amd64-cygwin\jdk8u20\1074\hotspot\src\share\vm\prims\jvm.cpp, line 1275]
Event: 1.336 Thread 0x0000000016eff000 Exception <a 'java/security/PrivilegedActionException'> (0x00000000ec04dfd8) thrown at [D:\re\workspace\8-2-build-windows-amd64-cygwin\jdk8u20\1074\hotspot\src\share\vm\prims\jvm.cpp, line 1275]

Events (10 events):
Event: 1.391 loading class java/util/TreeMap$EntryIterator done
Event: 1.645 Thread 0x0000000016eff000 Uncommon trap: trap_request=0xffffffad fr.pc=0x0000000002f8771c
Event: 1.645 Thread 0x0000000016eff000 DEOPT PACKING pc=0x0000000002f8771c sp=0x0000000017dde690
Event: 1.645 Thread 0x0000000016eff000 DEOPT UNPACKING pc=0x0000000002c0556a sp=0x0000000017dde630 mode 2
Event: 1.698 Executing VM operation: ForceSafepoint
Event: 1.890 Executing VM operation: ForceSafepoint done
Event: 2.067 Executing VM operation: ParallelGCFailedAllocation
Event: 2.134 Executing VM operation: ParallelGCFailedAllocation done
Event: 2.134 loading class sun/misc/Cleaner
Event: 2.134 loading class sun/misc/Cleaner done


Dynamic libraries:
0x00007ff79b830000 - 0x00007ff79b864000 	C:\Program Files\Java\jdk1.8.0_20\bin\java.exe
0x00007ffc6b1c0000 - 0x00007ffc6b381000 	C:\WINDOWS\SYSTEM32\ntdll.dll
0x00007ffc68920000 - 0x00007ffc689cd000 	C:\WINDOWS\system32\KERNEL32.DLL
0x00007ffc67a70000 - 0x00007ffc67c58000 	C:\WINDOWS\system32\KERNELBASE.dll
0x00007ffc6b110000 - 0x00007ffc6b1b7000 	C:\WINDOWS\system32\ADVAPI32.dll
0x00007ffc6af30000 - 0x00007ffc6afcd000 	C:\WINDOWS\system32\msvcrt.dll
0x00007ffc6b040000 - 0x00007ffc6b09b000 	C:\WINDOWS\system32\sechost.dll
0x00007ffc689d0000 - 0x00007ffc68aec000 	C:\WINDOWS\system32\RPCRT4.dll
0x00007ffc6ac30000 - 0x00007ffc6ad86000 	C:\WINDOWS\system32\USER32.dll
0x00007ffc6ad90000 - 0x00007ffc6af16000 	C:\WINDOWS\system32\GDI32.dll
0x00007ffc5dcb0000 - 0x00007ffc5df24000 	C:\WINDOWS\WinSxS\amd64_microsoft.windows.common-controls_6595b64144ccf1df_6.0.10586.589_none_a2ddb3caa539acce\COMCTL32.dll
0x00007ffc6a5e0000 - 0x00007ffc6a85d000 	C:\WINDOWS\system32\combase.dll
0x00007ffc67c80000 - 0x00007ffc67cea000 	C:\WINDOWS\system32\bcryptPrimitives.dll
0x00007ffc68770000 - 0x00007ffc687ab000 	C:\WINDOWS\system32\IMM32.DLL
0x00000000645a0000 - 0x0000000064672000 	C:\Program Files\Java\jdk1.8.0_20\jre\bin\msvcr100.dll
0x0000000063d40000 - 0x0000000064598000 	C:\Program Files\Java\jdk1.8.0_20\jre\bin\server\jvm.dll
0x00007ffc6b0a0000 - 0x00007ffc6b0a8000 	C:\WINDOWS\system32\PSAPI.DLL
0x00007ffc5c500000 - 0x00007ffc5c509000 	C:\WINDOWS\SYSTEM32\WSOCK32.dll
0x00007ffc68700000 - 0x00007ffc6876b000 	C:\WINDOWS\system32\WS2_32.dll
0x00007ffc65ad0000 - 0x00007ffc65af3000 	C:\WINDOWS\SYSTEM32\WINMM.dll
0x00007ffc65aa0000 - 0x00007ffc65acc000 	C:\WINDOWS\SYSTEM32\WINMMBASE.dll
0x00007ffc679c0000 - 0x00007ffc67a03000 	C:\WINDOWS\system32\cfgmgr32.dll
0x0000000063d30000 - 0x0000000063d3f000 	C:\Program Files\Java\jdk1.8.0_20\jre\bin\verify.dll
0x0000000063d00000 - 0x0000000063d28000 	C:\Program Files\Java\jdk1.8.0_20\jre\bin\java.dll
0x0000000063ce0000 - 0x0000000063cf6000 	C:\Program Files\Java\jdk1.8.0_20\jre\bin\zip.dll
0x00007ffc68af0000 - 0x00007ffc6a04c000 	C:\WINDOWS\system32\SHELL32.dll
0x00007ffc67f50000 - 0x00007ffc68595000 	C:\WINDOWS\system32\windows.storage.dll
0x00007ffc688c0000 - 0x00007ffc68912000 	C:\WINDOWS\system32\shlwapi.dll
0x00007ffc67830000 - 0x00007ffc6783f000 	C:\WINDOWS\system32\kernel.appcore.dll
0x00007ffc67900000 - 0x00007ffc679b5000 	C:\WINDOWS\system32\shcore.dll
0x00007ffc677c0000 - 0x00007ffc6780b000 	C:\WINDOWS\system32\powrprof.dll
0x00007ffc67810000 - 0x00007ffc67824000 	C:\WINDOWS\system32\profapi.dll

VM Arguments:
jvm_args: -Djava.awt.headless=true -Xmx1024M -Dfile.encoding=windows-1252 -Duser.country=US -Duser.language=en -Duser.variant 
java_command: com.android.dx.command.Main --dex --force-jumbo --num-threads=4 --multi-dex --output C:\Users\admin\Documents\GitHub\ShaneelSD\SoftwareDesign\FindMeTutor\FindMeTutor\tutor_app\build\intermediates\transforms\dex\debug\folders\1000\10\internal_impl-24.2.1_3ec3946056f6fa5816a237dd744229d3ad88c5e4 C:\Users\admin\Documents\GitHub\ShaneelSD\SoftwareDesign\FindMeTutor\FindMeTutor\tutor_app\build\intermediates\exploded-aar\com.android.support\support-compat\24.2.1\jars\libs\internal_impl-24.2.1.jar
java_class_path (initial): C:\Users\admin\AppData\Local\Android\sdk\build-tools\24.0.1\lib\dx.jar
Launcher Type: SUN_STANDARD

Environment Variables:
PATH=C:\ProgramData\Oracle\Java\javapath;C:\Program Files (x86)\Intel\iCLS Client\;C:\Program Files\Intel\iCLS Client\;C:\WINDOWS\system32;C:\WINDOWS;C:\WINDOWS\System32\Wbem;C:\WINDOWS\System32\WindowsPowerShell\v1.0\;C:\Program Files\Intel\Intel(R) Management Engine Components\DAL;C:\Program Files\Intel\Intel(R) Management Engine Components\IPT;C:\Program Files (x86)\Intel\Intel(R) Management Engine Components\DAL;C:\Program Files (x86)\Intel\Intel(R) Management Engine Components\IPT;C:\Program Files\WIDCOMM\Bluetooth Software\;C:\Program Files\WIDCOMM\Bluetooth Software\syswow64;C:\Program Files (x86)\Intel\OpenCL SDK\2.0\bin\x86;C:\Program Files (x86)\Intel\OpenCL SDK\2.0\bin\x64;C:\Program Files\Intel\WiFi\bin\;C:\Program Files\Common Files\Intel\WirelessCommon\;c:\Program Files (x86)\Microsoft SQL Server\100\Tools\Binn\;c:\Program Files\Microsoft SQL Server\100\Tools\Binn\;c:\Program Files\Microsoft SQL Server\100\DTS\Binn\;C:\Program Files (x86)\MySQL\MySQL Fabric 1.5.4 & MySQL Utilities 1.5.4 1.5\;C:\Program Files (x86)\MySQL\MySQL Fabric 1.5.4 & MySQL Utilities 1.5.4 1.5\Doctrine extensions for PHP\;C:\Program Files (x86)\Borland\Delphi7\Bin;C:\Program Files (x86)\Borland\Delphi7\Projects\Bpl;C:\Program Files (x86)\Borland\Delphi7\Rave5;C:\Program Files\Git\cmd;C:\Program Files (x86)\OpenVPN\bin;C:\Program Files\Intel\WiFi\bin\;C:\Program Files\Common Files\Intel\WirelessCommon\
USERNAME=admin
OS=Windows_NT
PROCESSOR_IDENTIFIER=Intel64 Family 6 Model 58 Stepping 9, GenuineIntel



---------------  S Y S T E M  ---------------

OS: Windows 8.1 , 64 bit Build 9600 

CPU:total 4 (2 cores per cpu, 2 threads per core) family 6 model 58 stepping 9, cmov, cx8, fxsr, mmx, sse, sse2, sse3, ssse3, sse4.1, sse4.2, popcnt, avx, aes, clmul, erms, ht, tsc, tscinvbit, tscinv

Memory: 4k page, physical 8258576k(2316872k free), swap 10306576k(6312k free)

vm_info: Java HotSpot(TM) 64-Bit Server VM (25.20-b23) for windows-amd64 JRE (1.8.0_20-b26), built on Jul 30 2014 13:51:23 by "java_re" with MS VC++ 10.0 (VS2010)

time: Fri Oct 28 12:09:44 2016
elapsed time: 2 seconds (0d 0h 0m 2s)

