#
# There is insufficient memory for the Java Runtime Environment to continue.
# Native memory allocation (malloc) failed to allocate 131376 bytes for Chunk::new
# Possible reasons:
#   The system is out of physical RAM or swap space
#   In 32 bit mode, the process size limit was hit
# Possible solutions:
#   Reduce memory load on the system
#   Increase physical memory or swap space
#   Check if swap backing store is full
#   Use 64 bit Java on a 64 bit OS
#   Decrease Java heap size (-Xmx/-Xms)
#   Decrease number of Java threads
#   Decrease Java thread stack sizes (-Xss)
#   Set larger code cache with -XX:ReservedCodeCacheSize=
# This output file may be truncated or incomplete.
#
#  Out of Memory Error (allocation.cpp:390), pid=6940, tid=13436
#
# JRE version: Java(TM) SE Runtime Environment (8.0_20-b26) (build 1.8.0_20-b26)
# Java VM: Java HotSpot(TM) 64-Bit Server VM (25.20-b23 mixed mode windows-amd64 compressed oops)
# Failed to write core dump. Minidumps are not enabled by default on client versions of Windows
#

---------------  T H R E A D  ---------------

Current thread (0x0000000014b0e800):  JavaThread "C2 CompilerThread0" daemon [_thread_in_native, id=13436, stack(0x0000000016070000,0x0000000016170000)]

Stack: [0x0000000016070000,0x0000000016170000]
Native frames: (J=compiled Java code, j=interpreted, Vv=VM code, C=native code)
V  [jvm.dll+0x3152fa]
V  [jvm.dll+0x265d03]
V  [jvm.dll+0x266943]
V  [jvm.dll+0x25e265]
V  [jvm.dll+0xbe255]
V  [jvm.dll+0xbe6fc]
V  [jvm.dll+0x477e2c]
V  [jvm.dll+0x444cc3]
V  [jvm.dll+0x4500de]
V  [jvm.dll+0x4526c8]
V  [jvm.dll+0x435fc2]
V  [jvm.dll+0x97b62]
V  [jvm.dll+0x98353]
V  [jvm.dll+0x22aac4]
V  [jvm.dll+0x283f5a]
C  [msvcr100.dll+0x21d9f]
C  [msvcr100.dll+0x21e3b]
C  [KERNEL32.DLL+0x18102]
C  [ntdll.dll+0x5c5b4]


Current CompileTask:
C2:   8744 1823       4       com.android.dx.dex.file.EncodedField::encode (157 bytes)


---------------  P R O C E S S  ---------------

Java Threads: ( => current thread )
  0x0000000014b6c000 JavaThread "Service Thread" daemon [_thread_blocked, id=13484, stack(0x0000000016370000,0x0000000016470000)]
  0x0000000014b65000 JavaThread "C1 CompilerThread2" daemon [_thread_blocked, id=11236, stack(0x0000000016270000,0x0000000016370000)]
  0x0000000014b10800 JavaThread "C2 CompilerThread1" daemon [_thread_in_native, id=12108, stack(0x0000000016170000,0x0000000016270000)]
=>0x0000000014b0e800 JavaThread "C2 CompilerThread0" daemon [_thread_in_native, id=13436, stack(0x0000000016070000,0x0000000016170000)]
  0x0000000014b0c000 JavaThread "Attach Listener" daemon [_thread_blocked, id=13584, stack(0x0000000015f70000,0x0000000016070000)]
  0x0000000014b0b000 JavaThread "Signal Dispatcher" daemon [_thread_blocked, id=12240, stack(0x0000000015e70000,0x0000000015f70000)]
  0x000000000233f000 JavaThread "Finalizer" daemon [_thread_blocked, id=400, stack(0x0000000015d70000,0x0000000015e70000)]
  0x0000000014ad8000 JavaThread "Reference Handler" daemon [_thread_blocked, id=13996, stack(0x0000000015c70000,0x0000000015d70000)]
  0x000000000243d800 JavaThread "main" [_thread_in_Java, id=13132, stack(0x00000000020b0000,0x00000000021b0000)]

Other Threads:
  0x0000000014ad6000 VMThread [stack: 0x0000000015b70000,0x0000000015c70000] [id=13332]
  0x0000000016470800 WatcherThread [stack: 0x0000000016870000,0x0000000016970000] [id=14844]

VM state:not at safepoint (normal execution)

VM Mutex/Monitor currently owned by a thread: None

Heap:
 PSYoungGen      total 38400K, used 25281K [0x00000000eab00000, 0x00000000ed580000, 0x0000000100000000)
  eden space 33280K, 60% used [0x00000000eab00000,0x00000000ebeb3bf0,0x00000000ecb80000)
  from space 5120K, 99% used [0x00000000ecb80000,0x00000000ed07cb18,0x00000000ed080000)
  to   space 5120K, 0% used [0x00000000ed080000,0x00000000ed080000,0x00000000ed580000)
 ParOldGen       total 87552K, used 3018K [0x00000000c0000000, 0x00000000c5580000, 0x00000000eab00000)
  object space 87552K, 3% used [0x00000000c0000000,0x00000000c02f2b80,0x00000000c5580000)
 Metaspace       used 6419K, capacity 7344K, committed 7552K, reserved 1056768K
  class space    used 610K, capacity 616K, committed 640K, reserved 1048576K

Card table byte_map: [0x0000000011800000,0x0000000011a10000] byte_map_base: 0x0000000011200000

Marking Bits: (ParMarkBitMap*) 0x00000000546eb460
 Begin Bits: [0x0000000011f70000, 0x0000000012f70000)
 End Bits:   [0x0000000012f70000, 0x0000000013f70000)

Polling page: 0x00000000001f0000

CodeCache: size=245760Kb used=7277Kb max_used=7282Kb free=238482Kb
 bounds [0x0000000002440000, 0x0000000002b70000, 0x0000000011440000]
 total_blobs=2114 nmethods=1848 adapters=179
 compilation: enabled

Compilation events (10 events):
Event: 8.712 Thread 0x0000000014b65000 1826       3       com.android.dx.dex.file.StringIdItem::itemType (4 bytes)
Event: 8.712 Thread 0x0000000014b65000 nmethod 1826 0x0000000002b3b590 code [0x0000000002b3b6e0, 0x0000000002b3b830]
Event: 8.712 Thread 0x0000000014b65000 1827       1       com.android.dx.dex.file.StringIdItem::itemType (4 bytes)
Event: 8.713 Thread 0x0000000014b65000 nmethod 1827 0x0000000002b44090 code [0x0000000002b441e0, 0x0000000002b442f0]
Event: 8.713 Thread 0x0000000014b65000 1828       3       com.android.dx.dex.file.FieldIdItem::itemType (4 bytes)
Event: 8.713 Thread 0x0000000014b65000 nmethod 1828 0x0000000002b43d50 code [0x0000000002b43ea0, 0x0000000002b43ff0]
Event: 8.713 Thread 0x0000000014b65000 1829       1       com.android.dx.dex.file.FieldIdItem::itemType (4 bytes)
Event: 8.714 Thread 0x0000000014b65000 nmethod 1829 0x0000000002b43a90 code [0x0000000002b43be0, 0x0000000002b43cf0]
Event: 8.715 Thread 0x0000000014b65000 1830       3       com.android.dx.dex.file.MethodIdItem::itemType (4 bytes)
Event: 8.715 Thread 0x0000000014b65000 nmethod 1830 0x0000000002b43750 code [0x0000000002b438a0, 0x0000000002b439f0]

GC Heap History (2 events):
Event: 5.001 GC heap before
{Heap before GC invocations=1 (full 0):
 PSYoungGen      total 38400K, used 33280K [0x00000000eab00000, 0x00000000ed580000, 0x0000000100000000)
  eden space 33280K, 100% used [0x00000000eab00000,0x00000000ecb80000,0x00000000ecb80000)
  from space 5120K, 0% used [0x00000000ed080000,0x00000000ed080000,0x00000000ed580000)
  to   space 5120K, 0% used [0x00000000ecb80000,0x00000000ecb80000,0x00000000ed080000)
 ParOldGen       total 87552K, used 0K [0x00000000c0000000, 0x00000000c5580000, 0x00000000eab00000)
  object space 87552K, 0% used [0x00000000c0000000,0x00000000c0000000,0x00000000c5580000)
 Metaspace       used 5919K, capacity 6960K, committed 7040K, reserved 1056768K
  class space    used 587K, capacity 616K, committed 640K, reserved 1048576K
Event: 5.012 GC heap after
Heap after GC invocations=1 (full 0):
 PSYoungGen      total 38400K, used 5106K [0x00000000eab00000, 0x00000000ed580000, 0x0000000100000000)
  eden space 33280K, 0% used [0x00000000eab00000,0x00000000eab00000,0x00000000ecb80000)
  from space 5120K, 99% used [0x00000000ecb80000,0x00000000ed07cb18,0x00000000ed080000)
  to   space 5120K, 0% used [0x00000000ed080000,0x00000000ed080000,0x00000000ed580000)
 ParOldGen       total 87552K, used 3018K [0x00000000c0000000, 0x00000000c5580000, 0x00000000eab00000)
  object space 87552K, 3% used [0x00000000c0000000,0x00000000c02f2b80,0x00000000c5580000)
 Metaspace       used 5919K, capacity 6960K, committed 7040K, reserved 1056768K
  class space    used 587K, capacity 616K, committed 640K, reserved 1048576K
}

Deoptimization events (10 events):
Event: 5.741 Thread 0x000000000243d800 Uncommon trap: reason=bimorphic action=maybe_recompile pc=0x000000000277c658 method=java.util.HashMap.getNode(ILjava/lang/Object;)Ljava/util/HashMap$Node; @ 126
Event: 5.741 Thread 0x000000000243d800 Uncommon trap: reason=bimorphic action=maybe_recompile pc=0x000000000277c658 method=java.util.HashMap.getNode(ILjava/lang/Object;)Ljava/util/HashMap$Node; @ 126
Event: 5.741 Thread 0x000000000243d800 Uncommon trap: reason=bimorphic action=maybe_recompile pc=0x000000000277c658 method=java.util.HashMap.getNode(ILjava/lang/Object;)Ljava/util/HashMap$Node; @ 126
Event: 5.741 Thread 0x000000000243d800 Uncommon trap: reason=bimorphic action=maybe_recompile pc=0x00000000026a4f5c method=java.util.HashMap.getNode(ILjava/lang/Object;)Ljava/util/HashMap$Node; @ 126
Event: 7.256 Thread 0x000000000243d800 Uncommon trap: reason=speculate_class_check action=maybe_recompile pc=0x0000000002842360 method=com.android.dx.util.FixedSizeList.equals(Ljava/lang/Object;)Z @ 25
Event: 7.256 Thread 0x000000000243d800 Uncommon trap: reason=speculate_class_check action=maybe_recompile pc=0x0000000002842360 method=com.android.dx.util.FixedSizeList.equals(Ljava/lang/Object;)Z @ 25
Event: 7.256 Thread 0x000000000243d800 Uncommon trap: reason=speculate_class_check action=maybe_recompile pc=0x0000000002842360 method=com.android.dx.util.FixedSizeList.equals(Ljava/lang/Object;)Z @ 25
Event: 7.256 Thread 0x000000000243d800 Uncommon trap: reason=speculate_class_check action=maybe_recompile pc=0x0000000002842360 method=com.android.dx.util.FixedSizeList.equals(Ljava/lang/Object;)Z @ 25
Event: 7.301 Thread 0x000000000243d800 Uncommon trap: reason=unreached action=reinterpret pc=0x0000000002acadf8 method=com.android.dx.dex.code.OutputFinisher.findOpcodeForInsn(Lcom/android/dx/dex/code/DalvInsn;Lcom/android/dx/dex/code/Dop;)Lcom/android/dx/dex/code/Dop; @ 1
Event: 7.306 Thread 0x000000000243d800 Uncommon trap: reason=unreached action=reinterpret pc=0x0000000002b026f8 method=com.android.dx.dex.code.LocalList$MakeState.snapshot(ILcom/android/dx/rop/code/RegisterSpecSet;)V @ 51

Internal exceptions (10 events):
Event: 7.255 Thread 0x000000000243d800 Exception <a 'java/security/PrivilegedActionException'> (0x00000000ebcc1f08) thrown at [D:\re\workspace\8-2-build-windows-amd64-cygwin\jdk8u20\1074\hotspot\src\share\vm\prims\jvm.cpp, line 1275]
Event: 7.256 Thread 0x000000000243d800 Exception <a 'java/security/PrivilegedActionException'> (0x00000000ebcc5cf8) thrown at [D:\re\workspace\8-2-build-windows-amd64-cygwin\jdk8u20\1074\hotspot\src\share\vm\prims\jvm.cpp, line 1275]
Event: 7.257 Thread 0x000000000243d800 Exception <a 'java/security/PrivilegedActionException'> (0x00000000ebcc8f38) thrown at [D:\re\workspace\8-2-build-windows-amd64-cygwin\jdk8u20\1074\hotspot\src\share\vm\prims\jvm.cpp, line 1275]
Event: 7.302 Thread 0x000000000243d800 Exception <a 'java/security/PrivilegedActionException'> (0x00000000ebd144a8) thrown at [D:\re\workspace\8-2-build-windows-amd64-cygwin\jdk8u20\1074\hotspot\src\share\vm\prims\jvm.cpp, line 1275]
Event: 7.797 Thread 0x000000000243d800 Exception <a 'java/security/PrivilegedActionException'> (0x00000000ebd7d838) thrown at [D:\re\workspace\8-2-build-windows-amd64-cygwin\jdk8u20\1074\hotspot\src\share\vm\prims\jvm.cpp, line 1275]
Event: 7.889 Thread 0x000000000243d800 Exception <a 'java/security/PrivilegedActionException'> (0x00000000ebd89730) thrown at [D:\re\workspace\8-2-build-windows-amd64-cygwin\jdk8u20\1074\hotspot\src\share\vm\prims\jvm.cpp, line 1275]
Event: 7.890 Thread 0x000000000243d800 Exception <a 'java/security/PrivilegedActionException'> (0x00000000ebd8c440) thrown at [D:\re\workspace\8-2-build-windows-amd64-cygwin\jdk8u20\1074\hotspot\src\share\vm\prims\jvm.cpp, line 1275]
Event: 8.263 Thread 0x000000000243d800 Exception <a 'java/security/PrivilegedActionException'> (0x00000000ebdfbb28) thrown at [D:\re\workspace\8-2-build-windows-amd64-cygwin\jdk8u20\1074\hotspot\src\share\vm\prims\jvm.cpp, line 1275]
Event: 8.710 Thread 0x000000000243d800 Exception <a 'java/security/PrivilegedActionException'> (0x00000000ebe5bee0) thrown at [D:\re\workspace\8-2-build-windows-amd64-cygwin\jdk8u20\1074\hotspot\src\share\vm\prims\jvm.cpp, line 1275]
Event: 8.711 Thread 0x000000000243d800 Exception <a 'java/security/PrivilegedActionException'> (0x00000000ebe614b8) thrown at [D:\re\workspace\8-2-build-windows-amd64-cygwin\jdk8u20\1074\hotspot\src\share\vm\prims\jvm.cpp, line 1275]

Events (10 events):
Event: 7.889 loading class com/android/dx/dex/file/DebugInfoEncoder$1
Event: 7.889 loading class com/android/dx/dex/file/DebugInfoEncoder$1 done
Event: 7.890 loading class com/android/dx/dex/file/DebugInfoEncoder$2
Event: 7.890 loading class com/android/dx/dex/file/DebugInfoEncoder$2 done
Event: 8.263 loading class com/android/dex/EncodedValueCodec
Event: 8.263 loading class com/android/dex/EncodedValueCodec done
Event: 8.710 loading class com/android/dx/dex/file/MapItem
Event: 8.710 loading class com/android/dx/dex/file/MapItem done
Event: 8.711 loading class com/android/dx/dex/file/UniformListItem
Event: 8.711 loading class com/android/dx/dex/file/UniformListItem done


Dynamic libraries:
0x00007ff668390000 - 0x00007ff6683c4000 	C:\Program Files\Java\jdk1.8.0_20\bin\java.exe
0x00007ff87a1c0000 - 0x00007ff87a381000 	C:\WINDOWS\SYSTEM32\ntdll.dll
0x00007ff878700000 - 0x00007ff8787ad000 	C:\WINDOWS\system32\KERNEL32.DLL
0x00007ff877160000 - 0x00007ff877348000 	C:\WINDOWS\system32\KERNELBASE.dll
0x00007ff877c00000 - 0x00007ff877ca7000 	C:\WINDOWS\system32\ADVAPI32.dll
0x00007ff8787b0000 - 0x00007ff87884d000 	C:\WINDOWS\system32\msvcrt.dll
0x00007ff878540000 - 0x00007ff87859b000 	C:\WINDOWS\system32\sechost.dll
0x00007ff877990000 - 0x00007ff877aac000 	C:\WINDOWS\system32\RPCRT4.dll
0x00007ff8785a0000 - 0x00007ff8786f6000 	C:\WINDOWS\system32\USER32.dll
0x00007ff87a020000 - 0x00007ff87a1a6000 	C:\WINDOWS\system32\GDI32.dll
0x00007ff869f30000 - 0x00007ff86a1a4000 	C:\WINDOWS\WinSxS\amd64_microsoft.windows.common-controls_6595b64144ccf1df_6.0.10586.0_none_8c15ae12515e1c22\COMCTL32.dll
0x00007ff877610000 - 0x00007ff87788d000 	C:\WINDOWS\system32\combase.dll
0x00007ff877400000 - 0x00007ff87746a000 	C:\WINDOWS\system32\bcryptPrimitives.dll
0x00007ff877e30000 - 0x00007ff877e6b000 	C:\WINDOWS\system32\IMM32.DLL
0x0000000054770000 - 0x0000000054842000 	C:\Program Files\Java\jdk1.8.0_20\jre\bin\msvcr100.dll
0x0000000053f10000 - 0x0000000054768000 	C:\Program Files\Java\jdk1.8.0_20\jre\bin\server\jvm.dll
0x00007ff877980000 - 0x00007ff877988000 	C:\WINDOWS\system32\PSAPI.DLL
0x00007ff874fb0000 - 0x00007ff874fd3000 	C:\WINDOWS\SYSTEM32\WINMM.dll
0x00007ff874f50000 - 0x00007ff874f7c000 	C:\WINDOWS\SYSTEM32\WINMMBASE.dll
0x00007ff877490000 - 0x00007ff8774d3000 	C:\WINDOWS\system32\cfgmgr32.dll
0x00007ff86c970000 - 0x00007ff86c979000 	C:\WINDOWS\SYSTEM32\WSOCK32.dll
0x00007ff8775a0000 - 0x00007ff87760b000 	C:\WINDOWS\system32\WS2_32.dll
0x0000000053f00000 - 0x0000000053f0f000 	C:\Program Files\Java\jdk1.8.0_20\jre\bin\verify.dll
0x0000000053ed0000 - 0x0000000053ef8000 	C:\Program Files\Java\jdk1.8.0_20\jre\bin\java.dll
0x0000000053eb0000 - 0x0000000053ec6000 	C:\Program Files\Java\jdk1.8.0_20\jre\bin\zip.dll
0x00007ff878900000 - 0x00007ff879e5c000 	C:\WINDOWS\system32\SHELL32.dll
0x00007ff876ab0000 - 0x00007ff8770f5000 	C:\WINDOWS\system32\windows.storage.dll
0x00007ff877fe0000 - 0x00007ff878032000 	C:\WINDOWS\system32\shlwapi.dll
0x00007ff876840000 - 0x00007ff87684f000 	C:\WINDOWS\system32\kernel.appcore.dll
0x00007ff8774e0000 - 0x00007ff877595000 	C:\WINDOWS\system32\shcore.dll
0x00007ff8767f0000 - 0x00007ff87683b000 	C:\WINDOWS\system32\powrprof.dll
0x00007ff8767c0000 - 0x00007ff8767d4000 	C:\WINDOWS\system32\profapi.dll
0x00007ff86ba30000 - 0x00007ff86bbbc000 	C:\WINDOWS\SYSTEM32\dbghelp.dll

VM Arguments:
jvm_args: -Djava.awt.headless=true -Xmx1024M -Dfile.encoding=windows-1252 -Duser.country=US -Duser.language=en -Duser.variant 
java_command: com.android.dx.command.Main --dex --num-threads=4 --output C:\Users\admin\Documents\GitHub\SoftwareDesign\FindMeTutor\FindMeTutor\tutor_app\build\intermediates\pre-dexed\debug\debug_e89de5b6b334ce917710c2368bdb77ae881b123d.jar C:\Users\admin\Documents\GitHub\SoftwareDesign\FindMeTutor\FindMeTutor\tutor_app\build\intermediates\classes\debug
java_class_path (initial): C:\Users\admin\AppData\Local\Android\sdk\build-tools\24.0.1\lib\dx.jar
Launcher Type: SUN_STANDARD

Environment Variables:
PATH=C:\ProgramData\Oracle\Java\javapath;C:\Program Files (x86)\Intel\iCLS Client\;C:\Program Files\Intel\iCLS Client\;C:\WINDOWS\system32;C:\WINDOWS;C:\WINDOWS\System32\Wbem;C:\WINDOWS\System32\WindowsPowerShell\v1.0\;C:\Program Files\Intel\Intel(R) Management Engine Components\DAL;C:\Program Files\Intel\Intel(R) Management Engine Components\IPT;C:\Program Files (x86)\Intel\Intel(R) Management Engine Components\DAL;C:\Program Files (x86)\Intel\Intel(R) Management Engine Components\IPT;C:\Program Files\WIDCOMM\Bluetooth Software\;C:\Program Files\WIDCOMM\Bluetooth Software\syswow64;C:\Program Files (x86)\Intel\OpenCL SDK\2.0\bin\x86;C:\Program Files (x86)\Intel\OpenCL SDK\2.0\bin\x64;C:\Program Files\Intel\WiFi\bin\;C:\Program Files\Common Files\Intel\WirelessCommon\;c:\Program Files (x86)\Microsoft SQL Server\100\Tools\Binn\;c:\Program Files\Microsoft SQL Server\100\Tools\Binn\;c:\Program Files\Microsoft SQL Server\100\DTS\Binn\;C:\Program Files (x86)\MySQL\MySQL Fabric 1.5.4 & MySQL Utilities 1.5.4 1.5\;C:\Program Files (x86)\MySQL\MySQL Fabric 1.5.4 & MySQL Utilities 1.5.4 1.5\Doctrine extensions for PHP\;C:\Program Files (x86)\Borland\Delphi7\Bin;C:\Program Files (x86)\Borland\Delphi7\Projects\Bpl;C:\Program Files (x86)\Borland\Delphi7\Rave5;C:\Program Files\Git\cmd;C:\Program Files\Intel\WiFi\bin\;C:\Program Files\Common Files\Intel\WirelessCommon\
USERNAME=admin
OS=Windows_NT
PROCESSOR_IDENTIFIER=Intel64 Family 6 Model 58 Stepping 9, GenuineIntel



---------------  S Y S T E M  ---------------

OS: Windows 8.1 , 64 bit Build 9600 

CPU:total 4 (2 cores per cpu, 2 threads per core) family 6 model 58 stepping 9, cmov, cx8, fxsr, mmx, sse, sse2, sse3, ssse3, sse4.1, sse4.2, popcnt, avx, aes, clmul, erms, ht, tsc, tscinvbit, tscinv

Memory: 4k page, physical 8258576k(1813444k free), swap 10306576k(4368k free)

vm_info: Java HotSpot(TM) 64-Bit Server VM (25.20-b23) for windows-amd64 JRE (1.8.0_20-b26), built on Jul 30 2014 13:51:23 by "java_re" with MS VC++ 10.0 (VS2010)

time: Tue Sep 06 22:12:17 2016
elapsed time: 8 seconds (0d 0h 0m 8s)

