#
# There is insufficient memory for the Java Runtime Environment to continue.
# Native memory allocation (malloc) failed to allocate 1414128 bytes for Chunk::new
# Possible reasons:
#   The system is out of physical RAM or swap space
#   In 32 bit mode, the process size limit was hit
# Possible solutions:
#   Reduce memory load on the system
#   Increase physical memory or swap space
#   Check if swap backing store is full
#   Use 64 bit Java on a 64 bit OS
#   Decrease Java heap size (-Xmx/-Xms)
#   Decrease number of Java threads
#   Decrease Java thread stack sizes (-Xss)
#   Set larger code cache with -XX:ReservedCodeCacheSize=
# This output file may be truncated or incomplete.
#
#  Out of Memory Error (allocation.cpp:390), pid=964, tid=11572
#
# JRE version: Java(TM) SE Runtime Environment (8.0_20-b26) (build 1.8.0_20-b26)
# Java VM: Java HotSpot(TM) 64-Bit Server VM (25.20-b23 mixed mode windows-amd64 compressed oops)
# Failed to write core dump. Minidumps are not enabled by default on client versions of Windows
#

---------------  T H R E A D  ---------------

Current thread (0x0000000015221000):  JavaThread "C2 CompilerThread1" daemon [_thread_in_native, id=11572, stack(0x0000000016880000,0x0000000016980000)]

Stack: [0x0000000016880000,0x0000000016980000]
Native frames: (J=compiled Java code, j=interpreted, Vv=VM code, C=native code)
V  [jvm.dll+0x3152fa]
V  [jvm.dll+0x265d03]
V  [jvm.dll+0x266943]
V  [jvm.dll+0x25e265]
V  [jvm.dll+0xbe255]
V  [jvm.dll+0xbe6fc]
V  [jvm.dll+0x477e87]
V  [jvm.dll+0x444fab]
V  [jvm.dll+0x4500de]
V  [jvm.dll+0x4526c8]
V  [jvm.dll+0x435fc2]
V  [jvm.dll+0x97b62]
V  [jvm.dll+0x98353]
V  [jvm.dll+0x22aac4]
V  [jvm.dll+0x283f5a]
C  [msvcr100.dll+0x21d9f]
C  [msvcr100.dll+0x21e3b]
C  [KERNEL32.DLL+0x18102]
C  [ntdll.dll+0x5c5b4]


Current CompileTask:
C2:   3488 1972   !   4       com.android.dx.cf.cst.ConstantPoolParser::parse0 (731 bytes)


---------------  P R O C E S S  ---------------

Java Threads: ( => current thread )
  0x000000001763c000 JavaThread "pool-2-thread-4" [_thread_blocked, id=12988, stack(0x0000000018c50000,0x0000000018d50000)]
  0x00000000174bc800 JavaThread "pool-2-thread-3" [_thread_in_Java, id=9752, stack(0x0000000018b50000,0x0000000018c50000)]
  0x000000001787e800 JavaThread "pool-2-thread-2" [_thread_in_Java, id=6808, stack(0x0000000018a50000,0x0000000018b50000)]
  0x0000000017460800 JavaThread "pool-3-thread-1" [_thread_blocked, id=9856, stack(0x0000000018950000,0x0000000018a50000)]
  0x000000001746c800 JavaThread "pool-2-thread-1" [_thread_blocked, id=11088, stack(0x0000000018850000,0x0000000018950000)]
  0x0000000016aad000 JavaThread "Service Thread" daemon [_thread_blocked, id=9696, stack(0x0000000016e80000,0x0000000016f80000)]
  0x0000000015224000 JavaThread "C1 CompilerThread2" daemon [_thread_blocked, id=10376, stack(0x0000000016980000,0x0000000016a80000)]
=>0x0000000015221000 JavaThread "C2 CompilerThread1" daemon [_thread_in_native, id=11572, stack(0x0000000016880000,0x0000000016980000)]
  0x000000001521f000 JavaThread "C2 CompilerThread0" daemon [_thread_in_native, id=9788, stack(0x0000000016780000,0x0000000016880000)]
  0x000000001521c800 JavaThread "Attach Listener" daemon [_thread_blocked, id=12564, stack(0x0000000016680000,0x0000000016780000)]
  0x000000001521b000 JavaThread "Signal Dispatcher" daemon [_thread_blocked, id=9444, stack(0x0000000016580000,0x0000000016680000)]
  0x0000000002b46000 JavaThread "Finalizer" daemon [_thread_blocked, id=7492, stack(0x0000000016480000,0x0000000016580000)]
  0x00000000151e8800 JavaThread "Reference Handler" daemon [_thread_blocked, id=6204, stack(0x0000000016380000,0x0000000016480000)]
  0x000000000113d800 JavaThread "main" [_thread_in_native, id=5268, stack(0x0000000002880000,0x0000000002980000)]

Other Threads:
  0x00000000151e6000 VMThread [stack: 0x0000000016280000,0x0000000016380000] [id=6544]
  0x0000000016ab0000 WatcherThread [stack: 0x0000000016f80000,0x0000000017080000] [id=8668]

VM state:not at safepoint (normal execution)

VM Mutex/Monitor currently owned by a thread: None

Heap:
 PSYoungGen      total 150016K, used 121965K [0x00000000eab00000, 0x00000000f5600000, 0x0000000100000000)
  eden space 131072K, 81% used [0x00000000eab00000,0x00000000f1376cf8,0x00000000f2b00000)
  from space 18944K, 79% used [0x00000000f3f80000,0x00000000f4e24920,0x00000000f5200000)
  to   space 20992K, 0% used [0x00000000f2b00000,0x00000000f2b00000,0x00000000f3f80000)
 ParOldGen       total 87552K, used 20939K [0x00000000c0000000, 0x00000000c5580000, 0x00000000eab00000)
  object space 87552K, 23% used [0x00000000c0000000,0x00000000c1472e18,0x00000000c5580000)
 Metaspace       used 6480K, capacity 7256K, committed 7424K, reserved 1056768K
  class space    used 615K, capacity 656K, committed 768K, reserved 1048576K

Card table byte_map: [0x0000000011f10000,0x0000000012120000] byte_map_base: 0x0000000011910000

Marking Bits: (ParMarkBitMap*) 0x00000000744eb460
 Begin Bits: [0x0000000012680000, 0x0000000013680000)
 End Bits:   [0x0000000013680000, 0x0000000014680000)

Polling page: 0x00000000007f0000

CodeCache: size=245760Kb used=7955Kb max_used=7955Kb free=237804Kb
 bounds [0x0000000002b50000, 0x0000000003320000, 0x0000000011b50000]
 total_blobs=2232 nmethods=1966 adapters=179
 compilation: enabled

Compilation events (10 events):
Event: 3.237 Thread 0x0000000015224000 2018       1       com.android.dx.rop.cst.CstLong::getType (4 bytes)
Event: 3.237 Thread 0x0000000015224000 nmethod 2018 0x00000000032e8250 code [0x00000000032e83a0, 0x00000000032e84b0]
Event: 3.268 Thread 0x0000000015224000 2020       2       com.android.dx.rop.code.Rops::opConv (231 bytes)
Event: 3.269 Thread 0x0000000015224000 nmethod 2020 0x0000000003314610 code [0x0000000003314880, 0x0000000003315358]
Event: 3.311 Thread 0x0000000015224000 2023       2       com.android.dx.ssa.back.FirstFitLocalCombiningAllocator::findRangeAndAdjust (311 bytes)
Event: 3.313 Thread 0x0000000015224000 nmethod 2023 0x0000000003315e90 code [0x0000000003316100, 0x0000000003316bb8]
Event: 3.336 Thread 0x0000000015224000 2025       2       java.util.HashMap::get (23 bytes)
Event: 3.336 Thread 0x0000000015224000 nmethod 2025 0x00000000032e7dd0 code [0x00000000032e7f40, 0x00000000032e8138]
Event: 3.437 Thread 0x0000000015224000 2027       2       com.android.dx.dex.file.AnnotationsDirectoryItem::addMethodAnnotations (44 bytes)
Event: 3.438 Thread 0x0000000015224000 nmethod 2027 0x00000000033179d0 code [0x0000000003317b60, 0x0000000003317fa8]

GC Heap History (10 events):
Event: 0.771 GC heap before
{Heap before GC invocations=2 (full 0):
 PSYoungGen      total 38400K, used 34877K [0x00000000eab00000, 0x00000000ed580000, 0x0000000100000000)
  eden space 33280K, 100% used [0x00000000eab00000,0x00000000ecb80000,0x00000000ecb80000)
  from space 5120K, 31% used [0x00000000ecb80000,0x00000000ecd0f5f0,0x00000000ed080000)
  to   space 5120K, 0% used [0x00000000ed080000,0x00000000ed080000,0x00000000ed580000)
 ParOldGen       total 87552K, used 8K [0x00000000c0000000, 0x00000000c5580000, 0x00000000eab00000)
  object space 87552K, 0% used [0x00000000c0000000,0x00000000c0002000,0x00000000c5580000)
 Metaspace       used 5827K, capacity 6768K, committed 7040K, reserved 1056768K
  class space    used 591K, capacity 616K, committed 640K, reserved 1048576K
Event: 0.779 GC heap after
Heap after GC invocations=2 (full 0):
 PSYoungGen      total 38400K, used 5099K [0x00000000eab00000, 0x00000000ef600000, 0x0000000100000000)
  eden space 33280K, 0% used [0x00000000eab00000,0x00000000eab00000,0x00000000ecb80000)
  from space 5120K, 99% used [0x00000000ed080000,0x00000000ed57af80,0x00000000ed580000)
  to   space 5120K, 0% used [0x00000000ecb80000,0x00000000ecb80000,0x00000000ed080000)
 ParOldGen       total 87552K, used 1053K [0x00000000c0000000, 0x00000000c5580000, 0x00000000eab00000)
  object space 87552K, 1% used [0x00000000c0000000,0x00000000c0107410,0x00000000c5580000)
 Metaspace       used 5827K, capacity 6768K, committed 7040K, reserved 1056768K
  class space    used 591K, capacity 616K, committed 640K, reserved 1048576K
}
Event: 1.297 GC heap before
{Heap before GC invocations=3 (full 0):
 PSYoungGen      total 38400K, used 38379K [0x00000000eab00000, 0x00000000ef600000, 0x0000000100000000)
  eden space 33280K, 100% used [0x00000000eab00000,0x00000000ecb80000,0x00000000ecb80000)
  from space 5120K, 99% used [0x00000000ed080000,0x00000000ed57af80,0x00000000ed580000)
  to   space 5120K, 0% used [0x00000000ecb80000,0x00000000ecb80000,0x00000000ed080000)
 ParOldGen       total 87552K, used 1053K [0x00000000c0000000, 0x00000000c5580000, 0x00000000eab00000)
  object space 87552K, 1% used [0x00000000c0000000,0x00000000c0107410,0x00000000c5580000)
 Metaspace       used 6157K, capacity 7088K, committed 7296K, reserved 1056768K
  class space    used 594K, capacity 616K, committed 640K, reserved 1048576K
Event: 1.313 GC heap after
Heap after GC invocations=3 (full 0):
 PSYoungGen      total 38400K, used 5116K [0x00000000eab00000, 0x00000000ef600000, 0x0000000100000000)
  eden space 33280K, 0% used [0x00000000eab00000,0x00000000eab00000,0x00000000ecb80000)
  from space 5120K, 99% used [0x00000000ecb80000,0x00000000ed07f308,0x00000000ed080000)
  to   space 5120K, 0% used [0x00000000ef100000,0x00000000ef100000,0x00000000ef600000)
 ParOldGen       total 87552K, used 5221K [0x00000000c0000000, 0x00000000c5580000, 0x00000000eab00000)
  object space 87552K, 5% used [0x00000000c0000000,0x00000000c05195d8,0x00000000c5580000)
 Metaspace       used 6157K, capacity 7088K, committed 7296K, reserved 1056768K
  class space    used 594K, capacity 616K, committed 640K, reserved 1048576K
}
Event: 1.583 GC heap before
{Heap before GC invocations=4 (full 0):
 PSYoungGen      total 38400K, used 38396K [0x00000000eab00000, 0x00000000ef600000, 0x0000000100000000)
  eden space 33280K, 100% used [0x00000000eab00000,0x00000000ecb80000,0x00000000ecb80000)
  from space 5120K, 99% used [0x00000000ecb80000,0x00000000ed07f308,0x00000000ed080000)
  to   space 5120K, 0% used [0x00000000ef100000,0x00000000ef100000,0x00000000ef600000)
 ParOldGen       total 87552K, used 5221K [0x00000000c0000000, 0x00000000c5580000, 0x00000000eab00000)
  object space 87552K, 5% used [0x00000000c0000000,0x00000000c05195d8,0x00000000c5580000)
 Metaspace       used 6258K, capacity 7152K, committed 7296K, reserved 1056768K
  class space    used 594K, capacity 616K, committed 640K, reserved 1048576K
Event: 1.601 GC heap after
Heap after GC invocations=4 (full 0):
 PSYoungGen      total 71680K, used 5094K [0x00000000eab00000, 0x00000000ef600000, 0x0000000100000000)
  eden space 66560K, 0% used [0x00000000eab00000,0x00000000eab00000,0x00000000eec00000)
  from space 5120K, 99% used [0x00000000ef100000,0x00000000ef5f9ab8,0x00000000ef600000)
  to   space 5120K, 0% used [0x00000000eec00000,0x00000000eec00000,0x00000000ef100000)
 ParOldGen       total 87552K, used 10145K [0x00000000c0000000, 0x00000000c5580000, 0x00000000eab00000)
  object space 87552K, 11% used [0x00000000c0000000,0x00000000c09e8580,0x00000000c5580000)
 Metaspace       used 6258K, capacity 7152K, committed 7296K, reserved 1056768K
  class space    used 594K, capacity 616K, committed 640K, reserved 1048576K
}
Event: 2.039 GC heap before
{Heap before GC invocations=5 (full 0):
 PSYoungGen      total 71680K, used 71654K [0x00000000eab00000, 0x00000000ef600000, 0x0000000100000000)
  eden space 66560K, 100% used [0x00000000eab00000,0x00000000eec00000,0x00000000eec00000)
  from space 5120K, 99% used [0x00000000ef100000,0x00000000ef5f9ab8,0x00000000ef600000)
  to   space 5120K, 0% used [0x00000000eec00000,0x00000000eec00000,0x00000000ef100000)
 ParOldGen       total 87552K, used 10145K [0x00000000c0000000, 0x00000000c5580000, 0x00000000eab00000)
  object space 87552K, 11% used [0x00000000c0000000,0x00000000c09e8580,0x00000000c5580000)
 Metaspace       used 6392K, capacity 7192K, committed 7424K, reserved 1056768K
  class space    used 615K, capacity 656K, committed 768K, reserved 1048576K
Event: 2.100 GC heap after
Heap after GC invocations=5 (full 0):
 PSYoungGen      total 71680K, used 5094K [0x00000000eab00000, 0x00000000f5200000, 0x0000000100000000)
  eden space 66560K, 0% used [0x00000000eab00000,0x00000000eab00000,0x00000000eec00000)
  from space 5120K, 99% used [0x00000000eec00000,0x00000000ef0f9810,0x00000000ef100000)
  to   space 18944K, 0% used [0x00000000f3f80000,0x00000000f3f80000,0x00000000f5200000)
 ParOldGen       total 87552K, used 20939K [0x00000000c0000000, 0x00000000c5580000, 0x00000000eab00000)
  object space 87552K, 23% used [0x00000000c0000000,0x00000000c1472e18,0x00000000c5580000)
 Metaspace       used 6392K, capacity 7192K, committed 7424K, reserved 1056768K
  class space    used 615K, capacity 656K, committed 768K, reserved 1048576K
}
Event: 2.614 GC heap before
{Heap before GC invocations=6 (full 0):
 PSYoungGen      total 71680K, used 71654K [0x00000000eab00000, 0x00000000f5200000, 0x0000000100000000)
  eden space 66560K, 100% used [0x00000000eab00000,0x00000000eec00000,0x00000000eec00000)
  from space 5120K, 99% used [0x00000000eec00000,0x00000000ef0f9810,0x00000000ef100000)
  to   space 18944K, 0% used [0x00000000f3f80000,0x00000000f3f80000,0x00000000f5200000)
 ParOldGen       total 87552K, used 20939K [0x00000000c0000000, 0x00000000c5580000, 0x00000000eab00000)
  object space 87552K, 23% used [0x00000000c0000000,0x00000000c1472e18,0x00000000c5580000)
 Metaspace       used 6452K, capacity 7256K, committed 7424K, reserved 1056768K
  class space    used 615K, capacity 656K, committed 768K, reserved 1048576K
Event: 2.662 GC heap after
Heap after GC invocations=6 (full 0):
 PSYoungGen      total 150016K, used 14994K [0x00000000eab00000, 0x00000000f5600000, 0x0000000100000000)
  eden space 131072K, 0% used [0x00000000eab00000,0x00000000eab00000,0x00000000f2b00000)
  from space 18944K, 79% used [0x00000000f3f80000,0x00000000f4e24920,0x00000000f5200000)
  to   space 20992K, 0% used [0x00000000f2b00000,0x00000000f2b00000,0x00000000f3f80000)
 ParOldGen       total 87552K, used 20939K [0x00000000c0000000, 0x00000000c5580000, 0x00000000eab00000)
  object space 87552K, 23% used [0x00000000c0000000,0x00000000c1472e18,0x00000000c5580000)
 Metaspace       used 6452K, capacity 7256K, committed 7424K, reserved 1056768K
  class space    used 615K, capacity 656K, committed 768K, reserved 1048576K
}

Deoptimization events (10 events):
Event: 1.848 Thread 0x000000001746c800 Uncommon trap: reason=class_check action=maybe_recompile pc=0x00000000032386e4 method=com.android.dx.cf.code.BytecodeArray.parseInstruction(ILcom/android/dx/cf/code/BytecodeArray$Visitor;)I @ 1672
Event: 1.849 Thread 0x000000001746c800 Uncommon trap: reason=class_check action=maybe_recompile pc=0x00000000032386e4 method=com.android.dx.cf.code.BytecodeArray.parseInstruction(ILcom/android/dx/cf/code/BytecodeArray$Visitor;)I @ 1672
Event: 1.857 Thread 0x000000001746c800 Uncommon trap: reason=class_check action=maybe_recompile pc=0x00000000032386e4 method=com.android.dx.cf.code.BytecodeArray.parseInstruction(ILcom/android/dx/cf/code/BytecodeArray$Visitor;)I @ 1672
Event: 1.871 Thread 0x000000001763c000 Uncommon trap: reason=class_check action=maybe_recompile pc=0x00000000031d8f94 method=com.android.dx.rop.code.RegisterSpec.withSimpleType()Lcom/android/dx/rop/code/RegisterSpec; @ 21
Event: 1.883 Thread 0x000000001746c800 Uncommon trap: reason=unreached action=reinterpret pc=0x000000000324e660 method=com.android.dx.ssa.SCCP.simulateBranch(Lcom/android/dx/ssa/SsaInsn;)V @ 132
Event: 2.146 Thread 0x000000001787e800 Uncommon trap: reason=class_check action=maybe_recompile pc=0x00000000031d8f94 method=com.android.dx.rop.code.RegisterSpec.withSimpleType()Lcom/android/dx/rop/code/RegisterSpec; @ 21
Event: 2.387 Thread 0x000000001746c800 Uncommon trap: reason=unreached action=reinterpret pc=0x0000000002fba65c method=com.android.dx.ssa.SsaMethod.updateOneDefinition(Lcom/android/dx/ssa/SsaInsn;Lcom/android/dx/rop/code/RegisterSpec;)V @ 4
Event: 2.934 Thread 0x000000001763c000 Uncommon trap: reason=bimorphic action=maybe_recompile pc=0x00000000032d34b8 method=com.android.dx.cf.code.BytecodeArray.parseInstruction(ILcom/android/dx/cf/code/BytecodeArray$Visitor;)I @ 1161
Event: 2.934 Thread 0x000000001763c000 Uncommon trap: reason=bimorphic action=maybe_recompile pc=0x00000000032d34b8 method=com.android.dx.cf.code.BytecodeArray.parseInstruction(ILcom/android/dx/cf/code/BytecodeArray$Visitor;)I @ 1161
Event: 3.335 Thread 0x000000001763c000 Uncommon trap: reason=unreached action=reinterpret pc=0x0000000003134a2c method=java.util.HashMap.getNode(ILjava/lang/Object;)Ljava/util/HashMap$Node; @ 84

Internal exceptions (10 events):
Event: 0.644 Thread 0x000000001787e800 Exception <a 'java/security/PrivilegedActionException'> (0x00000000ec61a830) thrown at [D:\re\workspace\8-2-build-windows-amd64-cygwin\jdk8u20\1074\hotspot\src\share\vm\prims\jvm.cpp, line 1275]
Event: 0.885 Thread 0x000000001787e800 Exception <a 'java/security/PrivilegedActionException'> (0x00000000eaf6a500) thrown at [D:\re\workspace\8-2-build-windows-amd64-cygwin\jdk8u20\1074\hotspot\src\share\vm\prims\jvm.cpp, line 1275]
Event: 0.920 Thread 0x00000000174bc800 Implicit null exception at 0x0000000002eb39e2 to 0x0000000002eb3ae1
Event: 1.139 Thread 0x000000001746c800 Exception <a 'java/security/PrivilegedActionException'> (0x00000000ebe4c3d8) thrown at [D:\re\workspace\8-2-build-windows-amd64-cygwin\jdk8u20\1074\hotspot\src\share\vm\prims\jvm.cpp, line 1275]
Event: 1.505 Thread 0x00000000174bc800 Implicit null exception at 0x0000000002f00010 to 0x0000000002f00181
Event: 1.655 Thread 0x000000000113d800 Exception <a 'java/security/PrivilegedActionException'> (0x00000000eab8bc08) thrown at [D:\re\workspace\8-2-build-windows-amd64-cygwin\jdk8u20\1074\hotspot\src\share\vm\prims\jvm.cpp, line 1275]
Event: 1.704 Thread 0x000000001787e800 Exception <a 'java/lang/ArrayIndexOutOfBoundsException': 18> (0x00000000ebc9d798) thrown at [D:\re\workspace\8-2-build-windows-amd64-cygwin\jdk8u20\1074\hotspot\src\share\vm\interpreter\interpreterRuntime.cpp, line 366]
Event: 1.705 Thread 0x000000001787e800 Exception <a 'java/lang/ArrayIndexOutOfBoundsException': 145> (0x00000000ebc9f230) thrown at [D:\re\workspace\8-2-build-windows-amd64-cygwin\jdk8u20\1074\hotspot\src\share\vm\interpreter\interpreterRuntime.cpp, line 366]
Event: 1.705 Thread 0x000000001787e800 Exception <a 'java/lang/ArrayIndexOutOfBoundsException'> (0x00000000ebca0448) thrown at [D:\re\workspace\8-2-build-windows-amd64-cygwin\jdk8u20\1074\hotspot\src\share\vm\runtime\sharedRuntime.cpp, line 604]
Event: 2.386 Thread 0x000000001746c800 Exception <a 'java/security/PrivilegedActionException'> (0x00000000ecf92178) thrown at [D:\re\workspace\8-2-build-windows-amd64-cygwin\jdk8u20\1074\hotspot\src\share\vm\prims\jvm.cpp, line 1275]

Events (10 events):
Event: 2.662 Executing VM operation: ParallelGCFailedAllocation done
Event: 2.934 Thread 0x000000001763c000 Uncommon trap: trap_request=0xffffffc6 fr.pc=0x00000000032d34b8
Event: 2.934 Thread 0x000000001763c000 DEOPT PACKING pc=0x00000000032d34b8 sp=0x0000000018d4e3d0
Event: 2.934 Thread 0x000000001763c000 DEOPT UNPACKING pc=0x0000000002b9556a sp=0x0000000018d4e398 mode 2
Event: 2.934 Thread 0x000000001763c000 Uncommon trap: trap_request=0xffffffc6 fr.pc=0x00000000032d34b8
Event: 2.934 Thread 0x000000001763c000 DEOPT PACKING pc=0x00000000032d34b8 sp=0x0000000018d4e3d0
Event: 2.934 Thread 0x000000001763c000 DEOPT UNPACKING pc=0x0000000002b9556a sp=0x0000000018d4e398 mode 2
Event: 3.335 Thread 0x000000001763c000 Uncommon trap: trap_request=0xffffffad fr.pc=0x0000000003134a2c
Event: 3.335 Thread 0x000000001763c000 DEOPT PACKING pc=0x0000000003134a2c sp=0x0000000018d4e080
Event: 3.335 Thread 0x000000001763c000 DEOPT UNPACKING pc=0x0000000002b9556a sp=0x0000000018d4dfa0 mode 2


Dynamic libraries:
0x00007ff666c40000 - 0x00007ff666c74000 	C:\Program Files\Java\jdk1.8.0_20\bin\java.exe
0x00007ff8604a0000 - 0x00007ff860661000 	C:\WINDOWS\SYSTEM32\ntdll.dll
0x00007ff85e790000 - 0x00007ff85e83d000 	C:\WINDOWS\system32\KERNEL32.DLL
0x00007ff85ce80000 - 0x00007ff85d068000 	C:\WINDOWS\system32\KERNELBASE.dll
0x00007ff85ee90000 - 0x00007ff85ef37000 	C:\WINDOWS\system32\ADVAPI32.dll
0x00007ff85e170000 - 0x00007ff85e20d000 	C:\WINDOWS\system32\msvcrt.dll
0x00007ff85e320000 - 0x00007ff85e37b000 	C:\WINDOWS\system32\sechost.dll
0x00007ff85e380000 - 0x00007ff85e49c000 	C:\WINDOWS\system32\RPCRT4.dll
0x00007ff85dda0000 - 0x00007ff85def6000 	C:\WINDOWS\system32\USER32.dll
0x00007ff85db00000 - 0x00007ff85dc86000 	C:\WINDOWS\system32\GDI32.dll
0x00007ff8532f0000 - 0x00007ff853564000 	C:\WINDOWS\WinSxS\amd64_microsoft.windows.common-controls_6595b64144ccf1df_6.0.10586.589_none_a2ddb3caa539acce\COMCTL32.dll
0x00007ff85d880000 - 0x00007ff85dafd000 	C:\WINDOWS\system32\combase.dll
0x00007ff85d810000 - 0x00007ff85d87a000 	C:\WINDOWS\system32\bcryptPrimitives.dll
0x00007ff85e210000 - 0x00007ff85e24b000 	C:\WINDOWS\system32\IMM32.DLL
0x0000000074570000 - 0x0000000074642000 	C:\Program Files\Java\jdk1.8.0_20\jre\bin\msvcr100.dll
0x0000000073d10000 - 0x0000000074568000 	C:\Program Files\Java\jdk1.8.0_20\jre\bin\server\jvm.dll
0x00007ff85df00000 - 0x00007ff85df08000 	C:\WINDOWS\system32\PSAPI.DLL
0x00007ff850930000 - 0x00007ff850939000 	C:\WINDOWS\SYSTEM32\WSOCK32.dll
0x00007ff85b1a0000 - 0x00007ff85b1c3000 	C:\WINDOWS\SYSTEM32\WINMM.dll
0x00007ff85e660000 - 0x00007ff85e6cb000 	C:\WINDOWS\system32\WS2_32.dll
0x0000000001030000 - 0x000000000105c000 	C:\WINDOWS\SYSTEM32\WINMMBASE.dll
0x00007ff85cb30000 - 0x00007ff85cb73000 	C:\WINDOWS\system32\cfgmgr32.dll
0x0000000073d00000 - 0x0000000073d0f000 	C:\Program Files\Java\jdk1.8.0_20\jre\bin\verify.dll
0x0000000073cd0000 - 0x0000000073cf8000 	C:\Program Files\Java\jdk1.8.0_20\jre\bin\java.dll
0x0000000073cb0000 - 0x0000000073cc6000 	C:\Program Files\Java\jdk1.8.0_20\jre\bin\zip.dll
0x00007ff85ef40000 - 0x00007ff86049c000 	C:\WINDOWS\system32\SHELL32.dll
0x00007ff85d1c0000 - 0x00007ff85d805000 	C:\WINDOWS\system32\windows.storage.dll
0x00007ff85e730000 - 0x00007ff85e782000 	C:\WINDOWS\system32\shlwapi.dll
0x00007ff85caa0000 - 0x00007ff85caaf000 	C:\WINDOWS\system32\kernel.appcore.dll
0x00007ff85d100000 - 0x00007ff85d1b5000 	C:\WINDOWS\system32\shcore.dll
0x00007ff85cab0000 - 0x00007ff85cafb000 	C:\WINDOWS\system32\powrprof.dll
0x00007ff85cb00000 - 0x00007ff85cb14000 	C:\WINDOWS\system32\profapi.dll
0x00007ff851850000 - 0x00007ff8519dc000 	C:\WINDOWS\SYSTEM32\dbghelp.dll

VM Arguments:
jvm_args: -Djava.awt.headless=true -Xmx1024M -Dfile.encoding=windows-1252 -Duser.country=US -Duser.language=en -Duser.variant 
java_command: com.android.dx.command.Main --dex --num-threads=4 --multi-dex --main-dex-list C:\Users\admin\Documents\GitHub\ShaneelSD\SoftwareDesign\FindMeTutor\FindMeTutor\tutor_app\build\intermediates\multi-dex\debug\maindexlist.txt --output C:\Users\admin\Documents\GitHub\ShaneelSD\SoftwareDesign\FindMeTutor\FindMeTutor\tutor_app\build\intermediates\transforms\dex\debug\folders\1000\1f\main C:\Users\admin\Documents\GitHub\ShaneelSD\SoftwareDesign\FindMeTutor\FindMeTutor\tutor_app\build\intermediates\transforms\jarMerging\debug\jars\1\1f\combined.jar
java_class_path (initial): C:\Users\admin\AppData\Local\Android\sdk\build-tools\24.0.1\lib\dx.jar
Launcher Type: SUN_STANDARD

Environment Variables:
PATH=C:\ProgramData\Oracle\Java\javapath;C:\Program Files (x86)\Intel\iCLS Client\;C:\Program Files\Intel\iCLS Client\;C:\WINDOWS\system32;C:\WINDOWS;C:\WINDOWS\System32\Wbem;C:\WINDOWS\System32\WindowsPowerShell\v1.0\;C:\Program Files\Intel\Intel(R) Management Engine Components\DAL;C:\Program Files\Intel\Intel(R) Management Engine Components\IPT;C:\Program Files (x86)\Intel\Intel(R) Management Engine Components\DAL;C:\Program Files (x86)\Intel\Intel(R) Management Engine Components\IPT;C:\Program Files\WIDCOMM\Bluetooth Software\;C:\Program Files\WIDCOMM\Bluetooth Software\syswow64;C:\Program Files (x86)\Intel\OpenCL SDK\2.0\bin\x86;C:\Program Files (x86)\Intel\OpenCL SDK\2.0\bin\x64;C:\Program Files\Intel\WiFi\bin\;C:\Program Files\Common Files\Intel\WirelessCommon\;c:\Program Files (x86)\Microsoft SQL Server\100\Tools\Binn\;c:\Program Files\Microsoft SQL Server\100\Tools\Binn\;c:\Program Files\Microsoft SQL Server\100\DTS\Binn\;C:\Program Files (x86)\MySQL\MySQL Fabric 1.5.4 & MySQL Utilities 1.5.4 1.5\;C:\Program Files (x86)\MySQL\MySQL Fabric 1.5.4 & MySQL Utilities 1.5.4 1.5\Doctrine extensions for PHP\;C:\Program Files (x86)\Borland\Delphi7\Bin;C:\Program Files (x86)\Borland\Delphi7\Projects\Bpl;C:\Program Files (x86)\Borland\Delphi7\Rave5;C:\Program Files\Git\cmd;C:\Program Files (x86)\OpenVPN\bin;C:\Program Files\Intel\WiFi\bin\;C:\Program Files\Common Files\Intel\WirelessCommon\
USERNAME=admin
OS=Windows_NT
PROCESSOR_IDENTIFIER=Intel64 Family 6 Model 58 Stepping 9, GenuineIntel



---------------  S Y S T E M  ---------------

OS: Windows 8.1 , 64 bit Build 9600 

CPU:total 4 (2 cores per cpu, 2 threads per core) family 6 model 58 stepping 9, cmov, cx8, fxsr, mmx, sse, sse2, sse3, ssse3, sse4.1, sse4.2, popcnt, avx, aes, clmul, erms, ht, tsc, tscinvbit, tscinv

Memory: 4k page, physical 8258576k(1679704k free), swap 10306576k(5128k free)

vm_info: Java HotSpot(TM) 64-Bit Server VM (25.20-b23) for windows-amd64 JRE (1.8.0_20-b26), built on Jul 30 2014 13:51:23 by "java_re" with MS VC++ 10.0 (VS2010)

time: Wed Oct 26 13:20:32 2016
elapsed time: 3 seconds (0d 0h 0m 3s)

