#
# There is insufficient memory for the Java Runtime Environment to continue.
# Native memory allocation (malloc) failed to allocate 1248496 bytes for Chunk::new
# Possible reasons:
#   The system is out of physical RAM or swap space
#   In 32 bit mode, the process size limit was hit
# Possible solutions:
#   Reduce memory load on the system
#   Increase physical memory or swap space
#   Check if swap backing store is full
#   Use 64 bit Java on a 64 bit OS
#   Decrease Java heap size (-Xmx/-Xms)
#   Decrease number of Java threads
#   Decrease Java thread stack sizes (-Xss)
#   Set larger code cache with -XX:ReservedCodeCacheSize=
# This output file may be truncated or incomplete.
#
#  Out of Memory Error (allocation.cpp:390), pid=14976, tid=7180
#
# JRE version: Java(TM) SE Runtime Environment (8.0_20-b26) (build 1.8.0_20-b26)
# Java VM: Java HotSpot(TM) 64-Bit Server VM (25.20-b23 mixed mode windows-amd64 compressed oops)
# Failed to write core dump. Minidumps are not enabled by default on client versions of Windows
#

---------------  T H R E A D  ---------------

Current thread (0x0000000014a7d800):  JavaThread "C2 CompilerThread0" daemon [_thread_in_native, id=7180, stack(0x0000000015fe0000,0x00000000160e0000)]

Stack: [0x0000000015fe0000,0x00000000160e0000]
Native frames: (J=compiled Java code, j=interpreted, Vv=VM code, C=native code)
V  [jvm.dll+0x3152fa]


Current CompileTask:
C2:   2283 1266       4       com.android.dx.ssa.SCCP::simulateBranch (666 bytes)


---------------  P R O C E S S  ---------------

Java Threads: ( => current thread )
  0x000000001672b800 JavaThread "pool-2-thread-4" [_thread_blocked, id=14128, stack(0x0000000016ce0000,0x0000000016de0000)]
  0x0000000016749800 JavaThread "pool-2-thread-3" [_thread_in_Java, id=14468, stack(0x0000000016be0000,0x0000000016ce0000)]
  0x0000000016748000 JavaThread "pool-2-thread-2" [_thread_in_Java, id=13396, stack(0x0000000016ae0000,0x0000000016be0000)]
  0x0000000016744800 JavaThread "pool-3-thread-1" [_thread_blocked, id=6076, stack(0x00000000169e0000,0x0000000016ae0000)]
  0x0000000016741800 JavaThread "pool-2-thread-1" [_thread_in_vm, id=11684, stack(0x00000000168e0000,0x00000000169e0000)]
  0x0000000014adb000 JavaThread "Service Thread" daemon [_thread_blocked, id=936, stack(0x00000000162e0000,0x00000000163e0000)]
  0x0000000014ad4000 JavaThread "C1 CompilerThread2" daemon [_thread_in_native, id=14608, stack(0x00000000161e0000,0x00000000162e0000)]
  0x0000000014acb000 JavaThread "C2 CompilerThread1" daemon [_thread_blocked, id=9644, stack(0x00000000160e0000,0x00000000161e0000)]
=>0x0000000014a7d800 JavaThread "C2 CompilerThread0" daemon [_thread_in_native, id=7180, stack(0x0000000015fe0000,0x00000000160e0000)]
  0x0000000014a7b000 JavaThread "Attach Listener" daemon [_thread_blocked, id=15356, stack(0x0000000015ee0000,0x0000000015fe0000)]
  0x0000000014a7a000 JavaThread "Signal Dispatcher" daemon [_thread_blocked, id=14820, stack(0x0000000015de0000,0x0000000015ee0000)]
  0x00000000022ef000 JavaThread "Finalizer" daemon [_thread_blocked, id=12960, stack(0x0000000015ce0000,0x0000000015de0000)]
  0x00000000022ed800 JavaThread "Reference Handler" daemon [_thread_blocked, id=6084, stack(0x0000000015be0000,0x0000000015ce0000)]
  0x00000000023ad800 JavaThread "main" [_thread_blocked, id=6600, stack(0x00000000020c0000,0x00000000021c0000)]

Other Threads:
  0x0000000014a45800 VMThread [stack: 0x0000000015ae0000,0x0000000015be0000] [id=5352]
  0x0000000014add800 WatcherThread [stack: 0x00000000163e0000,0x00000000164e0000] [id=14256]

VM state:not at safepoint (normal execution)

VM Mutex/Monitor currently owned by a thread:  ([mutex/lock_event])
[0x00000000023abfe0] CodeCache_lock - owner thread: 0x0000000014ad4000
[0x0000000002201950] Compile_lock - owner thread: 0x0000000014ad4000

Heap:
 PSYoungGen      total 38400K, used 11020K [0x00000000eab00000, 0x00000000ed580000, 0x0000000100000000)
  eden space 33280K, 17% used [0x00000000eab00000,0x00000000eb0c37f8,0x00000000ecb80000)
  from space 5120K, 99% used [0x00000000ecb80000,0x00000000ed07f808,0x00000000ed080000)
  to   space 5120K, 0% used [0x00000000ed080000,0x00000000ed080000,0x00000000ed580000)
 ParOldGen       total 87552K, used 1289K [0x00000000c0000000, 0x00000000c5580000, 0x00000000eab00000)
  object space 87552K, 1% used [0x00000000c0000000,0x00000000c01426c8,0x00000000c5580000)
 Metaspace       used 5965K, capacity 6960K, committed 7040K, reserved 1056768K
  class space    used 583K, capacity 616K, committed 640K, reserved 1048576K

Card table byte_map: [0x0000000011770000,0x0000000011980000] byte_map_base: 0x0000000011170000

Marking Bits: (ParMarkBitMap*) 0x000000006451b460
 Begin Bits: [0x0000000011ee0000, 0x0000000012ee0000)
 End Bits:   [0x0000000012ee0000, 0x0000000013ee0000)

Polling page: 0x0000000000670000

CodeCache: size=245760Kb used=5288Kb max_used=5288Kb free=240471Kb
 bounds [0x00000000023b0000, 0x00000000028e0000, 0x00000000113b0000]
 total_blobs=1597 nmethods=1333 adapters=178
 compilation: enabled

Compilation events (10 events):
Event: 2.277 Thread 0x0000000014ad4000 1331       3       java.util.Arrays::rangeCheck (74 bytes)
Event: 2.277 Thread 0x0000000014ad4000 nmethod 1331 0x00000000028d7a90 code [0x00000000028d7ce0, 0x00000000028d89c8]
Event: 2.277 Thread 0x0000000014ad4000 1333       3       com.android.dx.dex.code.SimpleInsn::<init> (8 bytes)
Event: 2.278 Thread 0x0000000014ad4000 nmethod 1333 0x00000000028d8f90 code [0x00000000028d9100, 0x00000000028d92e8]
Event: 2.278 Thread 0x0000000014ad4000 1328       1       com.android.dx.rop.code.SourcePosition::getLine (5 bytes)
Event: 2.278 Thread 0x0000000014ad4000 nmethod 1328 0x00000000028d93d0 code [0x00000000028d9520, 0x00000000028d9630]
Event: 2.278 Thread 0x0000000014ad4000 1334       3       com.android.dx.ssa.SsaMethod::onInsnsChanged (16 bytes)
Event: 2.278 Thread 0x0000000014ad4000 nmethod 1334 0x00000000028d9690 code [0x00000000028d97e0, 0x00000000028d9970]
Event: 2.278 Thread 0x0000000014ad4000 1335       3       com.android.dx.util.LabeledList::rebuildLabelToIndex (46 bytes)
Event: 2.278 Thread 0x0000000014ad4000 nmethod 1335 0x00000000028d9a10 code [0x00000000028d9bc0, 0x00000000028da248]

GC Heap History (2 events):
Event: 2.113 GC heap before
{Heap before GC invocations=1 (full 0):
 PSYoungGen      total 38400K, used 33280K [0x00000000eab00000, 0x00000000ed580000, 0x0000000100000000)
  eden space 33280K, 100% used [0x00000000eab00000,0x00000000ecb80000,0x00000000ecb80000)
  from space 5120K, 0% used [0x00000000ed080000,0x00000000ed080000,0x00000000ed580000)
  to   space 5120K, 0% used [0x00000000ecb80000,0x00000000ecb80000,0x00000000ed080000)
 ParOldGen       total 87552K, used 0K [0x00000000c0000000, 0x00000000c5580000, 0x00000000eab00000)
  object space 87552K, 0% used [0x00000000c0000000,0x00000000c0000000,0x00000000c5580000)
 Metaspace       used 5930K, capacity 6896K, committed 7040K, reserved 1056768K
  class space    used 582K, capacity 616K, committed 640K, reserved 1048576K
Event: 2.249 GC heap after
Heap after GC invocations=1 (full 0):
 PSYoungGen      total 38400K, used 5118K [0x00000000eab00000, 0x00000000ed580000, 0x0000000100000000)
  eden space 33280K, 0% used [0x00000000eab00000,0x00000000eab00000,0x00000000ecb80000)
  from space 5120K, 99% used [0x00000000ecb80000,0x00000000ed07f808,0x00000000ed080000)
  to   space 5120K, 0% used [0x00000000ed080000,0x00000000ed080000,0x00000000ed580000)
 ParOldGen       total 87552K, used 1289K [0x00000000c0000000, 0x00000000c5580000, 0x00000000eab00000)
  object space 87552K, 1% used [0x00000000c0000000,0x00000000c01426c8,0x00000000c5580000)
 Metaspace       used 5930K, capacity 6896K, committed 7040K, reserved 1056768K
  class space    used 582K, capacity 616K, committed 640K, reserved 1048576K
}

Deoptimization events (4 events):
Event: 1.546 Thread 0x000000001672b800 Uncommon trap: reason=null_check action=make_not_entrant pc=0x00000000026addd0 method=com.android.dx.ssa.SsaRenamer.getLocalForNewReg(I)Lcom/android/dx/rop/code/LocalItem; @ 19
Event: 1.847 Thread 0x000000001672b800 Uncommon trap: reason=bimorphic action=maybe_recompile pc=0x000000000274ee84 method=java.util.HashMap.getNode(ILjava/lang/Object;)Ljava/util/HashMap$Node; @ 126
Event: 1.847 Thread 0x000000001672b800 Uncommon trap: reason=class_check action=maybe_recompile pc=0x00000000028771f4 method=java.util.HashMap.putVal(ILjava/lang/Object;Ljava/lang/Object;ZZ)Ljava/lang/Object; @ 203
Event: 1.847 Thread 0x000000001672b800 Uncommon trap: reason=bimorphic action=maybe_recompile pc=0x000000000274ee84 method=java.util.HashMap.getNode(ILjava/lang/Object;)Ljava/util/HashMap$Node; @ 126

Internal exceptions (10 events):
Event: 1.047 Thread 0x0000000016748000 Exception <a 'java/security/PrivilegedActionException'> (0x00000000eb7f26c8) thrown at [D:\re\workspace\8-2-build-windows-amd64-cygwin\jdk8u20\1074\hotspot\src\share\vm\prims\jvm.cpp, line 1275]
Event: 1.048 Thread 0x0000000016748000 Exception <a 'java/security/PrivilegedActionException'> (0x00000000eb7f6c88) thrown at [D:\re\workspace\8-2-build-windows-amd64-cygwin\jdk8u20\1074\hotspot\src\share\vm\prims\jvm.cpp, line 1275]
Event: 1.064 Thread 0x0000000016748000 Exception <a 'java/security/PrivilegedActionException'> (0x00000000eb8dd2f8) thrown at [D:\re\workspace\8-2-build-windows-amd64-cygwin\jdk8u20\1074\hotspot\src\share\vm\prims\jvm.cpp, line 1275]
Event: 1.546 Thread 0x000000001672b800 Implicit null exception at 0x00000000026aba9a to 0x00000000026adda9
Event: 1.583 Thread 0x00000000023ad800 Exception <a 'java/security/PrivilegedActionException'> (0x00000000ec024818) thrown at [D:\re\workspace\8-2-build-windows-amd64-cygwin\jdk8u20\1074\hotspot\src\share\vm\prims\jvm.cpp, line 1275]
Event: 1.781 Thread 0x0000000016741800 Exception <a 'java/security/PrivilegedActionException'> (0x00000000ec0d13e0) thrown at [D:\re\workspace\8-2-build-windows-amd64-cygwin\jdk8u20\1074\hotspot\src\share\vm\prims\jvm.cpp, line 1275]
Event: 1.786 Thread 0x00000000023ad800 Exception <a 'java/security/PrivilegedActionException'> (0x00000000ec524db8) thrown at [D:\re\workspace\8-2-build-windows-amd64-cygwin\jdk8u20\1074\hotspot\src\share\vm\prims\jvm.cpp, line 1275]
Event: 1.786 Thread 0x00000000023ad800 Exception <a 'java/security/PrivilegedActionException'> (0x00000000ec5279d8) thrown at [D:\re\workspace\8-2-build-windows-amd64-cygwin\jdk8u20\1074\hotspot\src\share\vm\prims\jvm.cpp, line 1275]
Event: 1.787 Thread 0x00000000023ad800 Exception <a 'java/security/PrivilegedActionException'> (0x00000000ec52aa48) thrown at [D:\re\workspace\8-2-build-windows-amd64-cygwin\jdk8u20\1074\hotspot\src\share\vm\prims\jvm.cpp, line 1275]
Event: 1.789 Thread 0x00000000023ad800 Exception <a 'java/security/PrivilegedActionException'> (0x00000000ec532398) thrown at [D:\re\workspace\8-2-build-windows-amd64-cygwin\jdk8u20\1074\hotspot\src\share\vm\prims\jvm.cpp, line 1275]

Events (10 events):
Event: 1.847 Thread 0x000000001672b800 Uncommon trap: trap_request=0xffffffde fr.pc=0x00000000028771f4
Event: 1.847 Thread 0x000000001672b800 DEOPT PACKING pc=0x00000000028771f4 sp=0x0000000016ddeab0
Event: 1.847 Thread 0x000000001672b800 DEOPT UNPACKING pc=0x00000000023f556a sp=0x0000000016ddea28 mode 2
Event: 1.847 Thread 0x000000001672b800 Uncommon trap: trap_request=0xffffffc6 fr.pc=0x000000000274ee84
Event: 1.847 Thread 0x000000001672b800 DEOPT PACKING pc=0x000000000274ee84 sp=0x0000000016ddeac0
Event: 1.847 Thread 0x000000001672b800 DEOPT UNPACKING pc=0x00000000023f556a sp=0x0000000016dde9d8 mode 2
Event: 2.112 Executing VM operation: ParallelGCFailedAllocation
Event: 2.249 Executing VM operation: ParallelGCFailedAllocation done
Event: 2.249 loading class sun/misc/Cleaner
Event: 2.250 loading class sun/misc/Cleaner done


Dynamic libraries:
0x00007ff79b830000 - 0x00007ff79b864000 	C:\Program Files\Java\jdk1.8.0_20\bin\java.exe
0x00007ffc6b1c0000 - 0x00007ffc6b381000 	C:\WINDOWS\SYSTEM32\ntdll.dll
0x00007ffc68920000 - 0x00007ffc689cd000 	C:\WINDOWS\system32\KERNEL32.DLL
0x00007ffc67a70000 - 0x00007ffc67c58000 	C:\WINDOWS\system32\KERNELBASE.dll
0x00007ffc6b110000 - 0x00007ffc6b1b7000 	C:\WINDOWS\system32\ADVAPI32.dll
0x00007ffc6af30000 - 0x00007ffc6afcd000 	C:\WINDOWS\system32\msvcrt.dll
0x00007ffc6b040000 - 0x00007ffc6b09b000 	C:\WINDOWS\system32\sechost.dll
0x00007ffc689d0000 - 0x00007ffc68aec000 	C:\WINDOWS\system32\RPCRT4.dll
0x00007ffc6ac30000 - 0x00007ffc6ad86000 	C:\WINDOWS\system32\USER32.dll
0x00007ffc6ad90000 - 0x00007ffc6af16000 	C:\WINDOWS\system32\GDI32.dll
0x00007ffc5dcb0000 - 0x00007ffc5df24000 	C:\WINDOWS\WinSxS\amd64_microsoft.windows.common-controls_6595b64144ccf1df_6.0.10586.589_none_a2ddb3caa539acce\COMCTL32.dll
0x00007ffc6a5e0000 - 0x00007ffc6a85d000 	C:\WINDOWS\system32\combase.dll
0x00007ffc67c80000 - 0x00007ffc67cea000 	C:\WINDOWS\system32\bcryptPrimitives.dll
0x00007ffc68770000 - 0x00007ffc687ab000 	C:\WINDOWS\system32\IMM32.DLL
0x00000000645a0000 - 0x0000000064672000 	C:\Program Files\Java\jdk1.8.0_20\jre\bin\msvcr100.dll
0x0000000063d40000 - 0x0000000064598000 	C:\Program Files\Java\jdk1.8.0_20\jre\bin\server\jvm.dll
0x00007ffc6b0a0000 - 0x00007ffc6b0a8000 	C:\WINDOWS\system32\PSAPI.DLL
0x00007ffc5c500000 - 0x00007ffc5c509000 	C:\WINDOWS\SYSTEM32\WSOCK32.dll
0x00007ffc68700000 - 0x00007ffc6876b000 	C:\WINDOWS\system32\WS2_32.dll
0x00007ffc65ad0000 - 0x00007ffc65af3000 	C:\WINDOWS\SYSTEM32\WINMM.dll
0x00007ffc65aa0000 - 0x00007ffc65acc000 	C:\WINDOWS\SYSTEM32\WINMMBASE.dll
0x00007ffc679c0000 - 0x00007ffc67a03000 	C:\WINDOWS\system32\cfgmgr32.dll
0x0000000063d30000 - 0x0000000063d3f000 	C:\Program Files\Java\jdk1.8.0_20\jre\bin\verify.dll
0x0000000063d00000 - 0x0000000063d28000 	C:\Program Files\Java\jdk1.8.0_20\jre\bin\java.dll
0x0000000063ce0000 - 0x0000000063cf6000 	C:\Program Files\Java\jdk1.8.0_20\jre\bin\zip.dll
0x00007ffc68af0000 - 0x00007ffc6a04c000 	C:\WINDOWS\system32\SHELL32.dll
0x00007ffc67f50000 - 0x00007ffc68595000 	C:\WINDOWS\system32\windows.storage.dll
0x00007ffc688c0000 - 0x00007ffc68912000 	C:\WINDOWS\system32\shlwapi.dll
0x00007ffc67830000 - 0x00007ffc6783f000 	C:\WINDOWS\system32\kernel.appcore.dll
0x00007ffc67900000 - 0x00007ffc679b5000 	C:\WINDOWS\system32\shcore.dll
0x00007ffc677c0000 - 0x00007ffc6780b000 	C:\WINDOWS\system32\powrprof.dll
0x00007ffc67810000 - 0x00007ffc67824000 	C:\WINDOWS\system32\profapi.dll

VM Arguments:
jvm_args: -Djava.awt.headless=true -Xmx1024M -Dfile.encoding=windows-1252 -Duser.country=US -Duser.language=en -Duser.variant 
java_command: com.android.dx.command.Main --dex --force-jumbo --num-threads=4 --multi-dex --output C:\Users\admin\Documents\GitHub\ShaneelSD\SoftwareDesign\FindMeTutor\FindMeTutor\tutor_app\build\intermediates\transforms\dex\debug\folders\1000\2\mail_4ecf32e7c9c6febc1145e6fa3a100181b880efab C:\Users\admin\Documents\GitHub\ShaneelSD\SoftwareDesign\FindMeTutor\FindMeTutor\tutor_app\src\main\libs\mail.jar
java_class_path (initial): C:\Users\admin\AppData\Local\Android\sdk\build-tools\24.0.1\lib\dx.jar
Launcher Type: SUN_STANDARD

Environment Variables:
PATH=C:\ProgramData\Oracle\Java\javapath;C:\Program Files (x86)\Intel\iCLS Client\;C:\Program Files\Intel\iCLS Client\;C:\WINDOWS\system32;C:\WINDOWS;C:\WINDOWS\System32\Wbem;C:\WINDOWS\System32\WindowsPowerShell\v1.0\;C:\Program Files\Intel\Intel(R) Management Engine Components\DAL;C:\Program Files\Intel\Intel(R) Management Engine Components\IPT;C:\Program Files (x86)\Intel\Intel(R) Management Engine Components\DAL;C:\Program Files (x86)\Intel\Intel(R) Management Engine Components\IPT;C:\Program Files\WIDCOMM\Bluetooth Software\;C:\Program Files\WIDCOMM\Bluetooth Software\syswow64;C:\Program Files (x86)\Intel\OpenCL SDK\2.0\bin\x86;C:\Program Files (x86)\Intel\OpenCL SDK\2.0\bin\x64;C:\Program Files\Intel\WiFi\bin\;C:\Program Files\Common Files\Intel\WirelessCommon\;c:\Program Files (x86)\Microsoft SQL Server\100\Tools\Binn\;c:\Program Files\Microsoft SQL Server\100\Tools\Binn\;c:\Program Files\Microsoft SQL Server\100\DTS\Binn\;C:\Program Files (x86)\MySQL\MySQL Fabric 1.5.4 & MySQL Utilities 1.5.4 1.5\;C:\Program Files (x86)\MySQL\MySQL Fabric 1.5.4 & MySQL Utilities 1.5.4 1.5\Doctrine extensions for PHP\;C:\Program Files (x86)\Borland\Delphi7\Bin;C:\Program Files (x86)\Borland\Delphi7\Projects\Bpl;C:\Program Files (x86)\Borland\Delphi7\Rave5;C:\Program Files\Git\cmd;C:\Program Files (x86)\OpenVPN\bin;C:\Program Files\Intel\WiFi\bin\;C:\Program Files\Common Files\Intel\WirelessCommon\
USERNAME=admin
OS=Windows_NT
PROCESSOR_IDENTIFIER=Intel64 Family 6 Model 58 Stepping 9, GenuineIntel



---------------  S Y S T E M  ---------------

OS: Windows 8.1 , 64 bit Build 9600 

CPU:total 4 (2 cores per cpu, 2 threads per core) family 6 model 58 stepping 9, cmov, cx8, fxsr, mmx, sse, sse2, sse3, ssse3, sse4.1, sse4.2, popcnt, avx, aes, clmul, erms, ht, tsc, tscinvbit, tscinv

Memory: 4k page, physical 8258576k(2314616k free), swap 10306576k(5140k free)

vm_info: Java HotSpot(TM) 64-Bit Server VM (25.20-b23) for windows-amd64 JRE (1.8.0_20-b26), built on Jul 30 2014 13:51:23 by "java_re" with MS VC++ 10.0 (VS2010)

time: Fri Oct 28 12:09:45 2016
elapsed time: 2 seconds (0d 0h 0m 2s)

