#
# There is insufficient memory for the Java Runtime Environment to continue.
# Native memory allocation (malloc) failed to allocate 660096 bytes for Chunk::new
# Possible reasons:
#   The system is out of physical RAM or swap space
#   In 32 bit mode, the process size limit was hit
# Possible solutions:
#   Reduce memory load on the system
#   Increase physical memory or swap space
#   Check if swap backing store is full
#   Use 64 bit Java on a 64 bit OS
#   Decrease Java heap size (-Xmx/-Xms)
#   Decrease number of Java threads
#   Decrease Java thread stack sizes (-Xss)
#   Set larger code cache with -XX:ReservedCodeCacheSize=
# This output file may be truncated or incomplete.
#
#  Out of Memory Error (allocation.cpp:390), pid=2908, tid=13936
#
# JRE version: Java(TM) SE Runtime Environment (8.0_20-b26) (build 1.8.0_20-b26)
# Java VM: Java HotSpot(TM) 64-Bit Server VM (25.20-b23 mixed mode windows-amd64 compressed oops)
# Failed to write core dump. Minidumps are not enabled by default on client versions of Windows
#

---------------  T H R E A D  ---------------

Current thread (0x0000000014fcd800):  JavaThread "C2 CompilerThread0" daemon [_thread_in_native, id=13936, stack(0x0000000016530000,0x0000000016630000)]

Stack: [0x0000000016530000,0x0000000016630000]
Native frames: (J=compiled Java code, j=interpreted, Vv=VM code, C=native code)
V  [jvm.dll+0x3152fa]
V  [jvm.dll+0x265d03]
V  [jvm.dll+0x266943]
V  [jvm.dll+0x25e265]
V  [jvm.dll+0xbe255]
V  [jvm.dll+0xbe6fc]
V  [jvm.dll+0x45c472]
V  [jvm.dll+0x49d76f]
V  [jvm.dll+0x451911]
V  [jvm.dll+0x452634]
V  [jvm.dll+0x435fc2]
V  [jvm.dll+0x97b62]
V  [jvm.dll+0x98353]
V  [jvm.dll+0x22aac4]
V  [jvm.dll+0x283f5a]
C  [msvcr100.dll+0x21d9f]
C  [msvcr100.dll+0x21e3b]
C  [KERNEL32.DLL+0x18102]
C  [ntdll.dll+0x5c5b4]


Current CompileTask:
C2:   3364 1535       4       com.android.dx.ssa.LiteralOpUpgrader$1::visitNonMoveInsn (203 bytes)


---------------  P R O C E S S  ---------------

Java Threads: ( => current thread )
  0x0000000016dca800 JavaThread "pool-2-thread-4" [_thread_blocked, id=980, stack(0x0000000017a30000,0x0000000017b30000)]
  0x0000000016c88000 JavaThread "pool-2-thread-3" [_thread_in_vm, id=9552, stack(0x0000000017930000,0x0000000017a30000)]
  0x0000000016d46000 JavaThread "pool-2-thread-2" [_thread_in_vm, id=4696, stack(0x0000000017830000,0x0000000017930000)]
  0x0000000016d90000 JavaThread "pool-3-thread-1" [_thread_blocked, id=6396, stack(0x0000000017730000,0x0000000017830000)]
  0x0000000016d8f800 JavaThread "pool-2-thread-1" [_thread_in_Java, id=2700, stack(0x0000000017630000,0x0000000017730000)]
  0x0000000015028000 JavaThread "Service Thread" daemon [_thread_blocked, id=7900, stack(0x0000000016830000,0x0000000016930000)]
  0x0000000015021000 JavaThread "C1 CompilerThread2" daemon [_thread_blocked, id=11372, stack(0x0000000016730000,0x0000000016830000)]
  0x000000001501e000 JavaThread "C2 CompilerThread1" daemon [_thread_in_native, id=4552, stack(0x0000000016630000,0x0000000016730000)]
=>0x0000000014fcd800 JavaThread "C2 CompilerThread0" daemon [_thread_in_native, id=13936, stack(0x0000000016530000,0x0000000016630000)]
  0x0000000014fcb800 JavaThread "Attach Listener" daemon [_thread_blocked, id=10772, stack(0x0000000016430000,0x0000000016530000)]
  0x0000000014fca000 JavaThread "Signal Dispatcher" daemon [_thread_blocked, id=5952, stack(0x0000000016330000,0x0000000016430000)]
  0x000000000280f000 JavaThread "Finalizer" daemon [_thread_blocked, id=13156, stack(0x0000000016230000,0x0000000016330000)]
  0x0000000014f98000 JavaThread "Reference Handler" daemon [_thread_blocked, id=4720, stack(0x0000000016130000,0x0000000016230000)]
  0x00000000028fd800 JavaThread "main" [_thread_blocked, id=8932, stack(0x00000000025e0000,0x00000000026e0000)]

Other Threads:
  0x0000000014f96000 VMThread [stack: 0x0000000016030000,0x0000000016130000] [id=4960]
  0x000000001502a800 WatcherThread [stack: 0x0000000016930000,0x0000000016a30000] [id=12928]

VM state:synchronizing (normal execution)

VM Mutex/Monitor currently owned by a thread:  ([mutex/lock_event])
[0x00000000028fc790] Safepoint_lock - owner thread: 0x0000000014f96000
[0x00000000028fc890] Threads_lock - owner thread: 0x0000000014f96000
[0x00000000028fd210] Heap_lock - owner thread: 0x0000000016dca800

Heap:
 PSYoungGen      total 38400K, used 38388K [0x00000000eab00000, 0x00000000ed580000, 0x0000000100000000)
  eden space 33280K, 100% used [0x00000000eab00000,0x00000000ecb80000,0x00000000ecb80000)
  from space 5120K, 99% used [0x00000000ecb80000,0x00000000ed07d258,0x00000000ed080000)
  to   space 5120K, 0% used [0x00000000ed080000,0x00000000ed080000,0x00000000ed580000)
 ParOldGen       total 87552K, used 985K [0x00000000c0000000, 0x00000000c5580000, 0x00000000eab00000)
  object space 87552K, 1% used [0x00000000c0000000,0x00000000c00f6518,0x00000000c5580000)
 Metaspace       used 6307K, capacity 7094K, committed 7296K, reserved 1056768K
  class space    used 607K, capacity 622K, committed 640K, reserved 1048576K

Card table byte_map: [0x0000000011cc0000,0x0000000011ed0000] byte_map_base: 0x00000000116c0000

Marking Bits: (ParMarkBitMap*) 0x000000006451b460
 Begin Bits: [0x0000000012430000, 0x0000000013430000)
 End Bits:   [0x0000000013430000, 0x0000000014430000)

Polling page: 0x0000000000b60000

CodeCache: size=245760Kb used=6308Kb max_used=6308Kb free=239451Kb
 bounds [0x0000000002900000, 0x0000000002f30000, 0x0000000011900000]
 total_blobs=1846 nmethods=1575 adapters=185
 compilation: enabled

Compilation events (10 events):
Event: 3.331 Thread 0x0000000015021000 nmethod 1574 0x0000000002f0c690 code [0x0000000002f0c8a0, 0x0000000002f0d358]
Event: 3.331 Thread 0x0000000015021000 1577       3       com.android.dx.ssa.ConstCollector::run (236 bytes)
Event: 3.335 Thread 0x0000000015021000 nmethod 1577 0x0000000002f0da90 code [0x0000000002f0e020, 0x0000000002f11598]
Event: 3.335 Thread 0x0000000015021000 1585       3       com.android.dx.cf.code.ConcreteMethod::<init> (262 bytes)
Event: 3.337 Thread 0x0000000015021000 nmethod 1585 0x0000000002f14210 code [0x0000000002f144e0, 0x0000000002f15938]
Event: 3.337 Thread 0x0000000015021000 1573       3       com.android.dx.ssa.back.FirstFitLocalCombiningAllocator::<init> (141 bytes)
Event: 3.338 Thread 0x0000000015021000 nmethod 1573 0x0000000002f16310 code [0x0000000002f165a0, 0x0000000002f17888]
Event: 3.339 Thread 0x0000000015021000 1575       3       com.android.dx.cf.code.LineNumberList::concat (92 bytes)
Event: 3.340 Thread 0x0000000015021000 nmethod 1575 0x0000000002f18350 code [0x0000000002f18660, 0x0000000002f1a1c8]
Event: 3.340 Thread 0x0000000015021000 1572       3       com.android.dx.cf.code.Ropper::addSynchExceptionHandlerBlock (206 bytes)

GC Heap History (2 events):
Event: 2.749 GC heap before
{Heap before GC invocations=1 (full 0):
 PSYoungGen      total 38400K, used 33280K [0x00000000eab00000, 0x00000000ed580000, 0x0000000100000000)
  eden space 33280K, 100% used [0x00000000eab00000,0x00000000ecb80000,0x00000000ecb80000)
  from space 5120K, 0% used [0x00000000ed080000,0x00000000ed080000,0x00000000ed580000)
  to   space 5120K, 0% used [0x00000000ecb80000,0x00000000ecb80000,0x00000000ed080000)
 ParOldGen       total 87552K, used 0K [0x00000000c0000000, 0x00000000c5580000, 0x00000000eab00000)
  object space 87552K, 0% used [0x00000000c0000000,0x00000000c0000000,0x00000000c5580000)
 Metaspace       used 6054K, capacity 6902K, committed 7040K, reserved 1056768K
  class space    used 605K, capacity 622K, committed 640K, reserved 1048576K
Event: 2.784 GC heap after
Heap after GC invocations=1 (full 0):
 PSYoungGen      total 38400K, used 5108K [0x00000000eab00000, 0x00000000ed580000, 0x0000000100000000)
  eden space 33280K, 0% used [0x00000000eab00000,0x00000000eab00000,0x00000000ecb80000)
  from space 5120K, 99% used [0x00000000ecb80000,0x00000000ed07d258,0x00000000ed080000)
  to   space 5120K, 0% used [0x00000000ed080000,0x00000000ed080000,0x00000000ed580000)
 ParOldGen       total 87552K, used 985K [0x00000000c0000000, 0x00000000c5580000, 0x00000000eab00000)
  object space 87552K, 1% used [0x00000000c0000000,0x00000000c00f6518,0x00000000c5580000)
 Metaspace       used 6054K, capacity 6902K, committed 7040K, reserved 1056768K
  class space    used 605K, capacity 622K, committed 640K, reserved 1048576K
}

Deoptimization events (4 events):
Event: 2.180 Thread 0x0000000016c88000 Uncommon trap: reason=class_check action=maybe_recompile pc=0x0000000002b3c5b0 method=com.android.dx.ssa.NormalSsaInsn.accept(Lcom/android/dx/ssa/SsaInsn$Visitor;)V @ 9
Event: 2.389 Thread 0x00000000028fd800 Uncommon trap: reason=unreached action=reinterpret pc=0x0000000002c15f9c method=com.android.dx.rop.cst.Constant.compareTo(Lcom/android/dx/rop/cst/Constant;)I @ 12
Event: 2.677 Thread 0x0000000016d46000 Uncommon trap: reason=null_check action=make_not_entrant pc=0x0000000002c293f8 method=com.android.dx.ssa.SsaRenamer.getLocalForNewReg(I)Lcom/android/dx/rop/code/LocalItem; @ 19
Event: 3.068 Thread 0x0000000016d46000 Uncommon trap: reason=null_check action=make_not_entrant pc=0x0000000002d902a0 method=com.android.dx.rop.type.Type.equals(Ljava/lang/Object;)Z @ 8

Internal exceptions (10 events):
Event: 2.220 Thread 0x00000000028fd800 Exception <a 'java/security/PrivilegedActionException'> (0x00000000ebd55c40) thrown at [D:\re\workspace\8-2-build-windows-amd64-cygwin\jdk8u20\1074\hotspot\src\share\vm\prims\jvm.cpp, line 1275]
Event: 2.369 Thread 0x00000000028fd800 Exception <a 'java/security/PrivilegedActionException'> (0x00000000ebd63d18) thrown at [D:\re\workspace\8-2-build-windows-amd64-cygwin\jdk8u20\1074\hotspot\src\share\vm\prims\jvm.cpp, line 1275]
Event: 2.419 Thread 0x0000000016c88000 Exception <a 'java/security/PrivilegedActionException'> (0x00000000ebf6dc08) thrown at [D:\re\workspace\8-2-build-windows-amd64-cygwin\jdk8u20\1074\hotspot\src\share\vm\prims\jvm.cpp, line 1275]
Event: 2.421 Thread 0x0000000016c88000 Exception <a 'java/security/PrivilegedActionException'> (0x00000000ebf735f8) thrown at [D:\re\workspace\8-2-build-windows-amd64-cygwin\jdk8u20\1074\hotspot\src\share\vm\prims\jvm.cpp, line 1275]
Event: 2.421 Thread 0x0000000016c88000 Exception <a 'java/security/PrivilegedActionException'> (0x00000000ec16c1f8) thrown at [D:\re\workspace\8-2-build-windows-amd64-cygwin\jdk8u20\1074\hotspot\src\share\vm\prims\jvm.cpp, line 1275]
Event: 2.677 Thread 0x0000000016d46000 Implicit null exception at 0x0000000002c27509 to 0x0000000002c293d5
Event: 3.032 Thread 0x00000000028fd800 Exception <a 'java/security/PrivilegedActionException'> (0x00000000eb61a6d0) thrown at [D:\re\workspace\8-2-build-windows-amd64-cygwin\jdk8u20\1074\hotspot\src\share\vm\prims\jvm.cpp, line 1275]
Event: 3.033 Thread 0x00000000028fd800 Exception <a 'java/security/PrivilegedActionException'> (0x00000000eb61ce08) thrown at [D:\re\workspace\8-2-build-windows-amd64-cygwin\jdk8u20\1074\hotspot\src\share\vm\prims\jvm.cpp, line 1275]
Event: 3.068 Thread 0x0000000016d46000 Implicit null exception at 0x0000000002d901a2 to 0x0000000002d90292
Event: 3.106 Thread 0x0000000016d8f800 Exception <a 'java/security/PrivilegedActionException'> (0x00000000ebf8e9d8) thrown at [D:\re\workspace\8-2-build-windows-amd64-cygwin\jdk8u20\1074\hotspot\src\share\vm\prims\jvm.cpp, line 1275]

Events (10 events):
Event: 2.785 loading class sun/misc/Cleaner done
Event: 3.032 loading class com/android/dx/cf/attrib/AttRuntimeInvisibleAnnotations
Event: 3.032 loading class com/android/dx/cf/attrib/AttRuntimeInvisibleAnnotations done
Event: 3.033 loading class com/android/dx/cf/attrib/BaseAnnotations
Event: 3.033 loading class com/android/dx/cf/attrib/BaseAnnotations done
Event: 3.068 Thread 0x0000000016d46000 Uncommon trap: trap_request=0xfffffff4 fr.pc=0x0000000002d902a0
Event: 3.068 Thread 0x0000000016d46000 DEOPT PACKING pc=0x0000000002d902a0 sp=0x000000001792e840
Event: 3.068 Thread 0x0000000016d46000 DEOPT UNPACKING pc=0x000000000294556a sp=0x000000001792e7c8 mode 2
Event: 3.106 loading class com/android/dx/cf/code/SwitchList
Event: 3.106 loading class com/android/dx/cf/code/SwitchList done


Dynamic libraries:
0x00007ff79b830000 - 0x00007ff79b864000 	C:\Program Files\Java\jdk1.8.0_20\bin\java.exe
0x00007ffc6b1c0000 - 0x00007ffc6b381000 	C:\WINDOWS\SYSTEM32\ntdll.dll
0x00007ffc68920000 - 0x00007ffc689cd000 	C:\WINDOWS\system32\KERNEL32.DLL
0x00007ffc67a70000 - 0x00007ffc67c58000 	C:\WINDOWS\system32\KERNELBASE.dll
0x00007ffc6b110000 - 0x00007ffc6b1b7000 	C:\WINDOWS\system32\ADVAPI32.dll
0x00007ffc6af30000 - 0x00007ffc6afcd000 	C:\WINDOWS\system32\msvcrt.dll
0x00007ffc6b040000 - 0x00007ffc6b09b000 	C:\WINDOWS\system32\sechost.dll
0x00007ffc689d0000 - 0x00007ffc68aec000 	C:\WINDOWS\system32\RPCRT4.dll
0x00007ffc6ac30000 - 0x00007ffc6ad86000 	C:\WINDOWS\system32\USER32.dll
0x00007ffc6ad90000 - 0x00007ffc6af16000 	C:\WINDOWS\system32\GDI32.dll
0x00007ffc5dcb0000 - 0x00007ffc5df24000 	C:\WINDOWS\WinSxS\amd64_microsoft.windows.common-controls_6595b64144ccf1df_6.0.10586.589_none_a2ddb3caa539acce\COMCTL32.dll
0x00007ffc6a5e0000 - 0x00007ffc6a85d000 	C:\WINDOWS\system32\combase.dll
0x00007ffc67c80000 - 0x00007ffc67cea000 	C:\WINDOWS\system32\bcryptPrimitives.dll
0x00007ffc68770000 - 0x00007ffc687ab000 	C:\WINDOWS\system32\IMM32.DLL
0x00000000645a0000 - 0x0000000064672000 	C:\Program Files\Java\jdk1.8.0_20\jre\bin\msvcr100.dll
0x0000000063d40000 - 0x0000000064598000 	C:\Program Files\Java\jdk1.8.0_20\jre\bin\server\jvm.dll
0x00007ffc6b0a0000 - 0x00007ffc6b0a8000 	C:\WINDOWS\system32\PSAPI.DLL
0x00007ffc5c500000 - 0x00007ffc5c509000 	C:\WINDOWS\SYSTEM32\WSOCK32.dll
0x00007ffc68700000 - 0x00007ffc6876b000 	C:\WINDOWS\system32\WS2_32.dll
0x00007ffc65ad0000 - 0x00007ffc65af3000 	C:\WINDOWS\SYSTEM32\WINMM.dll
0x00007ffc65aa0000 - 0x00007ffc65acc000 	C:\WINDOWS\SYSTEM32\WINMMBASE.dll
0x00007ffc679c0000 - 0x00007ffc67a03000 	C:\WINDOWS\system32\cfgmgr32.dll
0x0000000063d30000 - 0x0000000063d3f000 	C:\Program Files\Java\jdk1.8.0_20\jre\bin\verify.dll
0x0000000063d00000 - 0x0000000063d28000 	C:\Program Files\Java\jdk1.8.0_20\jre\bin\java.dll
0x0000000063ce0000 - 0x0000000063cf6000 	C:\Program Files\Java\jdk1.8.0_20\jre\bin\zip.dll
0x00007ffc68af0000 - 0x00007ffc6a04c000 	C:\WINDOWS\system32\SHELL32.dll
0x00007ffc67f50000 - 0x00007ffc68595000 	C:\WINDOWS\system32\windows.storage.dll
0x00007ffc688c0000 - 0x00007ffc68912000 	C:\WINDOWS\system32\shlwapi.dll
0x00007ffc67830000 - 0x00007ffc6783f000 	C:\WINDOWS\system32\kernel.appcore.dll
0x00007ffc67900000 - 0x00007ffc679b5000 	C:\WINDOWS\system32\shcore.dll
0x00007ffc677c0000 - 0x00007ffc6780b000 	C:\WINDOWS\system32\powrprof.dll
0x00007ffc67810000 - 0x00007ffc67824000 	C:\WINDOWS\system32\profapi.dll
0x0000000063cc0000 - 0x0000000063cda000 	C:\Program Files\Java\jdk1.8.0_20\jre\bin\net.dll
0x00007ffc670f0000 - 0x00007ffc6714c000 	C:\WINDOWS\system32\mswsock.dll
0x00007ffc60950000 - 0x00007ffc60988000 	C:\WINDOWS\SYSTEM32\IPHLPAPI.DLL
0x00007ffc6af20000 - 0x00007ffc6af28000 	C:\WINDOWS\system32\NSI.dll
0x00007ffc5f870000 - 0x00007ffc5f886000 	C:\WINDOWS\SYSTEM32\dhcpcsvc6.DLL
0x00007ffc60190000 - 0x00007ffc601aa000 	C:\WINDOWS\SYSTEM32\dhcpcsvc.DLL
0x00007ffc5c290000 - 0x00007ffc5c41c000 	C:\WINDOWS\SYSTEM32\dbghelp.dll

VM Arguments:
jvm_args: -Djava.awt.headless=true -Xmx1024M -Dfile.encoding=windows-1252 -Duser.country=US -Duser.language=en -Duser.variant 
java_command: com.android.dx.command.Main --dex --force-jumbo --num-threads=4 --multi-dex --output C:\Users\admin\Documents\GitHub\ShaneelSD\SoftwareDesign\FindMeTutor\FindMeTutor\tutor_app\build\intermediates\transforms\dex\debug\folders\1000\10\internal_impl-24.2.1_3ec3946056f6fa5816a237dd744229d3ad88c5e4 C:\Users\admin\Documents\GitHub\ShaneelSD\SoftwareDesign\FindMeTutor\FindMeTutor\tutor_app\build\intermediates\exploded-aar\com.android.support\support-compat\24.2.1\jars\libs\internal_impl-24.2.1.jar
java_class_path (initial): C:\Users\admin\AppData\Local\Android\sdk\build-tools\24.0.1\lib\dx.jar
Launcher Type: SUN_STANDARD

Environment Variables:
PATH=C:\ProgramData\Oracle\Java\javapath;C:\Program Files (x86)\Intel\iCLS Client\;C:\Program Files\Intel\iCLS Client\;C:\WINDOWS\system32;C:\WINDOWS;C:\WINDOWS\System32\Wbem;C:\WINDOWS\System32\WindowsPowerShell\v1.0\;C:\Program Files\Intel\Intel(R) Management Engine Components\DAL;C:\Program Files\Intel\Intel(R) Management Engine Components\IPT;C:\Program Files (x86)\Intel\Intel(R) Management Engine Components\DAL;C:\Program Files (x86)\Intel\Intel(R) Management Engine Components\IPT;C:\Program Files\WIDCOMM\Bluetooth Software\;C:\Program Files\WIDCOMM\Bluetooth Software\syswow64;C:\Program Files (x86)\Intel\OpenCL SDK\2.0\bin\x86;C:\Program Files (x86)\Intel\OpenCL SDK\2.0\bin\x64;C:\Program Files\Intel\WiFi\bin\;C:\Program Files\Common Files\Intel\WirelessCommon\;c:\Program Files (x86)\Microsoft SQL Server\100\Tools\Binn\;c:\Program Files\Microsoft SQL Server\100\Tools\Binn\;c:\Program Files\Microsoft SQL Server\100\DTS\Binn\;C:\Program Files (x86)\MySQL\MySQL Fabric 1.5.4 & MySQL Utilities 1.5.4 1.5\;C:\Program Files (x86)\MySQL\MySQL Fabric 1.5.4 & MySQL Utilities 1.5.4 1.5\Doctrine extensions for PHP\;C:\Program Files (x86)\Borland\Delphi7\Bin;C:\Program Files (x86)\Borland\Delphi7\Projects\Bpl;C:\Program Files (x86)\Borland\Delphi7\Rave5;C:\Program Files\Git\cmd;C:\Program Files (x86)\OpenVPN\bin;C:\Program Files\Intel\WiFi\bin\;C:\Program Files\Common Files\Intel\WirelessCommon\
USERNAME=admin
OS=Windows_NT
PROCESSOR_IDENTIFIER=Intel64 Family 6 Model 58 Stepping 9, GenuineIntel



---------------  S Y S T E M  ---------------

OS: Windows 8.1 , 64 bit Build 9600 

CPU:total 4 (2 cores per cpu, 2 threads per core) family 6 model 58 stepping 9, cmov, cx8, fxsr, mmx, sse, sse2, sse3, ssse3, sse4.1, sse4.2, popcnt, avx, aes, clmul, erms, ht, tsc, tscinvbit, tscinv

Memory: 4k page, physical 8258576k(2406448k free), swap 10306576k(5272k free)

vm_info: Java HotSpot(TM) 64-Bit Server VM (25.20-b23) for windows-amd64 JRE (1.8.0_20-b26), built on Jul 30 2014 13:51:23 by "java_re" with MS VC++ 10.0 (VS2010)

time: Fri Oct 28 12:10:22 2016
elapsed time: 3 seconds (0d 0h 0m 3s)

