#
# There is insufficient memory for the Java Runtime Environment to continue.
# Native memory allocation (malloc) failed to allocate 1383536 bytes for Chunk::new
# Possible reasons:
#   The system is out of physical RAM or swap space
#   In 32 bit mode, the process size limit was hit
# Possible solutions:
#   Reduce memory load on the system
#   Increase physical memory or swap space
#   Check if swap backing store is full
#   Use 64 bit Java on a 64 bit OS
#   Decrease Java heap size (-Xmx/-Xms)
#   Decrease number of Java threads
#   Decrease Java thread stack sizes (-Xss)
#   Set larger code cache with -XX:ReservedCodeCacheSize=
# This output file may be truncated or incomplete.
#
#  Out of Memory Error (allocation.cpp:390), pid=8532, tid=6080
#
# JRE version: Java(TM) SE Runtime Environment (8.0_20-b26) (build 1.8.0_20-b26)
# Java VM: Java HotSpot(TM) 64-Bit Server VM (25.20-b23 mixed mode windows-amd64 compressed oops)
# Failed to write core dump. Minidumps are not enabled by default on client versions of Windows
#

---------------  T H R E A D  ---------------

Current thread (0x0000000014929800):  JavaThread "C2 CompilerThread1" daemon [_thread_in_native, id=6080, stack(0x0000000015f90000,0x0000000016090000)]

Stack: [0x0000000015f90000,0x0000000016090000]
Native frames: (J=compiled Java code, j=interpreted, Vv=VM code, C=native code)
V  [jvm.dll+0x3152fa]
V  [jvm.dll+0x265d03]
V  [jvm.dll+0x266943]
V  [jvm.dll+0x25e265]
V  [jvm.dll+0xbe255]
V  [jvm.dll+0xbe6fc]
V  [jvm.dll+0x477e2c]
V  [jvm.dll+0x444fab]
V  [jvm.dll+0x4500de]
V  [jvm.dll+0x4526c8]
V  [jvm.dll+0x435fc2]
V  [jvm.dll+0x97b62]
V  [jvm.dll+0x98353]
V  [jvm.dll+0x22aac4]
V  [jvm.dll+0x283f5a]
C  [msvcr100.dll+0x21d9f]
C  [msvcr100.dll+0x21e3b]
C  [KERNEL32.DLL+0x18102]
C  [ntdll.dll+0x5c5b4]


Current CompileTask:
C2:   3978 1579   !   4       com.android.dx.cf.cst.ConstantPoolParser::parse0 (731 bytes)


---------------  P R O C E S S  ---------------

Java Threads: ( => current thread )
  0x0000000016445800 JavaThread "pool-1-thread-4" [_thread_in_Java, id=11488, stack(0x0000000017390000,0x0000000017490000)]
  0x0000000016421000 JavaThread "pool-1-thread-3" [_thread_in_Java, id=12920, stack(0x0000000017290000,0x0000000017390000)]
  0x0000000016420000 JavaThread "pool-1-thread-2" [_thread_in_Java, id=11180, stack(0x0000000017190000,0x0000000017290000)]
  0x0000000016415800 JavaThread "pool-2-thread-1" [_thread_blocked, id=7320, stack(0x0000000017090000,0x0000000017190000)]
  0x0000000016415000 JavaThread "pool-1-thread-1" [_thread_in_Java, id=6732, stack(0x0000000016f90000,0x0000000017090000)]
  0x0000000016194800 JavaThread "Service Thread" daemon [_thread_blocked, id=2200, stack(0x0000000016590000,0x0000000016690000)]
  0x000000001498c000 JavaThread "C1 CompilerThread2" daemon [_thread_blocked, id=4192, stack(0x0000000016090000,0x0000000016190000)]
=>0x0000000014929800 JavaThread "C2 CompilerThread1" daemon [_thread_in_native, id=6080, stack(0x0000000015f90000,0x0000000016090000)]
  0x0000000014939800 JavaThread "C2 CompilerThread0" daemon [_thread_in_native, id=10024, stack(0x0000000015e90000,0x0000000015f90000)]
  0x0000000014937000 JavaThread "Attach Listener" daemon [_thread_blocked, id=13352, stack(0x0000000015d90000,0x0000000015e90000)]
  0x0000000014936000 JavaThread "Signal Dispatcher" daemon [_thread_blocked, id=10760, stack(0x0000000015c90000,0x0000000015d90000)]
  0x000000000224f000 JavaThread "Finalizer" daemon [_thread_blocked, id=5908, stack(0x0000000015b90000,0x0000000015c90000)]
  0x00000000148f8000 JavaThread "Reference Handler" daemon [_thread_blocked, id=14076, stack(0x0000000015a90000,0x0000000015b90000)]
  0x000000000210d800 JavaThread "main" [_thread_in_Java, id=12080, stack(0x0000000001fc0000,0x00000000020c0000)]

Other Threads:
  0x00000000148f6000 VMThread [stack: 0x0000000015990000,0x0000000015a90000] [id=9488]
  0x0000000016197000 WatcherThread [stack: 0x0000000016690000,0x0000000016790000] [id=6304]

VM state:not at safepoint (normal execution)

VM Mutex/Monitor currently owned by a thread: None

Heap:
 PSYoungGen      total 38400K, used 21181K [0x00000000eab00000, 0x00000000ed580000, 0x0000000100000000)
  eden space 33280K, 48% used [0x00000000eab00000,0x00000000ebab0970,0x00000000ecb80000)
  from space 5120K, 99% used [0x00000000ed080000,0x00000000ed57eb00,0x00000000ed580000)
  to   space 5120K, 0% used [0x00000000ecb80000,0x00000000ecb80000,0x00000000ed080000)
 ParOldGen       total 87552K, used 5796K [0x00000000c0000000, 0x00000000c5580000, 0x00000000eab00000)
  object space 87552K, 6% used [0x00000000c0000000,0x00000000c05a9110,0x00000000c5580000)
 Metaspace       used 6172K, capacity 7088K, committed 7296K, reserved 1056768K
  class space    used 593K, capacity 616K, committed 640K, reserved 1048576K

Card table byte_map: [0x0000000011620000,0x0000000011830000] byte_map_base: 0x0000000011020000

Marking Bits: (ParMarkBitMap*) 0x0000000070fdb460
 Begin Bits: [0x0000000011d90000, 0x0000000012d90000)
 End Bits:   [0x0000000012d90000, 0x0000000013d90000)

Polling page: 0x00000000001f0000

CodeCache: size=245760Kb used=6740Kb max_used=6757Kb free=239019Kb
 bounds [0x0000000002260000, 0x0000000002900000, 0x0000000011260000]
 total_blobs=1891 nmethods=1626 adapters=178
 compilation: enabled

Compilation events (10 events):
Event: 3.582 Thread 0x000000001498c000 1646       1       com.android.dx.rop.code.ThrowingInsn::getCatches (5 bytes)
Event: 3.582 Thread 0x000000001498c000 nmethod 1646 0x00000000028e2e90 code [0x00000000028e2fe0, 0x00000000028e30f0]
Event: 3.591 Thread 0x000000001498c000 1648       1       com.android.dx.rop.cst.CstKnownNull::getType (4 bytes)
Event: 3.591 Thread 0x000000001498c000 nmethod 1648 0x00000000028de8d0 code [0x00000000028dea20, 0x00000000028deb30]
Event: 3.599 Thread 0x000000001498c000 1649       1       com.android.dx.dex.file.OffsettedItem::getAlignment (5 bytes)
Event: 3.599 Thread 0x000000001498c000 nmethod 1649 0x00000000028de610 code [0x00000000028de760, 0x00000000028de870]
Event: 3.615 Thread 0x0000000014939800 nmethod 1598 0x00000000028fa750 code [0x00000000028faa00, 0x00000000028fc990]
Event: 3.615 Thread 0x0000000014939800 1600       4       com.android.dx.rop.code.RegisterSpec::equals (51 bytes)
Event: 3.620 Thread 0x0000000014939800 nmethod 1600 0x00000000028f8090 code [0x00000000028f81e0, 0x00000000028f8698]
Event: 3.620 Thread 0x0000000014939800 1647   !   4       com.android.dx.cf.code.BytecodeArray::parseInstruction (2764 bytes)

GC Heap History (4 events):
Event: 1.994 GC heap before
{Heap before GC invocations=1 (full 0):
 PSYoungGen      total 38400K, used 33280K [0x00000000eab00000, 0x00000000ed580000, 0x0000000100000000)
  eden space 33280K, 100% used [0x00000000eab00000,0x00000000ecb80000,0x00000000ecb80000)
  from space 5120K, 0% used [0x00000000ed080000,0x00000000ed080000,0x00000000ed580000)
  to   space 5120K, 0% used [0x00000000ecb80000,0x00000000ecb80000,0x00000000ed080000)
 ParOldGen       total 87552K, used 0K [0x00000000c0000000, 0x00000000c5580000, 0x00000000eab00000)
  object space 87552K, 0% used [0x00000000c0000000,0x00000000c0000000,0x00000000c5580000)
 Metaspace       used 5978K, capacity 6960K, committed 7040K, reserved 1056768K
  class space    used 591K, capacity 616K, committed 640K, reserved 1048576K
Event: 2.163 GC heap after
Heap after GC invocations=1 (full 0):
 PSYoungGen      total 38400K, used 5097K [0x00000000eab00000, 0x00000000ed580000, 0x0000000100000000)
  eden space 33280K, 0% used [0x00000000eab00000,0x00000000eab00000,0x00000000ecb80000)
  from space 5120K, 99% used [0x00000000ecb80000,0x00000000ed07a670,0x00000000ed080000)
  to   space 5120K, 0% used [0x00000000ed080000,0x00000000ed080000,0x00000000ed580000)
 ParOldGen       total 87552K, used 1207K [0x00000000c0000000, 0x00000000c5580000, 0x00000000eab00000)
  object space 87552K, 1% used [0x00000000c0000000,0x00000000c012dcf0,0x00000000c5580000)
 Metaspace       used 5978K, capacity 6960K, committed 7040K, reserved 1056768K
  class space    used 591K, capacity 616K, committed 640K, reserved 1048576K
}
Event: 3.374 GC heap before
{Heap before GC invocations=2 (full 0):
 PSYoungGen      total 38400K, used 38377K [0x00000000eab00000, 0x00000000ed580000, 0x0000000100000000)
  eden space 33280K, 100% used [0x00000000eab00000,0x00000000ecb80000,0x00000000ecb80000)
  from space 5120K, 99% used [0x00000000ecb80000,0x00000000ed07a670,0x00000000ed080000)
  to   space 5120K, 0% used [0x00000000ed080000,0x00000000ed080000,0x00000000ed580000)
 ParOldGen       total 87552K, used 1207K [0x00000000c0000000, 0x00000000c5580000, 0x00000000eab00000)
  object space 87552K, 1% used [0x00000000c0000000,0x00000000c012dcf0,0x00000000c5580000)
 Metaspace       used 6144K, capacity 7088K, committed 7296K, reserved 1056768K
  class space    used 593K, capacity 616K, committed 640K, reserved 1048576K
Event: 3.459 GC heap after
Heap after GC invocations=2 (full 0):
 PSYoungGen      total 38400K, used 5114K [0x00000000eab00000, 0x00000000ed580000, 0x0000000100000000)
  eden space 33280K, 0% used [0x00000000eab00000,0x00000000eab00000,0x00000000ecb80000)
  from space 5120K, 99% used [0x00000000ed080000,0x00000000ed57eb00,0x00000000ed580000)
  to   space 5120K, 0% used [0x00000000ecb80000,0x00000000ecb80000,0x00000000ed080000)
 ParOldGen       total 87552K, used 5796K [0x00000000c0000000, 0x00000000c5580000, 0x00000000eab00000)
  object space 87552K, 6% used [0x00000000c0000000,0x00000000c05a9110,0x00000000c5580000)
 Metaspace       used 6144K, capacity 7088K, committed 7296K, reserved 1056768K
  class space    used 593K, capacity 616K, committed 640K, reserved 1048576K
}

Deoptimization events (10 events):
Event: 3.471 Thread 0x0000000016420000 Uncommon trap: reason=bimorphic action=maybe_recompile pc=0x000000000249da24 method=java.util.HashMap.getNode(ILjava/lang/Object;)Ljava/util/HashMap$Node; @ 126
Event: 3.471 Thread 0x0000000016420000 Uncommon trap: reason=bimorphic action=maybe_recompile pc=0x000000000249da24 method=java.util.HashMap.getNode(ILjava/lang/Object;)Ljava/util/HashMap$Node; @ 126
Event: 3.484 Thread 0x0000000016420000 Uncommon trap: reason=bimorphic action=maybe_recompile pc=0x000000000249f78c method=java.util.HashMap.getNode(ILjava/lang/Object;)Ljava/util/HashMap$Node; @ 126
Event: 3.484 Thread 0x0000000016420000 Uncommon trap: reason=class_check action=maybe_recompile pc=0x0000000002777c38 method=java.util.HashMap.putVal(ILjava/lang/Object;Ljava/lang/Object;ZZ)Ljava/lang/Object; @ 203
Event: 3.484 Thread 0x0000000016420000 Uncommon trap: reason=class_check action=maybe_recompile pc=0x0000000002777c38 method=java.util.HashMap.putVal(ILjava/lang/Object;Ljava/lang/Object;ZZ)Ljava/lang/Object; @ 203
Event: 3.484 Thread 0x0000000016420000 Uncommon trap: reason=bimorphic action=maybe_recompile pc=0x000000000249da24 method=java.util.HashMap.getNode(ILjava/lang/Object;)Ljava/util/HashMap$Node; @ 126
Event: 3.550 Thread 0x000000000210d800 Uncommon trap: reason=bimorphic action=maybe_recompile pc=0x00000000028c2f70 method=com.android.dx.cf.code.BytecodeArray.parseInstruction(ILcom/android/dx/cf/code/BytecodeArray$Visitor;)I @ 955
Event: 3.551 Thread 0x000000000210d800 Uncommon trap: reason=bimorphic action=maybe_recompile pc=0x00000000028c2f70 method=com.android.dx.cf.code.BytecodeArray.parseInstruction(ILcom/android/dx/cf/code/BytecodeArray$Visitor;)I @ 955
Event: 3.577 Thread 0x0000000016421000 Uncommon trap: reason=bimorphic action=maybe_recompile pc=0x0000000002793710 method=com.android.dx.ssa.LiteralOpUpgrader.tryReplacingWithConstant(Lcom/android/dx/ssa/NormalSsaInsn;)Z @ 52
Event: 3.578 Thread 0x0000000016421000 Uncommon trap: reason=bimorphic action=maybe_recompile pc=0x0000000002793710 method=com.android.dx.ssa.LiteralOpUpgrader.tryReplacingWithConstant(Lcom/android/dx/ssa/NormalSsaInsn;)Z @ 52

Internal exceptions (10 events):
Event: 1.145 Thread 0x0000000016420000 Exception <a 'java/security/PrivilegedActionException'> (0x00000000ebebdd60) thrown at [D:\re\workspace\8-2-build-windows-amd64-cygwin\jdk8u20\1074\hotspot\src\share\vm\prims\jvm.cpp, line 1275]
Event: 1.146 Thread 0x0000000016420000 Exception <a 'java/security/PrivilegedActionException'> (0x00000000ebec3750) thrown at [D:\re\workspace\8-2-build-windows-amd64-cygwin\jdk8u20\1074\hotspot\src\share\vm\prims\jvm.cpp, line 1275]
Event: 1.146 Thread 0x0000000016420000 Exception <a 'java/security/PrivilegedActionException'> (0x00000000ebec8ec0) thrown at [D:\re\workspace\8-2-build-windows-amd64-cygwin\jdk8u20\1074\hotspot\src\share\vm\prims\jvm.cpp, line 1275]
Event: 1.150 Thread 0x000000000210d800 Exception <a 'java/security/PrivilegedActionException'> (0x00000000ebbfd480) thrown at [D:\re\workspace\8-2-build-windows-amd64-cygwin\jdk8u20\1074\hotspot\src\share\vm\prims\jvm.cpp, line 1275]
Event: 1.171 Thread 0x000000000210d800 Exception <a 'java/security/PrivilegedActionException'> (0x00000000ebf8fa00) thrown at [D:\re\workspace\8-2-build-windows-amd64-cygwin\jdk8u20\1074\hotspot\src\share\vm\prims\jvm.cpp, line 1275]
Event: 1.172 Thread 0x000000000210d800 Exception <a 'java/security/PrivilegedActionException'> (0x00000000ebf921e8) thrown at [D:\re\workspace\8-2-build-windows-amd64-cygwin\jdk8u20\1074\hotspot\src\share\vm\prims\jvm.cpp, line 1275]
Event: 1.191 Thread 0x0000000016415000 Exception <a 'java/security/PrivilegedActionException'> (0x00000000ec0f3398) thrown at [D:\re\workspace\8-2-build-windows-amd64-cygwin\jdk8u20\1074\hotspot\src\share\vm\prims\jvm.cpp, line 1275]
Event: 2.211 Thread 0x0000000016420000 Implicit null exception at 0x000000000271e9a2 to 0x000000000271ea92
Event: 2.673 Thread 0x0000000016421000 Implicit null exception at 0x00000000025beee7 to 0x00000000025c1065
Event: 3.339 Thread 0x0000000016420000 Exception <a 'java/security/PrivilegedActionException'> (0x00000000ec833f30) thrown at [D:\re\workspace\8-2-build-windows-amd64-cygwin\jdk8u20\1074\hotspot\src\share\vm\prims\jvm.cpp, line 1275]

Events (10 events):
Event: 3.550 Thread 0x000000000210d800 DEOPT UNPACKING pc=0x00000000022a556a sp=0x00000000020be1e8 mode 2
Event: 3.551 Thread 0x000000000210d800 Uncommon trap: trap_request=0xffffffc6 fr.pc=0x00000000028c2f70
Event: 3.551 Thread 0x000000000210d800 DEOPT PACKING pc=0x00000000028c2f70 sp=0x00000000020be010
Event: 3.551 Thread 0x000000000210d800 DEOPT UNPACKING pc=0x00000000022a556a sp=0x00000000020bdfa8 mode 2
Event: 3.577 Thread 0x0000000016421000 Uncommon trap: trap_request=0xffffffc6 fr.pc=0x0000000002793710
Event: 3.577 Thread 0x0000000016421000 DEOPT PACKING pc=0x0000000002793710 sp=0x000000001738e760
Event: 3.578 Thread 0x0000000016421000 DEOPT UNPACKING pc=0x00000000022a556a sp=0x000000001738e648 mode 2
Event: 3.578 Thread 0x0000000016421000 Uncommon trap: trap_request=0xffffffc6 fr.pc=0x0000000002793710
Event: 3.578 Thread 0x0000000016421000 DEOPT PACKING pc=0x0000000002793710 sp=0x000000001738e760
Event: 3.578 Thread 0x0000000016421000 DEOPT UNPACKING pc=0x00000000022a556a sp=0x000000001738e648 mode 2


Dynamic libraries:
0x00007ff684e90000 - 0x00007ff684ec4000 	C:\Program Files\Java\jdk1.8.0_20\bin\java.exe
0x00007ffb659a0000 - 0x00007ffb65b61000 	C:\WINDOWS\SYSTEM32\ntdll.dll
0x00007ffb633d0000 - 0x00007ffb6347d000 	C:\WINDOWS\system32\KERNEL32.DLL
0x00007ffb626f0000 - 0x00007ffb628d8000 	C:\WINDOWS\system32\KERNELBASE.dll
0x00007ffb606a0000 - 0x00007ffb60719000 	C:\WINDOWS\system32\apphelp.dll
0x00007ffb658f0000 - 0x00007ffb65997000 	C:\WINDOWS\system32\ADVAPI32.dll
0x00007ffb65420000 - 0x00007ffb654bd000 	C:\WINDOWS\system32\msvcrt.dll
0x00007ffb62d80000 - 0x00007ffb62ddb000 	C:\WINDOWS\system32\sechost.dll
0x00007ffb63750000 - 0x00007ffb6386c000 	C:\WINDOWS\system32\RPCRT4.dll
0x00007ffb652c0000 - 0x00007ffb65416000 	C:\WINDOWS\system32\USER32.dll
0x00007ffb63550000 - 0x00007ffb636d6000 	C:\WINDOWS\system32\GDI32.dll
0x00007ffb57250000 - 0x00007ffb574c4000 	C:\WINDOWS\WinSxS\amd64_microsoft.windows.common-controls_6595b64144ccf1df_6.0.10586.0_none_8c15ae12515e1c22\COMCTL32.dll
0x00007ffb65040000 - 0x00007ffb652bd000 	C:\WINDOWS\system32\combase.dll
0x00007ffb62680000 - 0x00007ffb626ea000 	C:\WINDOWS\system32\bcryptPrimitives.dll
0x00007ffb63870000 - 0x00007ffb638ab000 	C:\WINDOWS\system32\IMM32.DLL
0x0000000071060000 - 0x0000000071132000 	C:\Program Files\Java\jdk1.8.0_20\jre\bin\msvcr100.dll
0x0000000070800000 - 0x0000000071058000 	C:\Program Files\Java\jdk1.8.0_20\jre\bin\server\jvm.dll
0x00007ffb64f70000 - 0x00007ffb64f78000 	C:\WINDOWS\system32\PSAPI.DLL
0x00007ffb58000000 - 0x00007ffb58009000 	C:\WINDOWS\SYSTEM32\WSOCK32.dll
0x00007ffb60720000 - 0x00007ffb60743000 	C:\WINDOWS\SYSTEM32\WINMM.dll
0x00007ffb631e0000 - 0x00007ffb6324b000 	C:\WINDOWS\system32\WS2_32.dll
0x0000000001f90000 - 0x0000000001fbc000 	C:\WINDOWS\SYSTEM32\WINMMBASE.dll
0x00007ffb62d10000 - 0x00007ffb62d53000 	C:\WINDOWS\system32\cfgmgr32.dll
0x00000000707f0000 - 0x00000000707ff000 	C:\Program Files\Java\jdk1.8.0_20\jre\bin\verify.dll
0x00000000707c0000 - 0x00000000707e8000 	C:\Program Files\Java\jdk1.8.0_20\jre\bin\java.dll
0x00000000707a0000 - 0x00000000707b6000 	C:\Program Files\Java\jdk1.8.0_20\jre\bin\zip.dll
0x00007ffb638b0000 - 0x00007ffb64e0c000 	C:\WINDOWS\system32\SHELL32.dll
0x00007ffb62030000 - 0x00007ffb62675000 	C:\WINDOWS\system32\windows.storage.dll
0x00007ffb64f80000 - 0x00007ffb64fd2000 	C:\WINDOWS\system32\shlwapi.dll
0x00007ffb61fc0000 - 0x00007ffb61fcf000 	C:\WINDOWS\system32\kernel.appcore.dll
0x00007ffb62ba0000 - 0x00007ffb62c55000 	C:\WINDOWS\system32\shcore.dll
0x00007ffb61fe0000 - 0x00007ffb6202b000 	C:\WINDOWS\system32\powrprof.dll
0x00007ffb61fa0000 - 0x00007ffb61fb4000 	C:\WINDOWS\system32\profapi.dll
0x00007ffb555c0000 - 0x00007ffb5574c000 	C:\WINDOWS\SYSTEM32\dbghelp.dll

VM Arguments:
jvm_args: -Djava.awt.headless=true -Xmx1024M -Dfile.encoding=windows-1252 -Duser.country=US -Duser.language=en -Duser.variant 
java_command: com.android.dx.command.Main --dex --num-threads=4 --output C:\Users\admin\Documents\GitHub\ShaneelSD\SoftwareDesign\FindMeTutor\FindMeTutor\tutor_app\build\intermediates\pre-dexed\debug\com.android.support-design-24.2.0_6252bfcefac818a58ac3a29483178c173f7d941a.jar C:\Users\admin\Documents\GitHub\ShaneelSD\SoftwareDesign\FindMeTutor\FindMeTutor\tutor_app\build\intermediates\exploded-aar\com.android.support\design\24.2.0\jars\classes.jar
java_class_path (initial): C:\Users\admin\AppData\Local\Android\sdk\build-tools\24.0.1\lib\dx.jar
Launcher Type: SUN_STANDARD

Environment Variables:
PATH=C:\ProgramData\Oracle\Java\javapath;C:\Program Files (x86)\Intel\iCLS Client\;C:\Program Files\Intel\iCLS Client\;C:\WINDOWS\system32;C:\WINDOWS;C:\WINDOWS\System32\Wbem;C:\WINDOWS\System32\WindowsPowerShell\v1.0\;C:\Program Files\Intel\Intel(R) Management Engine Components\DAL;C:\Program Files\Intel\Intel(R) Management Engine Components\IPT;C:\Program Files (x86)\Intel\Intel(R) Management Engine Components\DAL;C:\Program Files (x86)\Intel\Intel(R) Management Engine Components\IPT;C:\Program Files\WIDCOMM\Bluetooth Software\;C:\Program Files\WIDCOMM\Bluetooth Software\syswow64;C:\Program Files (x86)\Intel\OpenCL SDK\2.0\bin\x86;C:\Program Files (x86)\Intel\OpenCL SDK\2.0\bin\x64;C:\Program Files\Intel\WiFi\bin\;C:\Program Files\Common Files\Intel\WirelessCommon\;c:\Program Files (x86)\Microsoft SQL Server\100\Tools\Binn\;c:\Program Files\Microsoft SQL Server\100\Tools\Binn\;c:\Program Files\Microsoft SQL Server\100\DTS\Binn\;C:\Program Files (x86)\MySQL\MySQL Fabric 1.5.4 & MySQL Utilities 1.5.4 1.5\;C:\Program Files (x86)\MySQL\MySQL Fabric 1.5.4 & MySQL Utilities 1.5.4 1.5\Doctrine extensions for PHP\;C:\Program Files (x86)\Borland\Delphi7\Bin;C:\Program Files (x86)\Borland\Delphi7\Projects\Bpl;C:\Program Files (x86)\Borland\Delphi7\Rave5;C:\Program Files\Git\cmd;
USERNAME=admin
OS=Windows_NT
PROCESSOR_IDENTIFIER=Intel64 Family 6 Model 58 Stepping 9, GenuineIntel



---------------  S Y S T E M  ---------------

OS: Windows 8.1 , 64 bit Build 9600 

CPU:total 4 (2 cores per cpu, 2 threads per core) family 6 model 58 stepping 9, cmov, cx8, fxsr, mmx, sse, sse2, sse3, ssse3, sse4.1, sse4.2, popcnt, avx, aes, clmul, erms, ht, tsc, tscinvbit, tscinv

Memory: 4k page, physical 8258576k(1866736k free), swap 10306576k(9184k free)

vm_info: Java HotSpot(TM) 64-Bit Server VM (25.20-b23) for windows-amd64 JRE (1.8.0_20-b26), built on Jul 30 2014 13:51:23 by "java_re" with MS VC++ 10.0 (VS2010)

time: Thu Sep 08 21:23:51 2016
elapsed time: 3 seconds (0d 0h 0m 3s)

