#
# There is insufficient memory for the Java Runtime Environment to continue.
# Native memory allocation (malloc) failed to allocate 33554448 bytes for Chunk::new
# Possible reasons:
#   The system is out of physical RAM or swap space
#   In 32 bit mode, the process size limit was hit
# Possible solutions:
#   Reduce memory load on the system
#   Increase physical memory or swap space
#   Check if swap backing store is full
#   Use 64 bit Java on a 64 bit OS
#   Decrease Java heap size (-Xmx/-Xms)
#   Decrease number of Java threads
#   Decrease Java thread stack sizes (-Xss)
#   Set larger code cache with -XX:ReservedCodeCacheSize=
# This output file may be truncated or incomplete.
#
#  Out of Memory Error (allocation.cpp:390), pid=10416, tid=5636
#
# JRE version: Java(TM) SE Runtime Environment (8.0_20-b26) (build 1.8.0_20-b26)
# Java VM: Java HotSpot(TM) 64-Bit Server VM (25.20-b23 mixed mode windows-amd64 compressed oops)
# Failed to write core dump. Minidumps are not enabled by default on client versions of Windows
#

---------------  T H R E A D  ---------------

Current thread (0x00000000149de000):  JavaThread "C2 CompilerThread0" daemon [_thread_in_native, id=5636, stack(0x0000000015f40000,0x0000000016040000)]

Stack: [0x0000000015f40000,0x0000000016040000]
Native frames: (J=compiled Java code, j=interpreted, Vv=VM code, C=native code)
V  [jvm.dll+0x3152fa]
V  [jvm.dll+0x265d03]
V  [jvm.dll+0x266943]
V  [jvm.dll+0x25e265]
V  [jvm.dll+0xbe255]
V  [jvm.dll+0xbe6fc]
V  [jvm.dll+0xf3878]
V  [jvm.dll+0x45df30]
V  [jvm.dll+0x45e1ea]
V  [jvm.dll+0x45f0cf]
V  [jvm.dll+0x46147a]
V  [jvm.dll+0x4635c5]
V  [jvm.dll+0x463f4c]
V  [jvm.dll+0x464293]
V  [jvm.dll+0x451093]
V  [jvm.dll+0x452634]
V  [jvm.dll+0x435fc2]
V  [jvm.dll+0x97b62]
V  [jvm.dll+0x98353]
V  [jvm.dll+0x22aac4]
V  [jvm.dll+0x283f5a]
C  [msvcr100.dll+0x21d9f]
C  [msvcr100.dll+0x21e3b]
C  [KERNEL32.DLL+0x18102]
C  [ntdll.dll+0x5c5b4]


Current CompileTask:
C2:   7303 2079   !   4       com.android.dx.cf.code.Ropper::processBlock (1101 bytes)


---------------  P R O C E S S  ---------------

Java Threads: ( => current thread )
  0x0000000016bba800 JavaThread "pool-2-thread-4" [_thread_blocked, id=4120, stack(0x0000000018410000,0x0000000018510000)]
  0x000000001689c000 JavaThread "pool-2-thread-3" [_thread_blocked, id=11460, stack(0x0000000018310000,0x0000000018410000)]
  0x0000000017145000 JavaThread "pool-2-thread-2" [_thread_blocked, id=11912, stack(0x0000000018210000,0x0000000018310000)]
  0x0000000016f38800 JavaThread "pool-3-thread-1" [_thread_blocked, id=14176, stack(0x0000000018110000,0x0000000018210000)]
  0x00000000168b3800 JavaThread "pool-2-thread-1" [_thread_blocked, id=12120, stack(0x0000000018010000,0x0000000018110000)]
  0x0000000016279800 JavaThread "Service Thread" daemon [_thread_blocked, id=12504, stack(0x0000000016640000,0x0000000016740000)]
  0x00000000149e7000 JavaThread "C1 CompilerThread2" daemon [_thread_blocked, id=14092, stack(0x0000000016140000,0x0000000016240000)]
  0x00000000149e2000 JavaThread "C2 CompilerThread1" daemon [_thread_blocked, id=13820, stack(0x0000000016040000,0x0000000016140000)]
=>0x00000000149de000 JavaThread "C2 CompilerThread0" daemon [_thread_in_native, id=5636, stack(0x0000000015f40000,0x0000000016040000)]
  0x00000000149db800 JavaThread "Attach Listener" daemon [_thread_blocked, id=6220, stack(0x0000000015e40000,0x0000000015f40000)]
  0x00000000149da000 JavaThread "Signal Dispatcher" daemon [_thread_blocked, id=9464, stack(0x0000000015d40000,0x0000000015e40000)]
  0x0000000002305000 JavaThread "Finalizer" daemon [_thread_blocked, id=10516, stack(0x0000000015c40000,0x0000000015d40000)]
  0x00000000149a8000 JavaThread "Reference Handler" daemon [_thread_blocked, id=12300, stack(0x0000000015b40000,0x0000000015c40000)]
  0x00000000021ad800 JavaThread "main" [_thread_blocked, id=6216, stack(0x0000000002070000,0x0000000002170000)]

Other Threads:
  0x00000000149a6000 VMThread [stack: 0x0000000015a40000,0x0000000015b40000] [id=10160]
  0x000000001627c000 WatcherThread [stack: 0x0000000016740000,0x0000000016840000] [id=320]

VM state:at safepoint (normal execution)

VM Mutex/Monitor currently owned by a thread:  ([mutex/lock_event])
[0x00000000021ad200] Threads_lock - owner thread: 0x00000000149a6000
[0x00000000021ac680] Heap_lock - owner thread: 0x0000000016bba800

Heap:
 PSYoungGen      total 257024K, used 56303K [0x00000000eab00000, 0x0000000100000000, 0x0000000100000000)
  eden space 200704K, 0% used [0x00000000eab00000,0x00000000eab00000,0x00000000f6f00000)
  from space 56320K, 99% used [0x00000000fc900000,0x00000000ffffbef8,0x0000000100000000)
  to   space 74240K, 0% used [0x00000000f6f00000,0x00000000f6f00000,0x00000000fb780000)
 ParOldGen       total 87552K, used 84133K [0x00000000c0000000, 0x00000000c5580000, 0x00000000eab00000)
  object space 87552K, 96% used [0x00000000c0000000,0x00000000c52295d0,0x00000000c5580000)
 Metaspace       used 6529K, capacity 7320K, committed 7680K, reserved 1056768K
  class space    used 615K, capacity 656K, committed 768K, reserved 1048576K

Card table byte_map: [0x00000000116d0000,0x00000000118e0000] byte_map_base: 0x00000000110d0000

Marking Bits: (ParMarkBitMap*) 0x0000000068e2b460
 Begin Bits: [0x0000000011e40000, 0x0000000012e40000)
 End Bits:   [0x0000000012e40000, 0x0000000013e40000)

Polling page: 0x00000000001f0000

CodeCache: size=245760Kb used=9478Kb max_used=9478Kb free=236281Kb
 bounds [0x0000000002310000, 0x0000000002c60000, 0x0000000011310000]
 total_blobs=2417 nmethods=2151 adapters=179
 compilation: enabled

Compilation events (10 events):
Event: 6.377 Thread 0x00000000149e7000 2251 % !   3       com.android.dx.cf.direct.MemberListParser::parse @ 90 (641 bytes)
Event: 6.387 Thread 0x00000000149e7000 nmethod 2251% 0x0000000002c4b790 code [0x0000000002c4c320, 0x0000000002c54fd8]
Event: 6.392 Thread 0x00000000149e7000 2252       2       com.android.dx.cf.code.Ropper$CatchInfo::<init> (6 bytes)
Event: 6.392 Thread 0x00000000149e7000 nmethod 2252 0x0000000002bed510 code [0x0000000002bed660, 0x0000000002bed830]
Event: 6.393 Thread 0x00000000149e7000 2253       2       com.android.dx.cf.code.Ropper$CatchInfo::getSetups (10 bytes)
Event: 6.393 Thread 0x00000000149e7000 nmethod 2253 0x0000000002bed190 code [0x0000000002bed300, 0x0000000002bed488]
Event: 6.394 Thread 0x00000000149e7000 2254       2       java.util.HashMap::values (27 bytes)
Event: 6.394 Thread 0x00000000149e7000 nmethod 2254 0x0000000002becdd0 code [0x0000000002becf20, 0x0000000002bed110]
Event: 6.395 Thread 0x00000000149e7000 2255       2       java.util.HashMap$Values::iterator (12 bytes)
Event: 6.395 Thread 0x00000000149e7000 nmethod 2255 0x0000000002bec9d0 code [0x0000000002becb40, 0x0000000002becd28]

GC Heap History (10 events):
Event: 2.485 GC heap after
Heap after GC invocations=6 (full 0):
 PSYoungGen      total 148992K, used 15266K [0x00000000eab00000, 0x00000000f5600000, 0x0000000100000000)
  eden space 130560K, 0% used [0x00000000eab00000,0x00000000eab00000,0x00000000f2a80000)
  from space 18432K, 82% used [0x00000000f3f00000,0x00000000f4de8b30,0x00000000f5100000)
  to   space 20992K, 0% used [0x00000000f2a80000,0x00000000f2a80000,0x00000000f3f00000)
 ParOldGen       total 87552K, used 20542K [0x00000000c0000000, 0x00000000c5580000, 0x00000000eab00000)
  object space 87552K, 23% used [0x00000000c0000000,0x00000000c140f810,0x00000000c5580000)
 Metaspace       used 6446K, capacity 7256K, committed 7424K, reserved 1056768K
  class space    used 614K, capacity 656K, committed 768K, reserved 1048576K
}
Event: 3.244 GC heap before
{Heap before GC invocations=7 (full 0):
 PSYoungGen      total 148992K, used 145826K [0x00000000eab00000, 0x00000000f5600000, 0x0000000100000000)
  eden space 130560K, 100% used [0x00000000eab00000,0x00000000f2a80000,0x00000000f2a80000)
  from space 18432K, 82% used [0x00000000f3f00000,0x00000000f4de8b30,0x00000000f5100000)
  to   space 20992K, 0% used [0x00000000f2a80000,0x00000000f2a80000,0x00000000f3f00000)
 ParOldGen       total 87552K, used 20542K [0x00000000c0000000, 0x00000000c5580000, 0x00000000eab00000)
  object space 87552K, 23% used [0x00000000c0000000,0x00000000c140f810,0x00000000c5580000)
 Metaspace       used 6488K, capacity 7320K, committed 7680K, reserved 1056768K
  class space    used 614K, capacity 656K, committed 768K, reserved 1048576K
Event: 3.307 GC heap after
Heap after GC invocations=7 (full 0):
 PSYoungGen      total 151552K, used 20981K [0x00000000eab00000, 0x00000000fe800000, 0x0000000100000000)
  eden space 130560K, 0% used [0x00000000eab00000,0x00000000eab00000,0x00000000f2a80000)
  from space 20992K, 99% used [0x00000000f2a80000,0x00000000f3efd6d0,0x00000000f3f00000)
  to   space 31744K, 0% used [0x00000000fc900000,0x00000000fc900000,0x00000000fe800000)
 ParOldGen       total 87552K, used 33383K [0x00000000c0000000, 0x00000000c5580000, 0x00000000eab00000)
  object space 87552K, 38% used [0x00000000c0000000,0x00000000c2099e00,0x00000000c5580000)
 Metaspace       used 6488K, capacity 7320K, committed 7680K, reserved 1056768K
  class space    used 614K, capacity 656K, committed 768K, reserved 1048576K
}
Event: 3.968 GC heap before
{Heap before GC invocations=8 (full 0):
 PSYoungGen      total 151552K, used 151541K [0x00000000eab00000, 0x00000000fe800000, 0x0000000100000000)
  eden space 130560K, 100% used [0x00000000eab00000,0x00000000f2a80000,0x00000000f2a80000)
  from space 20992K, 99% used [0x00000000f2a80000,0x00000000f3efd6d0,0x00000000f3f00000)
  to   space 31744K, 0% used [0x00000000fc900000,0x00000000fc900000,0x00000000fe800000)
 ParOldGen       total 87552K, used 33383K [0x00000000c0000000, 0x00000000c5580000, 0x00000000eab00000)
  object space 87552K, 38% used [0x00000000c0000000,0x00000000c2099e00,0x00000000c5580000)
 Metaspace       used 6492K, capacity 7320K, committed 7680K, reserved 1056768K
  class space    used 614K, capacity 656K, committed 768K, reserved 1048576K
Event: 4.073 GC heap after
Heap after GC invocations=8 (full 0):
 PSYoungGen      total 284160K, used 31727K [0x00000000eab00000, 0x00000000ff900000, 0x0000000100000000)
  eden space 252416K, 0% used [0x00000000eab00000,0x00000000eab00000,0x00000000fa180000)
  from space 31744K, 99% used [0x00000000fc900000,0x00000000fe7fbf38,0x00000000fe800000)
  to   space 40448K, 0% used [0x00000000fa180000,0x00000000fa180000,0x00000000fc900000)
 ParOldGen       total 87552K, used 39874K [0x00000000c0000000, 0x00000000c5580000, 0x00000000eab00000)
  object space 87552K, 45% used [0x00000000c0000000,0x00000000c26f0858,0x00000000c5580000)
 Metaspace       used 6492K, capacity 7320K, committed 7680K, reserved 1056768K
  class space    used 614K, capacity 656K, committed 768K, reserved 1048576K
}
Event: 5.114 GC heap before
{Heap before GC invocations=9 (full 0):
 PSYoungGen      total 284160K, used 284143K [0x00000000eab00000, 0x00000000ff900000, 0x0000000100000000)
  eden space 252416K, 100% used [0x00000000eab00000,0x00000000fa180000,0x00000000fa180000)
  from space 31744K, 99% used [0x00000000fc900000,0x00000000fe7fbf38,0x00000000fe800000)
  to   space 40448K, 0% used [0x00000000fa180000,0x00000000fa180000,0x00000000fc900000)
 ParOldGen       total 87552K, used 39874K [0x00000000c0000000, 0x00000000c5580000, 0x00000000eab00000)
  object space 87552K, 45% used [0x00000000c0000000,0x00000000c26f0858,0x00000000c5580000)
 Metaspace       used 6513K, capacity 7320K, committed 7680K, reserved 1056768K
  class space    used 615K, capacity 656K, committed 768K, reserved 1048576K
Event: 5.215 GC heap after
Heap after GC invocations=9 (full 0):
 PSYoungGen      total 292864K, used 40438K [0x00000000eab00000, 0x0000000100000000, 0x0000000100000000)
  eden space 252416K, 0% used [0x00000000eab00000,0x00000000eab00000,0x00000000fa180000)
  from space 40448K, 99% used [0x00000000fa180000,0x00000000fc8fdac0,0x00000000fc900000)
  to   space 56320K, 0% used [0x00000000fc900000,0x00000000fc900000,0x0000000100000000)
 ParOldGen       total 87552K, used 62446K [0x00000000c0000000, 0x00000000c5580000, 0x00000000eab00000)
  object space 87552K, 71% used [0x00000000c0000000,0x00000000c3cfb938,0x00000000c5580000)
 Metaspace       used 6513K, capacity 7320K, committed 7680K, reserved 1056768K
  class space    used 615K, capacity 656K, committed 768K, reserved 1048576K
}
Event: 6.491 GC heap before
{Heap before GC invocations=10 (full 0):
 PSYoungGen      total 292864K, used 292854K [0x00000000eab00000, 0x0000000100000000, 0x0000000100000000)
  eden space 252416K, 100% used [0x00000000eab00000,0x00000000fa180000,0x00000000fa180000)
  from space 40448K, 99% used [0x00000000fa180000,0x00000000fc8fdac0,0x00000000fc900000)
  to   space 56320K, 0% used [0x00000000fc900000,0x00000000fc900000,0x0000000100000000)
 ParOldGen       total 87552K, used 62446K [0x00000000c0000000, 0x00000000c5580000, 0x00000000eab00000)
  object space 87552K, 71% used [0x00000000c0000000,0x00000000c3cfb938,0x00000000c5580000)
 Metaspace       used 6529K, capacity 7320K, committed 7680K, reserved 1056768K
  class space    used 615K, capacity 656K, committed 768K, reserved 1048576K
Event: 6.632 GC heap after
Heap after GC invocations=10 (full 0):
 PSYoungGen      total 257024K, used 56303K [0x00000000eab00000, 0x0000000100000000, 0x0000000100000000)
  eden space 200704K, 0% used [0x00000000eab00000,0x00000000eab00000,0x00000000f6f00000)
  from space 56320K, 99% used [0x00000000fc900000,0x00000000ffffbef8,0x0000000100000000)
  to   space 74240K, 0% used [0x00000000f6f00000,0x00000000f6f00000,0x00000000fb780000)
 ParOldGen       total 87552K, used 84133K [0x00000000c0000000, 0x00000000c5580000, 0x00000000eab00000)
  object space 87552K, 96% used [0x00000000c0000000,0x00000000c52295d0,0x00000000c5580000)
 Metaspace       used 6529K, capacity 7320K, committed 7680K, reserved 1056768K
  class space    used 615K, capacity 656K, committed 768K, reserved 1048576K
}
Event: 6.632 GC heap before
{Heap before GC invocations=11 (full 1):
 PSYoungGen      total 257024K, used 56303K [0x00000000eab00000, 0x0000000100000000, 0x0000000100000000)
  eden space 200704K, 0% used [0x00000000eab00000,0x00000000eab00000,0x00000000f6f00000)
  from space 56320K, 99% used [0x00000000fc900000,0x00000000ffffbef8,0x0000000100000000)
  to   space 74240K, 0% used [0x00000000f6f00000,0x00000000f6f00000,0x00000000fb780000)
 ParOldGen       total 87552K, used 84133K [0x00000000c0000000, 0x00000000c5580000, 0x00000000eab00000)
  object space 87552K, 96% used [0x00000000c0000000,0x00000000c52295d0,0x00000000c5580000)
 Metaspace       used 6529K, capacity 7320K, committed 7680K, reserved 1056768K
  class space    used 615K, capacity 656K, committed 768K, reserved 1048576K

Deoptimization events (10 events):
Event: 2.624 Thread 0x0000000016bba800 Uncommon trap: reason=bimorphic action=maybe_recompile pc=0x00000000029fdce4 method=com.android.dx.cf.code.BytecodeArray.parseInstruction(ILcom/android/dx/cf/code/BytecodeArray$Visitor;)I @ 1161
Event: 2.624 Thread 0x0000000016bba800 Uncommon trap: reason=bimorphic action=maybe_recompile pc=0x00000000029fdce4 method=com.android.dx.cf.code.BytecodeArray.parseInstruction(ILcom/android/dx/cf/code/BytecodeArray$Visitor;)I @ 1161
Event: 2.624 Thread 0x0000000016bba800 Uncommon trap: reason=bimorphic action=maybe_recompile pc=0x00000000029fdce4 method=com.android.dx.cf.code.BytecodeArray.parseInstruction(ILcom/android/dx/cf/code/BytecodeArray$Visitor;)I @ 1161
Event: 3.028 Thread 0x0000000016bba800 Uncommon trap: reason=unreached action=reinterpret pc=0x00000000028c232c method=java.util.HashMap.getNode(ILjava/lang/Object;)Ljava/util/HashMap$Node; @ 84
Event: 4.244 Thread 0x00000000021ad800 Uncommon trap: reason=bimorphic action=maybe_recompile pc=0x0000000002afd848 method=com.android.dx.cf.code.BytecodeArray.parseInstruction(ILcom/android/dx/cf/code/BytecodeArray$Visitor;)I @ 1051
Event: 4.244 Thread 0x00000000021ad800 Uncommon trap: reason=bimorphic action=maybe_recompile pc=0x0000000002afd848 method=com.android.dx.cf.code.BytecodeArray.parseInstruction(ILcom/android/dx/cf/code/BytecodeArray$Visitor;)I @ 1051
Event: 5.026 Thread 0x000000001689c000 Uncommon trap: reason=bimorphic action=maybe_recompile pc=0x0000000002bb346c method=com.android.dx.cf.code.BytecodeArray.parseInstruction(ILcom/android/dx/cf/code/BytecodeArray$Visitor;)I @ 1357
Event: 5.027 Thread 0x000000001689c000 Uncommon trap: reason=bimorphic action=maybe_recompile pc=0x0000000002bb346c method=com.android.dx.cf.code.BytecodeArray.parseInstruction(ILcom/android/dx/cf/code/BytecodeArray$Visitor;)I @ 1357
Event: 6.094 Thread 0x0000000016bba800 Uncommon trap: reason=bimorphic action=maybe_recompile pc=0x0000000002bf6ff0 method=com.android.dx.cf.code.BytecodeArray.parseInstruction(ILcom/android/dx/cf/code/BytecodeArray$Visitor;)I @ 2281
Event: 6.094 Thread 0x0000000016bba800 Uncommon trap: reason=bimorphic action=maybe_recompile pc=0x0000000002bf6ff0 method=com.android.dx.cf.code.BytecodeArray.parseInstruction(ILcom/android/dx/cf/code/BytecodeArray$Visitor;)I @ 2281

Internal exceptions (10 events):
Event: 0.920 Thread 0x00000000168b3800 Implicit null exception at 0x00000000026dff32 to 0x00000000026e22b5
Event: 0.947 Thread 0x0000000016bba800 Implicit null exception at 0x000000000269dfa2 to 0x000000000269e0a1
Event: 1.173 Thread 0x000000001689c000 Exception <a 'java/security/PrivilegedActionException'> (0x00000000ebf754d8) thrown at [D:\re\workspace\8-2-build-windows-amd64-cygwin\jdk8u20\1074\hotspot\src\share\vm\prims\jvm.cpp, line 1275]
Event: 1.489 Thread 0x0000000017145000 Implicit null exception at 0x00000000028c9910 to 0x00000000028c9a81
Event: 1.592 Thread 0x00000000021ad800 Exception <a 'java/security/PrivilegedActionException'> (0x00000000ead63ed0) thrown at [D:\re\workspace\8-2-build-windows-amd64-cygwin\jdk8u20\1074\hotspot\src\share\vm\prims\jvm.cpp, line 1275]
Event: 2.219 Thread 0x000000001689c000 Exception <a 'java/lang/ArrayIndexOutOfBoundsException': 18> (0x00000000ec6f78e0) thrown at [D:\re\workspace\8-2-build-windows-amd64-cygwin\jdk8u20\1074\hotspot\src\share\vm\interpreter\interpreterRuntime.cpp, line 366]
Event: 2.220 Thread 0x000000001689c000 Exception <a 'java/lang/ArrayIndexOutOfBoundsException': 145> (0x00000000ec6f9378) thrown at [D:\re\workspace\8-2-build-windows-amd64-cygwin\jdk8u20\1074\hotspot\src\share\vm\interpreter\interpreterRuntime.cpp, line 366]
Event: 2.220 Thread 0x000000001689c000 Exception <a 'java/lang/ArrayIndexOutOfBoundsException': 40> (0x00000000ec6fa590) thrown at [D:\re\workspace\8-2-build-windows-amd64-cygwin\jdk8u20\1074\hotspot\src\share\vm\interpreter\interpreterRuntime.cpp, line 366]
Event: 2.280 Thread 0x000000001689c000 Exception <a 'java/security/PrivilegedActionException'> (0x00000000ecde9f40) thrown at [D:\re\workspace\8-2-build-windows-amd64-cygwin\jdk8u20\1074\hotspot\src\share\vm\prims\jvm.cpp, line 1275]
Event: 4.619 Thread 0x00000000021ad800 Exception <a 'java/security/PrivilegedActionException'> (0x00000000f2343ee0) thrown at [D:\re\workspace\8-2-build-windows-amd64-cygwin\jdk8u20\1074\hotspot\src\share\vm\prims\jvm.cpp, line 1275]

Events (10 events):
Event: 6.090 Thread 0x0000000016bba800 DEOPT UNPACKING pc=0x00000000023575bf sp=0x000000001850e6a8 mode 0
Event: 6.094 Thread 0x0000000016bba800 Uncommon trap: trap_request=0xffffffc6 fr.pc=0x0000000002bf6ff0
Event: 6.094 Thread 0x0000000016bba800 DEOPT PACKING pc=0x0000000002bf6ff0 sp=0x000000001850e690
Event: 6.094 Thread 0x0000000016bba800 DEOPT UNPACKING pc=0x000000000235556a sp=0x000000001850e638 mode 2
Event: 6.094 Thread 0x0000000016bba800 Uncommon trap: trap_request=0xffffffc6 fr.pc=0x0000000002bf6ff0
Event: 6.094 Thread 0x0000000016bba800 DEOPT PACKING pc=0x0000000002bf6ff0 sp=0x000000001850e4f0
Event: 6.094 Thread 0x0000000016bba800 DEOPT UNPACKING pc=0x000000000235556a sp=0x000000001850e498 mode 2
Event: 6.458 Thread 0x00000000021ad800 DEOPT PACKING pc=0x00000000026ae1c4 sp=0x000000000216e240
Event: 6.458 Thread 0x00000000021ad800 DEOPT UNPACKING pc=0x00000000023575bf sp=0x000000000216df58 mode 0
Event: 6.490 Executing VM operation: ParallelGCFailedAllocation


Dynamic libraries:
0x00007ff78c3b0000 - 0x00007ff78c3e4000 	C:\Program Files\Java\jdk1.8.0_20\bin\java.exe
0x00007fff5ffe0000 - 0x00007fff601a1000 	C:\WINDOWS\SYSTEM32\ntdll.dll
0x00007fff5d4e0000 - 0x00007fff5d58d000 	C:\WINDOWS\system32\KERNEL32.DLL
0x00007fff5c950000 - 0x00007fff5cb38000 	C:\WINDOWS\system32\KERNELBASE.dll
0x00007fff5fcd0000 - 0x00007fff5fd77000 	C:\WINDOWS\system32\ADVAPI32.dll
0x00007fff5f5f0000 - 0x00007fff5f68d000 	C:\WINDOWS\system32\msvcrt.dll
0x00007fff5f2b0000 - 0x00007fff5f30b000 	C:\WINDOWS\system32\sechost.dll
0x00007fff5fe00000 - 0x00007fff5ff1c000 	C:\WINDOWS\system32\RPCRT4.dll
0x00007fff5ec30000 - 0x00007fff5ed86000 	C:\WINDOWS\system32\USER32.dll
0x00007fff5efa0000 - 0x00007fff5f126000 	C:\WINDOWS\system32\GDI32.dll
0x00007fff50340000 - 0x00007fff505b4000 	C:\WINDOWS\WinSxS\amd64_microsoft.windows.common-controls_6595b64144ccf1df_6.0.10586.0_none_8c15ae12515e1c22\COMCTL32.dll
0x00007fff5f310000 - 0x00007fff5f58d000 	C:\WINDOWS\system32\combase.dll
0x00007fff5d190000 - 0x00007fff5d1fa000 	C:\WINDOWS\system32\bcryptPrimitives.dll
0x00007fff5ff20000 - 0x00007fff5ff5b000 	C:\WINDOWS\system32\IMM32.DLL
0x0000000068eb0000 - 0x0000000068f82000 	C:\Program Files\Java\jdk1.8.0_20\jre\bin\msvcr100.dll
0x0000000068650000 - 0x0000000068ea8000 	C:\Program Files\Java\jdk1.8.0_20\jre\bin\server\jvm.dll
0x00007fff5d4d0000 - 0x00007fff5d4d8000 	C:\WINDOWS\system32\PSAPI.DLL
0x00007fff50870000 - 0x00007fff50879000 	C:\WINDOWS\SYSTEM32\WSOCK32.dll
0x00007fff5a860000 - 0x00007fff5a883000 	C:\WINDOWS\SYSTEM32\WINMM.dll
0x00007fff5ff70000 - 0x00007fff5ffdb000 	C:\WINDOWS\system32\WS2_32.dll
0x0000000002040000 - 0x000000000206c000 	C:\WINDOWS\SYSTEM32\WINMMBASE.dll
0x00007fff5c670000 - 0x00007fff5c6b3000 	C:\WINDOWS\system32\cfgmgr32.dll
0x0000000069cc0000 - 0x0000000069ccf000 	C:\Program Files\Java\jdk1.8.0_20\jre\bin\verify.dll
0x0000000068620000 - 0x0000000068648000 	C:\Program Files\Java\jdk1.8.0_20\jre\bin\java.dll
0x0000000068600000 - 0x0000000068616000 	C:\Program Files\Java\jdk1.8.0_20\jre\bin\zip.dll
0x00007fff5d600000 - 0x00007fff5eb5c000 	C:\WINDOWS\system32\SHELL32.dll
0x00007fff5cb40000 - 0x00007fff5d185000 	C:\WINDOWS\system32\windows.storage.dll
0x00007fff5f590000 - 0x00007fff5f5e2000 	C:\WINDOWS\system32\shlwapi.dll
0x00007fff5c600000 - 0x00007fff5c60f000 	C:\WINDOWS\system32\kernel.appcore.dll
0x00007fff5c6c0000 - 0x00007fff5c775000 	C:\WINDOWS\system32\shcore.dll
0x00007fff5c620000 - 0x00007fff5c66b000 	C:\WINDOWS\system32\powrprof.dll
0x00007fff5c5e0000 - 0x00007fff5c5f4000 	C:\WINDOWS\system32\profapi.dll
0x00007fff514c0000 - 0x00007fff5164c000 	C:\WINDOWS\SYSTEM32\dbghelp.dll

VM Arguments:
jvm_args: -Djava.awt.headless=true -Xmx1024M -Dfile.encoding=windows-1252 -Duser.country=US -Duser.language=en -Duser.variant 
java_command: com.android.dx.command.Main --dex --num-threads=4 --multi-dex --main-dex-list C:\Users\admin\Documents\GitHub\ShaneelSD\SoftwareDesign\FindMeTutor\FindMeTutor\tutor_app\build\intermediates\multi-dex\debug\maindexlist.txt --output C:\Users\admin\Documents\GitHub\ShaneelSD\SoftwareDesign\FindMeTutor\FindMeTutor\tutor_app\build\intermediates\transforms\dex\debug\folders\1000\1f\main C:\Users\admin\Documents\GitHub\ShaneelSD\SoftwareDesign\FindMeTutor\FindMeTutor\tutor_app\build\intermediates\transforms\jarMerging\debug\jars\1\1f\combined.jar
java_class_path (initial): C:\Users\admin\AppData\Local\Android\sdk\build-tools\24.0.1\lib\dx.jar
Launcher Type: SUN_STANDARD

Environment Variables:
PATH=C:\ProgramData\Oracle\Java\javapath;C:\Program Files (x86)\Intel\iCLS Client\;C:\Program Files\Intel\iCLS Client\;C:\WINDOWS\system32;C:\WINDOWS;C:\WINDOWS\System32\Wbem;C:\WINDOWS\System32\WindowsPowerShell\v1.0\;C:\Program Files\Intel\Intel(R) Management Engine Components\DAL;C:\Program Files\Intel\Intel(R) Management Engine Components\IPT;C:\Program Files (x86)\Intel\Intel(R) Management Engine Components\DAL;C:\Program Files (x86)\Intel\Intel(R) Management Engine Components\IPT;C:\Program Files\WIDCOMM\Bluetooth Software\;C:\Program Files\WIDCOMM\Bluetooth Software\syswow64;C:\Program Files (x86)\Intel\OpenCL SDK\2.0\bin\x86;C:\Program Files (x86)\Intel\OpenCL SDK\2.0\bin\x64;C:\Program Files\Intel\WiFi\bin\;C:\Program Files\Common Files\Intel\WirelessCommon\;c:\Program Files (x86)\Microsoft SQL Server\100\Tools\Binn\;c:\Program Files\Microsoft SQL Server\100\Tools\Binn\;c:\Program Files\Microsoft SQL Server\100\DTS\Binn\;C:\Program Files (x86)\MySQL\MySQL Fabric 1.5.4 & MySQL Utilities 1.5.4 1.5\;C:\Program Files (x86)\MySQL\MySQL Fabric 1.5.4 & MySQL Utilities 1.5.4 1.5\Doctrine extensions for PHP\;C:\Program Files (x86)\Borland\Delphi7\Bin;C:\Program Files (x86)\Borland\Delphi7\Projects\Bpl;C:\Program Files (x86)\Borland\Delphi7\Rave5;C:\Program Files\Git\cmd;C:\Program Files\Intel\WiFi\bin\;C:\Program Files\Common Files\Intel\WirelessCommon\
USERNAME=admin
OS=Windows_NT
PROCESSOR_IDENTIFIER=Intel64 Family 6 Model 58 Stepping 9, GenuineIntel



---------------  S Y S T E M  ---------------

OS: Windows 8.1 , 64 bit Build 9600 

CPU:total 4 (2 cores per cpu, 2 threads per core) family 6 model 58 stepping 9, cmov, cx8, fxsr, mmx, sse, sse2, sse3, ssse3, sse4.1, sse4.2, popcnt, avx, aes, clmul, erms, ht, tsc, tscinvbit, tscinv

Memory: 4k page, physical 8258576k(1633996k free), swap 10306576k(18496k free)

vm_info: Java HotSpot(TM) 64-Bit Server VM (25.20-b23) for windows-amd64 JRE (1.8.0_20-b26), built on Jul 30 2014 13:51:23 by "java_re" with MS VC++ 10.0 (VS2010)

time: Tue Sep 27 16:53:51 2016
elapsed time: 7 seconds (0d 0h 0m 7s)

