#
# There is insufficient memory for the Java Runtime Environment to continue.
# Native memory allocation (malloc) failed to allocate 1270096 bytes for Chunk::new
# Possible reasons:
#   The system is out of physical RAM or swap space
#   In 32 bit mode, the process size limit was hit
# Possible solutions:
#   Reduce memory load on the system
#   Increase physical memory or swap space
#   Check if swap backing store is full
#   Use 64 bit Java on a 64 bit OS
#   Decrease Java heap size (-Xmx/-Xms)
#   Decrease number of Java threads
#   Decrease Java thread stack sizes (-Xss)
#   Set larger code cache with -XX:ReservedCodeCacheSize=
# This output file may be truncated or incomplete.
#
#  Out of Memory Error (allocation.cpp:390), pid=13268, tid=13072
#
# JRE version: Java(TM) SE Runtime Environment (8.0_20-b26) (build 1.8.0_20-b26)
# Java VM: Java HotSpot(TM) 64-Bit Server VM (25.20-b23 mixed mode windows-amd64 compressed oops)
# Failed to write core dump. Minidumps are not enabled by default on client versions of Windows
#

---------------  T H R E A D  ---------------

Current thread (0x0000000014a7d800):  JavaThread "C2 CompilerThread0" daemon [_thread_in_native, id=13072, stack(0x0000000015fe0000,0x00000000160e0000)]

Stack: [0x0000000015fe0000,0x00000000160e0000]
Native frames: (J=compiled Java code, j=interpreted, Vv=VM code, C=native code)
V  [jvm.dll+0x3152fa]


Current CompileTask:
C2:   3744 1099   !   4       com.android.dx.cf.code.BytecodeArray::parseInstruction (2764 bytes)


---------------  P R O C E S S  ---------------

Java Threads: ( => current thread )
  0x0000000016531800 JavaThread "pool-1-thread-4" [_thread_in_vm, id=12016, stack(0x0000000016ce0000,0x0000000016de0000)]
  0x000000001652b000 JavaThread "pool-1-thread-3" [_thread_in_Java, id=11756, stack(0x0000000016be0000,0x0000000016ce0000)]
  0x0000000016558800 JavaThread "pool-1-thread-2" [_thread_in_vm, id=10168, stack(0x0000000016ae0000,0x0000000016be0000)]
  0x0000000016552000 JavaThread "pool-2-thread-1" [_thread_blocked, id=8516, stack(0x00000000169e0000,0x0000000016ae0000)]
  0x000000001654b800 JavaThread "pool-1-thread-1" [_thread_blocked, id=13272, stack(0x00000000168e0000,0x00000000169e0000)]
  0x0000000016305800 JavaThread "Service Thread" daemon [_thread_blocked, id=13112, stack(0x00000000166e0000,0x00000000167e0000)]
  0x0000000014a99800 JavaThread "C1 CompilerThread2" daemon [_thread_in_native, id=6528, stack(0x00000000161e0000,0x00000000162e0000)]
  0x0000000014a80000 JavaThread "C2 CompilerThread1" daemon [_thread_in_native, id=12608, stack(0x00000000160e0000,0x00000000161e0000)]
=>0x0000000014a7d800 JavaThread "C2 CompilerThread0" daemon [_thread_in_native, id=13072, stack(0x0000000015fe0000,0x00000000160e0000)]
  0x0000000014a7b800 JavaThread "Attach Listener" daemon [_thread_blocked, id=5196, stack(0x0000000015ee0000,0x0000000015fe0000)]
  0x0000000014a7a000 JavaThread "Signal Dispatcher" daemon [_thread_blocked, id=10036, stack(0x0000000015de0000,0x0000000015ee0000)]
  0x000000000239f000 JavaThread "Finalizer" daemon [_thread_blocked, id=4608, stack(0x0000000015ce0000,0x0000000015de0000)]
  0x0000000014a48000 JavaThread "Reference Handler" daemon [_thread_blocked, id=9840, stack(0x0000000015be0000,0x0000000015ce0000)]
  0x00000000021ad800 JavaThread "main" [_thread_in_Java, id=10652, stack(0x00000000021b0000,0x00000000022b0000)]

Other Threads:
  0x0000000014a46000 VMThread [stack: 0x0000000015ae0000,0x0000000015be0000] [id=9276]
  0x0000000016308000 WatcherThread [stack: 0x00000000167e0000,0x00000000168e0000] [id=2688]

VM state:not at safepoint (normal execution)

VM Mutex/Monitor currently owned by a thread: None

Heap:
 PSYoungGen      total 38400K, used 26675K [0x00000000eab00000, 0x00000000ed580000, 0x0000000100000000)
  eden space 33280K, 80% used [0x00000000eab00000,0x00000000ec50ce30,0x00000000ecb80000)
  from space 5120K, 0% used [0x00000000ed080000,0x00000000ed080000,0x00000000ed580000)
  to   space 5120K, 0% used [0x00000000ecb80000,0x00000000ecb80000,0x00000000ed080000)
 ParOldGen       total 87552K, used 0K [0x00000000c0000000, 0x00000000c5580000, 0x00000000eab00000)
  object space 87552K, 0% used [0x00000000c0000000,0x00000000c0000000,0x00000000c5580000)
 Metaspace       used 5860K, capacity 6832K, committed 7040K, reserved 1056768K
  class space    used 588K, capacity 616K, committed 640K, reserved 1048576K

Card table byte_map: [0x0000000011770000,0x0000000011980000] byte_map_base: 0x0000000011170000

Marking Bits: (ParMarkBitMap*) 0x0000000070fdb460
 Begin Bits: [0x0000000011ee0000, 0x0000000012ee0000)
 End Bits:   [0x0000000012ee0000, 0x0000000013ee0000)

Polling page: 0x00000000001f0000

CodeCache: size=245760Kb used=4429Kb max_used=4430Kb free=241331Kb
 bounds [0x00000000023b0000, 0x0000000002810000, 0x00000000113b0000]
 total_blobs=1394 nmethods=1130 adapters=178
 compilation: enabled

Compilation events (10 events):
Event: 3.737 Thread 0x0000000014a80000 nmethod 1100 0x0000000002803290 code [0x00000000028033e0, 0x0000000002803538]
Event: 3.737 Thread 0x0000000014a80000 1137   !   4       com.android.dx.ssa.BasicRegisterMapper::map (44 bytes)
Event: 3.738 Thread 0x0000000014a99800 1140       3       com.android.dx.ssa.SsaMethod::mapRegisters (87 bytes)
Event: 3.739 Thread 0x0000000014a99800 nmethod 1140 0x0000000002806b10 code [0x0000000002806d80, 0x0000000002807ea8]
Event: 3.739 Thread 0x0000000014a80000 nmethod 1137 0x0000000002802e50 code [0x0000000002802fa0, 0x00000000028030c8]
Event: 3.739 Thread 0x0000000014a80000 1138       4       com.android.dx.ssa.SsaMethod::updateOneDefinition (70 bytes)
Event: 3.740 Thread 0x0000000014a99800 1141       3       com.android.dx.rop.code.ThrowingInsn::withNewRegisters (21 bytes)
Event: 3.740 Thread 0x0000000014a80000 nmethod 1138 0x00000000027fe1d0 code [0x00000000027fe300, 0x00000000027fe378]
Event: 3.740 Thread 0x0000000014a80000 1139       4       com.android.dx.ssa.SsaInsn::mapRegisters (35 bytes)
Event: 3.740 Thread 0x0000000014a99800 nmethod 1141 0x00000000028028d0 code [0x0000000002802a40, 0x0000000002802d68]

GC Heap History (0 events):
No events

Deoptimization events (10 events):
Event: 2.955 Thread 0x0000000016531800 Uncommon trap: reason=class_check action=maybe_recompile pc=0x00000000026044b0 method=com.android.dx.ssa.NormalSsaInsn.accept(Lcom/android/dx/ssa/SsaInsn$Visitor;)V @ 9
Event: 2.956 Thread 0x0000000016531800 Uncommon trap: reason=class_check action=maybe_recompile pc=0x00000000026044b0 method=com.android.dx.ssa.NormalSsaInsn.accept(Lcom/android/dx/ssa/SsaInsn$Visitor;)V @ 9
Event: 3.367 Thread 0x0000000016558800 Uncommon trap: reason=class_check action=maybe_recompile pc=0x0000000002606050 method=com.android.dx.rop.type.Type.equals(Ljava/lang/Object;)Z @ 8
Event: 3.367 Thread 0x0000000016558800 Uncommon trap: reason=class_check action=maybe_recompile pc=0x0000000002606050 method=com.android.dx.rop.type.Type.equals(Ljava/lang/Object;)Z @ 8
Event: 3.368 Thread 0x0000000016558800 Uncommon trap: reason=class_check action=maybe_recompile pc=0x0000000002606050 method=com.android.dx.rop.type.Type.equals(Ljava/lang/Object;)Z @ 8
Event: 3.368 Thread 0x0000000016558800 Uncommon trap: reason=class_check action=maybe_recompile pc=0x0000000002606050 method=com.android.dx.rop.type.Type.equals(Ljava/lang/Object;)Z @ 8
Event: 3.368 Thread 0x0000000016558800 Uncommon trap: reason=class_check action=maybe_recompile pc=0x00000000026e46ac method=com.android.dx.rop.type.Type.equals(Ljava/lang/Object;)Z @ 8
Event: 3.371 Thread 0x0000000016558800 Uncommon trap: reason=class_check action=maybe_recompile pc=0x00000000026cabd8 method=com.android.dx.rop.type.Type.equals(Ljava/lang/Object;)Z @ 8
Event: 3.375 Thread 0x0000000016558800 Uncommon trap: reason=null_check action=make_not_entrant pc=0x00000000026d4aec method=com.android.dx.ssa.SsaRenamer.getLocalForNewReg(I)Lcom/android/dx/rop/code/LocalItem; @ 19
Event: 3.375 Thread 0x0000000016558800 Uncommon trap: reason=null_check action=make_not_entrant pc=0x00000000026c1d2c method=com.android.dx.ssa.SsaRenamer.getLocalForNewReg(I)Lcom/android/dx/rop/code/LocalItem; @ 19

Internal exceptions (10 events):
Event: 2.538 Thread 0x00000000021ad800 Exception <a 'java/security/PrivilegedActionException'> (0x00000000eb40d538) thrown at [D:\re\workspace\8-2-build-windows-amd64-cygwin\jdk8u20\1074\hotspot\src\share\vm\prims\jvm.cpp, line 1275]
Event: 2.539 Thread 0x0000000016558800 Exception <a 'java/security/PrivilegedActionException'> (0x00000000eb648b30) thrown at [D:\re\workspace\8-2-build-windows-amd64-cygwin\jdk8u20\1074\hotspot\src\share\vm\prims\jvm.cpp, line 1275]
Event: 2.542 Thread 0x000000001654b800 Exception <a 'java/security/PrivilegedActionException'> (0x00000000eb7637e8) thrown at [D:\re\workspace\8-2-build-windows-amd64-cygwin\jdk8u20\1074\hotspot\src\share\vm\prims\jvm.cpp, line 1275]
Event: 2.545 Thread 0x000000001652b000 Exception <a 'java/security/PrivilegedActionException'> (0x00000000eb78bcf0) thrown at [D:\re\workspace\8-2-build-windows-amd64-cygwin\jdk8u20\1074\hotspot\src\share\vm\prims\jvm.cpp, line 1275]
Event: 2.556 Thread 0x000000001654b800 Exception <a 'java/security/PrivilegedActionException'> (0x00000000eb8e1690) thrown at [D:\re\workspace\8-2-build-windows-amd64-cygwin\jdk8u20\1074\hotspot\src\share\vm\prims\jvm.cpp, line 1275]
Event: 2.564 Thread 0x000000001654b800 Exception <a 'java/security/PrivilegedActionException'> (0x00000000eb8fa620) thrown at [D:\re\workspace\8-2-build-windows-amd64-cygwin\jdk8u20\1074\hotspot\src\share\vm\prims\jvm.cpp, line 1275]
Event: 3.351 Thread 0x00000000021ad800 Exception <a 'java/security/PrivilegedActionException'> (0x00000000ebf291f8) thrown at [D:\re\workspace\8-2-build-windows-amd64-cygwin\jdk8u20\1074\hotspot\src\share\vm\prims\jvm.cpp, line 1275]
Event: 3.366 Thread 0x0000000016558800 Exception <a 'java/security/PrivilegedActionException'> (0x00000000ebdd91a0) thrown at [D:\re\workspace\8-2-build-windows-amd64-cygwin\jdk8u20\1074\hotspot\src\share\vm\prims\jvm.cpp, line 1275]
Event: 3.375 Thread 0x0000000016558800 Implicit null exception at 0x00000000026d2bb9 to 0x00000000026d4ac5
Event: 3.375 Thread 0x0000000016558800 Implicit null exception at 0x00000000026bfc9f to 0x00000000026c1cf9

Events (10 events):
Event: 3.368 loading class java/util/HashMap$ValueIterator done
Event: 3.371 Thread 0x0000000016558800 Uncommon trap: trap_request=0xffffffde fr.pc=0x00000000026cabd8
Event: 3.371 Thread 0x0000000016558800 DEOPT PACKING pc=0x00000000026cabd8 sp=0x0000000016bde640
Event: 3.371 Thread 0x0000000016558800 DEOPT UNPACKING pc=0x00000000023f556a sp=0x0000000016bde4a0 mode 2
Event: 3.375 Thread 0x0000000016558800 Uncommon trap: trap_request=0xfffffff4 fr.pc=0x00000000026d4aec
Event: 3.375 Thread 0x0000000016558800 DEOPT PACKING pc=0x00000000026d4aec sp=0x0000000016bde870
Event: 3.375 Thread 0x0000000016558800 DEOPT UNPACKING pc=0x00000000023f556a sp=0x0000000016bde6a8 mode 2
Event: 3.375 Thread 0x0000000016558800 Uncommon trap: trap_request=0xfffffff4 fr.pc=0x00000000026c1d2c
Event: 3.375 Thread 0x0000000016558800 DEOPT PACKING pc=0x00000000026c1d2c sp=0x0000000016bde7f0
Event: 3.375 Thread 0x0000000016558800 DEOPT UNPACKING pc=0x00000000023f556a sp=0x0000000016bde698 mode 2


Dynamic libraries:
0x00007ff684e90000 - 0x00007ff684ec4000 	C:\Program Files\Java\jdk1.8.0_20\bin\java.exe
0x00007ffb659a0000 - 0x00007ffb65b61000 	C:\WINDOWS\SYSTEM32\ntdll.dll
0x00007ffb633d0000 - 0x00007ffb6347d000 	C:\WINDOWS\system32\KERNEL32.DLL
0x00007ffb626f0000 - 0x00007ffb628d8000 	C:\WINDOWS\system32\KERNELBASE.dll
0x00007ffb658f0000 - 0x00007ffb65997000 	C:\WINDOWS\system32\ADVAPI32.dll
0x00007ffb65420000 - 0x00007ffb654bd000 	C:\WINDOWS\system32\msvcrt.dll
0x00007ffb62d80000 - 0x00007ffb62ddb000 	C:\WINDOWS\system32\sechost.dll
0x00007ffb63750000 - 0x00007ffb6386c000 	C:\WINDOWS\system32\RPCRT4.dll
0x00007ffb652c0000 - 0x00007ffb65416000 	C:\WINDOWS\system32\USER32.dll
0x00007ffb63550000 - 0x00007ffb636d6000 	C:\WINDOWS\system32\GDI32.dll
0x00007ffb57250000 - 0x00007ffb574c4000 	C:\WINDOWS\WinSxS\amd64_microsoft.windows.common-controls_6595b64144ccf1df_6.0.10586.0_none_8c15ae12515e1c22\COMCTL32.dll
0x00007ffb65040000 - 0x00007ffb652bd000 	C:\WINDOWS\system32\combase.dll
0x00007ffb62680000 - 0x00007ffb626ea000 	C:\WINDOWS\system32\bcryptPrimitives.dll
0x00007ffb63870000 - 0x00007ffb638ab000 	C:\WINDOWS\system32\IMM32.DLL
0x0000000071060000 - 0x0000000071132000 	C:\Program Files\Java\jdk1.8.0_20\jre\bin\msvcr100.dll
0x0000000070800000 - 0x0000000071058000 	C:\Program Files\Java\jdk1.8.0_20\jre\bin\server\jvm.dll
0x00007ffb64f70000 - 0x00007ffb64f78000 	C:\WINDOWS\system32\PSAPI.DLL
0x00007ffb58000000 - 0x00007ffb58009000 	C:\WINDOWS\SYSTEM32\WSOCK32.dll
0x00007ffb631e0000 - 0x00007ffb6324b000 	C:\WINDOWS\system32\WS2_32.dll
0x00007ffb60720000 - 0x00007ffb60743000 	C:\WINDOWS\SYSTEM32\WINMM.dll
0x00007ffb60670000 - 0x00007ffb6069c000 	C:\WINDOWS\SYSTEM32\WINMMBASE.dll
0x00007ffb62d10000 - 0x00007ffb62d53000 	C:\WINDOWS\system32\cfgmgr32.dll
0x00000000707f0000 - 0x00000000707ff000 	C:\Program Files\Java\jdk1.8.0_20\jre\bin\verify.dll
0x00000000707c0000 - 0x00000000707e8000 	C:\Program Files\Java\jdk1.8.0_20\jre\bin\java.dll
0x00000000707a0000 - 0x00000000707b6000 	C:\Program Files\Java\jdk1.8.0_20\jre\bin\zip.dll
0x00007ffb638b0000 - 0x00007ffb64e0c000 	C:\WINDOWS\system32\SHELL32.dll
0x00007ffb62030000 - 0x00007ffb62675000 	C:\WINDOWS\system32\windows.storage.dll
0x00007ffb64f80000 - 0x00007ffb64fd2000 	C:\WINDOWS\system32\shlwapi.dll
0x00007ffb61fc0000 - 0x00007ffb61fcf000 	C:\WINDOWS\system32\kernel.appcore.dll
0x00007ffb62ba0000 - 0x00007ffb62c55000 	C:\WINDOWS\system32\shcore.dll
0x00007ffb61fe0000 - 0x00007ffb6202b000 	C:\WINDOWS\system32\powrprof.dll
0x00007ffb61fa0000 - 0x00007ffb61fb4000 	C:\WINDOWS\system32\profapi.dll

VM Arguments:
jvm_args: -Djava.awt.headless=true -Xmx1024M -Dfile.encoding=windows-1252 -Duser.country=US -Duser.language=en -Duser.variant 
java_command: com.android.dx.command.Main --dex --num-threads=4 --output C:\Users\admin\Documents\GitHub\ShaneelSD\SoftwareDesign\FindMeTutor\FindMeTutor\tutor_app\build\intermediates\pre-dexed\debug\com.android.support-recyclerview-v7-24.2.0_34c97a3f751a25488ed5cd3b211e7acf74275383.jar C:\Users\admin\Documents\GitHub\ShaneelSD\SoftwareDesign\FindMeTutor\FindMeTutor\tutor_app\build\intermediates\exploded-aar\com.android.support\recyclerview-v7\24.2.0\jars\classes.jar
java_class_path (initial): C:\Users\admin\AppData\Local\Android\sdk\build-tools\24.0.1\lib\dx.jar
Launcher Type: SUN_STANDARD

Environment Variables:
PATH=C:\ProgramData\Oracle\Java\javapath;C:\Program Files (x86)\Intel\iCLS Client\;C:\Program Files\Intel\iCLS Client\;C:\WINDOWS\system32;C:\WINDOWS;C:\WINDOWS\System32\Wbem;C:\WINDOWS\System32\WindowsPowerShell\v1.0\;C:\Program Files\Intel\Intel(R) Management Engine Components\DAL;C:\Program Files\Intel\Intel(R) Management Engine Components\IPT;C:\Program Files (x86)\Intel\Intel(R) Management Engine Components\DAL;C:\Program Files (x86)\Intel\Intel(R) Management Engine Components\IPT;C:\Program Files\WIDCOMM\Bluetooth Software\;C:\Program Files\WIDCOMM\Bluetooth Software\syswow64;C:\Program Files (x86)\Intel\OpenCL SDK\2.0\bin\x86;C:\Program Files (x86)\Intel\OpenCL SDK\2.0\bin\x64;C:\Program Files\Intel\WiFi\bin\;C:\Program Files\Common Files\Intel\WirelessCommon\;c:\Program Files (x86)\Microsoft SQL Server\100\Tools\Binn\;c:\Program Files\Microsoft SQL Server\100\Tools\Binn\;c:\Program Files\Microsoft SQL Server\100\DTS\Binn\;C:\Program Files (x86)\MySQL\MySQL Fabric 1.5.4 & MySQL Utilities 1.5.4 1.5\;C:\Program Files (x86)\MySQL\MySQL Fabric 1.5.4 & MySQL Utilities 1.5.4 1.5\Doctrine extensions for PHP\;C:\Program Files (x86)\Borland\Delphi7\Bin;C:\Program Files (x86)\Borland\Delphi7\Projects\Bpl;C:\Program Files (x86)\Borland\Delphi7\Rave5;C:\Program Files\Git\cmd;C:\Program Files\Intel\WiFi\bin\;C:\Program Files\Common Files\Intel\WirelessCommon\
USERNAME=admin
OS=Windows_NT
PROCESSOR_IDENTIFIER=Intel64 Family 6 Model 58 Stepping 9, GenuineIntel



---------------  S Y S T E M  ---------------

OS: Windows 8.1 , 64 bit Build 9600 

CPU:total 4 (2 cores per cpu, 2 threads per core) family 6 model 58 stepping 9, cmov, cx8, fxsr, mmx, sse, sse2, sse3, ssse3, sse4.1, sse4.2, popcnt, avx, aes, clmul, erms, ht, tsc, tscinvbit, tscinv

Memory: 4k page, physical 8258576k(2115628k free), swap 10306576k(5208k free)

vm_info: Java HotSpot(TM) 64-Bit Server VM (25.20-b23) for windows-amd64 JRE (1.8.0_20-b26), built on Jul 30 2014 13:51:23 by "java_re" with MS VC++ 10.0 (VS2010)

time: Thu Sep 08 20:10:41 2016
elapsed time: 3 seconds (0d 0h 0m 3s)

