#
# There is insufficient memory for the Java Runtime Environment to continue.
# Native memory allocation (malloc) failed to allocate 1391136 bytes for Chunk::new
# Possible reasons:
#   The system is out of physical RAM or swap space
#   In 32 bit mode, the process size limit was hit
# Possible solutions:
#   Reduce memory load on the system
#   Increase physical memory or swap space
#   Check if swap backing store is full
#   Use 64 bit Java on a 64 bit OS
#   Decrease Java heap size (-Xmx/-Xms)
#   Decrease number of Java threads
#   Decrease Java thread stack sizes (-Xss)
#   Set larger code cache with -XX:ReservedCodeCacheSize=
# This output file may be truncated or incomplete.
#
#  Out of Memory Error (allocation.cpp:390), pid=3420, tid=10620
#
# JRE version: Java(TM) SE Runtime Environment (8.0_20-b26) (build 1.8.0_20-b26)
# Java VM: Java HotSpot(TM) 64-Bit Server VM (25.20-b23 mixed mode windows-amd64 compressed oops)
# Failed to write core dump. Minidumps are not enabled by default on client versions of Windows
#

---------------  T H R E A D  ---------------

Current thread (0x0000000014a6a800):  JavaThread "C2 CompilerThread1" daemon [_thread_in_native, id=10620, stack(0x00000000160d0000,0x00000000161d0000)]

Stack: [0x00000000160d0000,0x00000000161d0000]
Native frames: (J=compiled Java code, j=interpreted, Vv=VM code, C=native code)
V  [jvm.dll+0x3152fa]


Current CompileTask:
C2:   3609 1417   !   4       com.android.dx.cf.code.RopperMachine::run (1550 bytes)


---------------  P R O C E S S  ---------------

Java Threads: ( => current thread )
  0x0000000014acb000 JavaThread "Service Thread" daemon [_thread_blocked, id=10256, stack(0x00000000162d0000,0x00000000163d0000)]
  0x0000000014a73800 JavaThread "C1 CompilerThread2" daemon [_thread_blocked, id=11812, stack(0x00000000161d0000,0x00000000162d0000)]
=>0x0000000014a6a800 JavaThread "C2 CompilerThread1" daemon [_thread_in_native, id=10620, stack(0x00000000160d0000,0x00000000161d0000)]
  0x0000000014a79800 JavaThread "C2 CompilerThread0" daemon [_thread_in_native, id=2952, stack(0x0000000015fd0000,0x00000000160d0000)]
  0x0000000014a77000 JavaThread "Attach Listener" daemon [_thread_blocked, id=6996, stack(0x0000000015ed0000,0x0000000015fd0000)]
  0x0000000014a76000 JavaThread "Signal Dispatcher" daemon [_thread_blocked, id=5428, stack(0x0000000015dd0000,0x0000000015ed0000)]
  0x000000000238f000 JavaThread "Finalizer" daemon [_thread_blocked, id=924, stack(0x0000000015cd0000,0x0000000015dd0000)]
  0x0000000014a38000 JavaThread "Reference Handler" daemon [_thread_blocked, id=11240, stack(0x0000000015bd0000,0x0000000015cd0000)]
  0x000000000204d800 JavaThread "main" [_thread_in_vm, id=7516, stack(0x00000000021a0000,0x00000000022a0000)]

Other Threads:
  0x0000000014a36000 VMThread [stack: 0x0000000015ad0000,0x0000000015bd0000] [id=14260]
  0x0000000014ace000 WatcherThread [stack: 0x00000000163d0000,0x00000000164d0000] [id=6164]

VM state:not at safepoint (normal execution)

VM Mutex/Monitor currently owned by a thread: None

Heap:
 PSYoungGen      total 38400K, used 21049K [0x00000000eab00000, 0x00000000ef600000, 0x0000000100000000)
  eden space 33280K, 47% used [0x00000000eab00000,0x00000000eba90b68,0x00000000ecb80000)
  from space 5120K, 99% used [0x00000000ecb80000,0x00000000ed07dc88,0x00000000ed080000)
  to   space 5120K, 0% used [0x00000000ef100000,0x00000000ef100000,0x00000000ef600000)
 ParOldGen       total 87552K, used 1609K [0x00000000c0000000, 0x00000000c5580000, 0x00000000eab00000)
  object space 87552K, 1% used [0x00000000c0000000,0x00000000c0192528,0x00000000c5580000)
 Metaspace       used 6128K, capacity 7088K, committed 7296K, reserved 1056768K
  class space    used 598K, capacity 616K, committed 640K, reserved 1048576K

Card table byte_map: [0x0000000011760000,0x0000000011970000] byte_map_base: 0x0000000011160000

Marking Bits: (ParMarkBitMap*) 0x0000000070fdb460
 Begin Bits: [0x0000000011ed0000, 0x0000000012ed0000)
 End Bits:   [0x0000000012ed0000, 0x0000000013ed0000)

Polling page: 0x00000000001f0000

CodeCache: size=245760Kb used=5918Kb max_used=5925Kb free=239841Kb
 bounds [0x00000000023a0000, 0x0000000002970000, 0x00000000113a0000]
 total_blobs=1765 nmethods=1501 adapters=178
 compilation: enabled

Compilation events (10 events):
Event: 3.245 Thread 0x0000000014a73800 nmethod 1517 0x00000000029627d0 code [0x0000000002962980, 0x0000000002962ea8]
Event: 3.256 Thread 0x0000000014a79800 nmethod 1392 0x0000000002968010 code [0x0000000002968340, 0x000000000296a4e0]
Event: 3.256 Thread 0x0000000014a79800 1485       4       java.util.HashMap::putVal (300 bytes)
Event: 3.268 Thread 0x0000000014a79800 nmethod 1485 0x0000000002963f10 code [0x00000000029640c0, 0x00000000029647a8]
Event: 3.268 Thread 0x0000000014a79800 1473       4       java.util.HashMap::get (23 bytes)
Event: 3.272 Thread 0x0000000014a79800 nmethod 1473 0x0000000002963950 code [0x0000000002963aa0, 0x0000000002963cd8]
Event: 3.272 Thread 0x0000000014a79800 1490       4       com.android.dx.dex.code.OutputFinisher::addConstants (93 bytes)
Event: 3.606 Thread 0x0000000014a73800 1519       2       java.lang.StringBuilder::<init> (6 bytes)
Event: 3.606 Thread 0x0000000014a73800 nmethod 1519 0x0000000002963550 code [0x00000000029636a0, 0x0000000002963890]
Event: 3.606 Thread 0x0000000014a73800 1520       2       com.android.dx.dex.file.ProtoIdItem::makeShortForm (74 bytes)

GC Heap History (2 events):
Event: 2.095 GC heap before
{Heap before GC invocations=1 (full 0):
 PSYoungGen      total 38400K, used 33280K [0x00000000eab00000, 0x00000000ed580000, 0x0000000100000000)
  eden space 33280K, 100% used [0x00000000eab00000,0x00000000ecb80000,0x00000000ecb80000)
  from space 5120K, 0% used [0x00000000ed080000,0x00000000ed080000,0x00000000ed580000)
  to   space 5120K, 0% used [0x00000000ecb80000,0x00000000ecb80000,0x00000000ed080000)
 ParOldGen       total 87552K, used 0K [0x00000000c0000000, 0x00000000c5580000, 0x00000000eab00000)
  object space 87552K, 0% used [0x00000000c0000000,0x00000000c0000000,0x00000000c5580000)
 Metaspace       used 5969K, capacity 6960K, committed 7040K, reserved 1056768K
  class space    used 591K, capacity 616K, committed 640K, reserved 1048576K
Event: 2.335 GC heap after
Heap after GC invocations=1 (full 0):
 PSYoungGen      total 38400K, used 5111K [0x00000000eab00000, 0x00000000ef600000, 0x0000000100000000)
  eden space 33280K, 0% used [0x00000000eab00000,0x00000000eab00000,0x00000000ecb80000)
  from space 5120K, 99% used [0x00000000ecb80000,0x00000000ed07dc88,0x00000000ed080000)
  to   space 5120K, 0% used [0x00000000ef100000,0x00000000ef100000,0x00000000ef600000)
 ParOldGen       total 87552K, used 1609K [0x00000000c0000000, 0x00000000c5580000, 0x00000000eab00000)
  object space 87552K, 1% used [0x00000000c0000000,0x00000000c0192528,0x00000000c5580000)
 Metaspace       used 5969K, capacity 6960K, committed 7040K, reserved 1056768K
  class space    used 591K, capacity 616K, committed 640K, reserved 1048576K
}

Deoptimization events (10 events):
Event: 3.207 Thread 0x000000000204d800 Uncommon trap: reason=class_check action=maybe_recompile pc=0x00000000027e3720 method=java.util.Arrays.hashCode([Ljava/lang/Object;)I @ 43
Event: 3.207 Thread 0x000000000204d800 Uncommon trap: reason=class_check action=maybe_recompile pc=0x00000000027e3720 method=java.util.Arrays.hashCode([Ljava/lang/Object;)I @ 43
Event: 3.208 Thread 0x000000000204d800 Uncommon trap: reason=class_check action=maybe_recompile pc=0x00000000027c1e00 method=java.util.Arrays.hashCode([Ljava/lang/Object;)I @ 43
Event: 3.212 Thread 0x000000000204d800 Uncommon trap: reason=bimorphic action=maybe_recompile pc=0x0000000002602410 method=java.util.HashMap.getNode(ILjava/lang/Object;)Ljava/util/HashMap$Node; @ 126
Event: 3.213 Thread 0x000000000204d800 Uncommon trap: reason=bimorphic action=maybe_recompile pc=0x0000000002602410 method=java.util.HashMap.getNode(ILjava/lang/Object;)Ljava/util/HashMap$Node; @ 126
Event: 3.213 Thread 0x000000000204d800 Uncommon trap: reason=class_check action=maybe_recompile pc=0x000000000279affc method=java.util.HashMap.putVal(ILjava/lang/Object;Ljava/lang/Object;ZZ)Ljava/lang/Object; @ 203
Event: 3.213 Thread 0x000000000204d800 Uncommon trap: reason=bimorphic action=maybe_recompile pc=0x0000000002602410 method=java.util.HashMap.getNode(ILjava/lang/Object;)Ljava/util/HashMap$Node; @ 126
Event: 3.219 Thread 0x000000000204d800 Uncommon trap: reason=class_check action=maybe_recompile pc=0x000000000279affc method=java.util.HashMap.putVal(ILjava/lang/Object;Ljava/lang/Object;ZZ)Ljava/lang/Object; @ 203
Event: 3.219 Thread 0x000000000204d800 Uncommon trap: reason=class_check action=maybe_recompile pc=0x000000000279affc method=java.util.HashMap.putVal(ILjava/lang/Object;Ljava/lang/Object;ZZ)Ljava/lang/Object; @ 203
Event: 3.237 Thread 0x000000000204d800 Uncommon trap: reason=bimorphic action=maybe_recompile pc=0x00000000025bec50 method=java.util.HashMap.getNode(ILjava/lang/Object;)Ljava/util/HashMap$Node; @ 126

Internal exceptions (10 events):
Event: 1.126 Thread 0x000000000204d800 Exception <a 'java/security/PrivilegedActionException'> (0x00000000ebd6bf58) thrown at [D:\re\workspace\8-2-build-windows-amd64-cygwin\jdk8u20\1074\hotspot\src\share\vm\prims\jvm.cpp, line 1275]
Event: 1.132 Thread 0x000000000204d800 Implicit null exception at 0x000000000265a864 to 0x000000000265c701
Event: 1.389 Thread 0x000000000204d800 Exception <a 'java/security/PrivilegedActionException'> (0x00000000ebf9efa8) thrown at [D:\re\workspace\8-2-build-windows-amd64-cygwin\jdk8u20\1074\hotspot\src\share\vm\prims\jvm.cpp, line 1275]
Event: 1.390 Thread 0x000000000204d800 Exception <a 'java/security/PrivilegedActionException'> (0x00000000ebfa4cb8) thrown at [D:\re\workspace\8-2-build-windows-amd64-cygwin\jdk8u20\1074\hotspot\src\share\vm\prims\jvm.cpp, line 1275]
Event: 1.391 Thread 0x000000000204d800 Exception <a 'java/security/PrivilegedActionException'> (0x00000000ebfaa688) thrown at [D:\re\workspace\8-2-build-windows-amd64-cygwin\jdk8u20\1074\hotspot\src\share\vm\prims\jvm.cpp, line 1275]
Event: 1.629 Thread 0x0000000016655800 Exception <a 'java/security/PrivilegedActionException'> (0x00000000ec310500) thrown at [D:\re\workspace\8-2-build-windows-amd64-cygwin\jdk8u20\1074\hotspot\src\share\vm\prims\jvm.cpp, line 1275]
Event: 3.150 Thread 0x0000000016655800 Exception <a 'java/security/PrivilegedActionException'> (0x00000000eb7d50f0) thrown at [D:\re\workspace\8-2-build-windows-amd64-cygwin\jdk8u20\1074\hotspot\src\share\vm\prims\jvm.cpp, line 1275]
Event: 3.208 Thread 0x000000000204d800 Exception <a 'java/security/PrivilegedActionException'> (0x00000000eb2e3938) thrown at [D:\re\workspace\8-2-build-windows-amd64-cygwin\jdk8u20\1074\hotspot\src\share\vm\prims\jvm.cpp, line 1275]
Event: 3.214 Thread 0x000000000204d800 Exception <a 'java/security/PrivilegedActionException'> (0x00000000eb2f3450) thrown at [D:\re\workspace\8-2-build-windows-amd64-cygwin\jdk8u20\1074\hotspot\src\share\vm\prims\jvm.cpp, line 1275]
Event: 3.240 Thread 0x000000000204d800 Exception <a 'java/security/PrivilegedActionException'> (0x00000000eba5cf50) thrown at [D:\re\workspace\8-2-build-windows-amd64-cygwin\jdk8u20\1074\hotspot\src\share\vm\prims\jvm.cpp, line 1275]

Events (10 events):
Event: 3.219 Thread 0x000000000204d800 DEOPT PACKING pc=0x000000000279affc sp=0x000000000229ef40
Event: 3.219 Thread 0x000000000204d800 DEOPT UNPACKING pc=0x00000000023e556a sp=0x000000000229eeb8 mode 2
Event: 3.219 Thread 0x000000000204d800 Uncommon trap: trap_request=0xffffffde fr.pc=0x000000000279affc
Event: 3.219 Thread 0x000000000204d800 DEOPT PACKING pc=0x000000000279affc sp=0x000000000229ef40
Event: 3.219 Thread 0x000000000204d800 DEOPT UNPACKING pc=0x00000000023e556a sp=0x000000000229eeb8 mode 2
Event: 3.237 Thread 0x000000000204d800 Uncommon trap: trap_request=0xffffffc6 fr.pc=0x00000000025bec50
Event: 3.237 Thread 0x000000000204d800 DEOPT PACKING pc=0x00000000025bec50 sp=0x000000000229f120
Event: 3.237 Thread 0x000000000204d800 DEOPT UNPACKING pc=0x00000000023e556a sp=0x000000000229f0a8 mode 2
Event: 3.240 loading class com/android/dx/dex/file/ProtoIdItem
Event: 3.240 loading class com/android/dx/dex/file/ProtoIdItem done


Dynamic libraries:
0x00007ff684e90000 - 0x00007ff684ec4000 	C:\Program Files\Java\jdk1.8.0_20\bin\java.exe
0x00007ffb659a0000 - 0x00007ffb65b61000 	C:\WINDOWS\SYSTEM32\ntdll.dll
0x00007ffb633d0000 - 0x00007ffb6347d000 	C:\WINDOWS\system32\KERNEL32.DLL
0x00007ffb626f0000 - 0x00007ffb628d8000 	C:\WINDOWS\system32\KERNELBASE.dll
0x00007ffb606a0000 - 0x00007ffb60719000 	C:\WINDOWS\system32\apphelp.dll
0x00007ffb658f0000 - 0x00007ffb65997000 	C:\WINDOWS\system32\ADVAPI32.dll
0x00007ffb65420000 - 0x00007ffb654bd000 	C:\WINDOWS\system32\msvcrt.dll
0x00007ffb62d80000 - 0x00007ffb62ddb000 	C:\WINDOWS\system32\sechost.dll
0x00007ffb63750000 - 0x00007ffb6386c000 	C:\WINDOWS\system32\RPCRT4.dll
0x00007ffb652c0000 - 0x00007ffb65416000 	C:\WINDOWS\system32\USER32.dll
0x00007ffb63550000 - 0x00007ffb636d6000 	C:\WINDOWS\system32\GDI32.dll
0x00007ffb57250000 - 0x00007ffb574c4000 	C:\WINDOWS\WinSxS\amd64_microsoft.windows.common-controls_6595b64144ccf1df_6.0.10586.0_none_8c15ae12515e1c22\COMCTL32.dll
0x00007ffb65040000 - 0x00007ffb652bd000 	C:\WINDOWS\system32\combase.dll
0x00007ffb62680000 - 0x00007ffb626ea000 	C:\WINDOWS\system32\bcryptPrimitives.dll
0x00007ffb63870000 - 0x00007ffb638ab000 	C:\WINDOWS\system32\IMM32.DLL
0x0000000071060000 - 0x0000000071132000 	C:\Program Files\Java\jdk1.8.0_20\jre\bin\msvcr100.dll
0x0000000070800000 - 0x0000000071058000 	C:\Program Files\Java\jdk1.8.0_20\jre\bin\server\jvm.dll
0x00007ffb64f70000 - 0x00007ffb64f78000 	C:\WINDOWS\system32\PSAPI.DLL
0x00007ffb58000000 - 0x00007ffb58009000 	C:\WINDOWS\SYSTEM32\WSOCK32.dll
0x00007ffb60720000 - 0x00007ffb60743000 	C:\WINDOWS\SYSTEM32\WINMM.dll
0x00007ffb631e0000 - 0x00007ffb6324b000 	C:\WINDOWS\system32\WS2_32.dll
0x00007ffb60670000 - 0x00007ffb6069c000 	C:\WINDOWS\SYSTEM32\WINMMBASE.dll
0x00007ffb62d10000 - 0x00007ffb62d53000 	C:\WINDOWS\system32\cfgmgr32.dll
0x00000000707f0000 - 0x00000000707ff000 	C:\Program Files\Java\jdk1.8.0_20\jre\bin\verify.dll
0x00000000707c0000 - 0x00000000707e8000 	C:\Program Files\Java\jdk1.8.0_20\jre\bin\java.dll
0x00000000707a0000 - 0x00000000707b6000 	C:\Program Files\Java\jdk1.8.0_20\jre\bin\zip.dll
0x00007ffb638b0000 - 0x00007ffb64e0c000 	C:\WINDOWS\system32\SHELL32.dll
0x00007ffb62030000 - 0x00007ffb62675000 	C:\WINDOWS\system32\windows.storage.dll
0x00007ffb64f80000 - 0x00007ffb64fd2000 	C:\WINDOWS\system32\shlwapi.dll
0x00007ffb61fc0000 - 0x00007ffb61fcf000 	C:\WINDOWS\system32\kernel.appcore.dll
0x00007ffb62ba0000 - 0x00007ffb62c55000 	C:\WINDOWS\system32\shcore.dll
0x00007ffb61fe0000 - 0x00007ffb6202b000 	C:\WINDOWS\system32\powrprof.dll
0x00007ffb61fa0000 - 0x00007ffb61fb4000 	C:\WINDOWS\system32\profapi.dll

VM Arguments:
jvm_args: -Djava.awt.headless=true -Xmx1024M -Dfile.encoding=windows-1252 -Duser.country=US -Duser.language=en -Duser.variant 
java_command: com.android.dx.command.Main --dex --num-threads=4 --output C:\Users\admin\Documents\GitHub\ShaneelSD\SoftwareDesign\FindMeTutor\FindMeTutor\tutor_app\build\intermediates\pre-dexed\debug\com.android.support-support-core-utils-24.2.0_e5de34421181696153dd6420bf801f515d7bdefe.jar C:\Users\admin\Documents\GitHub\ShaneelSD\SoftwareDesign\FindMeTutor\FindMeTutor\tutor_app\build\intermediates\exploded-aar\com.android.support\support-core-utils\24.2.0\jars\classes.jar
java_class_path (initial): C:\Users\admin\AppData\Local\Android\sdk\build-tools\24.0.1\lib\dx.jar
Launcher Type: SUN_STANDARD

Environment Variables:
PATH=C:\ProgramData\Oracle\Java\javapath;C:\Program Files (x86)\Intel\iCLS Client\;C:\Program Files\Intel\iCLS Client\;C:\WINDOWS\system32;C:\WINDOWS;C:\WINDOWS\System32\Wbem;C:\WINDOWS\System32\WindowsPowerShell\v1.0\;C:\Program Files\Intel\Intel(R) Management Engine Components\DAL;C:\Program Files\Intel\Intel(R) Management Engine Components\IPT;C:\Program Files (x86)\Intel\Intel(R) Management Engine Components\DAL;C:\Program Files (x86)\Intel\Intel(R) Management Engine Components\IPT;C:\Program Files\WIDCOMM\Bluetooth Software\;C:\Program Files\WIDCOMM\Bluetooth Software\syswow64;C:\Program Files (x86)\Intel\OpenCL SDK\2.0\bin\x86;C:\Program Files (x86)\Intel\OpenCL SDK\2.0\bin\x64;C:\Program Files\Intel\WiFi\bin\;C:\Program Files\Common Files\Intel\WirelessCommon\;c:\Program Files (x86)\Microsoft SQL Server\100\Tools\Binn\;c:\Program Files\Microsoft SQL Server\100\Tools\Binn\;c:\Program Files\Microsoft SQL Server\100\DTS\Binn\;C:\Program Files (x86)\MySQL\MySQL Fabric 1.5.4 & MySQL Utilities 1.5.4 1.5\;C:\Program Files (x86)\MySQL\MySQL Fabric 1.5.4 & MySQL Utilities 1.5.4 1.5\Doctrine extensions for PHP\;C:\Program Files (x86)\Borland\Delphi7\Bin;C:\Program Files (x86)\Borland\Delphi7\Projects\Bpl;C:\Program Files (x86)\Borland\Delphi7\Rave5;C:\Program Files\Git\cmd;
USERNAME=admin
OS=Windows_NT
PROCESSOR_IDENTIFIER=Intel64 Family 6 Model 58 Stepping 9, GenuineIntel



---------------  S Y S T E M  ---------------

OS: Windows 8.1 , 64 bit Build 9600 

CPU:total 4 (2 cores per cpu, 2 threads per core) family 6 model 58 stepping 9, cmov, cx8, fxsr, mmx, sse, sse2, sse3, ssse3, sse4.1, sse4.2, popcnt, avx, aes, clmul, erms, ht, tsc, tscinvbit, tscinv

Memory: 4k page, physical 8258576k(1906840k free), swap 10306576k(5140k free)

vm_info: Java HotSpot(TM) 64-Bit Server VM (25.20-b23) for windows-amd64 JRE (1.8.0_20-b26), built on Jul 30 2014 13:51:23 by "java_re" with MS VC++ 10.0 (VS2010)

time: Thu Sep 08 21:24:43 2016
elapsed time: 3 seconds (0d 0h 0m 3s)

