#
# There is insufficient memory for the Java Runtime Environment to continue.
# Native memory allocation (malloc) failed to allocate 682256 bytes for Chunk::new
# Possible reasons:
#   The system is out of physical RAM or swap space
#   In 32 bit mode, the process size limit was hit
# Possible solutions:
#   Reduce memory load on the system
#   Increase physical memory or swap space
#   Check if swap backing store is full
#   Use 64 bit Java on a 64 bit OS
#   Decrease Java heap size (-Xmx/-Xms)
#   Decrease number of Java threads
#   Decrease Java thread stack sizes (-Xss)
#   Set larger code cache with -XX:ReservedCodeCacheSize=
# This output file may be truncated or incomplete.
#
#  Out of Memory Error (allocation.cpp:390), pid=12748, tid=15140
#
# JRE version: Java(TM) SE Runtime Environment (8.0_20-b26) (build 1.8.0_20-b26)
# Java VM: Java HotSpot(TM) 64-Bit Server VM (25.20-b23 mixed mode windows-amd64 compressed oops)
# Failed to write core dump. Minidumps are not enabled by default on client versions of Windows
#

---------------  T H R E A D  ---------------

Current thread (0x0000000014c1e000):  JavaThread "C2 CompilerThread0" daemon [_thread_in_native, id=15140, stack(0x0000000016170000,0x0000000016270000)]

Stack: [0x0000000016170000,0x0000000016270000]
Native frames: (J=compiled Java code, j=interpreted, Vv=VM code, C=native code)
V  [jvm.dll+0x3152fa]


Current CompileTask:
C2:   2804 1494       4       com.android.dx.ssa.back.FirstFitLocalCombiningAllocator$1::visitNonMoveInsn (6 bytes)


---------------  P R O C E S S  ---------------

Java Threads: ( => current thread )
  0x0000000016721000 JavaThread "pool-2-thread-4" [_thread_blocked, id=2700, stack(0x0000000016e70000,0x0000000016f70000)]
  0x0000000016720000 JavaThread "pool-2-thread-3" [_thread_blocked, id=8416, stack(0x0000000016d70000,0x0000000016e70000)]
  0x000000001671e000 JavaThread "pool-2-thread-2" [_thread_blocked, id=7952, stack(0x0000000016c70000,0x0000000016d70000)]
  0x00000000166a2800 JavaThread "pool-3-thread-1" [_thread_blocked, id=6916, stack(0x0000000016b70000,0x0000000016c70000)]
  0x00000000166a2000 JavaThread "pool-2-thread-1" [_thread_blocked, id=14476, stack(0x0000000016a70000,0x0000000016b70000)]
  0x0000000016484800 JavaThread "Service Thread" daemon [_thread_blocked, id=3888, stack(0x0000000016870000,0x0000000016970000)]
  0x0000000014c74800 JavaThread "C1 CompilerThread2" daemon [_thread_blocked, id=2872, stack(0x0000000016370000,0x0000000016470000)]
  0x0000000014c20800 JavaThread "C2 CompilerThread1" daemon [_thread_in_native, id=10860, stack(0x0000000016270000,0x0000000016370000)]
=>0x0000000014c1e000 JavaThread "C2 CompilerThread0" daemon [_thread_in_native, id=15140, stack(0x0000000016170000,0x0000000016270000)]
  0x0000000014c1b800 JavaThread "Attach Listener" daemon [_thread_blocked, id=14112, stack(0x0000000016070000,0x0000000016170000)]
  0x0000000014c1a000 JavaThread "Signal Dispatcher" daemon [_thread_blocked, id=11360, stack(0x0000000015f70000,0x0000000016070000)]
  0x000000000253f000 JavaThread "Finalizer" daemon [_thread_blocked, id=14360, stack(0x0000000015e70000,0x0000000015f70000)]
  0x0000000014be8000 JavaThread "Reference Handler" daemon [_thread_blocked, id=6392, stack(0x0000000015d70000,0x0000000015e70000)]
  0x0000000000a9d800 JavaThread "main" [_thread_in_Java, id=13392, stack(0x0000000002250000,0x0000000002350000)]

Other Threads:
  0x0000000014be6000 VMThread [stack: 0x0000000015c70000,0x0000000015d70000] [id=2052]
  0x0000000016487800 WatcherThread [stack: 0x0000000016970000,0x0000000016a70000] [id=10608]

VM state:not at safepoint (normal execution)

VM Mutex/Monitor currently owned by a thread: None

Heap:
 PSYoungGen      total 38400K, used 28823K [0x00000000eab00000, 0x00000000ed580000, 0x0000000100000000)
  eden space 33280K, 71% used [0x00000000eab00000,0x00000000ec22cfd0,0x00000000ecb80000)
  from space 5120K, 99% used [0x00000000ecb80000,0x00000000ed078ea8,0x00000000ed080000)
  to   space 5120K, 0% used [0x00000000ed080000,0x00000000ed080000,0x00000000ed580000)
 ParOldGen       total 87552K, used 888K [0x00000000c0000000, 0x00000000c5580000, 0x00000000eab00000)
  object space 87552K, 1% used [0x00000000c0000000,0x00000000c00de0b8,0x00000000c5580000)
 Metaspace       used 6147K, capacity 7088K, committed 7296K, reserved 1056768K
  class space    used 592K, capacity 616K, committed 640K, reserved 1048576K

Card table byte_map: [0x0000000011910000,0x0000000011b20000] byte_map_base: 0x0000000011310000

Marking Bits: (ParMarkBitMap*) 0x000000006451b460
 Begin Bits: [0x0000000012080000, 0x0000000013080000)
 End Bits:   [0x0000000013080000, 0x0000000014080000)

Polling page: 0x0000000000a00000

CodeCache: size=245760Kb used=6324Kb max_used=6324Kb free=239435Kb
 bounds [0x0000000002550000, 0x0000000002b90000, 0x0000000011550000]
 total_blobs=1803 nmethods=1538 adapters=179
 compilation: enabled

Compilation events (10 events):
Event: 2.777 Thread 0x0000000014c74800 1551       1       com.android.dx.ssa.PhiInsn::getOriginalRopInsn (2 bytes)
Event: 2.777 Thread 0x0000000014c74800 nmethod 1551 0x0000000002b6ea90 code [0x0000000002b6ebe0, 0x0000000002b6ecf0]
Event: 2.777 Thread 0x0000000014c74800 1544       3       com.android.dx.cf.code.Frame::initializeWithParameters (49 bytes)
Event: 2.778 Thread 0x0000000014c74800 nmethod 1544 0x0000000002b6fbd0 code [0x0000000002b6fd80, 0x0000000002b704a8]
Event: 2.778 Thread 0x0000000014c74800 1546       3       com.android.dx.rop.code.Rops::pickIf (154 bytes)
Event: 2.779 Thread 0x0000000014c74800 nmethod 1546 0x0000000002b82b50 code [0x0000000002b82dc0, 0x0000000002b83ef8]
Event: 2.779 Thread 0x0000000014c74800 1545       3       com.android.dx.util.IntList::equals (82 bytes)
Event: 2.779 Thread 0x0000000014c74800 nmethod 1545 0x0000000002b6f290 code [0x0000000002b6f420, 0x0000000002b6f9d0]
Event: 2.791 Thread 0x0000000014c74800 1553       3       com.android.dx.rop.cst.CstKnownNull::equals (5 bytes)
Event: 2.791 Thread 0x0000000014c74800 nmethod 1553 0x0000000002b647d0 code [0x0000000002b64920, 0x0000000002b64b70]

GC Heap History (2 events):
Event: 2.258 GC heap before
{Heap before GC invocations=1 (full 0):
 PSYoungGen      total 38400K, used 33280K [0x00000000eab00000, 0x00000000ed580000, 0x0000000100000000)
  eden space 33280K, 100% used [0x00000000eab00000,0x00000000ecb80000,0x00000000ecb80000)
  from space 5120K, 0% used [0x00000000ed080000,0x00000000ed080000,0x00000000ed580000)
  to   space 5120K, 0% used [0x00000000ecb80000,0x00000000ecb80000,0x00000000ed080000)
 ParOldGen       total 87552K, used 0K [0x00000000c0000000, 0x00000000c5580000, 0x00000000eab00000)
  object space 87552K, 0% used [0x00000000c0000000,0x00000000c0000000,0x00000000c5580000)
 Metaspace       used 6002K, capacity 6960K, committed 7040K, reserved 1056768K
  class space    used 588K, capacity 616K, committed 640K, reserved 1048576K
Event: 2.278 GC heap after
Heap after GC invocations=1 (full 0):
 PSYoungGen      total 38400K, used 5091K [0x00000000eab00000, 0x00000000ed580000, 0x0000000100000000)
  eden space 33280K, 0% used [0x00000000eab00000,0x00000000eab00000,0x00000000ecb80000)
  from space 5120K, 99% used [0x00000000ecb80000,0x00000000ed078ea8,0x00000000ed080000)
  to   space 5120K, 0% used [0x00000000ed080000,0x00000000ed080000,0x00000000ed580000)
 ParOldGen       total 87552K, used 888K [0x00000000c0000000, 0x00000000c5580000, 0x00000000eab00000)
  object space 87552K, 1% used [0x00000000c0000000,0x00000000c00de0b8,0x00000000c5580000)
 Metaspace       used 6002K, capacity 6960K, committed 7040K, reserved 1056768K
  class space    used 588K, capacity 616K, committed 640K, reserved 1048576K
}

Deoptimization events (10 events):
Event: 2.018 Thread 0x00000000166a2000 Uncommon trap: reason=class_check action=maybe_recompile pc=0x00000000029fc550 method=com.android.dx.rop.type.Type.equals(Ljava/lang/Object;)Z @ 8
Event: 2.021 Thread 0x00000000166a2000 Uncommon trap: reason=class_check action=maybe_recompile pc=0x000000000294f3e8 method=com.android.dx.rop.type.Type.equals(Ljava/lang/Object;)Z @ 8
Event: 2.024 Thread 0x00000000166a2000 Uncommon trap: reason=null_check action=make_not_entrant pc=0x000000000289aae8 method=com.android.dx.ssa.SsaRenamer.getLocalForNewReg(I)Lcom/android/dx/rop/code/LocalItem; @ 19
Event: 2.317 Thread 0x000000001671e000 Uncommon trap: reason=unreached action=reinterpret pc=0x00000000028a841c method=com.android.dx.rop.cst.Constant.compareTo(Lcom/android/dx/rop/cst/Constant;)I @ 12
Event: 2.363 Thread 0x0000000000a9d800 Uncommon trap: reason=uninitialized action=reinterpret pc=0x0000000002aee80c method=com.android.dx.cf.code.BytecodeArray.parseInstruction(ILcom/android/dx/cf/code/BytecodeArray$Visitor;)I @ 1047
Event: 2.364 Thread 0x0000000000a9d800 Uncommon trap: reason=bimorphic action=maybe_recompile pc=0x0000000002781c18 method=java.util.HashMap.getNode(ILjava/lang/Object;)Ljava/util/HashMap$Node; @ 126
Event: 2.394 Thread 0x0000000016721000 Uncommon trap: reason=bimorphic action=maybe_recompile pc=0x0000000002781c18 method=java.util.HashMap.getNode(ILjava/lang/Object;)Ljava/util/HashMap$Node; @ 126
Event: 2.397 Thread 0x0000000016721000 Uncommon trap: reason=bimorphic action=maybe_recompile pc=0x0000000002781c18 method=java.util.HashMap.getNode(ILjava/lang/Object;)Ljava/util/HashMap$Node; @ 126
Event: 2.397 Thread 0x0000000016721000 Uncommon trap: reason=bimorphic action=maybe_recompile pc=0x0000000002781c18 method=java.util.HashMap.getNode(ILjava/lang/Object;)Ljava/util/HashMap$Node; @ 126
Event: 2.397 Thread 0x0000000016721000 Uncommon trap: reason=bimorphic action=maybe_recompile pc=0x0000000002791b28 method=java.util.HashMap.getNode(ILjava/lang/Object;)Ljava/util/HashMap$Node; @ 126

Internal exceptions (10 events):
Event: 0.872 Thread 0x0000000000a9d800 Exception <a 'java/security/PrivilegedActionException'> (0x00000000eb9bcb30) thrown at [D:\re\workspace\8-2-build-windows-amd64-cygwin\jdk8u20\1074\hotspot\src\share\vm\prims\jvm.cpp, line 1275]
Event: 0.888 Thread 0x000000001671e000 Exception <a 'java/security/PrivilegedActionException'> (0x00000000eb8caca8) thrown at [D:\re\workspace\8-2-build-windows-amd64-cygwin\jdk8u20\1074\hotspot\src\share\vm\prims\jvm.cpp, line 1275]
Event: 1.202 Thread 0x0000000000a9d800 Exception <a 'java/security/PrivilegedActionException'> (0x00000000ebcb0958) thrown at [D:\re\workspace\8-2-build-windows-amd64-cygwin\jdk8u20\1074\hotspot\src\share\vm\prims\jvm.cpp, line 1275]
Event: 1.397 Thread 0x00000000166a2000 Exception <a 'java/security/PrivilegedActionException'> (0x00000000ec1dc778) thrown at [D:\re\workspace\8-2-build-windows-amd64-cygwin\jdk8u20\1074\hotspot\src\share\vm\prims\jvm.cpp, line 1275]
Event: 2.024 Thread 0x00000000166a2000 Implicit null exception at 0x00000000028987f5 to 0x000000000289aac1
Event: 2.354 Thread 0x0000000000a9d800 Exception <a 'java/security/PrivilegedActionException'> (0x00000000eb1e4280) thrown at [D:\re\workspace\8-2-build-windows-amd64-cygwin\jdk8u20\1074\hotspot\src\share\vm\prims\jvm.cpp, line 1275]
Event: 2.354 Thread 0x0000000000a9d800 Exception <a 'java/security/PrivilegedActionException'> (0x00000000eb1e6bc8) thrown at [D:\re\workspace\8-2-build-windows-amd64-cygwin\jdk8u20\1074\hotspot\src\share\vm\prims\jvm.cpp, line 1275]
Event: 2.787 Thread 0x00000000166a2000 Exception <a 'java/security/PrivilegedActionException'> (0x00000000ec10c620) thrown at [D:\re\workspace\8-2-build-windows-amd64-cygwin\jdk8u20\1074\hotspot\src\share\vm\prims\jvm.cpp, line 1275]
Event: 2.787 Thread 0x00000000166a2000 Exception <a 'java/security/PrivilegedActionException'> (0x00000000ec112010) thrown at [D:\re\workspace\8-2-build-windows-amd64-cygwin\jdk8u20\1074\hotspot\src\share\vm\prims\jvm.cpp, line 1275]
Event: 2.788 Thread 0x00000000166a2000 Exception <a 'java/security/PrivilegedActionException'> (0x00000000ec117780) thrown at [D:\re\workspace\8-2-build-windows-amd64-cygwin\jdk8u20\1074\hotspot\src\share\vm\prims\jvm.cpp, line 1275]

Events (10 events):
Event: 2.397 Thread 0x0000000016721000 DEOPT PACKING pc=0x0000000002791b28 sp=0x0000000016f6e2a0
Event: 2.397 Thread 0x0000000016721000 DEOPT UNPACKING pc=0x000000000259556a sp=0x0000000016f6e1b8 mode 2
Event: 2.411 Thread 0x0000000016721000 DEOPT PACKING pc=0x00000000028c6035 sp=0x0000000016f6e580
Event: 2.411 Thread 0x0000000016721000 DEOPT UNPACKING pc=0x00000000025975bf sp=0x0000000016f6e360 mode 0
Event: 2.787 loading class com/android/dx/dex/file/ParameterAnnotationStruct
Event: 2.787 loading class com/android/dx/dex/file/ParameterAnnotationStruct done
Event: 2.787 loading class com/android/dx/dex/file/UniformListItem
Event: 2.787 loading class com/android/dx/dex/file/UniformListItem done
Event: 2.788 loading class com/android/dx/dex/file/AnnotationSetRefItem
Event: 2.788 loading class com/android/dx/dex/file/AnnotationSetRefItem done


Dynamic libraries:
0x00007ff79b830000 - 0x00007ff79b864000 	C:\Program Files\Java\jdk1.8.0_20\bin\java.exe
0x00007ffc6b1c0000 - 0x00007ffc6b381000 	C:\WINDOWS\SYSTEM32\ntdll.dll
0x00007ffc68920000 - 0x00007ffc689cd000 	C:\WINDOWS\system32\KERNEL32.DLL
0x00007ffc67a70000 - 0x00007ffc67c58000 	C:\WINDOWS\system32\KERNELBASE.dll
0x00007ffc6b110000 - 0x00007ffc6b1b7000 	C:\WINDOWS\system32\ADVAPI32.dll
0x00007ffc6af30000 - 0x00007ffc6afcd000 	C:\WINDOWS\system32\msvcrt.dll
0x00007ffc6b040000 - 0x00007ffc6b09b000 	C:\WINDOWS\system32\sechost.dll
0x00007ffc689d0000 - 0x00007ffc68aec000 	C:\WINDOWS\system32\RPCRT4.dll
0x00007ffc6ac30000 - 0x00007ffc6ad86000 	C:\WINDOWS\system32\USER32.dll
0x00007ffc6ad90000 - 0x00007ffc6af16000 	C:\WINDOWS\system32\GDI32.dll
0x00007ffc5dcb0000 - 0x00007ffc5df24000 	C:\WINDOWS\WinSxS\amd64_microsoft.windows.common-controls_6595b64144ccf1df_6.0.10586.589_none_a2ddb3caa539acce\COMCTL32.dll
0x00007ffc6a5e0000 - 0x00007ffc6a85d000 	C:\WINDOWS\system32\combase.dll
0x00007ffc67c80000 - 0x00007ffc67cea000 	C:\WINDOWS\system32\bcryptPrimitives.dll
0x00007ffc68770000 - 0x00007ffc687ab000 	C:\WINDOWS\system32\IMM32.DLL
0x00000000645a0000 - 0x0000000064672000 	C:\Program Files\Java\jdk1.8.0_20\jre\bin\msvcr100.dll
0x0000000063d40000 - 0x0000000064598000 	C:\Program Files\Java\jdk1.8.0_20\jre\bin\server\jvm.dll
0x00007ffc6b0a0000 - 0x00007ffc6b0a8000 	C:\WINDOWS\system32\PSAPI.DLL
0x00007ffc5c500000 - 0x00007ffc5c509000 	C:\WINDOWS\SYSTEM32\WSOCK32.dll
0x00007ffc68700000 - 0x00007ffc6876b000 	C:\WINDOWS\system32\WS2_32.dll
0x00007ffc65ad0000 - 0x00007ffc65af3000 	C:\WINDOWS\SYSTEM32\WINMM.dll
0x00007ffc65aa0000 - 0x00007ffc65acc000 	C:\WINDOWS\SYSTEM32\WINMMBASE.dll
0x00007ffc679c0000 - 0x00007ffc67a03000 	C:\WINDOWS\system32\cfgmgr32.dll
0x0000000063d30000 - 0x0000000063d3f000 	C:\Program Files\Java\jdk1.8.0_20\jre\bin\verify.dll
0x0000000063d00000 - 0x0000000063d28000 	C:\Program Files\Java\jdk1.8.0_20\jre\bin\java.dll
0x0000000063ce0000 - 0x0000000063cf6000 	C:\Program Files\Java\jdk1.8.0_20\jre\bin\zip.dll
0x00007ffc68af0000 - 0x00007ffc6a04c000 	C:\WINDOWS\system32\SHELL32.dll
0x00007ffc67f50000 - 0x00007ffc68595000 	C:\WINDOWS\system32\windows.storage.dll
0x00007ffc688c0000 - 0x00007ffc68912000 	C:\WINDOWS\system32\shlwapi.dll
0x00007ffc67830000 - 0x00007ffc6783f000 	C:\WINDOWS\system32\kernel.appcore.dll
0x00007ffc67900000 - 0x00007ffc679b5000 	C:\WINDOWS\system32\shcore.dll
0x00007ffc677c0000 - 0x00007ffc6780b000 	C:\WINDOWS\system32\powrprof.dll
0x00007ffc67810000 - 0x00007ffc67824000 	C:\WINDOWS\system32\profapi.dll
0x00007ffc5c290000 - 0x00007ffc5c41c000 	C:\WINDOWS\SYSTEM32\dbghelp.dll

VM Arguments:
jvm_args: -Djava.awt.headless=true -Xmx1024M -Dfile.encoding=windows-1252 -Duser.country=US -Duser.language=en -Duser.variant 
java_command: com.android.dx.command.Main --dex --force-jumbo --num-threads=4 --multi-dex --output C:\Users\admin\Documents\GitHub\ShaneelSD\SoftwareDesign\FindMeTutor\FindMeTutor\tutor_app\build\intermediates\transforms\dex\debug\folders\1000\10\com.android.support-recyclerview-v7-24.2.1_60eaed8105969834829bd7d614b0fffa40c489eb C:\Users\admin\Documents\GitHub\ShaneelSD\SoftwareDesign\FindMeTutor\FindMeTutor\tutor_app\build\intermediates\exploded-aar\com.android.support\recyclerview-v7\24.2.1\jars\classes.jar
java_class_path (initial): C:\Users\admin\AppData\Local\Android\sdk\build-tools\24.0.1\lib\dx.jar
Launcher Type: SUN_STANDARD

Environment Variables:
PATH=C:\ProgramData\Oracle\Java\javapath;C:\Program Files (x86)\Intel\iCLS Client\;C:\Program Files\Intel\iCLS Client\;C:\WINDOWS\system32;C:\WINDOWS;C:\WINDOWS\System32\Wbem;C:\WINDOWS\System32\WindowsPowerShell\v1.0\;C:\Program Files\Intel\Intel(R) Management Engine Components\DAL;C:\Program Files\Intel\Intel(R) Management Engine Components\IPT;C:\Program Files (x86)\Intel\Intel(R) Management Engine Components\DAL;C:\Program Files (x86)\Intel\Intel(R) Management Engine Components\IPT;C:\Program Files\WIDCOMM\Bluetooth Software\;C:\Program Files\WIDCOMM\Bluetooth Software\syswow64;C:\Program Files (x86)\Intel\OpenCL SDK\2.0\bin\x86;C:\Program Files (x86)\Intel\OpenCL SDK\2.0\bin\x64;C:\Program Files\Intel\WiFi\bin\;C:\Program Files\Common Files\Intel\WirelessCommon\;c:\Program Files (x86)\Microsoft SQL Server\100\Tools\Binn\;c:\Program Files\Microsoft SQL Server\100\Tools\Binn\;c:\Program Files\Microsoft SQL Server\100\DTS\Binn\;C:\Program Files (x86)\MySQL\MySQL Fabric 1.5.4 & MySQL Utilities 1.5.4 1.5\;C:\Program Files (x86)\MySQL\MySQL Fabric 1.5.4 & MySQL Utilities 1.5.4 1.5\Doctrine extensions for PHP\;C:\Program Files (x86)\Borland\Delphi7\Bin;C:\Program Files (x86)\Borland\Delphi7\Projects\Bpl;C:\Program Files (x86)\Borland\Delphi7\Rave5;C:\Program Files\Git\cmd;C:\Program Files (x86)\OpenVPN\bin;C:\Program Files\Intel\WiFi\bin\;C:\Program Files\Common Files\Intel\WirelessCommon\
USERNAME=admin
OS=Windows_NT
PROCESSOR_IDENTIFIER=Intel64 Family 6 Model 58 Stepping 9, GenuineIntel



---------------  S Y S T E M  ---------------

OS: Windows 8.1 , 64 bit Build 9600 

CPU:total 4 (2 cores per cpu, 2 threads per core) family 6 model 58 stepping 9, cmov, cx8, fxsr, mmx, sse, sse2, sse3, ssse3, sse4.1, sse4.2, popcnt, avx, aes, clmul, erms, ht, tsc, tscinvbit, tscinv

Memory: 4k page, physical 8258576k(2304060k free), swap 10306576k(5120k free)

vm_info: Java HotSpot(TM) 64-Bit Server VM (25.20-b23) for windows-amd64 JRE (1.8.0_20-b26), built on Jul 30 2014 13:51:23 by "java_re" with MS VC++ 10.0 (VS2010)

time: Fri Oct 28 12:09:56 2016
elapsed time: 2 seconds (0d 0h 0m 2s)

