#
# There is insufficient memory for the Java Runtime Environment to continue.
# Native memory allocation (malloc) failed to allocate 573536 bytes for Chunk::new
# Possible reasons:
#   The system is out of physical RAM or swap space
#   In 32 bit mode, the process size limit was hit
# Possible solutions:
#   Reduce memory load on the system
#   Increase physical memory or swap space
#   Check if swap backing store is full
#   Use 64 bit Java on a 64 bit OS
#   Decrease Java heap size (-Xmx/-Xms)
#   Decrease number of Java threads
#   Decrease Java thread stack sizes (-Xss)
#   Set larger code cache with -XX:ReservedCodeCacheSize=
# This output file may be truncated or incomplete.
#
#  Out of Memory Error (allocation.cpp:390), pid=10192, tid=10552
#
# JRE version: Java(TM) SE Runtime Environment (8.0_20-b26) (build 1.8.0_20-b26)
# Java VM: Java HotSpot(TM) 64-Bit Server VM (25.20-b23 mixed mode windows-amd64 compressed oops)
# Failed to write core dump. Minidumps are not enabled by default on client versions of Windows
#

---------------  T H R E A D  ---------------

Current thread (0x000000001499d800):  JavaThread "C2 CompilerThread0" daemon [_thread_in_native, id=10552, stack(0x0000000015ef0000,0x0000000015ff0000)]

Stack: [0x0000000015ef0000,0x0000000015ff0000]
Native frames: (J=compiled Java code, j=interpreted, Vv=VM code, C=native code)
V  [jvm.dll+0x3152fa]


Current CompileTask:
C2:   3283 1266       4       com.android.dx.ssa.SCCP::simulateStmt (481 bytes)


---------------  P R O C E S S  ---------------

Java Threads: ( => current thread )
  0x00000000166fb000 JavaThread "pool-1-thread-4" [_thread_in_Java, id=13364, stack(0x00000000173f0000,0x00000000174f0000)]
  0x00000000166f9800 JavaThread "pool-1-thread-3" [_thread_blocked, id=13432, stack(0x00000000172f0000,0x00000000173f0000)]
  0x00000000166f8800 JavaThread "pool-1-thread-2" [_thread_blocked, id=6936, stack(0x00000000171f0000,0x00000000172f0000)]
  0x00000000166a3800 JavaThread "pool-2-thread-1" [_thread_blocked, id=10800, stack(0x00000000170f0000,0x00000000171f0000)]
  0x000000001663f800 JavaThread "pool-1-thread-1" [_thread_in_Java, id=13496, stack(0x0000000016ff0000,0x00000000170f0000)]
  0x00000000149fb000 JavaThread "Service Thread" daemon [_thread_blocked, id=12548, stack(0x00000000161f0000,0x00000000162f0000)]
  0x00000000149f4000 JavaThread "C1 CompilerThread2" daemon [_thread_in_native, id=3552, stack(0x00000000160f0000,0x00000000161f0000)]
  0x00000000149a0000 JavaThread "C2 CompilerThread1" daemon [_thread_in_native, id=14324, stack(0x0000000015ff0000,0x00000000160f0000)]
=>0x000000001499d800 JavaThread "C2 CompilerThread0" daemon [_thread_in_native, id=10552, stack(0x0000000015ef0000,0x0000000015ff0000)]
  0x000000001499b800 JavaThread "Attach Listener" daemon [_thread_blocked, id=11728, stack(0x0000000015df0000,0x0000000015ef0000)]
  0x000000001499a000 JavaThread "Signal Dispatcher" daemon [_thread_blocked, id=7848, stack(0x0000000015cf0000,0x0000000015df0000)]
  0x00000000022bf000 JavaThread "Finalizer" daemon [_thread_blocked, id=14232, stack(0x0000000015bf0000,0x0000000015cf0000)]
  0x0000000014968000 JavaThread "Reference Handler" daemon [_thread_blocked, id=3284, stack(0x0000000015af0000,0x0000000015bf0000)]
  0x000000000077d800 JavaThread "main" [_thread_in_Java, id=8516, stack(0x0000000001ef0000,0x0000000001ff0000)]

Other Threads:
  0x0000000014966000 VMThread [stack: 0x00000000159f0000,0x0000000015af0000] [id=8816]
  0x00000000149fe000 WatcherThread [stack: 0x00000000162f0000,0x00000000163f0000] [id=13036]

VM state:not at safepoint (normal execution)

VM Mutex/Monitor currently owned by a thread: None

Heap:
 PSYoungGen      total 38400K, used 9711K [0x00000000eab00000, 0x00000000ef600000, 0x0000000100000000)
  eden space 33280K, 13% used [0x00000000eab00000,0x00000000eaf829a0,0x00000000ecb80000)
  from space 5120K, 99% used [0x00000000ecb80000,0x00000000ed079270,0x00000000ed080000)
  to   space 5120K, 0% used [0x00000000ef100000,0x00000000ef100000,0x00000000ef600000)
 ParOldGen       total 87552K, used 693K [0x00000000c0000000, 0x00000000c5580000, 0x00000000eab00000)
  object space 87552K, 0% used [0x00000000c0000000,0x00000000c00ad550,0x00000000c5580000)
 Metaspace       used 5968K, capacity 6896K, committed 7040K, reserved 1056768K
  class space    used 593K, capacity 616K, committed 640K, reserved 1048576K

Card table byte_map: [0x0000000011690000,0x00000000118a0000] byte_map_base: 0x0000000011090000

Marking Bits: (ParMarkBitMap*) 0x0000000070fdb460
 Begin Bits: [0x0000000011e00000, 0x0000000012e00000)
 End Bits:   [0x0000000012e00000, 0x0000000013e00000)

Polling page: 0x00000000001f0000

CodeCache: size=245760Kb used=4950Kb max_used=4950Kb free=240809Kb
 bounds [0x00000000022d0000, 0x00000000027b0000, 0x00000000112d0000]
 total_blobs=1519 nmethods=1253 adapters=178
 compilation: enabled

Compilation events (10 events):
Event: 2.987 Thread 0x000000001499d800 1241       4       com.android.dx.ssa.SsaMethod::updateOneDefinition (70 bytes)
Event: 2.988 Thread 0x00000000149f4000 1247       3       com.android.dx.rop.cst.CstBaseMethodRef::getPrototype (41 bytes)
Event: 2.988 Thread 0x00000000149f4000 nmethod 1247 0x000000000279ead0 code [0x000000000279ec40, 0x000000000279f048]
Event: 2.989 Thread 0x000000001499d800 nmethod 1241 0x00000000027a1250 code [0x00000000027a13a0, 0x00000000027a14b8]
Event: 2.989 Thread 0x000000001499d800 1237       4       java.util.HashMap::newNode (13 bytes)
Event: 2.990 Thread 0x000000001499d800 nmethod 1237 0x00000000027a0f10 code [0x00000000027a1060, 0x00000000027a1178]
Event: 2.990 Thread 0x00000000149f4000 1248       3       com.android.dx.ssa.SsaMethod::onInsnsChanged (16 bytes)
Event: 2.990 Thread 0x00000000149f4000 nmethod 1248 0x000000000279e750 code [0x000000000279e8a0, 0x000000000279ea30]
Event: 2.991 Thread 0x00000000149f4000 1249       3       com.android.dx.rop.code.LocalVariableInfo::addAssignment (43 bytes)
Event: 3.257 Thread 0x000000001499d800 1266       4       com.android.dx.ssa.SCCP::simulateStmt (481 bytes)

GC Heap History (2 events):
Event: 3.161 GC heap before
{Heap before GC invocations=1 (full 0):
 PSYoungGen      total 38400K, used 33280K [0x00000000eab00000, 0x00000000ed580000, 0x0000000100000000)
  eden space 33280K, 100% used [0x00000000eab00000,0x00000000ecb80000,0x00000000ecb80000)
  from space 5120K, 0% used [0x00000000ed080000,0x00000000ed080000,0x00000000ed580000)
  to   space 5120K, 0% used [0x00000000ecb80000,0x00000000ecb80000,0x00000000ed080000)
 ParOldGen       total 87552K, used 0K [0x00000000c0000000, 0x00000000c5580000, 0x00000000eab00000)
  object space 87552K, 0% used [0x00000000c0000000,0x00000000c0000000,0x00000000c5580000)
 Metaspace       used 5956K, capacity 6896K, committed 7040K, reserved 1056768K
  class space    used 593K, capacity 616K, committed 640K, reserved 1048576K
Event: 3.254 GC heap after
Heap after GC invocations=1 (full 0):
 PSYoungGen      total 38400K, used 5092K [0x00000000eab00000, 0x00000000ef600000, 0x0000000100000000)
  eden space 33280K, 0% used [0x00000000eab00000,0x00000000eab00000,0x00000000ecb80000)
  from space 5120K, 99% used [0x00000000ecb80000,0x00000000ed079270,0x00000000ed080000)
  to   space 5120K, 0% used [0x00000000ef100000,0x00000000ef100000,0x00000000ef600000)
 ParOldGen       total 87552K, used 693K [0x00000000c0000000, 0x00000000c5580000, 0x00000000eab00000)
  object space 87552K, 0% used [0x00000000c0000000,0x00000000c00ad550,0x00000000c5580000)
 Metaspace       used 5956K, capacity 6896K, committed 7040K, reserved 1056768K
  class space    used 593K, capacity 616K, committed 640K, reserved 1048576K
}

Deoptimization events (5 events):
Event: 2.517 Thread 0x00000000166f8800 Uncommon trap: reason=class_check action=maybe_recompile pc=0x00000000025ff02c method=com.android.dx.rop.type.Type.equals(Ljava/lang/Object;)Z @ 8
Event: 2.517 Thread 0x00000000166f8800 Uncommon trap: reason=class_check action=maybe_recompile pc=0x00000000025ff02c method=com.android.dx.rop.type.Type.equals(Ljava/lang/Object;)Z @ 8
Event: 2.517 Thread 0x00000000166f8800 Uncommon trap: reason=class_check action=maybe_recompile pc=0x00000000025ff02c method=com.android.dx.rop.type.Type.equals(Ljava/lang/Object;)Z @ 8
Event: 2.517 Thread 0x00000000166f8800 Uncommon trap: reason=class_check action=maybe_recompile pc=0x00000000025ff02c method=com.android.dx.rop.type.Type.equals(Ljava/lang/Object;)Z @ 8
Event: 2.538 Thread 0x00000000166f9800 Uncommon trap: reason=unreached action=reinterpret pc=0x000000000265e940 method=java.util.HashMap.putVal(ILjava/lang/Object;Ljava/lang/Object;ZZ)Ljava/lang/Object; @ 193

Internal exceptions (10 events):
Event: 2.125 Thread 0x00000000166f9800 Exception <a 'java/security/PrivilegedActionException'> (0x00000000ebd04fa0) thrown at [D:\re\workspace\8-2-build-windows-amd64-cygwin\jdk8u20\1074\hotspot\src\share\vm\prims\jvm.cpp, line 1275]
Event: 2.146 Thread 0x000000000077d800 Exception <a 'java/security/PrivilegedActionException'> (0x00000000ebd77ae8) thrown at [D:\re\workspace\8-2-build-windows-amd64-cygwin\jdk8u20\1074\hotspot\src\share\vm\prims\jvm.cpp, line 1275]
Event: 2.151 Thread 0x000000001663f800 Exception <a 'java/security/PrivilegedActionException'> (0x00000000ebe016f0) thrown at [D:\re\workspace\8-2-build-windows-amd64-cygwin\jdk8u20\1074\hotspot\src\share\vm\prims\jvm.cpp, line 1275]
Event: 2.155 Thread 0x000000001663f800 Exception <a 'java/security/PrivilegedActionException'> (0x00000000ebe070e0) thrown at [D:\re\workspace\8-2-build-windows-amd64-cygwin\jdk8u20\1074\hotspot\src\share\vm\prims\jvm.cpp, line 1275]
Event: 2.156 Thread 0x000000001663f800 Exception <a 'java/security/PrivilegedActionException'> (0x00000000ebe0c790) thrown at [D:\re\workspace\8-2-build-windows-amd64-cygwin\jdk8u20\1074\hotspot\src\share\vm\prims\jvm.cpp, line 1275]
Event: 2.163 Thread 0x00000000166f8800 Exception <a 'java/security/PrivilegedActionException'> (0x00000000ebbd0320) thrown at [D:\re\workspace\8-2-build-windows-amd64-cygwin\jdk8u20\1074\hotspot\src\share\vm\prims\jvm.cpp, line 1275]
Event: 2.284 Thread 0x00000000166f9800 Exception <a 'java/security/PrivilegedActionException'> (0x00000000ebf4da38) thrown at [D:\re\workspace\8-2-build-windows-amd64-cygwin\jdk8u20\1074\hotspot\src\share\vm\prims\jvm.cpp, line 1275]
Event: 2.475 Thread 0x000000000077d800 Exception <a 'java/security/PrivilegedActionException'> (0x00000000ec0eb158) thrown at [D:\re\workspace\8-2-build-windows-amd64-cygwin\jdk8u20\1074\hotspot\src\share\vm\prims\jvm.cpp, line 1275]
Event: 2.514 Thread 0x00000000166f9800 Exception <a 'java/security/PrivilegedActionException'> (0x00000000ec423280) thrown at [D:\re\workspace\8-2-build-windows-amd64-cygwin\jdk8u20\1074\hotspot\src\share\vm\prims\jvm.cpp, line 1275]
Event: 2.515 Thread 0x00000000166f8800 Exception <a 'java/security/PrivilegedActionException'> (0x00000000ec303020) thrown at [D:\re\workspace\8-2-build-windows-amd64-cygwin\jdk8u20\1074\hotspot\src\share\vm\prims\jvm.cpp, line 1275]

Events (10 events):
Event: 2.538 Thread 0x00000000166f9800 Uncommon trap: trap_request=0xffffffad fr.pc=0x000000000265e940
Event: 2.538 Thread 0x00000000166f9800 DEOPT PACKING pc=0x000000000265e940 sp=0x00000000173edfb0
Event: 2.538 Thread 0x00000000166f9800 DEOPT UNPACKING pc=0x000000000231556a sp=0x00000000173ede40 mode 2
Event: 2.933 loading class java/util/HashMap$Values done
Event: 2.933 loading class java/util/HashMap$ValueIterator
Event: 2.933 loading class java/util/HashMap$ValueIterator done
Event: 2.991 Executing VM operation: ParallelGCFailedAllocation
Event: 3.254 Executing VM operation: ParallelGCFailedAllocation done
Event: 3.254 loading class sun/misc/Cleaner
Event: 3.255 loading class sun/misc/Cleaner done


Dynamic libraries:
0x00007ff684e90000 - 0x00007ff684ec4000 	C:\Program Files\Java\jdk1.8.0_20\bin\java.exe
0x00007ffb659a0000 - 0x00007ffb65b61000 	C:\WINDOWS\SYSTEM32\ntdll.dll
0x00007ffb633d0000 - 0x00007ffb6347d000 	C:\WINDOWS\system32\KERNEL32.DLL
0x00007ffb626f0000 - 0x00007ffb628d8000 	C:\WINDOWS\system32\KERNELBASE.dll
0x00007ffb658f0000 - 0x00007ffb65997000 	C:\WINDOWS\system32\ADVAPI32.dll
0x00007ffb65420000 - 0x00007ffb654bd000 	C:\WINDOWS\system32\msvcrt.dll
0x00007ffb62d80000 - 0x00007ffb62ddb000 	C:\WINDOWS\system32\sechost.dll
0x00007ffb63750000 - 0x00007ffb6386c000 	C:\WINDOWS\system32\RPCRT4.dll
0x00007ffb652c0000 - 0x00007ffb65416000 	C:\WINDOWS\system32\USER32.dll
0x00007ffb63550000 - 0x00007ffb636d6000 	C:\WINDOWS\system32\GDI32.dll
0x00007ffb57250000 - 0x00007ffb574c4000 	C:\WINDOWS\WinSxS\amd64_microsoft.windows.common-controls_6595b64144ccf1df_6.0.10586.0_none_8c15ae12515e1c22\COMCTL32.dll
0x00007ffb65040000 - 0x00007ffb652bd000 	C:\WINDOWS\system32\combase.dll
0x00007ffb62680000 - 0x00007ffb626ea000 	C:\WINDOWS\system32\bcryptPrimitives.dll
0x00007ffb63870000 - 0x00007ffb638ab000 	C:\WINDOWS\system32\IMM32.DLL
0x0000000071060000 - 0x0000000071132000 	C:\Program Files\Java\jdk1.8.0_20\jre\bin\msvcr100.dll
0x0000000070800000 - 0x0000000071058000 	C:\Program Files\Java\jdk1.8.0_20\jre\bin\server\jvm.dll
0x00007ffb64f70000 - 0x00007ffb64f78000 	C:\WINDOWS\system32\PSAPI.DLL
0x00007ffb58000000 - 0x00007ffb58009000 	C:\WINDOWS\SYSTEM32\WSOCK32.dll
0x00007ffb631e0000 - 0x00007ffb6324b000 	C:\WINDOWS\system32\WS2_32.dll
0x00007ffb60720000 - 0x00007ffb60743000 	C:\WINDOWS\SYSTEM32\WINMM.dll
0x00007ffb60670000 - 0x00007ffb6069c000 	C:\WINDOWS\SYSTEM32\WINMMBASE.dll
0x00007ffb62d10000 - 0x00007ffb62d53000 	C:\WINDOWS\system32\cfgmgr32.dll
0x00000000707f0000 - 0x00000000707ff000 	C:\Program Files\Java\jdk1.8.0_20\jre\bin\verify.dll
0x00000000707c0000 - 0x00000000707e8000 	C:\Program Files\Java\jdk1.8.0_20\jre\bin\java.dll
0x00000000707a0000 - 0x00000000707b6000 	C:\Program Files\Java\jdk1.8.0_20\jre\bin\zip.dll
0x00007ffb638b0000 - 0x00007ffb64e0c000 	C:\WINDOWS\system32\SHELL32.dll
0x00007ffb62030000 - 0x00007ffb62675000 	C:\WINDOWS\system32\windows.storage.dll
0x00007ffb64f80000 - 0x00007ffb64fd2000 	C:\WINDOWS\system32\shlwapi.dll
0x00007ffb61fc0000 - 0x00007ffb61fcf000 	C:\WINDOWS\system32\kernel.appcore.dll
0x00007ffb62ba0000 - 0x00007ffb62c55000 	C:\WINDOWS\system32\shcore.dll
0x00007ffb61fe0000 - 0x00007ffb6202b000 	C:\WINDOWS\system32\powrprof.dll
0x00007ffb61fa0000 - 0x00007ffb61fb4000 	C:\WINDOWS\system32\profapi.dll
0x00007ffb555c0000 - 0x00007ffb5574c000 	C:\WINDOWS\SYSTEM32\dbghelp.dll

VM Arguments:
jvm_args: -Djava.awt.headless=true -Xmx1024M -Dfile.encoding=windows-1252 -Duser.country=US -Duser.language=en -Duser.variant 
java_command: com.android.dx.command.Main --dex --num-threads=4 --output C:\Users\admin\Documents\GitHub\ShaneelSD\SoftwareDesign\FindMeTutor\FindMeTutor\tutor_app\build\intermediates\pre-dexed\debug\com.android.support-support-compat-24.2.0_8dcbd570a29e6d90a85f3410f247f52d9b219d1c.jar C:\Users\admin\Documents\GitHub\ShaneelSD\SoftwareDesign\FindMeTutor\FindMeTutor\tutor_app\build\intermediates\exploded-aar\com.android.support\support-compat\24.2.0\jars\classes.jar
java_class_path (initial): C:\Users\admin\AppData\Local\Android\sdk\build-tools\24.0.1\lib\dx.jar
Launcher Type: SUN_STANDARD

Environment Variables:
PATH=C:\ProgramData\Oracle\Java\javapath;C:\Program Files (x86)\Intel\iCLS Client\;C:\Program Files\Intel\iCLS Client\;C:\WINDOWS\system32;C:\WINDOWS;C:\WINDOWS\System32\Wbem;C:\WINDOWS\System32\WindowsPowerShell\v1.0\;C:\Program Files\Intel\Intel(R) Management Engine Components\DAL;C:\Program Files\Intel\Intel(R) Management Engine Components\IPT;C:\Program Files (x86)\Intel\Intel(R) Management Engine Components\DAL;C:\Program Files (x86)\Intel\Intel(R) Management Engine Components\IPT;C:\Program Files\WIDCOMM\Bluetooth Software\;C:\Program Files\WIDCOMM\Bluetooth Software\syswow64;C:\Program Files (x86)\Intel\OpenCL SDK\2.0\bin\x86;C:\Program Files (x86)\Intel\OpenCL SDK\2.0\bin\x64;C:\Program Files\Intel\WiFi\bin\;C:\Program Files\Common Files\Intel\WirelessCommon\;c:\Program Files (x86)\Microsoft SQL Server\100\Tools\Binn\;c:\Program Files\Microsoft SQL Server\100\Tools\Binn\;c:\Program Files\Microsoft SQL Server\100\DTS\Binn\;C:\Program Files (x86)\MySQL\MySQL Fabric 1.5.4 & MySQL Utilities 1.5.4 1.5\;C:\Program Files (x86)\MySQL\MySQL Fabric 1.5.4 & MySQL Utilities 1.5.4 1.5\Doctrine extensions for PHP\;C:\Program Files (x86)\Borland\Delphi7\Bin;C:\Program Files (x86)\Borland\Delphi7\Projects\Bpl;C:\Program Files (x86)\Borland\Delphi7\Rave5;C:\Program Files\Git\cmd;C:\Program Files\Intel\WiFi\bin\;C:\Program Files\Common Files\Intel\WirelessCommon\
USERNAME=admin
OS=Windows_NT
PROCESSOR_IDENTIFIER=Intel64 Family 6 Model 58 Stepping 9, GenuineIntel



---------------  S Y S T E M  ---------------

OS: Windows 8.1 , 64 bit Build 9600 

CPU:total 4 (2 cores per cpu, 2 threads per core) family 6 model 58 stepping 9, cmov, cx8, fxsr, mmx, sse, sse2, sse3, ssse3, sse4.1, sse4.2, popcnt, avx, aes, clmul, erms, ht, tsc, tscinvbit, tscinv

Memory: 4k page, physical 8258576k(2052060k free), swap 10306576k(6324k free)

vm_info: Java HotSpot(TM) 64-Bit Server VM (25.20-b23) for windows-amd64 JRE (1.8.0_20-b26), built on Jul 30 2014 13:51:23 by "java_re" with MS VC++ 10.0 (VS2010)

time: Thu Sep 08 19:45:14 2016
elapsed time: 3 seconds (0d 0h 0m 3s)

