#
# There is insufficient memory for the Java Runtime Environment to continue.
# Native memory allocation (malloc) failed to allocate 905696 bytes for Chunk::new
# Possible reasons:
#   The system is out of physical RAM or swap space
#   In 32 bit mode, the process size limit was hit
# Possible solutions:
#   Reduce memory load on the system
#   Increase physical memory or swap space
#   Check if swap backing store is full
#   Use 64 bit Java on a 64 bit OS
#   Decrease Java heap size (-Xmx/-Xms)
#   Decrease number of Java threads
#   Decrease Java thread stack sizes (-Xss)
#   Set larger code cache with -XX:ReservedCodeCacheSize=
# This output file may be truncated or incomplete.
#
#  Out of Memory Error (allocation.cpp:390), pid=2112, tid=14224
#
# JRE version: Java(TM) SE Runtime Environment (8.0_20-b26) (build 1.8.0_20-b26)
# Java VM: Java HotSpot(TM) 64-Bit Server VM (25.20-b23 mixed mode windows-amd64 compressed oops)
# Failed to write core dump. Minidumps are not enabled by default on client versions of Windows
#

---------------  T H R E A D  ---------------

Current thread (0x0000000014c80000):  JavaThread "C2 CompilerThread1" daemon [_thread_in_native, id=14224, stack(0x00000000162d0000,0x00000000163d0000)]

Stack: [0x00000000162d0000,0x00000000163d0000]
Native frames: (J=compiled Java code, j=interpreted, Vv=VM code, C=native code)
V  [jvm.dll+0x3152fa]


Current CompileTask:
C2:   2689 1171       4       com.android.dx.dex.code.OutputFinisher::addConstants (93 bytes)


---------------  P R O C E S S  ---------------

Java Threads: ( => current thread )
  0x0000000016823000 JavaThread "pool-1-thread-1" [_thread_in_vm, id=12660, stack(0x00000000187a0000,0x00000000188a0000)]
  0x0000000014cdb000 JavaThread "Service Thread" daemon [_thread_blocked, id=7180, stack(0x00000000164d0000,0x00000000165d0000)]
  0x0000000014cd0800 JavaThread "C1 CompilerThread2" daemon [_thread_in_vm, id=14568, stack(0x00000000163d0000,0x00000000164d0000)]
=>0x0000000014c80000 JavaThread "C2 CompilerThread1" daemon [_thread_in_native, id=14224, stack(0x00000000162d0000,0x00000000163d0000)]
  0x0000000014c7d800 JavaThread "C2 CompilerThread0" daemon [_thread_in_native, id=4044, stack(0x00000000161d0000,0x00000000162d0000)]
  0x0000000014c7b800 JavaThread "Attach Listener" daemon [_thread_blocked, id=5212, stack(0x00000000160d0000,0x00000000161d0000)]
  0x0000000014c7a000 JavaThread "Signal Dispatcher" daemon [_thread_blocked, id=6344, stack(0x0000000015fd0000,0x00000000160d0000)]
  0x000000000259f000 JavaThread "Finalizer" daemon [_thread_blocked, id=7304, stack(0x0000000015ed0000,0x0000000015fd0000)]
  0x0000000014c48000 JavaThread "Reference Handler" daemon [_thread_blocked, id=14112, stack(0x0000000015dd0000,0x0000000015ed0000)]
  0x0000000000afd800 JavaThread "main" [_thread_blocked, id=13544, stack(0x00000000022b0000,0x00000000023b0000)]

Other Threads:
  0x0000000014c46000 VMThread [stack: 0x0000000015cd0000,0x0000000015dd0000] [id=2120]
  0x0000000014cde000 WatcherThread [stack: 0x00000000165d0000,0x00000000166d0000] [id=4744]

VM state:not at safepoint (normal execution)

VM Mutex/Monitor currently owned by a thread: None

Heap:
 PSYoungGen      total 38400K, used 24012K [0x00000000eab00000, 0x00000000ed580000, 0x0000000100000000)
  eden space 33280K, 72% used [0x00000000eab00000,0x00000000ec2731e8,0x00000000ecb80000)
  from space 5120K, 0% used [0x00000000ed080000,0x00000000ed080000,0x00000000ed580000)
  to   space 5120K, 0% used [0x00000000ecb80000,0x00000000ecb80000,0x00000000ed080000)
 ParOldGen       total 87552K, used 0K [0x00000000c0000000, 0x00000000c5580000, 0x00000000eab00000)
  object space 87552K, 0% used [0x00000000c0000000,0x00000000c0000000,0x00000000c5580000)
 Metaspace       used 5865K, capacity 6832K, committed 7040K, reserved 1056768K
  class space    used 592K, capacity 616K, committed 640K, reserved 1048576K

Card table byte_map: [0x0000000011970000,0x0000000011b80000] byte_map_base: 0x0000000011370000

Marking Bits: (ParMarkBitMap*) 0x000000006451b460
 Begin Bits: [0x00000000120e0000, 0x00000000130e0000)
 End Bits:   [0x00000000130e0000, 0x00000000140e0000)

Polling page: 0x0000000000ac0000

CodeCache: size=245760Kb used=4421Kb max_used=4421Kb free=241338Kb
 bounds [0x00000000025b0000, 0x0000000002a10000, 0x00000000115b0000]
 total_blobs=1439 nmethods=1174 adapters=179
 compilation: enabled

Compilation events (10 events):
Event: 2.659 Thread 0x0000000014cd0800 nmethod 1179 0x00000000029fdb90 code [0x00000000029fdce0, 0x00000000029fddf0]
Event: 2.659 Thread 0x0000000014cd0800 1180       3       com.android.dx.dex.code.OutputFinisher::getAllConstants (47 bytes)
Event: 2.659 Thread 0x0000000014c7d800 1181       4       com.android.dx.dex.code.OutputFinisher::addConstants (68 bytes)
Event: 2.660 Thread 0x0000000014cd0800 nmethod 1180 0x00000000029fe190 code [0x00000000029fe3c0, 0x00000000029fed28]
Event: 2.660 Thread 0x0000000014cd0800 1182       3       com.android.dx.dex.file.StringIdsSection::intern (13 bytes)
Event: 2.661 Thread 0x0000000014cd0800 nmethod 1182 0x0000000002a02fd0 code [0x0000000002a03160, 0x0000000002a03658]
Event: 2.665 Thread 0x0000000014cd0800 1183       3       com.android.dx.dex.file.StringIdItem::<init> (29 bytes)
Event: 2.666 Thread 0x0000000014cd0800 nmethod 1183 0x0000000002a03890 code [0x0000000002a03a20, 0x0000000002a03da8]
Event: 2.666 Thread 0x0000000014cd0800 1185       3       com.android.dx.dex.file.IndexedItem::setIndex (24 bytes)
Event: 2.666 Thread 0x0000000014cd0800 nmethod 1185 0x0000000002a03f10 code [0x0000000002a04080, 0x0000000002a042a8]

GC Heap History (0 events):
No events

Deoptimization events (10 events):
Event: 2.146 Thread 0x0000000016824800 Uncommon trap: reason=null_check action=make_not_entrant pc=0x00000000028512cc method=com.android.dx.ssa.SsaRenamer.getLocalForNewReg(I)Lcom/android/dx/rop/code/LocalItem; @ 19
Event: 2.242 Thread 0x000000001681b800 Uncommon trap: reason=unreached action=reinterpret pc=0x000000000292101c method=com.android.dx.rop.cst.Constant.compareTo(Lcom/android/dx/rop/cst/Constant;)I @ 12
Event: 2.637 Thread 0x0000000016823000 Uncommon trap: reason=class_check action=maybe_recompile pc=0x00000000029b7f34 method=java.util.HashMap.putVal(ILjava/lang/Object;Ljava/lang/Object;ZZ)Ljava/lang/Object; @ 203
Event: 2.637 Thread 0x0000000016823000 Uncommon trap: reason=class_check action=maybe_recompile pc=0x00000000029b7f34 method=java.util.HashMap.putVal(ILjava/lang/Object;Ljava/lang/Object;ZZ)Ljava/lang/Object; @ 203
Event: 2.637 Thread 0x0000000016823000 Uncommon trap: reason=class_check action=maybe_recompile pc=0x00000000029b7f34 method=java.util.HashMap.putVal(ILjava/lang/Object;Ljava/lang/Object;ZZ)Ljava/lang/Object; @ 203
Event: 2.637 Thread 0x0000000016823000 Uncommon trap: reason=class_check action=maybe_recompile pc=0x00000000029b7f34 method=java.util.HashMap.putVal(ILjava/lang/Object;Ljava/lang/Object;ZZ)Ljava/lang/Object; @ 203
Event: 2.655 Thread 0x0000000016823000 Uncommon trap: reason=bimorphic action=maybe_recompile pc=0x0000000002a028e8 method=java.util.HashMap.putVal(ILjava/lang/Object;Ljava/lang/Object;ZZ)Ljava/lang/Object; @ 203
Event: 2.656 Thread 0x0000000016823000 Uncommon trap: reason=bimorphic action=maybe_recompile pc=0x0000000002a028e8 method=java.util.HashMap.putVal(ILjava/lang/Object;Ljava/lang/Object;ZZ)Ljava/lang/Object; @ 203
Event: 2.656 Thread 0x0000000016823000 Uncommon trap: reason=bimorphic action=maybe_recompile pc=0x0000000002a028e8 method=java.util.HashMap.putVal(ILjava/lang/Object;Ljava/lang/Object;ZZ)Ljava/lang/Object; @ 203
Event: 2.656 Thread 0x0000000016823000 Uncommon trap: reason=bimorphic action=maybe_recompile pc=0x0000000002a028e8 method=java.util.HashMap.putVal(ILjava/lang/Object;Ljava/lang/Object;ZZ)Ljava/lang/Object; @ 203

Internal exceptions (10 events):
Event: 1.566 Thread 0x0000000016824000 Exception <a 'java/security/PrivilegedActionException'> (0x00000000eb618530) thrown at [D:\re\workspace\8-2-build-windows-amd64-cygwin\jdk8u20\1074\hotspot\src\share\vm\prims\jvm.cpp, line 1275]
Event: 1.578 Thread 0x0000000000afd800 Exception <a 'java/security/PrivilegedActionException'> (0x00000000eb4b3528) thrown at [D:\re\workspace\8-2-build-windows-amd64-cygwin\jdk8u20\1074\hotspot\src\share\vm\prims\jvm.cpp, line 1275]
Event: 1.718 Thread 0x000000001681b800 Exception <a 'java/security/PrivilegedActionException'> (0x00000000eb731e58) thrown at [D:\re\workspace\8-2-build-windows-amd64-cygwin\jdk8u20\1074\hotspot\src\share\vm\prims\jvm.cpp, line 1275]
Event: 1.819 Thread 0x0000000000afd800 Exception <a 'java/security/PrivilegedActionException'> (0x00000000eba18210) thrown at [D:\re\workspace\8-2-build-windows-amd64-cygwin\jdk8u20\1074\hotspot\src\share\vm\prims\jvm.cpp, line 1275]
Event: 2.146 Thread 0x0000000016824800 Implicit null exception at 0x000000000284f334 to 0x00000000028512a5
Event: 2.227 Thread 0x0000000016824000 Exception <a 'java/security/PrivilegedActionException'> (0x00000000ebe9c860) thrown at [D:\re\workspace\8-2-build-windows-amd64-cygwin\jdk8u20\1074\hotspot\src\share\vm\prims\jvm.cpp, line 1275]
Event: 2.260 Thread 0x0000000016824000 Exception <a 'java/security/PrivilegedActionException'> (0x00000000ebeed190) thrown at [D:\re\workspace\8-2-build-windows-amd64-cygwin\jdk8u20\1074\hotspot\src\share\vm\prims\jvm.cpp, line 1275]
Event: 2.394 Thread 0x0000000000afd800 Exception <a 'java/security/PrivilegedActionException'> (0x00000000eba1b6b8) thrown at [D:\re\workspace\8-2-build-windows-amd64-cygwin\jdk8u20\1074\hotspot\src\share\vm\prims\jvm.cpp, line 1275]
Event: 2.642 Thread 0x0000000016823000 Exception <a 'java/security/PrivilegedActionException'> (0x00000000ec1dc840) thrown at [D:\re\workspace\8-2-build-windows-amd64-cygwin\jdk8u20\1074\hotspot\src\share\vm\prims\jvm.cpp, line 1275]
Event: 2.666 Thread 0x0000000016823000 Exception <a 'java/security/PrivilegedActionException'> (0x00000000ec1f69c8) thrown at [D:\re\workspace\8-2-build-windows-amd64-cygwin\jdk8u20\1074\hotspot\src\share\vm\prims\jvm.cpp, line 1275]

Events (10 events):
Event: 2.656 Thread 0x0000000016823000 DEOPT PACKING pc=0x0000000002a028e8 sp=0x000000001889e770
Event: 2.656 Thread 0x0000000016823000 DEOPT UNPACKING pc=0x00000000025f556a sp=0x000000001889e6f8 mode 2
Event: 2.656 Thread 0x0000000016823000 Uncommon trap: trap_request=0xffffffc6 fr.pc=0x0000000002a028e8
Event: 2.656 Thread 0x0000000016823000 DEOPT PACKING pc=0x0000000002a028e8 sp=0x000000001889e770
Event: 2.656 Thread 0x0000000016823000 DEOPT UNPACKING pc=0x00000000025f556a sp=0x000000001889e6f8 mode 2
Event: 2.656 Thread 0x0000000016823000 Uncommon trap: trap_request=0xffffffc6 fr.pc=0x0000000002a028e8
Event: 2.656 Thread 0x0000000016823000 DEOPT PACKING pc=0x0000000002a028e8 sp=0x000000001889e770
Event: 2.657 Thread 0x0000000016823000 DEOPT UNPACKING pc=0x00000000025f556a sp=0x000000001889e6f8 mode 2
Event: 2.666 loading class com/android/dx/dex/file/ProtoIdItem
Event: 2.666 loading class com/android/dx/dex/file/ProtoIdItem done


Dynamic libraries:
0x00007ff79b830000 - 0x00007ff79b864000 	C:\Program Files\Java\jdk1.8.0_20\bin\java.exe
0x00007ffc6b1c0000 - 0x00007ffc6b381000 	C:\WINDOWS\SYSTEM32\ntdll.dll
0x00007ffc68920000 - 0x00007ffc689cd000 	C:\WINDOWS\system32\KERNEL32.DLL
0x00007ffc67a70000 - 0x00007ffc67c58000 	C:\WINDOWS\system32\KERNELBASE.dll
0x00007ffc6b110000 - 0x00007ffc6b1b7000 	C:\WINDOWS\system32\ADVAPI32.dll
0x00007ffc6af30000 - 0x00007ffc6afcd000 	C:\WINDOWS\system32\msvcrt.dll
0x00007ffc6b040000 - 0x00007ffc6b09b000 	C:\WINDOWS\system32\sechost.dll
0x00007ffc689d0000 - 0x00007ffc68aec000 	C:\WINDOWS\system32\RPCRT4.dll
0x00007ffc6ac30000 - 0x00007ffc6ad86000 	C:\WINDOWS\system32\USER32.dll
0x00007ffc6ad90000 - 0x00007ffc6af16000 	C:\WINDOWS\system32\GDI32.dll
0x00007ffc5dcb0000 - 0x00007ffc5df24000 	C:\WINDOWS\WinSxS\amd64_microsoft.windows.common-controls_6595b64144ccf1df_6.0.10586.589_none_a2ddb3caa539acce\COMCTL32.dll
0x00007ffc6a5e0000 - 0x00007ffc6a85d000 	C:\WINDOWS\system32\combase.dll
0x00007ffc67c80000 - 0x00007ffc67cea000 	C:\WINDOWS\system32\bcryptPrimitives.dll
0x00007ffc68770000 - 0x00007ffc687ab000 	C:\WINDOWS\system32\IMM32.DLL
0x00000000645a0000 - 0x0000000064672000 	C:\Program Files\Java\jdk1.8.0_20\jre\bin\msvcr100.dll
0x0000000063d40000 - 0x0000000064598000 	C:\Program Files\Java\jdk1.8.0_20\jre\bin\server\jvm.dll
0x00007ffc6b0a0000 - 0x00007ffc6b0a8000 	C:\WINDOWS\system32\PSAPI.DLL
0x00007ffc5c500000 - 0x00007ffc5c509000 	C:\WINDOWS\SYSTEM32\WSOCK32.dll
0x00007ffc68700000 - 0x00007ffc6876b000 	C:\WINDOWS\system32\WS2_32.dll
0x00007ffc65ad0000 - 0x00007ffc65af3000 	C:\WINDOWS\SYSTEM32\WINMM.dll
0x00007ffc65aa0000 - 0x00007ffc65acc000 	C:\WINDOWS\SYSTEM32\WINMMBASE.dll
0x00007ffc679c0000 - 0x00007ffc67a03000 	C:\WINDOWS\system32\cfgmgr32.dll
0x0000000063d30000 - 0x0000000063d3f000 	C:\Program Files\Java\jdk1.8.0_20\jre\bin\verify.dll
0x0000000063d00000 - 0x0000000063d28000 	C:\Program Files\Java\jdk1.8.0_20\jre\bin\java.dll
0x0000000063ce0000 - 0x0000000063cf6000 	C:\Program Files\Java\jdk1.8.0_20\jre\bin\zip.dll
0x00007ffc68af0000 - 0x00007ffc6a04c000 	C:\WINDOWS\system32\SHELL32.dll
0x00007ffc67f50000 - 0x00007ffc68595000 	C:\WINDOWS\system32\windows.storage.dll
0x00007ffc688c0000 - 0x00007ffc68912000 	C:\WINDOWS\system32\shlwapi.dll
0x00007ffc67830000 - 0x00007ffc6783f000 	C:\WINDOWS\system32\kernel.appcore.dll
0x00007ffc67900000 - 0x00007ffc679b5000 	C:\WINDOWS\system32\shcore.dll
0x00007ffc677c0000 - 0x00007ffc6780b000 	C:\WINDOWS\system32\powrprof.dll
0x00007ffc67810000 - 0x00007ffc67824000 	C:\WINDOWS\system32\profapi.dll
0x00007ffc5c290000 - 0x00007ffc5c41c000 	C:\WINDOWS\SYSTEM32\dbghelp.dll

VM Arguments:
jvm_args: -Djava.awt.headless=true -Xmx1024M -Dfile.encoding=windows-1252 -Duser.country=US -Duser.language=en -Duser.variant 
java_command: com.android.dx.command.Main --dex --force-jumbo --num-threads=4 --multi-dex --output C:\Users\admin\Documents\GitHub\ShaneelSD\SoftwareDesign\FindMeTutor\FindMeTutor\tutor_app\build\intermediates\transforms\dex\debug\folders\1000\10\internal_impl-24.2.1_145e5516d660cb7cac802c57062eca71000b9221 C:\Users\admin\Documents\GitHub\ShaneelSD\SoftwareDesign\FindMeTutor\FindMeTutor\tutor_app\build\intermediates\exploded-aar\com.android.support\support-core-utils\24.2.1\jars\libs\internal_impl-24.2.1.jar
java_class_path (initial): C:\Users\admin\AppData\Local\Android\sdk\build-tools\24.0.1\lib\dx.jar
Launcher Type: SUN_STANDARD

Environment Variables:
PATH=C:\ProgramData\Oracle\Java\javapath;C:\Program Files (x86)\Intel\iCLS Client\;C:\Program Files\Intel\iCLS Client\;C:\WINDOWS\system32;C:\WINDOWS;C:\WINDOWS\System32\Wbem;C:\WINDOWS\System32\WindowsPowerShell\v1.0\;C:\Program Files\Intel\Intel(R) Management Engine Components\DAL;C:\Program Files\Intel\Intel(R) Management Engine Components\IPT;C:\Program Files (x86)\Intel\Intel(R) Management Engine Components\DAL;C:\Program Files (x86)\Intel\Intel(R) Management Engine Components\IPT;C:\Program Files\WIDCOMM\Bluetooth Software\;C:\Program Files\WIDCOMM\Bluetooth Software\syswow64;C:\Program Files (x86)\Intel\OpenCL SDK\2.0\bin\x86;C:\Program Files (x86)\Intel\OpenCL SDK\2.0\bin\x64;C:\Program Files\Intel\WiFi\bin\;C:\Program Files\Common Files\Intel\WirelessCommon\;c:\Program Files (x86)\Microsoft SQL Server\100\Tools\Binn\;c:\Program Files\Microsoft SQL Server\100\Tools\Binn\;c:\Program Files\Microsoft SQL Server\100\DTS\Binn\;C:\Program Files (x86)\MySQL\MySQL Fabric 1.5.4 & MySQL Utilities 1.5.4 1.5\;C:\Program Files (x86)\MySQL\MySQL Fabric 1.5.4 & MySQL Utilities 1.5.4 1.5\Doctrine extensions for PHP\;C:\Program Files (x86)\Borland\Delphi7\Bin;C:\Program Files (x86)\Borland\Delphi7\Projects\Bpl;C:\Program Files (x86)\Borland\Delphi7\Rave5;C:\Program Files\Git\cmd;C:\Program Files (x86)\OpenVPN\bin;C:\Program Files\Intel\WiFi\bin\;C:\Program Files\Common Files\Intel\WirelessCommon\
USERNAME=admin
OS=Windows_NT
PROCESSOR_IDENTIFIER=Intel64 Family 6 Model 58 Stepping 9, GenuineIntel



---------------  S Y S T E M  ---------------

OS: Windows 8.1 , 64 bit Build 9600 

CPU:total 4 (2 cores per cpu, 2 threads per core) family 6 model 58 stepping 9, cmov, cx8, fxsr, mmx, sse, sse2, sse3, ssse3, sse4.1, sse4.2, popcnt, avx, aes, clmul, erms, ht, tsc, tscinvbit, tscinv

Memory: 4k page, physical 8258576k(2223552k free), swap 10306576k(5104k free)

vm_info: Java HotSpot(TM) 64-Bit Server VM (25.20-b23) for windows-amd64 JRE (1.8.0_20-b26), built on Jul 30 2014 13:51:23 by "java_re" with MS VC++ 10.0 (VS2010)

time: Fri Oct 28 12:04:47 2016
elapsed time: 2 seconds (0d 0h 0m 2s)

