#
# There is insufficient memory for the Java Runtime Environment to continue.
# Native memory allocation (malloc) failed to allocate 67108880 bytes for Chunk::new
# Possible reasons:
#   The system is out of physical RAM or swap space
#   In 32 bit mode, the process size limit was hit
# Possible solutions:
#   Reduce memory load on the system
#   Increase physical memory or swap space
#   Check if swap backing store is full
#   Use 64 bit Java on a 64 bit OS
#   Decrease Java heap size (-Xmx/-Xms)
#   Decrease number of Java threads
#   Decrease Java thread stack sizes (-Xss)
#   Set larger code cache with -XX:ReservedCodeCacheSize=
# This output file may be truncated or incomplete.
#
#  Out of Memory Error (allocation.cpp:390), pid=11216, tid=3024
#
# JRE version: Java(TM) SE Runtime Environment (8.0_20-b26) (build 1.8.0_20-b26)
# Java VM: Java HotSpot(TM) 64-Bit Server VM (25.20-b23 mixed mode windows-amd64 compressed oops)
# Failed to write core dump. Minidumps are not enabled by default on client versions of Windows
#

---------------  T H R E A D  ---------------

Current thread (0x000000001575a800):  JavaThread "C2 CompilerThread0" daemon [_thread_in_native, id=3024, stack(0x0000000016cc0000,0x0000000016dc0000)]

Stack: [0x0000000016cc0000,0x0000000016dc0000]
Native frames: (J=compiled Java code, j=interpreted, Vv=VM code, C=native code)
V  [jvm.dll+0x3152fa]
V  [jvm.dll+0x265d03]
V  [jvm.dll+0x266943]
V  [jvm.dll+0x25e265]
V  [jvm.dll+0xbe255]
V  [jvm.dll+0xbe6fc]
V  [jvm.dll+0xf3878]
V  [jvm.dll+0x45df30]
V  [jvm.dll+0x45e1ea]
V  [jvm.dll+0x45f0cf]
V  [jvm.dll+0x461191]
V  [jvm.dll+0x4635c5]
V  [jvm.dll+0x463f4c]
V  [jvm.dll+0x464293]
V  [jvm.dll+0x451093]
V  [jvm.dll+0x452634]
V  [jvm.dll+0x435fc2]
V  [jvm.dll+0x97b62]
V  [jvm.dll+0x98353]
V  [jvm.dll+0x22aac4]
V  [jvm.dll+0x283f5a]
C  [msvcr100.dll+0x21d9f]
C  [msvcr100.dll+0x21e3b]
C  [KERNEL32.DLL+0x18102]
C  [ntdll.dll+0x5c5b4]


Current CompileTask:
C2:  13644 2122   !   4       com.android.dx.cf.code.Ropper::processBlock (1101 bytes)


---------------  P R O C E S S  ---------------

Java Threads: ( => current thread )
  0x0000000017db1800 JavaThread "pool-2-thread-4" [_thread_blocked, id=4432, stack(0x0000000019190000,0x0000000019290000)]
  0x0000000017ce3800 JavaThread "pool-2-thread-3" [_thread_blocked, id=12880, stack(0x0000000019090000,0x0000000019190000)]
  0x0000000017df0800 JavaThread "pool-2-thread-2" [_thread_blocked, id=9292, stack(0x0000000018f90000,0x0000000019090000)]
  0x0000000017863000 JavaThread "pool-3-thread-1" [_thread_blocked, id=5448, stack(0x0000000018e90000,0x0000000018f90000)]
  0x0000000017ba3000 JavaThread "pool-2-thread-1" [_thread_blocked, id=6268, stack(0x0000000018d90000,0x0000000018e90000)]
  0x0000000016fe6000 JavaThread "Service Thread" daemon [_thread_blocked, id=11224, stack(0x00000000173c0000,0x00000000174c0000)]
  0x0000000015750800 JavaThread "C1 CompilerThread2" daemon [_thread_blocked, id=13216, stack(0x0000000016ec0000,0x0000000016fc0000)]
  0x000000001574a800 JavaThread "C2 CompilerThread1" daemon [_thread_blocked, id=1648, stack(0x0000000016dc0000,0x0000000016ec0000)]
=>0x000000001575a800 JavaThread "C2 CompilerThread0" daemon [_thread_in_native, id=3024, stack(0x0000000016cc0000,0x0000000016dc0000)]
  0x0000000015758800 JavaThread "Attach Listener" daemon [_thread_blocked, id=8200, stack(0x0000000016bc0000,0x0000000016cc0000)]
  0x0000000015757800 JavaThread "Signal Dispatcher" daemon [_thread_blocked, id=12660, stack(0x0000000016ac0000,0x0000000016bc0000)]
  0x0000000003076800 JavaThread "Finalizer" daemon [_thread_blocked, id=11212, stack(0x00000000169b0000,0x0000000016ab0000)]
  0x000000000306d800 JavaThread "Reference Handler" daemon [_thread_blocked, id=12448, stack(0x00000000168b0000,0x00000000169b0000)]
  0x00000000016ed800 JavaThread "main" [_thread_blocked, id=12124, stack(0x0000000002e80000,0x0000000002f80000)]

Other Threads:
  0x0000000015716000 VMThread [stack: 0x00000000167b0000,0x00000000168b0000] [id=7336]
  0x0000000016fe8800 WatcherThread [stack: 0x00000000174c0000,0x00000000175c0000] [id=12912]

VM state:at safepoint (normal execution)

VM Mutex/Monitor currently owned by a thread:  ([mutex/lock_event])
[0x00000000016ecc00] Threads_lock - owner thread: 0x0000000015716000
[0x00000000016ec980] Heap_lock - owner thread: 0x0000000017db1800

Heap:
 PSYoungGen      total 216064K, used 157696K [0x00000000eab00000, 0x0000000100000000, 0x0000000100000000)
  eden space 157696K, 100% used [0x00000000eab00000,0x00000000f4500000,0x00000000f4500000)
  from space 58368K, 0% used [0x00000000fc700000,0x00000000fc700000,0x0000000100000000)
  to   space 95744K, 0% used [0x00000000f4500000,0x00000000f4500000,0x00000000fa280000)
 ParOldGen       total 172544K, used 172487K [0x00000000c0000000, 0x00000000ca880000, 0x00000000eab00000)
  object space 172544K, 99% used [0x00000000c0000000,0x00000000ca871f40,0x00000000ca880000)
 Metaspace       used 6569K, capacity 7320K, committed 7680K, reserved 1056768K
  class space    used 615K, capacity 656K, committed 768K, reserved 1048576K

Card table byte_map: [0x0000000012440000,0x0000000012650000] byte_map_base: 0x0000000011e40000

Marking Bits: (ParMarkBitMap*) 0x00000000744eb460
 Begin Bits: [0x0000000012bb0000, 0x0000000013bb0000)
 End Bits:   [0x0000000013bb0000, 0x0000000014bb0000)

Polling page: 0x00000000016b0000

CodeCache: size=245760Kb used=10642Kb max_used=10657Kb free=235117Kb
 bounds [0x0000000003080000, 0x0000000003b10000, 0x0000000012080000]
 total_blobs=2506 nmethods=2240 adapters=179
 compilation: enabled

Compilation events (10 events):
Event: 10.225 Thread 0x0000000015750800 2379   !   2       com.android.dx.cf.code.BytecodeArray::parseInstruction (2764 bytes)
Event: 10.238 Thread 0x0000000015750800 nmethod 2379 0x0000000003a96450 code [0x0000000003a97300, 0x0000000003a9d4e8]
Event: 10.238 Thread 0x0000000015750800 2380 %     3       com.android.dx.ssa.back.RegisterAllocator::insertMoveBefore @ 153 (240 bytes)
Event: 10.241 Thread 0x0000000015750800 nmethod 2380% 0x0000000003aa87d0 code [0x0000000003aa8c40, 0x0000000003aab9c8]
Event: 10.257 Thread 0x0000000015750800 2382       1       com.android.dx.ssa.PhiInsn::canThrow (2 bytes)
Event: 10.257 Thread 0x0000000015750800 nmethod 2382 0x0000000003a3f090 code [0x0000000003a3f1e0, 0x0000000003a3f2f0]
Event: 10.282 Thread 0x0000000015750800 2383 % !   3       com.android.dx.cf.code.BasicBlocker::doit @ 37 (156 bytes)
Event: 10.284 Thread 0x0000000015750800 nmethod 2383% 0x0000000003a77810 code [0x0000000003a77aa0, 0x0000000003a78f38]
Event: 10.301 Thread 0x000000001574a800 nmethod 2311 0x0000000003ab2590 code [0x0000000003ab29c0, 0x0000000003ab5ae0]
Event: 10.302 Thread 0x000000001574a800 2381   !   4       com.android.dx.cf.code.BytecodeArray::parseInstruction (2764 bytes)

GC Heap History (10 events):
Event: 5.253 GC heap after
Heap after GC invocations=7 (full 0):
 PSYoungGen      total 295936K, used 33762K [0x00000000eab00000, 0x0000000100000000, 0x0000000100000000)
  eden space 262144K, 0% used [0x00000000eab00000,0x00000000eab00000,0x00000000fab00000)
  from space 33792K, 99% used [0x00000000fab00000,0x00000000fcbf8b88,0x00000000fcc00000)
  to   space 51712K, 0% used [0x00000000fcd80000,0x00000000fcd80000,0x0000000100000000)
 ParOldGen       total 87552K, used 62381K [0x00000000c0000000, 0x00000000c5580000, 0x00000000eab00000)
  object space 87552K, 71% used [0x00000000c0000000,0x00000000c3ceb640,0x00000000c5580000)
 Metaspace       used 6520K, capacity 7320K, committed 7680K, reserved 1056768K
  class space    used 615K, capacity 656K, committed 768K, reserved 1048576K
}
Event: 5.253 GC heap before
{Heap before GC invocations=8 (full 1):
 PSYoungGen      total 295936K, used 33762K [0x00000000eab00000, 0x0000000100000000, 0x0000000100000000)
  eden space 262144K, 0% used [0x00000000eab00000,0x00000000eab00000,0x00000000fab00000)
  from space 33792K, 99% used [0x00000000fab00000,0x00000000fcbf8b88,0x00000000fcc00000)
  to   space 51712K, 0% used [0x00000000fcd80000,0x00000000fcd80000,0x0000000100000000)
 ParOldGen       total 87552K, used 62381K [0x00000000c0000000, 0x00000000c5580000, 0x00000000eab00000)
  object space 87552K, 71% used [0x00000000c0000000,0x00000000c3ceb640,0x00000000c5580000)
 Metaspace       used 6520K, capacity 7320K, committed 7680K, reserved 1056768K
  class space    used 615K, capacity 656K, committed 768K, reserved 1048576K
Event: 6.234 GC heap after
Heap after GC invocations=8 (full 1):
 PSYoungGen      total 295936K, used 4052K [0x00000000eab00000, 0x0000000100000000, 0x0000000100000000)
  eden space 262144K, 0% used [0x00000000eab00000,0x00000000eab00000,0x00000000fab00000)
  from space 33792K, 11% used [0x00000000fab00000,0x00000000faef53c8,0x00000000fcc00000)
  to   space 51712K, 0% used [0x00000000fcd80000,0x00000000fcd80000,0x0000000100000000)
 ParOldGen       total 172544K, used 87383K [0x00000000c0000000, 0x00000000ca880000, 0x00000000eab00000)
  object space 172544K, 50% used [0x00000000c0000000,0x00000000c5555f08,0x00000000ca880000)
 Metaspace       used 6520K, capacity 7320K, committed 7680K, reserved 1056768K
  class space    used 615K, capacity 656K, committed 768K, reserved 1048576K
}
Event: 7.628 GC heap before
{Heap before GC invocations=9 (full 1):
 PSYoungGen      total 295936K, used 266196K [0x00000000eab00000, 0x0000000100000000, 0x0000000100000000)
  eden space 262144K, 100% used [0x00000000eab00000,0x00000000fab00000,0x00000000fab00000)
  from space 33792K, 11% used [0x00000000fab00000,0x00000000faef53c8,0x00000000fcc00000)
  to   space 51712K, 0% used [0x00000000fcd80000,0x00000000fcd80000,0x0000000100000000)
 ParOldGen       total 172544K, used 87383K [0x00000000c0000000, 0x00000000ca880000, 0x00000000eab00000)
  object space 172544K, 50% used [0x00000000c0000000,0x00000000c5555f08,0x00000000ca880000)
 Metaspace       used 6537K, capacity 7320K, committed 7680K, reserved 1056768K
  class space    used 615K, capacity 656K, committed 768K, reserved 1048576K
Event: 7.732 GC heap after
Heap after GC invocations=9 (full 1):
 PSYoungGen      total 284160K, used 43660K [0x00000000eab00000, 0x0000000100000000, 0x0000000100000000)
  eden space 232448K, 0% used [0x00000000eab00000,0x00000000eab00000,0x00000000f8e00000)
  from space 51712K, 84% used [0x00000000fcd80000,0x00000000ff8231f0,0x0000000100000000)
  to   space 58368K, 0% used [0x00000000f8e00000,0x00000000f8e00000,0x00000000fc700000)
 ParOldGen       total 172544K, used 87383K [0x00000000c0000000, 0x00000000ca880000, 0x00000000eab00000)
  object space 172544K, 50% used [0x00000000c0000000,0x00000000c5555f08,0x00000000ca880000)
 Metaspace       used 6537K, capacity 7320K, committed 7680K, reserved 1056768K
  class space    used 615K, capacity 656K, committed 768K, reserved 1048576K
}
Event: 8.968 GC heap before
{Heap before GC invocations=10 (full 1):
 PSYoungGen      total 284160K, used 276108K [0x00000000eab00000, 0x0000000100000000, 0x0000000100000000)
  eden space 232448K, 100% used [0x00000000eab00000,0x00000000f8e00000,0x00000000f8e00000)
  from space 51712K, 84% used [0x00000000fcd80000,0x00000000ff8231f0,0x0000000100000000)
  to   space 58368K, 0% used [0x00000000f8e00000,0x00000000f8e00000,0x00000000fc700000)
 ParOldGen       total 172544K, used 87383K [0x00000000c0000000, 0x00000000ca880000, 0x00000000eab00000)
  object space 172544K, 50% used [0x00000000c0000000,0x00000000c5555f08,0x00000000ca880000)
 Metaspace       used 6556K, capacity 7320K, committed 7680K, reserved 1056768K
  class space    used 615K, capacity 656K, committed 768K, reserved 1048576K
Event: 9.168 GC heap after
Heap after GC invocations=10 (full 1):
 PSYoungGen      total 290816K, used 58357K [0x00000000eab00000, 0x0000000100000000, 0x0000000100000000)
  eden space 232448K, 0% used [0x00000000eab00000,0x00000000eab00000,0x00000000f8e00000)
  from space 58368K, 99% used [0x00000000f8e00000,0x00000000fc6fd5a0,0x00000000fc700000)
  to   space 58368K, 0% used [0x00000000fc700000,0x00000000fc700000,0x0000000100000000)
 ParOldGen       total 172544K, used 108116K [0x00000000c0000000, 0x00000000ca880000, 0x00000000eab00000)
  object space 172544K, 62% used [0x00000000c0000000,0x00000000c6995230,0x00000000ca880000)
 Metaspace       used 6556K, capacity 7320K, committed 7680K, reserved 1056768K
  class space    used 615K, capacity 656K, committed 768K, reserved 1048576K
}
Event: 10.338 GC heap before
{Heap before GC invocations=11 (full 1):
 PSYoungGen      total 290816K, used 290805K [0x00000000eab00000, 0x0000000100000000, 0x0000000100000000)
  eden space 232448K, 100% used [0x00000000eab00000,0x00000000f8e00000,0x00000000f8e00000)
  from space 58368K, 99% used [0x00000000f8e00000,0x00000000fc6fd5a0,0x00000000fc700000)
  to   space 58368K, 0% used [0x00000000fc700000,0x00000000fc700000,0x0000000100000000)
 ParOldGen       total 172544K, used 108116K [0x00000000c0000000, 0x00000000ca880000, 0x00000000eab00000)
  object space 172544K, 62% used [0x00000000c0000000,0x00000000c6995230,0x00000000ca880000)
 Metaspace       used 6563K, capacity 7320K, committed 7680K, reserved 1056768K
  class space    used 615K, capacity 656K, committed 768K, reserved 1048576K
Event: 10.517 GC heap after
Heap after GC invocations=11 (full 1):
 PSYoungGen      total 216064K, used 58347K [0x00000000eab00000, 0x0000000100000000, 0x0000000100000000)
  eden space 157696K, 0% used [0x00000000eab00000,0x00000000eab00000,0x00000000f4500000)
  from space 58368K, 99% used [0x00000000fc700000,0x00000000ffffac70,0x0000000100000000)
  to   space 95744K, 0% used [0x00000000f4500000,0x00000000f4500000,0x00000000fa280000)
 ParOldGen       total 172544K, used 142730K [0x00000000c0000000, 0x00000000ca880000, 0x00000000eab00000)
  object space 172544K, 82% used [0x00000000c0000000,0x00000000c8b62908,0x00000000ca880000)
 Metaspace       used 6563K, capacity 7320K, committed 7680K, reserved 1056768K
  class space    used 615K, capacity 656K, committed 768K, reserved 1048576K
}
Event: 10.518 GC heap before
{Heap before GC invocations=12 (full 2):
 PSYoungGen      total 216064K, used 58347K [0x00000000eab00000, 0x0000000100000000, 0x0000000100000000)
  eden space 157696K, 0% used [0x00000000eab00000,0x00000000eab00000,0x00000000f4500000)
  from space 58368K, 99% used [0x00000000fc700000,0x00000000ffffac70,0x0000000100000000)
  to   space 95744K, 0% used [0x00000000f4500000,0x00000000f4500000,0x00000000fa280000)
 ParOldGen       total 172544K, used 142730K [0x00000000c0000000, 0x00000000ca880000, 0x00000000eab00000)
  object space 172544K, 82% used [0x00000000c0000000,0x00000000c8b62908,0x00000000ca880000)
 Metaspace       used 6563K, capacity 7320K, committed 7680K, reserved 1056768K
  class space    used 615K, capacity 656K, committed 768K, reserved 1048576K

Deoptimization events (10 events):
Event: 7.025 Thread 0x0000000017db1800 Uncommon trap: reason=class_check action=maybe_recompile pc=0x000000000397170c method=com.android.dx.cf.code.BytecodeArray.parseInstruction(ILcom/android/dx/cf/code/BytecodeArray$Visitor;)I @ 2062
Event: 7.042 Thread 0x0000000017db1800 Uncommon trap: reason=class_check action=maybe_recompile pc=0x000000000397170c method=com.android.dx.cf.code.BytecodeArray.parseInstruction(ILcom/android/dx/cf/code/BytecodeArray$Visitor;)I @ 2062
Event: 7.398 Thread 0x0000000017db1800 Uncommon trap: reason=bimorphic action=maybe_recompile pc=0x00000000038d4b48 method=com.android.dx.rop.code.RegisterSpec.getFrameType()Lcom/android/dx/rop/type/TypeBearer; @ 4
Event: 7.783 Thread 0x0000000017ce3800 Uncommon trap: reason=bimorphic action=maybe_recompile pc=0x00000000038d4b48 method=com.android.dx.rop.code.RegisterSpec.getFrameType()Lcom/android/dx/rop/type/TypeBearer; @ 4
Event: 8.155 Thread 0x0000000017df0800 Uncommon trap: reason=bimorphic action=maybe_recompile pc=0x0000000003a065fc method=com.android.dx.cf.code.BytecodeArray.parseInstruction(ILcom/android/dx/cf/code/BytecodeArray$Visitor;)I @ 1357
Event: 8.156 Thread 0x0000000017df0800 Uncommon trap: reason=bimorphic action=maybe_recompile pc=0x0000000003a065fc method=com.android.dx.cf.code.BytecodeArray.parseInstruction(ILcom/android/dx/cf/code/BytecodeArray$Visitor;)I @ 1357
Event: 9.253 Thread 0x0000000017db1800 Uncommon trap: reason=bimorphic action=maybe_recompile pc=0x0000000003a522cc method=com.android.dx.cf.code.BytecodeArray.parseInstruction(ILcom/android/dx/cf/code/BytecodeArray$Visitor;)I @ 2281
Event: 9.253 Thread 0x0000000017db1800 Uncommon trap: reason=bimorphic action=maybe_recompile pc=0x0000000003a522cc method=com.android.dx.cf.code.BytecodeArray.parseInstruction(ILcom/android/dx/cf/code/BytecodeArray$Visitor;)I @ 2281
Event: 10.225 Thread 0x0000000017db1800 Uncommon trap: reason=bimorphic action=maybe_recompile pc=0x0000000003a834f8 method=com.android.dx.cf.code.BytecodeArray.parseInstruction(ILcom/android/dx/cf/code/BytecodeArray$Visitor;)I @ 1597
Event: 10.225 Thread 0x0000000017db1800 Uncommon trap: reason=bimorphic action=maybe_recompile pc=0x0000000003a834f8 method=com.android.dx.cf.code.BytecodeArray.parseInstruction(ILcom/android/dx/cf/code/BytecodeArray$Visitor;)I @ 1597

Internal exceptions (10 events):
Event: 0.873 Thread 0x0000000017db1800 Implicit null exception at 0x00000000033c9ca2 to 0x00000000033c9d92
Event: 0.980 Thread 0x0000000017ce3800 Implicit null exception at 0x000000000348ec48 to 0x0000000003490041
Event: 1.016 Thread 0x00000000016ed800 Exception <a 'java/security/PrivilegedActionException'> (0x00000000eb6ac328) thrown at [D:\re\workspace\8-2-build-windows-amd64-cygwin\jdk8u20\1074\hotspot\src\share\vm\prims\jvm.cpp, line 1275]
Event: 1.691 Thread 0x0000000017ba3000 Implicit null exception at 0x000000000358b690 to 0x000000000358b801
Event: 1.744 Thread 0x00000000016ed800 Exception <a 'java/security/PrivilegedActionException'> (0x00000000eac82c88) thrown at [D:\re\workspace\8-2-build-windows-amd64-cygwin\jdk8u20\1074\hotspot\src\share\vm\prims\jvm.cpp, line 1275]
Event: 1.836 Thread 0x0000000017db1800 Exception <a 'java/lang/ArrayIndexOutOfBoundsException': 18> (0x00000000ec0c3350) thrown at [D:\re\workspace\8-2-build-windows-amd64-cygwin\jdk8u20\1074\hotspot\src\share\vm\interpreter\interpreterRuntime.cpp, line 366]
Event: 1.845 Thread 0x0000000017db1800 Exception <a 'java/lang/ArrayIndexOutOfBoundsException': 145> (0x00000000ec0c4de8) thrown at [D:\re\workspace\8-2-build-windows-amd64-cygwin\jdk8u20\1074\hotspot\src\share\vm\interpreter\interpreterRuntime.cpp, line 366]
Event: 1.846 Thread 0x0000000017db1800 Exception <a 'java/lang/ArrayIndexOutOfBoundsException'> (0x00000000ec0c6000) thrown at [D:\re\workspace\8-2-build-windows-amd64-cygwin\jdk8u20\1074\hotspot\src\share\vm\runtime\sharedRuntime.cpp, line 604]
Event: 2.327 Thread 0x00000000016ed800 Exception <a 'java/security/PrivilegedActionException'> (0x00000000ec791370) thrown at [D:\re\workspace\8-2-build-windows-amd64-cygwin\jdk8u20\1074\hotspot\src\share\vm\prims\jvm.cpp, line 1275]
Event: 4.835 Thread 0x00000000016ed800 Exception <a 'java/security/PrivilegedActionException'> (0x00000000f4ec79b8) thrown at [D:\re\workspace\8-2-build-windows-amd64-cygwin\jdk8u20\1074\hotspot\src\share\vm\prims\jvm.cpp, line 1275]

Events (10 events):
Event: 10.225 Thread 0x0000000017db1800 DEOPT PACKING pc=0x0000000003a834f8 sp=0x000000001928e900
Event: 10.225 Thread 0x0000000017db1800 DEOPT UNPACKING pc=0x00000000030c556a sp=0x000000001928e898 mode 2
Event: 10.225 Thread 0x0000000017db1800 Uncommon trap: trap_request=0xffffffc6 fr.pc=0x0000000003a834f8
Event: 10.225 Thread 0x0000000017db1800 DEOPT PACKING pc=0x0000000003a834f8 sp=0x000000001928e900
Event: 10.225 Thread 0x0000000017db1800 DEOPT UNPACKING pc=0x00000000030c556a sp=0x000000001928e898 mode 2
Event: 10.288 Thread 0x00000000016ed800 DEOPT PACKING pc=0x00000000034315f5 sp=0x0000000002f7e1a0
Event: 10.288 Thread 0x00000000016ed800 DEOPT UNPACKING pc=0x00000000030c75bf sp=0x0000000002f7df08 mode 0
Event: 10.331 Thread 0x0000000017db1800 DEOPT PACKING pc=0x00000000034315f5 sp=0x000000001928e900
Event: 10.331 Thread 0x0000000017db1800 DEOPT UNPACKING pc=0x00000000030c75bf sp=0x000000001928e668 mode 0
Event: 10.337 Executing VM operation: ParallelGCFailedAllocation


Dynamic libraries:
0x00007ff666c40000 - 0x00007ff666c74000 	C:\Program Files\Java\jdk1.8.0_20\bin\java.exe
0x00007ff8604a0000 - 0x00007ff860661000 	C:\WINDOWS\SYSTEM32\ntdll.dll
0x00007ff85e790000 - 0x00007ff85e83d000 	C:\WINDOWS\system32\KERNEL32.DLL
0x00007ff85ce80000 - 0x00007ff85d068000 	C:\WINDOWS\system32\KERNELBASE.dll
0x00007ff85ee90000 - 0x00007ff85ef37000 	C:\WINDOWS\system32\ADVAPI32.dll
0x00007ff85e170000 - 0x00007ff85e20d000 	C:\WINDOWS\system32\msvcrt.dll
0x00007ff85e320000 - 0x00007ff85e37b000 	C:\WINDOWS\system32\sechost.dll
0x00007ff85e380000 - 0x00007ff85e49c000 	C:\WINDOWS\system32\RPCRT4.dll
0x00007ff85dda0000 - 0x00007ff85def6000 	C:\WINDOWS\system32\USER32.dll
0x00007ff85db00000 - 0x00007ff85dc86000 	C:\WINDOWS\system32\GDI32.dll
0x00007ff8532f0000 - 0x00007ff853564000 	C:\WINDOWS\WinSxS\amd64_microsoft.windows.common-controls_6595b64144ccf1df_6.0.10586.589_none_a2ddb3caa539acce\COMCTL32.dll
0x00007ff85d880000 - 0x00007ff85dafd000 	C:\WINDOWS\system32\combase.dll
0x00007ff85d810000 - 0x00007ff85d87a000 	C:\WINDOWS\system32\bcryptPrimitives.dll
0x00007ff85e210000 - 0x00007ff85e24b000 	C:\WINDOWS\system32\IMM32.DLL
0x0000000074570000 - 0x0000000074642000 	C:\Program Files\Java\jdk1.8.0_20\jre\bin\msvcr100.dll
0x0000000073d10000 - 0x0000000074568000 	C:\Program Files\Java\jdk1.8.0_20\jre\bin\server\jvm.dll
0x00007ff85df00000 - 0x00007ff85df08000 	C:\WINDOWS\system32\PSAPI.DLL
0x00007ff850930000 - 0x00007ff850939000 	C:\WINDOWS\SYSTEM32\WSOCK32.dll
0x00007ff85b1a0000 - 0x00007ff85b1c3000 	C:\WINDOWS\SYSTEM32\WINMM.dll
0x00007ff85e660000 - 0x00007ff85e6cb000 	C:\WINDOWS\system32\WS2_32.dll
0x0000000001700000 - 0x000000000172c000 	C:\WINDOWS\SYSTEM32\WINMMBASE.dll
0x00007ff85cb30000 - 0x00007ff85cb73000 	C:\WINDOWS\system32\cfgmgr32.dll
0x0000000073d00000 - 0x0000000073d0f000 	C:\Program Files\Java\jdk1.8.0_20\jre\bin\verify.dll
0x0000000073cd0000 - 0x0000000073cf8000 	C:\Program Files\Java\jdk1.8.0_20\jre\bin\java.dll
0x0000000073cb0000 - 0x0000000073cc6000 	C:\Program Files\Java\jdk1.8.0_20\jre\bin\zip.dll
0x00007ff85ef40000 - 0x00007ff86049c000 	C:\WINDOWS\system32\SHELL32.dll
0x00007ff85d1c0000 - 0x00007ff85d805000 	C:\WINDOWS\system32\windows.storage.dll
0x00007ff85e730000 - 0x00007ff85e782000 	C:\WINDOWS\system32\shlwapi.dll
0x00007ff85caa0000 - 0x00007ff85caaf000 	C:\WINDOWS\system32\kernel.appcore.dll
0x00007ff85d100000 - 0x00007ff85d1b5000 	C:\WINDOWS\system32\shcore.dll
0x00007ff85cab0000 - 0x00007ff85cafb000 	C:\WINDOWS\system32\powrprof.dll
0x00007ff85cb00000 - 0x00007ff85cb14000 	C:\WINDOWS\system32\profapi.dll
0x00007ff851850000 - 0x00007ff8519dc000 	C:\WINDOWS\SYSTEM32\dbghelp.dll

VM Arguments:
jvm_args: -Djava.awt.headless=true -Xmx1024M -Dfile.encoding=windows-1252 -Duser.country=US -Duser.language=en -Duser.variant 
java_command: com.android.dx.command.Main --dex --num-threads=4 --multi-dex --main-dex-list C:\Users\admin\Documents\GitHub\ShaneelSD\SoftwareDesign\FindMeTutor\FindMeTutor\tutor_app\build\intermediates\multi-dex\debug\maindexlist.txt --output C:\Users\admin\Documents\GitHub\ShaneelSD\SoftwareDesign\FindMeTutor\FindMeTutor\tutor_app\build\intermediates\transforms\dex\debug\folders\1000\1f\main C:\Users\admin\Documents\GitHub\ShaneelSD\SoftwareDesign\FindMeTutor\FindMeTutor\tutor_app\build\intermediates\transforms\jarMerging\debug\jars\1\1f\combined.jar
java_class_path (initial): C:\Users\admin\AppData\Local\Android\sdk\build-tools\24.0.1\lib\dx.jar
Launcher Type: SUN_STANDARD

Environment Variables:
PATH=C:\ProgramData\Oracle\Java\javapath;C:\Program Files (x86)\Intel\iCLS Client\;C:\Program Files\Intel\iCLS Client\;C:\WINDOWS\system32;C:\WINDOWS;C:\WINDOWS\System32\Wbem;C:\WINDOWS\System32\WindowsPowerShell\v1.0\;C:\Program Files\Intel\Intel(R) Management Engine Components\DAL;C:\Program Files\Intel\Intel(R) Management Engine Components\IPT;C:\Program Files (x86)\Intel\Intel(R) Management Engine Components\DAL;C:\Program Files (x86)\Intel\Intel(R) Management Engine Components\IPT;C:\Program Files\WIDCOMM\Bluetooth Software\;C:\Program Files\WIDCOMM\Bluetooth Software\syswow64;C:\Program Files (x86)\Intel\OpenCL SDK\2.0\bin\x86;C:\Program Files (x86)\Intel\OpenCL SDK\2.0\bin\x64;C:\Program Files\Intel\WiFi\bin\;C:\Program Files\Common Files\Intel\WirelessCommon\;c:\Program Files (x86)\Microsoft SQL Server\100\Tools\Binn\;c:\Program Files\Microsoft SQL Server\100\Tools\Binn\;c:\Program Files\Microsoft SQL Server\100\DTS\Binn\;C:\Program Files (x86)\MySQL\MySQL Fabric 1.5.4 & MySQL Utilities 1.5.4 1.5\;C:\Program Files (x86)\MySQL\MySQL Fabric 1.5.4 & MySQL Utilities 1.5.4 1.5\Doctrine extensions for PHP\;C:\Program Files (x86)\Borland\Delphi7\Bin;C:\Program Files (x86)\Borland\Delphi7\Projects\Bpl;C:\Program Files (x86)\Borland\Delphi7\Rave5;C:\Program Files\Git\cmd;C:\Program Files (x86)\OpenVPN\bin;C:\Program Files\Intel\WiFi\bin\;C:\Program Files\Common Files\Intel\WirelessCommon\
USERNAME=admin
OS=Windows_NT
PROCESSOR_IDENTIFIER=Intel64 Family 6 Model 58 Stepping 9, GenuineIntel



---------------  S Y S T E M  ---------------

OS: Windows 8.1 , 64 bit Build 9600 

CPU:total 4 (2 cores per cpu, 2 threads per core) family 6 model 58 stepping 9, cmov, cx8, fxsr, mmx, sse, sse2, sse3, ssse3, sse4.1, sse4.2, popcnt, avx, aes, clmul, erms, ht, tsc, tscinvbit, tscinv

Memory: 4k page, physical 8258576k(1350024k free), swap 10306576k(50796k free)

vm_info: Java HotSpot(TM) 64-Bit Server VM (25.20-b23) for windows-amd64 JRE (1.8.0_20-b26), built on Jul 30 2014 13:51:23 by "java_re" with MS VC++ 10.0 (VS2010)

time: Wed Oct 26 12:06:30 2016
elapsed time: 13 seconds (0d 0h 0m 13s)

