#
# There is insufficient memory for the Java Runtime Environment to continue.
# Native memory allocation (malloc) failed to allocate 419568 bytes for Chunk::new
# Possible reasons:
#   The system is out of physical RAM or swap space
#   In 32 bit mode, the process size limit was hit
# Possible solutions:
#   Reduce memory load on the system
#   Increase physical memory or swap space
#   Check if swap backing store is full
#   Use 64 bit Java on a 64 bit OS
#   Decrease Java heap size (-Xmx/-Xms)
#   Decrease number of Java threads
#   Decrease Java thread stack sizes (-Xss)
#   Set larger code cache with -XX:ReservedCodeCacheSize=
# This output file may be truncated or incomplete.
#
#  Out of Memory Error (allocation.cpp:390), pid=6380, tid=12836
#
# JRE version: Java(TM) SE Runtime Environment (8.0_20-b26) (build 1.8.0_20-b26)
# Java VM: Java HotSpot(TM) 64-Bit Server VM (25.20-b23 mixed mode windows-amd64 compressed oops)
# Failed to write core dump. Minidumps are not enabled by default on client versions of Windows
#

---------------  T H R E A D  ---------------

Current thread (0x0000000014f6d800):  JavaThread "C2 CompilerThread0" daemon [_thread_in_native, id=12836, stack(0x00000000164d0000,0x00000000165d0000)]

Stack: [0x00000000164d0000,0x00000000165d0000]
Native frames: (J=compiled Java code, j=interpreted, Vv=VM code, C=native code)
V  [jvm.dll+0x3152fa]
V  [jvm.dll+0x265d03]
V  [jvm.dll+0x266943]
V  [jvm.dll+0x25e265]
V  [jvm.dll+0xbe255]
V  [jvm.dll+0xbe6fc]
V  [jvm.dll+0x477e87]
V  [jvm.dll+0x444e64]
V  [jvm.dll+0x4500de]
V  [jvm.dll+0x4526c8]
V  [jvm.dll+0x435fc2]
V  [jvm.dll+0x97b62]
V  [jvm.dll+0x98353]
V  [jvm.dll+0x22aac4]
V  [jvm.dll+0x283f5a]
C  [msvcr100.dll+0x21d9f]
C  [msvcr100.dll+0x21e3b]
C  [KERNEL32.DLL+0x18102]
C  [ntdll.dll+0x5c5b4]


Current CompileTask:
C2:   2769 1360       4       com.android.dx.dex.code.OutputFinisher::addConstants (93 bytes)


---------------  P R O C E S S  ---------------

Java Threads: ( => current thread )
  0x0000000016a05000 JavaThread "pool-1-thread-1" [_thread_in_vm, id=14820, stack(0x0000000017ad0000,0x0000000017bd0000)]
  0x00000000167dc800 JavaThread "Service Thread" daemon [_thread_blocked, id=8680, stack(0x0000000016bd0000,0x0000000016cd0000)]
  0x0000000014fbc000 JavaThread "C1 CompilerThread2" daemon [_thread_blocked, id=12676, stack(0x00000000166d0000,0x00000000167d0000)]
  0x0000000014fa6000 JavaThread "C2 CompilerThread1" daemon [_thread_blocked, id=14564, stack(0x00000000165d0000,0x00000000166d0000)]
=>0x0000000014f6d800 JavaThread "C2 CompilerThread0" daemon [_thread_in_native, id=12836, stack(0x00000000164d0000,0x00000000165d0000)]
  0x0000000014f6b800 JavaThread "Attach Listener" daemon [_thread_blocked, id=11156, stack(0x00000000163d0000,0x00000000164d0000)]
  0x0000000014f6a000 JavaThread "Signal Dispatcher" daemon [_thread_blocked, id=13428, stack(0x00000000162d0000,0x00000000163d0000)]
  0x000000000286f000 JavaThread "Finalizer" daemon [_thread_blocked, id=12564, stack(0x00000000161d0000,0x00000000162d0000)]
  0x0000000014f38000 JavaThread "Reference Handler" daemon [_thread_blocked, id=7416, stack(0x00000000160d0000,0x00000000161d0000)]
  0x000000000263d800 JavaThread "main" [_thread_blocked, id=10000, stack(0x0000000002530000,0x0000000002630000)]

Other Threads:
  0x0000000014f36000 VMThread [stack: 0x0000000015fd0000,0x00000000160d0000] [id=300]
  0x00000000167df000 WatcherThread [stack: 0x0000000016cd0000,0x0000000016dd0000] [id=9816]

VM state:not at safepoint (normal execution)

VM Mutex/Monitor currently owned by a thread: None

Heap:
 PSYoungGen      total 38400K, used 31361K [0x00000000eab00000, 0x00000000ed580000, 0x0000000100000000)
  eden space 33280K, 94% used [0x00000000eab00000,0x00000000ec9a0708,0x00000000ecb80000)
  from space 5120K, 0% used [0x00000000ed080000,0x00000000ed080000,0x00000000ed580000)
  to   space 5120K, 0% used [0x00000000ecb80000,0x00000000ecb80000,0x00000000ed080000)
 ParOldGen       total 87552K, used 0K [0x00000000c0000000, 0x00000000c5580000, 0x00000000eab00000)
  object space 87552K, 0% used [0x00000000c0000000,0x00000000c0000000,0x00000000c5580000)
 Metaspace       used 6095K, capacity 7024K, committed 7296K, reserved 1056768K
  class space    used 595K, capacity 616K, committed 640K, reserved 1048576K

Card table byte_map: [0x0000000011c40000,0x0000000011e50000] byte_map_base: 0x0000000011640000

Marking Bits: (ParMarkBitMap*) 0x000000006451b460
 Begin Bits: [0x00000000123b0000, 0x00000000133b0000)
 End Bits:   [0x00000000133b0000, 0x00000000143b0000)

Polling page: 0x0000000000c00000

CodeCache: size=245760Kb used=5454Kb max_used=5466Kb free=240305Kb
 bounds [0x0000000002880000, 0x0000000002de0000, 0x0000000011880000]
 total_blobs=1659 nmethods=1394 adapters=179
 compilation: enabled

Compilation events (10 events):
Event: 2.592 Thread 0x0000000014fbc000 1391       3       com.android.dx.dex.file.TypeListItem::hashCode (8 bytes)
Event: 2.592 Thread 0x0000000014fbc000 nmethod 1391 0x0000000002dd1d10 code [0x0000000002dd1e80, 0x0000000002dd2008]
Event: 2.593 Thread 0x0000000014fa6000 1392       4       java.util.TreeMap$PrivateEntryIterator::nextEntry (54 bytes)
Event: 2.595 Thread 0x0000000014fa6000 nmethod 1392 0x0000000002dd1910 code [0x0000000002dd1a60, 0x0000000002dd1b98]
Event: 2.595 Thread 0x0000000014fa6000 1393       4       java.util.TreeMap::successor (66 bytes)
Event: 2.597 Thread 0x0000000014fa6000 nmethod 1393 0x0000000002dda310 code [0x0000000002dda440, 0x0000000002dda4f8]
Event: 2.597 Thread 0x0000000014fa6000 1394       4       java.util.TreeMap::put (247 bytes)
Event: 2.619 Thread 0x0000000014fa6000 nmethod 1394 0x0000000002dd7b10 code [0x0000000002dd7ca0, 0x0000000002dd8608]
Event: 2.619 Thread 0x0000000014fbc000 1395       1       com.android.dx.dex.file.IdItem::getDefiningClass (5 bytes)
Event: 2.619 Thread 0x0000000014fbc000 nmethod 1395 0x0000000002dd7850 code [0x0000000002dd79a0, 0x0000000002dd7ab0]

GC Heap History (0 events):
No events

Deoptimization events (10 events):
Event: 2.485 Thread 0x0000000016a05000 Uncommon trap: reason=class_check action=maybe_recompile pc=0x0000000002d3d800 method=java.util.Arrays.hashCode([Ljava/lang/Object;)I @ 43
Event: 2.504 Thread 0x0000000016a05000 Uncommon trap: reason=bimorphic action=maybe_recompile pc=0x0000000002a8e024 method=java.util.HashMap.getNode(ILjava/lang/Object;)Ljava/util/HashMap$Node; @ 126
Event: 2.504 Thread 0x0000000016a05000 Uncommon trap: reason=bimorphic action=maybe_recompile pc=0x0000000002a8e024 method=java.util.HashMap.getNode(ILjava/lang/Object;)Ljava/util/HashMap$Node; @ 126
Event: 2.504 Thread 0x0000000016a05000 Uncommon trap: reason=bimorphic action=maybe_recompile pc=0x0000000002a8e024 method=java.util.HashMap.getNode(ILjava/lang/Object;)Ljava/util/HashMap$Node; @ 126
Event: 2.504 Thread 0x0000000016a05000 Uncommon trap: reason=bimorphic action=maybe_recompile pc=0x0000000002a8e024 method=java.util.HashMap.getNode(ILjava/lang/Object;)Ljava/util/HashMap$Node; @ 126
Event: 2.504 Thread 0x0000000016a05000 Uncommon trap: reason=bimorphic action=maybe_recompile pc=0x0000000002a92008 method=java.util.HashMap.getNode(ILjava/lang/Object;)Ljava/util/HashMap$Node; @ 126
Event: 2.537 Thread 0x0000000016a05000 Uncommon trap: reason=bimorphic action=maybe_recompile pc=0x0000000002dbafa8 method=java.util.HashMap.putVal(ILjava/lang/Object;Ljava/lang/Object;ZZ)Ljava/lang/Object; @ 203
Event: 2.537 Thread 0x0000000016a05000 Uncommon trap: reason=bimorphic action=maybe_recompile pc=0x0000000002dbafa8 method=java.util.HashMap.putVal(ILjava/lang/Object;Ljava/lang/Object;ZZ)Ljava/lang/Object; @ 203
Event: 2.537 Thread 0x0000000016a05000 Uncommon trap: reason=bimorphic action=maybe_recompile pc=0x0000000002dbafa8 method=java.util.HashMap.putVal(ILjava/lang/Object;Ljava/lang/Object;ZZ)Ljava/lang/Object; @ 203
Event: 2.537 Thread 0x0000000016a05000 Uncommon trap: reason=bimorphic action=maybe_recompile pc=0x0000000002dbafa8 method=java.util.HashMap.putVal(ILjava/lang/Object;Ljava/lang/Object;ZZ)Ljava/lang/Object; @ 203

Internal exceptions (10 events):
Event: 0.748 Thread 0x0000000016a05000 Exception <a 'java/security/PrivilegedActionException'> (0x00000000eb6cecf8) thrown at [D:\re\workspace\8-2-build-windows-amd64-cygwin\jdk8u20\1074\hotspot\src\share\vm\prims\jvm.cpp, line 1275]
Event: 0.770 Thread 0x000000000263d800 Exception <a 'java/security/PrivilegedActionException'> (0x00000000eb2b9be8) thrown at [D:\re\workspace\8-2-build-windows-amd64-cygwin\jdk8u20\1074\hotspot\src\share\vm\prims\jvm.cpp, line 1275]
Event: 0.810 Thread 0x0000000016a06000 Exception <a 'java/security/PrivilegedActionException'> (0x00000000eb547c50) thrown at [D:\re\workspace\8-2-build-windows-amd64-cygwin\jdk8u20\1074\hotspot\src\share\vm\prims\jvm.cpp, line 1275]
Event: 0.816 Thread 0x0000000016a06000 Exception <a 'java/security/PrivilegedActionException'> (0x00000000eb551230) thrown at [D:\re\workspace\8-2-build-windows-amd64-cygwin\jdk8u20\1074\hotspot\src\share\vm\prims\jvm.cpp, line 1275]
Event: 0.821 Thread 0x000000000263d800 Exception <a 'java/security/PrivilegedActionException'> (0x00000000eb862f70) thrown at [D:\re\workspace\8-2-build-windows-amd64-cygwin\jdk8u20\1074\hotspot\src\share\vm\prims\jvm.cpp, line 1275]
Event: 1.225 Thread 0x000000000263d800 Exception <a 'java/security/PrivilegedActionException'> (0x00000000ebd7ee88) thrown at [D:\re\workspace\8-2-build-windows-amd64-cygwin\jdk8u20\1074\hotspot\src\share\vm\prims\jvm.cpp, line 1275]
Event: 1.550 Thread 0x000000001696e800 Exception <a 'java/security/PrivilegedActionException'> (0x00000000ebfeeed8) thrown at [D:\re\workspace\8-2-build-windows-amd64-cygwin\jdk8u20\1074\hotspot\src\share\vm\prims\jvm.cpp, line 1275]
Event: 2.036 Thread 0x000000000263d800 Exception <a 'java/security/PrivilegedActionException'> (0x00000000ec5bb7f0) thrown at [D:\re\workspace\8-2-build-windows-amd64-cygwin\jdk8u20\1074\hotspot\src\share\vm\prims\jvm.cpp, line 1275]
Event: 2.521 Thread 0x0000000016a05000 Exception <a 'java/security/PrivilegedActionException'> (0x00000000ec9114c8) thrown at [D:\re\workspace\8-2-build-windows-amd64-cygwin\jdk8u20\1074\hotspot\src\share\vm\prims\jvm.cpp, line 1275]
Event: 2.563 Thread 0x0000000016a05000 Exception <a 'java/security/PrivilegedActionException'> (0x00000000ec94deb8) thrown at [D:\re\workspace\8-2-build-windows-amd64-cygwin\jdk8u20\1074\hotspot\src\share\vm\prims\jvm.cpp, line 1275]

Events (10 events):
Event: 2.537 Thread 0x0000000016a05000 DEOPT PACKING pc=0x0000000002dbafa8 sp=0x0000000017bce9b0
Event: 2.537 Thread 0x0000000016a05000 DEOPT UNPACKING pc=0x00000000028c556a sp=0x0000000017bce928 mode 2
Event: 2.537 Thread 0x0000000016a05000 Uncommon trap: trap_request=0xffffffc6 fr.pc=0x0000000002dbafa8
Event: 2.537 Thread 0x0000000016a05000 DEOPT PACKING pc=0x0000000002dbafa8 sp=0x0000000017bce8b0
Event: 2.537 Thread 0x0000000016a05000 DEOPT UNPACKING pc=0x00000000028c556a sp=0x0000000017bce828 mode 2
Event: 2.537 Thread 0x0000000016a05000 Uncommon trap: trap_request=0xffffffc6 fr.pc=0x0000000002dbafa8
Event: 2.537 Thread 0x0000000016a05000 DEOPT PACKING pc=0x0000000002dbafa8 sp=0x0000000017bce8b0
Event: 2.537 Thread 0x0000000016a05000 DEOPT UNPACKING pc=0x00000000028c556a sp=0x0000000017bce828 mode 2
Event: 2.563 loading class com/android/dx/dex/file/ProtoIdItem
Event: 2.563 loading class com/android/dx/dex/file/ProtoIdItem done


Dynamic libraries:
0x00007ff79b830000 - 0x00007ff79b864000 	C:\Program Files\Java\jdk1.8.0_20\bin\java.exe
0x00007ffc6b1c0000 - 0x00007ffc6b381000 	C:\WINDOWS\SYSTEM32\ntdll.dll
0x00007ffc68920000 - 0x00007ffc689cd000 	C:\WINDOWS\system32\KERNEL32.DLL
0x00007ffc67a70000 - 0x00007ffc67c58000 	C:\WINDOWS\system32\KERNELBASE.dll
0x00007ffc6b110000 - 0x00007ffc6b1b7000 	C:\WINDOWS\system32\ADVAPI32.dll
0x00007ffc6af30000 - 0x00007ffc6afcd000 	C:\WINDOWS\system32\msvcrt.dll
0x00007ffc6b040000 - 0x00007ffc6b09b000 	C:\WINDOWS\system32\sechost.dll
0x00007ffc689d0000 - 0x00007ffc68aec000 	C:\WINDOWS\system32\RPCRT4.dll
0x00007ffc6ac30000 - 0x00007ffc6ad86000 	C:\WINDOWS\system32\USER32.dll
0x00007ffc6ad90000 - 0x00007ffc6af16000 	C:\WINDOWS\system32\GDI32.dll
0x00007ffc5dcb0000 - 0x00007ffc5df24000 	C:\WINDOWS\WinSxS\amd64_microsoft.windows.common-controls_6595b64144ccf1df_6.0.10586.589_none_a2ddb3caa539acce\COMCTL32.dll
0x00007ffc6a5e0000 - 0x00007ffc6a85d000 	C:\WINDOWS\system32\combase.dll
0x00007ffc67c80000 - 0x00007ffc67cea000 	C:\WINDOWS\system32\bcryptPrimitives.dll
0x00007ffc68770000 - 0x00007ffc687ab000 	C:\WINDOWS\system32\IMM32.DLL
0x00000000645a0000 - 0x0000000064672000 	C:\Program Files\Java\jdk1.8.0_20\jre\bin\msvcr100.dll
0x0000000063d40000 - 0x0000000064598000 	C:\Program Files\Java\jdk1.8.0_20\jre\bin\server\jvm.dll
0x00007ffc6b0a0000 - 0x00007ffc6b0a8000 	C:\WINDOWS\system32\PSAPI.DLL
0x00007ffc5c500000 - 0x00007ffc5c509000 	C:\WINDOWS\SYSTEM32\WSOCK32.dll
0x00007ffc68700000 - 0x00007ffc6876b000 	C:\WINDOWS\system32\WS2_32.dll
0x00007ffc65ad0000 - 0x00007ffc65af3000 	C:\WINDOWS\SYSTEM32\WINMM.dll
0x00007ffc65aa0000 - 0x00007ffc65acc000 	C:\WINDOWS\SYSTEM32\WINMMBASE.dll
0x00007ffc679c0000 - 0x00007ffc67a03000 	C:\WINDOWS\system32\cfgmgr32.dll
0x0000000063d30000 - 0x0000000063d3f000 	C:\Program Files\Java\jdk1.8.0_20\jre\bin\verify.dll
0x0000000063d00000 - 0x0000000063d28000 	C:\Program Files\Java\jdk1.8.0_20\jre\bin\java.dll
0x0000000063ce0000 - 0x0000000063cf6000 	C:\Program Files\Java\jdk1.8.0_20\jre\bin\zip.dll
0x00007ffc68af0000 - 0x00007ffc6a04c000 	C:\WINDOWS\system32\SHELL32.dll
0x00007ffc67f50000 - 0x00007ffc68595000 	C:\WINDOWS\system32\windows.storage.dll
0x00007ffc688c0000 - 0x00007ffc68912000 	C:\WINDOWS\system32\shlwapi.dll
0x00007ffc67830000 - 0x00007ffc6783f000 	C:\WINDOWS\system32\kernel.appcore.dll
0x00007ffc67900000 - 0x00007ffc679b5000 	C:\WINDOWS\system32\shcore.dll
0x00007ffc677c0000 - 0x00007ffc6780b000 	C:\WINDOWS\system32\powrprof.dll
0x00007ffc67810000 - 0x00007ffc67824000 	C:\WINDOWS\system32\profapi.dll
0x00007ffc5c290000 - 0x00007ffc5c41c000 	C:\WINDOWS\SYSTEM32\dbghelp.dll

VM Arguments:
jvm_args: -Djava.awt.headless=true -Xmx1024M -Dfile.encoding=windows-1252 -Duser.country=US -Duser.language=en -Duser.variant 
java_command: com.android.dx.command.Main --dex --force-jumbo --num-threads=4 --multi-dex --output C:\Users\admin\Documents\GitHub\ShaneelSD\SoftwareDesign\FindMeTutor\FindMeTutor\tutor_app\build\intermediates\transforms\dex\debug\folders\1000\10\internal_impl-24.2.1_3a3f8f4d6e0e7d478b900abfbb29b5208c90376a C:\Users\admin\Documents\GitHub\ShaneelSD\SoftwareDesign\FindMeTutor\FindMeTutor\tutor_app\build\intermediates\exploded-aar\com.android.support\support-media-compat\24.2.1\jars\libs\internal_impl-24.2.1.jar
java_class_path (initial): C:\Users\admin\AppData\Local\Android\sdk\build-tools\24.0.1\lib\dx.jar
Launcher Type: SUN_STANDARD

Environment Variables:
PATH=C:\ProgramData\Oracle\Java\javapath;C:\Program Files (x86)\Intel\iCLS Client\;C:\Program Files\Intel\iCLS Client\;C:\WINDOWS\system32;C:\WINDOWS;C:\WINDOWS\System32\Wbem;C:\WINDOWS\System32\WindowsPowerShell\v1.0\;C:\Program Files\Intel\Intel(R) Management Engine Components\DAL;C:\Program Files\Intel\Intel(R) Management Engine Components\IPT;C:\Program Files (x86)\Intel\Intel(R) Management Engine Components\DAL;C:\Program Files (x86)\Intel\Intel(R) Management Engine Components\IPT;C:\Program Files\WIDCOMM\Bluetooth Software\;C:\Program Files\WIDCOMM\Bluetooth Software\syswow64;C:\Program Files (x86)\Intel\OpenCL SDK\2.0\bin\x86;C:\Program Files (x86)\Intel\OpenCL SDK\2.0\bin\x64;C:\Program Files\Intel\WiFi\bin\;C:\Program Files\Common Files\Intel\WirelessCommon\;c:\Program Files (x86)\Microsoft SQL Server\100\Tools\Binn\;c:\Program Files\Microsoft SQL Server\100\Tools\Binn\;c:\Program Files\Microsoft SQL Server\100\DTS\Binn\;C:\Program Files (x86)\MySQL\MySQL Fabric 1.5.4 & MySQL Utilities 1.5.4 1.5\;C:\Program Files (x86)\MySQL\MySQL Fabric 1.5.4 & MySQL Utilities 1.5.4 1.5\Doctrine extensions for PHP\;C:\Program Files (x86)\Borland\Delphi7\Bin;C:\Program Files (x86)\Borland\Delphi7\Projects\Bpl;C:\Program Files (x86)\Borland\Delphi7\Rave5;C:\Program Files\Git\cmd;C:\Program Files (x86)\OpenVPN\bin;C:\Program Files\Intel\WiFi\bin\;C:\Program Files\Common Files\Intel\WirelessCommon\
USERNAME=admin
OS=Windows_NT
PROCESSOR_IDENTIFIER=Intel64 Family 6 Model 58 Stepping 9, GenuineIntel



---------------  S Y S T E M  ---------------

OS: Windows 8.1 , 64 bit Build 9600 

CPU:total 4 (2 cores per cpu, 2 threads per core) family 6 model 58 stepping 9, cmov, cx8, fxsr, mmx, sse, sse2, sse3, ssse3, sse4.1, sse4.2, popcnt, avx, aes, clmul, erms, ht, tsc, tscinvbit, tscinv

Memory: 4k page, physical 8258576k(2308312k free), swap 10306576k(9184k free)

vm_info: Java HotSpot(TM) 64-Bit Server VM (25.20-b23) for windows-amd64 JRE (1.8.0_20-b26), built on Jul 30 2014 13:51:23 by "java_re" with MS VC++ 10.0 (VS2010)

time: Fri Oct 28 12:09:56 2016
elapsed time: 2 seconds (0d 0h 0m 2s)

