#
# There is insufficient memory for the Java Runtime Environment to continue.
# Native memory allocation (malloc) failed to allocate 67108880 bytes for Chunk::new
# Possible reasons:
#   The system is out of physical RAM or swap space
#   In 32 bit mode, the process size limit was hit
# Possible solutions:
#   Reduce memory load on the system
#   Increase physical memory or swap space
#   Check if swap backing store is full
#   Use 64 bit Java on a 64 bit OS
#   Decrease Java heap size (-Xmx/-Xms)
#   Decrease number of Java threads
#   Decrease Java thread stack sizes (-Xss)
#   Set larger code cache with -XX:ReservedCodeCacheSize=
# This output file may be truncated or incomplete.
#
#  Out of Memory Error (allocation.cpp:390), pid=9820, tid=796
#
# JRE version: Java(TM) SE Runtime Environment (8.0_20-b26) (build 1.8.0_20-b26)
# Java VM: Java HotSpot(TM) 64-Bit Server VM (25.20-b23 mixed mode windows-amd64 compressed oops)
# Failed to write core dump. Minidumps are not enabled by default on client versions of Windows
#

---------------  T H R E A D  ---------------

Current thread (0x0000000014e60800):  JavaThread "C2 CompilerThread1" daemon [_thread_in_native, id=796, stack(0x00000000164b0000,0x00000000165b0000)]

Stack: [0x00000000164b0000,0x00000000165b0000]
Native frames: (J=compiled Java code, j=interpreted, Vv=VM code, C=native code)
V  [jvm.dll+0x3152fa]
V  [jvm.dll+0x265d03]
V  [jvm.dll+0x266943]
V  [jvm.dll+0x25e265]
V  [jvm.dll+0xbe255]
V  [jvm.dll+0xbe6fc]
V  [jvm.dll+0xf3878]
V  [jvm.dll+0x45df30]
V  [jvm.dll+0x45e1ea]
V  [jvm.dll+0x45f0cf]
V  [jvm.dll+0x461191]
V  [jvm.dll+0x4635c5]
V  [jvm.dll+0x463f4c]
V  [jvm.dll+0x464293]
V  [jvm.dll+0x451093]
V  [jvm.dll+0x452634]
V  [jvm.dll+0x435fc2]
V  [jvm.dll+0x97b62]
V  [jvm.dll+0x98353]
V  [jvm.dll+0x22aac4]
V  [jvm.dll+0x283f5a]
C  [msvcr100.dll+0x21d9f]
C  [msvcr100.dll+0x21e3b]
C  [KERNEL32.DLL+0x18102]
C  [ntdll.dll+0x5c5b4]


Current CompileTask:
C2:  13087 2149   !   4       com.android.dx.cf.code.Ropper::processBlock (1101 bytes)


---------------  P R O C E S S  ---------------

Java Threads: ( => current thread )
  0x0000000017445800 JavaThread "pool-2-thread-4" [_thread_blocked, id=12748, stack(0x0000000018880000,0x0000000018980000)]
  0x0000000017444800 JavaThread "pool-2-thread-3" [_thread_in_Java, id=9356, stack(0x0000000018780000,0x0000000018880000)]
  0x0000000017588000 JavaThread "pool-2-thread-2" [_thread_in_Java, id=9068, stack(0x0000000018680000,0x0000000018780000)]
  0x00000000174ae800 JavaThread "pool-3-thread-1" [_thread_blocked, id=2200, stack(0x0000000018580000,0x0000000018680000)]
  0x0000000016efd800 JavaThread "pool-2-thread-1" [_thread_in_Java, id=11968, stack(0x0000000018480000,0x0000000018580000)]
  0x00000000166d4800 JavaThread "Service Thread" daemon [_thread_blocked, id=5100, stack(0x0000000016ab0000,0x0000000016bb0000)]
  0x0000000014e67000 JavaThread "C1 CompilerThread2" daemon [_thread_blocked, id=12548, stack(0x00000000165b0000,0x00000000166b0000)]
=>0x0000000014e60800 JavaThread "C2 CompilerThread1" daemon [_thread_in_native, id=796, stack(0x00000000164b0000,0x00000000165b0000)]
  0x0000000014e5e800 JavaThread "C2 CompilerThread0" daemon [_thread_in_native, id=1312, stack(0x00000000163b0000,0x00000000164b0000)]
  0x0000000014e5c800 JavaThread "Attach Listener" daemon [_thread_blocked, id=10752, stack(0x00000000162b0000,0x00000000163b0000)]
  0x0000000014e5b800 JavaThread "Signal Dispatcher" daemon [_thread_blocked, id=11840, stack(0x00000000161b0000,0x00000000162b0000)]
  0x0000000002788000 JavaThread "Finalizer" daemon [_thread_blocked, id=7748, stack(0x00000000160b0000,0x00000000161b0000)]
  0x000000000277f000 JavaThread "Reference Handler" daemon [_thread_blocked, id=9288, stack(0x0000000015fb0000,0x00000000160b0000)]
  0x00000000024cd800 JavaThread "main" [_thread_in_native, id=6336, stack(0x0000000002590000,0x0000000002690000)]

Other Threads:
  0x0000000014e26000 VMThread [stack: 0x0000000015eb0000,0x0000000015fb0000] [id=8156]
  0x00000000166d7000 WatcherThread [stack: 0x0000000016bb0000,0x0000000016cb0000] [id=9832]

VM state:not at safepoint (normal execution)

VM Mutex/Monitor currently owned by a thread: None

Heap:
 PSYoungGen      total 216064K, used 85354K [0x00000000eab00000, 0x0000000100000000, 0x0000000100000000)
  eden space 157696K, 54% used [0x00000000eab00000,0x00000000efe5a9e8,0x00000000f4500000)
  from space 58368K, 0% used [0x00000000fc700000,0x00000000fc700000,0x0000000100000000)
  to   space 95744K, 0% used [0x00000000f4500000,0x00000000f4500000,0x00000000fa280000)
 ParOldGen       total 171520K, used 171456K [0x00000000c0000000, 0x00000000ca780000, 0x00000000eab00000)
  object space 171520K, 99% used [0x00000000c0000000,0x00000000ca7702a0,0x00000000ca780000)
 Metaspace       used 6560K, capacity 7320K, committed 7680K, reserved 1056768K
  class space    used 615K, capacity 656K, committed 768K, reserved 1048576K

Card table byte_map: [0x0000000011b50000,0x0000000011d60000] byte_map_base: 0x0000000011550000

Marking Bits: (ParMarkBitMap*) 0x00000000744eb460
 Begin Bits: [0x00000000122c0000, 0x00000000132c0000)
 End Bits:   [0x00000000132c0000, 0x00000000142c0000)

Polling page: 0x0000000002480000

CodeCache: size=245760Kb used=10591Kb max_used=10591Kb free=235168Kb
 bounds [0x0000000002790000, 0x0000000003200000, 0x0000000011790000]
 total_blobs=2551 nmethods=2285 adapters=179
 compilation: enabled

Compilation events (10 events):
Event: 11.393 Thread 0x0000000014e67000 2416       3       com.android.dx.ssa.back.RegisterAllocator::insertMoveBefore (240 bytes)
Event: 11.397 Thread 0x0000000014e67000 nmethod 2416 0x00000000031d3ad0 code [0x00000000031d3f20, 0x00000000031d6b28]
Event: 11.583 Thread 0x0000000014e5e800 nmethod 2377 0x00000000031df110 code [0x00000000031df8a0, 0x00000000031e43b8]
Event: 11.585 Thread 0x0000000014e5e800 2408   !   4       com.android.dx.cf.code.BytecodeArray::parseInstruction (2764 bytes)
Event: 11.754 Thread 0x0000000014e67000 2421       2       com.android.dx.cf.code.BytecodeArray::parseLookupswitch (175 bytes)
Event: 11.755 Thread 0x0000000014e67000 nmethod 2421 0x000000000319d250 code [0x000000000319d480, 0x000000000319dbe8]
Event: 11.776 Thread 0x0000000014e67000 2422 % !   3       com.android.dx.dex.cf.CfTranslator::processMethods @ 24 (583 bytes)
Event: 11.784 Thread 0x0000000014e67000 nmethod 2422% 0x00000000031ef690 code [0x00000000031efe20, 0x00000000031f5e68]
Event: 13.037 Thread 0x0000000014e67000 2426       1       com.android.dx.rop.cst.CstLiteral32::getLongBits (6 bytes)
Event: 13.037 Thread 0x0000000014e67000 nmethod 2426 0x00000000031a6ed0 code [0x00000000031a7020, 0x00000000031a7130]

GC Heap History (10 events):
Event: 7.490 GC heap before
{Heap before GC invocations=9 (full 1):
 PSYoungGen      total 295424K, used 265666K [0x00000000eab00000, 0x0000000100000000, 0x0000000100000000)
  eden space 261632K, 100% used [0x00000000eab00000,0x00000000faa80000,0x00000000faa80000)
  from space 33792K, 11% used [0x00000000faa80000,0x00000000fae70940,0x00000000fcb80000)
  to   space 52224K, 0% used [0x00000000fcd00000,0x00000000fcd00000,0x0000000100000000)
 ParOldGen       total 171520K, used 87180K [0x00000000c0000000, 0x00000000ca780000, 0x00000000eab00000)
  object space 171520K, 50% used [0x00000000c0000000,0x00000000c5523320,0x00000000ca780000)
 Metaspace       used 6538K, capacity 7320K, committed 7680K, reserved 1056768K
  class space    used 615K, capacity 656K, committed 768K, reserved 1048576K
Event: 7.585 GC heap after
Heap after GC invocations=9 (full 1):
 PSYoungGen      total 284672K, used 43324K [0x00000000eab00000, 0x0000000100000000, 0x0000000100000000)
  eden space 232448K, 0% used [0x00000000eab00000,0x00000000eab00000,0x00000000f8e00000)
  from space 52224K, 82% used [0x00000000fcd00000,0x00000000ff74f1e0,0x0000000100000000)
  to   space 58368K, 0% used [0x00000000f8e00000,0x00000000f8e00000,0x00000000fc700000)
 ParOldGen       total 171520K, used 87180K [0x00000000c0000000, 0x00000000ca780000, 0x00000000eab00000)
  object space 171520K, 50% used [0x00000000c0000000,0x00000000c5523320,0x00000000ca780000)
 Metaspace       used 6538K, capacity 7320K, committed 7680K, reserved 1056768K
  class space    used 615K, capacity 656K, committed 768K, reserved 1048576K
}
Event: 8.689 GC heap before
{Heap before GC invocations=10 (full 1):
 PSYoungGen      total 284672K, used 275772K [0x00000000eab00000, 0x0000000100000000, 0x0000000100000000)
  eden space 232448K, 100% used [0x00000000eab00000,0x00000000f8e00000,0x00000000f8e00000)
  from space 52224K, 82% used [0x00000000fcd00000,0x00000000ff74f1e0,0x0000000100000000)
  to   space 58368K, 0% used [0x00000000f8e00000,0x00000000f8e00000,0x00000000fc700000)
 ParOldGen       total 171520K, used 87180K [0x00000000c0000000, 0x00000000ca780000, 0x00000000eab00000)
  object space 171520K, 50% used [0x00000000c0000000,0x00000000c5523320,0x00000000ca780000)
 Metaspace       used 6547K, capacity 7320K, committed 7680K, reserved 1056768K
  class space    used 615K, capacity 656K, committed 768K, reserved 1048576K
Event: 8.797 GC heap after
Heap after GC invocations=10 (full 1):
 PSYoungGen      total 290816K, used 58360K [0x00000000eab00000, 0x0000000100000000, 0x0000000100000000)
  eden space 232448K, 0% used [0x00000000eab00000,0x00000000eab00000,0x00000000f8e00000)
  from space 58368K, 99% used [0x00000000f8e00000,0x00000000fc6fe270,0x00000000fc700000)
  to   space 58368K, 0% used [0x00000000fc700000,0x00000000fc700000,0x0000000100000000)
 ParOldGen       total 171520K, used 107614K [0x00000000c0000000, 0x00000000ca780000, 0x00000000eab00000)
  object space 171520K, 62% used [0x00000000c0000000,0x00000000c6917bc0,0x00000000ca780000)
 Metaspace       used 6547K, capacity 7320K, committed 7680K, reserved 1056768K
  class space    used 615K, capacity 656K, committed 768K, reserved 1048576K
}
Event: 9.812 GC heap before
{Heap before GC invocations=11 (full 1):
 PSYoungGen      total 290816K, used 290808K [0x00000000eab00000, 0x0000000100000000, 0x0000000100000000)
  eden space 232448K, 100% used [0x00000000eab00000,0x00000000f8e00000,0x00000000f8e00000)
  from space 58368K, 99% used [0x00000000f8e00000,0x00000000fc6fe270,0x00000000fc700000)
  to   space 58368K, 0% used [0x00000000fc700000,0x00000000fc700000,0x0000000100000000)
 ParOldGen       total 171520K, used 107614K [0x00000000c0000000, 0x00000000ca780000, 0x00000000eab00000)
  object space 171520K, 62% used [0x00000000c0000000,0x00000000c6917bc0,0x00000000ca780000)
 Metaspace       used 6560K, capacity 7320K, committed 7680K, reserved 1056768K
  class space    used 615K, capacity 656K, committed 768K, reserved 1048576K
Event: 9.970 GC heap after
Heap after GC invocations=11 (full 1):
 PSYoungGen      total 216064K, used 58337K [0x00000000eab00000, 0x0000000100000000, 0x0000000100000000)
  eden space 157696K, 0% used [0x00000000eab00000,0x00000000eab00000,0x00000000f4500000)
  from space 58368K, 99% used [0x00000000fc700000,0x00000000ffff84b8,0x0000000100000000)
  to   space 95744K, 0% used [0x00000000f4500000,0x00000000f4500000,0x00000000fa280000)
 ParOldGen       total 171520K, used 141641K [0x00000000c0000000, 0x00000000ca780000, 0x00000000eab00000)
  object space 171520K, 82% used [0x00000000c0000000,0x00000000c8a524d8,0x00000000ca780000)
 Metaspace       used 6560K, capacity 7320K, committed 7680K, reserved 1056768K
  class space    used 615K, capacity 656K, committed 768K, reserved 1048576K
}
Event: 9.970 GC heap before
{Heap before GC invocations=12 (full 2):
 PSYoungGen      total 216064K, used 58337K [0x00000000eab00000, 0x0000000100000000, 0x0000000100000000)
  eden space 157696K, 0% used [0x00000000eab00000,0x00000000eab00000,0x00000000f4500000)
  from space 58368K, 99% used [0x00000000fc700000,0x00000000ffff84b8,0x0000000100000000)
  to   space 95744K, 0% used [0x00000000f4500000,0x00000000f4500000,0x00000000fa280000)
 ParOldGen       total 171520K, used 141641K [0x00000000c0000000, 0x00000000ca780000, 0x00000000eab00000)
  object space 171520K, 82% used [0x00000000c0000000,0x00000000c8a524d8,0x00000000ca780000)
 Metaspace       used 6560K, capacity 7320K, committed 7680K, reserved 1056768K
  class space    used 615K, capacity 656K, committed 768K, reserved 1048576K
Event: 11.148 GC heap after
Heap after GC invocations=12 (full 2):
 PSYoungGen      total 216064K, used 23445K [0x00000000eab00000, 0x0000000100000000, 0x0000000100000000)
  eden space 157696K, 0% used [0x00000000eab00000,0x00000000eab00000,0x00000000f4500000)
  from space 58368K, 40% used [0x00000000fc700000,0x00000000fdde5580,0x0000000100000000)
  to   space 95744K, 0% used [0x00000000f4500000,0x00000000f4500000,0x00000000fa280000)
 ParOldGen       total 171520K, used 171069K [0x00000000c0000000, 0x00000000ca780000, 0x00000000eab00000)
  object space 171520K, 99% used [0x00000000c0000000,0x00000000ca70f550,0x00000000ca780000)
 Metaspace       used 6560K, capacity 7320K, committed 7680K, reserved 1056768K
  class space    used 615K, capacity 656K, committed 768K, reserved 1048576K
}
Event: 11.888 GC heap before
{Heap before GC invocations=13 (full 3):
 PSYoungGen      total 216064K, used 181141K [0x00000000eab00000, 0x0000000100000000, 0x0000000100000000)
  eden space 157696K, 100% used [0x00000000eab00000,0x00000000f4500000,0x00000000f4500000)
  from space 58368K, 40% used [0x00000000fc700000,0x00000000fdde5580,0x0000000100000000)
  to   space 95744K, 0% used [0x00000000f4500000,0x00000000f4500000,0x00000000fa280000)
 ParOldGen       total 171520K, used 171069K [0x00000000c0000000, 0x00000000ca780000, 0x00000000eab00000)
  object space 171520K, 99% used [0x00000000c0000000,0x00000000ca70f550,0x00000000ca780000)
 Metaspace       used 6560K, capacity 7320K, committed 7680K, reserved 1056768K
  class space    used 615K, capacity 656K, committed 768K, reserved 1048576K
Event: 12.907 GC heap after
Heap after GC invocations=13 (full 3):
 PSYoungGen      total 216064K, used 46169K [0x00000000eab00000, 0x0000000100000000, 0x0000000100000000)
  eden space 157696K, 29% used [0x00000000eab00000,0x00000000ed8165c0,0x00000000f4500000)
  from space 58368K, 0% used [0x00000000fc700000,0x00000000fc700000,0x0000000100000000)
  to   space 95744K, 0% used [0x00000000f4500000,0x00000000f4500000,0x00000000fa280000)
 ParOldGen       total 171520K, used 171456K [0x00000000c0000000, 0x00000000ca780000, 0x00000000eab00000)
  object space 171520K, 99% used [0x00000000c0000000,0x00000000ca7702a0,0x00000000ca780000)
 Metaspace       used 6560K, capacity 7320K, committed 7680K, reserved 1056768K
  class space    used 615K, capacity 656K, committed 768K, reserved 1048576K
}

Deoptimization events (10 events):
Event: 6.701 Thread 0x0000000017588000 Uncommon trap: reason=bimorphic action=maybe_recompile pc=0x0000000002fce97c method=com.android.dx.rop.code.RegisterSpec.getFrameType()Lcom/android/dx/rop/type/TypeBearer; @ 4
Event: 6.762 Thread 0x0000000017588000 Uncommon trap: reason=bimorphic action=maybe_recompile pc=0x0000000002fce97c method=com.android.dx.rop.code.RegisterSpec.getFrameType()Lcom/android/dx/rop/type/TypeBearer; @ 4
Event: 7.240 Thread 0x0000000017444800 Uncommon trap: reason=bimorphic action=maybe_recompile pc=0x0000000002fce97c method=com.android.dx.rop.code.RegisterSpec.getFrameType()Lcom/android/dx/rop/type/TypeBearer; @ 4
Event: 7.487 Thread 0x0000000017444800 Uncommon trap: reason=class_check action=maybe_recompile pc=0x00000000030bfbcc method=com.android.dx.cf.code.BytecodeArray.parseInstruction(ILcom/android/dx/cf/code/BytecodeArray$Visitor;)I @ 1672
Event: 7.637 Thread 0x0000000017588000 Uncommon trap: reason=bimorphic action=maybe_recompile pc=0x0000000002fce97c method=com.android.dx.rop.code.RegisterSpec.getFrameType()Lcom/android/dx/rop/type/TypeBearer; @ 4
Event: 7.644 Thread 0x0000000016efd800 Uncommon trap: reason=class_check action=maybe_recompile pc=0x00000000030bfbcc method=com.android.dx.cf.code.BytecodeArray.parseInstruction(ILcom/android/dx/cf/code/BytecodeArray$Visitor;)I @ 1672
Event: 8.949 Thread 0x0000000016efd800 Uncommon trap: reason=bimorphic action=maybe_recompile pc=0x0000000003169d04 method=com.android.dx.cf.code.BytecodeArray.parseInstruction(ILcom/android/dx/cf/code/BytecodeArray$Visitor;)I @ 2484
Event: 8.949 Thread 0x0000000016efd800 Uncommon trap: reason=bimorphic action=maybe_recompile pc=0x0000000003169d04 method=com.android.dx.cf.code.BytecodeArray.parseInstruction(ILcom/android/dx/cf/code/BytecodeArray$Visitor;)I @ 2484
Event: 11.268 Thread 0x0000000016efd800 Uncommon trap: reason=bimorphic action=maybe_recompile pc=0x00000000031a92a4 method=com.android.dx.cf.code.BytecodeArray.parseInstruction(ILcom/android/dx/cf/code/BytecodeArray$Visitor;)I @ 2135
Event: 11.268 Thread 0x0000000016efd800 Uncommon trap: reason=bimorphic action=maybe_recompile pc=0x00000000031a92a4 method=com.android.dx.cf.code.BytecodeArray.parseInstruction(ILcom/android/dx/cf/code/BytecodeArray$Visitor;)I @ 2135

Internal exceptions (10 events):
Event: 1.168 Thread 0x0000000017445800 Exception <a 'java/security/PrivilegedActionException'> (0x00000000eb1edf08) thrown at [D:\re\workspace\8-2-build-windows-amd64-cygwin\jdk8u20\1074\hotspot\src\share\vm\prims\jvm.cpp, line 1275]
Event: 1.184 Thread 0x0000000017444800 Implicit null exception at 0x0000000002b1e01e to 0x0000000002b1ff4d
Event: 1.318 Thread 0x0000000017588000 Exception <a 'java/security/PrivilegedActionException'> (0x00000000ebb50700) thrown at [D:\re\workspace\8-2-build-windows-amd64-cygwin\jdk8u20\1074\hotspot\src\share\vm\prims\jvm.cpp, line 1275]
Event: 1.637 Thread 0x0000000016efd800 Implicit null exception at 0x0000000002b306a7 to 0x0000000002b32bd9
Event: 1.868 Thread 0x00000000024cd800 Exception <a 'java/security/PrivilegedActionException'> (0x00000000eab3ff48) thrown at [D:\re\workspace\8-2-build-windows-amd64-cygwin\jdk8u20\1074\hotspot\src\share\vm\prims\jvm.cpp, line 1275]
Event: 2.346 Thread 0x0000000017588000 Exception <a 'java/lang/ArrayIndexOutOfBoundsException': 18> (0x00000000ec0e4910) thrown at [D:\re\workspace\8-2-build-windows-amd64-cygwin\jdk8u20\1074\hotspot\src\share\vm\interpreter\interpreterRuntime.cpp, line 366]
Event: 2.347 Thread 0x0000000017588000 Exception <a 'java/lang/ArrayIndexOutOfBoundsException': 145> (0x00000000ec0e63a8) thrown at [D:\re\workspace\8-2-build-windows-amd64-cygwin\jdk8u20\1074\hotspot\src\share\vm\interpreter\interpreterRuntime.cpp, line 366]
Event: 2.348 Thread 0x0000000017588000 Exception <a 'java/lang/ArrayIndexOutOfBoundsException'> (0x00000000ec0e75c0) thrown at [D:\re\workspace\8-2-build-windows-amd64-cygwin\jdk8u20\1074\hotspot\src\share\vm\runtime\sharedRuntime.cpp, line 604]
Event: 2.458 Thread 0x0000000017445800 Exception <a 'java/security/PrivilegedActionException'> (0x00000000ed48e7f8) thrown at [D:\re\workspace\8-2-build-windows-amd64-cygwin\jdk8u20\1074\hotspot\src\share\vm\prims\jvm.cpp, line 1275]
Event: 4.712 Thread 0x00000000024cd800 Exception <a 'java/security/PrivilegedActionException'> (0x00000000f4603600) thrown at [D:\re\workspace\8-2-build-windows-amd64-cygwin\jdk8u20\1074\hotspot\src\share\vm\prims\jvm.cpp, line 1275]

Events (10 events):
Event: 11.724 Thread 0x0000000017588000 DEOPT PACKING pc=0x0000000002bbae7d sp=0x000000001877e620
Event: 11.724 Thread 0x0000000017588000 DEOPT UNPACKING pc=0x00000000027d75bf sp=0x000000001877e3c0 mode 0
Event: 11.765 Thread 0x0000000017444800 DEOPT PACKING pc=0x0000000002c0fbda sp=0x000000001887e4b0
Event: 11.765 Thread 0x0000000017444800 DEOPT UNPACKING pc=0x00000000027d75bf sp=0x000000001887e2f0 mode 0
Event: 11.845 Thread 0x0000000016efd800 DEOPT PACKING pc=0x0000000002bbae7d sp=0x000000001857ec80
Event: 11.845 Thread 0x0000000016efd800 DEOPT UNPACKING pc=0x00000000027d75bf sp=0x000000001857ea20 mode 0
Event: 11.888 Executing VM operation: ParallelGCFailedAllocation
Event: 12.908 Executing VM operation: ParallelGCFailedAllocation done
Event: 12.927 Thread 0x0000000016efd800 DEOPT PACKING pc=0x0000000002fd4383 sp=0x000000001857ec90
Event: 12.927 Thread 0x0000000016efd800 DEOPT UNPACKING pc=0x00000000027d75bf sp=0x000000001857ea20 mode 0


Dynamic libraries:
0x00007ff666c40000 - 0x00007ff666c74000 	C:\Program Files\Java\jdk1.8.0_20\bin\java.exe
0x00007ff8604a0000 - 0x00007ff860661000 	C:\WINDOWS\SYSTEM32\ntdll.dll
0x00007ff85e790000 - 0x00007ff85e83d000 	C:\WINDOWS\system32\KERNEL32.DLL
0x00007ff85ce80000 - 0x00007ff85d068000 	C:\WINDOWS\system32\KERNELBASE.dll
0x00007ff85ee90000 - 0x00007ff85ef37000 	C:\WINDOWS\system32\ADVAPI32.dll
0x00007ff85e170000 - 0x00007ff85e20d000 	C:\WINDOWS\system32\msvcrt.dll
0x00007ff85e320000 - 0x00007ff85e37b000 	C:\WINDOWS\system32\sechost.dll
0x00007ff85e380000 - 0x00007ff85e49c000 	C:\WINDOWS\system32\RPCRT4.dll
0x00007ff85dda0000 - 0x00007ff85def6000 	C:\WINDOWS\system32\USER32.dll
0x00007ff85db00000 - 0x00007ff85dc86000 	C:\WINDOWS\system32\GDI32.dll
0x00007ff8532f0000 - 0x00007ff853564000 	C:\WINDOWS\WinSxS\amd64_microsoft.windows.common-controls_6595b64144ccf1df_6.0.10586.589_none_a2ddb3caa539acce\COMCTL32.dll
0x00007ff85d880000 - 0x00007ff85dafd000 	C:\WINDOWS\system32\combase.dll
0x00007ff85d810000 - 0x00007ff85d87a000 	C:\WINDOWS\system32\bcryptPrimitives.dll
0x00007ff85e210000 - 0x00007ff85e24b000 	C:\WINDOWS\system32\IMM32.DLL
0x0000000074570000 - 0x0000000074642000 	C:\Program Files\Java\jdk1.8.0_20\jre\bin\msvcr100.dll
0x0000000073d10000 - 0x0000000074568000 	C:\Program Files\Java\jdk1.8.0_20\jre\bin\server\jvm.dll
0x00007ff85df00000 - 0x00007ff85df08000 	C:\WINDOWS\system32\PSAPI.DLL
0x00007ff85b1a0000 - 0x00007ff85b1c3000 	C:\WINDOWS\SYSTEM32\WINMM.dll
0x00007ff850930000 - 0x00007ff850939000 	C:\WINDOWS\SYSTEM32\WSOCK32.dll
0x00007ff85e660000 - 0x00007ff85e6cb000 	C:\WINDOWS\system32\WS2_32.dll
0x00007ff85b170000 - 0x00007ff85b19c000 	C:\WINDOWS\SYSTEM32\WINMMBASE.dll
0x00007ff85cb30000 - 0x00007ff85cb73000 	C:\WINDOWS\system32\cfgmgr32.dll
0x0000000073d00000 - 0x0000000073d0f000 	C:\Program Files\Java\jdk1.8.0_20\jre\bin\verify.dll
0x0000000073cd0000 - 0x0000000073cf8000 	C:\Program Files\Java\jdk1.8.0_20\jre\bin\java.dll
0x0000000073cb0000 - 0x0000000073cc6000 	C:\Program Files\Java\jdk1.8.0_20\jre\bin\zip.dll
0x00007ff85ef40000 - 0x00007ff86049c000 	C:\WINDOWS\system32\SHELL32.dll
0x00007ff85d1c0000 - 0x00007ff85d805000 	C:\WINDOWS\system32\windows.storage.dll
0x00007ff85e730000 - 0x00007ff85e782000 	C:\WINDOWS\system32\shlwapi.dll
0x00007ff85caa0000 - 0x00007ff85caaf000 	C:\WINDOWS\system32\kernel.appcore.dll
0x00007ff85d100000 - 0x00007ff85d1b5000 	C:\WINDOWS\system32\shcore.dll
0x00007ff85cab0000 - 0x00007ff85cafb000 	C:\WINDOWS\system32\powrprof.dll
0x00007ff85cb00000 - 0x00007ff85cb14000 	C:\WINDOWS\system32\profapi.dll
0x00007ff851850000 - 0x00007ff8519dc000 	C:\WINDOWS\SYSTEM32\dbghelp.dll

VM Arguments:
jvm_args: -Djava.awt.headless=true -Xmx1024M -Dfile.encoding=windows-1252 -Duser.country=US -Duser.language=en -Duser.variant 
java_command: com.android.dx.command.Main --dex --num-threads=4 --multi-dex --main-dex-list C:\Users\admin\Documents\GitHub\ShaneelSD\SoftwareDesign\FindMeTutor\FindMeTutor\tutor_app\build\intermediates\multi-dex\debug\maindexlist.txt --output C:\Users\admin\Documents\GitHub\ShaneelSD\SoftwareDesign\FindMeTutor\FindMeTutor\tutor_app\build\intermediates\transforms\dex\debug\folders\1000\1f\main C:\Users\admin\Documents\GitHub\ShaneelSD\SoftwareDesign\FindMeTutor\FindMeTutor\tutor_app\build\intermediates\transforms\jarMerging\debug\jars\1\1f\combined.jar
java_class_path (initial): C:\Users\admin\AppData\Local\Android\sdk\build-tools\24.0.1\lib\dx.jar
Launcher Type: SUN_STANDARD

Environment Variables:
PATH=C:\ProgramData\Oracle\Java\javapath;C:\Program Files (x86)\Intel\iCLS Client\;C:\Program Files\Intel\iCLS Client\;C:\WINDOWS\system32;C:\WINDOWS;C:\WINDOWS\System32\Wbem;C:\WINDOWS\System32\WindowsPowerShell\v1.0\;C:\Program Files\Intel\Intel(R) Management Engine Components\DAL;C:\Program Files\Intel\Intel(R) Management Engine Components\IPT;C:\Program Files (x86)\Intel\Intel(R) Management Engine Components\DAL;C:\Program Files (x86)\Intel\Intel(R) Management Engine Components\IPT;C:\Program Files\WIDCOMM\Bluetooth Software\;C:\Program Files\WIDCOMM\Bluetooth Software\syswow64;C:\Program Files (x86)\Intel\OpenCL SDK\2.0\bin\x86;C:\Program Files (x86)\Intel\OpenCL SDK\2.0\bin\x64;C:\Program Files\Intel\WiFi\bin\;C:\Program Files\Common Files\Intel\WirelessCommon\;c:\Program Files (x86)\Microsoft SQL Server\100\Tools\Binn\;c:\Program Files\Microsoft SQL Server\100\Tools\Binn\;c:\Program Files\Microsoft SQL Server\100\DTS\Binn\;C:\Program Files (x86)\MySQL\MySQL Fabric 1.5.4 & MySQL Utilities 1.5.4 1.5\;C:\Program Files (x86)\MySQL\MySQL Fabric 1.5.4 & MySQL Utilities 1.5.4 1.5\Doctrine extensions for PHP\;C:\Program Files (x86)\Borland\Delphi7\Bin;C:\Program Files (x86)\Borland\Delphi7\Projects\Bpl;C:\Program Files (x86)\Borland\Delphi7\Rave5;C:\Program Files\Git\cmd;C:\Program Files (x86)\OpenVPN\bin;C:\Program Files\Intel\WiFi\bin\;C:\Program Files\Common Files\Intel\WirelessCommon\
USERNAME=admin
OS=Windows_NT
PROCESSOR_IDENTIFIER=Intel64 Family 6 Model 58 Stepping 9, GenuineIntel



---------------  S Y S T E M  ---------------

OS: Windows 8.1 , 64 bit Build 9600 

CPU:total 4 (2 cores per cpu, 2 threads per core) family 6 model 58 stepping 9, cmov, cx8, fxsr, mmx, sse, sse2, sse3, ssse3, sse4.1, sse4.2, popcnt, avx, aes, clmul, erms, ht, tsc, tscinvbit, tscinv

Memory: 4k page, physical 8258576k(1344444k free), swap 10306576k(52412k free)

vm_info: Java HotSpot(TM) 64-Bit Server VM (25.20-b23) for windows-amd64 JRE (1.8.0_20-b26), built on Jul 30 2014 13:51:23 by "java_re" with MS VC++ 10.0 (VS2010)

time: Wed Oct 26 13:21:11 2016
elapsed time: 13 seconds (0d 0h 0m 13s)

