#
# There is insufficient memory for the Java Runtime Environment to continue.
# Native memory allocation (malloc) failed to allocate 67108880 bytes for Chunk::new
# Possible reasons:
#   The system is out of physical RAM or swap space
#   In 32 bit mode, the process size limit was hit
# Possible solutions:
#   Reduce memory load on the system
#   Increase physical memory or swap space
#   Check if swap backing store is full
#   Use 64 bit Java on a 64 bit OS
#   Decrease Java heap size (-Xmx/-Xms)
#   Decrease number of Java threads
#   Decrease Java thread stack sizes (-Xss)
#   Set larger code cache with -XX:ReservedCodeCacheSize=
# This output file may be truncated or incomplete.
#
#  Out of Memory Error (allocation.cpp:390), pid=1408, tid=11604
#
# JRE version: Java(TM) SE Runtime Environment (8.0_20-b26) (build 1.8.0_20-b26)
# Java VM: Java HotSpot(TM) 64-Bit Server VM (25.20-b23 mixed mode windows-amd64 compressed oops)
# Failed to write core dump. Minidumps are not enabled by default on client versions of Windows
#

---------------  T H R E A D  ---------------

Current thread (0x0000000014c60000):  JavaThread "C2 CompilerThread1" daemon [_thread_in_native, id=11604, stack(0x00000000162b0000,0x00000000163b0000)]

Stack: [0x00000000162b0000,0x00000000163b0000]
Native frames: (J=compiled Java code, j=interpreted, Vv=VM code, C=native code)
V  [jvm.dll+0x3152fa]
V  [jvm.dll+0x265d03]
V  [jvm.dll+0x266943]
V  [jvm.dll+0x25e265]
V  [jvm.dll+0xbe255]
V  [jvm.dll+0xbe6fc]
V  [jvm.dll+0xf3878]
V  [jvm.dll+0x45df30]
V  [jvm.dll+0x45e1ea]
V  [jvm.dll+0x45f0cf]
V  [jvm.dll+0x461191]
V  [jvm.dll+0x4635c5]
V  [jvm.dll+0x463f4c]
V  [jvm.dll+0x464293]
V  [jvm.dll+0x451093]
V  [jvm.dll+0x452634]
V  [jvm.dll+0x435fc2]
V  [jvm.dll+0x97b62]
V  [jvm.dll+0x98353]
V  [jvm.dll+0x22aac4]
V  [jvm.dll+0x283f5a]
C  [msvcr100.dll+0x21d9f]
C  [msvcr100.dll+0x21e3b]
C  [KERNEL32.DLL+0x18102]
C  [ntdll.dll+0x5c5b4]


Current CompileTask:
C2:  13161 2123   !   4       com.android.dx.cf.code.Ropper::processBlock (1101 bytes)


---------------  P R O C E S S  ---------------

Java Threads: ( => current thread )
  0x0000000016fce000 JavaThread "pool-2-thread-4" [_thread_blocked, id=660, stack(0x0000000018680000,0x0000000018780000)]
  0x0000000016fd1000 JavaThread "pool-2-thread-3" [_thread_blocked, id=1068, stack(0x0000000018580000,0x0000000018680000)]
  0x0000000016b16800 JavaThread "pool-2-thread-2" [_thread_blocked, id=8064, stack(0x0000000018480000,0x0000000018580000)]
  0x0000000016b16000 JavaThread "pool-3-thread-1" [_thread_blocked, id=10024, stack(0x0000000018380000,0x0000000018480000)]
  0x0000000017309000 JavaThread "pool-2-thread-1" [_thread_blocked, id=11772, stack(0x0000000018280000,0x0000000018380000)]
  0x00000000164dc800 JavaThread "Service Thread" daemon [_thread_blocked, id=8692, stack(0x00000000168b0000,0x00000000169b0000)]
  0x0000000014c63800 JavaThread "C1 CompilerThread2" daemon [_thread_blocked, id=4760, stack(0x00000000163b0000,0x00000000164b0000)]
=>0x0000000014c60000 JavaThread "C2 CompilerThread1" daemon [_thread_in_native, id=11604, stack(0x00000000162b0000,0x00000000163b0000)]
  0x0000000014c5d800 JavaThread "C2 CompilerThread0" daemon [_thread_blocked, id=12768, stack(0x00000000161b0000,0x00000000162b0000)]
  0x0000000014c5b000 JavaThread "Attach Listener" daemon [_thread_blocked, id=10956, stack(0x00000000160b0000,0x00000000161b0000)]
  0x0000000014c5a000 JavaThread "Signal Dispatcher" daemon [_thread_blocked, id=4036, stack(0x0000000015fb0000,0x00000000160b0000)]
  0x0000000002587000 JavaThread "Finalizer" daemon [_thread_blocked, id=9496, stack(0x0000000015eb0000,0x0000000015fb0000)]
  0x000000000257e000 JavaThread "Reference Handler" daemon [_thread_blocked, id=10124, stack(0x0000000015db0000,0x0000000015eb0000)]
  0x00000000022fd800 JavaThread "main" [_thread_blocked, id=11292, stack(0x0000000002390000,0x0000000002490000)]

Other Threads:
  0x0000000014c25800 VMThread [stack: 0x0000000015cb0000,0x0000000015db0000] [id=6372]
  0x00000000164e0800 WatcherThread [stack: 0x00000000169b0000,0x0000000016ab0000] [id=1016]

VM state:at safepoint (normal execution)

VM Mutex/Monitor currently owned by a thread:  ([mutex/lock_event])
[0x00000000022fd370] Threads_lock - owner thread: 0x0000000014c25800
[0x00000000022fc8f0] Heap_lock - owner thread: 0x00000000022fd800

Heap:
 PSYoungGen      total 71680K, used 66560K [0x00000000eab00000, 0x00000000ef600000, 0x0000000100000000)
  eden space 66560K, 100% used [0x00000000eab00000,0x00000000eec00000,0x00000000eec00000)
  from space 5120K, 0% used [0x00000000eec00000,0x00000000eec00000,0x00000000ef100000)
  to   space 5120K, 0% used [0x00000000ef100000,0x00000000ef100000,0x00000000ef600000)
 ParOldGen       total 87552K, used 87211K [0x00000000c0000000, 0x00000000c5580000, 0x00000000eab00000)
  object space 87552K, 99% used [0x00000000c0000000,0x00000000c552af38,0x00000000c5580000)
 Metaspace       used 6546K, capacity 7320K, committed 7680K, reserved 1056768K
  class space    used 615K, capacity 656K, committed 768K, reserved 1048576K

Card table byte_map: [0x0000000011950000,0x0000000011b60000] byte_map_base: 0x0000000011350000

Marking Bits: (ParMarkBitMap*) 0x00000000744eb460
 Begin Bits: [0x00000000120c0000, 0x00000000130c0000)
 End Bits:   [0x00000000130c0000, 0x00000000140c0000)

Polling page: 0x0000000000730000

CodeCache: size=245760Kb used=9339Kb max_used=9356Kb free=236420Kb
 bounds [0x0000000002590000, 0x0000000002ec0000, 0x0000000011590000]
 total_blobs=2481 nmethods=2215 adapters=179
 compilation: enabled

Compilation events (10 events):
Event: 13.034 Thread 0x0000000014c63800 2328 %     3       com.android.dx.cf.code.OneLocalsArray::makeInitialized @ 23 (55 bytes)
Event: 13.035 Thread 0x0000000014c63800 nmethod 2328% 0x0000000002ea1290 code [0x0000000002ea1440, 0x0000000002ea1b58]
Event: 13.050 Thread 0x0000000014c63800 2329       2       java.util.concurrent.FutureTask$WaitNode::<init> (12 bytes)
Event: 13.050 Thread 0x0000000014c63800 nmethod 2329 0x0000000002e80a10 code [0x0000000002e80b60, 0x0000000002e80cd0]
Event: 13.097 Thread 0x0000000014c63800 2332       2       sun.reflect.generics.reflectiveObjects.ParameterizedTypeImpl::getRawType (5 bytes)
Event: 13.097 Thread 0x0000000014c63800 nmethod 2332 0x0000000002e86510 code [0x0000000002e86660, 0x0000000002e867b0]
Event: 13.097 Thread 0x0000000014c63800 2333       2       sun.reflect.generics.reflectiveObjects.ParameterizedTypeImpl::getActualTypeArguments (11 bytes)
Event: 13.098 Thread 0x0000000014c63800 nmethod 2333 0x0000000002e86110 code [0x0000000002e86280, 0x0000000002e86448]
Event: 13.103 Thread 0x0000000014c63800 2334       2       com.android.dx.ssa.SsaMethod::makeExitBlock (134 bytes)
Event: 13.104 Thread 0x0000000014c63800 nmethod 2334 0x0000000002ea0590 code [0x0000000002ea0780, 0x0000000002ea0d68]

GC Heap History (10 events):
Event: 11.062 GC heap after
Heap after GC invocations=22 (full 11):
 PSYoungGen      total 71680K, used 47203K [0x00000000eab00000, 0x00000000ef600000, 0x0000000100000000)
  eden space 66560K, 70% used [0x00000000eab00000,0x00000000ed918d08,0x00000000eec00000)
  from space 5120K, 0% used [0x00000000eec00000,0x00000000eec00000,0x00000000ef100000)
  to   space 5120K, 0% used [0x00000000ef100000,0x00000000ef100000,0x00000000ef600000)
 ParOldGen       total 87552K, used 87276K [0x00000000c0000000, 0x00000000c5580000, 0x00000000eab00000)
  object space 87552K, 99% used [0x00000000c0000000,0x00000000c553b0f8,0x00000000c5580000)
 Metaspace       used 6542K, capacity 7320K, committed 7680K, reserved 1056768K
  class space    used 615K, capacity 656K, committed 768K, reserved 1048576K
}
Event: 11.184 GC heap before
{Heap before GC invocations=23 (full 12):
 PSYoungGen      total 71680K, used 66560K [0x00000000eab00000, 0x00000000ef600000, 0x0000000100000000)
  eden space 66560K, 100% used [0x00000000eab00000,0x00000000eec00000,0x00000000eec00000)
  from space 5120K, 0% used [0x00000000eec00000,0x00000000eec00000,0x00000000ef100000)
  to   space 5120K, 0% used [0x00000000ef100000,0x00000000ef100000,0x00000000ef600000)
 ParOldGen       total 87552K, used 87276K [0x00000000c0000000, 0x00000000c5580000, 0x00000000eab00000)
  object space 87552K, 99% used [0x00000000c0000000,0x00000000c553b0f8,0x00000000c5580000)
 Metaspace       used 6543K, capacity 7320K, committed 7680K, reserved 1056768K
  class space    used 615K, capacity 656K, committed 768K, reserved 1048576K
Event: 11.667 GC heap after
Heap after GC invocations=23 (full 12):
 PSYoungGen      total 71680K, used 50361K [0x00000000eab00000, 0x00000000ef600000, 0x0000000100000000)
  eden space 66560K, 75% used [0x00000000eab00000,0x00000000edc2e6e0,0x00000000eec00000)
  from space 5120K, 0% used [0x00000000eec00000,0x00000000eec00000,0x00000000ef100000)
  to   space 5120K, 0% used [0x00000000ef100000,0x00000000ef100000,0x00000000ef600000)
 ParOldGen       total 87552K, used 87211K [0x00000000c0000000, 0x00000000c5580000, 0x00000000eab00000)
  object space 87552K, 99% used [0x00000000c0000000,0x00000000c552af48,0x00000000c5580000)
 Metaspace       used 6543K, capacity 7320K, committed 7680K, reserved 1056768K
  class space    used 615K, capacity 656K, committed 768K, reserved 1048576K
}
Event: 11.733 GC heap before
{Heap before GC invocations=24 (full 13):
 PSYoungGen      total 71680K, used 66560K [0x00000000eab00000, 0x00000000ef600000, 0x0000000100000000)
  eden space 66560K, 100% used [0x00000000eab00000,0x00000000eec00000,0x00000000eec00000)
  from space 5120K, 0% used [0x00000000eec00000,0x00000000eec00000,0x00000000ef100000)
  to   space 5120K, 0% used [0x00000000ef100000,0x00000000ef100000,0x00000000ef600000)
 ParOldGen       total 87552K, used 87211K [0x00000000c0000000, 0x00000000c5580000, 0x00000000eab00000)
  object space 87552K, 99% used [0x00000000c0000000,0x00000000c552af48,0x00000000c5580000)
 Metaspace       used 6544K, capacity 7320K, committed 7680K, reserved 1056768K
  class space    used 615K, capacity 656K, committed 768K, reserved 1048576K
Event: 12.162 GC heap after
Heap after GC invocations=24 (full 13):
 PSYoungGen      total 71680K, used 52566K [0x00000000eab00000, 0x00000000ef600000, 0x0000000100000000)
  eden space 66560K, 78% used [0x00000000eab00000,0x00000000ede55a78,0x00000000eec00000)
  from space 5120K, 0% used [0x00000000eec00000,0x00000000eec00000,0x00000000ef100000)
  to   space 5120K, 0% used [0x00000000ef100000,0x00000000ef100000,0x00000000ef600000)
 ParOldGen       total 87552K, used 87211K [0x00000000c0000000, 0x00000000c5580000, 0x00000000eab00000)
  object space 87552K, 99% used [0x00000000c0000000,0x00000000c552af38,0x00000000c5580000)
 Metaspace       used 6544K, capacity 7320K, committed 7680K, reserved 1056768K
  class space    used 615K, capacity 656K, committed 768K, reserved 1048576K
}
Event: 12.258 GC heap before
{Heap before GC invocations=25 (full 14):
 PSYoungGen      total 71680K, used 66560K [0x00000000eab00000, 0x00000000ef600000, 0x0000000100000000)
  eden space 66560K, 100% used [0x00000000eab00000,0x00000000eec00000,0x00000000eec00000)
  from space 5120K, 0% used [0x00000000eec00000,0x00000000eec00000,0x00000000ef100000)
  to   space 5120K, 0% used [0x00000000ef100000,0x00000000ef100000,0x00000000ef600000)
 ParOldGen       total 87552K, used 87211K [0x00000000c0000000, 0x00000000c5580000, 0x00000000eab00000)
  object space 87552K, 99% used [0x00000000c0000000,0x00000000c552af38,0x00000000c5580000)
 Metaspace       used 6544K, capacity 7320K, committed 7680K, reserved 1056768K
  class space    used 615K, capacity 656K, committed 768K, reserved 1048576K
Event: 12.620 GC heap after
Heap after GC invocations=25 (full 14):
 PSYoungGen      total 71680K, used 54244K [0x00000000eab00000, 0x00000000ef600000, 0x0000000100000000)
  eden space 66560K, 81% used [0x00000000eab00000,0x00000000edff92e0,0x00000000eec00000)
  from space 5120K, 0% used [0x00000000eec00000,0x00000000eec00000,0x00000000ef100000)
  to   space 5120K, 0% used [0x00000000ef100000,0x00000000ef100000,0x00000000ef600000)
 ParOldGen       total 87552K, used 87211K [0x00000000c0000000, 0x00000000c5580000, 0x00000000eab00000)
  object space 87552K, 99% used [0x00000000c0000000,0x00000000c552af38,0x00000000c5580000)
 Metaspace       used 6544K, capacity 7320K, committed 7680K, reserved 1056768K
  class space    used 615K, capacity 656K, committed 768K, reserved 1048576K
}
Event: 12.673 GC heap before
{Heap before GC invocations=26 (full 15):
 PSYoungGen      total 71680K, used 66560K [0x00000000eab00000, 0x00000000ef600000, 0x0000000100000000)
  eden space 66560K, 100% used [0x00000000eab00000,0x00000000eec00000,0x00000000eec00000)
  from space 5120K, 0% used [0x00000000eec00000,0x00000000eec00000,0x00000000ef100000)
  to   space 5120K, 0% used [0x00000000ef100000,0x00000000ef100000,0x00000000ef600000)
 ParOldGen       total 87552K, used 87211K [0x00000000c0000000, 0x00000000c5580000, 0x00000000eab00000)
  object space 87552K, 99% used [0x00000000c0000000,0x00000000c552af38,0x00000000c5580000)
 Metaspace       used 6544K, capacity 7320K, committed 7680K, reserved 1056768K
  class space    used 615K, capacity 656K, committed 768K, reserved 1048576K
Event: 13.023 GC heap after
Heap after GC invocations=26 (full 15):
 PSYoungGen      total 71680K, used 55980K [0x00000000eab00000, 0x00000000ef600000, 0x0000000100000000)
  eden space 66560K, 84% used [0x00000000eab00000,0x00000000ee1ab3f0,0x00000000eec00000)
  from space 5120K, 0% used [0x00000000eec00000,0x00000000eec00000,0x00000000ef100000)
  to   space 5120K, 0% used [0x00000000ef100000,0x00000000ef100000,0x00000000ef600000)
 ParOldGen       total 87552K, used 87211K [0x00000000c0000000, 0x00000000c5580000, 0x00000000eab00000)
  object space 87552K, 99% used [0x00000000c0000000,0x00000000c552af38,0x00000000c5580000)
 Metaspace       used 6544K, capacity 7320K, committed 7680K, reserved 1056768K
  class space    used 615K, capacity 656K, committed 768K, reserved 1048576K
}
Event: 13.110 GC heap before
{Heap before GC invocations=27 (full 16):
 PSYoungGen      total 71680K, used 66560K [0x00000000eab00000, 0x00000000ef600000, 0x0000000100000000)
  eden space 66560K, 100% used [0x00000000eab00000,0x00000000eec00000,0x00000000eec00000)
  from space 5120K, 0% used [0x00000000eec00000,0x00000000eec00000,0x00000000ef100000)
  to   space 5120K, 0% used [0x00000000ef100000,0x00000000ef100000,0x00000000ef600000)
 ParOldGen       total 87552K, used 87211K [0x00000000c0000000, 0x00000000c5580000, 0x00000000eab00000)
  object space 87552K, 99% used [0x00000000c0000000,0x00000000c552af38,0x00000000c5580000)
 Metaspace       used 6546K, capacity 7320K, committed 7680K, reserved 1056768K
  class space    used 615K, capacity 656K, committed 768K, reserved 1048576K

Deoptimization events (10 events):
Event: 2.236 Thread 0x0000000016fce000 Uncommon trap: reason=unreached action=reinterpret pc=0x0000000002c4a4f8 method=com.android.dx.ssa.SCCP.simulateBranch(Lcom/android/dx/ssa/SsaInsn;)V @ 132
Event: 2.238 Thread 0x0000000016fce000 Uncommon trap: reason=unreached action=reinterpret pc=0x0000000002a3df5c method=com.android.dx.ssa.SsaMethod.updateOneDefinition(Lcom/android/dx/ssa/SsaInsn;Lcom/android/dx/rop/code/RegisterSpec;)V @ 4
Event: 2.570 Thread 0x0000000017309000 Uncommon trap: reason=bimorphic action=maybe_recompile pc=0x0000000002cbb414 method=com.android.dx.cf.code.BytecodeArray.parseInstruction(ILcom/android/dx/cf/code/BytecodeArray$Visitor;)I @ 1051
Event: 2.570 Thread 0x0000000017309000 Uncommon trap: reason=bimorphic action=maybe_recompile pc=0x0000000002cbb414 method=com.android.dx.cf.code.BytecodeArray.parseInstruction(ILcom/android/dx/cf/code/BytecodeArray$Visitor;)I @ 1051
Event: 2.993 Thread 0x0000000017309000 Uncommon trap: reason=unreached action=reinterpret pc=0x0000000002b830ec method=java.util.HashMap.getNode(ILjava/lang/Object;)Ljava/util/HashMap$Node; @ 84
Event: 5.542 Thread 0x0000000016fd1000 Uncommon trap: reason=unreached action=reinterpret pc=0x0000000002c6f214 method=com.android.dx.ssa.MoveParamCombiner$1.visitNonMoveInsn(Lcom/android/dx/ssa/NormalSsaInsn;)V @ 27
Event: 5.789 Thread 0x00000000022fd800 Uncommon trap: reason=bimorphic action=maybe_recompile pc=0x0000000002d4f87c method=com.android.dx.cf.code.BytecodeArray.parseInstruction(ILcom/android/dx/cf/code/BytecodeArray$Visitor;)I @ 1597
Event: 5.790 Thread 0x00000000022fd800 Uncommon trap: reason=bimorphic action=maybe_recompile pc=0x0000000002d4f87c method=com.android.dx.cf.code.BytecodeArray.parseInstruction(ILcom/android/dx/cf/code/BytecodeArray$Visitor;)I @ 1597
Event: 12.218 Thread 0x0000000016b16800 Uncommon trap: reason=bimorphic action=maybe_recompile pc=0x0000000002c84cac method=com.android.dx.ssa.LiteralOpUpgrader.tryReplacingWithConstant(Lcom/android/dx/ssa/NormalSsaInsn;)Z @ 62
Event: 12.222 Thread 0x0000000016b16800 Uncommon trap: reason=bimorphic action=maybe_recompile pc=0x0000000002c84cac method=com.android.dx.ssa.LiteralOpUpgrader.tryReplacingWithConstant(Lcom/android/dx/ssa/NormalSsaInsn;)Z @ 62

Internal exceptions (10 events):
Event: 0.922 Thread 0x0000000016fce000 Implicit null exception at 0x0000000002937422 to 0x0000000002937521
Event: 1.050 Thread 0x0000000016b16800 Exception <a 'java/security/PrivilegedActionException'> (0x00000000ebf58d88) thrown at [D:\re\workspace\8-2-build-windows-amd64-cygwin\jdk8u20\1074\hotspot\src\share\vm\prims\jvm.cpp, line 1275]
Event: 1.124 Thread 0x00000000022fd800 Implicit null exception at 0x000000000295af37 to 0x000000000295d2a1
Event: 1.430 Thread 0x0000000016fd1000 Implicit null exception at 0x00000000029706ca to 0x0000000002971a71
Event: 1.568 Thread 0x00000000022fd800 Exception <a 'java/security/PrivilegedActionException'> (0x00000000ead6fe88) thrown at [D:\re\workspace\8-2-build-windows-amd64-cygwin\jdk8u20\1074\hotspot\src\share\vm\prims\jvm.cpp, line 1275]
Event: 2.081 Thread 0x0000000016fd1000 Exception <a 'java/lang/ArrayIndexOutOfBoundsException': 18> (0x00000000ebc99f28) thrown at [D:\re\workspace\8-2-build-windows-amd64-cygwin\jdk8u20\1074\hotspot\src\share\vm\interpreter\interpreterRuntime.cpp, line 366]
Event: 2.082 Thread 0x0000000016fd1000 Exception <a 'java/lang/ArrayIndexOutOfBoundsException': 145> (0x00000000ebc9b9c0) thrown at [D:\re\workspace\8-2-build-windows-amd64-cygwin\jdk8u20\1074\hotspot\src\share\vm\interpreter\interpreterRuntime.cpp, line 366]
Event: 2.082 Thread 0x0000000016fd1000 Exception <a 'java/lang/ArrayIndexOutOfBoundsException'> (0x00000000ebc9cbd8) thrown at [D:\re\workspace\8-2-build-windows-amd64-cygwin\jdk8u20\1074\hotspot\src\share\vm\runtime\sharedRuntime.cpp, line 604]
Event: 2.237 Thread 0x0000000016fce000 Exception <a 'java/security/PrivilegedActionException'> (0x00000000ecf5ea28) thrown at [D:\re\workspace\8-2-build-windows-amd64-cygwin\jdk8u20\1074\hotspot\src\share\vm\prims\jvm.cpp, line 1275]
Event: 5.092 Thread 0x00000000022fd800 Exception <a 'java/security/PrivilegedActionException'> (0x00000000ecca3250) thrown at [D:\re\workspace\8-2-build-windows-amd64-cygwin\jdk8u20\1074\hotspot\src\share\vm\prims\jvm.cpp, line 1275]

Events (10 events):
Event: 12.223 Thread 0x0000000016b16800 DEOPT UNPACKING pc=0x00000000025d556a sp=0x000000001857eb80 mode 2
Event: 12.258 Executing VM operation: ParallelGCFailedAllocation
Event: 12.620 Executing VM operation: ParallelGCFailedAllocation done
Event: 12.673 Executing VM operation: ParallelGCFailedAllocation
Event: 13.023 Executing VM operation: ParallelGCFailedAllocation done
Event: 13.095 Thread 0x0000000017309000 DEOPT PACKING pc=0x0000000002a4a148 sp=0x000000001837e710
Event: 13.095 Thread 0x0000000017309000 DEOPT UNPACKING pc=0x00000000025d75bf sp=0x000000001837e540 mode 0
Event: 13.103 Thread 0x0000000016b16800 DEOPT PACKING pc=0x0000000002b056f1 sp=0x000000001857eeb0
Event: 13.103 Thread 0x0000000016b16800 DEOPT UNPACKING pc=0x00000000025d75bf sp=0x000000001857ec18 mode 0
Event: 13.110 Executing VM operation: ParallelGCFailedAllocation


Dynamic libraries:
0x00007ff666c40000 - 0x00007ff666c74000 	C:\Program Files\Java\jdk1.8.0_20\bin\java.exe
0x00007ff8604a0000 - 0x00007ff860661000 	C:\WINDOWS\SYSTEM32\ntdll.dll
0x00007ff85e790000 - 0x00007ff85e83d000 	C:\WINDOWS\system32\KERNEL32.DLL
0x00007ff85ce80000 - 0x00007ff85d068000 	C:\WINDOWS\system32\KERNELBASE.dll
0x00007ff85ee90000 - 0x00007ff85ef37000 	C:\WINDOWS\system32\ADVAPI32.dll
0x00007ff85e170000 - 0x00007ff85e20d000 	C:\WINDOWS\system32\msvcrt.dll
0x00007ff85e320000 - 0x00007ff85e37b000 	C:\WINDOWS\system32\sechost.dll
0x00007ff85e380000 - 0x00007ff85e49c000 	C:\WINDOWS\system32\RPCRT4.dll
0x00007ff85dda0000 - 0x00007ff85def6000 	C:\WINDOWS\system32\USER32.dll
0x00007ff85db00000 - 0x00007ff85dc86000 	C:\WINDOWS\system32\GDI32.dll
0x00007ff8532f0000 - 0x00007ff853564000 	C:\WINDOWS\WinSxS\amd64_microsoft.windows.common-controls_6595b64144ccf1df_6.0.10586.589_none_a2ddb3caa539acce\COMCTL32.dll
0x00007ff85d880000 - 0x00007ff85dafd000 	C:\WINDOWS\system32\combase.dll
0x00007ff85d810000 - 0x00007ff85d87a000 	C:\WINDOWS\system32\bcryptPrimitives.dll
0x00007ff85e210000 - 0x00007ff85e24b000 	C:\WINDOWS\system32\IMM32.DLL
0x0000000074570000 - 0x0000000074642000 	C:\Program Files\Java\jdk1.8.0_20\jre\bin\msvcr100.dll
0x0000000073d10000 - 0x0000000074568000 	C:\Program Files\Java\jdk1.8.0_20\jre\bin\server\jvm.dll
0x00007ff85df00000 - 0x00007ff85df08000 	C:\WINDOWS\system32\PSAPI.DLL
0x00007ff85b1a0000 - 0x00007ff85b1c3000 	C:\WINDOWS\SYSTEM32\WINMM.dll
0x00007ff850930000 - 0x00007ff850939000 	C:\WINDOWS\SYSTEM32\WSOCK32.dll
0x00007ff85e660000 - 0x00007ff85e6cb000 	C:\WINDOWS\system32\WS2_32.dll
0x00000000022b0000 - 0x00000000022dc000 	C:\WINDOWS\SYSTEM32\WINMMBASE.dll
0x00007ff85cb30000 - 0x00007ff85cb73000 	C:\WINDOWS\system32\cfgmgr32.dll
0x0000000073d00000 - 0x0000000073d0f000 	C:\Program Files\Java\jdk1.8.0_20\jre\bin\verify.dll
0x0000000073cd0000 - 0x0000000073cf8000 	C:\Program Files\Java\jdk1.8.0_20\jre\bin\java.dll
0x0000000073cb0000 - 0x0000000073cc6000 	C:\Program Files\Java\jdk1.8.0_20\jre\bin\zip.dll
0x00007ff85ef40000 - 0x00007ff86049c000 	C:\WINDOWS\system32\SHELL32.dll
0x00007ff85d1c0000 - 0x00007ff85d805000 	C:\WINDOWS\system32\windows.storage.dll
0x00007ff85e730000 - 0x00007ff85e782000 	C:\WINDOWS\system32\shlwapi.dll
0x00007ff85caa0000 - 0x00007ff85caaf000 	C:\WINDOWS\system32\kernel.appcore.dll
0x00007ff85d100000 - 0x00007ff85d1b5000 	C:\WINDOWS\system32\shcore.dll
0x00007ff85cab0000 - 0x00007ff85cafb000 	C:\WINDOWS\system32\powrprof.dll
0x00007ff85cb00000 - 0x00007ff85cb14000 	C:\WINDOWS\system32\profapi.dll
0x00007ff851850000 - 0x00007ff8519dc000 	C:\WINDOWS\SYSTEM32\dbghelp.dll

VM Arguments:
jvm_args: -Djava.awt.headless=true -Xmx1024M -Dfile.encoding=windows-1252 -Duser.country=US -Duser.language=en -Duser.variant 
java_command: com.android.dx.command.Main --dex --num-threads=4 --multi-dex --main-dex-list C:\Users\admin\Documents\GitHub\ShaneelSD\SoftwareDesign\FindMeTutor\FindMeTutor\tutor_app\build\intermediates\multi-dex\debug\maindexlist.txt --output C:\Users\admin\Documents\GitHub\ShaneelSD\SoftwareDesign\FindMeTutor\FindMeTutor\tutor_app\build\intermediates\transforms\dex\debug\folders\1000\1f\main C:\Users\admin\Documents\GitHub\ShaneelSD\SoftwareDesign\FindMeTutor\FindMeTutor\tutor_app\build\intermediates\transforms\jarMerging\debug\jars\1\1f\combined.jar
java_class_path (initial): C:\Users\admin\AppData\Local\Android\sdk\build-tools\24.0.1\lib\dx.jar
Launcher Type: SUN_STANDARD

Environment Variables:
PATH=C:\ProgramData\Oracle\Java\javapath;C:\Program Files (x86)\Intel\iCLS Client\;C:\Program Files\Intel\iCLS Client\;C:\WINDOWS\system32;C:\WINDOWS;C:\WINDOWS\System32\Wbem;C:\WINDOWS\System32\WindowsPowerShell\v1.0\;C:\Program Files\Intel\Intel(R) Management Engine Components\DAL;C:\Program Files\Intel\Intel(R) Management Engine Components\IPT;C:\Program Files (x86)\Intel\Intel(R) Management Engine Components\DAL;C:\Program Files (x86)\Intel\Intel(R) Management Engine Components\IPT;C:\Program Files\WIDCOMM\Bluetooth Software\;C:\Program Files\WIDCOMM\Bluetooth Software\syswow64;C:\Program Files (x86)\Intel\OpenCL SDK\2.0\bin\x86;C:\Program Files (x86)\Intel\OpenCL SDK\2.0\bin\x64;C:\Program Files\Intel\WiFi\bin\;C:\Program Files\Common Files\Intel\WirelessCommon\;c:\Program Files (x86)\Microsoft SQL Server\100\Tools\Binn\;c:\Program Files\Microsoft SQL Server\100\Tools\Binn\;c:\Program Files\Microsoft SQL Server\100\DTS\Binn\;C:\Program Files (x86)\MySQL\MySQL Fabric 1.5.4 & MySQL Utilities 1.5.4 1.5\;C:\Program Files (x86)\MySQL\MySQL Fabric 1.5.4 & MySQL Utilities 1.5.4 1.5\Doctrine extensions for PHP\;C:\Program Files (x86)\Borland\Delphi7\Bin;C:\Program Files (x86)\Borland\Delphi7\Projects\Bpl;C:\Program Files (x86)\Borland\Delphi7\Rave5;C:\Program Files\Git\cmd;C:\Program Files (x86)\OpenVPN\bin;C:\Program Files\Intel\WiFi\bin\;C:\Program Files\Common Files\Intel\WirelessCommon\
USERNAME=admin
OS=Windows_NT
PROCESSOR_IDENTIFIER=Intel64 Family 6 Model 58 Stepping 9, GenuineIntel



---------------  S Y S T E M  ---------------

OS: Windows 8.1 , 64 bit Build 9600 

CPU:total 4 (2 cores per cpu, 2 threads per core) family 6 model 58 stepping 9, cmov, cx8, fxsr, mmx, sse, sse2, sse3, ssse3, sse4.1, sse4.2, popcnt, avx, aes, clmul, erms, ht, tsc, tscinvbit, tscinv

Memory: 4k page, physical 8258576k(1885120k free), swap 10306576k(11936k free)

vm_info: Java HotSpot(TM) 64-Bit Server VM (25.20-b23) for windows-amd64 JRE (1.8.0_20-b26), built on Jul 30 2014 13:51:23 by "java_re" with MS VC++ 10.0 (VS2010)

time: Wed Oct 26 15:39:44 2016
elapsed time: 13 seconds (0d 0h 0m 13s)

