#
# There is insufficient memory for the Java Runtime Environment to continue.
# Native memory allocation (malloc) failed to allocate 32744 bytes for ChunkPool::allocate
# Possible reasons:
#   The system is out of physical RAM or swap space
#   In 32 bit mode, the process size limit was hit
# Possible solutions:
#   Reduce memory load on the system
#   Increase physical memory or swap space
#   Check if swap backing store is full
#   Use 64 bit Java on a 64 bit OS
#   Decrease Java heap size (-Xmx/-Xms)
#   Decrease number of Java threads
#   Decrease Java thread stack sizes (-Xss)
#   Set larger code cache with -XX:ReservedCodeCacheSize=
# This output file may be truncated or incomplete.
#
#  Out of Memory Error (allocation.cpp:273), pid=10352, tid=10920
#
# JRE version: Java(TM) SE Runtime Environment (8.0_20-b26) (build 1.8.0_20-b26)
# Java VM: Java HotSpot(TM) 64-Bit Server VM (25.20-b23 mixed mode windows-amd64 compressed oops)
# Failed to write core dump. Minidumps are not enabled by default on client versions of Windows
#

---------------  T H R E A D  ---------------

Current thread (0x0000000015919800):  JavaThread "C2 CompilerThread0" daemon [_thread_in_native, id=10920, stack(0x0000000016e60000,0x0000000016f60000)]

Stack: [0x0000000016e60000,0x0000000016f60000]
Native frames: (J=compiled Java code, j=interpreted, Vv=VM code, C=native code)
V  [jvm.dll+0x3152fa]


Current CompileTask:
C2:   2102  599       4       java.util.BitSet::get (69 bytes)


---------------  P R O C E S S  ---------------

Java Threads: ( => current thread )
  0x00000000174c8800 JavaThread "pool-2-thread-4" [_thread_in_vm, id=4796, stack(0x0000000017b60000,0x0000000017c60000)]
  0x00000000174bd800 JavaThread "pool-2-thread-3" [_thread_in_Java, id=11692, stack(0x0000000017a60000,0x0000000017b60000)]
  0x00000000174b4800 JavaThread "pool-2-thread-2" [_thread_in_Java, id=11936, stack(0x0000000017960000,0x0000000017a60000)]
  0x00000000174b4000 JavaThread "pool-3-thread-1" [_thread_blocked, id=13724, stack(0x0000000017860000,0x0000000017960000)]
  0x00000000174ad800 JavaThread "pool-2-thread-1" [_thread_in_Java, id=7144, stack(0x0000000017760000,0x0000000017860000)]
  0x000000001596b000 JavaThread "Service Thread" daemon [_thread_blocked, id=4696, stack(0x0000000017160000,0x0000000017260000)]
  0x0000000015961000 JavaThread "C1 CompilerThread2" daemon [_thread_in_native, id=11688, stack(0x0000000017060000,0x0000000017160000)]
  0x0000000015909800 JavaThread "C2 CompilerThread1" daemon [_thread_in_native, id=11988, stack(0x0000000016f60000,0x0000000017060000)]
=>0x0000000015919800 JavaThread "C2 CompilerThread0" daemon [_thread_in_native, id=10920, stack(0x0000000016e60000,0x0000000016f60000)]
  0x0000000015917000 JavaThread "Attach Listener" daemon [_thread_blocked, id=3960, stack(0x0000000016d60000,0x0000000016e60000)]
  0x0000000015916000 JavaThread "Signal Dispatcher" daemon [_thread_blocked, id=12780, stack(0x0000000016c60000,0x0000000016d60000)]
  0x000000000322f000 JavaThread "Finalizer" daemon [_thread_blocked, id=4160, stack(0x0000000016b60000,0x0000000016c60000)]
  0x000000000322c000 JavaThread "Reference Handler" daemon [_thread_blocked, id=5032, stack(0x0000000016a60000,0x0000000016b60000)]
  0x0000000002f3d800 JavaThread "main" [_thread_in_Java, id=11812, stack(0x0000000002f40000,0x0000000003040000)]

Other Threads:
  0x00000000158d6000 VMThread [stack: 0x0000000016960000,0x0000000016a60000] [id=12664]
  0x000000001596e000 WatcherThread [stack: 0x0000000017260000,0x0000000017360000] [id=10880]

VM state:not at safepoint (normal execution)

VM Mutex/Monitor currently owned by a thread: None

Heap:
 PSYoungGen      total 38400K, used 14960K [0x00000000eab00000, 0x00000000ed580000, 0x0000000100000000)
  eden space 33280K, 44% used [0x00000000eab00000,0x00000000eb99c298,0x00000000ecb80000)
  from space 5120K, 0% used [0x00000000ed080000,0x00000000ed080000,0x00000000ed580000)
  to   space 5120K, 0% used [0x00000000ecb80000,0x00000000ecb80000,0x00000000ed080000)
 ParOldGen       total 87552K, used 0K [0x00000000c0000000, 0x00000000c5580000, 0x00000000eab00000)
  object space 87552K, 0% used [0x00000000c0000000,0x00000000c0000000,0x00000000c5580000)
 Metaspace       used 5501K, capacity 6512K, committed 6784K, reserved 1058816K
  class space    used 584K, capacity 616K, committed 640K, reserved 1048576K

Card table byte_map: [0x0000000012600000,0x0000000012810000] byte_map_base: 0x0000000012000000

Marking Bits: (ParMarkBitMap*) 0x000000006451b460
 Begin Bits: [0x0000000012d70000, 0x0000000013d70000)
 End Bits:   [0x0000000013d70000, 0x0000000014d70000)

Polling page: 0x0000000001830000

CodeCache: size=245760Kb used=2225Kb max_used=2237Kb free=243534Kb
 bounds [0x0000000003240000, 0x00000000034b0000, 0x0000000012240000]
 total_blobs=841 nmethods=577 adapters=178
 compilation: enabled

Compilation events (10 events):
Event: 2.092 Thread 0x0000000015961000 nmethod 592 0x0000000003454e90 code [0x0000000003454fe0, 0x0000000003455110]
Event: 2.092 Thread 0x0000000015961000  588   !   3       com.android.dx.cf.code.BytecodeArray::parseInstruction (2764 bytes)
Event: 2.092 Thread 0x0000000015919800 nmethod 591 0x000000000346af10 code [0x000000000346b060, 0x000000000346b158]
Event: 2.093 Thread 0x0000000015919800  594       4       com.android.dx.util.IntList::growIfNeeded (46 bytes)
Event: 2.095 Thread 0x0000000015909800 nmethod 559 0x000000000346c610 code [0x000000000346c7a0, 0x000000000346cf98]
Event: 2.095 Thread 0x0000000015909800  596       4       com.android.dx.util.IntList::add (65 bytes)
Event: 2.096 Thread 0x0000000015919800 nmethod 594 0x000000000346d790 code [0x000000000346d8e0, 0x000000000346db78]
Event: 2.096 Thread 0x0000000015919800  597       4       com.android.dx.ssa.NormalSsaInsn::accept (25 bytes)
Event: 2.098 Thread 0x0000000015919800 nmethod 597 0x000000000346c210 code [0x000000000346c360, 0x000000000346c468]
Event: 2.098 Thread 0x0000000015919800  599       4       java.util.BitSet::get (69 bytes)

GC Heap History (0 events):
No events

Deoptimization events (0 events):
No events

Internal exceptions (10 events):
Event: 2.039 Thread 0x00000000174c8800 Exception <a 'java/security/PrivilegedActionException'> (0x00000000eb5b9bb8) thrown at [D:\re\workspace\8-2-build-windows-amd64-cygwin\jdk8u20\1074\hotspot\src\share\vm\prims\jvm.cpp, line 1275]
Event: 2.043 Thread 0x00000000174c8800 Exception <a 'java/security/PrivilegedActionException'> (0x00000000eb5c63d8) thrown at [D:\re\workspace\8-2-build-windows-amd64-cygwin\jdk8u20\1074\hotspot\src\share\vm\prims\jvm.cpp, line 1275]
Event: 2.044 Thread 0x00000000174c8800 Exception <a 'java/security/PrivilegedActionException'> (0x00000000eb5cc640) thrown at [D:\re\workspace\8-2-build-windows-amd64-cygwin\jdk8u20\1074\hotspot\src\share\vm\prims\jvm.cpp, line 1275]
Event: 2.045 Thread 0x00000000174c8800 Exception <a 'java/security/PrivilegedActionException'> (0x00000000eb5d0f20) thrown at [D:\re\workspace\8-2-build-windows-amd64-cygwin\jdk8u20\1074\hotspot\src\share\vm\prims\jvm.cpp, line 1275]
Event: 2.053 Thread 0x00000000174b4800 Exception <a 'java/security/PrivilegedActionException'> (0x00000000eb269108) thrown at [D:\re\workspace\8-2-build-windows-amd64-cygwin\jdk8u20\1074\hotspot\src\share\vm\prims\jvm.cpp, line 1275]
Event: 2.056 Thread 0x0000000002f3d800 Exception <a 'java/security/PrivilegedActionException'> (0x00000000eb338ff8) thrown at [D:\re\workspace\8-2-build-windows-amd64-cygwin\jdk8u20\1074\hotspot\src\share\vm\prims\jvm.cpp, line 1275]
Event: 2.057 Thread 0x00000000174ad800 Exception <a 'java/security/PrivilegedActionException'> (0x00000000eb702fb0) thrown at [D:\re\workspace\8-2-build-windows-amd64-cygwin\jdk8u20\1074\hotspot\src\share\vm\prims\jvm.cpp, line 1275]
Event: 2.060 Thread 0x0000000002f3d800 Exception <a 'java/security/PrivilegedActionException'> (0x00000000eb345f70) thrown at [D:\re\workspace\8-2-build-windows-amd64-cygwin\jdk8u20\1074\hotspot\src\share\vm\prims\jvm.cpp, line 1275]
Event: 2.063 Thread 0x0000000002f3d800 Exception <a 'java/security/PrivilegedActionException'> (0x00000000eb34c910) thrown at [D:\re\workspace\8-2-build-windows-amd64-cygwin\jdk8u20\1074\hotspot\src\share\vm\prims\jvm.cpp, line 1275]
Event: 2.071 Thread 0x00000000174bd800 Exception <a 'java/security/PrivilegedActionException'> (0x00000000eb3e2a90) thrown at [D:\re\workspace\8-2-build-windows-amd64-cygwin\jdk8u20\1074\hotspot\src\share\vm\prims\jvm.cpp, line 1275]

Events (10 events):
Event: 2.063 loading class com/android/dx/ssa/back/FirstFitLocalCombiningAllocator$Multiset
Event: 2.063 loading class com/android/dx/ssa/back/FirstFitLocalCombiningAllocator$Multiset done
Event: 2.069 loading class java/util/TreeMap$EntrySet
Event: 2.069 loading class java/util/TreeMap$EntrySet done
Event: 2.069 loading class java/util/TreeMap$EntryIterator
Event: 2.069 loading class java/util/TreeMap$EntryIterator done
Event: 2.071 loading class com/android/dx/cf/code/BytecodeArray$ConstantParserVisitor
Event: 2.071 loading class com/android/dx/cf/code/BytecodeArray$ConstantParserVisitor done
Event: 2.078 Executing VM operation: CollectForMetadataAllocation
Event: 2.078 Executing VM operation: CollectForMetadataAllocation done


Dynamic libraries:
0x00007ff79b830000 - 0x00007ff79b864000 	C:\Program Files\Java\jdk1.8.0_20\bin\java.exe
0x00007ffc6b1c0000 - 0x00007ffc6b381000 	C:\WINDOWS\SYSTEM32\ntdll.dll
0x00007ffc68920000 - 0x00007ffc689cd000 	C:\WINDOWS\system32\KERNEL32.DLL
0x00007ffc67a70000 - 0x00007ffc67c58000 	C:\WINDOWS\system32\KERNELBASE.dll
0x00007ffc6b110000 - 0x00007ffc6b1b7000 	C:\WINDOWS\system32\ADVAPI32.dll
0x00007ffc6af30000 - 0x00007ffc6afcd000 	C:\WINDOWS\system32\msvcrt.dll
0x00007ffc6b040000 - 0x00007ffc6b09b000 	C:\WINDOWS\system32\sechost.dll
0x00007ffc689d0000 - 0x00007ffc68aec000 	C:\WINDOWS\system32\RPCRT4.dll
0x00007ffc6ac30000 - 0x00007ffc6ad86000 	C:\WINDOWS\system32\USER32.dll
0x00007ffc6ad90000 - 0x00007ffc6af16000 	C:\WINDOWS\system32\GDI32.dll
0x00007ffc5dcb0000 - 0x00007ffc5df24000 	C:\WINDOWS\WinSxS\amd64_microsoft.windows.common-controls_6595b64144ccf1df_6.0.10586.589_none_a2ddb3caa539acce\COMCTL32.dll
0x00007ffc6a5e0000 - 0x00007ffc6a85d000 	C:\WINDOWS\system32\combase.dll
0x00007ffc67c80000 - 0x00007ffc67cea000 	C:\WINDOWS\system32\bcryptPrimitives.dll
0x00007ffc68770000 - 0x00007ffc687ab000 	C:\WINDOWS\system32\IMM32.DLL
0x00000000645a0000 - 0x0000000064672000 	C:\Program Files\Java\jdk1.8.0_20\jre\bin\msvcr100.dll
0x0000000063d40000 - 0x0000000064598000 	C:\Program Files\Java\jdk1.8.0_20\jre\bin\server\jvm.dll
0x00007ffc6b0a0000 - 0x00007ffc6b0a8000 	C:\WINDOWS\system32\PSAPI.DLL
0x00007ffc5c500000 - 0x00007ffc5c509000 	C:\WINDOWS\SYSTEM32\WSOCK32.dll
0x00007ffc68700000 - 0x00007ffc6876b000 	C:\WINDOWS\system32\WS2_32.dll
0x00007ffc65ad0000 - 0x00007ffc65af3000 	C:\WINDOWS\SYSTEM32\WINMM.dll
0x00007ffc65aa0000 - 0x00007ffc65acc000 	C:\WINDOWS\SYSTEM32\WINMMBASE.dll
0x00007ffc679c0000 - 0x00007ffc67a03000 	C:\WINDOWS\system32\cfgmgr32.dll
0x0000000063d30000 - 0x0000000063d3f000 	C:\Program Files\Java\jdk1.8.0_20\jre\bin\verify.dll
0x0000000063d00000 - 0x0000000063d28000 	C:\Program Files\Java\jdk1.8.0_20\jre\bin\java.dll
0x0000000063ce0000 - 0x0000000063cf6000 	C:\Program Files\Java\jdk1.8.0_20\jre\bin\zip.dll
0x00007ffc68af0000 - 0x00007ffc6a04c000 	C:\WINDOWS\system32\SHELL32.dll
0x00007ffc67f50000 - 0x00007ffc68595000 	C:\WINDOWS\system32\windows.storage.dll
0x00007ffc688c0000 - 0x00007ffc68912000 	C:\WINDOWS\system32\shlwapi.dll
0x00007ffc67830000 - 0x00007ffc6783f000 	C:\WINDOWS\system32\kernel.appcore.dll
0x00007ffc67900000 - 0x00007ffc679b5000 	C:\WINDOWS\system32\shcore.dll
0x00007ffc677c0000 - 0x00007ffc6780b000 	C:\WINDOWS\system32\powrprof.dll
0x00007ffc67810000 - 0x00007ffc67824000 	C:\WINDOWS\system32\profapi.dll

VM Arguments:
jvm_args: -Djava.awt.headless=true -Xmx1024M -Dfile.encoding=windows-1252 -Duser.country=US -Duser.language=en -Duser.variant 
java_command: com.android.dx.command.Main --dex --force-jumbo --num-threads=4 --multi-dex --output C:\Users\admin\Documents\GitHub\ShaneelSD\SoftwareDesign\FindMeTutor\FindMeTutor\tutor_app\build\intermediates\transforms\dex\debug\folders\1000\10\instant-run_eb4f85f311c2aeb206bd8fb2e3e9b25ef97b31fe C:\Users\admin\Documents\GitHub\ShaneelSD\SoftwareDesign\FindMeTutor\FindMeTutor\tutor_app\build\intermediates\incremental-runtime-classes\debug\instant-run.jar
java_class_path (initial): C:\Users\admin\AppData\Local\Android\sdk\build-tools\24.0.1\lib\dx.jar
Launcher Type: SUN_STANDARD

Environment Variables:
PATH=C:\ProgramData\Oracle\Java\javapath;C:\Program Files (x86)\Intel\iCLS Client\;C:\Program Files\Intel\iCLS Client\;C:\WINDOWS\system32;C:\WINDOWS;C:\WINDOWS\System32\Wbem;C:\WINDOWS\System32\WindowsPowerShell\v1.0\;C:\Program Files\Intel\Intel(R) Management Engine Components\DAL;C:\Program Files\Intel\Intel(R) Management Engine Components\IPT;C:\Program Files (x86)\Intel\Intel(R) Management Engine Components\DAL;C:\Program Files (x86)\Intel\Intel(R) Management Engine Components\IPT;C:\Program Files\WIDCOMM\Bluetooth Software\;C:\Program Files\WIDCOMM\Bluetooth Software\syswow64;C:\Program Files (x86)\Intel\OpenCL SDK\2.0\bin\x86;C:\Program Files (x86)\Intel\OpenCL SDK\2.0\bin\x64;C:\Program Files\Intel\WiFi\bin\;C:\Program Files\Common Files\Intel\WirelessCommon\;c:\Program Files (x86)\Microsoft SQL Server\100\Tools\Binn\;c:\Program Files\Microsoft SQL Server\100\Tools\Binn\;c:\Program Files\Microsoft SQL Server\100\DTS\Binn\;C:\Program Files (x86)\MySQL\MySQL Fabric 1.5.4 & MySQL Utilities 1.5.4 1.5\;C:\Program Files (x86)\MySQL\MySQL Fabric 1.5.4 & MySQL Utilities 1.5.4 1.5\Doctrine extensions for PHP\;C:\Program Files (x86)\Borland\Delphi7\Bin;C:\Program Files (x86)\Borland\Delphi7\Projects\Bpl;C:\Program Files (x86)\Borland\Delphi7\Rave5;C:\Program Files\Git\cmd;C:\Program Files (x86)\OpenVPN\bin;C:\Program Files\Intel\WiFi\bin\;C:\Program Files\Common Files\Intel\WirelessCommon\
USERNAME=admin
OS=Windows_NT
PROCESSOR_IDENTIFIER=Intel64 Family 6 Model 58 Stepping 9, GenuineIntel



---------------  S Y S T E M  ---------------

OS: Windows 8.1 , 64 bit Build 9600 

CPU:total 4 (2 cores per cpu, 2 threads per core) family 6 model 58 stepping 9, cmov, cx8, fxsr, mmx, sse, sse2, sse3, ssse3, sse4.1, sse4.2, popcnt, avx, aes, clmul, erms, ht, tsc, tscinvbit, tscinv

Memory: 4k page, physical 8258576k(1987600k free), swap 10306576k(4116k free)

vm_info: Java HotSpot(TM) 64-Bit Server VM (25.20-b23) for windows-amd64 JRE (1.8.0_20-b26), built on Jul 30 2014 13:51:23 by "java_re" with MS VC++ 10.0 (VS2010)

time: Fri Oct 28 00:09:46 2016
elapsed time: 2 seconds (0d 0h 0m 2s)

