#
# There is insufficient memory for the Java Runtime Environment to continue.
# Native memory allocation (malloc) failed to allocate 672976 bytes for Chunk::new
# Possible reasons:
#   The system is out of physical RAM or swap space
#   In 32 bit mode, the process size limit was hit
# Possible solutions:
#   Reduce memory load on the system
#   Increase physical memory or swap space
#   Check if swap backing store is full
#   Use 64 bit Java on a 64 bit OS
#   Decrease Java heap size (-Xmx/-Xms)
#   Decrease number of Java threads
#   Decrease Java thread stack sizes (-Xss)
#   Set larger code cache with -XX:ReservedCodeCacheSize=
# This output file may be truncated or incomplete.
#
#  Out of Memory Error (allocation.cpp:390), pid=12468, tid=13208
#
# JRE version: Java(TM) SE Runtime Environment (8.0_20-b26) (build 1.8.0_20-b26)
# Java VM: Java HotSpot(TM) 64-Bit Server VM (25.20-b23 mixed mode windows-amd64 compressed oops)
# Failed to write core dump. Minidumps are not enabled by default on client versions of Windows
#

---------------  T H R E A D  ---------------

Current thread (0x0000000017e30000):  JavaThread "C2 CompilerThread1" daemon [_thread_in_native, id=13208, stack(0x0000000019490000,0x0000000019590000)]

Stack: [0x0000000019490000,0x0000000019590000]
Native frames: (J=compiled Java code, j=interpreted, Vv=VM code, C=native code)
V  [jvm.dll+0x3152fa]
V  [jvm.dll+0x265d03]
V  [jvm.dll+0x266943]
V  [jvm.dll+0x25e265]
V  [jvm.dll+0xbe255]
V  [jvm.dll+0xbe6fc]
V  [jvm.dll+0x477e2c]
V  [jvm.dll+0x444e64]
V  [jvm.dll+0x4500de]
V  [jvm.dll+0x4526c8]
V  [jvm.dll+0x435fc2]
V  [jvm.dll+0x97b62]
V  [jvm.dll+0x98353]
V  [jvm.dll+0x22aac4]
V  [jvm.dll+0x283f5a]
C  [msvcr100.dll+0x21d9f]
C  [msvcr100.dll+0x21e3b]
C  [KERNEL32.DLL+0x18102]
C  [ntdll.dll+0x5c5b4]


Current CompileTask:
C2:   1549  462       4       com.android.multidex.ClassReferenceListBuilder::checkDescriptor (92 bytes)


---------------  P R O C E S S  ---------------

Java Threads: ( => current thread )
  0x000000000320d800 JavaThread "DestroyJavaVM" [_thread_blocked, id=13396, stack(0x0000000003030000,0x0000000003130000)]
  0x00000000196bf000 JavaThread "Service Thread" daemon [_thread_blocked, id=5384, stack(0x0000000019a90000,0x0000000019b90000)]
  0x0000000017e38800 JavaThread "C1 CompilerThread2" daemon [_thread_blocked, id=12360, stack(0x0000000019590000,0x0000000019690000)]
=>0x0000000017e30000 JavaThread "C2 CompilerThread1" daemon [_thread_in_native, id=13208, stack(0x0000000019490000,0x0000000019590000)]
  0x0000000017e2e000 JavaThread "C2 CompilerThread0" daemon [_thread_in_native, id=13800, stack(0x0000000019390000,0x0000000019490000)]
  0x0000000017e29000 JavaThread "Attach Listener" daemon [_thread_blocked, id=2100, stack(0x0000000019290000,0x0000000019390000)]
  0x0000000017e28000 JavaThread "Signal Dispatcher" daemon [_thread_blocked, id=11416, stack(0x0000000019190000,0x0000000019290000)]
  0x0000000003305000 JavaThread "Finalizer" daemon [_thread_blocked, id=10800, stack(0x0000000019090000,0x0000000019190000)]
  0x0000000017df8000 JavaThread "Reference Handler" daemon [_thread_blocked, id=4088, stack(0x0000000018f90000,0x0000000019090000)]

Other Threads:
  0x0000000017df6000 VMThread [stack: 0x0000000018e90000,0x0000000018f90000] [id=2344]
  0x00000000196c1800 WatcherThread [stack: 0x0000000019b90000,0x0000000019c90000] [id=13408]

VM state:not at safepoint (normal execution)

VM Mutex/Monitor currently owned by a thread: None

Heap:
 PSYoungGen      total 38400K, used 35269K [0x00000000d5f80000, 0x00000000d8a00000, 0x0000000100000000)
  eden space 33280K, 90% used [0x00000000d5f80000,0x00000000d7cf45f0,0x00000000d8000000)
  from space 5120K, 99% used [0x00000000d8500000,0x00000000d89fd060,0x00000000d8a00000)
  to   space 5120K, 0% used [0x00000000d8000000,0x00000000d8000000,0x00000000d8500000)
 ParOldGen       total 87552K, used 8479K [0x0000000081e00000, 0x0000000087380000, 0x00000000d5f80000)
  object space 87552K, 9% used [0x0000000081e00000,0x0000000082647f68,0x0000000087380000)
 Metaspace       used 3877K, capacity 5144K, committed 5376K, reserved 1056768K
  class space    used 405K, capacity 456K, committed 512K, reserved 1048576K

Card table byte_map: [0x00000000126d0000,0x0000000012ad0000] byte_map_base: 0x00000000122c1000

Marking Bits: (ParMarkBitMap*) 0x0000000053afb460
 Begin Bits: [0x0000000013180000, 0x0000000015108000)
 End Bits:   [0x0000000015108000, 0x0000000017090000)

Polling page: 0x0000000001760000

CodeCache: size=245760Kb used=3281Kb max_used=3281Kb free=242478Kb
 bounds [0x0000000003310000, 0x0000000003650000, 0x0000000012310000]
 total_blobs=897 nmethods=647 adapters=164
 compilation: enabled

Compilation events (10 events):
Event: 0.919 Thread 0x0000000017e38800  576       3       com.android.dx.cf.direct.StdAttributeFactory::exceptions (105 bytes)
Event: 0.920 Thread 0x0000000017e38800 nmethod 576 0x000000000361be10 code [0x000000000361c100, 0x000000000361d5b8]
Event: 0.920 Thread 0x0000000017e38800  577   !   3       com.android.dx.cf.attrib.AttExceptions::<init> (45 bytes)
Event: 0.921 Thread 0x0000000017e38800 nmethod 577 0x000000000361e390 code [0x000000000361e540, 0x000000000361ea28]
Event: 0.921 Thread 0x0000000017e38800  578       3       com.android.dx.cf.direct.DirectClassFile$DcfTypeList::isMutable (2 bytes)
Event: 0.921 Thread 0x0000000017e38800 nmethod 578 0x000000000361ec90 code [0x000000000361ede0, 0x000000000361ef30]
Event: 0.931 Thread 0x0000000017e38800  580       3       com.android.dx.cf.attrib.AttExceptions::byteLength (15 bytes)
Event: 0.931 Thread 0x0000000017e38800 nmethod 580 0x000000000361efd0 code [0x000000000361f140, 0x000000000361f368]
Event: 0.933 Thread 0x0000000017e38800  581       3       com.android.dx.cf.direct.DirectClassFile::getFields (9 bytes)
Event: 0.933 Thread 0x0000000017e38800 nmethod 581 0x000000000361f410 code [0x000000000361f580, 0x000000000361f7c8]

GC Heap History (2 events):
Event: 0.749 GC heap before
{Heap before GC invocations=1 (full 0):
 PSYoungGen      total 38400K, used 33280K [0x00000000d5f80000, 0x00000000d8a00000, 0x0000000100000000)
  eden space 33280K, 100% used [0x00000000d5f80000,0x00000000d8000000,0x00000000d8000000)
  from space 5120K, 0% used [0x00000000d8500000,0x00000000d8500000,0x00000000d8a00000)
  to   space 5120K, 0% used [0x00000000d8000000,0x00000000d8000000,0x00000000d8500000)
 ParOldGen       total 87552K, used 0K [0x0000000081e00000, 0x0000000087380000, 0x00000000d5f80000)
  object space 87552K, 0% used [0x0000000081e00000,0x0000000081e00000,0x0000000087380000)
 Metaspace       used 3793K, capacity 5080K, committed 5376K, reserved 1056768K
  class space    used 400K, capacity 456K, committed 512K, reserved 1048576K
Event: 0.758 GC heap after
Heap after GC invocations=1 (full 0):
 PSYoungGen      total 38400K, used 4275K [0x00000000d5f80000, 0x00000000d8a00000, 0x0000000100000000)
  eden space 33280K, 0% used [0x00000000d5f80000,0x00000000d5f80000,0x00000000d8000000)
  from space 5120K, 83% used [0x00000000d8000000,0x00000000d842cf60,0x00000000d8500000)
  to   space 5120K, 0% used [0x00000000d8500000,0x00000000d8500000,0x00000000d8a00000)
 ParOldGen       total 87552K, used 8K [0x0000000081e00000, 0x0000000087380000, 0x00000000d5f80000)
  object space 87552K, 0% used [0x0000000081e00000,0x0000000081e02000,0x0000000087380000)
 Metaspace       used 3793K, capacity 5080K, committed 5376K, reserved 1056768K
  class space    used 400K, capacity 456K, committed 512K, reserved 1048576K
}

Deoptimization events (2 events):
Event: 0.515 Thread 0x000000000320d800 Uncommon trap: reason=unloaded action=reinterpret pc=0x00000000035178fc method=com.android.dx.cf.cst.ConstantPoolParser.parse0(ILjava/util/BitSet;)Lcom/android/dx/rop/cst/Constant; @ 220
Event: 0.588 Thread 0x000000000320d800 Uncommon trap: reason=unreached action=reinterpret pc=0x0000000003576d60 method=com.android.dx.cf.direct.StdAttributeFactory.parse0(Lcom/android/dx/cf/direct/DirectClassFile;ILjava/lang/String;IILcom/android/dx/cf/iface/ParseObserver;)Lcom/android/dx/cf/if

Internal exceptions (10 events):
Event: 0.394 Thread 0x000000000320d800 Exception <a 'java/security/PrivilegedActionException'> (0x00000000d63c5cf8) thrown at [D:\re\workspace\8-2-build-windows-amd64-cygwin\jdk8u20\1074\hotspot\src\share\vm\prims\jvm.cpp, line 1275]
Event: 0.404 Thread 0x000000000320d800 Exception <a 'java/security/PrivilegedActionException'> (0x00000000d6430b60) thrown at [D:\re\workspace\8-2-build-windows-amd64-cygwin\jdk8u20\1074\hotspot\src\share\vm\prims\jvm.cpp, line 1275]
Event: 0.430 Thread 0x000000000320d800 Exception <a 'java/security/PrivilegedActionException'> (0x00000000d65d4410) thrown at [D:\re\workspace\8-2-build-windows-amd64-cygwin\jdk8u20\1074\hotspot\src\share\vm\prims\jvm.cpp, line 1275]
Event: 0.433 Thread 0x000000000320d800 Exception <a 'java/security/PrivilegedActionException'> (0x00000000d65e0010) thrown at [D:\re\workspace\8-2-build-windows-amd64-cygwin\jdk8u20\1074\hotspot\src\share\vm\prims\jvm.cpp, line 1275]
Event: 0.456 Thread 0x000000000320d800 Exception <a 'java/security/PrivilegedActionException'> (0x00000000d66d6ce0) thrown at [D:\re\workspace\8-2-build-windows-amd64-cygwin\jdk8u20\1074\hotspot\src\share\vm\prims\jvm.cpp, line 1275]
Event: 0.477 Thread 0x000000000320d800 Exception <a 'java/security/PrivilegedActionException'> (0x00000000d6816e08) thrown at [D:\re\workspace\8-2-build-windows-amd64-cygwin\jdk8u20\1074\hotspot\src\share\vm\prims\jvm.cpp, line 1275]
Event: 0.516 Thread 0x000000000320d800 Exception <a 'java/security/PrivilegedActionException'> (0x00000000d6c189f8) thrown at [D:\re\workspace\8-2-build-windows-amd64-cygwin\jdk8u20\1074\hotspot\src\share\vm\prims\jvm.cpp, line 1275]
Event: 0.588 Thread 0x000000000320d800 Exception <a 'java/security/PrivilegedActionException'> (0x00000000d7383840) thrown at [D:\re\workspace\8-2-build-windows-amd64-cygwin\jdk8u20\1074\hotspot\src\share\vm\prims\jvm.cpp, line 1275]
Event: 0.857 Thread 0x000000000320d800 Exception <a 'java/security/PrivilegedActionException'> (0x00000000d6c0b6d0) thrown at [D:\re\workspace\8-2-build-windows-amd64-cygwin\jdk8u20\1074\hotspot\src\share\vm\prims\jvm.cpp, line 1275]
Event: 0.858 Thread 0x000000000320d800 Exception <a 'java/security/PrivilegedActionException'> (0x00000000d6c0dbe0) thrown at [D:\re\workspace\8-2-build-windows-amd64-cygwin\jdk8u20\1074\hotspot\src\share\vm\prims\jvm.cpp, line 1275]

Events (10 events):
Event: 0.854 loading class java/util/HashMap$KeyIterator
Event: 0.854 loading class java/util/HashMap$HashIterator
Event: 0.854 loading class java/util/HashMap$HashIterator done
Event: 0.854 loading class java/util/HashMap$KeyIterator done
Event: 0.856 loading class com/android/multidex/ArchivePathElement$1
Event: 0.856 loading class com/android/multidex/ArchivePathElement$1 done
Event: 0.858 loading class com/android/multidex/ArchivePathElement$1$1
Event: 0.858 loading class com/android/multidex/ArchivePathElement$1$1 done
Event: 0.863 loading class java/util/NoSuchElementException
Event: 0.863 loading class java/util/NoSuchElementException done


Dynamic libraries:
0x00007ff702de0000 - 0x00007ff702e14000 	C:\Program Files\Java\jdk1.8.0_20\bin\java.exe
0x00007ffbffb20000 - 0x00007ffbffce1000 	C:\WINDOWS\SYSTEM32\ntdll.dll
0x00007ffbfe2f0000 - 0x00007ffbfe39d000 	C:\WINDOWS\system32\KERNEL32.DLL
0x00007ffbfcc60000 - 0x00007ffbfce48000 	C:\WINDOWS\system32\KERNELBASE.dll
0x00007ffbfd220000 - 0x00007ffbfd2c7000 	C:\WINDOWS\system32\ADVAPI32.dll
0x00007ffbfe3a0000 - 0x00007ffbfe43d000 	C:\WINDOWS\system32\msvcrt.dll
0x00007ffbfe540000 - 0x00007ffbfe59b000 	C:\WINDOWS\system32\sechost.dll
0x00007ffbfd100000 - 0x00007ffbfd21c000 	C:\WINDOWS\system32\RPCRT4.dll
0x00007ffbfd690000 - 0x00007ffbfd7e6000 	C:\WINDOWS\system32\USER32.dll
0x00007ffbfcf00000 - 0x00007ffbfd086000 	C:\WINDOWS\system32\GDI32.dll
0x00007ffbf6910000 - 0x00007ffbf6b84000 	C:\WINDOWS\WinSxS\amd64_microsoft.windows.common-controls_6595b64144ccf1df_6.0.10586.589_none_a2ddb3caa539acce\COMCTL32.dll
0x00007ffbfdc30000 - 0x00007ffbfdead000 	C:\WINDOWS\system32\combase.dll
0x00007ffbfc800000 - 0x00007ffbfc86a000 	C:\WINDOWS\system32\bcryptPrimitives.dll
0x00007ffbfd650000 - 0x00007ffbfd68b000 	C:\WINDOWS\system32\IMM32.DLL
0x00000000544d0000 - 0x00000000545a2000 	C:\Program Files\Java\jdk1.8.0_20\jre\bin\msvcr100.dll
0x0000000053320000 - 0x0000000053b78000 	C:\Program Files\Java\jdk1.8.0_20\jre\bin\server\jvm.dll
0x00007ffbfd7f0000 - 0x00007ffbfd7f8000 	C:\WINDOWS\system32\PSAPI.DLL
0x00007ffbfa5e0000 - 0x00007ffbfa603000 	C:\WINDOWS\SYSTEM32\WINMM.dll
0x00007ffbf0910000 - 0x00007ffbf0919000 	C:\WINDOWS\SYSTEM32\WSOCK32.dll
0x00007ffbfe470000 - 0x00007ffbfe4db000 	C:\WINDOWS\system32\WS2_32.dll
0x00007ffbfa5a0000 - 0x00007ffbfa5cc000 	C:\WINDOWS\SYSTEM32\WINMMBASE.dll
0x00007ffbfca40000 - 0x00007ffbfca83000 	C:\WINDOWS\system32\cfgmgr32.dll
0x00000000549e0000 - 0x00000000549ef000 	C:\Program Files\Java\jdk1.8.0_20\jre\bin\verify.dll
0x00000000544a0000 - 0x00000000544c8000 	C:\Program Files\Java\jdk1.8.0_20\jre\bin\java.dll
0x0000000053300000 - 0x0000000053316000 	C:\Program Files\Java\jdk1.8.0_20\jre\bin\zip.dll
0x00007ffbfe5c0000 - 0x00007ffbffb1c000 	C:\WINDOWS\system32\SHELL32.dll
0x00007ffbfc1b0000 - 0x00007ffbfc7f5000 	C:\WINDOWS\system32\windows.storage.dll
0x00007ffbfd4e0000 - 0x00007ffbfd532000 	C:\WINDOWS\system32\shlwapi.dll
0x00007ffbfc190000 - 0x00007ffbfc19f000 	C:\WINDOWS\system32\kernel.appcore.dll
0x00007ffbfc870000 - 0x00007ffbfc925000 	C:\WINDOWS\system32\shcore.dll
0x00007ffbfc140000 - 0x00007ffbfc18b000 	C:\WINDOWS\system32\powrprof.dll
0x00007ffbfc120000 - 0x00007ffbfc134000 	C:\WINDOWS\system32\profapi.dll
0x00007ffbefaf0000 - 0x00007ffbefc7c000 	C:\WINDOWS\SYSTEM32\dbghelp.dll

VM Arguments:
jvm_args: -Djava.awt.headless=true -Dfile.encoding=windows-1252 -Duser.country=US -Duser.language=en -Duser.variant 
java_command: com.android.multidex.ClassReferenceListBuilder C:\Users\admin\Documents\GitHub\ShaneelSD\SoftwareDesign\FindMeTutor\FindMeTutor\tutor_app\build\intermediates\multi-dex\release\componentClasses.jar C:\Users\admin\Documents\GitHub\ShaneelSD\SoftwareDesign\FindMeTutor\FindMeTutor\tutor_app\build\intermediates\transforms\jarMerging\release\jars\1\1f\combined.jar
java_class_path (initial): C:\Users\admin\AppData\Local\Android\sdk\build-tools\24.0.1\lib\dx.jar
Launcher Type: SUN_STANDARD

Environment Variables:
PATH=C:\ProgramData\Oracle\Java\javapath;C:\Program Files (x86)\Intel\iCLS Client\;C:\Program Files\Intel\iCLS Client\;C:\WINDOWS\system32;C:\WINDOWS;C:\WINDOWS\System32\Wbem;C:\WINDOWS\System32\WindowsPowerShell\v1.0\;C:\Program Files\Intel\Intel(R) Management Engine Components\DAL;C:\Program Files\Intel\Intel(R) Management Engine Components\IPT;C:\Program Files (x86)\Intel\Intel(R) Management Engine Components\DAL;C:\Program Files (x86)\Intel\Intel(R) Management Engine Components\IPT;C:\Program Files\WIDCOMM\Bluetooth Software\;C:\Program Files\WIDCOMM\Bluetooth Software\syswow64;C:\Program Files (x86)\Intel\OpenCL SDK\2.0\bin\x86;C:\Program Files (x86)\Intel\OpenCL SDK\2.0\bin\x64;C:\Program Files\Intel\WiFi\bin\;C:\Program Files\Common Files\Intel\WirelessCommon\;c:\Program Files (x86)\Microsoft SQL Server\100\Tools\Binn\;c:\Program Files\Microsoft SQL Server\100\Tools\Binn\;c:\Program Files\Microsoft SQL Server\100\DTS\Binn\;C:\Program Files (x86)\MySQL\MySQL Fabric 1.5.4 & MySQL Utilities 1.5.4 1.5\;C:\Program Files (x86)\MySQL\MySQL Fabric 1.5.4 & MySQL Utilities 1.5.4 1.5\Doctrine extensions for PHP\;C:\Program Files (x86)\Borland\Delphi7\Bin;C:\Program Files (x86)\Borland\Delphi7\Projects\Bpl;C:\Program Files (x86)\Borland\Delphi7\Rave5;C:\Program Files\Git\cmd;C:\Program Files\Intel\WiFi\bin\;C:\Program Files\Common Files\Intel\WirelessCommon\
USERNAME=admin
OS=Windows_NT
PROCESSOR_IDENTIFIER=Intel64 Family 6 Model 58 Stepping 9, GenuineIntel



---------------  S Y S T E M  ---------------

OS: Windows 8.1 , 64 bit Build 9600 

CPU:total 4 (2 cores per cpu, 2 threads per core) family 6 model 58 stepping 9, cmov, cx8, fxsr, mmx, sse, sse2, sse3, ssse3, sse4.1, sse4.2, popcnt, avx, aes, clmul, erms, ht, tsc, tscinvbit, tscinv

Memory: 4k page, physical 8258576k(1344672k free), swap 10306576k(5012k free)

vm_info: Java HotSpot(TM) 64-Bit Server VM (25.20-b23) for windows-amd64 JRE (1.8.0_20-b26), built on Jul 30 2014 13:51:23 by "java_re" with MS VC++ 10.0 (VS2010)

time: Sun Oct 16 20:38:56 2016
elapsed time: 1 seconds (0d 0h 0m 1s)

