This is pdfTeX, Version 3.14159265-2.6-1.40.16 (TeX Live 2015/Debian) (preloaded format=pdflatex 2016.10.13)  26 OCT 2016 00:52
entering extended mode
 restricted \write18 enabled.
 %&-line parsing enabled.
**RequirementsAnalysisDocument.tex
(./RequirementsAnalysisDocument.tex
LaTeX2e <2015/01/01>
Babel <3.9l> and hyphenation patterns for 79 languages loaded.
(/usr/share/texlive/texmf-dist/tex/latex/base/article.cls
Document Class: article 2014/09/29 v1.4h Standard LaTeX document class
(/usr/share/texlive/texmf-dist/tex/latex/base/size12.clo
File: size12.clo 2014/09/29 v1.4h Standard LaTeX file (size option)
)
\c@part=\count79
\c@section=\count80
\c@subsection=\count81
\c@subsubsection=\count82
\c@paragraph=\count83
\c@subparagraph=\count84
\c@figure=\count85
\c@table=\count86
\abovecaptionskip=\skip41
\belowcaptionskip=\skip42
\bibindent=\dimen102
)
(/usr/share/texlive/texmf-dist/tex/latex/amsmath/amsmath.sty
Package: amsmath 2013/01/14 v2.14 AMS math features
\@mathmargin=\skip43

For additional information on amsmath, use the `?' option.
(/usr/share/texlive/texmf-dist/tex/latex/amsmath/amstext.sty
Package: amstext 2000/06/29 v2.01

(/usr/share/texlive/texmf-dist/tex/latex/amsmath/amsgen.sty
File: amsgen.sty 1999/11/30 v2.0
\@emptytoks=\toks14
\ex@=\dimen103
))
(/usr/share/texlive/texmf-dist/tex/latex/amsmath/amsbsy.sty
Package: amsbsy 1999/11/29 v1.2d
\pmbraise@=\dimen104
)
(/usr/share/texlive/texmf-dist/tex/latex/amsmath/amsopn.sty
Package: amsopn 1999/12/14 v2.01 operator names
)
\inf@bad=\count87
LaTeX Info: Redefining \frac on input line 210.
\uproot@=\count88
\leftroot@=\count89
LaTeX Info: Redefining \overline on input line 306.
\classnum@=\count90
\DOTSCASE@=\count91
LaTeX Info: Redefining \ldots on input line 378.
LaTeX Info: Redefining \dots on input line 381.
LaTeX Info: Redefining \cdots on input line 466.
\Mathstrutbox@=\box26
\strutbox@=\box27
\big@size=\dimen105
LaTeX Font Info:    Redeclaring font encoding OML on input line 566.
LaTeX Font Info:    Redeclaring font encoding OMS on input line 567.
\macc@depth=\count92
\c@MaxMatrixCols=\count93
\dotsspace@=\muskip10
\c@parentequation=\count94
\dspbrk@lvl=\count95
\tag@help=\toks15
\row@=\count96
\column@=\count97
\maxfields@=\count98
\andhelp@=\toks16
\eqnshift@=\dimen106
\alignsep@=\dimen107
\tagshift@=\dimen108
\tagwidth@=\dimen109
\totwidth@=\dimen110
\lineht@=\dimen111
\@envbody=\toks17
\multlinegap=\skip44
\multlinetaggap=\skip45
\mathdisplay@stack=\toks18
LaTeX Info: Redefining \[ on input line 2665.
LaTeX Info: Redefining \] on input line 2666.
)
(/usr/share/texlive/texmf-dist/tex/latex/amsfonts/amssymb.sty
Package: amssymb 2013/01/14 v3.01 AMS font symbols

(/usr/share/texlive/texmf-dist/tex/latex/amsfonts/amsfonts.sty
Package: amsfonts 2013/01/14 v3.01 Basic AMSFonts support
\symAMSa=\mathgroup4
\symAMSb=\mathgroup5
LaTeX Font Info:    Overwriting math alphabet `\mathfrak' in version `bold'
(Font)                  U/euf/m/n --> U/euf/b/n on input line 106.
))
(/usr/share/texlive/texmf-dist/tex/latex/graphics/graphicx.sty
Package: graphicx 2014/10/28 v1.0g Enhanced LaTeX Graphics (DPC,SPQR)

(/usr/share/texlive/texmf-dist/tex/latex/graphics/keyval.sty
Package: keyval 2014/10/28 v1.15 key=value parser (DPC)
\KV@toks@=\toks19
)
(/usr/share/texlive/texmf-dist/tex/latex/graphics/graphics.sty
Package: graphics 2014/10/28 v1.0p Standard LaTeX Graphics (DPC,SPQR)

(/usr/share/texlive/texmf-dist/tex/latex/graphics/trig.sty
Package: trig 1999/03/16 v1.09 sin cos tan (DPC)
)
(/usr/share/texlive/texmf-dist/tex/latex/latexconfig/graphics.cfg
File: graphics.cfg 2010/04/23 v1.9 graphics configuration of TeX Live
)
Package graphics Info: Driver file: pdftex.def on input line 94.

(/usr/share/texlive/texmf-dist/tex/latex/pdftex-def/pdftex.def
File: pdftex.def 2011/05/27 v0.06d Graphics/color for pdfTeX

(/usr/share/texlive/texmf-dist/tex/generic/oberdiek/infwarerr.sty
Package: infwarerr 2010/04/08 v1.3 Providing info/warning/error messages (HO)
)
(/usr/share/texlive/texmf-dist/tex/generic/oberdiek/ltxcmds.sty
Package: ltxcmds 2011/11/09 v1.22 LaTeX kernel commands for general use (HO)
)
\Gread@gobject=\count99
))
\Gin@req@height=\dimen112
\Gin@req@width=\dimen113
)
(/usr/share/texlive/texmf-dist/tex/latex/comment/comment.sty
\CommentStream=\write3

Excluding comment 'comment')
(/usr/share/texlive/texmf-dist/tex/latex/tools/longtable.sty
Package: longtable 2014/10/28 v4.11 Multi-page Table package (DPC)
\LTleft=\skip46
\LTright=\skip47
\LTpre=\skip48
\LTpost=\skip49
\LTchunksize=\count100
\LTcapwidth=\dimen114
\LT@head=\box28
\LT@firsthead=\box29
\LT@foot=\box30
\LT@lastfoot=\box31
\LT@cols=\count101
\LT@rows=\count102
\c@LT@tables=\count103
\c@LT@chunks=\count104
\LT@p@ftn=\toks20
)
(./RequirementsAnalysisDocument.aux)
\openout1 = `RequirementsAnalysisDocument.aux'.

LaTeX Font Info:    Checking defaults for OML/cmm/m/it on input line 9.
LaTeX Font Info:    ... okay on input line 9.
LaTeX Font Info:    Checking defaults for T1/cmr/m/n on input line 9.
LaTeX Font Info:    ... okay on input line 9.
LaTeX Font Info:    Checking defaults for OT1/cmr/m/n on input line 9.
LaTeX Font Info:    ... okay on input line 9.
LaTeX Font Info:    Checking defaults for OMS/cmsy/m/n on input line 9.
LaTeX Font Info:    ... okay on input line 9.
LaTeX Font Info:    Checking defaults for OMX/cmex/m/n on input line 9.
LaTeX Font Info:    ... okay on input line 9.
LaTeX Font Info:    Checking defaults for U/cmr/m/n on input line 9.
LaTeX Font Info:    ... okay on input line 9.

(/usr/share/texlive/texmf-dist/tex/context/base/supp-pdf.mkii
[Loading MPS to PDF converter (version 2006.09.02).]
\scratchcounter=\count105
\scratchdimen=\dimen115
\scratchbox=\box32
\nofMPsegments=\count106
\nofMParguments=\count107
\everyMPshowfont=\toks21
\MPscratchCnt=\count108
\MPscratchDim=\dimen116
\MPnumerator=\count109
\makeMPintoPDFobject=\count110
\everyMPtoPDFconversion=\toks22
) (/usr/share/texlive/texmf-dist/tex/generic/oberdiek/pdftexcmds.sty
Package: pdftexcmds 2011/11/29 v0.20 Utility functions of pdfTeX for LuaTeX (HO
)

(/usr/share/texlive/texmf-dist/tex/generic/oberdiek/ifluatex.sty
Package: ifluatex 2010/03/01 v1.3 Provides the ifluatex switch (HO)
Package ifluatex Info: LuaTeX not detected.
)
(/usr/share/texlive/texmf-dist/tex/generic/oberdiek/ifpdf.sty
Package: ifpdf 2011/01/30 v2.3 Provides the ifpdf switch (HO)
Package ifpdf Info: pdfTeX in PDF mode is detected.
)
Package pdftexcmds Info: LuaTeX not detected.
Package pdftexcmds Info: \pdf@primitive is available.
Package pdftexcmds Info: \pdf@ifprimitive is available.
Package pdftexcmds Info: \pdfdraftmode found.
)
(/usr/share/texlive/texmf-dist/tex/latex/oberdiek/epstopdf-base.sty
Package: epstopdf-base 2010/02/09 v2.5 Base part for package epstopdf

(/usr/share/texlive/texmf-dist/tex/latex/oberdiek/grfext.sty
Package: grfext 2010/08/19 v1.1 Manage graphics extensions (HO)

(/usr/share/texlive/texmf-dist/tex/generic/oberdiek/kvdefinekeys.sty
Package: kvdefinekeys 2011/04/07 v1.3 Define keys (HO)
))
(/usr/share/texlive/texmf-dist/tex/latex/oberdiek/kvoptions.sty
Package: kvoptions 2011/06/30 v3.11 Key value format for package options (HO)

(/usr/share/texlive/texmf-dist/tex/generic/oberdiek/kvsetkeys.sty
Package: kvsetkeys 2012/04/25 v1.16 Key value parser (HO)

(/usr/share/texlive/texmf-dist/tex/generic/oberdiek/etexcmds.sty
Package: etexcmds 2011/02/16 v1.5 Avoid name clashes with e-TeX commands (HO)
Package etexcmds Info: Could not find \expanded.
(etexcmds)             That can mean that you are not using pdfTeX 1.50 or
(etexcmds)             that some package has redefined \expanded.
(etexcmds)             In the latter case, load this package earlier.
)))
Package grfext Info: Graphics extension search list:
(grfext)             [.png,.pdf,.jpg,.mps,.jpeg,.jbig2,.jb2,.PNG,.PDF,.JPG,.JPE
G,.JBIG2,.JB2,.eps]
(grfext)             \AppendGraphicsExtensions on input line 452.

(/usr/share/texlive/texmf-dist/tex/latex/latexconfig/epstopdf-sys.cfg
File: epstopdf-sys.cfg 2010/07/13 v1.3 Configuration of (r)epstopdf for TeX Liv
e
))
LaTeX Font Info:    Try loading font information for U+msa on input line 12.

(/usr/share/texlive/texmf-dist/tex/latex/amsfonts/umsa.fd
File: umsa.fd 2013/01/14 v3.01 AMS symbols A
)
LaTeX Font Info:    Try loading font information for U+msb on input line 12.

(/usr/share/texlive/texmf-dist/tex/latex/amsfonts/umsb.fd
File: umsb.fd 2013/01/14 v3.01 AMS symbols B
)

LaTeX Warning: No \author given.

[1

{/var/lib/texmf/fonts/map/pdftex/updmap/pdftex.map}]
(./RequirementsAnalysisDocument.toc)
\tf@toc=\write4
\openout4 = `RequirementsAnalysisDocument.toc'.

 [2] [3] [4] [5] [6]
Missing character: There is no â in font cmr12!
Missing character: There is no € in font cmr12!
Missing character: There is no “ in font cmr12!

Underfull \hbox (badness 10000) in paragraph at lines 108--109

 []

Excluding 'comment' comment.
Overfull \hbox (60.79132pt too wide) in alignment at lines 123--176
 [] [] 
 []


Underfull \vbox (badness 10000) detected at line 176
 []


Overfull \hbox (60.79132pt too wide) in alignment at lines 176--179
 [] [] 
 []

[7]
Overfull \hbox (60.74706pt too wide) in alignment at lines 185--236
 [] [] [] 
 []


Underfull \vbox (badness 10000) detected at line 236
 []


Overfull \hbox (60.74706pt too wide) in alignment at lines 236--258
 [] [] [] 
 []


Overfull \hbox (60.74706pt too wide) in alignment at lines 258--259
 [] [] [] 
 []

[8]
LaTeX Font Info:    Try loading font information for OMS+cmr on input line 269.

 (/usr/share/texlive/texmf-dist/tex/latex/base/omscmr.fd
File: omscmr.fd 2014/09/29 v2.5h Standard LaTeX font definitions
)
LaTeX Font Info:    Font shape `OMS/cmr/m/n' in size <12> not available
(Font)              Font shape `OMS/cmsy/m/n' tried instead on input line 269.
 [9]
Underfull \hbox (badness 10000) in paragraph at lines 281--302

 []


Underfull \hbox (badness 10000) in paragraph at lines 281--302

 []

[10]
Overfull \hbox (89.24408pt too wide) in paragraph at lines 310--321
[] 
 []

[11]
Overfull \hbox (4.53062pt too wide) in paragraph at lines 349--351
[]\OT1/cmr/m/n/12 ACT4.04 Chal-lenge reg-is-tered ad-min-is-tra-tor to view the
ir ac-count (pass) 
 []


Overfull \hbox (6.09181pt too wide) in paragraph at lines 351--352
[]\OT1/cmr/m/n/12 ACT5.01 A stu-dent re-quest-ing a tu-tor can re-quest a tu-to
r for a date/time
 []

[12] [13] [14]
Missing character: There is no â in font cmr12!
Missing character: There is no € in font cmr12!
Missing character: There is no “ in font cmr12!

Underfull \hbox (badness 10000) in paragraph at lines 414--415

 []


Underfull \hbox (badness 10000) in paragraph at lines 414--415

 []


Underfull \hbox (badness 10000) in paragraph at lines 416--463

 []


Underfull \hbox (badness 10000) in paragraph at lines 416--463

 []


Underfull \hbox (badness 10000) in paragraph at lines 416--463

 []


Underfull \hbox (badness 10000) in paragraph at lines 416--463

 []


Underfull \hbox (badness 10000) in paragraph at lines 416--463

 []


Underfull \hbox (badness 10000) in paragraph at lines 416--463

 []

[15]
Overfull \hbox (48.79134pt too wide) in paragraph at lines 468--486
 [][] 
 []

[16]
Underfull \hbox (badness 10000) in paragraph at lines 494--494
[]\OT1/cmr/m/n/12 Update stu-dent de-mo-graphic data,student num-
 []


Underfull \hbox (badness 1189) in paragraph at lines 494--494
\OT1/cmr/m/n/12 ber,student email ad-dress, stu-dent con-tact num-ber
 []


Overfull \hbox (48.79134pt too wide) in paragraph at lines 490--507
 [][] 
 []


Overfull \hbox (48.79134pt too wide) in paragraph at lines 512--531
 [][] 
 []

[17]
Overfull \hbox (48.79134pt too wide) in paragraph at lines 535--552
 [][] 
 []


Overfull \hbox (48.79134pt too wide) in paragraph at lines 556--573
 [][] 
 []

[18]
Overfull \hbox (48.79134pt too wide) in paragraph at lines 577--594
 [][] 
 []


Overfull \hbox (48.79134pt too wide) in paragraph at lines 598--613
 [][] 
 []

[19]
Overfull \hbox (48.79134pt too wide) in paragraph at lines 617--632
 [][] 
 []


Overfull \hbox (48.79134pt too wide) in paragraph at lines 634--649
 [][] 
 []


Overfull \hbox (48.79134pt too wide) in paragraph at lines 652--677
 [][] 
 []

[20]
Overfull \hbox (48.79134pt too wide) in paragraph at lines 678--695
 [][] 
 []


Overfull \hbox (48.79134pt too wide) in paragraph at lines 696--712
 [][] 
 []

[21]
Overfull \hbox (48.79134pt too wide) in paragraph at lines 713--728
 [][] 
 []


Overfull \hbox (48.79134pt too wide) in paragraph at lines 729--744
 [][] 
 []


Overfull \hbox (48.79134pt too wide) in paragraph at lines 745--761
 [][] 
 []

[22]
Overfull \hbox (48.79134pt too wide) in paragraph at lines 762--783
 [][] 
 []


Overfull \hbox (48.79134pt too wide) in paragraph at lines 784--801
 [][] 
 []

[23]
Overfull \hbox (48.79134pt too wide) in paragraph at lines 803--819
 [][] 
 []

[24] <./Sprint3Models/Use_Case_Diagram.png, id=81, 1445.4pt x 1224.575pt>
File: ./Sprint3Models/Use_Case_Diagram.png Graphic file (type png)

<use ./Sprint3Models/Use_Case_Diagram.png>
Package pdftex.def Info: ./Sprint3Models/Use_Case_Diagram.png used on input lin
e 827.
(pdftex.def)             Requested size: 398.33858pt x 337.47856pt.

Overfull \hbox (8.33858pt too wide) in paragraph at lines 824--828
 [] 
 []

[25 <./Sprint3Models/Use_Case_Diagram.png (PNG copy)>]
Overfull \hbox (58.99843pt too wide) in alignment at lines 834--870
 [] [] [] 
 []


Underfull \vbox (badness 10000) detected at line 870
 []


Overfull \hbox (58.99843pt too wide) in alignment at lines 870--893
 [] [] [] 
 []

[26] [27]
<./Sprint3Models/Analysis_Object_model3.png, id=92, 596.98032pt x 845.40843pt>
File: ./Sprint3Models/Analysis_Object_model3.png Graphic file (type png)

<use ./Sprint3Models/Analysis_Object_model3.png>
Package pdftex.def Info: ./Sprint3Models/Analysis_Object_model3.png used on inp
ut line 898.
(pdftex.def)             Requested size: 398.33858pt x 564.11162pt.

Overfull \hbox (8.33858pt too wide) in paragraph at lines 898--899
 [] 
 []

[28]
Overfull \vbox (38.69493pt too high) has occurred while \output is active []


[29 <./Sprint3Models/Analysis_Object_model3.png>]
<./Sprint3Models/Dynamic_model3.png, id=101, 596.98032pt x 845.40843pt>
File: ./Sprint3Models/Dynamic_model3.png Graphic file (type png)

<use ./Sprint3Models/Dynamic_model3.png>
Package pdftex.def Info: ./Sprint3Models/Dynamic_model3.png used on input line 
903.
(pdftex.def)             Requested size: 398.33858pt x 564.11162pt.

Overfull \hbox (8.33858pt too wide) in paragraph at lines 903--904
 [] 
 []


Overfull \vbox (38.69493pt too high) has occurred while \output is active []


[30 <./Sprint3Models/Dynamic_model3.png>] [31] [32] [33]
(./RequirementsAnalysisDocument.aux) )
(\end occurred inside a group at level 1)

### simple group (level 1) entered at line 462 ({)
### bottom level 
Here is how much of TeX's memory you used:
 2548 strings out of 493085
 34087 string characters out of 6136916
 113737 words of memory out of 5000000
 5990 multiletter control sequences out of 15000+600000
 12879 words of font info for 50 fonts, out of 8000000 for 9000
 1141 hyphenation exceptions out of 8191
 37i,8n,26p,1291b,250s stack positions out of 5000i,500n,10000p,200000b,80000s
</usr/share/texlive/texmf-dist/fonts/type1/public/amsfonts/cm/c
mbx12.pfb></usr/share/texlive/texmf-dist/fonts/type1/public/amsfonts/cm/cmr12.p
fb></usr/share/texlive/texmf-dist/fonts/type1/public/amsfonts/cm/cmsy10.pfb></u
sr/share/texlive/texmf-dist/fonts/type1/public/amsfonts/cm/cmtt12.pfb>
Output written on RequirementsAnalysisDocument.pdf (33 pages, 374458 bytes).
PDF statistics:
 132 PDF objects out of 1000 (max. 8388607)
 87 compressed objects within 1 object stream
 0 named destinations out of 1000 (max. 500000)
 16 words of extra memory for PDF output out of 10000 (max. 10000000)

