#
# There is insufficient memory for the Java Runtime Environment to continue.
# Native memory allocation (malloc) failed to allocate 511216 bytes for Chunk::new
# Possible reasons:
#   The system is out of physical RAM or swap space
#   In 32 bit mode, the process size limit was hit
# Possible solutions:
#   Reduce memory load on the system
#   Increase physical memory or swap space
#   Check if swap backing store is full
#   Use 64 bit Java on a 64 bit OS
#   Decrease Java heap size (-Xmx/-Xms)
#   Decrease number of Java threads
#   Decrease Java thread stack sizes (-Xss)
#   Set larger code cache with -XX:ReservedCodeCacheSize=
# This output file may be truncated or incomplete.
#
#  Out of Memory Error (allocation.cpp:390), pid=4712, tid=8820
#
# JRE version: Java(TM) SE Runtime Environment (8.0_20-b26) (build 1.8.0_20-b26)
# Java VM: Java HotSpot(TM) 64-Bit Server VM (25.20-b23 mixed mode windows-amd64 compressed oops)
# Failed to write core dump. Minidumps are not enabled by default on client versions of Windows
#

---------------  T H R E A D  ---------------

Current thread (0x00000000149a4000):  JavaThread "C2 CompilerThread1" daemon [_thread_in_native, id=8820, stack(0x0000000016010000,0x0000000016110000)]

Stack: [0x0000000016010000,0x0000000016110000]
Native frames: (J=compiled Java code, j=interpreted, Vv=VM code, C=native code)
V  [jvm.dll+0x3152fa]


Current CompileTask:
C2:   4569 1281   !   4       java.lang.ClassLoader::loadClass (122 bytes)


---------------  P R O C E S S  ---------------

Java Threads: ( => current thread )
  0x0000000017456800 JavaThread "Stdin handler" [_thread_blocked, id=13592, stack(0x0000000018e00000,0x0000000018f00000)]
  0x0000000017455000 JavaThread "Asynchronous log dispatcher for org.gradle.launcher.daemon.server.DefaultDaemonConnection@44743eab" [_thread_blocked, id=10256, stack(0x0000000018d00000,0x0000000018e00000)]
  0x0000000017453800 JavaThread "Daemon worker" [_thread_in_native, id=4820, stack(0x0000000018c00000,0x0000000018d00000)]
  0x0000000017454000 JavaThread "Cancel handler" [_thread_blocked, id=9104, stack(0x0000000018b00000,0x0000000018c00000)]
  0x0000000017452800 JavaThread "Handler for socket connection from /127.0.0.1:6179 to /127.0.0.1:6180" [_thread_in_native, id=9632, stack(0x0000000018a00000,0x0000000018b00000)]
  0x0000000017455800 JavaThread "Daemon" [_thread_blocked, id=3800, stack(0x0000000018900000,0x0000000018a00000)]
  0x0000000017459800 JavaThread "Incoming local TCP Connector on port 6179" [_thread_in_native, id=8680, stack(0x0000000018520000,0x0000000018620000)]
  0x0000000017458800 JavaThread "pool-1-thread-1" [_thread_blocked, id=11232, stack(0x0000000017030000,0x0000000017130000)]
  0x00000000149e1800 JavaThread "Service Thread" daemon [_thread_blocked, id=11140, stack(0x0000000016210000,0x0000000016310000)]
  0x00000000149a7000 JavaThread "C1 CompilerThread2" daemon [_thread_blocked, id=12788, stack(0x0000000016110000,0x0000000016210000)]
=>0x00000000149a4000 JavaThread "C2 CompilerThread1" daemon [_thread_in_native, id=8820, stack(0x0000000016010000,0x0000000016110000)]
  0x00000000149a2000 JavaThread "C2 CompilerThread0" daemon [_thread_blocked, id=4464, stack(0x0000000015f10000,0x0000000016010000)]
  0x000000001499c000 JavaThread "Attach Listener" daemon [_thread_blocked, id=5636, stack(0x0000000015e10000,0x0000000015f10000)]
  0x000000001499b000 JavaThread "Signal Dispatcher" daemon [_thread_blocked, id=14076, stack(0x0000000015d10000,0x0000000015e10000)]
  0x00000000022a6000 JavaThread "Finalizer" daemon [_thread_blocked, id=10764, stack(0x0000000015c10000,0x0000000015d10000)]
  0x000000000229c800 JavaThread "Reference Handler" daemon [_thread_blocked, id=7448, stack(0x0000000015b10000,0x0000000015c10000)]
  0x000000000055e800 JavaThread "main" [_thread_blocked, id=6308, stack(0x00000000020b0000,0x00000000021b0000)]

Other Threads:
  0x0000000014965800 VMThread [stack: 0x0000000015a10000,0x0000000015b10000] [id=11600]
  0x00000000149e5800 WatcherThread [stack: 0x0000000016310000,0x0000000016410000] [id=12896]

VM state:not at safepoint (normal execution)

VM Mutex/Monitor currently owned by a thread: None

Heap:
 PSYoungGen      total 38400K, used 13390K [0x00000000eab00000, 0x00000000ed580000, 0x0000000100000000)
  eden space 33280K, 24% used [0x00000000eab00000,0x00000000eb3141e0,0x00000000ecb80000)
  from space 5120K, 99% used [0x00000000ed080000,0x00000000ed57f7e8,0x00000000ed580000)
  to   space 5120K, 0% used [0x00000000ecb80000,0x00000000ecb80000,0x00000000ed080000)
 ParOldGen       total 87552K, used 392K [0x00000000c0000000, 0x00000000c5580000, 0x00000000eab00000)
  object space 87552K, 0% used [0x00000000c0000000,0x00000000c00621b0,0x00000000c5580000)
 Metaspace       used 12960K, capacity 13214K, committed 13440K, reserved 1060864K
  class space    used 1780K, capacity 1849K, committed 1920K, reserved 1048576K

Card table byte_map: [0x0000000011670000,0x0000000011880000] byte_map_base: 0x0000000011070000

Marking Bits: (ParMarkBitMap*) 0x00000000526eb460
 Begin Bits: [0x0000000011de0000, 0x0000000012de0000)
 End Bits:   [0x0000000012de0000, 0x0000000013de0000)

Polling page: 0x0000000000530000

CodeCache: size=245760Kb used=4457Kb max_used=4468Kb free=241302Kb
 bounds [0x00000000022b0000, 0x0000000002720000, 0x00000000112b0000]
 total_blobs=1639 nmethods=1283 adapters=270
 compilation: enabled

Compilation events (10 events):
Event: 4.494 Thread 0x00000000149a7000 1279       3       org.objectweb.asm.ByteVector::putShort (52 bytes)
Event: 4.494 Thread 0x00000000149a7000 nmethod 1279 0x0000000002709450 code [0x00000000027095c0, 0x0000000002709808]
Event: 4.494 Thread 0x00000000149a7000 1280       3       org.objectweb.asm.ClassWriter::newUTF8 (70 bytes)
Event: 4.494 Thread 0x00000000149a7000 nmethod 1280 0x0000000002709990 code [0x0000000002709b60, 0x0000000002709fb8]
Event: 4.508 Thread 0x00000000149a2000 nmethod 1273 0x000000000270dc50 code [0x000000000270de60, 0x000000000270ec50]
Event: 4.537 Thread 0x00000000149a4000 1281   !   4       java.lang.ClassLoader::loadClass (122 bytes)
Event: 4.537 Thread 0x00000000149a2000 1282   !   4       java.util.WeakHashMap::expungeStaleEntries (139 bytes)
Event: 4.538 Thread 0x00000000149a2000 nmethod 1282 0x000000000270ad10 code [0x000000000270ae40, 0x000000000270aed8]
Event: 4.548 Thread 0x00000000149a7000 1283       3       java.lang.Package::<init> (56 bytes)
Event: 4.548 Thread 0x00000000149a7000 nmethod 1283 0x000000000270a890 code [0x000000000270a9e0, 0x000000000270ac50]

GC Heap History (4 events):
Event: 2.448 GC heap before
{Heap before GC invocations=1 (full 0):
 PSYoungGen      total 38400K, used 33280K [0x00000000eab00000, 0x00000000ed580000, 0x0000000100000000)
  eden space 33280K, 100% used [0x00000000eab00000,0x00000000ecb80000,0x00000000ecb80000)
  from space 5120K, 0% used [0x00000000ed080000,0x00000000ed080000,0x00000000ed580000)
  to   space 5120K, 0% used [0x00000000ecb80000,0x00000000ecb80000,0x00000000ed080000)
 ParOldGen       total 87552K, used 0K [0x00000000c0000000, 0x00000000c5580000, 0x00000000eab00000)
  object space 87552K, 0% used [0x00000000c0000000,0x00000000c0000000,0x00000000c5580000)
 Metaspace       used 5883K, capacity 6320K, committed 6528K, reserved 1056768K
  class space    used 750K, capacity 832K, committed 896K, reserved 1048576K
Event: 2.466 GC heap after
Heap after GC invocations=1 (full 0):
 PSYoungGen      total 38400K, used 4023K [0x00000000eab00000, 0x00000000ed580000, 0x0000000100000000)
  eden space 33280K, 0% used [0x00000000eab00000,0x00000000eab00000,0x00000000ecb80000)
  from space 5120K, 78% used [0x00000000ecb80000,0x00000000ecf6df98,0x00000000ed080000)
  to   space 5120K, 0% used [0x00000000ed080000,0x00000000ed080000,0x00000000ed580000)
 ParOldGen       total 87552K, used 8K [0x00000000c0000000, 0x00000000c5580000, 0x00000000eab00000)
  object space 87552K, 0% used [0x00000000c0000000,0x00000000c0002000,0x00000000c5580000)
 Metaspace       used 5883K, capacity 6320K, committed 6528K, reserved 1056768K
  class space    used 750K, capacity 832K, committed 896K, reserved 1048576K
}
Event: 4.416 GC heap before
{Heap before GC invocations=2 (full 0):
 PSYoungGen      total 38400K, used 37303K [0x00000000eab00000, 0x00000000ed580000, 0x0000000100000000)
  eden space 33280K, 100% used [0x00000000eab00000,0x00000000ecb80000,0x00000000ecb80000)
  from space 5120K, 78% used [0x00000000ecb80000,0x00000000ecf6df98,0x00000000ed080000)
  to   space 5120K, 0% used [0x00000000ed080000,0x00000000ed080000,0x00000000ed580000)
 ParOldGen       total 87552K, used 8K [0x00000000c0000000, 0x00000000c5580000, 0x00000000eab00000)
  object space 87552K, 0% used [0x00000000c0000000,0x00000000c0002000,0x00000000c5580000)
 Metaspace       used 11825K, capacity 12094K, committed 12288K, reserved 1060864K
  class space    used 1607K, capacity 1689K, committed 1792K, reserved 1048576K
Event: 4.424 GC heap after
Heap after GC invocations=2 (full 0):
 PSYoungGen      total 38400K, used 5117K [0x00000000eab00000, 0x00000000ed580000, 0x0000000100000000)
  eden space 33280K, 0% used [0x00000000eab00000,0x00000000eab00000,0x00000000ecb80000)
  from space 5120K, 99% used [0x00000000ed080000,0x00000000ed57f7e8,0x00000000ed580000)
  to   space 5120K, 0% used [0x00000000ecb80000,0x00000000ecb80000,0x00000000ed080000)
 ParOldGen       total 87552K, used 392K [0x00000000c0000000, 0x00000000c5580000, 0x00000000eab00000)
  object space 87552K, 0% used [0x00000000c0000000,0x00000000c00621b0,0x00000000c5580000)
 Metaspace       used 11825K, capacity 12094K, committed 12288K, reserved 1060864K
  class space    used 1607K, capacity 1689K, committed 1792K, reserved 1048576K
}

Deoptimization events (10 events):
Event: 2.787 Thread 0x000000000055e800 Uncommon trap: reason=class_check action=maybe_recompile pc=0x000000000257af9c method=java.util.HashMap.putVal(ILjava/lang/Object;Ljava/lang/Object;ZZ)Ljava/lang/Object; @ 203
Event: 2.787 Thread 0x000000000055e800 Uncommon trap: reason=class_check action=maybe_recompile pc=0x000000000257af9c method=java.util.HashMap.putVal(ILjava/lang/Object;Ljava/lang/Object;ZZ)Ljava/lang/Object; @ 203
Event: 3.976 Thread 0x0000000017459800 Uncommon trap: reason=class_check action=maybe_recompile pc=0x000000000257af9c method=java.util.HashMap.putVal(ILjava/lang/Object;Ljava/lang/Object;ZZ)Ljava/lang/Object; @ 203
Event: 4.303 Thread 0x0000000017453800 Uncommon trap: reason=bimorphic action=maybe_recompile pc=0x000000000257af6c method=java.util.HashMap.putVal(ILjava/lang/Object;Ljava/lang/Object;ZZ)Ljava/lang/Object; @ 253
Event: 4.303 Thread 0x0000000017453800 Uncommon trap: reason=bimorphic action=maybe_recompile pc=0x000000000257af6c method=java.util.HashMap.putVal(ILjava/lang/Object;Ljava/lang/Object;ZZ)Ljava/lang/Object; @ 253
Event: 4.303 Thread 0x0000000017453800 Uncommon trap: reason=bimorphic action=maybe_recompile pc=0x000000000257af6c method=java.util.HashMap.putVal(ILjava/lang/Object;Ljava/lang/Object;ZZ)Ljava/lang/Object; @ 253
Event: 4.304 Thread 0x0000000017453800 Uncommon trap: reason=bimorphic action=maybe_recompile pc=0x000000000257af6c method=java.util.HashMap.putVal(ILjava/lang/Object;Ljava/lang/Object;ZZ)Ljava/lang/Object; @ 253
Event: 4.304 Thread 0x0000000017453800 Uncommon trap: reason=bimorphic action=maybe_recompile pc=0x000000000252f478 method=java.util.HashMap.putVal(ILjava/lang/Object;Ljava/lang/Object;ZZ)Ljava/lang/Object; @ 253
Event: 4.455 Thread 0x0000000017453800 Uncommon trap: reason=bimorphic action=maybe_recompile pc=0x000000000266cee4 method=java.util.HashMap.putVal(ILjava/lang/Object;Ljava/lang/Object;ZZ)Ljava/lang/Object; @ 203
Event: 4.455 Thread 0x0000000017453800 Uncommon trap: reason=bimorphic action=maybe_recompile pc=0x000000000266cee4 method=java.util.HashMap.putVal(ILjava/lang/Object;Ljava/lang/Object;ZZ)Ljava/lang/Object; @ 203

Internal exceptions (10 events):
Event: 4.547 Thread 0x0000000017453800 Exception <a 'java/security/PrivilegedActionException'> (0x00000000eb1f9778) thrown at [D:\re\workspace\8-2-build-windows-amd64-cygwin\jdk8u20\1074\hotspot\src\share\vm\prims\jvm.cpp, line 1275]
Event: 4.547 Thread 0x0000000017453800 Exception <a 'java/security/PrivilegedActionException'> (0x00000000eb1fa100) thrown at [D:\re\workspace\8-2-build-windows-amd64-cygwin\jdk8u20\1074\hotspot\src\share\vm\prims\jvm.cpp, line 1275]
Event: 4.548 Thread 0x0000000017453800 Exception <a 'java/security/PrivilegedActionException'> (0x00000000eb1ff8a8) thrown at [D:\re\workspace\8-2-build-windows-amd64-cygwin\jdk8u20\1074\hotspot\src\share\vm\prims\jvm.cpp, line 1275]
Event: 4.548 Thread 0x0000000017453800 Exception <a 'java/security/PrivilegedActionException'> (0x00000000eb200448) thrown at [D:\re\workspace\8-2-build-windows-amd64-cygwin\jdk8u20\1074\hotspot\src\share\vm\prims\jvm.cpp, line 1275]
Event: 4.548 Thread 0x0000000017453800 Exception <a 'java/security/PrivilegedActionException'> (0x00000000eb205b00) thrown at [D:\re\workspace\8-2-build-windows-amd64-cygwin\jdk8u20\1074\hotspot\src\share\vm\prims\jvm.cpp, line 1275]
Event: 4.548 Thread 0x0000000017453800 Exception <a 'java/security/PrivilegedActionException'> (0x00000000eb2066d0) thrown at [D:\re\workspace\8-2-build-windows-amd64-cygwin\jdk8u20\1074\hotspot\src\share\vm\prims\jvm.cpp, line 1275]
Event: 4.549 Thread 0x0000000017453800 Exception <a 'java/security/PrivilegedActionException'> (0x00000000eb20a9b0) thrown at [D:\re\workspace\8-2-build-windows-amd64-cygwin\jdk8u20\1074\hotspot\src\share\vm\prims\jvm.cpp, line 1275]
Event: 4.549 Thread 0x0000000017453800 Exception <a 'java/security/PrivilegedActionException'> (0x00000000eb20b8d8) thrown at [D:\re\workspace\8-2-build-windows-amd64-cygwin\jdk8u20\1074\hotspot\src\share\vm\prims\jvm.cpp, line 1275]
Event: 4.549 Thread 0x0000000017453800 Exception <a 'java/security/PrivilegedActionException'> (0x00000000eb20fe10) thrown at [D:\re\workspace\8-2-build-windows-amd64-cygwin\jdk8u20\1074\hotspot\src\share\vm\prims\jvm.cpp, line 1275]
Event: 4.549 Thread 0x0000000017453800 Exception <a 'java/security/PrivilegedActionException'> (0x00000000eb210a30) thrown at [D:\re\workspace\8-2-build-windows-amd64-cygwin\jdk8u20\1074\hotspot\src\share\vm\prims\jvm.cpp, line 1275]

Events (10 events):
Event: 4.548 loading class org/codehaus/groovy/runtime/metaclass/MethodSelectionException
Event: 4.548 loading class org/codehaus/groovy/runtime/metaclass/MethodSelectionException done
Event: 4.548 loading class org/codehaus/groovy/runtime/metaclass/MissingMethodExecutionFailed
Event: 4.548 loading class org/codehaus/groovy/runtime/metaclass/MissingMethodExecutionFailed done
Event: 4.549 loading class org/codehaus/groovy/runtime/metaclass/MissingMethodExceptionNoStack
Event: 4.549 loading class org/codehaus/groovy/runtime/metaclass/MissingMethodExceptionNoStack done
Event: 4.549 Executing VM operation: Deoptimize
Event: 4.549 Executing VM operation: Deoptimize done
Event: 4.549 loading class org/codehaus/groovy/runtime/metaclass/MissingPropertyExceptionNoStack
Event: 4.549 loading class org/codehaus/groovy/runtime/metaclass/MissingPropertyExceptionNoStack done


Dynamic libraries:
0x00007ff7ca540000 - 0x00007ff7ca574000 	C:\Program Files\Java\jdk1.8.0_20\bin\java.exe
0x00007ff93f900000 - 0x00007ff93fac1000 	C:\WINDOWS\SYSTEM32\ntdll.dll
0x00007ff93ef20000 - 0x00007ff93efcd000 	C:\WINDOWS\system32\KERNEL32.DLL
0x00007ff93c890000 - 0x00007ff93ca78000 	C:\WINDOWS\system32\KERNELBASE.dll
0x00007ff93e580000 - 0x00007ff93e627000 	C:\WINDOWS\system32\ADVAPI32.dll
0x00007ff93f5c0000 - 0x00007ff93f65d000 	C:\WINDOWS\system32\msvcrt.dll
0x00007ff93cce0000 - 0x00007ff93cd3b000 	C:\WINDOWS\system32\sechost.dll
0x00007ff93f3c0000 - 0x00007ff93f4dc000 	C:\WINDOWS\system32\RPCRT4.dll
0x00007ff93f7a0000 - 0x00007ff93f8f6000 	C:\WINDOWS\system32\USER32.dll
0x00007ff93ce90000 - 0x00007ff93d016000 	C:\WINDOWS\system32\GDI32.dll
0x00007ff930e40000 - 0x00007ff9310b4000 	C:\WINDOWS\WinSxS\amd64_microsoft.windows.common-controls_6595b64144ccf1df_6.0.10586.0_none_8c15ae12515e1c22\COMCTL32.dll
0x00007ff93efd0000 - 0x00007ff93f24d000 	C:\WINDOWS\system32\combase.dll
0x00007ff93cae0000 - 0x00007ff93cb4a000 	C:\WINDOWS\system32\bcryptPrimitives.dll
0x00007ff93eee0000 - 0x00007ff93ef1b000 	C:\WINDOWS\system32\IMM32.DLL
0x0000000052770000 - 0x0000000052842000 	C:\Program Files\Java\jdk1.8.0_20\jre\bin\msvcr100.dll
0x0000000051f10000 - 0x0000000052768000 	C:\Program Files\Java\jdk1.8.0_20\jre\bin\server\jvm.dll
0x00007ff93ebe0000 - 0x00007ff93ebe8000 	C:\WINDOWS\system32\PSAPI.DLL
0x00007ff92eb70000 - 0x00007ff92eb79000 	C:\WINDOWS\SYSTEM32\WSOCK32.dll
0x00007ff93a630000 - 0x00007ff93a653000 	C:\WINDOWS\SYSTEM32\WINMM.dll
0x00007ff93f4e0000 - 0x00007ff93f54b000 	C:\WINDOWS\system32\WS2_32.dll
0x0000000000500000 - 0x000000000052c000 	C:\WINDOWS\SYSTEM32\WINMMBASE.dll
0x00007ff93cc90000 - 0x00007ff93ccd3000 	C:\WINDOWS\system32\cfgmgr32.dll
0x0000000051f00000 - 0x0000000051f0f000 	C:\Program Files\Java\jdk1.8.0_20\jre\bin\verify.dll
0x0000000051ed0000 - 0x0000000051ef8000 	C:\Program Files\Java\jdk1.8.0_20\jre\bin\java.dll
0x0000000051eb0000 - 0x0000000051ec6000 	C:\Program Files\Java\jdk1.8.0_20\jre\bin\zip.dll
0x00007ff93d020000 - 0x00007ff93e57c000 	C:\WINDOWS\system32\SHELL32.dll
0x00007ff93c240000 - 0x00007ff93c885000 	C:\WINDOWS\system32\windows.storage.dll
0x00007ff93f250000 - 0x00007ff93f2a2000 	C:\WINDOWS\system32\shlwapi.dll
0x00007ff93bf00000 - 0x00007ff93bf0f000 	C:\WINDOWS\system32\kernel.appcore.dll
0x00007ff93c160000 - 0x00007ff93c215000 	C:\WINDOWS\system32\shcore.dll
0x00007ff93bf20000 - 0x00007ff93bf6b000 	C:\WINDOWS\system32\powrprof.dll
0x00007ff93bf70000 - 0x00007ff93bf84000 	C:\WINDOWS\system32\profapi.dll
0x0000000051e90000 - 0x0000000051eaa000 	C:\Program Files\Java\jdk1.8.0_20\jre\bin\net.dll
0x00007ff93b7d0000 - 0x00007ff93b82c000 	C:\WINDOWS\system32\mswsock.dll
0x0000000051e70000 - 0x0000000051e81000 	C:\Program Files\Java\jdk1.8.0_20\jre\bin\nio.dll
0x00007ff919a00000 - 0x00007ff919a12000 	C:\Users\admin\.gradle\native\19\windows-amd64\native-platform.dll
0x00007ff93b880000 - 0x00007ff93b897000 	C:\WINDOWS\SYSTEM32\CRYPTSP.dll
0x00007ff93b510000 - 0x00007ff93b544000 	C:\WINDOWS\system32\rsaenh.dll
0x00007ff93bd70000 - 0x00007ff93bd99000 	C:\WINDOWS\SYSTEM32\bcrypt.dll
0x00007ff93b660000 - 0x00007ff93b67f000 	C:\WINDOWS\SYSTEM32\USERENV.dll
0x00007ff93b9a0000 - 0x00007ff93b9ab000 	C:\WINDOWS\SYSTEM32\CRYPTBASE.dll
0x00007ff934e20000 - 0x00007ff934e58000 	C:\WINDOWS\SYSTEM32\IPHLPAPI.DLL
0x00007ff93ed00000 - 0x00007ff93ed08000 	C:\WINDOWS\system32\NSI.dll
0x00007ff9344e0000 - 0x00007ff9344f6000 	C:\WINDOWS\SYSTEM32\dhcpcsvc6.DLL
0x00007ff9344c0000 - 0x00007ff9344da000 	C:\WINDOWS\SYSTEM32\dhcpcsvc.DLL
0x0000000051e60000 - 0x0000000051e6d000 	C:\Program Files\Java\jdk1.8.0_20\jre\bin\management.dll
0x00007ff92e2a0000 - 0x00007ff92e42c000 	C:\WINDOWS\SYSTEM32\dbghelp.dll

VM Arguments:
jvm_args: -XX:MaxPermSize=256m -XX:+HeapDumpOnOutOfMemoryError -Xmx1024m -Dfile.encoding=windows-1252 -Duser.country=US -Duser.language=en -Duser.variant 
java_command: org.gradle.launcher.daemon.bootstrap.GradleDaemon 2.14.1
java_class_path (initial): C:\Users\admin\.gradle\wrapper\dists\gradle-2.14.1-all\8bnwg5hd3w55iofp58khbp6yv\gradle-2.14.1\lib\gradle-launcher-2.14.1.jar
Launcher Type: SUN_STANDARD

Environment Variables:
PATH=C:\ProgramData\Oracle\Java\javapath;C:\Program Files (x86)\Intel\iCLS Client\;C:\Program Files\Intel\iCLS Client\;C:\WINDOWS\system32;C:\WINDOWS;C:\WINDOWS\System32\Wbem;C:\WINDOWS\System32\WindowsPowerShell\v1.0\;C:\Program Files\Intel\Intel(R) Management Engine Components\DAL;C:\Program Files\Intel\Intel(R) Management Engine Components\IPT;C:\Program Files (x86)\Intel\Intel(R) Management Engine Components\DAL;C:\Program Files (x86)\Intel\Intel(R) Management Engine Components\IPT;C:\Program Files\WIDCOMM\Bluetooth Software\;C:\Program Files\WIDCOMM\Bluetooth Software\syswow64;C:\Program Files (x86)\Intel\OpenCL SDK\2.0\bin\x86;C:\Program Files (x86)\Intel\OpenCL SDK\2.0\bin\x64;C:\Program Files\Intel\WiFi\bin\;C:\Program Files\Common Files\Intel\WirelessCommon\;c:\Program Files (x86)\Microsoft SQL Server\100\Tools\Binn\;c:\Program Files\Microsoft SQL Server\100\Tools\Binn\;c:\Program Files\Microsoft SQL Server\100\DTS\Binn\;C:\Program Files (x86)\MySQL\MySQL Fabric 1.5.4 & MySQL Utilities 1.5.4 1.5\;C:\Program Files (x86)\MySQL\MySQL Fabric 1.5.4 & MySQL Utilities 1.5.4 1.5\Doctrine extensions for PHP\;C:\Program Files (x86)\Borland\Delphi7\Bin;C:\Program Files (x86)\Borland\Delphi7\Projects\Bpl;C:\Program Files (x86)\Borland\Delphi7\Rave5;C:\Program Files\Git\cmd;C:\Program Files\Intel\WiFi\bin\;C:\Program Files\Common Files\Intel\WirelessCommon\
USERNAME=admin
OS=Windows_NT
PROCESSOR_IDENTIFIER=Intel64 Family 6 Model 58 Stepping 9, GenuineIntel



---------------  S Y S T E M  ---------------

OS: Windows 8.1 , 64 bit Build 9600 

CPU:total 4 (2 cores per cpu, 2 threads per core) family 6 model 58 stepping 9, cmov, cx8, fxsr, mmx, sse, sse2, sse3, ssse3, sse4.1, sse4.2, popcnt, avx, aes, clmul, erms, ht, tsc, tscinvbit, tscinv

Memory: 4k page, physical 8258576k(2267452k free), swap 10306576k(5140k free)

vm_info: Java HotSpot(TM) 64-Bit Server VM (25.20-b23) for windows-amd64 JRE (1.8.0_20-b26), built on Jul 30 2014 13:51:23 by "java_re" with MS VC++ 10.0 (VS2010)

time: Sun Sep 11 15:41:17 2016
elapsed time: 4 seconds (0d 0h 0m 4s)

