#
# There is insufficient memory for the Java Runtime Environment to continue.
# Native memory allocation (malloc) failed to allocate 122224 bytes for Chunk::new
# Possible reasons:
#   The system is out of physical RAM or swap space
#   In 32 bit mode, the process size limit was hit
# Possible solutions:
#   Reduce memory load on the system
#   Increase physical memory or swap space
#   Check if swap backing store is full
#   Use 64 bit Java on a 64 bit OS
#   Decrease Java heap size (-Xmx/-Xms)
#   Decrease number of Java threads
#   Decrease Java thread stack sizes (-Xss)
#   Set larger code cache with -XX:ReservedCodeCacheSize=
# This output file may be truncated or incomplete.
#
#  Out of Memory Error (allocation.cpp:390), pid=2300, tid=12644
#
# JRE version: Java(TM) SE Runtime Environment (8.0_20-b26) (build 1.8.0_20-b26)
# Java VM: Java HotSpot(TM) 64-Bit Server VM (25.20-b23 mixed mode windows-amd64 compressed oops)
# Failed to write core dump. Minidumps are not enabled by default on client versions of Windows
#

---------------  T H R E A D  ---------------

Current thread (0x0000000014a39800):  JavaThread "C2 CompilerThread1" daemon [_thread_in_native, id=12644, stack(0x00000000160b0000,0x00000000161b0000)]

Stack: [0x00000000160b0000,0x00000000161b0000]
Native frames: (J=compiled Java code, j=interpreted, Vv=VM code, C=native code)
V  [jvm.dll+0x3152fa]
V  [jvm.dll+0x265d03]
V  [jvm.dll+0x266943]
V  [jvm.dll+0x25e265]
V  [jvm.dll+0xbe255]
V  [jvm.dll+0xbe6fc]
V  [jvm.dll+0xbe9a4]
V  [jvm.dll+0xdc1b5]
V  [jvm.dll+0x494bb4]
V  [jvm.dll+0x4a09f5]
V  [jvm.dll+0x4ad87f]
V  [jvm.dll+0x4afaf8]
V  [jvm.dll+0x4afbfb]
V  [jvm.dll+0x49dd33]
V  [jvm.dll+0x4515a4]
V  [jvm.dll+0x452634]
V  [jvm.dll+0x435fc2]
V  [jvm.dll+0x97b62]
V  [jvm.dll+0x98353]
V  [jvm.dll+0x22aac4]
V  [jvm.dll+0x283f5a]
C  [msvcr100.dll+0x21d9f]
C  [msvcr100.dll+0x21e3b]
C  [KERNEL32.DLL+0x18102]
C  [ntdll.dll+0x5c5b4]


Current CompileTask:
C2:   4159 1405       4       com.android.dx.ssa.LiteralOpUpgrader$1::visitNonMoveInsn (203 bytes)


---------------  P R O C E S S  ---------------

Java Threads: ( => current thread )
  0x00000000165f7000 JavaThread "pool-1-thread-4" [_thread_in_Java, id=7948, stack(0x0000000016cb0000,0x0000000016db0000)]
  0x00000000165f6000 JavaThread "pool-1-thread-3" [_thread_in_Java, id=2032, stack(0x0000000016bb0000,0x0000000016cb0000)]
  0x00000000165f5000 JavaThread "pool-1-thread-2" [_thread_in_Java, id=3976, stack(0x0000000016ab0000,0x0000000016bb0000)]
  0x00000000165e8800 JavaThread "pool-2-thread-1" [_thread_blocked, id=11008, stack(0x00000000169b0000,0x0000000016ab0000)]
  0x00000000165e5800 JavaThread "pool-1-thread-1" [_thread_in_Java, id=13144, stack(0x00000000168b0000,0x00000000169b0000)]
  0x0000000014a9c800 JavaThread "Service Thread" daemon [_thread_blocked, id=14132, stack(0x00000000162b0000,0x00000000163b0000)]
  0x0000000014a91000 JavaThread "C1 CompilerThread2" daemon [_thread_blocked, id=8536, stack(0x00000000161b0000,0x00000000162b0000)]
=>0x0000000014a39800 JavaThread "C2 CompilerThread1" daemon [_thread_in_native, id=12644, stack(0x00000000160b0000,0x00000000161b0000)]
  0x0000000014a49800 JavaThread "C2 CompilerThread0" daemon [_thread_in_native, id=13264, stack(0x0000000015fb0000,0x00000000160b0000)]
  0x0000000014a47000 JavaThread "Attach Listener" daemon [_thread_blocked, id=3392, stack(0x0000000015eb0000,0x0000000015fb0000)]
  0x0000000014a46000 JavaThread "Signal Dispatcher" daemon [_thread_blocked, id=13496, stack(0x0000000015db0000,0x0000000015eb0000)]
  0x000000000235f000 JavaThread "Finalizer" daemon [_thread_blocked, id=8572, stack(0x0000000015cb0000,0x0000000015db0000)]
  0x0000000014a08000 JavaThread "Reference Handler" daemon [_thread_blocked, id=14156, stack(0x0000000015bb0000,0x0000000015cb0000)]
  0x000000000097d800 JavaThread "main" [_thread_in_vm, id=5132, stack(0x0000000002170000,0x0000000002270000)]

Other Threads:
  0x0000000014a06000 VMThread [stack: 0x0000000015ab0000,0x0000000015bb0000] [id=11112]
  0x00000000163b0800 WatcherThread [stack: 0x00000000167b0000,0x00000000168b0000] [id=14096]

VM state:not at safepoint (normal execution)

VM Mutex/Monitor currently owned by a thread: None

Heap:
 PSYoungGen      total 38400K, used 23314K [0x00000000eab00000, 0x00000000ed580000, 0x0000000100000000)
  eden space 33280K, 54% used [0x00000000eab00000,0x00000000ebccbeb0,0x00000000ecb80000)
  from space 5120K, 99% used [0x00000000ecb80000,0x00000000ed078b18,0x00000000ed080000)
  to   space 5120K, 0% used [0x00000000ed080000,0x00000000ed080000,0x00000000ed580000)
 ParOldGen       total 87552K, used 1225K [0x00000000c0000000, 0x00000000c5580000, 0x00000000eab00000)
  object space 87552K, 1% used [0x00000000c0000000,0x00000000c0132718,0x00000000c5580000)
 Metaspace       used 6075K, capacity 7024K, committed 7296K, reserved 1056768K
  class space    used 591K, capacity 616K, committed 640K, reserved 1048576K

Card table byte_map: [0x0000000011730000,0x0000000011940000] byte_map_base: 0x0000000011130000

Marking Bits: (ParMarkBitMap*) 0x0000000070fdb460
 Begin Bits: [0x0000000011ea0000, 0x0000000012ea0000)
 End Bits:   [0x0000000012ea0000, 0x0000000013ea0000)

Polling page: 0x00000000001f0000

CodeCache: size=245760Kb used=6183Kb max_used=6183Kb free=239576Kb
 bounds [0x0000000002370000, 0x0000000002980000, 0x0000000011370000]
 total_blobs=1723 nmethods=1458 adapters=178
 compilation: disabled (not enough contiguous free space left)

Compilation events (10 events):
Event: 4.122 Thread 0x0000000014a91000 nmethod 1459 0x000000000295a090 code [0x000000000295a220, 0x000000000295a5b8]
Event: 4.122 Thread 0x0000000014a91000 1460   !   3       com.android.dx.cf.attrib.AttLineNumberTable::<init> (43 bytes)
Event: 4.122 Thread 0x0000000014a91000 nmethod 1460 0x000000000295a6d0 code [0x000000000295a860, 0x000000000295ad18]
Event: 4.122 Thread 0x0000000014a91000 1461   !   3       com.android.dx.cf.attrib.AttCode::<init> (144 bytes)
Event: 4.123 Thread 0x0000000014a91000 nmethod 1461 0x000000000295af50 code [0x000000000295b160, 0x000000000295bb48]
Event: 4.123 Thread 0x0000000014a91000 1462       3       java.util.concurrent.locks.AbstractQueuedSynchronizer::hasQueuedPredecessors (40 bytes)
Event: 4.123 Thread 0x0000000014a91000 nmethod 1462 0x000000000295c050 code [0x000000000295c1c0, 0x000000000295c410]
Event: 4.124 Thread 0x0000000014a91000 1463       1       com.android.dx.cf.direct.DirectClassFile$DcfTypeList::size (5 bytes)
Event: 4.124 Thread 0x0000000014a91000 nmethod 1463 0x000000000295c4d0 code [0x000000000295c620, 0x000000000295c730]
Event: 4.125 Thread 0x0000000014a91000 1464   !   3       com.android.dx.cf.code.BytecodeArray::parseInstruction (2764 bytes)

GC Heap History (2 events):
Event: 3.452 GC heap before
{Heap before GC invocations=1 (full 0):
 PSYoungGen      total 38400K, used 33280K [0x00000000eab00000, 0x00000000ed580000, 0x0000000100000000)
  eden space 33280K, 100% used [0x00000000eab00000,0x00000000ecb80000,0x00000000ecb80000)
  from space 5120K, 0% used [0x00000000ed080000,0x00000000ed080000,0x00000000ed580000)
  to   space 5120K, 0% used [0x00000000ecb80000,0x00000000ecb80000,0x00000000ed080000)
 ParOldGen       total 87552K, used 0K [0x00000000c0000000, 0x00000000c5580000, 0x00000000eab00000)
  object space 87552K, 0% used [0x00000000c0000000,0x00000000c0000000,0x00000000c5580000)
 Metaspace       used 5985K, capacity 6960K, committed 7040K, reserved 1056768K
  class space    used 589K, capacity 616K, committed 640K, reserved 1048576K
Event: 3.671 GC heap after
Heap after GC invocations=1 (full 0):
 PSYoungGen      total 38400K, used 5090K [0x00000000eab00000, 0x00000000ed580000, 0x0000000100000000)
  eden space 33280K, 0% used [0x00000000eab00000,0x00000000eab00000,0x00000000ecb80000)
  from space 5120K, 99% used [0x00000000ecb80000,0x00000000ed078b18,0x00000000ed080000)
  to   space 5120K, 0% used [0x00000000ed080000,0x00000000ed080000,0x00000000ed580000)
 ParOldGen       total 87552K, used 1225K [0x00000000c0000000, 0x00000000c5580000, 0x00000000eab00000)
  object space 87552K, 1% used [0x00000000c0000000,0x00000000c0132718,0x00000000c5580000)
 Metaspace       used 5985K, capacity 6960K, committed 7040K, reserved 1056768K
  class space    used 589K, capacity 616K, committed 640K, reserved 1048576K
}

Deoptimization events (8 events):
Event: 2.774 Thread 0x000000000097d800 Uncommon trap: reason=class_check action=maybe_recompile pc=0x00000000025f05fc method=com.android.dx.ssa.NormalSsaInsn.accept(Lcom/android/dx/ssa/SsaInsn$Visitor;)V @ 9
Event: 2.774 Thread 0x000000000097d800 Uncommon trap: reason=class_check action=maybe_recompile pc=0x00000000025f05fc method=com.android.dx.ssa.NormalSsaInsn.accept(Lcom/android/dx/ssa/SsaInsn$Visitor;)V @ 9
Event: 2.774 Thread 0x000000000097d800 Uncommon trap: reason=class_check action=maybe_recompile pc=0x00000000025f05fc method=com.android.dx.ssa.NormalSsaInsn.accept(Lcom/android/dx/ssa/SsaInsn$Visitor;)V @ 9
Event: 2.774 Thread 0x000000000097d800 Uncommon trap: reason=class_check action=maybe_recompile pc=0x00000000025f05fc method=com.android.dx.ssa.NormalSsaInsn.accept(Lcom/android/dx/ssa/SsaInsn$Visitor;)V @ 9
Event: 2.774 Thread 0x000000000097d800 Uncommon trap: reason=class_check action=maybe_recompile pc=0x00000000025bf8b0 method=com.android.dx.ssa.NormalSsaInsn.accept(Lcom/android/dx/ssa/SsaInsn$Visitor;)V @ 9
Event: 4.064 Thread 0x00000000165f6000 Uncommon trap: reason=null_check action=make_not_entrant pc=0x0000000002799ce4 method=com.android.dx.ssa.SsaRenamer.getLocalForNewReg(I)Lcom/android/dx/rop/code/LocalItem; @ 19
Event: 4.066 Thread 0x000000000097d800 Uncommon trap: reason=unloaded action=reinterpret pc=0x00000000028ff2f0 method=com.android.dx.cf.cst.ConstantPoolParser.parse0(ILjava/util/BitSet;)Lcom/android/dx/rop/cst/Constant; @ 198
Event: 4.125 Thread 0x00000000165f7000 Uncommon trap: reason=uninitialized action=reinterpret pc=0x00000000028a6ab0 method=com.android.dx.cf.code.BytecodeArray.parseInstruction(ILcom/android/dx/cf/code/BytecodeArray$Visitor;)I @ 1031

Internal exceptions (10 events):
Event: 1.236 Thread 0x00000000165f7000 Exception <a 'java/security/PrivilegedActionException'> (0x00000000eb82ceb8) thrown at [D:\re\workspace\8-2-build-windows-amd64-cygwin\jdk8u20\1074\hotspot\src\share\vm\prims\jvm.cpp, line 1275]
Event: 1.247 Thread 0x00000000165f5000 Exception <a 'java/security/PrivilegedActionException'> (0x00000000eb549a80) thrown at [D:\re\workspace\8-2-build-windows-amd64-cygwin\jdk8u20\1074\hotspot\src\share\vm\prims\jvm.cpp, line 1275]
Event: 1.260 Thread 0x00000000165f5000 Exception <a 'java/security/PrivilegedActionException'> (0x00000000eb9aa720) thrown at [D:\re\workspace\8-2-build-windows-amd64-cygwin\jdk8u20\1074\hotspot\src\share\vm\prims\jvm.cpp, line 1275]
Event: 1.261 Thread 0x00000000165f5000 Exception <a 'java/security/PrivilegedActionException'> (0x00000000eb9b0110) thrown at [D:\re\workspace\8-2-build-windows-amd64-cygwin\jdk8u20\1074\hotspot\src\share\vm\prims\jvm.cpp, line 1275]
Event: 1.262 Thread 0x00000000165f5000 Exception <a 'java/security/PrivilegedActionException'> (0x00000000eb9b5840) thrown at [D:\re\workspace\8-2-build-windows-amd64-cygwin\jdk8u20\1074\hotspot\src\share\vm\prims\jvm.cpp, line 1275]
Event: 1.278 Thread 0x000000000097d800 Exception <a 'java/security/PrivilegedActionException'> (0x00000000eba69718) thrown at [D:\re\workspace\8-2-build-windows-amd64-cygwin\jdk8u20\1074\hotspot\src\share\vm\prims\jvm.cpp, line 1275]
Event: 1.714 Thread 0x000000000097d800 Exception <a 'java/security/PrivilegedActionException'> (0x00000000eba93348) thrown at [D:\re\workspace\8-2-build-windows-amd64-cygwin\jdk8u20\1074\hotspot\src\share\vm\prims\jvm.cpp, line 1275]
Event: 3.271 Thread 0x000000000097d800 Exception <a 'java/security/PrivilegedActionException'> (0x00000000ec742ad0) thrown at [D:\re\workspace\8-2-build-windows-amd64-cygwin\jdk8u20\1074\hotspot\src\share\vm\prims\jvm.cpp, line 1275]
Event: 3.274 Thread 0x000000000097d800 Exception <a 'java/security/PrivilegedActionException'> (0x00000000ec74e690) thrown at [D:\re\workspace\8-2-build-windows-amd64-cygwin\jdk8u20\1074\hotspot\src\share\vm\prims\jvm.cpp, line 1275]
Event: 4.064 Thread 0x00000000165f6000 Implicit null exception at 0x0000000002799166 to 0x0000000002799cc9

Events (10 events):
Event: 3.717 Executing VM operation: Deoptimize done
Event: 4.064 Thread 0x00000000165f6000 Uncommon trap: trap_request=0xfffffff4 fr.pc=0x0000000002799ce4
Event: 4.064 Thread 0x00000000165f6000 DEOPT PACKING pc=0x0000000002799ce4 sp=0x0000000016caeb80
Event: 4.064 Thread 0x00000000165f6000 DEOPT UNPACKING pc=0x00000000023b556a sp=0x0000000016cae978 mode 2
Event: 4.066 Thread 0x000000000097d800 Uncommon trap: trap_request=0x000000d2 fr.pc=0x00000000028ff2f0
Event: 4.066 Thread 0x000000000097d800 DEOPT PACKING pc=0x00000000028ff2f0 sp=0x000000000226e700
Event: 4.066 Thread 0x000000000097d800 DEOPT UNPACKING pc=0x00000000023b556a sp=0x000000000226e6b8 mode 2
Event: 4.125 Thread 0x00000000165f7000 Uncommon trap: trap_request=0xffffffb5 fr.pc=0x00000000028a6ab0
Event: 4.125 Thread 0x00000000165f7000 DEOPT PACKING pc=0x00000000028a6ab0 sp=0x0000000016daed30
Event: 4.125 Thread 0x00000000165f7000 DEOPT UNPACKING pc=0x00000000023b556a sp=0x0000000016daecd0 mode 2


Dynamic libraries:
0x00007ff684e90000 - 0x00007ff684ec4000 	C:\Program Files\Java\jdk1.8.0_20\bin\java.exe
0x00007ffb659a0000 - 0x00007ffb65b61000 	C:\WINDOWS\SYSTEM32\ntdll.dll
0x00007ffb633d0000 - 0x00007ffb6347d000 	C:\WINDOWS\system32\KERNEL32.DLL
0x00007ffb626f0000 - 0x00007ffb628d8000 	C:\WINDOWS\system32\KERNELBASE.dll
0x00007ffb606a0000 - 0x00007ffb60719000 	C:\WINDOWS\system32\apphelp.dll
0x00007ffb658f0000 - 0x00007ffb65997000 	C:\WINDOWS\system32\ADVAPI32.dll
0x00007ffb65420000 - 0x00007ffb654bd000 	C:\WINDOWS\system32\msvcrt.dll
0x00007ffb62d80000 - 0x00007ffb62ddb000 	C:\WINDOWS\system32\sechost.dll
0x00007ffb63750000 - 0x00007ffb6386c000 	C:\WINDOWS\system32\RPCRT4.dll
0x00007ffb652c0000 - 0x00007ffb65416000 	C:\WINDOWS\system32\USER32.dll
0x00007ffb63550000 - 0x00007ffb636d6000 	C:\WINDOWS\system32\GDI32.dll
0x00007ffb57250000 - 0x00007ffb574c4000 	C:\WINDOWS\WinSxS\amd64_microsoft.windows.common-controls_6595b64144ccf1df_6.0.10586.0_none_8c15ae12515e1c22\COMCTL32.dll
0x00007ffb65040000 - 0x00007ffb652bd000 	C:\WINDOWS\system32\combase.dll
0x00007ffb62680000 - 0x00007ffb626ea000 	C:\WINDOWS\system32\bcryptPrimitives.dll
0x00007ffb63870000 - 0x00007ffb638ab000 	C:\WINDOWS\system32\IMM32.DLL
0x0000000071060000 - 0x0000000071132000 	C:\Program Files\Java\jdk1.8.0_20\jre\bin\msvcr100.dll
0x0000000070800000 - 0x0000000071058000 	C:\Program Files\Java\jdk1.8.0_20\jre\bin\server\jvm.dll
0x00007ffb64f70000 - 0x00007ffb64f78000 	C:\WINDOWS\system32\PSAPI.DLL
0x00007ffb58000000 - 0x00007ffb58009000 	C:\WINDOWS\SYSTEM32\WSOCK32.dll
0x00007ffb60720000 - 0x00007ffb60743000 	C:\WINDOWS\SYSTEM32\WINMM.dll
0x00007ffb631e0000 - 0x00007ffb6324b000 	C:\WINDOWS\system32\WS2_32.dll
0x00007ffb60670000 - 0x00007ffb6069c000 	C:\WINDOWS\SYSTEM32\WINMMBASE.dll
0x00007ffb62d10000 - 0x00007ffb62d53000 	C:\WINDOWS\system32\cfgmgr32.dll
0x00000000707f0000 - 0x00000000707ff000 	C:\Program Files\Java\jdk1.8.0_20\jre\bin\verify.dll
0x00000000707c0000 - 0x00000000707e8000 	C:\Program Files\Java\jdk1.8.0_20\jre\bin\java.dll
0x00000000707a0000 - 0x00000000707b6000 	C:\Program Files\Java\jdk1.8.0_20\jre\bin\zip.dll
0x00007ffb638b0000 - 0x00007ffb64e0c000 	C:\WINDOWS\system32\SHELL32.dll
0x00007ffb62030000 - 0x00007ffb62675000 	C:\WINDOWS\system32\windows.storage.dll
0x00007ffb64f80000 - 0x00007ffb64fd2000 	C:\WINDOWS\system32\shlwapi.dll
0x00007ffb61fc0000 - 0x00007ffb61fcf000 	C:\WINDOWS\system32\kernel.appcore.dll
0x00007ffb62ba0000 - 0x00007ffb62c55000 	C:\WINDOWS\system32\shcore.dll
0x00007ffb61fe0000 - 0x00007ffb6202b000 	C:\WINDOWS\system32\powrprof.dll
0x00007ffb61fa0000 - 0x00007ffb61fb4000 	C:\WINDOWS\system32\profapi.dll
0x00007ffb555c0000 - 0x00007ffb5574c000 	C:\WINDOWS\SYSTEM32\dbghelp.dll

VM Arguments:
jvm_args: -Djava.awt.headless=true -Xmx1024M -Dfile.encoding=windows-1252 -Duser.country=US -Duser.language=en -Duser.variant 
java_command: com.android.dx.command.Main --dex --num-threads=4 --output C:\Users\admin\Documents\GitHub\ShaneelSD\SoftwareDesign\FindMeTutor\FindMeTutor\tutor_app\build\intermediates\pre-dexed\debug\com.android.support-support-media-compat-24.2.0_4366d975d6a01b8c11abfd655b03a525026df1b2.jar C:\Users\admin\Documents\GitHub\ShaneelSD\SoftwareDesign\FindMeTutor\FindMeTutor\tutor_app\build\intermediates\exploded-aar\com.android.support\support-media-compat\24.2.0\jars\classes.jar
java_class_path (initial): C:\Users\admin\AppData\Local\Android\sdk\build-tools\24.0.1\lib\dx.jar
Launcher Type: SUN_STANDARD

Environment Variables:
PATH=C:\ProgramData\Oracle\Java\javapath;C:\Program Files (x86)\Intel\iCLS Client\;C:\Program Files\Intel\iCLS Client\;C:\WINDOWS\system32;C:\WINDOWS;C:\WINDOWS\System32\Wbem;C:\WINDOWS\System32\WindowsPowerShell\v1.0\;C:\Program Files\Intel\Intel(R) Management Engine Components\DAL;C:\Program Files\Intel\Intel(R) Management Engine Components\IPT;C:\Program Files (x86)\Intel\Intel(R) Management Engine Components\DAL;C:\Program Files (x86)\Intel\Intel(R) Management Engine Components\IPT;C:\Program Files\WIDCOMM\Bluetooth Software\;C:\Program Files\WIDCOMM\Bluetooth Software\syswow64;C:\Program Files (x86)\Intel\OpenCL SDK\2.0\bin\x86;C:\Program Files (x86)\Intel\OpenCL SDK\2.0\bin\x64;C:\Program Files\Intel\WiFi\bin\;C:\Program Files\Common Files\Intel\WirelessCommon\;c:\Program Files (x86)\Microsoft SQL Server\100\Tools\Binn\;c:\Program Files\Microsoft SQL Server\100\Tools\Binn\;c:\Program Files\Microsoft SQL Server\100\DTS\Binn\;C:\Program Files (x86)\MySQL\MySQL Fabric 1.5.4 & MySQL Utilities 1.5.4 1.5\;C:\Program Files (x86)\MySQL\MySQL Fabric 1.5.4 & MySQL Utilities 1.5.4 1.5\Doctrine extensions for PHP\;C:\Program Files (x86)\Borland\Delphi7\Bin;C:\Program Files (x86)\Borland\Delphi7\Projects\Bpl;C:\Program Files (x86)\Borland\Delphi7\Rave5;C:\Program Files\Git\cmd;
USERNAME=admin
OS=Windows_NT
PROCESSOR_IDENTIFIER=Intel64 Family 6 Model 58 Stepping 9, GenuineIntel



---------------  S Y S T E M  ---------------

OS: Windows 8.1 , 64 bit Build 9600 

CPU:total 4 (2 cores per cpu, 2 threads per core) family 6 model 58 stepping 9, cmov, cx8, fxsr, mmx, sse, sse2, sse3, ssse3, sse4.1, sse4.2, popcnt, avx, aes, clmul, erms, ht, tsc, tscinvbit, tscinv

Memory: 4k page, physical 8258576k(1860040k free), swap 10306576k(5980k free)

vm_info: Java HotSpot(TM) 64-Bit Server VM (25.20-b23) for windows-amd64 JRE (1.8.0_20-b26), built on Jul 30 2014 13:51:23 by "java_re" with MS VC++ 10.0 (VS2010)

time: Thu Sep 08 21:23:51 2016
elapsed time: 4 seconds (0d 0h 0m 4s)

