#
# There is insufficient memory for the Java Runtime Environment to continue.
# Native memory allocation (malloc) failed to allocate 33554448 bytes for Chunk::new
# Possible reasons:
#   The system is out of physical RAM or swap space
#   In 32 bit mode, the process size limit was hit
# Possible solutions:
#   Reduce memory load on the system
#   Increase physical memory or swap space
#   Check if swap backing store is full
#   Use 64 bit Java on a 64 bit OS
#   Decrease Java heap size (-Xmx/-Xms)
#   Decrease number of Java threads
#   Decrease Java thread stack sizes (-Xss)
#   Set larger code cache with -XX:ReservedCodeCacheSize=
# This output file may be truncated or incomplete.
#
#  Out of Memory Error (allocation.cpp:390), pid=10252, tid=6960
#
# JRE version: Java(TM) SE Runtime Environment (8.0_20-b26) (build 1.8.0_20-b26)
# Java VM: Java HotSpot(TM) 64-Bit Server VM (25.20-b23 mixed mode windows-amd64 compressed oops)
# Failed to write core dump. Minidumps are not enabled by default on client versions of Windows
#

---------------  T H R E A D  ---------------

Current thread (0x0000000014a23800):  JavaThread "C2 CompilerThread1" daemon [_thread_in_native, id=6960, stack(0x0000000016080000,0x0000000016180000)]

Stack: [0x0000000016080000,0x0000000016180000]
Native frames: (J=compiled Java code, j=interpreted, Vv=VM code, C=native code)
V  [jvm.dll+0x3152fa]
V  [jvm.dll+0x265d03]
V  [jvm.dll+0x266943]
V  [jvm.dll+0x25e265]
V  [jvm.dll+0xbe255]
V  [jvm.dll+0xbe6fc]
V  [jvm.dll+0xf3878]
V  [jvm.dll+0x45df30]
V  [jvm.dll+0x45e1ea]
V  [jvm.dll+0x45f0cf]
V  [jvm.dll+0x46147a]
V  [jvm.dll+0x4635c5]
V  [jvm.dll+0x463f4c]
V  [jvm.dll+0x464293]
V  [jvm.dll+0x451093]
V  [jvm.dll+0x452634]
V  [jvm.dll+0x435fc2]
V  [jvm.dll+0x97b62]
V  [jvm.dll+0x98353]
V  [jvm.dll+0x22aac4]
V  [jvm.dll+0x283f5a]
C  [msvcr100.dll+0x21d9f]
C  [msvcr100.dll+0x21e3b]
C  [KERNEL32.DLL+0x18102]
C  [ntdll.dll+0x5c5b4]


Current CompileTask:
C2:   9170 2073   !   4       com.android.dx.cf.code.Ropper::processBlock (1101 bytes)


---------------  P R O C E S S  ---------------

Java Threads: ( => current thread )
  0x00000000164d5000 JavaThread "pool-2-thread-4" [_thread_blocked, id=4408, stack(0x0000000018450000,0x0000000018550000)]
  0x0000000017198000 JavaThread "pool-2-thread-3" [_thread_blocked, id=5708, stack(0x0000000018350000,0x0000000018450000)]
  0x0000000016cec000 JavaThread "pool-2-thread-2" [_thread_blocked, id=4108, stack(0x0000000018250000,0x0000000018350000)]
  0x0000000016968000 JavaThread "pool-3-thread-1" [_thread_blocked, id=11924, stack(0x0000000018150000,0x0000000018250000)]
  0x0000000016cf7800 JavaThread "pool-2-thread-1" [_thread_blocked, id=7216, stack(0x0000000018050000,0x0000000018150000)]
  0x0000000014a7c000 JavaThread "Service Thread" daemon [_thread_blocked, id=3684, stack(0x0000000016680000,0x0000000016780000)]
  0x0000000014a49800 JavaThread "C1 CompilerThread2" daemon [_thread_blocked, id=11028, stack(0x0000000016180000,0x0000000016280000)]
=>0x0000000014a23800 JavaThread "C2 CompilerThread1" daemon [_thread_in_native, id=6960, stack(0x0000000016080000,0x0000000016180000)]
  0x0000000014a1e000 JavaThread "C2 CompilerThread0" daemon [_thread_blocked, id=13200, stack(0x0000000015f80000,0x0000000016080000)]
  0x0000000014a1b800 JavaThread "Attach Listener" daemon [_thread_blocked, id=364, stack(0x0000000015e80000,0x0000000015f80000)]
  0x0000000014a1a000 JavaThread "Signal Dispatcher" daemon [_thread_blocked, id=1708, stack(0x0000000015d80000,0x0000000015e80000)]
  0x0000000002345000 JavaThread "Finalizer" daemon [_thread_blocked, id=4952, stack(0x0000000015c80000,0x0000000015d80000)]
  0x00000000149e8000 JavaThread "Reference Handler" daemon [_thread_blocked, id=5776, stack(0x0000000015b80000,0x0000000015c80000)]
  0x000000000052d800 JavaThread "main" [_thread_blocked, id=12864, stack(0x0000000002150000,0x0000000002250000)]

Other Threads:
  0x00000000149e6000 VMThread [stack: 0x0000000015a80000,0x0000000015b80000] [id=6952]
  0x0000000014a7e800 WatcherThread [stack: 0x0000000016780000,0x0000000016880000] [id=1780]

VM state:at safepoint (normal execution)

VM Mutex/Monitor currently owned by a thread:  ([mutex/lock_event])
[0x000000000052cf00] Threads_lock - owner thread: 0x00000000149e6000
[0x000000000052c700] Heap_lock - owner thread: 0x000000000052d800

Heap:
 PSYoungGen      total 71680K, used 5120K [0x00000000eab00000, 0x00000000ef600000, 0x0000000100000000)
  eden space 66560K, 0% used [0x00000000eab00000,0x00000000eab00000,0x00000000eec00000)
  from space 5120K, 100% used [0x00000000eec00000,0x00000000ef100000,0x00000000ef100000)
  to   space 5120K, 0% used [0x00000000ef100000,0x00000000ef100000,0x00000000ef600000)
 ParOldGen       total 141824K, used 133941K [0x00000000c0000000, 0x00000000c8a80000, 0x00000000eab00000)
  object space 141824K, 94% used [0x00000000c0000000,0x00000000c82cd488,0x00000000c8a80000)
 Metaspace       used 6506K, capacity 7320K, committed 7680K, reserved 1056768K
  class space    used 615K, capacity 656K, committed 768K, reserved 1048576K

Card table byte_map: [0x0000000011710000,0x0000000011920000] byte_map_base: 0x0000000011110000

Marking Bits: (ParMarkBitMap*) 0x000000006621b460
 Begin Bits: [0x0000000011e80000, 0x0000000012e80000)
 End Bits:   [0x0000000012e80000, 0x0000000013e80000)

Polling page: 0x0000000000500000

CodeCache: size=245760Kb used=9351Kb max_used=9351Kb free=236408Kb
 bounds [0x0000000002350000, 0x0000000002c80000, 0x0000000011350000]
 total_blobs=2415 nmethods=2149 adapters=179
 compilation: enabled

Compilation events (10 events):
Event: 7.877 Thread 0x0000000014a49800 2250       1       java.util.concurrent.ThreadPoolExecutor::beforeExecute (1 bytes)
Event: 7.878 Thread 0x0000000014a49800 nmethod 2250 0x0000000002c4b110 code [0x0000000002c4b260, 0x0000000002c4b370]
Event: 7.906 Thread 0x0000000014a49800 2251       2       com.android.dx.cf.code.Ropper$CatchInfo::<init> (6 bytes)
Event: 7.906 Thread 0x0000000014a49800 nmethod 2251 0x0000000002c4ad10 code [0x0000000002c4ae60, 0x0000000002c4b030]
Event: 7.906 Thread 0x0000000014a49800 2252       2       com.android.dx.cf.code.Ropper$CatchInfo::<init> (21 bytes)
Event: 7.906 Thread 0x0000000014a49800 nmethod 2252 0x0000000002c4a950 code [0x0000000002c4aaa0, 0x0000000002c4ac70]
Event: 7.906 Thread 0x0000000014a49800 2253       2       com.android.dx.cf.code.Ropper$CatchInfo::getSetups (10 bytes)
Event: 7.907 Thread 0x0000000014a49800 nmethod 2253 0x0000000002c4a5d0 code [0x0000000002c4a740, 0x0000000002c4a8c8]
Event: 7.916 Thread 0x0000000014a49800 2254       1       java.util.concurrent.ThreadPoolExecutor::afterExecute (1 bytes)
Event: 7.916 Thread 0x0000000014a49800 nmethod 2254 0x0000000002c6b690 code [0x0000000002c6b7e0, 0x0000000002c6b8f0]

GC Heap History (10 events):
Event: 6.531 GC heap after
Heap after GC invocations=14 (full 1):
 PSYoungGen      total 71680K, used 5108K [0x00000000eab00000, 0x00000000ef600000, 0x0000000100000000)
  eden space 66560K, 0% used [0x00000000eab00000,0x00000000eab00000,0x00000000eec00000)
  from space 5120K, 99% used [0x00000000eec00000,0x00000000ef0fd028,0x00000000ef100000)
  to   space 5120K, 0% used [0x00000000ef100000,0x00000000ef100000,0x00000000ef600000)
 ParOldGen       total 141824K, used 90951K [0x00000000c0000000, 0x00000000c8a80000, 0x00000000eab00000)
  object space 141824K, 64% used [0x00000000c0000000,0x00000000c58d1d60,0x00000000c8a80000)
 Metaspace       used 6483K, capacity 7256K, committed 7424K, reserved 1056768K
  class space    used 615K, capacity 656K, committed 768K, reserved 1048576K
}
Event: 6.901 GC heap before
{Heap before GC invocations=15 (full 1):
 PSYoungGen      total 71680K, used 71668K [0x00000000eab00000, 0x00000000ef600000, 0x0000000100000000)
  eden space 66560K, 100% used [0x00000000eab00000,0x00000000eec00000,0x00000000eec00000)
  from space 5120K, 99% used [0x00000000eec00000,0x00000000ef0fd028,0x00000000ef100000)
  to   space 5120K, 0% used [0x00000000ef100000,0x00000000ef100000,0x00000000ef600000)
 ParOldGen       total 141824K, used 90951K [0x00000000c0000000, 0x00000000c8a80000, 0x00000000eab00000)
  object space 141824K, 64% used [0x00000000c0000000,0x00000000c58d1d60,0x00000000c8a80000)
 Metaspace       used 6495K, capacity 7256K, committed 7424K, reserved 1056768K
  class space    used 615K, capacity 656K, committed 768K, reserved 1048576K
Event: 6.930 GC heap after
Heap after GC invocations=15 (full 1):
 PSYoungGen      total 71680K, used 5107K [0x00000000eab00000, 0x00000000ef600000, 0x0000000100000000)
  eden space 66560K, 0% used [0x00000000eab00000,0x00000000eab00000,0x00000000eec00000)
  from space 5120K, 99% used [0x00000000ef100000,0x00000000ef5fcea0,0x00000000ef600000)
  to   space 5120K, 0% used [0x00000000eec00000,0x00000000eec00000,0x00000000ef100000)
 ParOldGen       total 141824K, used 101602K [0x00000000c0000000, 0x00000000c8a80000, 0x00000000eab00000)
  object space 141824K, 71% used [0x00000000c0000000,0x00000000c6338ac8,0x00000000c8a80000)
 Metaspace       used 6495K, capacity 7256K, committed 7424K, reserved 1056768K
  class space    used 615K, capacity 656K, committed 768K, reserved 1048576K
}
Event: 7.241 GC heap before
{Heap before GC invocations=16 (full 1):
 PSYoungGen      total 71680K, used 71667K [0x00000000eab00000, 0x00000000ef600000, 0x0000000100000000)
  eden space 66560K, 100% used [0x00000000eab00000,0x00000000eec00000,0x00000000eec00000)
  from space 5120K, 99% used [0x00000000ef100000,0x00000000ef5fcea0,0x00000000ef600000)
  to   space 5120K, 0% used [0x00000000eec00000,0x00000000eec00000,0x00000000ef100000)
 ParOldGen       total 141824K, used 101602K [0x00000000c0000000, 0x00000000c8a80000, 0x00000000eab00000)
  object space 141824K, 71% used [0x00000000c0000000,0x00000000c6338ac8,0x00000000c8a80000)
 Metaspace       used 6496K, capacity 7256K, committed 7424K, reserved 1056768K
  class space    used 615K, capacity 656K, committed 768K, reserved 1048576K
Event: 7.270 GC heap after
Heap after GC invocations=16 (full 1):
 PSYoungGen      total 71680K, used 5093K [0x00000000eab00000, 0x00000000ef600000, 0x0000000100000000)
  eden space 66560K, 0% used [0x00000000eab00000,0x00000000eab00000,0x00000000eec00000)
  from space 5120K, 99% used [0x00000000eec00000,0x00000000ef0f9428,0x00000000ef100000)
  to   space 5120K, 0% used [0x00000000ef100000,0x00000000ef100000,0x00000000ef600000)
 ParOldGen       total 141824K, used 111899K [0x00000000c0000000, 0x00000000c8a80000, 0x00000000eab00000)
  object space 141824K, 78% used [0x00000000c0000000,0x00000000c6d46ff0,0x00000000c8a80000)
 Metaspace       used 6496K, capacity 7256K, committed 7424K, reserved 1056768K
  class space    used 615K, capacity 656K, committed 768K, reserved 1048576K
}
Event: 7.560 GC heap before
{Heap before GC invocations=17 (full 1):
 PSYoungGen      total 71680K, used 71653K [0x00000000eab00000, 0x00000000ef600000, 0x0000000100000000)
  eden space 66560K, 100% used [0x00000000eab00000,0x00000000eec00000,0x00000000eec00000)
  from space 5120K, 99% used [0x00000000eec00000,0x00000000ef0f9428,0x00000000ef100000)
  to   space 5120K, 0% used [0x00000000ef100000,0x00000000ef100000,0x00000000ef600000)
 ParOldGen       total 141824K, used 111899K [0x00000000c0000000, 0x00000000c8a80000, 0x00000000eab00000)
  object space 141824K, 78% used [0x00000000c0000000,0x00000000c6d46ff0,0x00000000c8a80000)
 Metaspace       used 6496K, capacity 7256K, committed 7424K, reserved 1056768K
  class space    used 615K, capacity 656K, committed 768K, reserved 1048576K
Event: 7.598 GC heap after
Heap after GC invocations=17 (full 1):
 PSYoungGen      total 71680K, used 5120K [0x00000000eab00000, 0x00000000ef600000, 0x0000000100000000)
  eden space 66560K, 0% used [0x00000000eab00000,0x00000000eab00000,0x00000000eec00000)
  from space 5120K, 100% used [0x00000000ef100000,0x00000000ef600000,0x00000000ef600000)
  to   space 5120K, 0% used [0x00000000eec00000,0x00000000eec00000,0x00000000ef100000)
 ParOldGen       total 141824K, used 121535K [0x00000000c0000000, 0x00000000c8a80000, 0x00000000eab00000)
  object space 141824K, 85% used [0x00000000c0000000,0x00000000c76afe78,0x00000000c8a80000)
 Metaspace       used 6496K, capacity 7256K, committed 7424K, reserved 1056768K
  class space    used 615K, capacity 656K, committed 768K, reserved 1048576K
}
Event: 7.959 GC heap before
{Heap before GC invocations=18 (full 1):
 PSYoungGen      total 71680K, used 71680K [0x00000000eab00000, 0x00000000ef600000, 0x0000000100000000)
  eden space 66560K, 100% used [0x00000000eab00000,0x00000000eec00000,0x00000000eec00000)
  from space 5120K, 100% used [0x00000000ef100000,0x00000000ef600000,0x00000000ef600000)
  to   space 5120K, 0% used [0x00000000eec00000,0x00000000eec00000,0x00000000ef100000)
 ParOldGen       total 141824K, used 122791K [0x00000000c0000000, 0x00000000c8a80000, 0x00000000eab00000)
  object space 141824K, 86% used [0x00000000c0000000,0x00000000c77e9c20,0x00000000c8a80000)
 Metaspace       used 6506K, capacity 7320K, committed 7680K, reserved 1056768K
  class space    used 615K, capacity 656K, committed 768K, reserved 1048576K
Event: 7.995 GC heap after
Heap after GC invocations=18 (full 1):
 PSYoungGen      total 71680K, used 5120K [0x00000000eab00000, 0x00000000ef600000, 0x0000000100000000)
  eden space 66560K, 0% used [0x00000000eab00000,0x00000000eab00000,0x00000000eec00000)
  from space 5120K, 100% used [0x00000000eec00000,0x00000000ef100000,0x00000000ef100000)
  to   space 5120K, 0% used [0x00000000ef100000,0x00000000ef100000,0x00000000ef600000)
 ParOldGen       total 141824K, used 133941K [0x00000000c0000000, 0x00000000c8a80000, 0x00000000eab00000)
  object space 141824K, 94% used [0x00000000c0000000,0x00000000c82cd488,0x00000000c8a80000)
 Metaspace       used 6506K, capacity 7320K, committed 7680K, reserved 1056768K
  class space    used 615K, capacity 656K, committed 768K, reserved 1048576K
}
Event: 7.995 GC heap before
{Heap before GC invocations=19 (full 2):
 PSYoungGen      total 71680K, used 5120K [0x00000000eab00000, 0x00000000ef600000, 0x0000000100000000)
  eden space 66560K, 0% used [0x00000000eab00000,0x00000000eab00000,0x00000000eec00000)
  from space 5120K, 100% used [0x00000000eec00000,0x00000000ef100000,0x00000000ef100000)
  to   space 5120K, 0% used [0x00000000ef100000,0x00000000ef100000,0x00000000ef600000)
 ParOldGen       total 141824K, used 133941K [0x00000000c0000000, 0x00000000c8a80000, 0x00000000eab00000)
  object space 141824K, 94% used [0x00000000c0000000,0x00000000c82cd488,0x00000000c8a80000)
 Metaspace       used 6506K, capacity 7320K, committed 7680K, reserved 1056768K
  class space    used 615K, capacity 656K, committed 768K, reserved 1048576K

Deoptimization events (10 events):
Event: 5.579 Thread 0x000000000052d800 Uncommon trap: reason=bimorphic action=maybe_recompile pc=0x0000000002b1f598 method=com.android.dx.cf.code.BytecodeArray.parseInstruction(ILcom/android/dx/cf/code/BytecodeArray$Visitor;)I @ 1051
Event: 6.429 Thread 0x0000000016cf7800 Uncommon trap: reason=bimorphic action=maybe_recompile pc=0x0000000002bf2264 method=com.android.dx.cf.code.BytecodeArray.parseInstruction(ILcom/android/dx/cf/code/BytecodeArray$Visitor;)I @ 1597
Event: 6.429 Thread 0x0000000016cf7800 Uncommon trap: reason=bimorphic action=maybe_recompile pc=0x0000000002bf2fc8 method=com.android.dx.cf.code.BytecodeArray.parseInstruction(ILcom/android/dx/cf/code/BytecodeArray$Visitor;)I @ 1417
Event: 6.430 Thread 0x0000000016cf7800 Uncommon trap: reason=bimorphic action=maybe_recompile pc=0x0000000002bf2264 method=com.android.dx.cf.code.BytecodeArray.parseInstruction(ILcom/android/dx/cf/code/BytecodeArray$Visitor;)I @ 1597
Event: 7.029 Thread 0x0000000016cec000 Uncommon trap: reason=bimorphic action=maybe_recompile pc=0x0000000002c18d84 method=com.android.dx.rop.code.RegisterSpec.getFrameType()Lcom/android/dx/rop/type/TypeBearer; @ 4
Event: 7.075 Thread 0x00000000164d5000 Uncommon trap: reason=bimorphic action=maybe_recompile pc=0x0000000002c18d84 method=com.android.dx.rop.code.RegisterSpec.getFrameType()Lcom/android/dx/rop/type/TypeBearer; @ 4
Event: 7.633 Thread 0x0000000016cf7800 Uncommon trap: reason=bimorphic action=maybe_recompile pc=0x0000000002c18d84 method=com.android.dx.rop.code.RegisterSpec.getFrameType()Lcom/android/dx/rop/type/TypeBearer; @ 4
Event: 7.638 Thread 0x0000000016cf7800 Uncommon trap: reason=bimorphic action=maybe_recompile pc=0x0000000002c30dcc method=com.android.dx.cf.code.BytecodeArray.parseInstruction(ILcom/android/dx/cf/code/BytecodeArray$Visitor;)I @ 2281
Event: 7.638 Thread 0x0000000016cf7800 Uncommon trap: reason=bimorphic action=maybe_recompile pc=0x0000000002c30dcc method=com.android.dx.cf.code.BytecodeArray.parseInstruction(ILcom/android/dx/cf/code/BytecodeArray$Visitor;)I @ 2281
Event: 7.856 Thread 0x0000000016cf7800 Uncommon trap: reason=bimorphic action=maybe_recompile pc=0x0000000002c18d84 method=com.android.dx.rop.code.RegisterSpec.getFrameType()Lcom/android/dx/rop/type/TypeBearer; @ 4

Internal exceptions (10 events):
Event: 1.097 Thread 0x00000000164d5000 Implicit null exception at 0x00000000026af522 to 0x00000000026af621
Event: 1.306 Thread 0x0000000017198000 Implicit null exception at 0x00000000027994fd to 0x000000000279b9ad
Event: 1.529 Thread 0x0000000016cf7800 Exception <a 'java/security/PrivilegedActionException'> (0x00000000ebfbf140) thrown at [D:\re\workspace\8-2-build-windows-amd64-cygwin\jdk8u20\1074\hotspot\src\share\vm\prims\jvm.cpp, line 1275]
Event: 1.812 Thread 0x00000000164d5000 Implicit null exception at 0x0000000002813b90 to 0x0000000002813d01
Event: 1.847 Thread 0x000000000052d800 Exception <a 'java/security/PrivilegedActionException'> (0x00000000ec0c8b88) thrown at [D:\re\workspace\8-2-build-windows-amd64-cygwin\jdk8u20\1074\hotspot\src\share\vm\prims\jvm.cpp, line 1275]
Event: 2.429 Thread 0x0000000016cf7800 Exception <a 'java/lang/ArrayIndexOutOfBoundsException': 18> (0x00000000eb89c9e0) thrown at [D:\re\workspace\8-2-build-windows-amd64-cygwin\jdk8u20\1074\hotspot\src\share\vm\interpreter\interpreterRuntime.cpp, line 366]
Event: 2.430 Thread 0x0000000016cf7800 Exception <a 'java/lang/ArrayIndexOutOfBoundsException': 145> (0x00000000eb89e478) thrown at [D:\re\workspace\8-2-build-windows-amd64-cygwin\jdk8u20\1074\hotspot\src\share\vm\interpreter\interpreterRuntime.cpp, line 366]
Event: 2.431 Thread 0x0000000016cf7800 Exception <a 'java/lang/ArrayIndexOutOfBoundsException'> (0x00000000eb89f690) thrown at [D:\re\workspace\8-2-build-windows-amd64-cygwin\jdk8u20\1074\hotspot\src\share\vm\runtime\sharedRuntime.cpp, line 604]
Event: 2.599 Thread 0x00000000164d5000 Exception <a 'java/security/PrivilegedActionException'> (0x00000000ecf31c08) thrown at [D:\re\workspace\8-2-build-windows-amd64-cygwin\jdk8u20\1074\hotspot\src\share\vm\prims\jvm.cpp, line 1275]
Event: 6.060 Thread 0x000000000052d800 Exception <a 'java/security/PrivilegedActionException'> (0x00000000ec7c7800) thrown at [D:\re\workspace\8-2-build-windows-amd64-cygwin\jdk8u20\1074\hotspot\src\share\vm\prims\jvm.cpp, line 1275]

Events (10 events):
Event: 7.638 Thread 0x0000000016cf7800 DEOPT UNPACKING pc=0x000000000239556a sp=0x000000001814e978 mode 2
Event: 7.638 Thread 0x0000000016cf7800 Uncommon trap: trap_request=0xffffffc6 fr.pc=0x0000000002c30dcc
Event: 7.638 Thread 0x0000000016cf7800 DEOPT PACKING pc=0x0000000002c30dcc sp=0x000000001814e810
Event: 7.638 Thread 0x0000000016cf7800 DEOPT UNPACKING pc=0x000000000239556a sp=0x000000001814e7c8 mode 2
Event: 7.856 Thread 0x0000000016cf7800 Uncommon trap: trap_request=0xffffffc6 fr.pc=0x0000000002c18d84
Event: 7.856 Thread 0x0000000016cf7800 DEOPT PACKING pc=0x0000000002c18d84 sp=0x000000001814e3b0
Event: 7.856 Thread 0x0000000016cf7800 DEOPT UNPACKING pc=0x000000000239556a sp=0x000000001814e280 mode 2
Event: 7.940 Executing VM operation: ParallelGCFailedAllocation
Event: 7.941 Executing VM operation: ParallelGCFailedAllocation done
Event: 7.959 Executing VM operation: ParallelGCSystemGC


Dynamic libraries:
0x00007ff63d590000 - 0x00007ff63d5c4000 	C:\Program Files\Java\jdk1.8.0_20\bin\java.exe
0x00007ffabae30000 - 0x00007ffabaff1000 	C:\WINDOWS\SYSTEM32\ntdll.dll
0x00007ffab8270000 - 0x00007ffab831d000 	C:\WINDOWS\system32\KERNEL32.DLL
0x00007ffab74e0000 - 0x00007ffab76c8000 	C:\WINDOWS\system32\KERNELBASE.dll
0x00007ffab9db0000 - 0x00007ffab9e57000 	C:\WINDOWS\system32\ADVAPI32.dll
0x00007ffab9cb0000 - 0x00007ffab9d4d000 	C:\WINDOWS\system32\msvcrt.dll
0x00007ffab9950000 - 0x00007ffab99ab000 	C:\WINDOWS\system32\sechost.dll
0x00007ffaba150000 - 0x00007ffaba26c000 	C:\WINDOWS\system32\RPCRT4.dll
0x00007ffab99b0000 - 0x00007ffab9b06000 	C:\WINDOWS\system32\USER32.dll
0x00007ffab9b20000 - 0x00007ffab9ca6000 	C:\WINDOWS\system32\GDI32.dll
0x00007ffaabab0000 - 0x00007ffaabd24000 	C:\WINDOWS\WinSxS\amd64_microsoft.windows.common-controls_6595b64144ccf1df_6.0.10586.0_none_8c15ae12515e1c22\COMCTL32.dll
0x00007ffaba320000 - 0x00007ffaba59d000 	C:\WINDOWS\system32\combase.dll
0x00007ffab7780000 - 0x00007ffab77ea000 	C:\WINDOWS\system32\bcryptPrimitives.dll
0x00007ffaba870000 - 0x00007ffaba8ab000 	C:\WINDOWS\system32\IMM32.DLL
0x0000000066bf0000 - 0x0000000066cc2000 	C:\Program Files\Java\jdk1.8.0_20\jre\bin\msvcr100.dll
0x0000000065a40000 - 0x0000000066298000 	C:\Program Files\Java\jdk1.8.0_20\jre\bin\server\jvm.dll
0x00007ffab9b10000 - 0x00007ffab9b18000 	C:\WINDOWS\system32\PSAPI.DLL
0x00007ffab5680000 - 0x00007ffab56a3000 	C:\WINDOWS\SYSTEM32\WINMM.dll
0x00007ffaaca50000 - 0x00007ffaaca59000 	C:\WINDOWS\SYSTEM32\WSOCK32.dll
0x00007ffab9ed0000 - 0x00007ffab9f3b000 	C:\WINDOWS\system32\WS2_32.dll
0x0000000002080000 - 0x00000000020ac000 	C:\WINDOWS\SYSTEM32\WINMMBASE.dll
0x00007ffab7730000 - 0x00007ffab7773000 	C:\WINDOWS\system32\cfgmgr32.dll
0x0000000066be0000 - 0x0000000066bef000 	C:\Program Files\Java\jdk1.8.0_20\jre\bin\verify.dll
0x0000000065a10000 - 0x0000000065a38000 	C:\Program Files\Java\jdk1.8.0_20\jre\bin\java.dll
0x0000000066bc0000 - 0x0000000066bd6000 	C:\Program Files\Java\jdk1.8.0_20\jre\bin\zip.dll
0x00007ffab83f0000 - 0x00007ffab994c000 	C:\WINDOWS\system32\SHELL32.dll
0x00007ffab7880000 - 0x00007ffab7ec5000 	C:\WINDOWS\system32\windows.storage.dll
0x00007ffab9d50000 - 0x00007ffab9da2000 	C:\WINDOWS\system32\shlwapi.dll
0x00007ffab7480000 - 0x00007ffab748f000 	C:\WINDOWS\system32\kernel.appcore.dll
0x00007ffab7f80000 - 0x00007ffab8035000 	C:\WINDOWS\system32\shcore.dll
0x00007ffab7430000 - 0x00007ffab747b000 	C:\WINDOWS\system32\powrprof.dll
0x00007ffab7490000 - 0x00007ffab74a4000 	C:\WINDOWS\system32\profapi.dll
0x00007ffaac790000 - 0x00007ffaac91c000 	C:\WINDOWS\SYSTEM32\dbghelp.dll

VM Arguments:
jvm_args: -Djava.awt.headless=true -Xmx1024M -Dfile.encoding=windows-1252 -Duser.country=US -Duser.language=en -Duser.variant 
java_command: com.android.dx.command.Main --dex --num-threads=4 --multi-dex --main-dex-list C:\Users\admin\Documents\GitHub\ShaneelSD\SoftwareDesign\FindMeTutor\FindMeTutor\tutor_app\build\intermediates\multi-dex\debug\maindexlist.txt --output C:\Users\admin\Documents\GitHub\ShaneelSD\SoftwareDesign\FindMeTutor\FindMeTutor\tutor_app\build\intermediates\transforms\dex\debug\folders\1000\1f\main C:\Users\admin\Documents\GitHub\ShaneelSD\SoftwareDesign\FindMeTutor\FindMeTutor\tutor_app\build\intermediates\transforms\jarMerging\debug\jars\1\1f\combined.jar
java_class_path (initial): C:\Users\admin\AppData\Local\Android\sdk\build-tools\24.0.1\lib\dx.jar
Launcher Type: SUN_STANDARD

Environment Variables:
PATH=C:\ProgramData\Oracle\Java\javapath;C:\Program Files (x86)\Intel\iCLS Client\;C:\Program Files\Intel\iCLS Client\;C:\WINDOWS\system32;C:\WINDOWS;C:\WINDOWS\System32\Wbem;C:\WINDOWS\System32\WindowsPowerShell\v1.0\;C:\Program Files\Intel\Intel(R) Management Engine Components\DAL;C:\Program Files\Intel\Intel(R) Management Engine Components\IPT;C:\Program Files (x86)\Intel\Intel(R) Management Engine Components\DAL;C:\Program Files (x86)\Intel\Intel(R) Management Engine Components\IPT;C:\Program Files\WIDCOMM\Bluetooth Software\;C:\Program Files\WIDCOMM\Bluetooth Software\syswow64;C:\Program Files (x86)\Intel\OpenCL SDK\2.0\bin\x86;C:\Program Files (x86)\Intel\OpenCL SDK\2.0\bin\x64;C:\Program Files\Intel\WiFi\bin\;C:\Program Files\Common Files\Intel\WirelessCommon\;c:\Program Files (x86)\Microsoft SQL Server\100\Tools\Binn\;c:\Program Files\Microsoft SQL Server\100\Tools\Binn\;c:\Program Files\Microsoft SQL Server\100\DTS\Binn\;C:\Program Files (x86)\MySQL\MySQL Fabric 1.5.4 & MySQL Utilities 1.5.4 1.5\;C:\Program Files (x86)\MySQL\MySQL Fabric 1.5.4 & MySQL Utilities 1.5.4 1.5\Doctrine extensions for PHP\;C:\Program Files (x86)\Borland\Delphi7\Bin;C:\Program Files (x86)\Borland\Delphi7\Projects\Bpl;C:\Program Files (x86)\Borland\Delphi7\Rave5;C:\Program Files\Git\cmd;C:\Program Files\Intel\WiFi\bin\;C:\Program Files\Common Files\Intel\WirelessCommon\
USERNAME=admin
OS=Windows_NT
PROCESSOR_IDENTIFIER=Intel64 Family 6 Model 58 Stepping 9, GenuineIntel



---------------  S Y S T E M  ---------------

OS: Windows 8.1 , 64 bit Build 9600 

CPU:total 4 (2 cores per cpu, 2 threads per core) family 6 model 58 stepping 9, cmov, cx8, fxsr, mmx, sse, sse2, sse3, ssse3, sse4.1, sse4.2, popcnt, avx, aes, clmul, erms, ht, tsc, tscinvbit, tscinv

Memory: 4k page, physical 8258576k(1559912k free), swap 10306576k(19424k free)

vm_info: Java HotSpot(TM) 64-Bit Server VM (25.20-b23) for windows-amd64 JRE (1.8.0_20-b26), built on Jul 30 2014 13:51:23 by "java_re" with MS VC++ 10.0 (VS2010)

time: Thu Sep 22 15:52:34 2016
elapsed time: 9 seconds (0d 0h 0m 9s)

