#
# There is insufficient memory for the Java Runtime Environment to continue.
# Native memory allocation (malloc) failed to allocate 32744 bytes for ChunkPool::allocate
# Possible reasons:
#   The system is out of physical RAM or swap space
#   In 32 bit mode, the process size limit was hit
# Possible solutions:
#   Reduce memory load on the system
#   Increase physical memory or swap space
#   Check if swap backing store is full
#   Use 64 bit Java on a 64 bit OS
#   Decrease Java heap size (-Xmx/-Xms)
#   Decrease number of Java threads
#   Decrease Java thread stack sizes (-Xss)
#   Set larger code cache with -XX:ReservedCodeCacheSize=
# This output file may be truncated or incomplete.
#
#  Out of Memory Error (allocation.cpp:273), pid=4828, tid=9960
#
# JRE version: Java(TM) SE Runtime Environment (8.0_20-b26) (build 1.8.0_20-b26)
# Java VM: Java HotSpot(TM) 64-Bit Server VM (25.20-b23 mixed mode windows-amd64 compressed oops)
# Failed to write core dump. Minidumps are not enabled by default on client versions of Windows
#

---------------  T H R E A D  ---------------

Current thread (0x00000000149fc000):  JavaThread "C1 CompilerThread2" daemon [_thread_in_native, id=9960, stack(0x0000000016100000,0x0000000016200000)]

Stack: [0x0000000016100000,0x0000000016200000]
Native frames: (J=compiled Java code, j=interpreted, Vv=VM code, C=native code)
V  [jvm.dll+0x3152fa]


Current CompileTask:
C1:   1080  606   !   3       com.android.dx.cf.code.BytecodeArray::parseInstruction (2764 bytes)


---------------  P R O C E S S  ---------------

Java Threads: ( => current thread )
  0x00000000163d4800 JavaThread "pool-1-thread-4" [_thread_in_Java, id=8080, stack(0x0000000016c00000,0x0000000016d00000)]
  0x00000000163d3000 JavaThread "pool-1-thread-3" [_thread_in_Java, id=13492, stack(0x0000000016b00000,0x0000000016c00000)]
  0x00000000163d2000 JavaThread "pool-1-thread-2" [_thread_in_Java, id=5224, stack(0x0000000016a00000,0x0000000016b00000)]
  0x00000000163cf000 JavaThread "pool-2-thread-1" [_thread_blocked, id=4204, stack(0x0000000016900000,0x0000000016a00000)]
  0x00000000163cc800 JavaThread "pool-1-thread-1" [_thread_in_Java, id=8088, stack(0x0000000016800000,0x0000000016900000)]
  0x0000000016204800 JavaThread "Service Thread" daemon [_thread_blocked, id=12764, stack(0x0000000016600000,0x0000000016700000)]
=>0x00000000149fc000 JavaThread "C1 CompilerThread2" daemon [_thread_in_native, id=9960, stack(0x0000000016100000,0x0000000016200000)]
  0x00000000149f9000 JavaThread "C2 CompilerThread1" daemon [_thread_blocked, id=6696, stack(0x0000000016000000,0x0000000016100000)]
  0x00000000149ad800 JavaThread "C2 CompilerThread0" daemon [_thread_blocked, id=13372, stack(0x0000000015f00000,0x0000000016000000)]
  0x00000000149ab000 JavaThread "Attach Listener" daemon [_thread_blocked, id=12548, stack(0x0000000015e00000,0x0000000015f00000)]
  0x00000000149aa000 JavaThread "Signal Dispatcher" daemon [_thread_blocked, id=13076, stack(0x0000000015d00000,0x0000000015e00000)]
  0x00000000022cf000 JavaThread "Finalizer" daemon [_thread_blocked, id=5824, stack(0x0000000015c00000,0x0000000015d00000)]
  0x0000000014978000 JavaThread "Reference Handler" daemon [_thread_blocked, id=3696, stack(0x0000000015b00000,0x0000000015c00000)]
  0x000000000052d800 JavaThread "main" [_thread_in_Java, id=3224, stack(0x00000000020d0000,0x00000000021d0000)]

Other Threads:
  0x0000000014976000 VMThread [stack: 0x0000000015a00000,0x0000000015b00000] [id=14432]
  0x0000000016207000 WatcherThread [stack: 0x0000000016700000,0x0000000016800000] [id=14836]

VM state:not at safepoint (normal execution)

VM Mutex/Monitor currently owned by a thread: None

Heap:
 PSYoungGen      total 38400K, used 14692K [0x00000000eab00000, 0x00000000ed580000, 0x0000000100000000)
  eden space 33280K, 44% used [0x00000000eab00000,0x00000000eb959180,0x00000000ecb80000)
  from space 5120K, 0% used [0x00000000ed080000,0x00000000ed080000,0x00000000ed580000)
  to   space 5120K, 0% used [0x00000000ecb80000,0x00000000ecb80000,0x00000000ed080000)
 ParOldGen       total 87552K, used 0K [0x00000000c0000000, 0x00000000c5580000, 0x00000000eab00000)
  object space 87552K, 0% used [0x00000000c0000000,0x00000000c0000000,0x00000000c5580000)
 Metaspace       used 5471K, capacity 6512K, committed 6784K, reserved 1056768K
  class space    used 585K, capacity 616K, committed 640K, reserved 1048576K

Card table byte_map: [0x00000000116a0000,0x00000000118b0000] byte_map_base: 0x00000000110a0000

Marking Bits: (ParMarkBitMap*) 0x00000000546eb460
 Begin Bits: [0x0000000011e10000, 0x0000000012e10000)
 End Bits:   [0x0000000012e10000, 0x0000000013e10000)

Polling page: 0x00000000001f0000

CodeCache: size=245760Kb used=2223Kb max_used=2234Kb free=243536Kb
 bounds [0x00000000022e0000, 0x0000000002550000, 0x00000000112e0000]
 total_blobs=864 nmethods=600 adapters=178
 compilation: enabled

Compilation events (10 events):
Event: 1.040 Thread 0x00000000149fc000 nmethod 597 0x000000000250b4d0 code [0x000000000250b640, 0x000000000250b8c8]
Event: 1.040 Thread 0x00000000149fc000  598       3       com.android.dx.dex.code.CodeAddress::<init> (11 bytes)
Event: 1.040 Thread 0x00000000149ad800  605       4       com.android.dx.util.Bits::set (19 bytes)
Event: 1.040 Thread 0x00000000149fc000 nmethod 598 0x000000000250b9d0 code [0x000000000250bb40, 0x000000000250bd68]
Event: 1.040 Thread 0x00000000149fc000  599       3       com.android.dx.rop.code.InsnList::getLast (11 bytes)
Event: 1.040 Thread 0x00000000149fc000 nmethod 599 0x000000000250be50 code [0x000000000250bfe0, 0x000000000250c488]
Event: 1.040 Thread 0x00000000149fc000  604       3       java.util.HashSet::<init> (16 bytes)
Event: 1.040 Thread 0x00000000149fc000 nmethod 604 0x000000000250c5d0 code [0x000000000250c760, 0x000000000250cb70]
Event: 1.040 Thread 0x00000000149fc000  606   !   3       com.android.dx.cf.code.BytecodeArray::parseInstruction (2764 bytes)
Event: 1.040 Thread 0x00000000149ad800 nmethod 605 0x00000000024ea8d0 code [0x00000000024eaa00, 0x00000000024eaa98]

GC Heap History (0 events):
No events

Deoptimization events (0 events):
No events

Internal exceptions (10 events):
Event: 0.985 Thread 0x00000000163d3000 Exception <a 'java/security/PrivilegedActionException'> (0x00000000eb62ada0) thrown at [D:\re\workspace\8-2-build-windows-amd64-cygwin\jdk8u20\1074\hotspot\src\share\vm\prims\jvm.cpp, line 1275]
Event: 0.986 Thread 0x00000000163d3000 Exception <a 'java/security/PrivilegedActionException'> (0x00000000eb62fea0) thrown at [D:\re\workspace\8-2-build-windows-amd64-cygwin\jdk8u20\1074\hotspot\src\share\vm\prims\jvm.cpp, line 1275]
Event: 0.987 Thread 0x00000000163d3000 Exception <a 'java/security/PrivilegedActionException'> (0x00000000eb634528) thrown at [D:\re\workspace\8-2-build-windows-amd64-cygwin\jdk8u20\1074\hotspot\src\share\vm\prims\jvm.cpp, line 1275]
Event: 0.987 Thread 0x00000000163cc800 Exception <a 'java/security/PrivilegedActionException'> (0x00000000eb41c540) thrown at [D:\re\workspace\8-2-build-windows-amd64-cygwin\jdk8u20\1074\hotspot\src\share\vm\prims\jvm.cpp, line 1275]
Event: 0.991 Thread 0x00000000163cc800 Exception <a 'java/security/PrivilegedActionException'> (0x00000000eb6c4c58) thrown at [D:\re\workspace\8-2-build-windows-amd64-cygwin\jdk8u20\1074\hotspot\src\share\vm\prims\jvm.cpp, line 1275]
Event: 0.992 Thread 0x00000000163cc800 Exception <a 'java/security/PrivilegedActionException'> (0x00000000eb6caec0) thrown at [D:\re\workspace\8-2-build-windows-amd64-cygwin\jdk8u20\1074\hotspot\src\share\vm\prims\jvm.cpp, line 1275]
Event: 0.993 Thread 0x000000000052d800 Exception <a 'java/security/PrivilegedActionException'> (0x00000000eb4d7f70) thrown at [D:\re\workspace\8-2-build-windows-amd64-cygwin\jdk8u20\1074\hotspot\src\share\vm\prims\jvm.cpp, line 1275]
Event: 1.012 Thread 0x000000000052d800 Exception <a 'java/security/PrivilegedActionException'> (0x00000000eb5192b8) thrown at [D:\re\workspace\8-2-build-windows-amd64-cygwin\jdk8u20\1074\hotspot\src\share\vm\prims\jvm.cpp, line 1275]
Event: 1.033 Thread 0x000000000052d800 Exception <a 'java/security/PrivilegedActionException'> (0x00000000eb570890) thrown at [D:\re\workspace\8-2-build-windows-amd64-cygwin\jdk8u20\1074\hotspot\src\share\vm\prims\jvm.cpp, line 1275]
Event: 1.037 Thread 0x000000000052d800 Exception <a 'java/security/PrivilegedActionException'> (0x00000000eb8181a0) thrown at [D:\re\workspace\8-2-build-windows-amd64-cygwin\jdk8u20\1074\hotspot\src\share\vm\prims\jvm.cpp, line 1275]

Events (10 events):
Event: 1.012 loading class com/android/dx/cf/attrib/RawAttribute
Event: 1.012 loading class com/android/dx/cf/attrib/RawAttribute done
Event: 1.033 loading class com/android/dx/cf/code/Ropper$ExceptionHandlerSetup
Event: 1.033 loading class com/android/dx/cf/code/Ropper$ExceptionHandlerSetup done
Event: 1.035 loading class java/util/HashMap$Values
Event: 1.035 loading class java/util/HashMap$Values done
Event: 1.035 loading class java/util/HashMap$ValueIterator
Event: 1.035 loading class java/util/HashMap$ValueIterator done
Event: 1.037 loading class com/android/dx/ssa/PhiInsn$Operand
Event: 1.037 loading class com/android/dx/ssa/PhiInsn$Operand done


Dynamic libraries:
0x00007ff668390000 - 0x00007ff6683c4000 	C:\Program Files\Java\jdk1.8.0_20\bin\java.exe
0x00007ff87a1c0000 - 0x00007ff87a381000 	C:\WINDOWS\SYSTEM32\ntdll.dll
0x00007ff878700000 - 0x00007ff8787ad000 	C:\WINDOWS\system32\KERNEL32.DLL
0x00007ff877160000 - 0x00007ff877348000 	C:\WINDOWS\system32\KERNELBASE.dll
0x00007ff877c00000 - 0x00007ff877ca7000 	C:\WINDOWS\system32\ADVAPI32.dll
0x00007ff8787b0000 - 0x00007ff87884d000 	C:\WINDOWS\system32\msvcrt.dll
0x00007ff878540000 - 0x00007ff87859b000 	C:\WINDOWS\system32\sechost.dll
0x00007ff877990000 - 0x00007ff877aac000 	C:\WINDOWS\system32\RPCRT4.dll
0x00007ff8785a0000 - 0x00007ff8786f6000 	C:\WINDOWS\system32\USER32.dll
0x00007ff87a020000 - 0x00007ff87a1a6000 	C:\WINDOWS\system32\GDI32.dll
0x00007ff869f30000 - 0x00007ff86a1a4000 	C:\WINDOWS\WinSxS\amd64_microsoft.windows.common-controls_6595b64144ccf1df_6.0.10586.0_none_8c15ae12515e1c22\COMCTL32.dll
0x00007ff877610000 - 0x00007ff87788d000 	C:\WINDOWS\system32\combase.dll
0x00007ff877400000 - 0x00007ff87746a000 	C:\WINDOWS\system32\bcryptPrimitives.dll
0x00007ff877e30000 - 0x00007ff877e6b000 	C:\WINDOWS\system32\IMM32.DLL
0x0000000054770000 - 0x0000000054842000 	C:\Program Files\Java\jdk1.8.0_20\jre\bin\msvcr100.dll
0x0000000053f10000 - 0x0000000054768000 	C:\Program Files\Java\jdk1.8.0_20\jre\bin\server\jvm.dll
0x00007ff877980000 - 0x00007ff877988000 	C:\WINDOWS\system32\PSAPI.DLL
0x00007ff86c970000 - 0x00007ff86c979000 	C:\WINDOWS\SYSTEM32\WSOCK32.dll
0x00007ff8775a0000 - 0x00007ff87760b000 	C:\WINDOWS\system32\WS2_32.dll
0x00007ff874fb0000 - 0x00007ff874fd3000 	C:\WINDOWS\SYSTEM32\WINMM.dll
0x00007ff874f50000 - 0x00007ff874f7c000 	C:\WINDOWS\SYSTEM32\WINMMBASE.dll
0x00007ff877490000 - 0x00007ff8774d3000 	C:\WINDOWS\system32\cfgmgr32.dll
0x0000000053f00000 - 0x0000000053f0f000 	C:\Program Files\Java\jdk1.8.0_20\jre\bin\verify.dll
0x0000000053ed0000 - 0x0000000053ef8000 	C:\Program Files\Java\jdk1.8.0_20\jre\bin\java.dll
0x0000000053eb0000 - 0x0000000053ec6000 	C:\Program Files\Java\jdk1.8.0_20\jre\bin\zip.dll
0x00007ff878900000 - 0x00007ff879e5c000 	C:\WINDOWS\system32\SHELL32.dll
0x00007ff876ab0000 - 0x00007ff8770f5000 	C:\WINDOWS\system32\windows.storage.dll
0x00007ff877fe0000 - 0x00007ff878032000 	C:\WINDOWS\system32\shlwapi.dll
0x00007ff876840000 - 0x00007ff87684f000 	C:\WINDOWS\system32\kernel.appcore.dll
0x00007ff8774e0000 - 0x00007ff877595000 	C:\WINDOWS\system32\shcore.dll
0x00007ff8767f0000 - 0x00007ff87683b000 	C:\WINDOWS\system32\powrprof.dll
0x00007ff8767c0000 - 0x00007ff8767d4000 	C:\WINDOWS\system32\profapi.dll
0x00007ff86ba30000 - 0x00007ff86bbbc000 	C:\WINDOWS\SYSTEM32\dbghelp.dll

VM Arguments:
jvm_args: -Djava.awt.headless=true -Xmx1024M -Dfile.encoding=windows-1252 -Duser.country=US -Duser.language=en -Duser.variant 
java_command: com.android.dx.command.Main --dex --num-threads=4 --output C:\Users\admin\Documents\GitHub\SoftwareDesign\FindMeTutor\FindMeTutor\tutor_app\build\intermediates\pre-dexed\debug\internal_impl-24.2.0_19bb85eee9eaaaa1de221b0cd0c9db24b10f73ed.jar C:\Users\admin\Documents\GitHub\SoftwareDesign\FindMeTutor\FindMeTutor\tutor_app\build\intermediates\exploded-aar\com.android.support\support-media-compat\24.2.0\jars\libs\internal_impl-24.2.0.jar
java_class_path (initial): C:\Users\admin\AppData\Local\Android\sdk\build-tools\24.0.1\lib\dx.jar
Launcher Type: SUN_STANDARD

Environment Variables:
PATH=C:\ProgramData\Oracle\Java\javapath;C:\Program Files (x86)\Intel\iCLS Client\;C:\Program Files\Intel\iCLS Client\;C:\WINDOWS\system32;C:\WINDOWS;C:\WINDOWS\System32\Wbem;C:\WINDOWS\System32\WindowsPowerShell\v1.0\;C:\Program Files\Intel\Intel(R) Management Engine Components\DAL;C:\Program Files\Intel\Intel(R) Management Engine Components\IPT;C:\Program Files (x86)\Intel\Intel(R) Management Engine Components\DAL;C:\Program Files (x86)\Intel\Intel(R) Management Engine Components\IPT;C:\Program Files\WIDCOMM\Bluetooth Software\;C:\Program Files\WIDCOMM\Bluetooth Software\syswow64;C:\Program Files (x86)\Intel\OpenCL SDK\2.0\bin\x86;C:\Program Files (x86)\Intel\OpenCL SDK\2.0\bin\x64;C:\Program Files\Intel\WiFi\bin\;C:\Program Files\Common Files\Intel\WirelessCommon\;c:\Program Files (x86)\Microsoft SQL Server\100\Tools\Binn\;c:\Program Files\Microsoft SQL Server\100\Tools\Binn\;c:\Program Files\Microsoft SQL Server\100\DTS\Binn\;C:\Program Files (x86)\MySQL\MySQL Fabric 1.5.4 & MySQL Utilities 1.5.4 1.5\;C:\Program Files (x86)\MySQL\MySQL Fabric 1.5.4 & MySQL Utilities 1.5.4 1.5\Doctrine extensions for PHP\;C:\Program Files (x86)\Borland\Delphi7\Bin;C:\Program Files (x86)\Borland\Delphi7\Projects\Bpl;C:\Program Files (x86)\Borland\Delphi7\Rave5;C:\Program Files\Git\cmd;C:\Program Files\Intel\WiFi\bin\;C:\Program Files\Common Files\Intel\WirelessCommon\
USERNAME=admin
OS=Windows_NT
PROCESSOR_IDENTIFIER=Intel64 Family 6 Model 58 Stepping 9, GenuineIntel



---------------  S Y S T E M  ---------------

OS: Windows 8.1 , 64 bit Build 9600 

CPU:total 4 (2 cores per cpu, 2 threads per core) family 6 model 58 stepping 9, cmov, cx8, fxsr, mmx, sse, sse2, sse3, ssse3, sse4.1, sse4.2, popcnt, avx, aes, clmul, erms, ht, tsc, tscinvbit, tscinv

Memory: 4k page, physical 8258576k(1489692k free), swap 10306576k(2720k free)

vm_info: Java HotSpot(TM) 64-Bit Server VM (25.20-b23) for windows-amd64 JRE (1.8.0_20-b26), built on Jul 30 2014 13:51:23 by "java_re" with MS VC++ 10.0 (VS2010)

time: Tue Sep 06 22:02:09 2016
elapsed time: 1 seconds (0d 0h 0m 1s)

