#
# There is insufficient memory for the Java Runtime Environment to continue.
# Native memory allocation (malloc) failed to allocate 71136 bytes for Chunk::new
# Possible reasons:
#   The system is out of physical RAM or swap space
#   In 32 bit mode, the process size limit was hit
# Possible solutions:
#   Reduce memory load on the system
#   Increase physical memory or swap space
#   Check if swap backing store is full
#   Use 64 bit Java on a 64 bit OS
#   Decrease Java heap size (-Xmx/-Xms)
#   Decrease number of Java threads
#   Decrease Java thread stack sizes (-Xss)
#   Set larger code cache with -XX:ReservedCodeCacheSize=
# This output file may be truncated or incomplete.
#
#  Out of Memory Error (allocation.cpp:390), pid=13772, tid=6288
#
# JRE version: Java(TM) SE Runtime Environment (8.0_20-b26) (build 1.8.0_20-b26)
# Java VM: Java HotSpot(TM) 64-Bit Server VM (25.20-b23 mixed mode windows-amd64 compressed oops)
# Failed to write core dump. Minidumps are not enabled by default on client versions of Windows
#

---------------  T H R E A D  ---------------

Current thread (0x0000000014a2d800):  JavaThread "C2 CompilerThread0" daemon [_thread_in_native, id=6288, stack(0x0000000015f80000,0x0000000016080000)]

Stack: [0x0000000015f80000,0x0000000016080000]
Native frames: (J=compiled Java code, j=interpreted, Vv=VM code, C=native code)
V  [jvm.dll+0x3152fa]
V  [jvm.dll+0x265d03]
V  [jvm.dll+0x266943]
V  [jvm.dll+0x25e265]
V  [jvm.dll+0xbe255]
V  [jvm.dll+0xbe6fc]
V  [jvm.dll+0xbe9a4]
V  [jvm.dll+0xdc1b5]
V  [jvm.dll+0x494bdc]
V  [jvm.dll+0x4a09f5]
V  [jvm.dll+0x4ad87f]
V  [jvm.dll+0x4afaf8]
V  [jvm.dll+0x4afbfb]
V  [jvm.dll+0x49dd33]
V  [jvm.dll+0x4515a4]
V  [jvm.dll+0x452634]
V  [jvm.dll+0x435fc2]
V  [jvm.dll+0x97b62]
V  [jvm.dll+0x98353]
V  [jvm.dll+0x22aac4]
V  [jvm.dll+0x283f5a]
C  [msvcr100.dll+0x21d9f]
C  [msvcr100.dll+0x21e3b]
C  [KERNEL32.DLL+0x18102]
C  [ntdll.dll+0x5c5b4]


Current CompileTask:
C2:   3383 1283       4       com.android.dx.ssa.SCCP::simulateStmt (481 bytes)


---------------  P R O C E S S  ---------------

Java Threads: ( => current thread )
  0x0000000016791000 JavaThread "pool-1-thread-4" [_thread_in_vm, id=11920, stack(0x0000000017480000,0x0000000017580000)]
  0x000000001678f800 JavaThread "pool-1-thread-3" [_thread_in_Java, id=6576, stack(0x0000000017380000,0x0000000017480000)]
  0x000000001678f000 JavaThread "pool-1-thread-2" [_thread_in_Java, id=6604, stack(0x0000000017280000,0x0000000017380000)]
  0x000000001678e000 JavaThread "pool-2-thread-1" [_thread_blocked, id=11988, stack(0x0000000017180000,0x0000000017280000)]
  0x000000001678b800 JavaThread "pool-1-thread-1" [_thread_in_Java, id=9880, stack(0x0000000017080000,0x0000000017180000)]
  0x0000000014a84800 JavaThread "Service Thread" daemon [_thread_blocked, id=3424, stack(0x0000000016280000,0x0000000016380000)]
  0x0000000014a80800 JavaThread "C1 CompilerThread2" daemon [_thread_in_native, id=10316, stack(0x0000000016180000,0x0000000016280000)]
  0x0000000014a7e000 JavaThread "C2 CompilerThread1" daemon [_thread_in_native, id=8744, stack(0x0000000016080000,0x0000000016180000)]
=>0x0000000014a2d800 JavaThread "C2 CompilerThread0" daemon [_thread_in_native, id=6288, stack(0x0000000015f80000,0x0000000016080000)]
  0x0000000014a2b800 JavaThread "Attach Listener" daemon [_thread_blocked, id=5184, stack(0x0000000015e80000,0x0000000015f80000)]
  0x0000000014a2a000 JavaThread "Signal Dispatcher" daemon [_thread_blocked, id=6188, stack(0x0000000015d80000,0x0000000015e80000)]
  0x0000000002355000 JavaThread "Finalizer" daemon [_thread_blocked, id=12856, stack(0x0000000015c80000,0x0000000015d80000)]
  0x00000000149f8000 JavaThread "Reference Handler" daemon [_thread_blocked, id=4260, stack(0x0000000015b80000,0x0000000015c80000)]
  0x000000000215d800 JavaThread "main" [_thread_in_Java, id=4036, stack(0x0000000001f60000,0x0000000002060000)]

Other Threads:
  0x00000000149f6000 VMThread [stack: 0x0000000015a80000,0x0000000015b80000] [id=3156]
  0x0000000014a87800 WatcherThread [stack: 0x0000000016380000,0x0000000016480000] [id=11276]

VM state:not at safepoint (normal execution)

VM Mutex/Monitor currently owned by a thread: None

Heap:
 PSYoungGen      total 38400K, used 26073K [0x00000000eab00000, 0x00000000ed580000, 0x0000000100000000)
  eden space 33280K, 63% used [0x00000000eab00000,0x00000000ebf7e2b8,0x00000000ecb80000)
  from space 5120K, 99% used [0x00000000ecb80000,0x00000000ed078450,0x00000000ed080000)
  to   space 5120K, 0% used [0x00000000ed080000,0x00000000ed080000,0x00000000ed580000)
 ParOldGen       total 87552K, used 1044K [0x00000000c0000000, 0x00000000c5580000, 0x00000000eab00000)
  object space 87552K, 1% used [0x00000000c0000000,0x00000000c0105210,0x00000000c5580000)
 Metaspace       used 6052K, capacity 7024K, committed 7296K, reserved 1056768K
  class space    used 593K, capacity 616K, committed 640K, reserved 1048576K

Card table byte_map: [0x0000000011720000,0x0000000011930000] byte_map_base: 0x0000000011120000

Marking Bits: (ParMarkBitMap*) 0x0000000070fdb460
 Begin Bits: [0x0000000011e90000, 0x0000000012e90000)
 End Bits:   [0x0000000012e90000, 0x0000000013e90000)

Polling page: 0x00000000001f0000

CodeCache: size=245760Kb used=5496Kb max_used=5508Kb free=240263Kb
 bounds [0x0000000002360000, 0x00000000028d0000, 0x0000000011360000]
 total_blobs=1644 nmethods=1380 adapters=178
 compilation: enabled

Compilation events (10 events):
Event: 3.325 Thread 0x0000000014a80800 nmethod 1369 0x00000000028b6a10 code [0x00000000028b6b60, 0x00000000028b6c70]
Event: 3.327 Thread 0x0000000014a80800 1379       3       com.android.dx.ssa.back.FirstFitLocalCombiningAllocator::handleLocalAssociatedParams (132 bytes)
Event: 3.329 Thread 0x0000000014a80800 nmethod 1379 0x00000000028b6cd0 code [0x00000000028b6f60, 0x00000000028b7ea8]
Event: 3.330 Thread 0x0000000014a80800 1381       3       com.android.dx.rop.type.Type::getInitializedType (42 bytes)
Event: 3.330 Thread 0x0000000014a80800 nmethod 1381 0x00000000028b8750 code [0x00000000028b8920, 0x00000000028b9118]
Event: 3.331 Thread 0x0000000014a80800 1382       3       com.android.dx.ssa.back.SsaToRop::verifyValidExitPredecessor (53 bytes)
Event: 3.332 Thread 0x0000000014a80800 nmethod 1382 0x00000000028b9450 code [0x00000000028b9620, 0x00000000028b9e18]
Event: 3.332 Thread 0x0000000014a80800 1384       3       com.android.dx.rop.cst.CstKnownNull::equals (5 bytes)
Event: 3.332 Thread 0x0000000014a80800 nmethod 1384 0x00000000028ba290 code [0x00000000028ba3e0, 0x00000000028ba630]
Event: 3.332 Thread 0x0000000014a80800 1385  s    3       com.android.dx.dex.file.FieldIdsSection::intern (55 bytes)

GC Heap History (2 events):
Event: 3.152 GC heap before
{Heap before GC invocations=1 (full 0):
 PSYoungGen      total 38400K, used 33280K [0x00000000eab00000, 0x00000000ed580000, 0x0000000100000000)
  eden space 33280K, 100% used [0x00000000eab00000,0x00000000ecb80000,0x00000000ecb80000)
  from space 5120K, 0% used [0x00000000ed080000,0x00000000ed080000,0x00000000ed580000)
  to   space 5120K, 0% used [0x00000000ecb80000,0x00000000ecb80000,0x00000000ed080000)
 ParOldGen       total 87552K, used 0K [0x00000000c0000000, 0x00000000c5580000, 0x00000000eab00000)
  object space 87552K, 0% used [0x00000000c0000000,0x00000000c0000000,0x00000000c5580000)
 Metaspace       used 5962K, capacity 6896K, committed 7040K, reserved 1056768K
  class space    used 591K, capacity 616K, committed 640K, reserved 1048576K
Event: 3.223 GC heap after
Heap after GC invocations=1 (full 0):
 PSYoungGen      total 38400K, used 5089K [0x00000000eab00000, 0x00000000ed580000, 0x0000000100000000)
  eden space 33280K, 0% used [0x00000000eab00000,0x00000000eab00000,0x00000000ecb80000)
  from space 5120K, 99% used [0x00000000ecb80000,0x00000000ed078450,0x00000000ed080000)
  to   space 5120K, 0% used [0x00000000ed080000,0x00000000ed080000,0x00000000ed580000)
 ParOldGen       total 87552K, used 1044K [0x00000000c0000000, 0x00000000c5580000, 0x00000000eab00000)
  object space 87552K, 1% used [0x00000000c0000000,0x00000000c0105210,0x00000000c5580000)
 Metaspace       used 5962K, capacity 6896K, committed 7040K, reserved 1056768K
  class space    used 591K, capacity 616K, committed 640K, reserved 1048576K
}

Deoptimization events (4 events):
Event: 2.555 Thread 0x000000001678f000 Uncommon trap: reason=bimorphic action=maybe_recompile pc=0x00000000025d99b0 method=java.util.HashMap.getNode(ILjava/lang/Object;)Ljava/util/HashMap$Node; @ 126
Event: 2.623 Thread 0x0000000016791000 Uncommon trap: reason=unreached action=reinterpret pc=0x00000000026f1874 method=com.android.dx.rop.code.LocalItem.hashCode()I @ 25
Event: 2.623 Thread 0x0000000016791000 Uncommon trap: reason=unreached action=reinterpret pc=0x00000000026a3498 method=com.android.dx.rop.code.LocalItem.hashCode()I @ 25
Event: 3.243 Thread 0x000000001678b800 Uncommon trap: reason=bimorphic action=maybe_recompile pc=0x00000000025d99b0 method=java.util.HashMap.getNode(ILjava/lang/Object;)Ljava/util/HashMap$Node; @ 126

Internal exceptions (10 events):
Event: 2.130 Thread 0x000000001678f000 Exception <a 'java/security/PrivilegedActionException'> (0x00000000ebb5c230) thrown at [D:\re\workspace\8-2-build-windows-amd64-cygwin\jdk8u20\1074\hotspot\src\share\vm\prims\jvm.cpp, line 1275]
Event: 2.131 Thread 0x000000001678f000 Exception <a 'java/security/PrivilegedActionException'> (0x00000000ebb61c20) thrown at [D:\re\workspace\8-2-build-windows-amd64-cygwin\jdk8u20\1074\hotspot\src\share\vm\prims\jvm.cpp, line 1275]
Event: 2.132 Thread 0x000000001678b800 Exception <a 'java/security/PrivilegedActionException'> (0x00000000ebbf7988) thrown at [D:\re\workspace\8-2-build-windows-amd64-cygwin\jdk8u20\1074\hotspot\src\share\vm\prims\jvm.cpp, line 1275]
Event: 2.248 Thread 0x000000001678f800 Exception <a 'java/security/PrivilegedActionException'> (0x00000000ebd9f610) thrown at [D:\re\workspace\8-2-build-windows-amd64-cygwin\jdk8u20\1074\hotspot\src\share\vm\prims\jvm.cpp, line 1275]
Event: 2.263 Thread 0x000000001678f800 Exception <a 'java/security/PrivilegedActionException'> (0x00000000ebdcd108) thrown at [D:\re\workspace\8-2-build-windows-amd64-cygwin\jdk8u20\1074\hotspot\src\share\vm\prims\jvm.cpp, line 1275]
Event: 2.306 Thread 0x000000001678b800 Exception <a 'java/security/PrivilegedActionException'> (0x00000000ebe05448) thrown at [D:\re\workspace\8-2-build-windows-amd64-cygwin\jdk8u20\1074\hotspot\src\share\vm\prims\jvm.cpp, line 1275]
Event: 2.508 Thread 0x000000001678f800 Exception <a 'java/security/PrivilegedActionException'> (0x00000000ec0b7218) thrown at [D:\re\workspace\8-2-build-windows-amd64-cygwin\jdk8u20\1074\hotspot\src\share\vm\prims\jvm.cpp, line 1275]
Event: 2.602 Thread 0x000000000215d800 Exception <a 'java/security/PrivilegedActionException'> (0x00000000ec382b48) thrown at [D:\re\workspace\8-2-build-windows-amd64-cygwin\jdk8u20\1074\hotspot\src\share\vm\prims\jvm.cpp, line 1275]
Event: 2.604 Thread 0x000000000215d800 Exception <a 'java/security/PrivilegedActionException'> (0x00000000ec396378) thrown at [D:\re\workspace\8-2-build-windows-amd64-cygwin\jdk8u20\1074\hotspot\src\share\vm\prims\jvm.cpp, line 1275]
Event: 2.925 Thread 0x000000001678f000 Exception <a 'java/security/PrivilegedActionException'> (0x00000000ec5d42e8) thrown at [D:\re\workspace\8-2-build-windows-amd64-cygwin\jdk8u20\1074\hotspot\src\share\vm\prims\jvm.cpp, line 1275]

Events (10 events):
Event: 2.925 loading class com/android/dx/cf/code/SwitchList done
Event: 3.048 loading class java/util/DualPivotQuicksort
Event: 3.048 loading class java/util/DualPivotQuicksort done
Event: 3.151 Executing VM operation: ParallelGCFailedAllocation
Event: 3.223 Executing VM operation: ParallelGCFailedAllocation done
Event: 3.223 loading class sun/misc/Cleaner
Event: 3.223 loading class sun/misc/Cleaner done
Event: 3.243 Thread 0x000000001678b800 Uncommon trap: trap_request=0xffffffc6 fr.pc=0x00000000025d99b0
Event: 3.243 Thread 0x000000001678b800 DEOPT PACKING pc=0x00000000025d99b0 sp=0x000000001717e750
Event: 3.243 Thread 0x000000001678b800 DEOPT UNPACKING pc=0x00000000023a556a sp=0x000000001717e668 mode 2


Dynamic libraries:
0x00007ff684e90000 - 0x00007ff684ec4000 	C:\Program Files\Java\jdk1.8.0_20\bin\java.exe
0x00007ffb659a0000 - 0x00007ffb65b61000 	C:\WINDOWS\SYSTEM32\ntdll.dll
0x00007ffb633d0000 - 0x00007ffb6347d000 	C:\WINDOWS\system32\KERNEL32.DLL
0x00007ffb626f0000 - 0x00007ffb628d8000 	C:\WINDOWS\system32\KERNELBASE.dll
0x00007ffb658f0000 - 0x00007ffb65997000 	C:\WINDOWS\system32\ADVAPI32.dll
0x00007ffb65420000 - 0x00007ffb654bd000 	C:\WINDOWS\system32\msvcrt.dll
0x00007ffb62d80000 - 0x00007ffb62ddb000 	C:\WINDOWS\system32\sechost.dll
0x00007ffb63750000 - 0x00007ffb6386c000 	C:\WINDOWS\system32\RPCRT4.dll
0x00007ffb652c0000 - 0x00007ffb65416000 	C:\WINDOWS\system32\USER32.dll
0x00007ffb63550000 - 0x00007ffb636d6000 	C:\WINDOWS\system32\GDI32.dll
0x00007ffb57250000 - 0x00007ffb574c4000 	C:\WINDOWS\WinSxS\amd64_microsoft.windows.common-controls_6595b64144ccf1df_6.0.10586.0_none_8c15ae12515e1c22\COMCTL32.dll
0x00007ffb65040000 - 0x00007ffb652bd000 	C:\WINDOWS\system32\combase.dll
0x00007ffb62680000 - 0x00007ffb626ea000 	C:\WINDOWS\system32\bcryptPrimitives.dll
0x00007ffb63870000 - 0x00007ffb638ab000 	C:\WINDOWS\system32\IMM32.DLL
0x0000000071060000 - 0x0000000071132000 	C:\Program Files\Java\jdk1.8.0_20\jre\bin\msvcr100.dll
0x0000000070800000 - 0x0000000071058000 	C:\Program Files\Java\jdk1.8.0_20\jre\bin\server\jvm.dll
0x00007ffb64f70000 - 0x00007ffb64f78000 	C:\WINDOWS\system32\PSAPI.DLL
0x00007ffb58000000 - 0x00007ffb58009000 	C:\WINDOWS\SYSTEM32\WSOCK32.dll
0x00007ffb631e0000 - 0x00007ffb6324b000 	C:\WINDOWS\system32\WS2_32.dll
0x00007ffb60720000 - 0x00007ffb60743000 	C:\WINDOWS\SYSTEM32\WINMM.dll
0x00007ffb60670000 - 0x00007ffb6069c000 	C:\WINDOWS\SYSTEM32\WINMMBASE.dll
0x00007ffb62d10000 - 0x00007ffb62d53000 	C:\WINDOWS\system32\cfgmgr32.dll
0x00000000707f0000 - 0x00000000707ff000 	C:\Program Files\Java\jdk1.8.0_20\jre\bin\verify.dll
0x00000000707c0000 - 0x00000000707e8000 	C:\Program Files\Java\jdk1.8.0_20\jre\bin\java.dll
0x00000000707a0000 - 0x00000000707b6000 	C:\Program Files\Java\jdk1.8.0_20\jre\bin\zip.dll
0x00007ffb638b0000 - 0x00007ffb64e0c000 	C:\WINDOWS\system32\SHELL32.dll
0x00007ffb62030000 - 0x00007ffb62675000 	C:\WINDOWS\system32\windows.storage.dll
0x00007ffb64f80000 - 0x00007ffb64fd2000 	C:\WINDOWS\system32\shlwapi.dll
0x00007ffb61fc0000 - 0x00007ffb61fcf000 	C:\WINDOWS\system32\kernel.appcore.dll
0x00007ffb62ba0000 - 0x00007ffb62c55000 	C:\WINDOWS\system32\shcore.dll
0x00007ffb61fe0000 - 0x00007ffb6202b000 	C:\WINDOWS\system32\powrprof.dll
0x00007ffb61fa0000 - 0x00007ffb61fb4000 	C:\WINDOWS\system32\profapi.dll
0x00007ffb555c0000 - 0x00007ffb5574c000 	C:\WINDOWS\SYSTEM32\dbghelp.dll

VM Arguments:
jvm_args: -Djava.awt.headless=true -Xmx1024M -Dfile.encoding=windows-1252 -Duser.country=US -Duser.language=en -Duser.variant 
java_command: com.android.dx.command.Main --dex --num-threads=4 --output C:\Users\admin\Documents\GitHub\ShaneelSD\SoftwareDesign\FindMeTutor\FindMeTutor\tutor_app\build\intermediates\pre-dexed\debug\com.android.support-appcompat-v7-24.2.0_5d47fcf65f1dab1aed28fdaf05441c75e56fa6e2.jar C:\Users\admin\Documents\GitHub\ShaneelSD\SoftwareDesign\FindMeTutor\FindMeTutor\tutor_app\build\intermediates\exploded-aar\com.android.support\appcompat-v7\24.2.0\jars\classes.jar
java_class_path (initial): C:\Users\admin\AppData\Local\Android\sdk\build-tools\24.0.1\lib\dx.jar
Launcher Type: SUN_STANDARD

Environment Variables:
PATH=C:\ProgramData\Oracle\Java\javapath;C:\Program Files (x86)\Intel\iCLS Client\;C:\Program Files\Intel\iCLS Client\;C:\WINDOWS\system32;C:\WINDOWS;C:\WINDOWS\System32\Wbem;C:\WINDOWS\System32\WindowsPowerShell\v1.0\;C:\Program Files\Intel\Intel(R) Management Engine Components\DAL;C:\Program Files\Intel\Intel(R) Management Engine Components\IPT;C:\Program Files (x86)\Intel\Intel(R) Management Engine Components\DAL;C:\Program Files (x86)\Intel\Intel(R) Management Engine Components\IPT;C:\Program Files\WIDCOMM\Bluetooth Software\;C:\Program Files\WIDCOMM\Bluetooth Software\syswow64;C:\Program Files (x86)\Intel\OpenCL SDK\2.0\bin\x86;C:\Program Files (x86)\Intel\OpenCL SDK\2.0\bin\x64;C:\Program Files\Intel\WiFi\bin\;C:\Program Files\Common Files\Intel\WirelessCommon\;c:\Program Files (x86)\Microsoft SQL Server\100\Tools\Binn\;c:\Program Files\Microsoft SQL Server\100\Tools\Binn\;c:\Program Files\Microsoft SQL Server\100\DTS\Binn\;C:\Program Files (x86)\MySQL\MySQL Fabric 1.5.4 & MySQL Utilities 1.5.4 1.5\;C:\Program Files (x86)\MySQL\MySQL Fabric 1.5.4 & MySQL Utilities 1.5.4 1.5\Doctrine extensions for PHP\;C:\Program Files (x86)\Borland\Delphi7\Bin;C:\Program Files (x86)\Borland\Delphi7\Projects\Bpl;C:\Program Files (x86)\Borland\Delphi7\Rave5;C:\Program Files\Git\cmd;C:\Program Files\Intel\WiFi\bin\;C:\Program Files\Common Files\Intel\WirelessCommon\
USERNAME=admin
OS=Windows_NT
PROCESSOR_IDENTIFIER=Intel64 Family 6 Model 58 Stepping 9, GenuineIntel



---------------  S Y S T E M  ---------------

OS: Windows 8.1 , 64 bit Build 9600 

CPU:total 4 (2 cores per cpu, 2 threads per core) family 6 model 58 stepping 9, cmov, cx8, fxsr, mmx, sse, sse2, sse3, ssse3, sse4.1, sse4.2, popcnt, avx, aes, clmul, erms, ht, tsc, tscinvbit, tscinv

Memory: 4k page, physical 8258576k(2107736k free), swap 10306576k(247072k free)

vm_info: Java HotSpot(TM) 64-Bit Server VM (25.20-b23) for windows-amd64 JRE (1.8.0_20-b26), built on Jul 30 2014 13:51:23 by "java_re" with MS VC++ 10.0 (VS2010)

time: Thu Sep 08 19:45:14 2016
elapsed time: 3 seconds (0d 0h 0m 3s)

