#
# There is insufficient memory for the Java Runtime Environment to continue.
# Native memory allocation (malloc) failed to allocate 32744 bytes for ChunkPool::allocate
# Possible reasons:
#   The system is out of physical RAM or swap space
#   In 32 bit mode, the process size limit was hit
# Possible solutions:
#   Reduce memory load on the system
#   Increase physical memory or swap space
#   Check if swap backing store is full
#   Use 64 bit Java on a 64 bit OS
#   Decrease Java heap size (-Xmx/-Xms)
#   Decrease number of Java threads
#   Decrease Java thread stack sizes (-Xss)
#   Set larger code cache with -XX:ReservedCodeCacheSize=
# This output file may be truncated or incomplete.
#
#  Out of Memory Error (allocation.cpp:273), pid=14596, tid=12240
#
# JRE version: Java(TM) SE Runtime Environment (8.0_20-b26) (build 1.8.0_20-b26)
# Java VM: Java HotSpot(TM) 64-Bit Server VM (25.20-b23 mixed mode windows-amd64 compressed oops)
# Failed to write core dump. Minidumps are not enabled by default on client versions of Windows
#

---------------  T H R E A D  ---------------

Current thread (0x00000000149f3000):  JavaThread "C1 CompilerThread2" daemon [_thread_in_native, id=12240, stack(0x0000000016150000,0x0000000016250000)]

Stack: [0x0000000016150000,0x0000000016250000]
Native frames: (J=compiled Java code, j=interpreted, Vv=VM code, C=native code)
V  [jvm.dll+0x3152fa]
V  [jvm.dll+0x265d03]
V  [jvm.dll+0x266943]
V  [jvm.dll+0x25e265]
V  [jvm.dll+0xbdfb1]
V  [jvm.dll+0xbe6fc]
V  [jvm.dll+0x40942b]
V  [jvm.dll+0x40b653]
V  [jvm.dll+0x40cdd9]
V  [jvm.dll+0x40d264]
V  [jvm.dll+0x3ebe90]
V  [jvm.dll+0x3ec260]
V  [jvm.dll+0x3ec392]
V  [jvm.dll+0x3ec55e]
V  [jvm.dll+0x3ec75f]
V  [jvm.dll+0x97b62]
V  [jvm.dll+0x98353]
V  [jvm.dll+0x22aac4]
V  [jvm.dll+0x283f5a]
C  [msvcr100.dll+0x21d9f]
C  [msvcr100.dll+0x21e3b]
C  [KERNEL32.DLL+0x18102]
C  [ntdll.dll+0x5c5b4]


Current CompileTask:
C1:    302  174   !   3       com.android.dx.cf.cst.ConstantPoolParser::parse0 (731 bytes)


---------------  P R O C E S S  ---------------

Java Threads: ( => current thread )
  0x0000000016479000 JavaThread "pool-1-thread-4" [_thread_in_vm, id=9840, stack(0x0000000016c50000,0x0000000016d50000)]
  0x0000000016478000 JavaThread "pool-1-thread-3" [_thread_in_vm, id=13812, stack(0x0000000016b50000,0x0000000016c50000)]
  0x0000000016464800 JavaThread "pool-1-thread-2" [_thread_blocked, id=5752, stack(0x0000000016a50000,0x0000000016b50000)]
  0x00000000163b4800 JavaThread "pool-2-thread-1" [_thread_blocked, id=9504, stack(0x0000000016950000,0x0000000016a50000)]
  0x00000000163b0000 JavaThread "pool-1-thread-1" [_thread_blocked, id=9996, stack(0x0000000016850000,0x0000000016950000)]
  0x0000000014a48000 JavaThread "Service Thread" daemon [_thread_blocked, id=11856, stack(0x0000000016650000,0x0000000016750000)]
=>0x00000000149f3000 JavaThread "C1 CompilerThread2" daemon [_thread_in_native, id=12240, stack(0x0000000016150000,0x0000000016250000)]
  0x00000000149f0800 JavaThread "C2 CompilerThread1" daemon [_thread_in_native, id=11384, stack(0x0000000016050000,0x0000000016150000)]
  0x00000000149ee800 JavaThread "C2 CompilerThread0" daemon [_thread_in_native, id=10432, stack(0x0000000015f50000,0x0000000016050000)]
  0x00000000149ec000 JavaThread "Attach Listener" daemon [_thread_blocked, id=13752, stack(0x0000000015e50000,0x0000000015f50000)]
  0x00000000149eb800 JavaThread "Signal Dispatcher" daemon [_thread_blocked, id=4148, stack(0x0000000015d50000,0x0000000015e50000)]
  0x0000000002316000 JavaThread "Finalizer" daemon [_thread_blocked, id=10480, stack(0x0000000015c50000,0x0000000015d50000)]
  0x000000000230d000 JavaThread "Reference Handler" daemon [_thread_blocked, id=6676, stack(0x0000000015b50000,0x0000000015c50000)]
  0x000000000220d800 JavaThread "main" [_thread_blocked, id=7716, stack(0x00000000020c0000,0x00000000021c0000)]

Other Threads:
  0x00000000149b6800 VMThread [stack: 0x0000000015a50000,0x0000000015b50000] [id=15132]
  0x0000000014a4a800 WatcherThread [stack: 0x0000000016750000,0x0000000016850000] [id=11056]

VM state:synchronizing (normal execution)

VM Mutex/Monitor currently owned by a thread:  ([mutex/lock_event])
[0x000000000220cfa0] Threads_lock - owner thread: 0x00000000149b6800
[0x000000000220d120] Heap_lock - owner thread: 0x00000000163b0000

Heap:
 PSYoungGen      total 38400K, used 7370K [0x00000000eab00000, 0x00000000ed580000, 0x0000000100000000)
  eden space 33280K, 22% used [0x00000000eab00000,0x00000000eb232928,0x00000000ecb80000)
  from space 5120K, 0% used [0x00000000ed080000,0x00000000ed080000,0x00000000ed580000)
  to   space 5120K, 0% used [0x00000000ecb80000,0x00000000ecb80000,0x00000000ed080000)
 ParOldGen       total 87552K, used 0K [0x00000000c0000000, 0x00000000c5580000, 0x00000000eab00000)
  object space 87552K, 0% used [0x00000000c0000000,0x00000000c0000000,0x00000000c5580000)
 Metaspace       used 4090K, capacity 5296K, committed 5376K, reserved 1058816K
  class space    used 459K, capacity 488K, committed 512K, reserved 1048576K

Card table byte_map: [0x00000000116e0000,0x00000000118f0000] byte_map_base: 0x00000000110e0000

Marking Bits: (ParMarkBitMap*) 0x00000000546eb460
 Begin Bits: [0x0000000011e50000, 0x0000000012e50000)
 End Bits:   [0x0000000012e50000, 0x0000000013e50000)

Polling page: 0x00000000001f0000

CodeCache: size=245760Kb used=1387Kb max_used=1396Kb free=244372Kb
 bounds [0x0000000002320000, 0x0000000002590000, 0x0000000011320000]
 total_blobs=430 nmethods=175 adapters=169
 compilation: enabled

Compilation events (10 events):
Event: 0.232 Thread 0x00000000149f0800 nmethod 171 0x000000000247b950 code [0x000000000247ba80, 0x000000000247bb18]
Event: 0.232 Thread 0x00000000149f3000  172       3       com.android.dx.util.MutabilityControl::throwIfImmutable (18 bytes)
Event: 0.232 Thread 0x00000000149f3000 nmethod 172 0x000000000247b4d0 code [0x000000000247b640, 0x000000000247b888]
Event: 0.232 Thread 0x00000000149f3000  173   !   3       com.android.dx.rop.cst.StdConstantPool::getOrNull (13 bytes)
Event: 0.233 Thread 0x00000000149f3000 nmethod 173 0x000000000247a4d0 code [0x000000000247a6c0, 0x000000000247af88]
Event: 0.233 Thread 0x00000000149f3000  176       3       java.util.BitSet::wordIndex (5 bytes)
Event: 0.233 Thread 0x00000000149f3000 nmethod 176 0x000000000247a1d0 code [0x000000000247a320, 0x000000000247a450]
Event: 0.233 Thread 0x00000000149f3000  174   !   3       com.android.dx.cf.cst.ConstantPoolParser::parse0 (731 bytes)
Event: 0.234 Thread 0x00000000149ee800  180       4       com.android.dx.util.ByteArray::checkOffsets (66 bytes)
Event: 0.234 Thread 0x00000000149ee800 nmethod 180 0x000000000247d350 code [0x000000000247d480, 0x000000000247d518]

GC Heap History (0 events):
No events

Deoptimization events (0 events):
No events

Internal exceptions (10 events):
Event: 0.224 Thread 0x000000000220d800 Exception <a 'java/security/PrivilegedActionException'> (0x00000000eaee39b8) thrown at [D:\re\workspace\8-2-build-windows-amd64-cygwin\jdk8u20\1074\hotspot\src\share\vm\prims\jvm.cpp, line 1275]
Event: 0.224 Thread 0x000000000220d800 Exception <a 'java/security/PrivilegedActionException'> (0x00000000eaee8d98) thrown at [D:\re\workspace\8-2-build-windows-amd64-cygwin\jdk8u20\1074\hotspot\src\share\vm\prims\jvm.cpp, line 1275]
Event: 0.225 Thread 0x000000000220d800 Exception <a 'java/security/PrivilegedActionException'> (0x00000000eaeeb2a8) thrown at [D:\re\workspace\8-2-build-windows-amd64-cygwin\jdk8u20\1074\hotspot\src\share\vm\prims\jvm.cpp, line 1275]
Event: 0.227 Thread 0x000000000220d800 Exception <a 'java/security/PrivilegedActionException'> (0x00000000eaeef2a0) thrown at [D:\re\workspace\8-2-build-windows-amd64-cygwin\jdk8u20\1074\hotspot\src\share\vm\prims\jvm.cpp, line 1275]
Event: 0.227 Thread 0x00000000163b0000 Exception <a 'java/security/PrivilegedActionException'> (0x00000000eaef2b88) thrown at [D:\re\workspace\8-2-build-windows-amd64-cygwin\jdk8u20\1074\hotspot\src\share\vm\prims\jvm.cpp, line 1275]
Event: 0.230 Thread 0x00000000163b0000 Exception <a 'java/lang/OutOfMemoryError'> (0x00000000eaef3df8) thrown at [D:\re\workspace\8-2-build-windows-amd64-cygwin\jdk8u20\1074\hotspot\src\share\vm\prims\jni.cpp, line 742]
Event: 0.230 Thread 0x00000000163b0000 Exception <a 'java/lang/OutOfMemoryError'> (0x00000000eaef3df8) thrown at [D:\re\workspace\8-2-build-windows-amd64-cygwin\jdk8u20\1074\hotspot\src\share\vm\prims\jvm.cpp, line 1279]
Event: 0.235 Thread 0x000000000220d800 Exception <a 'java/security/PrivilegedActionException'> (0x00000000eafb2fc8) thrown at [D:\re\workspace\8-2-build-windows-amd64-cygwin\jdk8u20\1074\hotspot\src\share\vm\prims\jvm.cpp, line 1275]
Event: 0.236 Thread 0x000000000220d800 Exception <a 'java/security/PrivilegedActionException'> (0x00000000eafb9088) thrown at [D:\re\workspace\8-2-build-windows-amd64-cygwin\jdk8u20\1074\hotspot\src\share\vm\prims\jvm.cpp, line 1275]
Event: 0.237 Thread 0x000000000220d800 Exception <a 'java/security/PrivilegedActionException'> (0x00000000eafc2f18) thrown at [D:\re\workspace\8-2-build-windows-amd64-cygwin\jdk8u20\1074\hotspot\src\share\vm\prims\jvm.cpp, line 1275]

Events (10 events):
Event: 0.231 loading class java/util/concurrent/locks/LockSupport done
Event: 0.231 loading class sun/nio/ch/Interruptible
Event: 0.231 loading class sun/nio/ch/Interruptible done
Event: 0.231 Thread 0x00000000163b4800 Thread added: 0x00000000163b4800
Event: 0.235 loading class com/android/dx/cf/attrib/RawAttribute
Event: 0.235 loading class com/android/dx/cf/attrib/RawAttribute done
Event: 0.236 loading class com/android/dx/cf/direct/AnnotationParser
Event: 0.236 loading class com/android/dx/cf/direct/AnnotationParser done
Event: 0.236 loading class com/android/dx/rop/cst/CstByte
Event: 0.236 loading class com/android/dx/rop/cst/CstByte done


Dynamic libraries:
0x00007ff668390000 - 0x00007ff6683c4000 	C:\Program Files\Java\jdk1.8.0_20\bin\java.exe
0x00007ff87a1c0000 - 0x00007ff87a381000 	C:\WINDOWS\SYSTEM32\ntdll.dll
0x00007ff878700000 - 0x00007ff8787ad000 	C:\WINDOWS\system32\KERNEL32.DLL
0x00007ff877160000 - 0x00007ff877348000 	C:\WINDOWS\system32\KERNELBASE.dll
0x00007ff877c00000 - 0x00007ff877ca7000 	C:\WINDOWS\system32\ADVAPI32.dll
0x00007ff8787b0000 - 0x00007ff87884d000 	C:\WINDOWS\system32\msvcrt.dll
0x00007ff878540000 - 0x00007ff87859b000 	C:\WINDOWS\system32\sechost.dll
0x00007ff877990000 - 0x00007ff877aac000 	C:\WINDOWS\system32\RPCRT4.dll
0x00007ff8785a0000 - 0x00007ff8786f6000 	C:\WINDOWS\system32\USER32.dll
0x00007ff87a020000 - 0x00007ff87a1a6000 	C:\WINDOWS\system32\GDI32.dll
0x00007ff869f30000 - 0x00007ff86a1a4000 	C:\WINDOWS\WinSxS\amd64_microsoft.windows.common-controls_6595b64144ccf1df_6.0.10586.0_none_8c15ae12515e1c22\COMCTL32.dll
0x00007ff877610000 - 0x00007ff87788d000 	C:\WINDOWS\system32\combase.dll
0x00007ff877400000 - 0x00007ff87746a000 	C:\WINDOWS\system32\bcryptPrimitives.dll
0x00007ff877e30000 - 0x00007ff877e6b000 	C:\WINDOWS\system32\IMM32.DLL
0x0000000054770000 - 0x0000000054842000 	C:\Program Files\Java\jdk1.8.0_20\jre\bin\msvcr100.dll
0x0000000053f10000 - 0x0000000054768000 	C:\Program Files\Java\jdk1.8.0_20\jre\bin\server\jvm.dll
0x00007ff877980000 - 0x00007ff877988000 	C:\WINDOWS\system32\PSAPI.DLL
0x00007ff86c970000 - 0x00007ff86c979000 	C:\WINDOWS\SYSTEM32\WSOCK32.dll
0x00007ff874fb0000 - 0x00007ff874fd3000 	C:\WINDOWS\SYSTEM32\WINMM.dll
0x00007ff8775a0000 - 0x00007ff87760b000 	C:\WINDOWS\system32\WS2_32.dll
0x00007ff874f50000 - 0x00007ff874f7c000 	C:\WINDOWS\SYSTEM32\WINMMBASE.dll
0x00007ff877490000 - 0x00007ff8774d3000 	C:\WINDOWS\system32\cfgmgr32.dll
0x0000000053f00000 - 0x0000000053f0f000 	C:\Program Files\Java\jdk1.8.0_20\jre\bin\verify.dll
0x0000000053ed0000 - 0x0000000053ef8000 	C:\Program Files\Java\jdk1.8.0_20\jre\bin\java.dll
0x0000000053eb0000 - 0x0000000053ec6000 	C:\Program Files\Java\jdk1.8.0_20\jre\bin\zip.dll
0x00007ff878900000 - 0x00007ff879e5c000 	C:\WINDOWS\system32\SHELL32.dll
0x00007ff876ab0000 - 0x00007ff8770f5000 	C:\WINDOWS\system32\windows.storage.dll
0x00007ff877fe0000 - 0x00007ff878032000 	C:\WINDOWS\system32\shlwapi.dll
0x00007ff876840000 - 0x00007ff87684f000 	C:\WINDOWS\system32\kernel.appcore.dll
0x00007ff8774e0000 - 0x00007ff877595000 	C:\WINDOWS\system32\shcore.dll
0x00007ff8767f0000 - 0x00007ff87683b000 	C:\WINDOWS\system32\powrprof.dll
0x00007ff8767c0000 - 0x00007ff8767d4000 	C:\WINDOWS\system32\profapi.dll
0x00007ff86ba30000 - 0x00007ff86bbbc000 	C:\WINDOWS\SYSTEM32\dbghelp.dll

VM Arguments:
jvm_args: -Djava.awt.headless=true -Xmx1024M -Dfile.encoding=windows-1252 -Duser.country=US -Duser.language=en -Duser.variant 
java_command: com.android.dx.command.Main --dex --num-threads=4 --output C:\Users\admin\Documents\GitHub\SoftwareDesign\FindMeTutor\FindMeTutor\tutor_app\build\intermediates\pre-dexed\debug\com.android.support-cardview-v7-24.2.0_ba62f3b7cd9e58d252cc2fad6ddf08f2f16f089e.jar C:\Users\admin\Documents\GitHub\SoftwareDesign\FindMeTutor\FindMeTutor\tutor_app\build\intermediates\exploded-aar\com.android.support\cardview-v7\24.2.0\jars\classes.jar
java_class_path (initial): C:\Users\admin\AppData\Local\Android\sdk\build-tools\24.0.1\lib\dx.jar
Launcher Type: SUN_STANDARD

Environment Variables:
PATH=C:\ProgramData\Oracle\Java\javapath;C:\Program Files (x86)\Intel\iCLS Client\;C:\Program Files\Intel\iCLS Client\;C:\WINDOWS\system32;C:\WINDOWS;C:\WINDOWS\System32\Wbem;C:\WINDOWS\System32\WindowsPowerShell\v1.0\;C:\Program Files\Intel\Intel(R) Management Engine Components\DAL;C:\Program Files\Intel\Intel(R) Management Engine Components\IPT;C:\Program Files (x86)\Intel\Intel(R) Management Engine Components\DAL;C:\Program Files (x86)\Intel\Intel(R) Management Engine Components\IPT;C:\Program Files\WIDCOMM\Bluetooth Software\;C:\Program Files\WIDCOMM\Bluetooth Software\syswow64;C:\Program Files (x86)\Intel\OpenCL SDK\2.0\bin\x86;C:\Program Files (x86)\Intel\OpenCL SDK\2.0\bin\x64;C:\Program Files\Intel\WiFi\bin\;C:\Program Files\Common Files\Intel\WirelessCommon\;c:\Program Files (x86)\Microsoft SQL Server\100\Tools\Binn\;c:\Program Files\Microsoft SQL Server\100\Tools\Binn\;c:\Program Files\Microsoft SQL Server\100\DTS\Binn\;C:\Program Files (x86)\MySQL\MySQL Fabric 1.5.4 & MySQL Utilities 1.5.4 1.5\;C:\Program Files (x86)\MySQL\MySQL Fabric 1.5.4 & MySQL Utilities 1.5.4 1.5\Doctrine extensions for PHP\;C:\Program Files (x86)\Borland\Delphi7\Bin;C:\Program Files (x86)\Borland\Delphi7\Projects\Bpl;C:\Program Files (x86)\Borland\Delphi7\Rave5;C:\Program Files\Git\cmd;C:\Program Files\Intel\WiFi\bin\;C:\Program Files\Common Files\Intel\WirelessCommon\
USERNAME=admin
OS=Windows_NT
PROCESSOR_IDENTIFIER=Intel64 Family 6 Model 58 Stepping 9, GenuineIntel



---------------  S Y S T E M  ---------------

OS: Windows 8.1 , 64 bit Build 9600 

CPU:total 4 (2 cores per cpu, 2 threads per core) family 6 model 58 stepping 9, cmov, cx8, fxsr, mmx, sse, sse2, sse3, ssse3, sse4.1, sse4.2, popcnt, avx, aes, clmul, erms, ht, tsc, tscinvbit, tscinv

Memory: 4k page, physical 8258576k(1510124k free), swap 10306576k(201132k free)

vm_info: Java HotSpot(TM) 64-Bit Server VM (25.20-b23) for windows-amd64 JRE (1.8.0_20-b26), built on Jul 30 2014 13:51:23 by "java_re" with MS VC++ 10.0 (VS2010)

time: Tue Sep 06 22:02:10 2016
elapsed time: 0 seconds (0d 0h 0m 0s)

