#
# There is insufficient memory for the Java Runtime Environment to continue.
# Native memory allocation (malloc) failed to allocate 32744 bytes for ChunkPool::allocate
# Possible reasons:
#   The system is out of physical RAM or swap space
#   In 32 bit mode, the process size limit was hit
# Possible solutions:
#   Reduce memory load on the system
#   Increase physical memory or swap space
#   Check if swap backing store is full
#   Use 64 bit Java on a 64 bit OS
#   Decrease Java heap size (-Xmx/-Xms)
#   Decrease number of Java threads
#   Decrease Java thread stack sizes (-Xss)
#   Set larger code cache with -XX:ReservedCodeCacheSize=
# This output file may be truncated or incomplete.
#
#  Out of Memory Error (allocation.cpp:273), pid=6384, tid=848
#
# JRE version: Java(TM) SE Runtime Environment (8.0_20-b26) (build 1.8.0_20-b26)
# Java VM: Java HotSpot(TM) 64-Bit Server VM (25.20-b23 mixed mode windows-amd64 compressed oops)
# Failed to write core dump. Minidumps are not enabled by default on client versions of Windows
#

---------------  T H R E A D  ---------------

Current thread (0x0000000014acb800):  JavaThread "C1 CompilerThread2" daemon [_thread_in_vm, id=848, stack(0x00000000161c0000,0x00000000162c0000)]

Stack: [0x00000000161c0000,0x00000000162c0000]
Native frames: (J=compiled Java code, j=interpreted, Vv=VM code, C=native code)
V  [jvm.dll+0x3152fa]


Current CompileTask:
C1:   3879 1295       3       com.android.dx.cf.code.Simulator$SimVisitor::visitNoArgs (2136 bytes)


---------------  P R O C E S S  ---------------

Java Threads: ( => current thread )
  0x0000000016519800 JavaThread "pool-1-thread-4" [_thread_blocked, id=14632, stack(0x0000000016cc0000,0x0000000016dc0000)]
  0x0000000016518800 JavaThread "pool-1-thread-3" [_thread_blocked, id=14360, stack(0x0000000016bc0000,0x0000000016cc0000)]
  0x0000000016510800 JavaThread "pool-1-thread-2" [_thread_in_vm, id=13940, stack(0x0000000016ac0000,0x0000000016bc0000)]
  0x0000000016450800 JavaThread "pool-2-thread-1" [_thread_blocked, id=13084, stack(0x00000000169c0000,0x0000000016ac0000)]
  0x000000001644e000 JavaThread "pool-1-thread-1" [_thread_blocked, id=14880, stack(0x00000000168c0000,0x00000000169c0000)]
  0x00000000162c4800 JavaThread "Service Thread" daemon [_thread_blocked, id=14668, stack(0x00000000166c0000,0x00000000167c0000)]
=>0x0000000014acb800 JavaThread "C1 CompilerThread2" daemon [_thread_in_vm, id=848, stack(0x00000000161c0000,0x00000000162c0000)]
  0x0000000014a70000 JavaThread "C2 CompilerThread1" daemon [_thread_blocked, id=13068, stack(0x00000000160c0000,0x00000000161c0000)]
  0x0000000014a6d800 JavaThread "C2 CompilerThread0" daemon [_thread_in_native, id=14888, stack(0x0000000015fc0000,0x00000000160c0000)]
  0x0000000014a6b800 JavaThread "Attach Listener" daemon [_thread_blocked, id=12352, stack(0x0000000015ec0000,0x0000000015fc0000)]
  0x0000000014a6a000 JavaThread "Signal Dispatcher" daemon [_thread_blocked, id=4532, stack(0x0000000015dc0000,0x0000000015ec0000)]
  0x000000000238f000 JavaThread "Finalizer" daemon [_thread_blocked, id=1408, stack(0x0000000015cc0000,0x0000000015dc0000)]
  0x0000000014a38000 JavaThread "Reference Handler" daemon [_thread_blocked, id=11792, stack(0x0000000015bc0000,0x0000000015cc0000)]
  0x000000000220d800 JavaThread "main" [_thread_blocked, id=7564, stack(0x00000000020f0000,0x00000000021f0000)]

Other Threads:
  0x0000000014a36000 VMThread [stack: 0x0000000015ac0000,0x0000000015bc0000] [id=7868]
  0x00000000162c6800 WatcherThread [stack: 0x00000000167c0000,0x00000000168c0000] [id=15196]

VM state:synchronizing (normal execution)

VM Mutex/Monitor currently owned by a thread:  ([mutex/lock_event])
[0x000000000220c540] Threads_lock - owner thread: 0x0000000014a36000
[0x000000000220ca40] Heap_lock - owner thread: 0x0000000016519800

Heap:
 PSYoungGen      total 38400K, used 33280K [0x00000000eab00000, 0x00000000ed580000, 0x0000000100000000)
  eden space 33280K, 100% used [0x00000000eab00000,0x00000000ecb80000,0x00000000ecb80000)
  from space 5120K, 0% used [0x00000000ed080000,0x00000000ed080000,0x00000000ed580000)
  to   space 5120K, 0% used [0x00000000ecb80000,0x00000000ecb80000,0x00000000ed080000)
 ParOldGen       total 87552K, used 0K [0x00000000c0000000, 0x00000000c5580000, 0x00000000eab00000)
  object space 87552K, 0% used [0x00000000c0000000,0x00000000c0000000,0x00000000c5580000)
 Metaspace       used 5968K, capacity 6960K, committed 7040K, reserved 1056768K
  class space    used 592K, capacity 616K, committed 640K, reserved 1048576K

Card table byte_map: [0x0000000011760000,0x0000000011970000] byte_map_base: 0x0000000011160000

Marking Bits: (ParMarkBitMap*) 0x00000000546eb460
 Begin Bits: [0x0000000011ed0000, 0x0000000012ed0000)
 End Bits:   [0x0000000012ed0000, 0x0000000013ed0000)

Polling page: 0x00000000001f0000

CodeCache: size=245760Kb used=5110Kb max_used=5110Kb free=240649Kb
 bounds [0x00000000023a0000, 0x00000000028b0000, 0x00000000113a0000]
 total_blobs=1553 nmethods=1289 adapters=178
 compilation: enabled

Compilation events (10 events):
Event: 3.821 Thread 0x0000000014acb800 nmethod 1290 0x000000000289a790 code [0x000000000289a920, 0x000000000289add8]
Event: 3.821 Thread 0x0000000014acb800 1291       3       com.android.dx.dex.cf.AttributeTranslator::getMethodAnnotations (37 bytes)
Event: 3.823 Thread 0x0000000014acb800 nmethod 1291 0x000000000289af90 code [0x000000000289b280, 0x000000000289c878]
Event: 3.823 Thread 0x0000000014acb800 1293       3       com.android.dx.rop.code.Rops::opConst (85 bytes)
Event: 3.824 Thread 0x0000000014acb800 nmethod 1293 0x000000000289d4d0 code [0x000000000289d700, 0x000000000289e3e8]
Event: 3.824 Thread 0x0000000014acb800 1292       3       com.android.dx.dex.cf.AttributeTranslator::getParameterAnnotations (69 bytes)
Event: 3.824 Thread 0x0000000014acb800 nmethod 1292 0x000000000289e950 code [0x000000000289eb40, 0x000000000289f438]
Event: 3.824 Thread 0x0000000014acb800 1294       3       com.android.dx.cf.code.BasicBlocker::visitNoArgs (298 bytes)
Event: 3.826 Thread 0x0000000014acb800 nmethod 1294 0x000000000289f710 code [0x000000000289f980, 0x00000000028a0738]
Event: 3.826 Thread 0x0000000014acb800 1295       3       com.android.dx.cf.code.Simulator$SimVisitor::visitNoArgs (2136 bytes)

GC Heap History (0 events):
No events

Deoptimization events (9 events):
Event: 3.076 Thread 0x0000000016510800 Uncommon trap: reason=class_check action=maybe_recompile pc=0x00000000026eea6c method=com.android.dx.rop.type.Type.equals(Ljava/lang/Object;)Z @ 8
Event: 3.076 Thread 0x0000000016510800 Uncommon trap: reason=class_check action=maybe_recompile pc=0x00000000026eea6c method=com.android.dx.rop.type.Type.equals(Ljava/lang/Object;)Z @ 8
Event: 3.077 Thread 0x0000000016510800 Uncommon trap: reason=class_check action=maybe_recompile pc=0x00000000026eea6c method=com.android.dx.rop.type.Type.equals(Ljava/lang/Object;)Z @ 8
Event: 3.077 Thread 0x0000000016510800 Uncommon trap: reason=class_check action=maybe_recompile pc=0x00000000026eea6c method=com.android.dx.rop.type.Type.equals(Ljava/lang/Object;)Z @ 8
Event: 3.308 Thread 0x000000000220d800 Uncommon trap: reason=class_check action=maybe_recompile pc=0x000000000264384c method=com.android.dx.ssa.NormalSsaInsn.accept(Lcom/android/dx/ssa/SsaInsn$Visitor;)V @ 9
Event: 3.308 Thread 0x000000000220d800 Uncommon trap: reason=class_check action=maybe_recompile pc=0x000000000264384c method=com.android.dx.ssa.NormalSsaInsn.accept(Lcom/android/dx/ssa/SsaInsn$Visitor;)V @ 9
Event: 3.408 Thread 0x0000000016519800 Uncommon trap: reason=class_check action=maybe_recompile pc=0x000000000264384c method=com.android.dx.ssa.NormalSsaInsn.accept(Lcom/android/dx/ssa/SsaInsn$Visitor;)V @ 9
Event: 3.408 Thread 0x0000000016519800 Uncommon trap: reason=class_check action=maybe_recompile pc=0x000000000260d2b0 method=com.android.dx.ssa.NormalSsaInsn.accept(Lcom/android/dx/ssa/SsaInsn$Visitor;)V @ 9
Event: 3.409 Thread 0x0000000016519800 Uncommon trap: reason=class_check action=maybe_recompile pc=0x000000000264384c method=com.android.dx.ssa.NormalSsaInsn.accept(Lcom/android/dx/ssa/SsaInsn$Visitor;)V @ 9

Internal exceptions (10 events):
Event: 3.006 Thread 0x000000000220d800 Exception <a 'java/security/PrivilegedActionException'> (0x00000000eb9ae028) thrown at [D:\re\workspace\8-2-build-windows-amd64-cygwin\jdk8u20\1074\hotspot\src\share\vm\prims\jvm.cpp, line 1275]
Event: 3.028 Thread 0x000000000220d800 Exception <a 'java/security/PrivilegedActionException'> (0x00000000eba074f0) thrown at [D:\re\workspace\8-2-build-windows-amd64-cygwin\jdk8u20\1074\hotspot\src\share\vm\prims\jvm.cpp, line 1275]
Event: 3.033 Thread 0x0000000016510800 Exception <a 'java/security/PrivilegedActionException'> (0x00000000eb820c20) thrown at [D:\re\workspace\8-2-build-windows-amd64-cygwin\jdk8u20\1074\hotspot\src\share\vm\prims\jvm.cpp, line 1275]
Event: 3.050 Thread 0x000000000220d800 Exception <a 'java/security/PrivilegedActionException'> (0x00000000ebc30a08) thrown at [D:\re\workspace\8-2-build-windows-amd64-cygwin\jdk8u20\1074\hotspot\src\share\vm\prims\jvm.cpp, line 1275]
Event: 3.067 Thread 0x0000000016510800 Exception <a 'java/security/PrivilegedActionException'> (0x00000000ebd32b40) thrown at [D:\re\workspace\8-2-build-windows-amd64-cygwin\jdk8u20\1074\hotspot\src\share\vm\prims\jvm.cpp, line 1275]
Event: 3.420 Thread 0x000000000220d800 Exception <a 'java/security/PrivilegedActionException'> (0x00000000ec337fe0) thrown at [D:\re\workspace\8-2-build-windows-amd64-cygwin\jdk8u20\1074\hotspot\src\share\vm\prims\jvm.cpp, line 1275]
Event: 3.502 Thread 0x0000000016518800 Exception <a 'java/security/PrivilegedActionException'> (0x00000000ec5eeea0) thrown at [D:\re\workspace\8-2-build-windows-amd64-cygwin\jdk8u20\1074\hotspot\src\share\vm\prims\jvm.cpp, line 1275]
Event: 3.518 Thread 0x0000000016518800 Exception <a 'java/security/PrivilegedActionException'> (0x00000000ec5f4890) thrown at [D:\re\workspace\8-2-build-windows-amd64-cygwin\jdk8u20\1074\hotspot\src\share\vm\prims\jvm.cpp, line 1275]
Event: 3.519 Thread 0x0000000016518800 Exception <a 'java/security/PrivilegedActionException'> (0x00000000ec5f9f38) thrown at [D:\re\workspace\8-2-build-windows-amd64-cygwin\jdk8u20\1074\hotspot\src\share\vm\prims\jvm.cpp, line 1275]
Event: 3.780 Thread 0x0000000016510800 Exception <a 'java/security/PrivilegedActionException'> (0x00000000ec7eb4e0) thrown at [D:\re\workspace\8-2-build-windows-amd64-cygwin\jdk8u20\1074\hotspot\src\share\vm\prims\jvm.cpp, line 1275]

Events (10 events):
Event: 3.420 loading class com/android/dx/cf/attrib/AttExceptions done
Event: 3.502 loading class com/android/dx/dex/file/ParameterAnnotationStruct
Event: 3.502 loading class com/android/dx/dex/file/ParameterAnnotationStruct done
Event: 3.518 loading class com/android/dx/dex/file/UniformListItem
Event: 3.518 loading class com/android/dx/dex/file/UniformListItem done
Event: 3.519 loading class com/android/dx/dex/file/AnnotationSetRefItem
Event: 3.519 loading class com/android/dx/dex/file/AnnotationSetRefItem done
Event: 3.779 loading class com/android/dx/cf/code/BytecodeArray$ConstantParserVisitor
Event: 3.779 loading class com/android/dx/cf/code/BytecodeArray$ConstantParserVisitor done
Event: 3.836 Executing VM operation: ParallelGCFailedAllocation


Dynamic libraries:
0x00007ff668390000 - 0x00007ff6683c4000 	C:\Program Files\Java\jdk1.8.0_20\bin\java.exe
0x00007ff87a1c0000 - 0x00007ff87a381000 	C:\WINDOWS\SYSTEM32\ntdll.dll
0x00007ff878700000 - 0x00007ff8787ad000 	C:\WINDOWS\system32\KERNEL32.DLL
0x00007ff877160000 - 0x00007ff877348000 	C:\WINDOWS\system32\KERNELBASE.dll
0x00007ff877c00000 - 0x00007ff877ca7000 	C:\WINDOWS\system32\ADVAPI32.dll
0x00007ff8787b0000 - 0x00007ff87884d000 	C:\WINDOWS\system32\msvcrt.dll
0x00007ff878540000 - 0x00007ff87859b000 	C:\WINDOWS\system32\sechost.dll
0x00007ff877990000 - 0x00007ff877aac000 	C:\WINDOWS\system32\RPCRT4.dll
0x00007ff8785a0000 - 0x00007ff8786f6000 	C:\WINDOWS\system32\USER32.dll
0x00007ff87a020000 - 0x00007ff87a1a6000 	C:\WINDOWS\system32\GDI32.dll
0x00007ff869f30000 - 0x00007ff86a1a4000 	C:\WINDOWS\WinSxS\amd64_microsoft.windows.common-controls_6595b64144ccf1df_6.0.10586.0_none_8c15ae12515e1c22\COMCTL32.dll
0x00007ff877610000 - 0x00007ff87788d000 	C:\WINDOWS\system32\combase.dll
0x00007ff877400000 - 0x00007ff87746a000 	C:\WINDOWS\system32\bcryptPrimitives.dll
0x00007ff877e30000 - 0x00007ff877e6b000 	C:\WINDOWS\system32\IMM32.DLL
0x0000000054770000 - 0x0000000054842000 	C:\Program Files\Java\jdk1.8.0_20\jre\bin\msvcr100.dll
0x0000000053f10000 - 0x0000000054768000 	C:\Program Files\Java\jdk1.8.0_20\jre\bin\server\jvm.dll
0x00007ff877980000 - 0x00007ff877988000 	C:\WINDOWS\system32\PSAPI.DLL
0x00007ff86c970000 - 0x00007ff86c979000 	C:\WINDOWS\SYSTEM32\WSOCK32.dll
0x00007ff8775a0000 - 0x00007ff87760b000 	C:\WINDOWS\system32\WS2_32.dll
0x00007ff874fb0000 - 0x00007ff874fd3000 	C:\WINDOWS\SYSTEM32\WINMM.dll
0x00007ff874f50000 - 0x00007ff874f7c000 	C:\WINDOWS\SYSTEM32\WINMMBASE.dll
0x00007ff877490000 - 0x00007ff8774d3000 	C:\WINDOWS\system32\cfgmgr32.dll
0x0000000053f00000 - 0x0000000053f0f000 	C:\Program Files\Java\jdk1.8.0_20\jre\bin\verify.dll
0x0000000053ed0000 - 0x0000000053ef8000 	C:\Program Files\Java\jdk1.8.0_20\jre\bin\java.dll
0x0000000053eb0000 - 0x0000000053ec6000 	C:\Program Files\Java\jdk1.8.0_20\jre\bin\zip.dll
0x00007ff878900000 - 0x00007ff879e5c000 	C:\WINDOWS\system32\SHELL32.dll
0x00007ff876ab0000 - 0x00007ff8770f5000 	C:\WINDOWS\system32\windows.storage.dll
0x00007ff877fe0000 - 0x00007ff878032000 	C:\WINDOWS\system32\shlwapi.dll
0x00007ff876840000 - 0x00007ff87684f000 	C:\WINDOWS\system32\kernel.appcore.dll
0x00007ff8774e0000 - 0x00007ff877595000 	C:\WINDOWS\system32\shcore.dll
0x00007ff8767f0000 - 0x00007ff87683b000 	C:\WINDOWS\system32\powrprof.dll
0x00007ff8767c0000 - 0x00007ff8767d4000 	C:\WINDOWS\system32\profapi.dll

VM Arguments:
jvm_args: -Djava.awt.headless=true -Xmx1024M -Dfile.encoding=windows-1252 -Duser.country=US -Duser.language=en -Duser.variant 
java_command: com.android.dx.command.Main --dex --num-threads=4 --output C:\Users\admin\Documents\GitHub\SoftwareDesign\FindMeTutor\FindMeTutor\tutor_app\build\intermediates\pre-dexed\debug\com.github.arimorty-floatingsearchview-2.0.3_969679a708635d45160ea898eeac5271445bfa36.jar C:\Users\admin\Documents\GitHub\SoftwareDesign\FindMeTutor\FindMeTutor\tutor_app\build\intermediates\exploded-aar\com.github.arimorty\floatingsearchview\2.0.3\jars\classes.jar
java_class_path (initial): C:\Users\admin\AppData\Local\Android\sdk\build-tools\24.0.1\lib\dx.jar
Launcher Type: SUN_STANDARD

Environment Variables:
PATH=C:\ProgramData\Oracle\Java\javapath;C:\Program Files (x86)\Intel\iCLS Client\;C:\Program Files\Intel\iCLS Client\;C:\WINDOWS\system32;C:\WINDOWS;C:\WINDOWS\System32\Wbem;C:\WINDOWS\System32\WindowsPowerShell\v1.0\;C:\Program Files\Intel\Intel(R) Management Engine Components\DAL;C:\Program Files\Intel\Intel(R) Management Engine Components\IPT;C:\Program Files (x86)\Intel\Intel(R) Management Engine Components\DAL;C:\Program Files (x86)\Intel\Intel(R) Management Engine Components\IPT;C:\Program Files\WIDCOMM\Bluetooth Software\;C:\Program Files\WIDCOMM\Bluetooth Software\syswow64;C:\Program Files (x86)\Intel\OpenCL SDK\2.0\bin\x86;C:\Program Files (x86)\Intel\OpenCL SDK\2.0\bin\x64;C:\Program Files\Intel\WiFi\bin\;C:\Program Files\Common Files\Intel\WirelessCommon\;c:\Program Files (x86)\Microsoft SQL Server\100\Tools\Binn\;c:\Program Files\Microsoft SQL Server\100\Tools\Binn\;c:\Program Files\Microsoft SQL Server\100\DTS\Binn\;C:\Program Files (x86)\MySQL\MySQL Fabric 1.5.4 & MySQL Utilities 1.5.4 1.5\;C:\Program Files (x86)\MySQL\MySQL Fabric 1.5.4 & MySQL Utilities 1.5.4 1.5\Doctrine extensions for PHP\;C:\Program Files (x86)\Borland\Delphi7\Bin;C:\Program Files (x86)\Borland\Delphi7\Projects\Bpl;C:\Program Files (x86)\Borland\Delphi7\Rave5;C:\Program Files\Git\cmd;C:\Program Files\Intel\WiFi\bin\;C:\Program Files\Common Files\Intel\WirelessCommon\
USERNAME=admin
OS=Windows_NT
PROCESSOR_IDENTIFIER=Intel64 Family 6 Model 58 Stepping 9, GenuineIntel



---------------  S Y S T E M  ---------------

OS: Windows 8.1 , 64 bit Build 9600 

CPU:total 4 (2 cores per cpu, 2 threads per core) family 6 model 58 stepping 9, cmov, cx8, fxsr, mmx, sse, sse2, sse3, ssse3, sse4.1, sse4.2, popcnt, avx, aes, clmul, erms, ht, tsc, tscinvbit, tscinv

Memory: 4k page, physical 8258576k(1413484k free), swap 10306576k(4104k free)

vm_info: Java HotSpot(TM) 64-Bit Server VM (25.20-b23) for windows-amd64 JRE (1.8.0_20-b26), built on Jul 30 2014 13:51:23 by "java_re" with MS VC++ 10.0 (VS2010)

time: Tue Sep 06 22:02:04 2016
elapsed time: 3 seconds (0d 0h 0m 3s)

