#
# There is insufficient memory for the Java Runtime Environment to continue.
# Native memory allocation (malloc) failed to allocate 1261616 bytes for Chunk::new
# Possible reasons:
#   The system is out of physical RAM or swap space
#   In 32 bit mode, the process size limit was hit
# Possible solutions:
#   Reduce memory load on the system
#   Increase physical memory or swap space
#   Check if swap backing store is full
#   Use 64 bit Java on a 64 bit OS
#   Decrease Java heap size (-Xmx/-Xms)
#   Decrease number of Java threads
#   Decrease Java thread stack sizes (-Xss)
#   Set larger code cache with -XX:ReservedCodeCacheSize=
# This output file may be truncated or incomplete.
#
#  Out of Memory Error (allocation.cpp:390), pid=9172, tid=6860
#
# JRE version: Java(TM) SE Runtime Environment (8.0_20-b26) (build 1.8.0_20-b26)
# Java VM: Java HotSpot(TM) 64-Bit Server VM (25.20-b23 mixed mode windows-amd64 compressed oops)
# Failed to write core dump. Minidumps are not enabled by default on client versions of Windows
#

---------------  T H R E A D  ---------------

Current thread (0x00000000148cd800):  JavaThread "C2 CompilerThread0" daemon [_thread_in_native, id=6860, stack(0x0000000015e30000,0x0000000015f30000)]

Stack: [0x0000000015e30000,0x0000000015f30000]
Native frames: (J=compiled Java code, j=interpreted, Vv=VM code, C=native code)
V  [jvm.dll+0x3152fa]
V  [jvm.dll+0x265d03]
V  [jvm.dll+0x266943]
V  [jvm.dll+0x25e265]
V  [jvm.dll+0xbe255]
V  [jvm.dll+0xbe6fc]
V  [jvm.dll+0x45c472]
V  [jvm.dll+0x49d76f]
V  [jvm.dll+0x4512bf]
V  [jvm.dll+0x452634]
V  [jvm.dll+0x435fc2]
V  [jvm.dll+0x97b62]
V  [jvm.dll+0x98353]
V  [jvm.dll+0x22aac4]
V  [jvm.dll+0x283f5a]
C  [msvcr100.dll+0x21d9f]
C  [msvcr100.dll+0x21e3b]
C  [KERNEL32.DLL+0x18102]
C  [ntdll.dll+0x5c5b4]


Current CompileTask:
C2:   3698 1261   !   4       com.android.dx.cf.code.BytecodeArray::parseInstruction (2764 bytes)


---------------  P R O C E S S  ---------------

Java Threads: ( => current thread )
  0x0000000016586800 JavaThread "pool-1-thread-4" [_thread_blocked, id=11060, stack(0x0000000017330000,0x0000000017430000)]
  0x00000000165f1000 JavaThread "pool-1-thread-3" [_thread_in_Java, id=10680, stack(0x0000000017230000,0x0000000017330000)]
  0x00000000165ea800 JavaThread "pool-1-thread-2" [_thread_blocked, id=6332, stack(0x0000000017130000,0x0000000017230000)]
  0x00000000165fc800 JavaThread "pool-2-thread-1" [_thread_blocked, id=9888, stack(0x0000000017030000,0x0000000017130000)]
  0x00000000165fb800 JavaThread "pool-1-thread-1" [_thread_in_Java, id=13236, stack(0x0000000016f30000,0x0000000017030000)]
  0x0000000014927800 JavaThread "Service Thread" daemon [_thread_blocked, id=2780, stack(0x0000000016130000,0x0000000016230000)]
  0x00000000148d3800 JavaThread "C1 CompilerThread2" daemon [_thread_blocked, id=9572, stack(0x0000000016030000,0x0000000016130000)]
  0x00000000148d0000 JavaThread "C2 CompilerThread1" daemon [_thread_in_native, id=13952, stack(0x0000000015f30000,0x0000000016030000)]
=>0x00000000148cd800 JavaThread "C2 CompilerThread0" daemon [_thread_in_native, id=6860, stack(0x0000000015e30000,0x0000000015f30000)]
  0x00000000148cb800 JavaThread "Attach Listener" daemon [_thread_blocked, id=3516, stack(0x0000000015d30000,0x0000000015e30000)]
  0x00000000148ca000 JavaThread "Signal Dispatcher" daemon [_thread_blocked, id=12540, stack(0x0000000015c30000,0x0000000015d30000)]
  0x00000000021f5000 JavaThread "Finalizer" daemon [_thread_blocked, id=13800, stack(0x0000000015b30000,0x0000000015c30000)]
  0x0000000014898000 JavaThread "Reference Handler" daemon [_thread_blocked, id=3392, stack(0x0000000015a30000,0x0000000015b30000)]
  0x000000000055d800 JavaThread "main" [_thread_in_vm, id=12556, stack(0x0000000002000000,0x0000000002100000)]

Other Threads:
  0x0000000014896000 VMThread [stack: 0x0000000015930000,0x0000000015a30000] [id=10508]
  0x000000001492b800 WatcherThread [stack: 0x0000000016230000,0x0000000016330000] [id=4644]

VM state:not at safepoint (normal execution)

VM Mutex/Monitor currently owned by a thread: None

Heap:
 PSYoungGen      total 38400K, used 31339K [0x00000000eab00000, 0x00000000ed580000, 0x0000000100000000)
  eden space 33280K, 94% used [0x00000000eab00000,0x00000000ec99ac28,0x00000000ecb80000)
  from space 5120K, 0% used [0x00000000ed080000,0x00000000ed080000,0x00000000ed580000)
  to   space 5120K, 0% used [0x00000000ecb80000,0x00000000ecb80000,0x00000000ed080000)
 ParOldGen       total 87552K, used 0K [0x00000000c0000000, 0x00000000c5580000, 0x00000000eab00000)
  object space 87552K, 0% used [0x00000000c0000000,0x00000000c0000000,0x00000000c5580000)
 Metaspace       used 5968K, capacity 6960K, committed 7040K, reserved 1056768K
  class space    used 589K, capacity 616K, committed 640K, reserved 1048576K

Card table byte_map: [0x00000000115c0000,0x00000000117d0000] byte_map_base: 0x0000000010fc0000

Marking Bits: (ParMarkBitMap*) 0x0000000070fdb460
 Begin Bits: [0x0000000011d30000, 0x0000000012d30000)
 End Bits:   [0x0000000012d30000, 0x0000000013d30000)

Polling page: 0x00000000001f0000

CodeCache: size=245760Kb used=5128Kb max_used=5128Kb free=240631Kb
 bounds [0x0000000002200000, 0x0000000002710000, 0x0000000011200000]
 total_blobs=1545 nmethods=1280 adapters=178
 compilation: enabled

Compilation events (10 events):
Event: 3.667 Thread 0x00000000148d3800 nmethod 1264 0x00000000026f37d0 code [0x00000000026f3920, 0x00000000026f3af0]
Event: 3.669 Thread 0x00000000148d3800 1265       1       com.android.dx.dex.file.DexFile::getStringIds (5 bytes)
Event: 3.669 Thread 0x00000000148d3800 nmethod 1265 0x00000000026fa210 code [0x00000000026fa360, 0x00000000026fa470]
Event: 3.671 Thread 0x00000000148d3800 1266       3       com.android.dx.rop.type.Type::getInitializedType (42 bytes)
Event: 3.672 Thread 0x00000000148d3800 nmethod 1266 0x00000000026f9510 code [0x00000000026f96e0, 0x00000000026f9ed8]
Event: 3.673 Thread 0x00000000148d3800 1267       3       com.android.dx.ssa.NormalSsaInsn::canThrow (8 bytes)
Event: 3.673 Thread 0x00000000148d3800 nmethod 1267 0x00000000026f8d90 code [0x00000000026f8f20, 0x00000000026f9368]
Event: 3.673 Thread 0x00000000148d0000 1268       4       com.android.dx.rop.code.ThrowingCstInsn::<init> (51 bytes)
Event: 3.675 Thread 0x00000000148d0000 nmethod 1268 0x00000000026fd910 code [0x00000000026fda60, 0x00000000026fdc18]
Event: 3.676 Thread 0x00000000148d3800 1269       3       com.android.dx.rop.cst.CstBaseMethodRef::isInstanceInit (8 bytes)

GC Heap History (0 events):
No events

Deoptimization events (6 events):
Event: 2.884 Thread 0x000000000055d800 Uncommon trap: reason=class_check action=maybe_recompile pc=0x0000000002615938 method=com.android.dx.ssa.NormalSsaInsn.accept(Lcom/android/dx/ssa/SsaInsn$Visitor;)V @ 9
Event: 2.885 Thread 0x000000000055d800 Uncommon trap: reason=class_check action=maybe_recompile pc=0x0000000002615938 method=com.android.dx.ssa.NormalSsaInsn.accept(Lcom/android/dx/ssa/SsaInsn$Visitor;)V @ 9
Event: 2.885 Thread 0x000000000055d800 Uncommon trap: reason=class_check action=maybe_recompile pc=0x0000000002615938 method=com.android.dx.ssa.NormalSsaInsn.accept(Lcom/android/dx/ssa/SsaInsn$Visitor;)V @ 9
Event: 2.886 Thread 0x000000000055d800 Uncommon trap: reason=class_check action=maybe_recompile pc=0x0000000002615938 method=com.android.dx.ssa.NormalSsaInsn.accept(Lcom/android/dx/ssa/SsaInsn$Visitor;)V @ 9
Event: 2.886 Thread 0x000000000055d800 Uncommon trap: reason=class_check action=maybe_recompile pc=0x00000000024699d4 method=com.android.dx.ssa.NormalSsaInsn.accept(Lcom/android/dx/ssa/SsaInsn$Visitor;)V @ 9
Event: 2.887 Thread 0x000000000055d800 Uncommon trap: reason=class_check action=maybe_recompile pc=0x000000000244f630 method=com.android.dx.ssa.NormalSsaInsn.accept(Lcom/android/dx/ssa/SsaInsn$Visitor;)V @ 9

Internal exceptions (10 events):
Event: 1.907 Thread 0x0000000016586800 Exception <a 'java/security/PrivilegedActionException'> (0x00000000eb80e5d8) thrown at [D:\re\workspace\8-2-build-windows-amd64-cygwin\jdk8u20\1074\hotspot\src\share\vm\prims\jvm.cpp, line 1275]
Event: 1.933 Thread 0x0000000016586800 Exception <a 'java/security/PrivilegedActionException'> (0x00000000eb820870) thrown at [D:\re\workspace\8-2-build-windows-amd64-cygwin\jdk8u20\1074\hotspot\src\share\vm\prims\jvm.cpp, line 1275]
Event: 1.939 Thread 0x00000000165fb800 Exception <a 'java/security/PrivilegedActionException'> (0x00000000eb55f140) thrown at [D:\re\workspace\8-2-build-windows-amd64-cygwin\jdk8u20\1074\hotspot\src\share\vm\prims\jvm.cpp, line 1275]
Event: 1.940 Thread 0x00000000165fb800 Exception <a 'java/security/PrivilegedActionException'> (0x00000000eb564b30) thrown at [D:\re\workspace\8-2-build-windows-amd64-cygwin\jdk8u20\1074\hotspot\src\share\vm\prims\jvm.cpp, line 1275]
Event: 1.940 Thread 0x00000000165fb800 Exception <a 'java/security/PrivilegedActionException'> (0x00000000eb56a2a0) thrown at [D:\re\workspace\8-2-build-windows-amd64-cygwin\jdk8u20\1074\hotspot\src\share\vm\prims\jvm.cpp, line 1275]
Event: 1.944 Thread 0x00000000165ea800 Exception <a 'java/security/PrivilegedActionException'> (0x00000000eba18040) thrown at [D:\re\workspace\8-2-build-windows-amd64-cygwin\jdk8u20\1074\hotspot\src\share\vm\prims\jvm.cpp, line 1275]
Event: 1.963 Thread 0x000000000055d800 Exception <a 'java/security/PrivilegedActionException'> (0x00000000eb9ae890) thrown at [D:\re\workspace\8-2-build-windows-amd64-cygwin\jdk8u20\1074\hotspot\src\share\vm\prims\jvm.cpp, line 1275]
Event: 1.975 Thread 0x000000000055d800 Exception <a 'java/security/PrivilegedActionException'> (0x00000000eb9d64f0) thrown at [D:\re\workspace\8-2-build-windows-amd64-cygwin\jdk8u20\1074\hotspot\src\share\vm\prims\jvm.cpp, line 1275]
Event: 3.630 Thread 0x000000000055d800 Exception <a 'java/security/PrivilegedActionException'> (0x00000000ec495178) thrown at [D:\re\workspace\8-2-build-windows-amd64-cygwin\jdk8u20\1074\hotspot\src\share\vm\prims\jvm.cpp, line 1275]
Event: 3.634 Thread 0x000000000055d800 Exception <a 'java/security/PrivilegedActionException'> (0x00000000ec4a0d38) thrown at [D:\re\workspace\8-2-build-windows-amd64-cygwin\jdk8u20\1074\hotspot\src\share\vm\prims\jvm.cpp, line 1275]

Events (10 events):
Event: 2.886 Thread 0x000000000055d800 DEOPT UNPACKING pc=0x000000000224556a sp=0x00000000020fe3b0 mode 2
Event: 2.887 Thread 0x000000000055d800 Uncommon trap: trap_request=0xffffffde fr.pc=0x000000000244f630
Event: 2.887 Thread 0x000000000055d800 DEOPT PACKING pc=0x000000000244f630 sp=0x00000000020fe350
Event: 2.887 Thread 0x000000000055d800 DEOPT UNPACKING pc=0x000000000224556a sp=0x00000000020fe2f0 mode 2
Event: 3.407 Thread 0x00000000165fb800 DEOPT PACKING pc=0x00000000024563b5 sp=0x000000001702e7c0
Event: 3.407 Thread 0x00000000165fb800 DEOPT UNPACKING pc=0x00000000022475bf sp=0x000000001702e5a0 mode 0
Event: 3.630 loading class com/android/dx/cf/attrib/AttRuntimeVisibleAnnotations
Event: 3.630 loading class com/android/dx/cf/attrib/AttRuntimeVisibleAnnotations done
Event: 3.634 loading class com/android/dx/cf/attrib/AttExceptions
Event: 3.634 loading class com/android/dx/cf/attrib/AttExceptions done


Dynamic libraries:
0x00007ff684e90000 - 0x00007ff684ec4000 	C:\Program Files\Java\jdk1.8.0_20\bin\java.exe
0x00007ffb659a0000 - 0x00007ffb65b61000 	C:\WINDOWS\SYSTEM32\ntdll.dll
0x00007ffb633d0000 - 0x00007ffb6347d000 	C:\WINDOWS\system32\KERNEL32.DLL
0x00007ffb626f0000 - 0x00007ffb628d8000 	C:\WINDOWS\system32\KERNELBASE.dll
0x00007ffb658f0000 - 0x00007ffb65997000 	C:\WINDOWS\system32\ADVAPI32.dll
0x00007ffb65420000 - 0x00007ffb654bd000 	C:\WINDOWS\system32\msvcrt.dll
0x00007ffb62d80000 - 0x00007ffb62ddb000 	C:\WINDOWS\system32\sechost.dll
0x00007ffb63750000 - 0x00007ffb6386c000 	C:\WINDOWS\system32\RPCRT4.dll
0x00007ffb652c0000 - 0x00007ffb65416000 	C:\WINDOWS\system32\USER32.dll
0x00007ffb63550000 - 0x00007ffb636d6000 	C:\WINDOWS\system32\GDI32.dll
0x00007ffb57250000 - 0x00007ffb574c4000 	C:\WINDOWS\WinSxS\amd64_microsoft.windows.common-controls_6595b64144ccf1df_6.0.10586.0_none_8c15ae12515e1c22\COMCTL32.dll
0x00007ffb65040000 - 0x00007ffb652bd000 	C:\WINDOWS\system32\combase.dll
0x00007ffb62680000 - 0x00007ffb626ea000 	C:\WINDOWS\system32\bcryptPrimitives.dll
0x00007ffb63870000 - 0x00007ffb638ab000 	C:\WINDOWS\system32\IMM32.DLL
0x0000000071060000 - 0x0000000071132000 	C:\Program Files\Java\jdk1.8.0_20\jre\bin\msvcr100.dll
0x0000000070800000 - 0x0000000071058000 	C:\Program Files\Java\jdk1.8.0_20\jre\bin\server\jvm.dll
0x00007ffb64f70000 - 0x00007ffb64f78000 	C:\WINDOWS\system32\PSAPI.DLL
0x00007ffb58000000 - 0x00007ffb58009000 	C:\WINDOWS\SYSTEM32\WSOCK32.dll
0x00007ffb631e0000 - 0x00007ffb6324b000 	C:\WINDOWS\system32\WS2_32.dll
0x00007ffb60720000 - 0x00007ffb60743000 	C:\WINDOWS\SYSTEM32\WINMM.dll
0x00007ffb60670000 - 0x00007ffb6069c000 	C:\WINDOWS\SYSTEM32\WINMMBASE.dll
0x00007ffb62d10000 - 0x00007ffb62d53000 	C:\WINDOWS\system32\cfgmgr32.dll
0x00000000707f0000 - 0x00000000707ff000 	C:\Program Files\Java\jdk1.8.0_20\jre\bin\verify.dll
0x00000000707c0000 - 0x00000000707e8000 	C:\Program Files\Java\jdk1.8.0_20\jre\bin\java.dll
0x00000000707a0000 - 0x00000000707b6000 	C:\Program Files\Java\jdk1.8.0_20\jre\bin\zip.dll
0x00007ffb638b0000 - 0x00007ffb64e0c000 	C:\WINDOWS\system32\SHELL32.dll
0x00007ffb62030000 - 0x00007ffb62675000 	C:\WINDOWS\system32\windows.storage.dll
0x00007ffb64f80000 - 0x00007ffb64fd2000 	C:\WINDOWS\system32\shlwapi.dll
0x00007ffb61fc0000 - 0x00007ffb61fcf000 	C:\WINDOWS\system32\kernel.appcore.dll
0x00007ffb62ba0000 - 0x00007ffb62c55000 	C:\WINDOWS\system32\shcore.dll
0x00007ffb61fe0000 - 0x00007ffb6202b000 	C:\WINDOWS\system32\powrprof.dll
0x00007ffb61fa0000 - 0x00007ffb61fb4000 	C:\WINDOWS\system32\profapi.dll
0x00007ffb555c0000 - 0x00007ffb5574c000 	C:\WINDOWS\SYSTEM32\dbghelp.dll

VM Arguments:
jvm_args: -Djava.awt.headless=true -Xmx1024M -Dfile.encoding=windows-1252 -Duser.country=US -Duser.language=en -Duser.variant 
java_command: com.android.dx.command.Main --dex --num-threads=4 --output C:\Users\admin\Documents\GitHub\ShaneelSD\SoftwareDesign\FindMeTutor\FindMeTutor\tutor_app\build\intermediates\pre-dexed\debug\com.android.support-support-media-compat-24.2.0_4366d975d6a01b8c11abfd655b03a525026df1b2.jar C:\Users\admin\Documents\GitHub\ShaneelSD\SoftwareDesign\FindMeTutor\FindMeTutor\tutor_app\build\intermediates\exploded-aar\com.android.support\support-media-compat\24.2.0\jars\classes.jar
java_class_path (initial): C:\Users\admin\AppData\Local\Android\sdk\build-tools\24.0.1\lib\dx.jar
Launcher Type: SUN_STANDARD

Environment Variables:
PATH=C:\ProgramData\Oracle\Java\javapath;C:\Program Files (x86)\Intel\iCLS Client\;C:\Program Files\Intel\iCLS Client\;C:\WINDOWS\system32;C:\WINDOWS;C:\WINDOWS\System32\Wbem;C:\WINDOWS\System32\WindowsPowerShell\v1.0\;C:\Program Files\Intel\Intel(R) Management Engine Components\DAL;C:\Program Files\Intel\Intel(R) Management Engine Components\IPT;C:\Program Files (x86)\Intel\Intel(R) Management Engine Components\DAL;C:\Program Files (x86)\Intel\Intel(R) Management Engine Components\IPT;C:\Program Files\WIDCOMM\Bluetooth Software\;C:\Program Files\WIDCOMM\Bluetooth Software\syswow64;C:\Program Files (x86)\Intel\OpenCL SDK\2.0\bin\x86;C:\Program Files (x86)\Intel\OpenCL SDK\2.0\bin\x64;C:\Program Files\Intel\WiFi\bin\;C:\Program Files\Common Files\Intel\WirelessCommon\;c:\Program Files (x86)\Microsoft SQL Server\100\Tools\Binn\;c:\Program Files\Microsoft SQL Server\100\Tools\Binn\;c:\Program Files\Microsoft SQL Server\100\DTS\Binn\;C:\Program Files (x86)\MySQL\MySQL Fabric 1.5.4 & MySQL Utilities 1.5.4 1.5\;C:\Program Files (x86)\MySQL\MySQL Fabric 1.5.4 & MySQL Utilities 1.5.4 1.5\Doctrine extensions for PHP\;C:\Program Files (x86)\Borland\Delphi7\Bin;C:\Program Files (x86)\Borland\Delphi7\Projects\Bpl;C:\Program Files (x86)\Borland\Delphi7\Rave5;C:\Program Files\Git\cmd;C:\Program Files\Intel\WiFi\bin\;C:\Program Files\Common Files\Intel\WirelessCommon\
USERNAME=admin
OS=Windows_NT
PROCESSOR_IDENTIFIER=Intel64 Family 6 Model 58 Stepping 9, GenuineIntel



---------------  S Y S T E M  ---------------

OS: Windows 8.1 , 64 bit Build 9600 

CPU:total 4 (2 cores per cpu, 2 threads per core) family 6 model 58 stepping 9, cmov, cx8, fxsr, mmx, sse, sse2, sse3, ssse3, sse4.1, sse4.2, popcnt, avx, aes, clmul, erms, ht, tsc, tscinvbit, tscinv

Memory: 4k page, physical 8258576k(1990204k free), swap 10306576k(7648k free)

vm_info: Java HotSpot(TM) 64-Bit Server VM (25.20-b23) for windows-amd64 JRE (1.8.0_20-b26), built on Jul 30 2014 13:51:23 by "java_re" with MS VC++ 10.0 (VS2010)

time: Thu Sep 08 19:45:05 2016
elapsed time: 3 seconds (0d 0h 0m 3s)

