#
# There is insufficient memory for the Java Runtime Environment to continue.
# Native memory allocation (malloc) failed to allocate 32744 bytes for ChunkPool::allocate
# Possible reasons:
#   The system is out of physical RAM or swap space
#   In 32 bit mode, the process size limit was hit
# Possible solutions:
#   Reduce memory load on the system
#   Increase physical memory or swap space
#   Check if swap backing store is full
#   Use 64 bit Java on a 64 bit OS
#   Decrease Java heap size (-Xmx/-Xms)
#   Decrease number of Java threads
#   Decrease Java thread stack sizes (-Xss)
#   Set larger code cache with -XX:ReservedCodeCacheSize=
# This output file may be truncated or incomplete.
#
#  Out of Memory Error (allocation.cpp:273), pid=2780, tid=14192
#
# JRE version: Java(TM) SE Runtime Environment (8.0_20-b26) (build 1.8.0_20-b26)
# Java VM: Java HotSpot(TM) 64-Bit Server VM (25.20-b23 mixed mode windows-amd64 compressed oops)
# Failed to write core dump. Minidumps are not enabled by default on client versions of Windows
#

---------------  T H R E A D  ---------------

Current thread (0x0000000014940000):  JavaThread "C2 CompilerThread1" daemon [_thread_in_native, id=14192, stack(0x0000000015fa0000,0x00000000160a0000)]

Stack: [0x0000000015fa0000,0x00000000160a0000]
Native frames: (J=compiled Java code, j=interpreted, Vv=VM code, C=native code)
V  [jvm.dll+0x3152fa]


Current CompileTask:
C2:   2508 1052       4       com.android.dx.dex.code.OutputFinisher::addConstants (93 bytes)


---------------  P R O C E S S  ---------------

Java Threads: ( => current thread )
  0x00000000161b5800 JavaThread "Service Thread" daemon [_thread_blocked, id=13336, stack(0x00000000165a0000,0x00000000166a0000)]
  0x0000000014943000 JavaThread "C1 CompilerThread2" daemon [_thread_blocked, id=14040, stack(0x00000000160a0000,0x00000000161a0000)]
=>0x0000000014940000 JavaThread "C2 CompilerThread1" daemon [_thread_in_native, id=14192, stack(0x0000000015fa0000,0x00000000160a0000)]
  0x000000001493e000 JavaThread "C2 CompilerThread0" daemon [_thread_blocked, id=4668, stack(0x0000000015ea0000,0x0000000015fa0000)]
  0x000000001493b800 JavaThread "Attach Listener" daemon [_thread_blocked, id=14204, stack(0x0000000015da0000,0x0000000015ea0000)]
  0x000000001493a000 JavaThread "Signal Dispatcher" daemon [_thread_blocked, id=13936, stack(0x0000000015ca0000,0x0000000015da0000)]
  0x00000000021af000 JavaThread "Finalizer" daemon [_thread_blocked, id=13256, stack(0x0000000015ba0000,0x0000000015ca0000)]
  0x0000000014908000 JavaThread "Reference Handler" daemon [_thread_blocked, id=10820, stack(0x0000000015aa0000,0x0000000015ba0000)]
  0x000000000226d800 JavaThread "main" [_thread_in_Java, id=3352, stack(0x0000000001fa0000,0x00000000020a0000)]

Other Threads:
  0x0000000014906000 VMThread [stack: 0x00000000159a0000,0x0000000015aa0000] [id=12464]
  0x00000000161b8000 WatcherThread [stack: 0x00000000166a0000,0x00000000167a0000] [id=10596]

VM state:not at safepoint (normal execution)

VM Mutex/Monitor currently owned by a thread: None

Heap:
 PSYoungGen      total 38400K, used 20686K [0x00000000eab00000, 0x00000000ed580000, 0x0000000100000000)
  eden space 33280K, 62% used [0x00000000eab00000,0x00000000ebf33ba8,0x00000000ecb80000)
  from space 5120K, 0% used [0x00000000ed080000,0x00000000ed080000,0x00000000ed580000)
  to   space 5120K, 0% used [0x00000000ecb80000,0x00000000ecb80000,0x00000000ed080000)
 ParOldGen       total 87552K, used 0K [0x00000000c0000000, 0x00000000c5580000, 0x00000000eab00000)
  object space 87552K, 0% used [0x00000000c0000000,0x00000000c0000000,0x00000000c5580000)
 Metaspace       used 5884K, capacity 6896K, committed 7040K, reserved 1056768K
  class space    used 603K, capacity 616K, committed 640K, reserved 1048576K

Card table byte_map: [0x0000000011630000,0x0000000011840000] byte_map_base: 0x0000000011030000

Marking Bits: (ParMarkBitMap*) 0x0000000070fdb460
 Begin Bits: [0x0000000011da0000, 0x0000000012da0000)
 End Bits:   [0x0000000012da0000, 0x0000000013da0000)

Polling page: 0x00000000001f0000

CodeCache: size=245760Kb used=4048Kb max_used=4060Kb free=241711Kb
 bounds [0x0000000002270000, 0x0000000002670000, 0x0000000011270000]
 total_blobs=1348 nmethods=1084 adapters=178
 compilation: enabled

Compilation events (10 events):
Event: 2.223 Thread 0x0000000014943000 1082       3       com.android.dx.dex.file.StringDataItem::addContents (1 bytes)
Event: 2.223 Thread 0x0000000014943000 nmethod 1082 0x0000000002665c10 code [0x0000000002665d60, 0x0000000002665eb0]
Event: 2.225 Thread 0x0000000014943000 1083       3       java.lang.Enum::compareTo (44 bytes)
Event: 2.225 Thread 0x0000000014943000 nmethod 1083 0x0000000002665f50 code [0x0000000002666100, 0x00000000026669e8]
Event: 2.225 Thread 0x0000000014943000 1084       3       com.android.dx.dex.file.MixedItemSection$1::compare (13 bytes)
Event: 2.226 Thread 0x0000000014943000 nmethod 1084 0x0000000002666c10 code [0x0000000002666dc0, 0x0000000002667408]
Event: 2.226 Thread 0x0000000014943000 1085       3       com.android.dx.dex.file.CodeItem::itemType (4 bytes)
Event: 2.226 Thread 0x0000000014943000 nmethod 1085 0x0000000002667650 code [0x00000000026677a0, 0x00000000026678f0]
Event: 2.226 Thread 0x000000001493e000 1086       4       java.lang.String::indexOf (166 bytes)
Event: 2.234 Thread 0x000000001493e000 nmethod 1086 0x000000000266aa10 code [0x000000000266ab60, 0x000000000266afb8]

GC Heap History (0 events):
No events

Deoptimization events (8 events):
Event: 1.151 Thread 0x000000000226d800 Uncommon trap: reason=class_check action=maybe_recompile pc=0x000000000247e770 method=com.android.dx.ssa.NormalSsaInsn.accept(Lcom/android/dx/ssa/SsaInsn$Visitor;)V @ 9
Event: 1.496 Thread 0x000000000226d800 Uncommon trap: reason=class_check action=maybe_recompile pc=0x000000000247e770 method=com.android.dx.ssa.NormalSsaInsn.accept(Lcom/android/dx/ssa/SsaInsn$Visitor;)V @ 9
Event: 1.798 Thread 0x0000000016306000 Uncommon trap: reason=bimorphic action=maybe_recompile pc=0x00000000024812e4 method=java.util.HashMap.getNode(ILjava/lang/Object;)Ljava/util/HashMap$Node; @ 126
Event: 1.798 Thread 0x0000000016306000 Uncommon trap: reason=bimorphic action=maybe_recompile pc=0x00000000024812e4 method=java.util.HashMap.getNode(ILjava/lang/Object;)Ljava/util/HashMap$Node; @ 126
Event: 1.802 Thread 0x0000000016306000 Uncommon trap: reason=bimorphic action=maybe_recompile pc=0x00000000024812e4 method=java.util.HashMap.getNode(ILjava/lang/Object;)Ljava/util/HashMap$Node; @ 126
Event: 1.802 Thread 0x0000000016306000 Uncommon trap: reason=bimorphic action=maybe_recompile pc=0x00000000024812e4 method=java.util.HashMap.getNode(ILjava/lang/Object;)Ljava/util/HashMap$Node; @ 126
Event: 1.802 Thread 0x0000000016306000 Uncommon trap: reason=unreached action=reinterpret pc=0x000000000256a75c method=com.android.dx.rop.cst.Constant.compareTo(Lcom/android/dx/rop/cst/Constant;)I @ 12
Event: 1.803 Thread 0x0000000016306000 Uncommon trap: reason=bimorphic action=maybe_recompile pc=0x0000000002465d4c method=java.util.HashMap.getNode(ILjava/lang/Object;)Ljava/util/HashMap$Node; @ 126

Internal exceptions (10 events):
Event: 2.226 Thread 0x000000000226d800 Exception <a 'java/security/PrivilegedActionException'> (0x00000000ebe97570) thrown at [D:\re\workspace\8-2-build-windows-amd64-cygwin\jdk8u20\1074\hotspot\src\share\vm\prims\jvm.cpp, line 1275]
Event: 2.236 Thread 0x000000000226d800 Exception <a 'java/security/PrivilegedActionException'> (0x00000000ebe9a060) thrown at [D:\re\workspace\8-2-build-windows-amd64-cygwin\jdk8u20\1074\hotspot\src\share\vm\prims\jvm.cpp, line 1275]
Event: 2.237 Thread 0x000000000226d800 Exception <a 'java/security/PrivilegedActionException'> (0x00000000ebe9f7c8) thrown at [D:\re\workspace\8-2-build-windows-amd64-cygwin\jdk8u20\1074\hotspot\src\share\vm\prims\jvm.cpp, line 1275]
Event: 2.238 Thread 0x000000000226d800 Exception <a 'java/security/PrivilegedActionException'> (0x00000000ebea2dd8) thrown at [D:\re\workspace\8-2-build-windows-amd64-cygwin\jdk8u20\1074\hotspot\src\share\vm\prims\jvm.cpp, line 1275]
Event: 2.238 Thread 0x000000000226d800 Exception <a 'java/security/PrivilegedActionException'> (0x00000000ebea5880) thrown at [D:\re\workspace\8-2-build-windows-amd64-cygwin\jdk8u20\1074\hotspot\src\share\vm\prims\jvm.cpp, line 1275]
Event: 2.239 Thread 0x000000000226d800 Exception <a 'java/security/PrivilegedActionException'> (0x00000000ebeaab58) thrown at [D:\re\workspace\8-2-build-windows-amd64-cygwin\jdk8u20\1074\hotspot\src\share\vm\prims\jvm.cpp, line 1275]
Event: 2.240 Thread 0x000000000226d800 Exception <a 'java/security/PrivilegedActionException'> (0x00000000ebeb1188) thrown at [D:\re\workspace\8-2-build-windows-amd64-cygwin\jdk8u20\1074\hotspot\src\share\vm\prims\jvm.cpp, line 1275]
Event: 2.241 Thread 0x000000000226d800 Exception <a 'java/security/PrivilegedActionException'> (0x00000000ebeb4198) thrown at [D:\re\workspace\8-2-build-windows-amd64-cygwin\jdk8u20\1074\hotspot\src\share\vm\prims\jvm.cpp, line 1275]
Event: 2.241 Thread 0x000000000226d800 Exception <a 'java/security/PrivilegedActionException'> (0x00000000ebeb9078) thrown at [D:\re\workspace\8-2-build-windows-amd64-cygwin\jdk8u20\1074\hotspot\src\share\vm\prims\jvm.cpp, line 1275]
Event: 2.242 Thread 0x000000000226d800 Exception <a 'java/security/PrivilegedActionException'> (0x00000000ebebd7d8) thrown at [D:\re\workspace\8-2-build-windows-amd64-cygwin\jdk8u20\1074\hotspot\src\share\vm\prims\jvm.cpp, line 1275]

Events (10 events):
Event: 2.239 loading class com/android/dx/dex/code/LocalList$MakeState
Event: 2.239 loading class com/android/dx/dex/code/LocalList$MakeState done
Event: 2.240 loading class com/android/dx/dex/code/LocalList$Disposition
Event: 2.240 loading class com/android/dx/dex/code/LocalList$Disposition done
Event: 2.241 loading class com/android/dx/dex/code/LocalList$Entry
Event: 2.241 loading class com/android/dx/dex/code/LocalList$Entry done
Event: 2.241 loading class com/android/dx/dex/code/CatchHandlerList
Event: 2.241 loading class com/android/dx/dex/code/CatchHandlerList done
Event: 2.242 loading class com/android/dx/dex/code/CatchTable
Event: 2.242 loading class com/android/dx/dex/code/CatchTable done


Dynamic libraries:
0x00007ff684e90000 - 0x00007ff684ec4000 	C:\Program Files\Java\jdk1.8.0_20\bin\java.exe
0x00007ffb659a0000 - 0x00007ffb65b61000 	C:\WINDOWS\SYSTEM32\ntdll.dll
0x00007ffb633d0000 - 0x00007ffb6347d000 	C:\WINDOWS\system32\KERNEL32.DLL
0x00007ffb626f0000 - 0x00007ffb628d8000 	C:\WINDOWS\system32\KERNELBASE.dll
0x00007ffb658f0000 - 0x00007ffb65997000 	C:\WINDOWS\system32\ADVAPI32.dll
0x00007ffb65420000 - 0x00007ffb654bd000 	C:\WINDOWS\system32\msvcrt.dll
0x00007ffb62d80000 - 0x00007ffb62ddb000 	C:\WINDOWS\system32\sechost.dll
0x00007ffb63750000 - 0x00007ffb6386c000 	C:\WINDOWS\system32\RPCRT4.dll
0x00007ffb652c0000 - 0x00007ffb65416000 	C:\WINDOWS\system32\USER32.dll
0x00007ffb63550000 - 0x00007ffb636d6000 	C:\WINDOWS\system32\GDI32.dll
0x00007ffb57250000 - 0x00007ffb574c4000 	C:\WINDOWS\WinSxS\amd64_microsoft.windows.common-controls_6595b64144ccf1df_6.0.10586.0_none_8c15ae12515e1c22\COMCTL32.dll
0x00007ffb65040000 - 0x00007ffb652bd000 	C:\WINDOWS\system32\combase.dll
0x00007ffb62680000 - 0x00007ffb626ea000 	C:\WINDOWS\system32\bcryptPrimitives.dll
0x00007ffb63870000 - 0x00007ffb638ab000 	C:\WINDOWS\system32\IMM32.DLL
0x0000000071060000 - 0x0000000071132000 	C:\Program Files\Java\jdk1.8.0_20\jre\bin\msvcr100.dll
0x0000000070800000 - 0x0000000071058000 	C:\Program Files\Java\jdk1.8.0_20\jre\bin\server\jvm.dll
0x00007ffb64f70000 - 0x00007ffb64f78000 	C:\WINDOWS\system32\PSAPI.DLL
0x00007ffb58000000 - 0x00007ffb58009000 	C:\WINDOWS\SYSTEM32\WSOCK32.dll
0x00007ffb631e0000 - 0x00007ffb6324b000 	C:\WINDOWS\system32\WS2_32.dll
0x00007ffb60720000 - 0x00007ffb60743000 	C:\WINDOWS\SYSTEM32\WINMM.dll
0x00007ffb60670000 - 0x00007ffb6069c000 	C:\WINDOWS\SYSTEM32\WINMMBASE.dll
0x00007ffb62d10000 - 0x00007ffb62d53000 	C:\WINDOWS\system32\cfgmgr32.dll
0x00000000707f0000 - 0x00000000707ff000 	C:\Program Files\Java\jdk1.8.0_20\jre\bin\verify.dll
0x00000000707c0000 - 0x00000000707e8000 	C:\Program Files\Java\jdk1.8.0_20\jre\bin\java.dll
0x00000000707a0000 - 0x00000000707b6000 	C:\Program Files\Java\jdk1.8.0_20\jre\bin\zip.dll
0x00007ffb638b0000 - 0x00007ffb64e0c000 	C:\WINDOWS\system32\SHELL32.dll
0x00007ffb62030000 - 0x00007ffb62675000 	C:\WINDOWS\system32\windows.storage.dll
0x00007ffb64f80000 - 0x00007ffb64fd2000 	C:\WINDOWS\system32\shlwapi.dll
0x00007ffb61fc0000 - 0x00007ffb61fcf000 	C:\WINDOWS\system32\kernel.appcore.dll
0x00007ffb62ba0000 - 0x00007ffb62c55000 	C:\WINDOWS\system32\shcore.dll
0x00007ffb61fe0000 - 0x00007ffb6202b000 	C:\WINDOWS\system32\powrprof.dll
0x00007ffb61fa0000 - 0x00007ffb61fb4000 	C:\WINDOWS\system32\profapi.dll

VM Arguments:
jvm_args: -Djava.awt.headless=true -Xmx1024M -Dfile.encoding=windows-1252 -Duser.country=US -Duser.language=en -Duser.variant 
java_command: com.android.dx.command.Main --dex --num-threads=4 --output C:\Users\admin\Documents\GitHub\ShaneelSD\SoftwareDesign\FindMeTutor\FindMeTutor\tutor_app\build\intermediates\pre-dexed\debug\com.android.support-support-v13-24.2.0_5e67a2945d81d30ab1a13cdd987b38446814b7e8.jar C:\Users\admin\Documents\GitHub\ShaneelSD\SoftwareDesign\FindMeTutor\FindMeTutor\tutor_app\build\intermediates\exploded-aar\com.android.support\support-v13\24.2.0\jars\classes.jar
java_class_path (initial): C:\Users\admin\AppData\Local\Android\sdk\build-tools\24.0.1\lib\dx.jar
Launcher Type: SUN_STANDARD

Environment Variables:
PATH=C:\ProgramData\Oracle\Java\javapath;C:\Program Files (x86)\Intel\iCLS Client\;C:\Program Files\Intel\iCLS Client\;C:\WINDOWS\system32;C:\WINDOWS;C:\WINDOWS\System32\Wbem;C:\WINDOWS\System32\WindowsPowerShell\v1.0\;C:\Program Files\Intel\Intel(R) Management Engine Components\DAL;C:\Program Files\Intel\Intel(R) Management Engine Components\IPT;C:\Program Files (x86)\Intel\Intel(R) Management Engine Components\DAL;C:\Program Files (x86)\Intel\Intel(R) Management Engine Components\IPT;C:\Program Files\WIDCOMM\Bluetooth Software\;C:\Program Files\WIDCOMM\Bluetooth Software\syswow64;C:\Program Files (x86)\Intel\OpenCL SDK\2.0\bin\x86;C:\Program Files (x86)\Intel\OpenCL SDK\2.0\bin\x64;C:\Program Files\Intel\WiFi\bin\;C:\Program Files\Common Files\Intel\WirelessCommon\;c:\Program Files (x86)\Microsoft SQL Server\100\Tools\Binn\;c:\Program Files\Microsoft SQL Server\100\Tools\Binn\;c:\Program Files\Microsoft SQL Server\100\DTS\Binn\;C:\Program Files (x86)\MySQL\MySQL Fabric 1.5.4 & MySQL Utilities 1.5.4 1.5\;C:\Program Files (x86)\MySQL\MySQL Fabric 1.5.4 & MySQL Utilities 1.5.4 1.5\Doctrine extensions for PHP\;C:\Program Files (x86)\Borland\Delphi7\Bin;C:\Program Files (x86)\Borland\Delphi7\Projects\Bpl;C:\Program Files (x86)\Borland\Delphi7\Rave5;C:\Program Files\Git\cmd;C:\Program Files\Intel\WiFi\bin\;C:\Program Files\Common Files\Intel\WirelessCommon\
USERNAME=admin
OS=Windows_NT
PROCESSOR_IDENTIFIER=Intel64 Family 6 Model 58 Stepping 9, GenuineIntel



---------------  S Y S T E M  ---------------

OS: Windows 8.1 , 64 bit Build 9600 

CPU:total 4 (2 cores per cpu, 2 threads per core) family 6 model 58 stepping 9, cmov, cx8, fxsr, mmx, sse, sse2, sse3, ssse3, sse4.1, sse4.2, popcnt, avx, aes, clmul, erms, ht, tsc, tscinvbit, tscinv

Memory: 4k page, physical 8258576k(2059044k free), swap 10306576k(5140k free)

vm_info: Java HotSpot(TM) 64-Bit Server VM (25.20-b23) for windows-amd64 JRE (1.8.0_20-b26), built on Jul 30 2014 13:51:23 by "java_re" with MS VC++ 10.0 (VS2010)

time: Thu Sep 08 19:45:21 2016
elapsed time: 2 seconds (0d 0h 0m 2s)

