#
# There is insufficient memory for the Java Runtime Environment to continue.
# Native memory allocation (malloc) failed to allocate 53936 bytes for Chunk::new
# Possible reasons:
#   The system is out of physical RAM or swap space
#   In 32 bit mode, the process size limit was hit
# Possible solutions:
#   Reduce memory load on the system
#   Increase physical memory or swap space
#   Check if swap backing store is full
#   Use 64 bit Java on a 64 bit OS
#   Decrease Java heap size (-Xmx/-Xms)
#   Decrease number of Java threads
#   Decrease Java thread stack sizes (-Xss)
#   Set larger code cache with -XX:ReservedCodeCacheSize=
# This output file may be truncated or incomplete.
#
#  Out of Memory Error (allocation.cpp:390), pid=13388, tid=2136
#
# JRE version: Java(TM) SE Runtime Environment (8.0_20-b26) (build 1.8.0_20-b26)
# Java VM: Java HotSpot(TM) 64-Bit Server VM (25.20-b23 mixed mode windows-amd64 compressed oops)
# Failed to write core dump. Minidumps are not enabled by default on client versions of Windows
#

---------------  T H R E A D  ---------------

Current thread (0x0000000014bed800):  JavaThread "C2 CompilerThread0" daemon [_thread_in_native, id=2136, stack(0x0000000016150000,0x0000000016250000)]

Stack: [0x0000000016150000,0x0000000016250000]
Native frames: (J=compiled Java code, j=interpreted, Vv=VM code, C=native code)
V  [jvm.dll+0x3152fa]


Current CompileTask:
C2:   3879 1072       4       com.android.dx.rop.code.BasicBlockList$RegCountVisitor::visitPlainInsn (6 bytes)


---------------  P R O C E S S  ---------------

Java Threads: ( => current thread )
  0x000000001692c800 JavaThread "pool-1-thread-4" [_thread_in_vm, id=15220, stack(0x0000000017650000,0x0000000017750000)]
  0x000000001692a000 JavaThread "pool-1-thread-3" [_thread_in_Java, id=15260, stack(0x0000000017550000,0x0000000017650000)]
  0x0000000016928000 JavaThread "pool-1-thread-2" [_thread_in_Java, id=13996, stack(0x0000000017450000,0x0000000017550000)]
  0x0000000016887800 JavaThread "pool-2-thread-1" [_thread_blocked, id=14688, stack(0x0000000017350000,0x0000000017450000)]
  0x0000000016886800 JavaThread "pool-1-thread-1" [_thread_in_Java, id=3972, stack(0x0000000017250000,0x0000000017350000)]
  0x0000000014c4b000 JavaThread "Service Thread" daemon [_thread_blocked, id=11608, stack(0x0000000016450000,0x0000000016550000)]
  0x0000000014c44000 JavaThread "C1 CompilerThread2" daemon [_thread_in_native, id=10372, stack(0x0000000016350000,0x0000000016450000)]
  0x0000000014c23800 JavaThread "C2 CompilerThread1" daemon [_thread_in_native, id=5512, stack(0x0000000016250000,0x0000000016350000)]
=>0x0000000014bed800 JavaThread "C2 CompilerThread0" daemon [_thread_in_native, id=2136, stack(0x0000000016150000,0x0000000016250000)]
  0x0000000014beb800 JavaThread "Attach Listener" daemon [_thread_blocked, id=14084, stack(0x0000000016050000,0x0000000016150000)]
  0x0000000014bea000 JavaThread "Signal Dispatcher" daemon [_thread_blocked, id=15300, stack(0x0000000015f50000,0x0000000016050000)]
  0x000000000250f000 JavaThread "Finalizer" daemon [_thread_blocked, id=10924, stack(0x0000000015e50000,0x0000000015f50000)]
  0x0000000014bb8000 JavaThread "Reference Handler" daemon [_thread_blocked, id=8544, stack(0x0000000015d50000,0x0000000015e50000)]
  0x000000000241d800 JavaThread "main" [_thread_in_Java, id=6404, stack(0x0000000002220000,0x0000000002320000)]

Other Threads:
  0x0000000014bb6000 VMThread [stack: 0x0000000015c50000,0x0000000015d50000] [id=12032]
  0x0000000014c4e000 WatcherThread [stack: 0x0000000016550000,0x0000000016650000] [id=7452]

VM state:not at safepoint (normal execution)

VM Mutex/Monitor currently owned by a thread: None

Heap:
 PSYoungGen      total 38400K, used 32263K [0x00000000eab00000, 0x00000000ed580000, 0x0000000100000000)
  eden space 33280K, 96% used [0x00000000eab00000,0x00000000eca81f58,0x00000000ecb80000)
  from space 5120K, 0% used [0x00000000ed080000,0x00000000ed080000,0x00000000ed580000)
  to   space 5120K, 0% used [0x00000000ecb80000,0x00000000ecb80000,0x00000000ed080000)
 ParOldGen       total 87552K, used 0K [0x00000000c0000000, 0x00000000c5580000, 0x00000000eab00000)
  object space 87552K, 0% used [0x00000000c0000000,0x00000000c0000000,0x00000000c5580000)
 Metaspace       used 5846K, capacity 6832K, committed 7040K, reserved 1058816K
  class space    used 589K, capacity 616K, committed 640K, reserved 1048576K

Card table byte_map: [0x00000000118e0000,0x0000000011af0000] byte_map_base: 0x00000000112e0000

Marking Bits: (ParMarkBitMap*) 0x00000000546eb460
 Begin Bits: [0x0000000012050000, 0x0000000013050000)
 End Bits:   [0x0000000013050000, 0x0000000014050000)

Polling page: 0x00000000001f0000

CodeCache: size=245760Kb used=3953Kb max_used=3953Kb free=241806Kb
 bounds [0x0000000002520000, 0x0000000002900000, 0x0000000011520000]
 total_blobs=1307 nmethods=1043 adapters=178
 compilation: enabled

Compilation events (10 events):
Event: 3.868 Thread 0x0000000014c44000 1055       3       com.android.dx.cf.code.LocalVariableList::pcAndIndexToLocal (51 bytes)
Event: 3.868 Thread 0x0000000014c44000 nmethod 1055 0x00000000028fc6d0 code [0x00000000028fc880, 0x00000000028fcf08]
Event: 3.868 Thread 0x0000000014c44000 1056       3       com.android.dx.cf.code.BaseMachine::auxType (6 bytes)
Event: 3.868 Thread 0x0000000014c44000 nmethod 1056 0x00000000028fd110 code [0x00000000028fd260, 0x00000000028fd3d0]
Event: 3.868 Thread 0x0000000014c44000 1021       3       com.android.dx.ssa.back.InterferenceGraph::mergeInterferenceSet (29 bytes)
Event: 3.869 Thread 0x0000000014c44000 nmethod 1021 0x00000000028fd450 code [0x00000000028fd600, 0x00000000028fdba8]
Event: 3.869 Thread 0x0000000014c44000 1023       3       com.android.dx.util.BitIntSet::merge (148 bytes)
Event: 3.870 Thread 0x0000000014bed800 1072       4       com.android.dx.rop.code.BasicBlockList$RegCountVisitor::visitPlainInsn (6 bytes)
Event: 3.870 Thread 0x0000000014c44000 nmethod 1023 0x00000000028fdf90 code [0x00000000028fe240, 0x00000000028ff408]
Event: 3.870 Thread 0x0000000014c44000 1060   !   3       com.android.dx.cf.code.Ropper::processBlock (1101 bytes)

GC Heap History (0 events):
No events

Deoptimization events (3 events):
Event: 2.916 Thread 0x000000001692a000 Uncommon trap: reason=class_check action=maybe_recompile pc=0x000000000280570c method=com.android.dx.ssa.NormalSsaInsn.accept(Lcom/android/dx/ssa/SsaInsn$Visitor;)V @ 9
Event: 3.277 Thread 0x000000001692c800 Uncommon trap: reason=unreached action=reinterpret pc=0x0000000002805d5c method=com.android.dx.rop.cst.Constant.compareTo(Lcom/android/dx/rop/cst/Constant;)I @ 12
Event: 3.556 Thread 0x0000000016886800 Uncommon trap: reason=class_check action=maybe_recompile pc=0x000000000280570c method=com.android.dx.ssa.NormalSsaInsn.accept(Lcom/android/dx/ssa/SsaInsn$Visitor;)V @ 9

Internal exceptions (10 events):
Event: 2.697 Thread 0x0000000016886800 Exception <a 'java/security/PrivilegedActionException'> (0x00000000eb9ed700) thrown at [D:\re\workspace\8-2-build-windows-amd64-cygwin\jdk8u20\1074\hotspot\src\share\vm\prims\jvm.cpp, line 1275]
Event: 2.921 Thread 0x000000000241d800 Exception <a 'java/security/PrivilegedActionException'> (0x00000000ebd12608) thrown at [D:\re\workspace\8-2-build-windows-amd64-cygwin\jdk8u20\1074\hotspot\src\share\vm\prims\jvm.cpp, line 1275]
Event: 2.925 Thread 0x000000000241d800 Exception <a 'java/security/PrivilegedActionException'> (0x00000000ebd3abe8) thrown at [D:\re\workspace\8-2-build-windows-amd64-cygwin\jdk8u20\1074\hotspot\src\share\vm\prims\jvm.cpp, line 1275]
Event: 2.928 Thread 0x000000000241d800 Exception <a 'java/security/PrivilegedActionException'> (0x00000000ebd44f60) thrown at [D:\re\workspace\8-2-build-windows-amd64-cygwin\jdk8u20\1074\hotspot\src\share\vm\prims\jvm.cpp, line 1275]
Event: 2.929 Thread 0x000000000241d800 Exception <a 'java/security/PrivilegedActionException'> (0x00000000ebd478a8) thrown at [D:\re\workspace\8-2-build-windows-amd64-cygwin\jdk8u20\1074\hotspot\src\share\vm\prims\jvm.cpp, line 1275]
Event: 2.932 Thread 0x000000000241d800 Exception <a 'java/security/PrivilegedActionException'> (0x00000000ebd5f358) thrown at [D:\re\workspace\8-2-build-windows-amd64-cygwin\jdk8u20\1074\hotspot\src\share\vm\prims\jvm.cpp, line 1275]
Event: 3.236 Thread 0x0000000016928000 Exception <a 'java/security/PrivilegedActionException'> (0x00000000ebfb6b60) thrown at [D:\re\workspace\8-2-build-windows-amd64-cygwin\jdk8u20\1074\hotspot\src\share\vm\prims\jvm.cpp, line 1275]
Event: 3.236 Thread 0x0000000016928000 Exception <a 'java/security/PrivilegedActionException'> (0x00000000ebfbc550) thrown at [D:\re\workspace\8-2-build-windows-amd64-cygwin\jdk8u20\1074\hotspot\src\share\vm\prims\jvm.cpp, line 1275]
Event: 3.237 Thread 0x0000000016928000 Exception <a 'java/security/PrivilegedActionException'> (0x00000000ebfc1cc0) thrown at [D:\re\workspace\8-2-build-windows-amd64-cygwin\jdk8u20\1074\hotspot\src\share\vm\prims\jvm.cpp, line 1275]
Event: 3.265 Thread 0x000000001692c800 Exception <a 'java/security/PrivilegedActionException'> (0x00000000ec16c050) thrown at [D:\re\workspace\8-2-build-windows-amd64-cygwin\jdk8u20\1074\hotspot\src\share\vm\prims\jvm.cpp, line 1275]

Events (10 events):
Event: 3.277 Thread 0x000000001692c800 DEOPT UNPACKING pc=0x000000000256556a sp=0x000000001774e8b0 mode 2
Event: 3.306 loading class java/util/TreeMap$EntrySet
Event: 3.306 loading class java/util/TreeMap$EntrySet done
Event: 3.306 loading class java/util/TreeMap$EntryIterator
Event: 3.306 loading class java/util/TreeMap$EntryIterator done
Event: 3.306 Executing VM operation: Deoptimize
Event: 3.555 Executing VM operation: Deoptimize done
Event: 3.556 Thread 0x0000000016886800 Uncommon trap: trap_request=0xffffffde fr.pc=0x000000000280570c
Event: 3.556 Thread 0x0000000016886800 DEOPT PACKING pc=0x000000000280570c sp=0x000000001734eb20
Event: 3.556 Thread 0x0000000016886800 DEOPT UNPACKING pc=0x000000000256556a sp=0x000000001734ea60 mode 2


Dynamic libraries:
0x00007ff668390000 - 0x00007ff6683c4000 	C:\Program Files\Java\jdk1.8.0_20\bin\java.exe
0x00007ff87a1c0000 - 0x00007ff87a381000 	C:\WINDOWS\SYSTEM32\ntdll.dll
0x00007ff878700000 - 0x00007ff8787ad000 	C:\WINDOWS\system32\KERNEL32.DLL
0x00007ff877160000 - 0x00007ff877348000 	C:\WINDOWS\system32\KERNELBASE.dll
0x00007ff877c00000 - 0x00007ff877ca7000 	C:\WINDOWS\system32\ADVAPI32.dll
0x00007ff8787b0000 - 0x00007ff87884d000 	C:\WINDOWS\system32\msvcrt.dll
0x00007ff878540000 - 0x00007ff87859b000 	C:\WINDOWS\system32\sechost.dll
0x00007ff877990000 - 0x00007ff877aac000 	C:\WINDOWS\system32\RPCRT4.dll
0x00007ff8785a0000 - 0x00007ff8786f6000 	C:\WINDOWS\system32\USER32.dll
0x00007ff87a020000 - 0x00007ff87a1a6000 	C:\WINDOWS\system32\GDI32.dll
0x00007ff869f30000 - 0x00007ff86a1a4000 	C:\WINDOWS\WinSxS\amd64_microsoft.windows.common-controls_6595b64144ccf1df_6.0.10586.0_none_8c15ae12515e1c22\COMCTL32.dll
0x00007ff877610000 - 0x00007ff87788d000 	C:\WINDOWS\system32\combase.dll
0x00007ff877400000 - 0x00007ff87746a000 	C:\WINDOWS\system32\bcryptPrimitives.dll
0x00007ff877e30000 - 0x00007ff877e6b000 	C:\WINDOWS\system32\IMM32.DLL
0x0000000054770000 - 0x0000000054842000 	C:\Program Files\Java\jdk1.8.0_20\jre\bin\msvcr100.dll
0x0000000053f10000 - 0x0000000054768000 	C:\Program Files\Java\jdk1.8.0_20\jre\bin\server\jvm.dll
0x00007ff877980000 - 0x00007ff877988000 	C:\WINDOWS\system32\PSAPI.DLL
0x00007ff86c970000 - 0x00007ff86c979000 	C:\WINDOWS\SYSTEM32\WSOCK32.dll
0x00007ff874fb0000 - 0x00007ff874fd3000 	C:\WINDOWS\SYSTEM32\WINMM.dll
0x00007ff8775a0000 - 0x00007ff87760b000 	C:\WINDOWS\system32\WS2_32.dll
0x00007ff874f50000 - 0x00007ff874f7c000 	C:\WINDOWS\SYSTEM32\WINMMBASE.dll
0x00007ff877490000 - 0x00007ff8774d3000 	C:\WINDOWS\system32\cfgmgr32.dll
0x0000000053f00000 - 0x0000000053f0f000 	C:\Program Files\Java\jdk1.8.0_20\jre\bin\verify.dll
0x0000000053ed0000 - 0x0000000053ef8000 	C:\Program Files\Java\jdk1.8.0_20\jre\bin\java.dll
0x0000000053eb0000 - 0x0000000053ec6000 	C:\Program Files\Java\jdk1.8.0_20\jre\bin\zip.dll
0x00007ff878900000 - 0x00007ff879e5c000 	C:\WINDOWS\system32\SHELL32.dll
0x00007ff876ab0000 - 0x00007ff8770f5000 	C:\WINDOWS\system32\windows.storage.dll
0x00007ff877fe0000 - 0x00007ff878032000 	C:\WINDOWS\system32\shlwapi.dll
0x00007ff876840000 - 0x00007ff87684f000 	C:\WINDOWS\system32\kernel.appcore.dll
0x00007ff8774e0000 - 0x00007ff877595000 	C:\WINDOWS\system32\shcore.dll
0x00007ff8767f0000 - 0x00007ff87683b000 	C:\WINDOWS\system32\powrprof.dll
0x00007ff8767c0000 - 0x00007ff8767d4000 	C:\WINDOWS\system32\profapi.dll

VM Arguments:
jvm_args: -Djava.awt.headless=true -Xmx1024M -Dfile.encoding=windows-1252 -Duser.country=US -Duser.language=en -Duser.variant 
java_command: com.android.dx.command.Main --dex --num-threads=4 --output C:\Users\admin\Documents\GitHub\SoftwareDesign\FindMeTutor\FindMeTutor\tutor_app\build\intermediates\pre-dexed\debug\internal_impl-24.2.0_da28b64836c7ead7fec4bc20c5170ffbcc3e448d.jar C:\Users\admin\Documents\GitHub\SoftwareDesign\FindMeTutor\FindMeTutor\tutor_app\build\intermediates\exploded-aar\com.android.support\support-compat\24.2.0\jars\libs\internal_impl-24.2.0.jar
java_class_path (initial): C:\Users\admin\AppData\Local\Android\sdk\build-tools\24.0.1\lib\dx.jar
Launcher Type: SUN_STANDARD

Environment Variables:
PATH=C:\ProgramData\Oracle\Java\javapath;C:\Program Files (x86)\Intel\iCLS Client\;C:\Program Files\Intel\iCLS Client\;C:\WINDOWS\system32;C:\WINDOWS;C:\WINDOWS\System32\Wbem;C:\WINDOWS\System32\WindowsPowerShell\v1.0\;C:\Program Files\Intel\Intel(R) Management Engine Components\DAL;C:\Program Files\Intel\Intel(R) Management Engine Components\IPT;C:\Program Files (x86)\Intel\Intel(R) Management Engine Components\DAL;C:\Program Files (x86)\Intel\Intel(R) Management Engine Components\IPT;C:\Program Files\WIDCOMM\Bluetooth Software\;C:\Program Files\WIDCOMM\Bluetooth Software\syswow64;C:\Program Files (x86)\Intel\OpenCL SDK\2.0\bin\x86;C:\Program Files (x86)\Intel\OpenCL SDK\2.0\bin\x64;C:\Program Files\Intel\WiFi\bin\;C:\Program Files\Common Files\Intel\WirelessCommon\;c:\Program Files (x86)\Microsoft SQL Server\100\Tools\Binn\;c:\Program Files\Microsoft SQL Server\100\Tools\Binn\;c:\Program Files\Microsoft SQL Server\100\DTS\Binn\;C:\Program Files (x86)\MySQL\MySQL Fabric 1.5.4 & MySQL Utilities 1.5.4 1.5\;C:\Program Files (x86)\MySQL\MySQL Fabric 1.5.4 & MySQL Utilities 1.5.4 1.5\Doctrine extensions for PHP\;C:\Program Files (x86)\Borland\Delphi7\Bin;C:\Program Files (x86)\Borland\Delphi7\Projects\Bpl;C:\Program Files (x86)\Borland\Delphi7\Rave5;C:\Program Files\Git\cmd;C:\Program Files\Intel\WiFi\bin\;C:\Program Files\Common Files\Intel\WirelessCommon\
USERNAME=admin
OS=Windows_NT
PROCESSOR_IDENTIFIER=Intel64 Family 6 Model 58 Stepping 9, GenuineIntel



---------------  S Y S T E M  ---------------

OS: Windows 8.1 , 64 bit Build 9600 

CPU:total 4 (2 cores per cpu, 2 threads per core) family 6 model 58 stepping 9, cmov, cx8, fxsr, mmx, sse, sse2, sse3, ssse3, sse4.1, sse4.2, popcnt, avx, aes, clmul, erms, ht, tsc, tscinvbit, tscinv

Memory: 4k page, physical 8258576k(1413484k free), swap 10306576k(4104k free)

vm_info: Java HotSpot(TM) 64-Bit Server VM (25.20-b23) for windows-amd64 JRE (1.8.0_20-b26), built on Jul 30 2014 13:51:23 by "java_re" with MS VC++ 10.0 (VS2010)

time: Tue Sep 06 22:02:04 2016
elapsed time: 3 seconds (0d 0h 0m 3s)

