#
# There is insufficient memory for the Java Runtime Environment to continue.
# Native memory allocation (malloc) failed to allocate 33554448 bytes for Chunk::new
# Possible reasons:
#   The system is out of physical RAM or swap space
#   In 32 bit mode, the process size limit was hit
# Possible solutions:
#   Reduce memory load on the system
#   Increase physical memory or swap space
#   Check if swap backing store is full
#   Use 64 bit Java on a 64 bit OS
#   Decrease Java heap size (-Xmx/-Xms)
#   Decrease number of Java threads
#   Decrease Java thread stack sizes (-Xss)
#   Set larger code cache with -XX:ReservedCodeCacheSize=
# This output file may be truncated or incomplete.
#
#  Out of Memory Error (allocation.cpp:390), pid=8684, tid=2544
#
# JRE version: Java(TM) SE Runtime Environment (8.0_20-b26) (build 1.8.0_20-b26)
# Java VM: Java HotSpot(TM) 64-Bit Server VM (25.20-b23 mixed mode windows-amd64 compressed oops)
# Failed to write core dump. Minidumps are not enabled by default on client versions of Windows
#

---------------  T H R E A D  ---------------

Current thread (0x0000000014a70800):  JavaThread "C2 CompilerThread1" daemon [_thread_in_native, id=2544, stack(0x00000000160d0000,0x00000000161d0000)]

Stack: [0x00000000160d0000,0x00000000161d0000]
Native frames: (J=compiled Java code, j=interpreted, Vv=VM code, C=native code)
V  [jvm.dll+0x3152fa]
V  [jvm.dll+0x265d03]
V  [jvm.dll+0x266943]
V  [jvm.dll+0x25e265]
V  [jvm.dll+0xbe255]
V  [jvm.dll+0xbe6fc]
V  [jvm.dll+0xf3878]
V  [jvm.dll+0x45df30]
V  [jvm.dll+0x45e1ea]
V  [jvm.dll+0x45f0cf]
V  [jvm.dll+0x461191]
V  [jvm.dll+0x4635c5]
V  [jvm.dll+0x463f4c]
V  [jvm.dll+0x464293]
V  [jvm.dll+0x451093]
V  [jvm.dll+0x452634]
V  [jvm.dll+0x435fc2]
V  [jvm.dll+0x97b62]
V  [jvm.dll+0x98353]
V  [jvm.dll+0x22aac4]
V  [jvm.dll+0x283f5a]
C  [msvcr100.dll+0x21d9f]
C  [msvcr100.dll+0x21e3b]
C  [KERNEL32.DLL+0x18102]
C  [ntdll.dll+0x5c5b4]


Current CompileTask:
C2:   9053 2128   !   4       com.android.dx.cf.code.Ropper::processBlock (1101 bytes)


---------------  P R O C E S S  ---------------

Java Threads: ( => current thread )
  0x00000000170ce800 JavaThread "pool-2-thread-4" [_thread_blocked, id=1600, stack(0x00000000184a0000,0x00000000185a0000)]
  0x0000000016e7f800 JavaThread "pool-2-thread-3" [_thread_in_Java, id=5108, stack(0x00000000183a0000,0x00000000184a0000)]
  0x00000000168f9000 JavaThread "pool-2-thread-2" [_thread_in_Java, id=13704, stack(0x00000000182a0000,0x00000000183a0000)]
  0x0000000017033000 JavaThread "pool-3-thread-1" [_thread_blocked, id=8924, stack(0x00000000181a0000,0x00000000182a0000)]
  0x0000000017066800 JavaThread "pool-2-thread-1" [_thread_in_Java, id=1288, stack(0x00000000180a0000,0x00000000181a0000)]
  0x00000000162fc800 JavaThread "Service Thread" daemon [_thread_blocked, id=12364, stack(0x00000000166d0000,0x00000000167d0000)]
  0x0000000014a77000 JavaThread "C1 CompilerThread2" daemon [_thread_blocked, id=13884, stack(0x00000000161d0000,0x00000000162d0000)]
=>0x0000000014a70800 JavaThread "C2 CompilerThread1" daemon [_thread_in_native, id=2544, stack(0x00000000160d0000,0x00000000161d0000)]
  0x0000000014a6e800 JavaThread "C2 CompilerThread0" daemon [_thread_in_native, id=936, stack(0x0000000015fd0000,0x00000000160d0000)]
  0x0000000014a6c000 JavaThread "Attach Listener" daemon [_thread_blocked, id=6832, stack(0x0000000015ed0000,0x0000000015fd0000)]
  0x0000000014a6b800 JavaThread "Signal Dispatcher" daemon [_thread_blocked, id=10912, stack(0x0000000015dd0000,0x0000000015ed0000)]
  0x0000000002398000 JavaThread "Finalizer" daemon [_thread_blocked, id=7916, stack(0x0000000015cd0000,0x0000000015dd0000)]
  0x000000000238f000 JavaThread "Reference Handler" daemon [_thread_blocked, id=11892, stack(0x0000000015bd0000,0x0000000015cd0000)]
  0x000000000229d800 JavaThread "main" [_thread_in_native, id=7912, stack(0x00000000020f0000,0x00000000021f0000)]

Other Threads:
  0x0000000014a35800 VMThread [stack: 0x0000000015ad0000,0x0000000015bd0000] [id=12792]
  0x0000000016303000 WatcherThread [stack: 0x00000000167d0000,0x00000000168d0000] [id=10636]

VM state:not at safepoint (normal execution)

VM Mutex/Monitor currently owned by a thread: None

Heap:
 PSYoungGen      total 257536K, used 88768K [0x00000000eab00000, 0x0000000100000000, 0x0000000100000000)
  eden space 201728K, 20% used [0x00000000eab00000,0x00000000ed45b858,0x00000000f7000000)
  from space 55808K, 83% used [0x00000000fc980000,0x00000000ff6d4ab0,0x0000000100000000)
  to   space 73728K, 0% used [0x00000000f7000000,0x00000000f7000000,0x00000000fb800000)
 ParOldGen       total 87552K, used 87203K [0x00000000c0000000, 0x00000000c5580000, 0x00000000eab00000)
  object space 87552K, 99% used [0x00000000c0000000,0x00000000c5528c88,0x00000000c5580000)
 Metaspace       used 6531K, capacity 7320K, committed 7680K, reserved 1056768K
  class space    used 615K, capacity 656K, committed 768K, reserved 1048576K

Card table byte_map: [0x0000000011760000,0x0000000011970000] byte_map_base: 0x0000000011160000

Marking Bits: (ParMarkBitMap*) 0x0000000068e2b460
 Begin Bits: [0x0000000011ed0000, 0x0000000012ed0000)
 End Bits:   [0x0000000012ed0000, 0x0000000013ed0000)

Polling page: 0x00000000001f0000

CodeCache: size=245760Kb used=9434Kb max_used=9437Kb free=236325Kb
 bounds [0x00000000023a0000, 0x0000000002ce0000, 0x00000000113a0000]
 total_blobs=2466 nmethods=2200 adapters=179
 compilation: enabled

Compilation events (10 events):
Event: 8.904 Thread 0x0000000014a77000 2304       2       com.android.dx.cf.direct.DirectClassFile$DcfTypeList::isMutable (2 bytes)
Event: 8.904 Thread 0x0000000014a77000 nmethod 2304 0x0000000002ca9b50 code [0x0000000002ca9ca0, 0x0000000002ca9df0]
Event: 8.906 Thread 0x0000000014a77000 2305       2       com.android.dx.dex.file.AnnotationUtils::makeThrows (40 bytes)
Event: 8.906 Thread 0x0000000014a77000 nmethod 2305 0x0000000002ca9410 code [0x0000000002ca95c0, 0x0000000002ca9908]
Event: 8.940 Thread 0x0000000014a6e800 nmethod 2003 0x0000000002cd1490 code [0x0000000002cd22a0, 0x0000000002cd6f38]
Event: 8.941 Thread 0x0000000014a6e800 1969       4       com.android.dx.ssa.SsaMethod::mapRegisters (87 bytes)
Event: 8.965 Thread 0x0000000014a77000 2307       2       java.util.LinkedHashMap$Entry::<init> (10 bytes)
Event: 8.965 Thread 0x0000000014a77000 nmethod 2307 0x0000000002ca9090 code [0x0000000002ca91e0, 0x0000000002ca9370]
Event: 9.011 Thread 0x0000000014a77000 2309 %     3       com.android.dx.ssa.PhiTypeResolver::resolveResultType @ 87 (308 bytes)
Event: 9.015 Thread 0x0000000014a77000 nmethod 2309% 0x0000000002ca3950 code [0x0000000002ca3de0, 0x0000000002ca7638]

GC Heap History (10 events):
Event: 3.450 GC heap before
{Heap before GC invocations=7 (full 0):
 PSYoungGen      total 150016K, used 146540K [0x00000000eab00000, 0x00000000f5600000, 0x0000000100000000)
  eden space 131072K, 100% used [0x00000000eab00000,0x00000000f2b00000,0x00000000f2b00000)
  from space 18944K, 81% used [0x00000000f3f80000,0x00000000f4e9b098,0x00000000f5200000)
  to   space 20992K, 0% used [0x00000000f2b00000,0x00000000f2b00000,0x00000000f3f80000)
 ParOldGen       total 87552K, used 20917K [0x00000000c0000000, 0x00000000c5580000, 0x00000000eab00000)
  object space 87552K, 23% used [0x00000000c0000000,0x00000000c146d5a0,0x00000000c5580000)
 Metaspace       used 6463K, capacity 7256K, committed 7424K, reserved 1056768K
  class space    used 614K, capacity 656K, committed 768K, reserved 1048576K
Event: 3.541 GC heap after
Heap after GC invocations=7 (full 0):
 PSYoungGen      total 152064K, used 20984K [0x00000000eab00000, 0x00000000fe800000, 0x0000000100000000)
  eden space 131072K, 0% used [0x00000000eab00000,0x00000000eab00000,0x00000000f2b00000)
  from space 20992K, 99% used [0x00000000f2b00000,0x00000000f3f7e130,0x00000000f3f80000)
  to   space 31232K, 0% used [0x00000000fc980000,0x00000000fc980000,0x00000000fe800000)
 ParOldGen       total 87552K, used 32522K [0x00000000c0000000, 0x00000000c5580000, 0x00000000eab00000)
  object space 87552K, 37% used [0x00000000c0000000,0x00000000c1fc2a18,0x00000000c5580000)
 Metaspace       used 6463K, capacity 7256K, committed 7424K, reserved 1056768K
  class space    used 614K, capacity 656K, committed 768K, reserved 1048576K
}
Event: 4.249 GC heap before
{Heap before GC invocations=8 (full 0):
 PSYoungGen      total 152064K, used 152056K [0x00000000eab00000, 0x00000000fe800000, 0x0000000100000000)
  eden space 131072K, 100% used [0x00000000eab00000,0x00000000f2b00000,0x00000000f2b00000)
  from space 20992K, 99% used [0x00000000f2b00000,0x00000000f3f7e130,0x00000000f3f80000)
  to   space 31232K, 0% used [0x00000000fc980000,0x00000000fc980000,0x00000000fe800000)
 ParOldGen       total 87552K, used 32522K [0x00000000c0000000, 0x00000000c5580000, 0x00000000eab00000)
  object space 87552K, 37% used [0x00000000c0000000,0x00000000c1fc2a18,0x00000000c5580000)
 Metaspace       used 6492K, capacity 7320K, committed 7680K, reserved 1056768K
  class space    used 614K, capacity 656K, committed 768K, reserved 1048576K
Event: 4.321 GC heap after
Heap after GC invocations=8 (full 0):
 PSYoungGen      total 284160K, used 31221K [0x00000000eab00000, 0x00000000ffa00000, 0x0000000100000000)
  eden space 252928K, 0% used [0x00000000eab00000,0x00000000eab00000,0x00000000fa200000)
  from space 31232K, 99% used [0x00000000fc980000,0x00000000fe7fd528,0x00000000fe800000)
  to   space 40448K, 0% used [0x00000000fa200000,0x00000000fa200000,0x00000000fc980000)
 ParOldGen       total 87552K, used 41060K [0x00000000c0000000, 0x00000000c5580000, 0x00000000eab00000)
  object space 87552K, 46% used [0x00000000c0000000,0x00000000c28191a8,0x00000000c5580000)
 Metaspace       used 6492K, capacity 7320K, committed 7680K, reserved 1056768K
  class space    used 614K, capacity 656K, committed 768K, reserved 1048576K
}
Event: 5.459 GC heap before
{Heap before GC invocations=9 (full 0):
 PSYoungGen      total 284160K, used 284149K [0x00000000eab00000, 0x00000000ffa00000, 0x0000000100000000)
  eden space 252928K, 100% used [0x00000000eab00000,0x00000000fa200000,0x00000000fa200000)
  from space 31232K, 99% used [0x00000000fc980000,0x00000000fe7fd528,0x00000000fe800000)
  to   space 40448K, 0% used [0x00000000fa200000,0x00000000fa200000,0x00000000fc980000)
 ParOldGen       total 87552K, used 41060K [0x00000000c0000000, 0x00000000c5580000, 0x00000000eab00000)
  object space 87552K, 46% used [0x00000000c0000000,0x00000000c28191a8,0x00000000c5580000)
 Metaspace       used 6516K, capacity 7320K, committed 7680K, reserved 1056768K
  class space    used 615K, capacity 656K, committed 768K, reserved 1048576K
Event: 5.580 GC heap after
Heap after GC invocations=9 (full 0):
 PSYoungGen      total 293376K, used 40420K [0x00000000eab00000, 0x0000000100000000, 0x0000000100000000)
  eden space 252928K, 0% used [0x00000000eab00000,0x00000000eab00000,0x00000000fa200000)
  from space 40448K, 99% used [0x00000000fa200000,0x00000000fc9792e0,0x00000000fc980000)
  to   space 55808K, 0% used [0x00000000fc980000,0x00000000fc980000,0x0000000100000000)
 ParOldGen       total 87552K, used 61813K [0x00000000c0000000, 0x00000000c5580000, 0x00000000eab00000)
  object space 87552K, 70% used [0x00000000c0000000,0x00000000c3c5d5c8,0x00000000c5580000)
 Metaspace       used 6516K, capacity 7320K, committed 7680K, reserved 1056768K
  class space    used 615K, capacity 656K, committed 768K, reserved 1048576K
}
Event: 7.053 GC heap before
{Heap before GC invocations=10 (full 0):
 PSYoungGen      total 293376K, used 293348K [0x00000000eab00000, 0x0000000100000000, 0x0000000100000000)
  eden space 252928K, 100% used [0x00000000eab00000,0x00000000fa200000,0x00000000fa200000)
  from space 40448K, 99% used [0x00000000fa200000,0x00000000fc9792e0,0x00000000fc980000)
  to   space 55808K, 0% used [0x00000000fc980000,0x00000000fc980000,0x0000000100000000)
 ParOldGen       total 87552K, used 61813K [0x00000000c0000000, 0x00000000c5580000, 0x00000000eab00000)
  object space 87552K, 70% used [0x00000000c0000000,0x00000000c3c5d5c8,0x00000000c5580000)
 Metaspace       used 6530K, capacity 7320K, committed 7680K, reserved 1056768K
  class space    used 615K, capacity 656K, committed 768K, reserved 1048576K
Event: 7.207 GC heap after
Heap after GC invocations=10 (full 0):
 PSYoungGen      total 257536K, used 55786K [0x00000000eab00000, 0x0000000100000000, 0x0000000100000000)
  eden space 201728K, 0% used [0x00000000eab00000,0x00000000eab00000,0x00000000f7000000)
  from space 55808K, 99% used [0x00000000fc980000,0x00000000ffffaa70,0x0000000100000000)
  to   space 73728K, 0% used [0x00000000f7000000,0x00000000f7000000,0x00000000fb800000)
 ParOldGen       total 87552K, used 84049K [0x00000000c0000000, 0x00000000c5580000, 0x00000000eab00000)
  object space 87552K, 95% used [0x00000000c0000000,0x00000000c52144d0,0x00000000c5580000)
 Metaspace       used 6530K, capacity 7320K, committed 7680K, reserved 1056768K
  class space    used 615K, capacity 656K, committed 768K, reserved 1048576K
}
Event: 7.207 GC heap before
{Heap before GC invocations=11 (full 1):
 PSYoungGen      total 257536K, used 55786K [0x00000000eab00000, 0x0000000100000000, 0x0000000100000000)
  eden space 201728K, 0% used [0x00000000eab00000,0x00000000eab00000,0x00000000f7000000)
  from space 55808K, 99% used [0x00000000fc980000,0x00000000ffffaa70,0x0000000100000000)
  to   space 73728K, 0% used [0x00000000f7000000,0x00000000f7000000,0x00000000fb800000)
 ParOldGen       total 87552K, used 84049K [0x00000000c0000000, 0x00000000c5580000, 0x00000000eab00000)
  object space 87552K, 95% used [0x00000000c0000000,0x00000000c52144d0,0x00000000c5580000)
 Metaspace       used 6530K, capacity 7320K, committed 7680K, reserved 1056768K
  class space    used 615K, capacity 656K, committed 768K, reserved 1048576K
Event: 8.634 GC heap after
Heap after GC invocations=11 (full 1):
 PSYoungGen      total 257536K, used 46418K [0x00000000eab00000, 0x0000000100000000, 0x0000000100000000)
  eden space 201728K, 0% used [0x00000000eab00000,0x00000000eab00000,0x00000000f7000000)
  from space 55808K, 83% used [0x00000000fc980000,0x00000000ff6d4ab0,0x0000000100000000)
  to   space 73728K, 0% used [0x00000000f7000000,0x00000000f7000000,0x00000000fb800000)
 ParOldGen       total 87552K, used 87203K [0x00000000c0000000, 0x00000000c5580000, 0x00000000eab00000)
  object space 87552K, 99% used [0x00000000c0000000,0x00000000c5528c88,0x00000000c5580000)
 Metaspace       used 6530K, capacity 7320K, committed 7680K, reserved 1056768K
  class space    used 615K, capacity 656K, committed 768K, reserved 1048576K
}

Deoptimization events (10 events):
Event: 1.794 Thread 0x0000000017066800 Uncommon trap: reason=unreached action=reinterpret pc=0x00000000029b33e4 method=java.util.HashMap.getNode(ILjava/lang/Object;)Ljava/util/HashMap$Node; @ 84
Event: 1.795 Thread 0x0000000017066800 Uncommon trap: reason=bimorphic action=maybe_recompile pc=0x00000000029f77c8 method=java.util.HashMap.putVal(ILjava/lang/Object;Ljava/lang/Object;ZZ)Ljava/lang/Object; @ 203
Event: 2.356 Thread 0x000000000229d800 Uncommon trap: reason=unreached action=reinterpret pc=0x0000000002a6f9cc method=com.android.dx.ssa.SCCP.simulateBranch(Lcom/android/dx/ssa/SsaInsn;)V @ 132
Event: 2.360 Thread 0x000000000229d800 Uncommon trap: reason=unreached action=reinterpret pc=0x00000000027e255c method=com.android.dx.ssa.SsaMethod.updateOneDefinition(Lcom/android/dx/ssa/SsaInsn;Lcom/android/dx/rop/code/RegisterSpec;)V @ 4
Event: 2.771 Thread 0x00000000168f9000 Uncommon trap: reason=bimorphic action=maybe_recompile pc=0x0000000002a9d8f8 method=com.android.dx.cf.code.BytecodeArray.parseInstruction(ILcom/android/dx/cf/code/BytecodeArray$Visitor;)I @ 1051
Event: 2.771 Thread 0x00000000168f9000 Uncommon trap: reason=bimorphic action=maybe_recompile pc=0x0000000002a9d8f8 method=com.android.dx.cf.code.BytecodeArray.parseInstruction(ILcom/android/dx/cf/code/BytecodeArray$Visitor;)I @ 1051
Event: 3.366 Thread 0x00000000168f9000 Uncommon trap: reason=unreached action=reinterpret pc=0x00000000029b04ac method=java.util.HashMap.getNode(ILjava/lang/Object;)Ljava/util/HashMap$Node; @ 84
Event: 4.954 Thread 0x0000000017066800 Uncommon trap: reason=unreached action=reinterpret pc=0x0000000002a67294 method=com.android.dx.ssa.MoveParamCombiner$1.visitNonMoveInsn(Lcom/android/dx/ssa/NormalSsaInsn;)V @ 27
Event: 5.156 Thread 0x00000000170ce800 Uncommon trap: reason=bimorphic action=maybe_recompile pc=0x0000000002b55b24 method=com.android.dx.cf.code.BytecodeArray.parseInstruction(ILcom/android/dx/cf/code/BytecodeArray$Visitor;)I @ 1597
Event: 5.157 Thread 0x00000000170ce800 Uncommon trap: reason=bimorphic action=maybe_recompile pc=0x0000000002b55b24 method=com.android.dx.cf.code.BytecodeArray.parseInstruction(ILcom/android/dx/cf/code/BytecodeArray$Visitor;)I @ 1597

Internal exceptions (10 events):
Event: 1.060 Thread 0x000000000229d800 Exception <a 'java/security/PrivilegedActionException'> (0x00000000eb54f2e0) thrown at [D:\re\workspace\8-2-build-windows-amd64-cygwin\jdk8u20\1074\hotspot\src\share\vm\prims\jvm.cpp, line 1275]
Event: 1.453 Thread 0x0000000017066800 Implicit null exception at 0x0000000002784979 to 0x0000000002786cfd
Event: 1.527 Thread 0x000000000229d800 Implicit null exception at 0x000000000279df5d to 0x00000000027a0465
Event: 1.652 Thread 0x0000000016e7f800 Implicit null exception at 0x00000000028a4558 to 0x00000000028a46c5
Event: 1.659 Thread 0x000000000229d800 Exception <a 'java/security/PrivilegedActionException'> (0x00000000eaba1e70) thrown at [D:\re\workspace\8-2-build-windows-amd64-cygwin\jdk8u20\1074\hotspot\src\share\vm\prims\jvm.cpp, line 1275]
Event: 1.791 Thread 0x0000000017066800 Exception <a 'java/lang/ArrayIndexOutOfBoundsException': 18> (0x00000000ebdfb550) thrown at [D:\re\workspace\8-2-build-windows-amd64-cygwin\jdk8u20\1074\hotspot\src\share\vm\interpreter\interpreterRuntime.cpp, line 366]
Event: 1.792 Thread 0x0000000017066800 Exception <a 'java/lang/ArrayIndexOutOfBoundsException': 145> (0x00000000ebdfcfe8) thrown at [D:\re\workspace\8-2-build-windows-amd64-cygwin\jdk8u20\1074\hotspot\src\share\vm\interpreter\interpreterRuntime.cpp, line 366]
Event: 1.793 Thread 0x0000000017066800 Exception <a 'java/lang/ArrayIndexOutOfBoundsException'> (0x00000000ebdfe200) thrown at [D:\re\workspace\8-2-build-windows-amd64-cygwin\jdk8u20\1074\hotspot\src\share\vm\runtime\sharedRuntime.cpp, line 604]
Event: 2.356 Thread 0x000000000229d800 Exception <a 'java/security/PrivilegedActionException'> (0x00000000ec4b6980) thrown at [D:\re\workspace\8-2-build-windows-amd64-cygwin\jdk8u20\1074\hotspot\src\share\vm\prims\jvm.cpp, line 1275]
Event: 4.919 Thread 0x000000000229d800 Exception <a 'java/security/PrivilegedActionException'> (0x00000000f2185218) thrown at [D:\re\workspace\8-2-build-windows-amd64-cygwin\jdk8u20\1074\hotspot\src\share\vm\prims\jvm.cpp, line 1275]

Events (10 events):
Event: 6.570 Thread 0x00000000170ce800 DEOPT PACKING pc=0x00000000027794c4 sp=0x000000001859eba0
Event: 6.570 Thread 0x00000000170ce800 DEOPT UNPACKING pc=0x00000000023e75bf sp=0x000000001859e8b8 mode 0
Event: 6.579 Thread 0x00000000168f9000 DEOPT PACKING pc=0x00000000029b6edb sp=0x000000001839ea00
Event: 6.579 Thread 0x00000000168f9000 DEOPT UNPACKING pc=0x00000000023e75bf sp=0x000000001839e730 mode 0
Event: 6.606 Thread 0x000000000229d800 DEOPT PACKING pc=0x00000000029c8ab6 sp=0x00000000021ee410
Event: 6.606 Thread 0x000000000229d800 DEOPT UNPACKING pc=0x00000000023e75bf sp=0x00000000021ee320 mode 0
Event: 7.023 Thread 0x00000000170ce800 DEOPT PACKING pc=0x00000000027794c4 sp=0x000000001859ec50
Event: 7.023 Thread 0x00000000170ce800 DEOPT UNPACKING pc=0x00000000023e75bf sp=0x000000001859e968 mode 0
Event: 7.053 Executing VM operation: ParallelGCFailedAllocation
Event: 8.634 Executing VM operation: ParallelGCFailedAllocation done


Dynamic libraries:
0x00007ff78c3b0000 - 0x00007ff78c3e4000 	C:\Program Files\Java\jdk1.8.0_20\bin\java.exe
0x00007fff5ffe0000 - 0x00007fff601a1000 	C:\WINDOWS\SYSTEM32\ntdll.dll
0x00007fff5d4e0000 - 0x00007fff5d58d000 	C:\WINDOWS\system32\KERNEL32.DLL
0x00007fff5c950000 - 0x00007fff5cb38000 	C:\WINDOWS\system32\KERNELBASE.dll
0x00007fff5fcd0000 - 0x00007fff5fd77000 	C:\WINDOWS\system32\ADVAPI32.dll
0x00007fff5f5f0000 - 0x00007fff5f68d000 	C:\WINDOWS\system32\msvcrt.dll
0x00007fff5f2b0000 - 0x00007fff5f30b000 	C:\WINDOWS\system32\sechost.dll
0x00007fff5fe00000 - 0x00007fff5ff1c000 	C:\WINDOWS\system32\RPCRT4.dll
0x00007fff5ec30000 - 0x00007fff5ed86000 	C:\WINDOWS\system32\USER32.dll
0x00007fff5efa0000 - 0x00007fff5f126000 	C:\WINDOWS\system32\GDI32.dll
0x00007fff50340000 - 0x00007fff505b4000 	C:\WINDOWS\WinSxS\amd64_microsoft.windows.common-controls_6595b64144ccf1df_6.0.10586.0_none_8c15ae12515e1c22\COMCTL32.dll
0x00007fff5f310000 - 0x00007fff5f58d000 	C:\WINDOWS\system32\combase.dll
0x00007fff5d190000 - 0x00007fff5d1fa000 	C:\WINDOWS\system32\bcryptPrimitives.dll
0x00007fff5ff20000 - 0x00007fff5ff5b000 	C:\WINDOWS\system32\IMM32.DLL
0x0000000068eb0000 - 0x0000000068f82000 	C:\Program Files\Java\jdk1.8.0_20\jre\bin\msvcr100.dll
0x0000000068650000 - 0x0000000068ea8000 	C:\Program Files\Java\jdk1.8.0_20\jre\bin\server\jvm.dll
0x00007fff5d4d0000 - 0x00007fff5d4d8000 	C:\WINDOWS\system32\PSAPI.DLL
0x00007fff50870000 - 0x00007fff50879000 	C:\WINDOWS\SYSTEM32\WSOCK32.dll
0x00007fff5ff70000 - 0x00007fff5ffdb000 	C:\WINDOWS\system32\WS2_32.dll
0x00007fff5a860000 - 0x00007fff5a883000 	C:\WINDOWS\SYSTEM32\WINMM.dll
0x00007fff5a830000 - 0x00007fff5a85c000 	C:\WINDOWS\SYSTEM32\WINMMBASE.dll
0x00007fff5c670000 - 0x00007fff5c6b3000 	C:\WINDOWS\system32\cfgmgr32.dll
0x0000000069cc0000 - 0x0000000069ccf000 	C:\Program Files\Java\jdk1.8.0_20\jre\bin\verify.dll
0x0000000068620000 - 0x0000000068648000 	C:\Program Files\Java\jdk1.8.0_20\jre\bin\java.dll
0x0000000068600000 - 0x0000000068616000 	C:\Program Files\Java\jdk1.8.0_20\jre\bin\zip.dll
0x00007fff5d600000 - 0x00007fff5eb5c000 	C:\WINDOWS\system32\SHELL32.dll
0x00007fff5cb40000 - 0x00007fff5d185000 	C:\WINDOWS\system32\windows.storage.dll
0x00007fff5f590000 - 0x00007fff5f5e2000 	C:\WINDOWS\system32\shlwapi.dll
0x00007fff5c600000 - 0x00007fff5c60f000 	C:\WINDOWS\system32\kernel.appcore.dll
0x00007fff5c6c0000 - 0x00007fff5c775000 	C:\WINDOWS\system32\shcore.dll
0x00007fff5c620000 - 0x00007fff5c66b000 	C:\WINDOWS\system32\powrprof.dll
0x00007fff5c5e0000 - 0x00007fff5c5f4000 	C:\WINDOWS\system32\profapi.dll
0x00007fff514c0000 - 0x00007fff5164c000 	C:\WINDOWS\SYSTEM32\dbghelp.dll

VM Arguments:
jvm_args: -Djava.awt.headless=true -Xmx1024M -Dfile.encoding=windows-1252 -Duser.country=US -Duser.language=en -Duser.variant 
java_command: com.android.dx.command.Main --dex --num-threads=4 --multi-dex --main-dex-list C:\Users\admin\Documents\GitHub\ShaneelSD\SoftwareDesign\FindMeTutor\FindMeTutor\tutor_app\build\intermediates\multi-dex\debug\maindexlist.txt --output C:\Users\admin\Documents\GitHub\ShaneelSD\SoftwareDesign\FindMeTutor\FindMeTutor\tutor_app\build\intermediates\transforms\dex\debug\folders\1000\1f\main C:\Users\admin\Documents\GitHub\ShaneelSD\SoftwareDesign\FindMeTutor\FindMeTutor\tutor_app\build\intermediates\transforms\jarMerging\debug\jars\1\1f\combined.jar
java_class_path (initial): C:\Users\admin\AppData\Local\Android\sdk\build-tools\24.0.1\lib\dx.jar
Launcher Type: SUN_STANDARD

Environment Variables:
PATH=C:\ProgramData\Oracle\Java\javapath;C:\Program Files (x86)\Intel\iCLS Client\;C:\Program Files\Intel\iCLS Client\;C:\WINDOWS\system32;C:\WINDOWS;C:\WINDOWS\System32\Wbem;C:\WINDOWS\System32\WindowsPowerShell\v1.0\;C:\Program Files\Intel\Intel(R) Management Engine Components\DAL;C:\Program Files\Intel\Intel(R) Management Engine Components\IPT;C:\Program Files (x86)\Intel\Intel(R) Management Engine Components\DAL;C:\Program Files (x86)\Intel\Intel(R) Management Engine Components\IPT;C:\Program Files\WIDCOMM\Bluetooth Software\;C:\Program Files\WIDCOMM\Bluetooth Software\syswow64;C:\Program Files (x86)\Intel\OpenCL SDK\2.0\bin\x86;C:\Program Files (x86)\Intel\OpenCL SDK\2.0\bin\x64;C:\Program Files\Intel\WiFi\bin\;C:\Program Files\Common Files\Intel\WirelessCommon\;c:\Program Files (x86)\Microsoft SQL Server\100\Tools\Binn\;c:\Program Files\Microsoft SQL Server\100\Tools\Binn\;c:\Program Files\Microsoft SQL Server\100\DTS\Binn\;C:\Program Files (x86)\MySQL\MySQL Fabric 1.5.4 & MySQL Utilities 1.5.4 1.5\;C:\Program Files (x86)\MySQL\MySQL Fabric 1.5.4 & MySQL Utilities 1.5.4 1.5\Doctrine extensions for PHP\;C:\Program Files (x86)\Borland\Delphi7\Bin;C:\Program Files (x86)\Borland\Delphi7\Projects\Bpl;C:\Program Files (x86)\Borland\Delphi7\Rave5;C:\Program Files\Git\cmd;C:\Program Files\Intel\WiFi\bin\;C:\Program Files\Common Files\Intel\WirelessCommon\
USERNAME=admin
OS=Windows_NT
PROCESSOR_IDENTIFIER=Intel64 Family 6 Model 58 Stepping 9, GenuineIntel



---------------  S Y S T E M  ---------------

OS: Windows 8.1 , 64 bit Build 9600 

CPU:total 4 (2 cores per cpu, 2 threads per core) family 6 model 58 stepping 9, cmov, cx8, fxsr, mmx, sse, sse2, sse3, ssse3, sse4.1, sse4.2, popcnt, avx, aes, clmul, erms, ht, tsc, tscinvbit, tscinv

Memory: 4k page, physical 8258576k(1634804k free), swap 10306576k(23664k free)

vm_info: Java HotSpot(TM) 64-Bit Server VM (25.20-b23) for windows-amd64 JRE (1.8.0_20-b26), built on Jul 30 2014 13:51:23 by "java_re" with MS VC++ 10.0 (VS2010)

time: Tue Sep 27 18:05:43 2016
elapsed time: 9 seconds (0d 0h 0m 9s)

