#
# There is insufficient memory for the Java Runtime Environment to continue.
# Native memory allocation (malloc) failed to allocate 1329696 bytes for Chunk::new
# Possible reasons:
#   The system is out of physical RAM or swap space
#   In 32 bit mode, the process size limit was hit
# Possible solutions:
#   Reduce memory load on the system
#   Increase physical memory or swap space
#   Check if swap backing store is full
#   Use 64 bit Java on a 64 bit OS
#   Decrease Java heap size (-Xmx/-Xms)
#   Decrease number of Java threads
#   Decrease Java thread stack sizes (-Xss)
#   Set larger code cache with -XX:ReservedCodeCacheSize=
# This output file may be truncated or incomplete.
#
#  Out of Memory Error (allocation.cpp:390), pid=4164, tid=1384
#
# JRE version: Java(TM) SE Runtime Environment (8.0_20-b26) (build 1.8.0_20-b26)
# Java VM: Java HotSpot(TM) 64-Bit Server VM (25.20-b23 mixed mode windows-amd64 compressed oops)
# Failed to write core dump. Minidumps are not enabled by default on client versions of Windows
#

---------------  T H R E A D  ---------------

Current thread (0x0000000014b5a800):  JavaThread "C2 CompilerThread1" daemon [_thread_in_native, id=1384, stack(0x00000000161b0000,0x00000000162b0000)]

Stack: [0x00000000161b0000,0x00000000162b0000]
Native frames: (J=compiled Java code, j=interpreted, Vv=VM code, C=native code)
V  [jvm.dll+0x3152fa]
V  [jvm.dll+0x265d03]
V  [jvm.dll+0x266943]
V  [jvm.dll+0x25e265]
V  [jvm.dll+0xbe255]
V  [jvm.dll+0xbe6fc]
V  [jvm.dll+0x45c472]
V  [jvm.dll+0x49d76f]
V  [jvm.dll+0x451911]
V  [jvm.dll+0x452634]
V  [jvm.dll+0x435fc2]
V  [jvm.dll+0x97b62]
V  [jvm.dll+0x98353]
V  [jvm.dll+0x22aac4]
V  [jvm.dll+0x283f5a]
C  [msvcr100.dll+0x21d9f]
C  [msvcr100.dll+0x21e3b]
C  [KERNEL32.DLL+0x18102]
C  [ntdll.dll+0x5c5b4]


Current CompileTask:
C2:   5800 1967       4       com.android.dx.rop.code.LocalVariableExtractor::processBlock (327 bytes)


---------------  P R O C E S S  ---------------

Java Threads: ( => current thread )
  0x0000000016fe0000 JavaThread "pool-2-thread-4" [_thread_blocked, id=9028, stack(0x0000000018580000,0x0000000018680000)]
  0x00000000172b2800 JavaThread "pool-2-thread-3" [_thread_in_Java, id=712, stack(0x0000000018480000,0x0000000018580000)]
  0x0000000017262800 JavaThread "pool-2-thread-2" [_thread_in_vm, id=5296, stack(0x0000000018380000,0x0000000018480000)]
  0x0000000017524000 JavaThread "pool-3-thread-1" [_thread_blocked, id=11632, stack(0x0000000018280000,0x0000000018380000)]
  0x0000000017523800 JavaThread "pool-2-thread-1" [_thread_in_Java, id=11384, stack(0x0000000018180000,0x0000000018280000)]
  0x0000000014bbe800 JavaThread "Service Thread" daemon [_thread_blocked, id=1788, stack(0x00000000167b0000,0x00000000168b0000)]
  0x0000000014b75800 JavaThread "C1 CompilerThread2" daemon [_thread_blocked, id=10352, stack(0x00000000162b0000,0x00000000163b0000)]
=>0x0000000014b5a800 JavaThread "C2 CompilerThread1" daemon [_thread_in_native, id=1384, stack(0x00000000161b0000,0x00000000162b0000)]
  0x0000000014b6a800 JavaThread "C2 CompilerThread0" daemon [_thread_in_native, id=8156, stack(0x00000000160b0000,0x00000000161b0000)]
  0x0000000014b68000 JavaThread "Attach Listener" daemon [_thread_blocked, id=6652, stack(0x0000000015fb0000,0x00000000160b0000)]
  0x0000000014b67000 JavaThread "Signal Dispatcher" daemon [_thread_blocked, id=11472, stack(0x0000000015eb0000,0x0000000015fb0000)]
  0x0000000002486000 JavaThread "Finalizer" daemon [_thread_blocked, id=5832, stack(0x0000000015db0000,0x0000000015eb0000)]
  0x000000000247d000 JavaThread "Reference Handler" daemon [_thread_blocked, id=1852, stack(0x0000000015cb0000,0x0000000015db0000)]
  0x0000000000a0d800 JavaThread "main" [_thread_in_native, id=11816, stack(0x0000000002210000,0x0000000002310000)]

Other Threads:
  0x0000000014b26000 VMThread [stack: 0x0000000015bb0000,0x0000000015cb0000] [id=10980]
  0x00000000163e6000 WatcherThread [stack: 0x00000000168b0000,0x00000000169b0000] [id=9524]

VM state:not at safepoint (normal execution)

VM Mutex/Monitor currently owned by a thread: None

Heap:
 PSYoungGen      total 71680K, used 45906K [0x00000000eab00000, 0x00000000ef600000, 0x0000000100000000)
  eden space 66560K, 61% used [0x00000000eab00000,0x00000000ed2d8580,0x00000000eec00000)
  from space 5120K, 99% used [0x00000000ef100000,0x00000000ef5fc2d8,0x00000000ef600000)
  to   space 5120K, 0% used [0x00000000eec00000,0x00000000eec00000,0x00000000ef100000)
 ParOldGen       total 150528K, used 81433K [0x00000000c0000000, 0x00000000c9300000, 0x00000000eab00000)
  object space 150528K, 54% used [0x00000000c0000000,0x00000000c4f867b0,0x00000000c9300000)
 Metaspace       used 6502K, capacity 7320K, committed 7680K, reserved 1056768K
  class space    used 615K, capacity 656K, committed 768K, reserved 1048576K

Card table byte_map: [0x0000000011850000,0x0000000011a60000] byte_map_base: 0x0000000011250000

Marking Bits: (ParMarkBitMap*) 0x000000006f45b460
 Begin Bits: [0x0000000011fc0000, 0x0000000012fc0000)
 End Bits:   [0x0000000012fc0000, 0x0000000013fc0000)

Polling page: 0x00000000001f0000

CodeCache: size=245760Kb used=8531Kb max_used=8531Kb free=237228Kb
 bounds [0x0000000002490000, 0x0000000002cf0000, 0x0000000011490000]
 total_blobs=2360 nmethods=2094 adapters=179
 compilation: enabled

Compilation events (10 events):
Event: 5.431 Thread 0x0000000014b75800 2161       2       com.android.dx.command.dexer.Main$ClassDefItemConsumer::<init> (10 bytes)
Event: 5.431 Thread 0x0000000014b75800 nmethod 2161 0x0000000002ce3990 code [0x0000000002ce3ae0, 0x0000000002ce3c70]
Event: 5.431 Thread 0x0000000014b75800 2162       2       com.android.dx.command.dexer.Main$ClassDefItemConsumer::<init> (26 bytes)
Event: 5.431 Thread 0x0000000014b75800 nmethod 2162 0x0000000002ce3d10 code [0x0000000002ce3e60, 0x0000000002ce3ff0]
Event: 5.433 Thread 0x0000000014b75800 2163       2       com.android.dx.rop.cst.CstArray$List::<init> (6 bytes)
Event: 5.433 Thread 0x0000000014b75800 nmethod 2163 0x0000000002ce4090 code [0x0000000002ce4200, 0x0000000002ce4368]
Event: 5.436 Thread 0x0000000014b75800 2164       2       com.android.dx.rop.cst.CstArray::<init> (28 bytes)
Event: 5.437 Thread 0x0000000014b75800 nmethod 2164 0x0000000002ce4410 code [0x0000000002ce4580, 0x0000000002ce4838]
Event: 5.465 Thread 0x0000000014b75800 2165       2       com.android.dx.rop.code.SwitchInsn::getCatches (4 bytes)
Event: 5.466 Thread 0x0000000014b75800 nmethod 2165 0x0000000002ce4990 code [0x0000000002ce4ae0, 0x0000000002ce4c30]

GC Heap History (10 events):
Event: 3.461 GC heap before
{Heap before GC invocations=8 (full 0):
 PSYoungGen      total 71680K, used 71662K [0x00000000eab00000, 0x00000000ef600000, 0x0000000100000000)
  eden space 66560K, 100% used [0x00000000eab00000,0x00000000eec00000,0x00000000eec00000)
  from space 5120K, 99% used [0x00000000eec00000,0x00000000ef0fb9d0,0x00000000ef100000)
  to   space 5120K, 0% used [0x00000000ef100000,0x00000000ef100000,0x00000000ef600000)
 ParOldGen       total 87552K, used 41914K [0x00000000c0000000, 0x00000000c5580000, 0x00000000eab00000)
  object space 87552K, 47% used [0x00000000c0000000,0x00000000c28ee958,0x00000000c5580000)
 Metaspace       used 6476K, capacity 7256K, committed 7424K, reserved 1056768K
  class space    used 614K, capacity 656K, committed 768K, reserved 1048576K
Event: 3.490 GC heap after
Heap after GC invocations=8 (full 0):
 PSYoungGen      total 71680K, used 5091K [0x00000000eab00000, 0x00000000ef600000, 0x0000000100000000)
  eden space 66560K, 0% used [0x00000000eab00000,0x00000000eab00000,0x00000000eec00000)
  from space 5120K, 99% used [0x00000000ef100000,0x00000000ef5f8f60,0x00000000ef600000)
  to   space 5120K, 0% used [0x00000000eec00000,0x00000000eec00000,0x00000000ef100000)
 ParOldGen       total 87552K, used 51097K [0x00000000c0000000, 0x00000000c5580000, 0x00000000eab00000)
  object space 87552K, 58% used [0x00000000c0000000,0x00000000c31e67b0,0x00000000c5580000)
 Metaspace       used 6476K, capacity 7256K, committed 7424K, reserved 1056768K
  class space    used 614K, capacity 656K, committed 768K, reserved 1048576K
}
Event: 3.823 GC heap before
{Heap before GC invocations=9 (full 0):
 PSYoungGen      total 71680K, used 71651K [0x00000000eab00000, 0x00000000ef600000, 0x0000000100000000)
  eden space 66560K, 100% used [0x00000000eab00000,0x00000000eec00000,0x00000000eec00000)
  from space 5120K, 99% used [0x00000000ef100000,0x00000000ef5f8f60,0x00000000ef600000)
  to   space 5120K, 0% used [0x00000000eec00000,0x00000000eec00000,0x00000000ef100000)
 ParOldGen       total 87552K, used 51097K [0x00000000c0000000, 0x00000000c5580000, 0x00000000eab00000)
  object space 87552K, 58% used [0x00000000c0000000,0x00000000c31e67b0,0x00000000c5580000)
 Metaspace       used 6483K, capacity 7256K, committed 7424K, reserved 1056768K
  class space    used 614K, capacity 656K, committed 768K, reserved 1048576K
Event: 3.859 GC heap after
Heap after GC invocations=9 (full 0):
 PSYoungGen      total 71680K, used 5112K [0x00000000eab00000, 0x00000000ef600000, 0x0000000100000000)
  eden space 66560K, 0% used [0x00000000eab00000,0x00000000eab00000,0x00000000eec00000)
  from space 5120K, 99% used [0x00000000eec00000,0x00000000ef0fe2c0,0x00000000ef100000)
  to   space 5120K, 0% used [0x00000000ef100000,0x00000000ef100000,0x00000000ef600000)
 ParOldGen       total 87552K, used 62146K [0x00000000c0000000, 0x00000000c5580000, 0x00000000eab00000)
  object space 87552K, 70% used [0x00000000c0000000,0x00000000c3cb0800,0x00000000c5580000)
 Metaspace       used 6483K, capacity 7256K, committed 7424K, reserved 1056768K
  class space    used 614K, capacity 656K, committed 768K, reserved 1048576K
}
Event: 4.153 GC heap before
{Heap before GC invocations=10 (full 0):
 PSYoungGen      total 71680K, used 71672K [0x00000000eab00000, 0x00000000ef600000, 0x0000000100000000)
  eden space 66560K, 100% used [0x00000000eab00000,0x00000000eec00000,0x00000000eec00000)
  from space 5120K, 99% used [0x00000000eec00000,0x00000000ef0fe2c0,0x00000000ef100000)
  to   space 5120K, 0% used [0x00000000ef100000,0x00000000ef100000,0x00000000ef600000)
 ParOldGen       total 87552K, used 62146K [0x00000000c0000000, 0x00000000c5580000, 0x00000000eab00000)
  object space 87552K, 70% used [0x00000000c0000000,0x00000000c3cb0800,0x00000000c5580000)
 Metaspace       used 6484K, capacity 7256K, committed 7424K, reserved 1056768K
  class space    used 614K, capacity 656K, committed 768K, reserved 1048576K
Event: 4.199 GC heap after
Heap after GC invocations=10 (full 0):
 PSYoungGen      total 71680K, used 5088K [0x00000000eab00000, 0x00000000ef600000, 0x0000000100000000)
  eden space 66560K, 0% used [0x00000000eab00000,0x00000000eab00000,0x00000000eec00000)
  from space 5120K, 99% used [0x00000000ef100000,0x00000000ef5f83e0,0x00000000ef600000)
  to   space 5120K, 0% used [0x00000000eec00000,0x00000000eec00000,0x00000000ef100000)
 ParOldGen       total 87552K, used 71112K [0x00000000c0000000, 0x00000000c5580000, 0x00000000eab00000)
  object space 87552K, 81% used [0x00000000c0000000,0x00000000c45722d0,0x00000000c5580000)
 Metaspace       used 6484K, capacity 7256K, committed 7424K, reserved 1056768K
  class space    used 614K, capacity 656K, committed 768K, reserved 1048576K
}
Event: 4.540 GC heap before
{Heap before GC invocations=11 (full 0):
 PSYoungGen      total 71680K, used 71648K [0x00000000eab00000, 0x00000000ef600000, 0x0000000100000000)
  eden space 66560K, 100% used [0x00000000eab00000,0x00000000eec00000,0x00000000eec00000)
  from space 5120K, 99% used [0x00000000ef100000,0x00000000ef5f83e0,0x00000000ef600000)
  to   space 5120K, 0% used [0x00000000eec00000,0x00000000eec00000,0x00000000ef100000)
 ParOldGen       total 87552K, used 71112K [0x00000000c0000000, 0x00000000c5580000, 0x00000000eab00000)
  object space 87552K, 81% used [0x00000000c0000000,0x00000000c45722d0,0x00000000c5580000)
 Metaspace       used 6486K, capacity 7256K, committed 7424K, reserved 1056768K
  class space    used 614K, capacity 656K, committed 768K, reserved 1048576K
Event: 4.566 GC heap after
Heap after GC invocations=11 (full 0):
 PSYoungGen      total 71680K, used 5109K [0x00000000eab00000, 0x00000000ef600000, 0x0000000100000000)
  eden space 66560K, 0% used [0x00000000eab00000,0x00000000eab00000,0x00000000eec00000)
  from space 5120K, 99% used [0x00000000eec00000,0x00000000ef0fd508,0x00000000ef100000)
  to   space 5120K, 0% used [0x00000000ef100000,0x00000000ef100000,0x00000000ef600000)
 ParOldGen       total 87552K, used 81179K [0x00000000c0000000, 0x00000000c5580000, 0x00000000eab00000)
  object space 87552K, 92% used [0x00000000c0000000,0x00000000c4f46ca8,0x00000000c5580000)
 Metaspace       used 6486K, capacity 7256K, committed 7424K, reserved 1056768K
  class space    used 614K, capacity 656K, committed 768K, reserved 1048576K
}
Event: 4.567 GC heap before
{Heap before GC invocations=12 (full 1):
 PSYoungGen      total 71680K, used 5109K [0x00000000eab00000, 0x00000000ef600000, 0x0000000100000000)
  eden space 66560K, 0% used [0x00000000eab00000,0x00000000eab00000,0x00000000eec00000)
  from space 5120K, 99% used [0x00000000eec00000,0x00000000ef0fd508,0x00000000ef100000)
  to   space 5120K, 0% used [0x00000000ef100000,0x00000000ef100000,0x00000000ef600000)
 ParOldGen       total 87552K, used 81179K [0x00000000c0000000, 0x00000000c5580000, 0x00000000eab00000)
  object space 87552K, 92% used [0x00000000c0000000,0x00000000c4f46ca8,0x00000000c5580000)
 Metaspace       used 6486K, capacity 7256K, committed 7424K, reserved 1056768K
  class space    used 614K, capacity 656K, committed 768K, reserved 1048576K
Event: 5.353 GC heap after
Heap after GC invocations=12 (full 1):
 PSYoungGen      total 71680K, used 0K [0x00000000eab00000, 0x00000000ef600000, 0x0000000100000000)
  eden space 66560K, 0% used [0x00000000eab00000,0x00000000eab00000,0x00000000eec00000)
  from space 5120K, 0% used [0x00000000eec00000,0x00000000eec00000,0x00000000ef100000)
  to   space 5120K, 0% used [0x00000000ef100000,0x00000000ef100000,0x00000000ef600000)
 ParOldGen       total 150528K, used 79332K [0x00000000c0000000, 0x00000000c9300000, 0x00000000eab00000)
  object space 150528K, 52% used [0x00000000c0000000,0x00000000c4d79378,0x00000000c9300000)
 Metaspace       used 6486K, capacity 7256K, committed 7424K, reserved 1056768K
  class space    used 614K, capacity 656K, committed 768K, reserved 1048576K
}

Deoptimization events (10 events):
Event: 1.599 Thread 0x00000000172b2800 Uncommon trap: reason=class_check action=maybe_recompile pc=0x0000000002b07a90 method=com.android.dx.cf.code.BytecodeArray.parseInstruction(ILcom/android/dx/cf/code/BytecodeArray$Visitor;)I @ 1258
Event: 1.599 Thread 0x00000000172b2800 Uncommon trap: reason=class_check action=maybe_recompile pc=0x0000000002b07a90 method=com.android.dx.cf.code.BytecodeArray.parseInstruction(ILcom/android/dx/cf/code/BytecodeArray$Visitor;)I @ 1258
Event: 1.717 Thread 0x0000000017523800 Uncommon trap: reason=unreached action=reinterpret pc=0x0000000002834244 method=java.util.HashMap.getNode(ILjava/lang/Object;)Ljava/util/HashMap$Node; @ 84
Event: 1.718 Thread 0x0000000017523800 Uncommon trap: reason=unreached action=reinterpret pc=0x0000000002a8d960 method=java.util.HashMap.getNode(ILjava/lang/Object;)Ljava/util/HashMap$Node; @ 84
Event: 1.718 Thread 0x0000000017523800 Uncommon trap: reason=unreached action=reinterpret pc=0x0000000002a8ca60 method=java.util.HashMap.getNode(ILjava/lang/Object;)Ljava/util/HashMap$Node; @ 84
Event: 2.018 Thread 0x0000000016fe0000 Uncommon trap: reason=unreached action=reinterpret pc=0x0000000002b39758 method=com.android.dx.ssa.SCCP.simulateBranch(Lcom/android/dx/ssa/SsaInsn;)V @ 132
Event: 2.403 Thread 0x0000000017523800 Uncommon trap: reason=unreached action=reinterpret pc=0x0000000002b5f8c4 method=java.util.HashMap.putVal(ILjava/lang/Object;Ljava/lang/Object;ZZ)Ljava/lang/Object; @ 109
Event: 2.467 Thread 0x0000000016fe0000 Uncommon trap: reason=unreached action=reinterpret pc=0x000000000293815c method=com.android.dx.ssa.SsaMethod.updateOneDefinition(Lcom/android/dx/ssa/SsaInsn;Lcom/android/dx/rop/code/RegisterSpec;)V @ 4
Event: 2.871 Thread 0x0000000017262800 Uncommon trap: reason=bimorphic action=maybe_recompile pc=0x0000000002b7d738 method=com.android.dx.cf.code.BytecodeArray.parseInstruction(ILcom/android/dx/cf/code/BytecodeArray$Visitor;)I @ 1161
Event: 2.871 Thread 0x0000000017262800 Uncommon trap: reason=bimorphic action=maybe_recompile pc=0x0000000002b7d738 method=com.android.dx.cf.code.BytecodeArray.parseInstruction(ILcom/android/dx/cf/code/BytecodeArray$Visitor;)I @ 1161

Internal exceptions (10 events):
Event: 0.679 Thread 0x0000000016fe0000 Exception <a 'java/security/PrivilegedActionException'> (0x00000000ec1623c8) thrown at [D:\re\workspace\8-2-build-windows-amd64-cygwin\jdk8u20\1074\hotspot\src\share\vm\prims\jvm.cpp, line 1275]
Event: 0.891 Thread 0x0000000017262800 Exception <a 'java/security/PrivilegedActionException'> (0x00000000ec8dd560) thrown at [D:\re\workspace\8-2-build-windows-amd64-cygwin\jdk8u20\1074\hotspot\src\share\vm\prims\jvm.cpp, line 1275]
Event: 0.913 Thread 0x0000000016fe0000 Implicit null exception at 0x00000000027d16a2 to 0x00000000027d17a1
Event: 1.200 Thread 0x00000000172b2800 Exception <a 'java/security/PrivilegedActionException'> (0x00000000ebc7dc50) thrown at [D:\re\workspace\8-2-build-windows-amd64-cygwin\jdk8u20\1074\hotspot\src\share\vm\prims\jvm.cpp, line 1275]
Event: 1.524 Thread 0x0000000016fe0000 Implicit null exception at 0x00000000029e9253 to 0x00000000029e93bd
Event: 1.631 Thread 0x0000000000a0d800 Exception <a 'java/security/PrivilegedActionException'> (0x00000000eab1bf90) thrown at [D:\re\workspace\8-2-build-windows-amd64-cygwin\jdk8u20\1074\hotspot\src\share\vm\prims\jvm.cpp, line 1275]
Event: 1.715 Thread 0x0000000017523800 Exception <a 'java/lang/ArrayIndexOutOfBoundsException': 18> (0x00000000eb946b38) thrown at [D:\re\workspace\8-2-build-windows-amd64-cygwin\jdk8u20\1074\hotspot\src\share\vm\interpreter\interpreterRuntime.cpp, line 366]
Event: 1.715 Thread 0x0000000017523800 Exception <a 'java/lang/ArrayIndexOutOfBoundsException': 145> (0x00000000eb9485d0) thrown at [D:\re\workspace\8-2-build-windows-amd64-cygwin\jdk8u20\1074\hotspot\src\share\vm\interpreter\interpreterRuntime.cpp, line 366]
Event: 1.716 Thread 0x0000000017523800 Exception <a 'java/lang/ArrayIndexOutOfBoundsException'> (0x00000000eb9497e8) thrown at [D:\re\workspace\8-2-build-windows-amd64-cygwin\jdk8u20\1074\hotspot\src\share\vm\runtime\sharedRuntime.cpp, line 604]
Event: 2.466 Thread 0x0000000016fe0000 Exception <a 'java/security/PrivilegedActionException'> (0x00000000eca7d1f8) thrown at [D:\re\workspace\8-2-build-windows-amd64-cygwin\jdk8u20\1074\hotspot\src\share\vm\prims\jvm.cpp, line 1275]

Events (10 events):
Event: 3.822 Executing VM operation: ParallelGCFailedAllocation
Event: 3.859 Executing VM operation: ParallelGCFailedAllocation done
Event: 4.089 Executing VM operation: EnableBiasedLocking
Event: 4.091 Executing VM operation: EnableBiasedLocking done
Event: 4.153 Executing VM operation: ParallelGCFailedAllocation
Event: 4.199 Executing VM operation: ParallelGCFailedAllocation done
Event: 4.539 Executing VM operation: ParallelGCFailedAllocation
Event: 5.353 Executing VM operation: ParallelGCFailedAllocation done
Event: 5.381 Thread 0x00000000172b2800 DEOPT PACKING pc=0x0000000002aa6ad8 sp=0x000000001857e550
Event: 5.381 Thread 0x00000000172b2800 DEOPT UNPACKING pc=0x00000000024d75bf sp=0x000000001857e2d0 mode 0


Dynamic libraries:
0x00007ff761560000 - 0x00007ff761594000 	C:\Program Files\Java\jdk1.8.0_20\bin\java.exe
0x00007fff74ae0000 - 0x00007fff74ca1000 	C:\WINDOWS\SYSTEM32\ntdll.dll
0x00007fff74760000 - 0x00007fff7480d000 	C:\WINDOWS\system32\KERNEL32.DLL
0x00007fff71320000 - 0x00007fff71508000 	C:\WINDOWS\system32\KERNELBASE.dll
0x00007fff744f0000 - 0x00007fff74597000 	C:\WINDOWS\system32\ADVAPI32.dll
0x00007fff737e0000 - 0x00007fff7387d000 	C:\WINDOWS\system32\msvcrt.dll
0x00007fff74700000 - 0x00007fff7475b000 	C:\WINDOWS\system32\sechost.dll
0x00007fff736c0000 - 0x00007fff737dc000 	C:\WINDOWS\system32\RPCRT4.dll
0x00007fff745a0000 - 0x00007fff746f6000 	C:\WINDOWS\system32\USER32.dll
0x00007fff74950000 - 0x00007fff74ad6000 	C:\WINDOWS\system32\GDI32.dll
0x00007fff656f0000 - 0x00007fff65964000 	C:\WINDOWS\WinSxS\amd64_microsoft.windows.common-controls_6595b64144ccf1df_6.0.10586.0_none_8c15ae12515e1c22\COMCTL32.dll
0x00007fff73880000 - 0x00007fff73afd000 	C:\WINDOWS\system32\combase.dll
0x00007fff71170000 - 0x00007fff711da000 	C:\WINDOWS\system32\bcryptPrimitives.dll
0x00007fff73be0000 - 0x00007fff73c1b000 	C:\WINDOWS\system32\IMM32.DLL
0x000000006fe30000 - 0x000000006ff02000 	C:\Program Files\Java\jdk1.8.0_20\jre\bin\msvcr100.dll
0x000000006ec80000 - 0x000000006f4d8000 	C:\Program Files\Java\jdk1.8.0_20\jre\bin\server\jvm.dll
0x00007fff73620000 - 0x00007fff73628000 	C:\WINDOWS\system32\PSAPI.DLL
0x00007fff6f7e0000 - 0x00007fff6f803000 	C:\WINDOWS\SYSTEM32\WINMM.dll
0x00007fff66da0000 - 0x00007fff66da9000 	C:\WINDOWS\SYSTEM32\WSOCK32.dll
0x00007fff748e0000 - 0x00007fff7494b000 	C:\WINDOWS\system32\WS2_32.dll
0x00000000021e0000 - 0x000000000220c000 	C:\WINDOWS\SYSTEM32\WINMMBASE.dll
0x00007fff71530000 - 0x00007fff71573000 	C:\WINDOWS\system32\cfgmgr32.dll
0x0000000070390000 - 0x000000007039f000 	C:\Program Files\Java\jdk1.8.0_20\jre\bin\verify.dll
0x000000006fe00000 - 0x000000006fe28000 	C:\Program Files\Java\jdk1.8.0_20\jre\bin\java.dll
0x000000006ec60000 - 0x000000006ec76000 	C:\Program Files\Java\jdk1.8.0_20\jre\bin\zip.dll
0x00007fff720c0000 - 0x00007fff7361c000 	C:\WINDOWS\system32\SHELL32.dll
0x00007fff71750000 - 0x00007fff71d95000 	C:\WINDOWS\system32\windows.storage.dll
0x00007fff73660000 - 0x00007fff736b2000 	C:\WINDOWS\system32\shlwapi.dll
0x00007fff710e0000 - 0x00007fff710ef000 	C:\WINDOWS\system32\kernel.appcore.dll
0x00007fff71da0000 - 0x00007fff71e55000 	C:\WINDOWS\system32\shcore.dll
0x00007fff71120000 - 0x00007fff7116b000 	C:\WINDOWS\system32\powrprof.dll
0x00007fff71100000 - 0x00007fff71114000 	C:\WINDOWS\system32\profapi.dll
0x00007fff65a40000 - 0x00007fff65bcc000 	C:\WINDOWS\SYSTEM32\dbghelp.dll

VM Arguments:
jvm_args: -Djava.awt.headless=true -Xmx1024M -Dfile.encoding=windows-1252 -Duser.country=US -Duser.language=en -Duser.variant 
java_command: com.android.dx.command.Main --dex --num-threads=4 --multi-dex --main-dex-list C:\Users\admin\Documents\GitHub\ShaneelSD\SoftwareDesign\FindMeTutor\FindMeTutor\tutor_app\build\intermediates\multi-dex\debug\maindexlist.txt --output C:\Users\admin\Documents\GitHub\ShaneelSD\SoftwareDesign\FindMeTutor\FindMeTutor\tutor_app\build\intermediates\transforms\dex\debug\folders\1000\1f\main C:\Users\admin\Documents\GitHub\ShaneelSD\SoftwareDesign\FindMeTutor\FindMeTutor\tutor_app\build\intermediates\transforms\jarMerging\debug\jars\1\1f\combined.jar
java_class_path (initial): C:\Users\admin\AppData\Local\Android\sdk\build-tools\24.0.1\lib\dx.jar
Launcher Type: SUN_STANDARD

Environment Variables:
PATH=C:\ProgramData\Oracle\Java\javapath;C:\Program Files (x86)\Intel\iCLS Client\;C:\Program Files\Intel\iCLS Client\;C:\WINDOWS\system32;C:\WINDOWS;C:\WINDOWS\System32\Wbem;C:\WINDOWS\System32\WindowsPowerShell\v1.0\;C:\Program Files\Intel\Intel(R) Management Engine Components\DAL;C:\Program Files\Intel\Intel(R) Management Engine Components\IPT;C:\Program Files (x86)\Intel\Intel(R) Management Engine Components\DAL;C:\Program Files (x86)\Intel\Intel(R) Management Engine Components\IPT;C:\Program Files\WIDCOMM\Bluetooth Software\;C:\Program Files\WIDCOMM\Bluetooth Software\syswow64;C:\Program Files (x86)\Intel\OpenCL SDK\2.0\bin\x86;C:\Program Files (x86)\Intel\OpenCL SDK\2.0\bin\x64;C:\Program Files\Intel\WiFi\bin\;C:\Program Files\Common Files\Intel\WirelessCommon\;c:\Program Files (x86)\Microsoft SQL Server\100\Tools\Binn\;c:\Program Files\Microsoft SQL Server\100\Tools\Binn\;c:\Program Files\Microsoft SQL Server\100\DTS\Binn\;C:\Program Files (x86)\MySQL\MySQL Fabric 1.5.4 & MySQL Utilities 1.5.4 1.5\;C:\Program Files (x86)\MySQL\MySQL Fabric 1.5.4 & MySQL Utilities 1.5.4 1.5\Doctrine extensions for PHP\;C:\Program Files (x86)\Borland\Delphi7\Bin;C:\Program Files (x86)\Borland\Delphi7\Projects\Bpl;C:\Program Files (x86)\Borland\Delphi7\Rave5;C:\Program Files\Git\cmd;C:\Program Files\Intel\WiFi\bin\;C:\Program Files\Common Files\Intel\WirelessCommon\
USERNAME=admin
OS=Windows_NT
PROCESSOR_IDENTIFIER=Intel64 Family 6 Model 58 Stepping 9, GenuineIntel



---------------  S Y S T E M  ---------------

OS: Windows 8.1 , 64 bit Build 9600 

CPU:total 4 (2 cores per cpu, 2 threads per core) family 6 model 58 stepping 9, cmov, cx8, fxsr, mmx, sse, sse2, sse3, ssse3, sse4.1, sse4.2, popcnt, avx, aes, clmul, erms, ht, tsc, tscinvbit, tscinv

Memory: 4k page, physical 8258576k(1685064k free), swap 10306576k(10940k free)

vm_info: Java HotSpot(TM) 64-Bit Server VM (25.20-b23) for windows-amd64 JRE (1.8.0_20-b26), built on Jul 30 2014 13:51:23 by "java_re" with MS VC++ 10.0 (VS2010)

time: Fri Sep 23 12:15:49 2016
elapsed time: 5 seconds (0d 0h 0m 5s)

