#
# There is insufficient memory for the Java Runtime Environment to continue.
# Native memory allocation (malloc) failed to allocate 502736 bytes for Chunk::new
# Possible reasons:
#   The system is out of physical RAM or swap space
#   In 32 bit mode, the process size limit was hit
# Possible solutions:
#   Reduce memory load on the system
#   Increase physical memory or swap space
#   Check if swap backing store is full
#   Use 64 bit Java on a 64 bit OS
#   Decrease Java heap size (-Xmx/-Xms)
#   Decrease number of Java threads
#   Decrease Java thread stack sizes (-Xss)
#   Set larger code cache with -XX:ReservedCodeCacheSize=
# This output file may be truncated or incomplete.
#
#  Out of Memory Error (allocation.cpp:390), pid=4832, tid=8116
#
# JRE version: Java(TM) SE Runtime Environment (8.0_20-b26) (build 1.8.0_20-b26)
# Java VM: Java HotSpot(TM) 64-Bit Server VM (25.20-b23 mixed mode windows-amd64 compressed oops)
# Failed to write core dump. Minidumps are not enabled by default on client versions of Windows
#

---------------  T H R E A D  ---------------

Current thread (0x00000000149e2000):  JavaThread "C2 CompilerThread1" daemon [_thread_in_native, id=8116, stack(0x0000000015ff0000,0x00000000160f0000)]

Stack: [0x0000000015ff0000,0x00000000160f0000]
Native frames: (J=compiled Java code, j=interpreted, Vv=VM code, C=native code)
V  [jvm.dll+0x3152fa]


Current CompileTask:
C2:   5064 1286       4       com.android.dx.ssa.SsaMethod::forEachInsn (36 bytes)


---------------  P R O C E S S  ---------------

Java Threads: ( => current thread )
  0x00000000164b1800 JavaThread "pool-1-thread-4" [_thread_in_Java, id=12124, stack(0x0000000016bf0000,0x0000000016cf0000)]
  0x00000000164af000 JavaThread "pool-1-thread-2" [_thread_in_Java, id=12440, stack(0x00000000169f0000,0x0000000016af0000)]
  0x00000000164d0800 JavaThread "pool-2-thread-1" [_thread_blocked, id=10076, stack(0x00000000168f0000,0x00000000169f0000)]
  0x00000000149ec000 JavaThread "Service Thread" daemon [_thread_blocked, id=6684, stack(0x00000000161f0000,0x00000000162f0000)]
  0x00000000149e5000 JavaThread "C1 CompilerThread2" daemon [_thread_blocked, id=8720, stack(0x00000000160f0000,0x00000000161f0000)]
=>0x00000000149e2000 JavaThread "C2 CompilerThread1" daemon [_thread_in_native, id=8116, stack(0x0000000015ff0000,0x00000000160f0000)]
  0x000000001498e800 JavaThread "C2 CompilerThread0" daemon [_thread_in_native, id=2812, stack(0x0000000015ef0000,0x0000000015ff0000)]
  0x000000001498c800 JavaThread "Attach Listener" daemon [_thread_blocked, id=7240, stack(0x0000000015df0000,0x0000000015ef0000)]
  0x000000001498b000 JavaThread "Signal Dispatcher" daemon [_thread_blocked, id=11412, stack(0x0000000015cf0000,0x0000000015df0000)]
  0x00000000022af000 JavaThread "Finalizer" daemon [_thread_blocked, id=5856, stack(0x0000000015bf0000,0x0000000015cf0000)]
  0x0000000014958000 JavaThread "Reference Handler" daemon [_thread_blocked, id=3736, stack(0x0000000015af0000,0x0000000015bf0000)]
  0x000000000214d800 JavaThread "main" [_thread_blocked, id=13408, stack(0x0000000001fd0000,0x00000000020d0000)]

Other Threads:
  0x0000000014956000 VMThread [stack: 0x00000000159f0000,0x0000000015af0000] [id=13256]
  0x00000000162f0800 WatcherThread [stack: 0x00000000166f0000,0x00000000167f0000] [id=5888]

VM state:not at safepoint (normal execution)

VM Mutex/Monitor currently owned by a thread: None

Heap:
 PSYoungGen      total 38400K, used 28682K [0x00000000eab00000, 0x00000000ed580000, 0x0000000100000000)
  eden space 33280K, 86% used [0x00000000eab00000,0x00000000ec702810,0x00000000ecb80000)
  from space 5120K, 0% used [0x00000000ed080000,0x00000000ed080000,0x00000000ed580000)
  to   space 5120K, 0% used [0x00000000ecb80000,0x00000000ecb80000,0x00000000ed080000)
 ParOldGen       total 87552K, used 0K [0x00000000c0000000, 0x00000000c5580000, 0x00000000eab00000)
  object space 87552K, 0% used [0x00000000c0000000,0x00000000c0000000,0x00000000c5580000)
 Metaspace       used 5998K, capacity 6960K, committed 7040K, reserved 1056768K
  class space    used 590K, capacity 616K, committed 640K, reserved 1048576K

Card table byte_map: [0x0000000011680000,0x0000000011890000] byte_map_base: 0x0000000011080000

Marking Bits: (ParMarkBitMap*) 0x00000000546eb460
 Begin Bits: [0x0000000011df0000, 0x0000000012df0000)
 End Bits:   [0x0000000012df0000, 0x0000000013df0000)

Polling page: 0x00000000001f0000

CodeCache: size=245760Kb used=5141Kb max_used=5155Kb free=240618Kb
 bounds [0x00000000022c0000, 0x00000000027d0000, 0x00000000112c0000]
 total_blobs=1554 nmethods=1290 adapters=178
 compilation: enabled

Compilation events (10 events):
Event: 5.025 Thread 0x00000000149e5000 1290       3       com.android.dx.ssa.back.FirstFitLocalCombiningAllocator::handleNormalUnassociated (99 bytes)
Event: 5.026 Thread 0x00000000149e5000 nmethod 1290 0x00000000027c5b50 code [0x00000000027c5e00, 0x00000000027c71b8]
Event: 5.027 Thread 0x00000000149e5000 1291       3       com.android.dx.dex.cf.AttributeTranslator::getAnnotations (22 bytes)
Event: 5.027 Thread 0x00000000149e5000 nmethod 1291 0x00000000027c3950 code [0x00000000027c3b60, 0x00000000027c45e8]
Event: 5.027 Thread 0x00000000149e5000 1292       3       com.android.dx.dex.cf.AttributeTranslator::getAnnotations0 (62 bytes)
Event: 5.028 Thread 0x00000000149e5000 nmethod 1292 0x00000000027c7c50 code [0x00000000027c7ea0, 0x00000000027c8d38]
Event: 5.028 Thread 0x00000000149e5000 1293       3       com.android.dx.dex.cf.AttributeTranslator::getSignature (26 bytes)
Event: 5.029 Thread 0x00000000149e5000 nmethod 1293 0x00000000027af610 code [0x00000000027af7a0, 0x00000000027afb58]
Event: 5.030 Thread 0x000000001498e800 nmethod 1273 0x00000000027ccc90 code [0x00000000027cce60, 0x00000000027cdb58]
Event: 5.031 Thread 0x000000001498e800 1289       4       com.android.dx.rop.code.RopMethod::calcPredecessors (227 bytes)

GC Heap History (0 events):
No events

Deoptimization events (0 events):
No events

Internal exceptions (10 events):
Event: 3.289 Thread 0x00000000164af000 Exception <a 'java/security/PrivilegedActionException'> (0x00000000eb46cb00) thrown at [D:\re\workspace\8-2-build-windows-amd64-cygwin\jdk8u20\1074\hotspot\src\share\vm\prims\jvm.cpp, line 1275]
Event: 3.293 Thread 0x00000000164af000 Exception <a 'java/security/PrivilegedActionException'> (0x00000000eb479388) thrown at [D:\re\workspace\8-2-build-windows-amd64-cygwin\jdk8u20\1074\hotspot\src\share\vm\prims\jvm.cpp, line 1275]
Event: 3.293 Thread 0x00000000164af000 Exception <a 'java/security/PrivilegedActionException'> (0x00000000eb47f5f0) thrown at [D:\re\workspace\8-2-build-windows-amd64-cygwin\jdk8u20\1074\hotspot\src\share\vm\prims\jvm.cpp, line 1275]
Event: 3.295 Thread 0x00000000164af000 Exception <a 'java/security/PrivilegedActionException'> (0x00000000eb483ed0) thrown at [D:\re\workspace\8-2-build-windows-amd64-cygwin\jdk8u20\1074\hotspot\src\share\vm\prims\jvm.cpp, line 1275]
Event: 3.372 Thread 0x000000000214d800 Exception <a 'java/security/PrivilegedActionException'> (0x00000000eb7a5ba8) thrown at [D:\re\workspace\8-2-build-windows-amd64-cygwin\jdk8u20\1074\hotspot\src\share\vm\prims\jvm.cpp, line 1275]
Event: 3.943 Thread 0x00000000164d0000 Exception <a 'java/security/PrivilegedActionException'> (0x00000000eb850050) thrown at [D:\re\workspace\8-2-build-windows-amd64-cygwin\jdk8u20\1074\hotspot\src\share\vm\prims\jvm.cpp, line 1275]
Event: 3.968 Thread 0x00000000164d0000 Exception <a 'java/security/PrivilegedActionException'> (0x00000000eb8846a0) thrown at [D:\re\workspace\8-2-build-windows-amd64-cygwin\jdk8u20\1074\hotspot\src\share\vm\prims\jvm.cpp, line 1275]
Event: 3.996 Thread 0x00000000164d0000 Exception <a 'java/security/PrivilegedActionException'> (0x00000000eb8d5bc0) thrown at [D:\re\workspace\8-2-build-windows-amd64-cygwin\jdk8u20\1074\hotspot\src\share\vm\prims\jvm.cpp, line 1275]
Event: 4.291 Thread 0x000000000214d800 Exception <a 'java/security/PrivilegedActionException'> (0x00000000ebd78d30) thrown at [D:\re\workspace\8-2-build-windows-amd64-cygwin\jdk8u20\1074\hotspot\src\share\vm\prims\jvm.cpp, line 1275]
Event: 4.739 Thread 0x00000000164af000 Exception <a 'java/security/PrivilegedActionException'> (0x00000000ec093870) thrown at [D:\re\workspace\8-2-build-windows-amd64-cygwin\jdk8u20\1074\hotspot\src\share\vm\prims\jvm.cpp, line 1275]

Events (10 events):
Event: 4.567 Executing VM operation: Deoptimize
Event: 4.738 Executing VM operation: Deoptimize done
Event: 4.739 loading class com/android/dx/cf/code/SwitchList
Event: 4.739 loading class com/android/dx/cf/code/SwitchList done
Event: 5.024 loading class java/util/HashMap$KeySet
Event: 5.024 loading class java/util/HashMap$KeySet done
Event: 5.024 loading class java/util/HashMap$KeyIterator
Event: 5.024 loading class java/util/HashMap$KeyIterator done
Event: 5.025 Thread 0x00000000164b0000 Thread exited: 0x00000000164b0000
Event: 5.026 Thread 0x00000000164d0000 Thread exited: 0x00000000164d0000


Dynamic libraries:
0x00007ff668390000 - 0x00007ff6683c4000 	C:\Program Files\Java\jdk1.8.0_20\bin\java.exe
0x00007ff87a1c0000 - 0x00007ff87a381000 	C:\WINDOWS\SYSTEM32\ntdll.dll
0x00007ff878700000 - 0x00007ff8787ad000 	C:\WINDOWS\system32\KERNEL32.DLL
0x00007ff877160000 - 0x00007ff877348000 	C:\WINDOWS\system32\KERNELBASE.dll
0x00007ff877c00000 - 0x00007ff877ca7000 	C:\WINDOWS\system32\ADVAPI32.dll
0x00007ff8787b0000 - 0x00007ff87884d000 	C:\WINDOWS\system32\msvcrt.dll
0x00007ff878540000 - 0x00007ff87859b000 	C:\WINDOWS\system32\sechost.dll
0x00007ff877990000 - 0x00007ff877aac000 	C:\WINDOWS\system32\RPCRT4.dll
0x00007ff8785a0000 - 0x00007ff8786f6000 	C:\WINDOWS\system32\USER32.dll
0x00007ff87a020000 - 0x00007ff87a1a6000 	C:\WINDOWS\system32\GDI32.dll
0x00007ff869f30000 - 0x00007ff86a1a4000 	C:\WINDOWS\WinSxS\amd64_microsoft.windows.common-controls_6595b64144ccf1df_6.0.10586.0_none_8c15ae12515e1c22\COMCTL32.dll
0x00007ff877610000 - 0x00007ff87788d000 	C:\WINDOWS\system32\combase.dll
0x00007ff877400000 - 0x00007ff87746a000 	C:\WINDOWS\system32\bcryptPrimitives.dll
0x00007ff877e30000 - 0x00007ff877e6b000 	C:\WINDOWS\system32\IMM32.DLL
0x0000000054770000 - 0x0000000054842000 	C:\Program Files\Java\jdk1.8.0_20\jre\bin\msvcr100.dll
0x0000000053f10000 - 0x0000000054768000 	C:\Program Files\Java\jdk1.8.0_20\jre\bin\server\jvm.dll
0x00007ff877980000 - 0x00007ff877988000 	C:\WINDOWS\system32\PSAPI.DLL
0x00007ff86c970000 - 0x00007ff86c979000 	C:\WINDOWS\SYSTEM32\WSOCK32.dll
0x00007ff8775a0000 - 0x00007ff87760b000 	C:\WINDOWS\system32\WS2_32.dll
0x00007ff874fb0000 - 0x00007ff874fd3000 	C:\WINDOWS\SYSTEM32\WINMM.dll
0x00007ff874f50000 - 0x00007ff874f7c000 	C:\WINDOWS\SYSTEM32\WINMMBASE.dll
0x00007ff877490000 - 0x00007ff8774d3000 	C:\WINDOWS\system32\cfgmgr32.dll
0x0000000053f00000 - 0x0000000053f0f000 	C:\Program Files\Java\jdk1.8.0_20\jre\bin\verify.dll
0x0000000053ed0000 - 0x0000000053ef8000 	C:\Program Files\Java\jdk1.8.0_20\jre\bin\java.dll
0x0000000053eb0000 - 0x0000000053ec6000 	C:\Program Files\Java\jdk1.8.0_20\jre\bin\zip.dll
0x00007ff878900000 - 0x00007ff879e5c000 	C:\WINDOWS\system32\SHELL32.dll
0x00007ff876ab0000 - 0x00007ff8770f5000 	C:\WINDOWS\system32\windows.storage.dll
0x00007ff877fe0000 - 0x00007ff878032000 	C:\WINDOWS\system32\shlwapi.dll
0x00007ff876840000 - 0x00007ff87684f000 	C:\WINDOWS\system32\kernel.appcore.dll
0x00007ff8774e0000 - 0x00007ff877595000 	C:\WINDOWS\system32\shcore.dll
0x00007ff8767f0000 - 0x00007ff87683b000 	C:\WINDOWS\system32\powrprof.dll
0x00007ff8767c0000 - 0x00007ff8767d4000 	C:\WINDOWS\system32\profapi.dll
0x00007ff86ba30000 - 0x00007ff86bbbc000 	C:\WINDOWS\SYSTEM32\dbghelp.dll

VM Arguments:
jvm_args: -Djava.awt.headless=true -Xmx1024M -Dfile.encoding=windows-1252 -Duser.country=US -Duser.language=en -Duser.variant 
java_command: com.android.dx.command.Main --dex --num-threads=4 --output C:\Users\admin\Documents\GitHub\SoftwareDesign\FindMeTutor\FindMeTutor\tutor_app\build\intermediates\pre-dexed\debug\internal_impl-24.2.0_19bb85eee9eaaaa1de221b0cd0c9db24b10f73ed.jar C:\Users\admin\Documents\GitHub\SoftwareDesign\FindMeTutor\FindMeTutor\tutor_app\build\intermediates\exploded-aar\com.android.support\support-media-compat\24.2.0\jars\libs\internal_impl-24.2.0.jar
java_class_path (initial): C:\Users\admin\AppData\Local\Android\sdk\build-tools\24.0.1\lib\dx.jar
Launcher Type: SUN_STANDARD

Environment Variables:
PATH=C:\ProgramData\Oracle\Java\javapath;C:\Program Files (x86)\Intel\iCLS Client\;C:\Program Files\Intel\iCLS Client\;C:\WINDOWS\system32;C:\WINDOWS;C:\WINDOWS\System32\Wbem;C:\WINDOWS\System32\WindowsPowerShell\v1.0\;C:\Program Files\Intel\Intel(R) Management Engine Components\DAL;C:\Program Files\Intel\Intel(R) Management Engine Components\IPT;C:\Program Files (x86)\Intel\Intel(R) Management Engine Components\DAL;C:\Program Files (x86)\Intel\Intel(R) Management Engine Components\IPT;C:\Program Files\WIDCOMM\Bluetooth Software\;C:\Program Files\WIDCOMM\Bluetooth Software\syswow64;C:\Program Files (x86)\Intel\OpenCL SDK\2.0\bin\x86;C:\Program Files (x86)\Intel\OpenCL SDK\2.0\bin\x64;C:\Program Files\Intel\WiFi\bin\;C:\Program Files\Common Files\Intel\WirelessCommon\;c:\Program Files (x86)\Microsoft SQL Server\100\Tools\Binn\;c:\Program Files\Microsoft SQL Server\100\Tools\Binn\;c:\Program Files\Microsoft SQL Server\100\DTS\Binn\;C:\Program Files (x86)\MySQL\MySQL Fabric 1.5.4 & MySQL Utilities 1.5.4 1.5\;C:\Program Files (x86)\MySQL\MySQL Fabric 1.5.4 & MySQL Utilities 1.5.4 1.5\Doctrine extensions for PHP\;C:\Program Files (x86)\Borland\Delphi7\Bin;C:\Program Files (x86)\Borland\Delphi7\Projects\Bpl;C:\Program Files (x86)\Borland\Delphi7\Rave5;C:\Program Files\Git\cmd;C:\Program Files\Intel\WiFi\bin\;C:\Program Files\Common Files\Intel\WirelessCommon\
USERNAME=admin
OS=Windows_NT
PROCESSOR_IDENTIFIER=Intel64 Family 6 Model 58 Stepping 9, GenuineIntel



---------------  S Y S T E M  ---------------

OS: Windows 8.1 , 64 bit Build 9600 

CPU:total 4 (2 cores per cpu, 2 threads per core) family 6 model 58 stepping 9, cmov, cx8, fxsr, mmx, sse, sse2, sse3, ssse3, sse4.1, sse4.2, popcnt, avx, aes, clmul, erms, ht, tsc, tscinvbit, tscinv

Memory: 4k page, physical 8258576k(1812728k free), swap 10306576k(5140k free)

vm_info: Java HotSpot(TM) 64-Bit Server VM (25.20-b23) for windows-amd64 JRE (1.8.0_20-b26), built on Jul 30 2014 13:51:23 by "java_re" with MS VC++ 10.0 (VS2010)

time: Tue Sep 06 22:12:17 2016
elapsed time: 5 seconds (0d 0h 0m 5s)

