#
# There is insufficient memory for the Java Runtime Environment to continue.
# Native memory allocation (malloc) failed to allocate 1311216 bytes for Chunk::new
# Possible reasons:
#   The system is out of physical RAM or swap space
#   In 32 bit mode, the process size limit was hit
# Possible solutions:
#   Reduce memory load on the system
#   Increase physical memory or swap space
#   Check if swap backing store is full
#   Use 64 bit Java on a 64 bit OS
#   Decrease Java heap size (-Xmx/-Xms)
#   Decrease number of Java threads
#   Decrease Java thread stack sizes (-Xss)
#   Set larger code cache with -XX:ReservedCodeCacheSize=
# This output file may be truncated or incomplete.
#
#  Out of Memory Error (allocation.cpp:390), pid=7320, tid=10156
#
# JRE version: Java(TM) SE Runtime Environment (8.0_20-b26) (build 1.8.0_20-b26)
# Java VM: Java HotSpot(TM) 64-Bit Server VM (25.20-b23 mixed mode windows-amd64 compressed oops)
# Failed to write core dump. Minidumps are not enabled by default on client versions of Windows
#

---------------  T H R E A D  ---------------

Current thread (0x00000000149ad800):  JavaThread "C2 CompilerThread0" daemon [_thread_in_native, id=10156, stack(0x0000000015f20000,0x0000000016020000)]

Stack: [0x0000000015f20000,0x0000000016020000]
Native frames: (J=compiled Java code, j=interpreted, Vv=VM code, C=native code)
V  [jvm.dll+0x3152fa]
V  [jvm.dll+0x265d03]
V  [jvm.dll+0x266943]
V  [jvm.dll+0x25e265]
V  [jvm.dll+0xbe255]
V  [jvm.dll+0xbe6fc]
V  [jvm.dll+0x45c472]
V  [jvm.dll+0x49d76f]
V  [jvm.dll+0x451045]
V  [jvm.dll+0x452634]
V  [jvm.dll+0x435fc2]
V  [jvm.dll+0x97b62]
V  [jvm.dll+0x98353]
V  [jvm.dll+0x22aac4]
V  [jvm.dll+0x283f5a]
C  [msvcr100.dll+0x21d9f]
C  [msvcr100.dll+0x21e3b]
C  [KERNEL32.DLL+0x18102]
C  [ntdll.dll+0x5c5b4]


Current CompileTask:
C2:   3844 1486       4       com.android.dx.ssa.SsaRenamer$BlockRenamer::process (191 bytes)


---------------  P R O C E S S  ---------------

Java Threads: ( => current thread )
  0x0000000016694800 JavaThread "pool-1-thread-4" [_thread_in_Java, id=13448, stack(0x0000000016c20000,0x0000000016d20000)]
  0x000000001667f800 JavaThread "pool-1-thread-3" [_thread_in_Java, id=10304, stack(0x0000000016b20000,0x0000000016c20000)]
  0x000000001667e800 JavaThread "pool-1-thread-2" [_thread_in_Java, id=6948, stack(0x0000000016a20000,0x0000000016b20000)]
  0x000000001667b800 JavaThread "pool-2-thread-1" [_thread_blocked, id=10964, stack(0x0000000016920000,0x0000000016a20000)]
  0x0000000016673800 JavaThread "pool-1-thread-1" [_thread_in_Java, id=11768, stack(0x0000000016820000,0x0000000016920000)]
  0x0000000014a0b000 JavaThread "Service Thread" daemon [_thread_blocked, id=13132, stack(0x0000000016220000,0x0000000016320000)]
  0x0000000014a04000 JavaThread "C1 CompilerThread2" daemon [_thread_blocked, id=14236, stack(0x0000000016120000,0x0000000016220000)]
  0x00000000149b0000 JavaThread "C2 CompilerThread1" daemon [_thread_in_native, id=10524, stack(0x0000000016020000,0x0000000016120000)]
=>0x00000000149ad800 JavaThread "C2 CompilerThread0" daemon [_thread_in_native, id=10156, stack(0x0000000015f20000,0x0000000016020000)]
  0x00000000149ab800 JavaThread "Attach Listener" daemon [_thread_blocked, id=12672, stack(0x0000000015e20000,0x0000000015f20000)]
  0x00000000149aa800 JavaThread "Signal Dispatcher" daemon [_thread_blocked, id=5372, stack(0x0000000015d20000,0x0000000015e20000)]
  0x00000000022cf000 JavaThread "Finalizer" daemon [_thread_blocked, id=11788, stack(0x0000000015c20000,0x0000000015d20000)]
  0x0000000014978000 JavaThread "Reference Handler" daemon [_thread_blocked, id=5564, stack(0x0000000015b20000,0x0000000015c20000)]
  0x000000000070d800 JavaThread "main" [_thread_in_Java, id=13812, stack(0x0000000002010000,0x0000000002110000)]

Other Threads:
  0x0000000014976000 VMThread [stack: 0x0000000015a20000,0x0000000015b20000] [id=3544]
  0x0000000014a0e000 WatcherThread [stack: 0x0000000016320000,0x0000000016420000] [id=13624]

VM state:not at safepoint (normal execution)

VM Mutex/Monitor currently owned by a thread: None

Heap:
 PSYoungGen      total 38400K, used 20949K [0x00000000eab00000, 0x00000000ed580000, 0x0000000100000000)
  eden space 33280K, 47% used [0x00000000eab00000,0x00000000eba796d8,0x00000000ecb80000)
  from space 5120K, 99% used [0x00000000ecb80000,0x00000000ed07c088,0x00000000ed080000)
  to   space 5120K, 0% used [0x00000000ed080000,0x00000000ed080000,0x00000000ed580000)
 ParOldGen       total 87552K, used 1422K [0x00000000c0000000, 0x00000000c5580000, 0x00000000eab00000)
  object space 87552K, 1% used [0x00000000c0000000,0x00000000c0163b90,0x00000000c5580000)
 Metaspace       used 6219K, capacity 7128K, committed 7424K, reserved 1056768K
  class space    used 613K, capacity 656K, committed 768K, reserved 1048576K

Card table byte_map: [0x00000000116a0000,0x00000000118b0000] byte_map_base: 0x00000000110a0000

Marking Bits: (ParMarkBitMap*) 0x0000000070fdb460
 Begin Bits: [0x0000000011e10000, 0x0000000012e10000)
 End Bits:   [0x0000000012e10000, 0x0000000013e10000)

Polling page: 0x00000000001f0000

CodeCache: size=245760Kb used=6240Kb max_used=6240Kb free=239519Kb
 bounds [0x00000000022e0000, 0x0000000002900000, 0x00000000112e0000]
 total_blobs=1770 nmethods=1503 adapters=178
 compilation: enabled

Compilation events (10 events):
Event: 3.750 Thread 0x0000000014a04000 1507       3       com.android.dx.cf.code.Ropper::addSynchExceptionHandlerBlock (206 bytes)
Event: 3.754 Thread 0x0000000014a04000 nmethod 1507 0x00000000028e2250 code [0x00000000028e27c0, 0x00000000028e6378]
Event: 3.754 Thread 0x0000000014a04000 1505       3       com.android.dx.rop.code.Rops::opPutField (97 bytes)
Event: 3.755 Thread 0x0000000014a04000 nmethod 1505 0x00000000028e9010 code [0x00000000028e9240, 0x00000000028e9e78]
Event: 3.772 Thread 0x00000000149ad800 nmethod 1474 0x00000000028ed550 code [0x00000000028edac0, 0x00000000028efda0]
Event: 3.773 Thread 0x00000000149ad800 1486       4       com.android.dx.ssa.SsaRenamer$BlockRenamer::process (191 bytes)
Event: 3.782 Thread 0x0000000014a04000 1509       3       java.util.HashMap::putVal (300 bytes)
Event: 3.783 Thread 0x0000000014a04000 nmethod 1509 0x00000000028eb950 code [0x00000000028ebbc0, 0x00000000028ece78]
Event: 3.799 Thread 0x0000000014a04000 1511       3       com.android.dx.ssa.back.FirstFitLocalCombiningAllocator$Multiset::add (68 bytes)
Event: 3.799 Thread 0x0000000014a04000 nmethod 1511 0x00000000028eb250 code [0x00000000028eb3e0, 0x00000000028eb6d0]

GC Heap History (2 events):
Event: 2.986 GC heap before
{Heap before GC invocations=1 (full 0):
 PSYoungGen      total 38400K, used 33280K [0x00000000eab00000, 0x00000000ed580000, 0x0000000100000000)
  eden space 33280K, 100% used [0x00000000eab00000,0x00000000ecb80000,0x00000000ecb80000)
  from space 5120K, 0% used [0x00000000ed080000,0x00000000ed080000,0x00000000ed580000)
  to   space 5120K, 0% used [0x00000000ecb80000,0x00000000ecb80000,0x00000000ed080000)
 ParOldGen       total 87552K, used 0K [0x00000000c0000000, 0x00000000c5580000, 0x00000000eab00000)
  object space 87552K, 0% used [0x00000000c0000000,0x00000000c0000000,0x00000000c5580000)
 Metaspace       used 5992K, capacity 6960K, committed 7040K, reserved 1056768K
  class space    used 593K, capacity 616K, committed 640K, reserved 1048576K
Event: 3.293 GC heap after
Heap after GC invocations=1 (full 0):
 PSYoungGen      total 38400K, used 5104K [0x00000000eab00000, 0x00000000ed580000, 0x0000000100000000)
  eden space 33280K, 0% used [0x00000000eab00000,0x00000000eab00000,0x00000000ecb80000)
  from space 5120K, 99% used [0x00000000ecb80000,0x00000000ed07c088,0x00000000ed080000)
  to   space 5120K, 0% used [0x00000000ed080000,0x00000000ed080000,0x00000000ed580000)
 ParOldGen       total 87552K, used 1422K [0x00000000c0000000, 0x00000000c5580000, 0x00000000eab00000)
  object space 87552K, 1% used [0x00000000c0000000,0x00000000c0163b90,0x00000000c5580000)
 Metaspace       used 5992K, capacity 6960K, committed 7040K, reserved 1056768K
  class space    used 593K, capacity 616K, committed 640K, reserved 1048576K
}

Deoptimization events (10 events):
Event: 3.599 Thread 0x000000001667f800 Uncommon trap: reason=bimorphic action=maybe_recompile pc=0x0000000002511350 method=java.util.HashMap.getNode(ILjava/lang/Object;)Ljava/util/HashMap$Node; @ 126
Event: 3.599 Thread 0x000000001667f800 Uncommon trap: reason=bimorphic action=maybe_recompile pc=0x000000000283740c method=java.util.HashMap.putVal(ILjava/lang/Object;Ljava/lang/Object;ZZ)Ljava/lang/Object; @ 203
Event: 3.599 Thread 0x000000001667f800 Uncommon trap: reason=bimorphic action=maybe_recompile pc=0x0000000002511350 method=java.util.HashMap.getNode(ILjava/lang/Object;)Ljava/util/HashMap$Node; @ 126
Event: 3.599 Thread 0x000000001667f800 Uncommon trap: reason=bimorphic action=maybe_recompile pc=0x000000000283740c method=java.util.HashMap.putVal(ILjava/lang/Object;Ljava/lang/Object;ZZ)Ljava/lang/Object; @ 203
Event: 3.599 Thread 0x000000001667f800 Uncommon trap: reason=bimorphic action=maybe_recompile pc=0x0000000002511350 method=java.util.HashMap.getNode(ILjava/lang/Object;)Ljava/util/HashMap$Node; @ 126
Event: 3.599 Thread 0x000000001667f800 Uncommon trap: reason=bimorphic action=maybe_recompile pc=0x000000000283740c method=java.util.HashMap.putVal(ILjava/lang/Object;Ljava/lang/Object;ZZ)Ljava/lang/Object; @ 203
Event: 3.722 Thread 0x0000000016673800 Uncommon trap: reason=unreached action=reinterpret pc=0x000000000261ee1c method=java.util.HashMap.getNode(ILjava/lang/Object;)Ljava/util/HashMap$Node; @ 84
Event: 3.724 Thread 0x0000000016673800 Uncommon trap: reason=unreached action=reinterpret pc=0x00000000028a75ac method=java.util.HashMap.getNode(ILjava/lang/Object;)Ljava/util/HashMap$Node; @ 84
Event: 3.739 Thread 0x0000000016673800 Uncommon trap: reason=unreached action=reinterpret pc=0x00000000028373b4 method=java.util.HashMap.putVal(ILjava/lang/Object;Ljava/lang/Object;ZZ)Ljava/lang/Object; @ 109
Event: 3.795 Thread 0x000000001667e800 Uncommon trap: reason=bimorphic action=maybe_recompile pc=0x0000000002527ee8 method=java.util.HashMap.getNode(ILjava/lang/Object;)Ljava/util/HashMap$Node; @ 126

Internal exceptions (10 events):
Event: 1.405 Thread 0x000000001667f800 Exception <a 'java/security/PrivilegedActionException'> (0x00000000eb640ba8) thrown at [D:\re\workspace\8-2-build-windows-amd64-cygwin\jdk8u20\1074\hotspot\src\share\vm\prims\jvm.cpp, line 1275]
Event: 1.434 Thread 0x000000000070d800 Exception <a 'java/security/PrivilegedActionException'> (0x00000000eb606740) thrown at [D:\re\workspace\8-2-build-windows-amd64-cygwin\jdk8u20\1074\hotspot\src\share\vm\prims\jvm.cpp, line 1275]
Event: 1.467 Thread 0x0000000016673800 Exception <a 'java/security/PrivilegedActionException'> (0x00000000eb718958) thrown at [D:\re\workspace\8-2-build-windows-amd64-cygwin\jdk8u20\1074\hotspot\src\share\vm\prims\jvm.cpp, line 1275]
Event: 1.517 Thread 0x0000000016694800 Exception <a 'java/security/PrivilegedActionException'> (0x00000000eba23668) thrown at [D:\re\workspace\8-2-build-windows-amd64-cygwin\jdk8u20\1074\hotspot\src\share\vm\prims\jvm.cpp, line 1275]
Event: 1.759 Thread 0x000000000070d800 Exception <a 'java/security/PrivilegedActionException'> (0x00000000ebcb3990) thrown at [D:\re\workspace\8-2-build-windows-amd64-cygwin\jdk8u20\1074\hotspot\src\share\vm\prims\jvm.cpp, line 1275]
Event: 2.094 Thread 0x0000000016694800 Exception <a 'java/security/PrivilegedActionException'> (0x00000000ebf1e9a0) thrown at [D:\re\workspace\8-2-build-windows-amd64-cygwin\jdk8u20\1074\hotspot\src\share\vm\prims\jvm.cpp, line 1275]
Event: 2.271 Thread 0x000000000070d800 Exception <a 'java/security/PrivilegedActionException'> (0x00000000ec37d4c8) thrown at [D:\re\workspace\8-2-build-windows-amd64-cygwin\jdk8u20\1074\hotspot\src\share\vm\prims\jvm.cpp, line 1275]
Event: 3.717 Thread 0x0000000016673800 Exception <a 'java/lang/ArrayIndexOutOfBoundsException': 18> (0x00000000eb780dc0) thrown at [D:\re\workspace\8-2-build-windows-amd64-cygwin\jdk8u20\1074\hotspot\src\share\vm\interpreter\interpreterRuntime.cpp, line 366]
Event: 3.717 Thread 0x0000000016673800 Exception <a 'java/lang/ArrayIndexOutOfBoundsException'> (0x00000000eb782858) thrown at [D:\re\workspace\8-2-build-windows-amd64-cygwin\jdk8u20\1074\hotspot\src\share\vm\runtime\sharedRuntime.cpp, line 604]
Event: 3.718 Thread 0x0000000016673800 Exception <a 'java/lang/ArrayIndexOutOfBoundsException'> (0x00000000eb783a70) thrown at [D:\re\workspace\8-2-build-windows-amd64-cygwin\jdk8u20\1074\hotspot\src\share\vm\runtime\sharedRuntime.cpp, line 604]

Events (10 events):
Event: 3.722 Thread 0x0000000016673800 DEOPT UNPACKING pc=0x000000000232556a sp=0x000000001691deb0 mode 2
Event: 3.724 Thread 0x0000000016673800 Uncommon trap: trap_request=0xffffffad fr.pc=0x00000000028a75ac
Event: 3.724 Thread 0x0000000016673800 DEOPT PACKING pc=0x00000000028a75ac sp=0x000000001691e7e0
Event: 3.724 Thread 0x0000000016673800 DEOPT UNPACKING pc=0x000000000232556a sp=0x000000001691e758 mode 2
Event: 3.739 Thread 0x0000000016673800 Uncommon trap: trap_request=0xffffffad fr.pc=0x00000000028373b4
Event: 3.739 Thread 0x0000000016673800 DEOPT PACKING pc=0x00000000028373b4 sp=0x000000001691e7b0
Event: 3.739 Thread 0x0000000016673800 DEOPT UNPACKING pc=0x000000000232556a sp=0x000000001691e730 mode 2
Event: 3.795 Thread 0x000000001667e800 Uncommon trap: trap_request=0xffffffc6 fr.pc=0x0000000002527ee8
Event: 3.795 Thread 0x000000001667e800 DEOPT PACKING pc=0x0000000002527ee8 sp=0x0000000016b1e690
Event: 3.795 Thread 0x000000001667e800 DEOPT UNPACKING pc=0x000000000232556a sp=0x0000000016b1e598 mode 2


Dynamic libraries:
0x00007ff684e90000 - 0x00007ff684ec4000 	C:\Program Files\Java\jdk1.8.0_20\bin\java.exe
0x00007ffb659a0000 - 0x00007ffb65b61000 	C:\WINDOWS\SYSTEM32\ntdll.dll
0x00007ffb633d0000 - 0x00007ffb6347d000 	C:\WINDOWS\system32\KERNEL32.DLL
0x00007ffb626f0000 - 0x00007ffb628d8000 	C:\WINDOWS\system32\KERNELBASE.dll
0x00007ffb658f0000 - 0x00007ffb65997000 	C:\WINDOWS\system32\ADVAPI32.dll
0x00007ffb65420000 - 0x00007ffb654bd000 	C:\WINDOWS\system32\msvcrt.dll
0x00007ffb62d80000 - 0x00007ffb62ddb000 	C:\WINDOWS\system32\sechost.dll
0x00007ffb63750000 - 0x00007ffb6386c000 	C:\WINDOWS\system32\RPCRT4.dll
0x00007ffb652c0000 - 0x00007ffb65416000 	C:\WINDOWS\system32\USER32.dll
0x00007ffb63550000 - 0x00007ffb636d6000 	C:\WINDOWS\system32\GDI32.dll
0x00007ffb57250000 - 0x00007ffb574c4000 	C:\WINDOWS\WinSxS\amd64_microsoft.windows.common-controls_6595b64144ccf1df_6.0.10586.0_none_8c15ae12515e1c22\COMCTL32.dll
0x00007ffb65040000 - 0x00007ffb652bd000 	C:\WINDOWS\system32\combase.dll
0x00007ffb62680000 - 0x00007ffb626ea000 	C:\WINDOWS\system32\bcryptPrimitives.dll
0x00007ffb63870000 - 0x00007ffb638ab000 	C:\WINDOWS\system32\IMM32.DLL
0x0000000071060000 - 0x0000000071132000 	C:\Program Files\Java\jdk1.8.0_20\jre\bin\msvcr100.dll
0x0000000070800000 - 0x0000000071058000 	C:\Program Files\Java\jdk1.8.0_20\jre\bin\server\jvm.dll
0x00007ffb64f70000 - 0x00007ffb64f78000 	C:\WINDOWS\system32\PSAPI.DLL
0x00007ffb58000000 - 0x00007ffb58009000 	C:\WINDOWS\SYSTEM32\WSOCK32.dll
0x00007ffb631e0000 - 0x00007ffb6324b000 	C:\WINDOWS\system32\WS2_32.dll
0x00007ffb60720000 - 0x00007ffb60743000 	C:\WINDOWS\SYSTEM32\WINMM.dll
0x00007ffb60670000 - 0x00007ffb6069c000 	C:\WINDOWS\SYSTEM32\WINMMBASE.dll
0x00007ffb62d10000 - 0x00007ffb62d53000 	C:\WINDOWS\system32\cfgmgr32.dll
0x00000000707f0000 - 0x00000000707ff000 	C:\Program Files\Java\jdk1.8.0_20\jre\bin\verify.dll
0x00000000707c0000 - 0x00000000707e8000 	C:\Program Files\Java\jdk1.8.0_20\jre\bin\java.dll
0x00000000707a0000 - 0x00000000707b6000 	C:\Program Files\Java\jdk1.8.0_20\jre\bin\zip.dll
0x00007ffb638b0000 - 0x00007ffb64e0c000 	C:\WINDOWS\system32\SHELL32.dll
0x00007ffb62030000 - 0x00007ffb62675000 	C:\WINDOWS\system32\windows.storage.dll
0x00007ffb64f80000 - 0x00007ffb64fd2000 	C:\WINDOWS\system32\shlwapi.dll
0x00007ffb61fc0000 - 0x00007ffb61fcf000 	C:\WINDOWS\system32\kernel.appcore.dll
0x00007ffb62ba0000 - 0x00007ffb62c55000 	C:\WINDOWS\system32\shcore.dll
0x00007ffb61fe0000 - 0x00007ffb6202b000 	C:\WINDOWS\system32\powrprof.dll
0x00007ffb61fa0000 - 0x00007ffb61fb4000 	C:\WINDOWS\system32\profapi.dll
0x00007ffb555c0000 - 0x00007ffb5574c000 	C:\WINDOWS\SYSTEM32\dbghelp.dll

VM Arguments:
jvm_args: -Djava.awt.headless=true -Xmx1024M -Dfile.encoding=windows-1252 -Duser.country=US -Duser.language=en -Duser.variant 
java_command: com.android.dx.command.Main --dex --num-threads=4 --output C:\Users\admin\Documents\GitHub\ShaneelSD\SoftwareDesign\FindMeTutor\FindMeTutor\tutor_app\build\intermediates\pre-dexed\debug\com.android.support-support-core-ui-24.2.0_cff313870189e2b3e5904ee975ad4dda828735a7.jar C:\Users\admin\Documents\GitHub\ShaneelSD\SoftwareDesign\FindMeTutor\FindMeTutor\tutor_app\build\intermediates\exploded-aar\com.android.support\support-core-ui\24.2.0\jars\classes.jar
java_class_path (initial): C:\Users\admin\AppData\Local\Android\sdk\build-tools\24.0.1\lib\dx.jar
Launcher Type: SUN_STANDARD

Environment Variables:
PATH=C:\ProgramData\Oracle\Java\javapath;C:\Program Files (x86)\Intel\iCLS Client\;C:\Program Files\Intel\iCLS Client\;C:\WINDOWS\system32;C:\WINDOWS;C:\WINDOWS\System32\Wbem;C:\WINDOWS\System32\WindowsPowerShell\v1.0\;C:\Program Files\Intel\Intel(R) Management Engine Components\DAL;C:\Program Files\Intel\Intel(R) Management Engine Components\IPT;C:\Program Files (x86)\Intel\Intel(R) Management Engine Components\DAL;C:\Program Files (x86)\Intel\Intel(R) Management Engine Components\IPT;C:\Program Files\WIDCOMM\Bluetooth Software\;C:\Program Files\WIDCOMM\Bluetooth Software\syswow64;C:\Program Files (x86)\Intel\OpenCL SDK\2.0\bin\x86;C:\Program Files (x86)\Intel\OpenCL SDK\2.0\bin\x64;C:\Program Files\Intel\WiFi\bin\;C:\Program Files\Common Files\Intel\WirelessCommon\;c:\Program Files (x86)\Microsoft SQL Server\100\Tools\Binn\;c:\Program Files\Microsoft SQL Server\100\Tools\Binn\;c:\Program Files\Microsoft SQL Server\100\DTS\Binn\;C:\Program Files (x86)\MySQL\MySQL Fabric 1.5.4 & MySQL Utilities 1.5.4 1.5\;C:\Program Files (x86)\MySQL\MySQL Fabric 1.5.4 & MySQL Utilities 1.5.4 1.5\Doctrine extensions for PHP\;C:\Program Files (x86)\Borland\Delphi7\Bin;C:\Program Files (x86)\Borland\Delphi7\Projects\Bpl;C:\Program Files (x86)\Borland\Delphi7\Rave5;C:\Program Files\Git\cmd;C:\Program Files\Intel\WiFi\bin\;C:\Program Files\Common Files\Intel\WirelessCommon\
USERNAME=admin
OS=Windows_NT
PROCESSOR_IDENTIFIER=Intel64 Family 6 Model 58 Stepping 9, GenuineIntel



---------------  S Y S T E M  ---------------

OS: Windows 8.1 , 64 bit Build 9600 

CPU:total 4 (2 cores per cpu, 2 threads per core) family 6 model 58 stepping 9, cmov, cx8, fxsr, mmx, sse, sse2, sse3, ssse3, sse4.1, sse4.2, popcnt, avx, aes, clmul, erms, ht, tsc, tscinvbit, tscinv

Memory: 4k page, physical 8258576k(1993784k free), swap 10306576k(10760k free)

vm_info: Java HotSpot(TM) 64-Bit Server VM (25.20-b23) for windows-amd64 JRE (1.8.0_20-b26), built on Jul 30 2014 13:51:23 by "java_re" with MS VC++ 10.0 (VS2010)

time: Thu Sep 08 19:45:09 2016
elapsed time: 3 seconds (0d 0h 0m 3s)

