#
# There is insufficient memory for the Java Runtime Environment to continue.
# Native memory allocation (malloc) failed to allocate 71696 bytes for Chunk::new
# Possible reasons:
#   The system is out of physical RAM or swap space
#   In 32 bit mode, the process size limit was hit
# Possible solutions:
#   Reduce memory load on the system
#   Increase physical memory or swap space
#   Check if swap backing store is full
#   Use 64 bit Java on a 64 bit OS
#   Decrease Java heap size (-Xmx/-Xms)
#   Decrease number of Java threads
#   Decrease Java thread stack sizes (-Xss)
#   Set larger code cache with -XX:ReservedCodeCacheSize=
# This output file may be truncated or incomplete.
#
#  Out of Memory Error (allocation.cpp:390), pid=13392, tid=5852
#
# JRE version: Java(TM) SE Runtime Environment (8.0_20-b26) (build 1.8.0_20-b26)
# Java VM: Java HotSpot(TM) 64-Bit Server VM (25.20-b23 mixed mode windows-amd64 compressed oops)
# Failed to write core dump. Minidumps are not enabled by default on client versions of Windows
#

---------------  T H R E A D  ---------------

Current thread (0x00000000149bd800):  JavaThread "C2 CompilerThread0" daemon [_thread_in_native, id=5852, stack(0x0000000015f10000,0x0000000016010000)]

Stack: [0x0000000015f10000,0x0000000016010000]
Native frames: (J=compiled Java code, j=interpreted, Vv=VM code, C=native code)
V  [jvm.dll+0x3152fa]
V  [jvm.dll+0x265d03]
V  [jvm.dll+0x266943]
V  [jvm.dll+0x25e265]
V  [jvm.dll+0xbe255]
V  [jvm.dll+0xbe6fc]
V  [jvm.dll+0x477e87]
V  [jvm.dll+0x445170]
V  [jvm.dll+0x4500de]
V  [jvm.dll+0x4526c8]
V  [jvm.dll+0x435fc2]
V  [jvm.dll+0x97b62]
V  [jvm.dll+0x98353]
V  [jvm.dll+0x22aac4]
V  [jvm.dll+0x283f5a]
C  [msvcr100.dll+0x21d9f]
C  [msvcr100.dll+0x21e3b]
C  [KERNEL32.DLL+0x18102]
C  [ntdll.dll+0x5c5b4]


Current CompileTask:
C2:   3888 1276       4       com.android.dx.ssa.SsaMethod$2::addToUses (48 bytes)


---------------  P R O C E S S  ---------------

Java Threads: ( => current thread )
  0x0000000016693800 JavaThread "pool-1-thread-4" [_thread_in_vm, id=11076, stack(0x0000000016c10000,0x0000000016d10000)]
  0x0000000016693000 JavaThread "pool-1-thread-3" [_thread_in_vm, id=13476, stack(0x0000000016b10000,0x0000000016c10000)]
  0x0000000016672800 JavaThread "pool-1-thread-2" [_thread_in_vm, id=12180, stack(0x0000000016a10000,0x0000000016b10000)]
  0x0000000016555800 JavaThread "pool-2-thread-1" [_thread_blocked, id=11776, stack(0x0000000016910000,0x0000000016a10000)]
  0x000000001654d800 JavaThread "pool-1-thread-1" [_thread_in_Java, id=9148, stack(0x0000000016810000,0x0000000016910000)]
  0x0000000014a1b000 JavaThread "Service Thread" daemon [_thread_blocked, id=11788, stack(0x0000000016210000,0x0000000016310000)]
  0x0000000014a14000 JavaThread "C1 CompilerThread2" daemon [_thread_blocked, id=12864, stack(0x0000000016110000,0x0000000016210000)]
  0x0000000014a0e000 JavaThread "C2 CompilerThread1" daemon [_thread_blocked, id=11508, stack(0x0000000016010000,0x0000000016110000)]
=>0x00000000149bd800 JavaThread "C2 CompilerThread0" daemon [_thread_in_native, id=5852, stack(0x0000000015f10000,0x0000000016010000)]
  0x00000000149bb800 JavaThread "Attach Listener" daemon [_thread_blocked, id=11172, stack(0x0000000015e10000,0x0000000015f10000)]
  0x00000000149ba000 JavaThread "Signal Dispatcher" daemon [_thread_blocked, id=10584, stack(0x0000000015d10000,0x0000000015e10000)]
  0x00000000022df000 JavaThread "Finalizer" daemon [_thread_blocked, id=12088, stack(0x0000000015c10000,0x0000000015d10000)]
  0x0000000014988000 JavaThread "Reference Handler" daemon [_thread_blocked, id=3544, stack(0x0000000015b10000,0x0000000015c10000)]
  0x000000000206d800 JavaThread "main" [_thread_in_vm, id=6112, stack(0x00000000020f0000,0x00000000021f0000)]

Other Threads:
  0x0000000014986000 VMThread [stack: 0x0000000015a10000,0x0000000015b10000] [id=13828]
  0x0000000014a1e000 WatcherThread [stack: 0x0000000016310000,0x0000000016410000] [id=7008]

VM state:synchronizing (normal execution)

VM Mutex/Monitor currently owned by a thread:  ([mutex/lock_event])
[0x000000000206cde0] Safepoint_lock - owner thread: 0x0000000014986000
[0x000000000206cee0] Threads_lock - owner thread: 0x0000000014986000
[0x000000000206d260] Heap_lock - owner thread: 0x000000000206d800

Heap:
 PSYoungGen      total 38400K, used 33280K [0x00000000eab00000, 0x00000000ed580000, 0x0000000100000000)
  eden space 33280K, 100% used [0x00000000eab00000,0x00000000ecb80000,0x00000000ecb80000)
  from space 5120K, 0% used [0x00000000ed080000,0x00000000ed080000,0x00000000ed580000)
  to   space 5120K, 0% used [0x00000000ecb80000,0x00000000ecb80000,0x00000000ed080000)
 ParOldGen       total 87552K, used 0K [0x00000000c0000000, 0x00000000c5580000, 0x00000000eab00000)
  object space 87552K, 0% used [0x00000000c0000000,0x00000000c0000000,0x00000000c5580000)
 Metaspace       used 5999K, capacity 6960K, committed 7040K, reserved 1056768K
  class space    used 591K, capacity 616K, committed 640K, reserved 1048576K

Card table byte_map: [0x00000000116b0000,0x00000000118c0000] byte_map_base: 0x00000000110b0000

Marking Bits: (ParMarkBitMap*) 0x0000000070fdb460
 Begin Bits: [0x0000000011e20000, 0x0000000012e20000)
 End Bits:   [0x0000000012e20000, 0x0000000013e20000)

Polling page: 0x00000000001f0000

CodeCache: size=245760Kb used=5368Kb max_used=5368Kb free=240391Kb
 bounds [0x00000000022f0000, 0x0000000002840000, 0x00000000112f0000]
 total_blobs=1581 nmethods=1317 adapters=178
 compilation: enabled

Compilation events (10 events):
Event: 3.846 Thread 0x0000000014a14000 1327       3       com.android.dx.cf.code.RopperMachine::<init> (134 bytes)
Event: 3.846 Thread 0x0000000014a14000 nmethod 1327 0x000000000282ff90 code [0x0000000002830180, 0x0000000002830ab8]
Event: 3.846 Thread 0x0000000014a14000 1332       1       com.android.dx.dex.file.StringIdItem::getValue (5 bytes)
Event: 3.847 Thread 0x0000000014a14000 nmethod 1332 0x0000000002830e10 code [0x0000000002830f60, 0x0000000002831070]
Event: 3.847 Thread 0x0000000014a14000 1330       1       com.android.dx.dex.file.DexFile::getStringIds (5 bytes)
Event: 3.847 Thread 0x0000000014a14000 nmethod 1330 0x00000000028310d0 code [0x0000000002831220, 0x0000000002831330]
Event: 3.847 Thread 0x0000000014a14000 1328       1       java.util.HashMap$Node::getValue (5 bytes)
Event: 3.847 Thread 0x0000000014a14000 nmethod 1328 0x0000000002831390 code [0x00000000028314e0, 0x00000000028315f0]
Event: 3.848 Thread 0x0000000014a14000 1333       3       java.util.concurrent.ThreadPoolExecutor::isRunning (10 bytes)
Event: 3.848 Thread 0x0000000014a14000 nmethod 1333 0x0000000002831650 code [0x00000000028317a0, 0x0000000002831930]

GC Heap History (0 events):
No events

Deoptimization events (10 events):
Event: 3.106 Thread 0x0000000016672800 Uncommon trap: reason=class_check action=maybe_recompile pc=0x00000000025fd85c method=com.android.dx.rop.type.Type.equals(Ljava/lang/Object;)Z @ 8
Event: 3.106 Thread 0x0000000016672800 Uncommon trap: reason=class_check action=maybe_recompile pc=0x00000000025fd85c method=com.android.dx.rop.type.Type.equals(Ljava/lang/Object;)Z @ 8
Event: 3.108 Thread 0x0000000016672800 Uncommon trap: reason=class_check action=maybe_recompile pc=0x0000000002565d6c method=com.android.dx.rop.type.Type.equals(Ljava/lang/Object;)Z @ 8
Event: 3.137 Thread 0x0000000016672800 Uncommon trap: reason=class_check action=maybe_recompile pc=0x0000000002656f20 method=com.android.dx.rop.type.Type.equals(Ljava/lang/Object;)Z @ 8
Event: 3.153 Thread 0x0000000016672800 Uncommon trap: reason=class_check action=maybe_recompile pc=0x00000000025fd85c method=com.android.dx.rop.type.Type.equals(Ljava/lang/Object;)Z @ 8
Event: 3.504 Thread 0x0000000016672800 Uncommon trap: reason=class_check action=maybe_recompile pc=0x000000000251814c method=com.android.dx.ssa.NormalSsaInsn.accept(Lcom/android/dx/ssa/SsaInsn$Visitor;)V @ 9
Event: 3.504 Thread 0x0000000016672800 Uncommon trap: reason=class_check action=maybe_recompile pc=0x000000000251814c method=com.android.dx.ssa.NormalSsaInsn.accept(Lcom/android/dx/ssa/SsaInsn$Visitor;)V @ 9
Event: 3.504 Thread 0x0000000016672800 Uncommon trap: reason=class_check action=maybe_recompile pc=0x000000000251814c method=com.android.dx.ssa.NormalSsaInsn.accept(Lcom/android/dx/ssa/SsaInsn$Visitor;)V @ 9
Event: 3.504 Thread 0x0000000016672800 Uncommon trap: reason=class_check action=maybe_recompile pc=0x000000000251814c method=com.android.dx.ssa.NormalSsaInsn.accept(Lcom/android/dx/ssa/SsaInsn$Visitor;)V @ 9
Event: 3.504 Thread 0x0000000016672800 Uncommon trap: reason=class_check action=maybe_recompile pc=0x00000000025166b0 method=com.android.dx.ssa.NormalSsaInsn.accept(Lcom/android/dx/ssa/SsaInsn$Visitor;)V @ 9

Internal exceptions (10 events):
Event: 2.616 Thread 0x000000000206d800 Exception <a 'java/security/PrivilegedActionException'> (0x00000000ebafdb98) thrown at [D:\re\workspace\8-2-build-windows-amd64-cygwin\jdk8u20\1074\hotspot\src\share\vm\prims\jvm.cpp, line 1275]
Event: 2.616 Thread 0x000000000206d800 Exception <a 'java/security/PrivilegedActionException'> (0x00000000ebb000f8) thrown at [D:\re\workspace\8-2-build-windows-amd64-cygwin\jdk8u20\1074\hotspot\src\share\vm\prims\jvm.cpp, line 1275]
Event: 2.627 Thread 0x000000000206d800 Exception <a 'java/security/PrivilegedActionException'> (0x00000000ebb37750) thrown at [D:\re\workspace\8-2-build-windows-amd64-cygwin\jdk8u20\1074\hotspot\src\share\vm\prims\jvm.cpp, line 1275]
Event: 2.653 Thread 0x000000000206d800 Exception <a 'java/security/PrivilegedActionException'> (0x00000000ebc42358) thrown at [D:\re\workspace\8-2-build-windows-amd64-cygwin\jdk8u20\1074\hotspot\src\share\vm\prims\jvm.cpp, line 1275]
Event: 2.736 Thread 0x0000000016672800 Exception <a 'java/security/PrivilegedActionException'> (0x00000000ebce1ad8) thrown at [D:\re\workspace\8-2-build-windows-amd64-cygwin\jdk8u20\1074\hotspot\src\share\vm\prims\jvm.cpp, line 1275]
Event: 3.525 Thread 0x000000001654d800 Exception <a 'java/security/PrivilegedActionException'> (0x00000000eba8fdb8) thrown at [D:\re\workspace\8-2-build-windows-amd64-cygwin\jdk8u20\1074\hotspot\src\share\vm\prims\jvm.cpp, line 1275]
Event: 3.565 Thread 0x000000000206d800 Exception <a 'java/security/PrivilegedActionException'> (0x00000000ec49fe00) thrown at [D:\re\workspace\8-2-build-windows-amd64-cygwin\jdk8u20\1074\hotspot\src\share\vm\prims\jvm.cpp, line 1275]
Event: 3.775 Thread 0x0000000016693000 Exception <a 'java/security/PrivilegedActionException'> (0x00000000ec7d8c30) thrown at [D:\re\workspace\8-2-build-windows-amd64-cygwin\jdk8u20\1074\hotspot\src\share\vm\prims\jvm.cpp, line 1275]
Event: 3.776 Thread 0x0000000016693000 Exception <a 'java/security/PrivilegedActionException'> (0x00000000ec7de620) thrown at [D:\re\workspace\8-2-build-windows-amd64-cygwin\jdk8u20\1074\hotspot\src\share\vm\prims\jvm.cpp, line 1275]
Event: 3.777 Thread 0x0000000016693000 Exception <a 'java/security/PrivilegedActionException'> (0x00000000ec7e3cc8) thrown at [D:\re\workspace\8-2-build-windows-amd64-cygwin\jdk8u20\1074\hotspot\src\share\vm\prims\jvm.cpp, line 1275]

Events (10 events):
Event: 3.533 Executing VM operation: Deoptimize done
Event: 3.565 loading class com/android/dx/cf/attrib/AttExceptions
Event: 3.565 loading class com/android/dx/cf/attrib/AttExceptions done
Event: 3.775 loading class com/android/dx/dex/file/ParameterAnnotationStruct
Event: 3.775 loading class com/android/dx/dex/file/ParameterAnnotationStruct done
Event: 3.776 loading class com/android/dx/dex/file/UniformListItem
Event: 3.776 loading class com/android/dx/dex/file/UniformListItem done
Event: 3.777 loading class com/android/dx/dex/file/AnnotationSetRefItem
Event: 3.777 loading class com/android/dx/dex/file/AnnotationSetRefItem done
Event: 3.848 Executing VM operation: ParallelGCFailedAllocation


Dynamic libraries:
0x00007ff684e90000 - 0x00007ff684ec4000 	C:\Program Files\Java\jdk1.8.0_20\bin\java.exe
0x00007ffb659a0000 - 0x00007ffb65b61000 	C:\WINDOWS\SYSTEM32\ntdll.dll
0x00007ffb633d0000 - 0x00007ffb6347d000 	C:\WINDOWS\system32\KERNEL32.DLL
0x00007ffb626f0000 - 0x00007ffb628d8000 	C:\WINDOWS\system32\KERNELBASE.dll
0x00007ffb658f0000 - 0x00007ffb65997000 	C:\WINDOWS\system32\ADVAPI32.dll
0x00007ffb65420000 - 0x00007ffb654bd000 	C:\WINDOWS\system32\msvcrt.dll
0x00007ffb62d80000 - 0x00007ffb62ddb000 	C:\WINDOWS\system32\sechost.dll
0x00007ffb63750000 - 0x00007ffb6386c000 	C:\WINDOWS\system32\RPCRT4.dll
0x00007ffb652c0000 - 0x00007ffb65416000 	C:\WINDOWS\system32\USER32.dll
0x00007ffb63550000 - 0x00007ffb636d6000 	C:\WINDOWS\system32\GDI32.dll
0x00007ffb57250000 - 0x00007ffb574c4000 	C:\WINDOWS\WinSxS\amd64_microsoft.windows.common-controls_6595b64144ccf1df_6.0.10586.0_none_8c15ae12515e1c22\COMCTL32.dll
0x00007ffb65040000 - 0x00007ffb652bd000 	C:\WINDOWS\system32\combase.dll
0x00007ffb62680000 - 0x00007ffb626ea000 	C:\WINDOWS\system32\bcryptPrimitives.dll
0x00007ffb63870000 - 0x00007ffb638ab000 	C:\WINDOWS\system32\IMM32.DLL
0x0000000071060000 - 0x0000000071132000 	C:\Program Files\Java\jdk1.8.0_20\jre\bin\msvcr100.dll
0x0000000070800000 - 0x0000000071058000 	C:\Program Files\Java\jdk1.8.0_20\jre\bin\server\jvm.dll
0x00007ffb64f70000 - 0x00007ffb64f78000 	C:\WINDOWS\system32\PSAPI.DLL
0x00007ffb58000000 - 0x00007ffb58009000 	C:\WINDOWS\SYSTEM32\WSOCK32.dll
0x00007ffb631e0000 - 0x00007ffb6324b000 	C:\WINDOWS\system32\WS2_32.dll
0x00007ffb60720000 - 0x00007ffb60743000 	C:\WINDOWS\SYSTEM32\WINMM.dll
0x00007ffb60670000 - 0x00007ffb6069c000 	C:\WINDOWS\SYSTEM32\WINMMBASE.dll
0x00007ffb62d10000 - 0x00007ffb62d53000 	C:\WINDOWS\system32\cfgmgr32.dll
0x00000000707f0000 - 0x00000000707ff000 	C:\Program Files\Java\jdk1.8.0_20\jre\bin\verify.dll
0x00000000707c0000 - 0x00000000707e8000 	C:\Program Files\Java\jdk1.8.0_20\jre\bin\java.dll
0x00000000707a0000 - 0x00000000707b6000 	C:\Program Files\Java\jdk1.8.0_20\jre\bin\zip.dll
0x00007ffb638b0000 - 0x00007ffb64e0c000 	C:\WINDOWS\system32\SHELL32.dll
0x00007ffb62030000 - 0x00007ffb62675000 	C:\WINDOWS\system32\windows.storage.dll
0x00007ffb64f80000 - 0x00007ffb64fd2000 	C:\WINDOWS\system32\shlwapi.dll
0x00007ffb61fc0000 - 0x00007ffb61fcf000 	C:\WINDOWS\system32\kernel.appcore.dll
0x00007ffb62ba0000 - 0x00007ffb62c55000 	C:\WINDOWS\system32\shcore.dll
0x00007ffb61fe0000 - 0x00007ffb6202b000 	C:\WINDOWS\system32\powrprof.dll
0x00007ffb61fa0000 - 0x00007ffb61fb4000 	C:\WINDOWS\system32\profapi.dll
0x00007ffb555c0000 - 0x00007ffb5574c000 	C:\WINDOWS\SYSTEM32\dbghelp.dll

VM Arguments:
jvm_args: -Djava.awt.headless=true -Xmx1024M -Dfile.encoding=windows-1252 -Duser.country=US -Duser.language=en -Duser.variant 
java_command: com.android.dx.command.Main --dex --num-threads=4 --output C:\Users\admin\Documents\GitHub\ShaneelSD\SoftwareDesign\FindMeTutor\FindMeTutor\tutor_app\build\intermediates\pre-dexed\debug\com.github.arimorty-floatingsearchview-2.0.3_38b68f347c22392f1d7587078253128b4e14d95c.jar C:\Users\admin\Documents\GitHub\ShaneelSD\SoftwareDesign\FindMeTutor\FindMeTutor\tutor_app\build\intermediates\exploded-aar\com.github.arimorty\floatingsearchview\2.0.3\jars\classes.jar
java_class_path (initial): C:\Users\admin\AppData\Local\Android\sdk\build-tools\24.0.1\lib\dx.jar
Launcher Type: SUN_STANDARD

Environment Variables:
PATH=C:\ProgramData\Oracle\Java\javapath;C:\Program Files (x86)\Intel\iCLS Client\;C:\Program Files\Intel\iCLS Client\;C:\WINDOWS\system32;C:\WINDOWS;C:\WINDOWS\System32\Wbem;C:\WINDOWS\System32\WindowsPowerShell\v1.0\;C:\Program Files\Intel\Intel(R) Management Engine Components\DAL;C:\Program Files\Intel\Intel(R) Management Engine Components\IPT;C:\Program Files (x86)\Intel\Intel(R) Management Engine Components\DAL;C:\Program Files (x86)\Intel\Intel(R) Management Engine Components\IPT;C:\Program Files\WIDCOMM\Bluetooth Software\;C:\Program Files\WIDCOMM\Bluetooth Software\syswow64;C:\Program Files (x86)\Intel\OpenCL SDK\2.0\bin\x86;C:\Program Files (x86)\Intel\OpenCL SDK\2.0\bin\x64;C:\Program Files\Intel\WiFi\bin\;C:\Program Files\Common Files\Intel\WirelessCommon\;c:\Program Files (x86)\Microsoft SQL Server\100\Tools\Binn\;c:\Program Files\Microsoft SQL Server\100\Tools\Binn\;c:\Program Files\Microsoft SQL Server\100\DTS\Binn\;C:\Program Files (x86)\MySQL\MySQL Fabric 1.5.4 & MySQL Utilities 1.5.4 1.5\;C:\Program Files (x86)\MySQL\MySQL Fabric 1.5.4 & MySQL Utilities 1.5.4 1.5\Doctrine extensions for PHP\;C:\Program Files (x86)\Borland\Delphi7\Bin;C:\Program Files (x86)\Borland\Delphi7\Projects\Bpl;C:\Program Files (x86)\Borland\Delphi7\Rave5;C:\Program Files\Git\cmd;C:\Program Files\Intel\WiFi\bin\;C:\Program Files\Common Files\Intel\WirelessCommon\
USERNAME=admin
OS=Windows_NT
PROCESSOR_IDENTIFIER=Intel64 Family 6 Model 58 Stepping 9, GenuineIntel



---------------  S Y S T E M  ---------------

OS: Windows 8.1 , 64 bit Build 9600 

CPU:total 4 (2 cores per cpu, 2 threads per core) family 6 model 58 stepping 9, cmov, cx8, fxsr, mmx, sse, sse2, sse3, ssse3, sse4.1, sse4.2, popcnt, avx, aes, clmul, erms, ht, tsc, tscinvbit, tscinv

Memory: 4k page, physical 8258576k(2107760k free), swap 10306576k(6692k free)

vm_info: Java HotSpot(TM) 64-Bit Server VM (25.20-b23) for windows-amd64 JRE (1.8.0_20-b26), built on Jul 30 2014 13:51:23 by "java_re" with MS VC++ 10.0 (VS2010)

time: Thu Sep 08 20:10:41 2016
elapsed time: 3 seconds (0d 0h 0m 3s)

