#
# There is insufficient memory for the Java Runtime Environment to continue.
# Native memory allocation (malloc) failed to allocate 1227376 bytes for Chunk::new
# Possible reasons:
#   The system is out of physical RAM or swap space
#   In 32 bit mode, the process size limit was hit
# Possible solutions:
#   Reduce memory load on the system
#   Increase physical memory or swap space
#   Check if swap backing store is full
#   Use 64 bit Java on a 64 bit OS
#   Decrease Java heap size (-Xmx/-Xms)
#   Decrease number of Java threads
#   Decrease Java thread stack sizes (-Xss)
#   Set larger code cache with -XX:ReservedCodeCacheSize=
# This output file may be truncated or incomplete.
#
#  Out of Memory Error (allocation.cpp:390), pid=1872, tid=12744
#
# JRE version: Java(TM) SE Runtime Environment (8.0_20-b26) (build 1.8.0_20-b26)
# Java VM: Java HotSpot(TM) 64-Bit Server VM (25.20-b23 mixed mode windows-amd64 compressed oops)
# Failed to write core dump. Minidumps are not enabled by default on client versions of Windows
#

---------------  T H R E A D  ---------------

Current thread (0x0000000015078000):  JavaThread "C2 CompilerThread0" daemon [_thread_in_native, id=12744, stack(0x00000000165e0000,0x00000000166e0000)]

Stack: [0x00000000165e0000,0x00000000166e0000]
Native frames: (J=compiled Java code, j=interpreted, Vv=VM code, C=native code)
V  [jvm.dll+0x3152fa]
V  [jvm.dll+0x265d03]
V  [jvm.dll+0x266943]
V  [jvm.dll+0x25e265]
V  [jvm.dll+0xbe255]
V  [jvm.dll+0xbe6fc]
V  [jvm.dll+0x45c472]
V  [jvm.dll+0x49d76f]
V  [jvm.dll+0x451911]
V  [jvm.dll+0x452634]
V  [jvm.dll+0x435fc2]
V  [jvm.dll+0x97b62]
V  [jvm.dll+0x98353]
V  [jvm.dll+0x22aac4]
V  [jvm.dll+0x283f5a]
C  [msvcr100.dll+0x21d9f]
C  [msvcr100.dll+0x21e3b]
C  [KERNEL32.DLL+0x18102]
C  [ntdll.dll+0x5c5b4]


Current CompileTask:
C2:  36799 1906       4       com.android.dx.ssa.SsaConverter::placePhiFunctions (394 bytes)


---------------  P R O C E S S  ---------------

Java Threads: ( => current thread )
  0x0000000016cdb800 JavaThread "pool-2-thread-4" [_thread_in_Java, id=1672, stack(0x00000000172e0000,0x00000000173e0000)]
  0x0000000016cda000 JavaThread "pool-2-thread-3" [_thread_in_Java, id=10844, stack(0x00000000171e0000,0x00000000172e0000)]
  0x0000000016cd9000 JavaThread "pool-2-thread-2" [_thread_in_Java, id=2816, stack(0x00000000170e0000,0x00000000171e0000)]
  0x0000000016c23800 JavaThread "pool-3-thread-1" [_thread_blocked, id=9416, stack(0x0000000016fe0000,0x00000000170e0000)]
  0x0000000016c21000 JavaThread "pool-2-thread-1" [_thread_in_Java, id=12900, stack(0x0000000016ee0000,0x0000000016fe0000)]
  0x00000000150d4800 JavaThread "Service Thread" daemon [_thread_blocked, id=6596, stack(0x00000000168e0000,0x00000000169e0000)]
  0x0000000015082800 JavaThread "C1 CompilerThread2" daemon [_thread_in_native, id=12668, stack(0x00000000167e0000,0x00000000168e0000)]
  0x000000001507a000 JavaThread "C2 CompilerThread1" daemon [_thread_in_native, id=10172, stack(0x00000000166e0000,0x00000000167e0000)]
=>0x0000000015078000 JavaThread "C2 CompilerThread0" daemon [_thread_in_native, id=12744, stack(0x00000000165e0000,0x00000000166e0000)]
  0x0000000015087800 JavaThread "Attach Listener" daemon [_thread_blocked, id=5616, stack(0x00000000164e0000,0x00000000165e0000)]
  0x0000000015086000 JavaThread "Signal Dispatcher" daemon [_thread_blocked, id=1512, stack(0x00000000163e0000,0x00000000164e0000)]
  0x00000000028cf000 JavaThread "Finalizer" daemon [_thread_blocked, id=5564, stack(0x00000000162e0000,0x00000000163e0000)]
  0x00000000028cc000 JavaThread "Reference Handler" daemon [_thread_blocked, id=7560, stack(0x00000000161e0000,0x00000000162e0000)]
  0x0000000002b0d800 JavaThread "main" [_thread_in_Java, id=11688, stack(0x0000000000f40000,0x0000000001040000)]

Other Threads:
  0x0000000015046000 VMThread [stack: 0x00000000160e0000,0x00000000161e0000] [id=7772]
  0x00000000150d7800 WatcherThread [stack: 0x00000000169e0000,0x0000000016ae0000] [id=4072]

VM state:not at safepoint (normal execution)

VM Mutex/Monitor currently owned by a thread:  ([mutex/lock_event])
[0x0000000002b0c770] CompiledIC_lock - owner thread: 0x0000000015082800

Heap:
 PSYoungGen      total 138240K, used 79636K [0x00000000eab00000, 0x00000000f3700000, 0x0000000100000000)
  eden space 133120K, 55% used [0x00000000eab00000,0x00000000ef3cb448,0x00000000f2d00000)
  from space 5120K, 99% used [0x00000000f3200000,0x00000000f36f9fa0,0x00000000f3700000)
  to   space 5120K, 0% used [0x00000000f2d00000,0x00000000f2d00000,0x00000000f3200000)
 ParOldGen       total 87552K, used 55240K [0x00000000c0000000, 0x00000000c5580000, 0x00000000eab00000)
  object space 87552K, 63% used [0x00000000c0000000,0x00000000c35f20e8,0x00000000c5580000)
 Metaspace       used 6113K, capacity 7088K, committed 7296K, reserved 1056768K
  class space    used 593K, capacity 616K, committed 640K, reserved 1048576K

Card table byte_map: [0x0000000011ed0000,0x00000000120e0000] byte_map_base: 0x00000000118d0000

Marking Bits: (ParMarkBitMap*) 0x000000005352b460
 Begin Bits: [0x00000000124e0000, 0x00000000134e0000)
 End Bits:   [0x00000000134e0000, 0x00000000144e0000)

Polling page: 0x0000000000c20000

CodeCache: size=245760Kb used=8626Kb max_used=8630Kb free=237133Kb
 bounds [0x0000000002b10000, 0x0000000003390000, 0x0000000011b10000]
 total_blobs=2071 nmethods=1807 adapters=178
 compilation: enabled

Compilation events (10 events):
Event: 36.333 Thread 0x0000000015082800 1911       3       com.android.dx.ssa.SsaMethod::<init> (50 bytes)
Event: 36.335 Thread 0x0000000015082800 nmethod 1911 0x000000000336e250 code [0x000000000336e400, 0x000000000336ead8]
Event: 36.336 Thread 0x0000000015082800 1912       3       com.android.dx.ssa.LocalVariableExtractor::<init> (61 bytes)
Event: 36.338 Thread 0x0000000015082800 nmethod 1912 0x000000000334d910 code [0x000000000334dac0, 0x000000000334dfa8]
Event: 36.344 Thread 0x0000000015082800 1913       3       com.android.dx.ssa.Dominators::<init> (55 bytes)
Event: 36.346 Thread 0x0000000015082800 nmethod 1913 0x000000000336fbd0 code [0x000000000336fd60, 0x00000000033702b0]
Event: 36.596 Thread 0x000000001507a000 nmethod 1845 0x0000000003379310 code [0x0000000003379880, 0x000000000337f850]
Event: 36.599 Thread 0x000000001507a000 1904       4       com.android.dx.rop.code.BasicBlockList::forEachInsn (39 bytes)
Event: 36.612 Thread 0x000000001507a000 nmethod 1904 0x0000000003375c10 code [0x0000000003375d60, 0x0000000003376018]
Event: 36.614 Thread 0x000000001507a000 1914 %     4       com.android.dx.ssa.SCCP::run @ 93 (298 bytes)

GC Heap History (8 events):
Event: 9.119 GC heap before
{Heap before GC invocations=1 (full 0):
 PSYoungGen      total 38400K, used 33280K [0x00000000eab00000, 0x00000000ed580000, 0x0000000100000000)
  eden space 33280K, 100% used [0x00000000eab00000,0x00000000ecb80000,0x00000000ecb80000)
  from space 5120K, 0% used [0x00000000ed080000,0x00000000ed080000,0x00000000ed580000)
  to   space 5120K, 0% used [0x00000000ecb80000,0x00000000ecb80000,0x00000000ed080000)
 ParOldGen       total 87552K, used 0K [0x00000000c0000000, 0x00000000c5580000, 0x00000000eab00000)
  object space 87552K, 0% used [0x00000000c0000000,0x00000000c0000000,0x00000000c5580000)
 Metaspace       used 5800K, capacity 6832K, committed 7040K, reserved 1056768K
  class space    used 585K, capacity 616K, committed 640K, reserved 1048576K
Event: 9.920 GC heap after
Heap after GC invocations=1 (full 0):
 PSYoungGen      total 38400K, used 5116K [0x00000000eab00000, 0x00000000ef600000, 0x0000000100000000)
  eden space 33280K, 0% used [0x00000000eab00000,0x00000000eab00000,0x00000000ecb80000)
  from space 5120K, 99% used [0x00000000ecb80000,0x00000000ed07f3d8,0x00000000ed080000)
  to   space 5120K, 0% used [0x00000000ef100000,0x00000000ef100000,0x00000000ef600000)
 ParOldGen       total 87552K, used 3136K [0x00000000c0000000, 0x00000000c5580000, 0x00000000eab00000)
  object space 87552K, 3% used [0x00000000c0000000,0x00000000c0310358,0x00000000c5580000)
 Metaspace       used 5800K, capacity 6832K, committed 7040K, reserved 1056768K
  class space    used 585K, capacity 616K, committed 640K, reserved 1048576K
}
Event: 13.641 GC heap before
{Heap before GC invocations=2 (full 0):
 PSYoungGen      total 38400K, used 38396K [0x00000000eab00000, 0x00000000ef600000, 0x0000000100000000)
  eden space 33280K, 100% used [0x00000000eab00000,0x00000000ecb80000,0x00000000ecb80000)
  from space 5120K, 99% used [0x00000000ecb80000,0x00000000ed07f3d8,0x00000000ed080000)
  to   space 5120K, 0% used [0x00000000ef100000,0x00000000ef100000,0x00000000ef600000)
 ParOldGen       total 87552K, used 3136K [0x00000000c0000000, 0x00000000c5580000, 0x00000000eab00000)
  object space 87552K, 3% used [0x00000000c0000000,0x00000000c0310358,0x00000000c5580000)
 Metaspace       used 5836K, capacity 6832K, committed 7040K, reserved 1056768K
  class space    used 585K, capacity 616K, committed 640K, reserved 1048576K
Event: 15.573 GC heap after
Heap after GC invocations=2 (full 0):
 PSYoungGen      total 71680K, used 5113K [0x00000000eab00000, 0x00000000ef600000, 0x0000000100000000)
  eden space 66560K, 0% used [0x00000000eab00000,0x00000000eab00000,0x00000000eec00000)
  from space 5120K, 99% used [0x00000000ef100000,0x00000000ef5fe7c8,0x00000000ef600000)
  to   space 5120K, 0% used [0x00000000eec00000,0x00000000eec00000,0x00000000ef100000)
 ParOldGen       total 87552K, used 16094K [0x00000000c0000000, 0x00000000c5580000, 0x00000000eab00000)
  object space 87552K, 18% used [0x00000000c0000000,0x00000000c0fb7958,0x00000000c5580000)
 Metaspace       used 5836K, capacity 6832K, committed 7040K, reserved 1056768K
  class space    used 585K, capacity 616K, committed 640K, reserved 1048576K
}
Event: 27.302 GC heap before
{Heap before GC invocations=3 (full 0):
 PSYoungGen      total 71680K, used 71673K [0x00000000eab00000, 0x00000000ef600000, 0x0000000100000000)
  eden space 66560K, 100% used [0x00000000eab00000,0x00000000eec00000,0x00000000eec00000)
  from space 5120K, 99% used [0x00000000ef100000,0x00000000ef5fe7c8,0x00000000ef600000)
  to   space 5120K, 0% used [0x00000000eec00000,0x00000000eec00000,0x00000000ef100000)
 ParOldGen       total 87552K, used 16094K [0x00000000c0000000, 0x00000000c5580000, 0x00000000eab00000)
  object space 87552K, 18% used [0x00000000c0000000,0x00000000c0fb7958,0x00000000c5580000)
 Metaspace       used 6019K, capacity 7024K, committed 7296K, reserved 1056768K
  class space    used 593K, capacity 616K, committed 640K, reserved 1048576K
Event: 28.605 GC heap after
Heap after GC invocations=3 (full 0):
 PSYoungGen      total 71680K, used 5088K [0x00000000eab00000, 0x00000000f3700000, 0x0000000100000000)
  eden space 66560K, 0% used [0x00000000eab00000,0x00000000eab00000,0x00000000eec00000)
  from space 5120K, 99% used [0x00000000eec00000,0x00000000ef0f82e0,0x00000000ef100000)
  to   space 5120K, 0% used [0x00000000f3200000,0x00000000f3200000,0x00000000f3700000)
 ParOldGen       total 87552K, used 31947K [0x00000000c0000000, 0x00000000c5580000, 0x00000000eab00000)
  object space 87552K, 36% used [0x00000000c0000000,0x00000000c1f32ca0,0x00000000c5580000)
 Metaspace       used 6019K, capacity 7024K, committed 7296K, reserved 1056768K
  class space    used 593K, capacity 616K, committed 640K, reserved 1048576K
}
Event: 33.639 GC heap before
{Heap before GC invocations=4 (full 0):
 PSYoungGen      total 71680K, used 71648K [0x00000000eab00000, 0x00000000f3700000, 0x0000000100000000)
  eden space 66560K, 100% used [0x00000000eab00000,0x00000000eec00000,0x00000000eec00000)
  from space 5120K, 99% used [0x00000000eec00000,0x00000000ef0f82e0,0x00000000ef100000)
  to   space 5120K, 0% used [0x00000000f3200000,0x00000000f3200000,0x00000000f3700000)
 ParOldGen       total 87552K, used 31947K [0x00000000c0000000, 0x00000000c5580000, 0x00000000eab00000)
  object space 87552K, 36% used [0x00000000c0000000,0x00000000c1f32ca0,0x00000000c5580000)
 Metaspace       used 6091K, capacity 7088K, committed 7296K, reserved 1056768K
  class space    used 593K, capacity 616K, committed 640K, reserved 1048576K
Event: 33.992 GC heap after
Heap after GC invocations=4 (full 0):
 PSYoungGen      total 138240K, used 5095K [0x00000000eab00000, 0x00000000f3700000, 0x0000000100000000)
  eden space 133120K, 0% used [0x00000000eab00000,0x00000000eab00000,0x00000000f2d00000)
  from space 5120K, 99% used [0x00000000f3200000,0x00000000f36f9fa0,0x00000000f3700000)
  to   space 5120K, 0% used [0x00000000f2d00000,0x00000000f2d00000,0x00000000f3200000)
 ParOldGen       total 87552K, used 55240K [0x00000000c0000000, 0x00000000c5580000, 0x00000000eab00000)
  object space 87552K, 63% used [0x00000000c0000000,0x00000000c35f20e8,0x00000000c5580000)
 Metaspace       used 6091K, capacity 7088K, committed 7296K, reserved 1056768K
  class space    used 593K, capacity 616K, committed 640K, reserved 1048576K
}

Deoptimization events (10 events):
Event: 34.127 Thread 0x0000000016cd9000 Uncommon trap: reason=class_check action=maybe_recompile pc=0x00000000032a40d8 method=com.android.dx.ssa.DomFront.calcDomFronts()V @ 101
Event: 34.953 Thread 0x0000000002b0d800 Uncommon trap: reason=bimorphic action=maybe_recompile pc=0x000000000315c738 method=com.android.dx.cf.code.BytecodeArray.parseInstruction(ILcom/android/dx/cf/code/BytecodeArray$Visitor;)I @ 1130
Event: 34.953 Thread 0x0000000002b0d800 Uncommon trap: reason=bimorphic action=maybe_recompile pc=0x000000000315c868 method=com.android.dx.cf.code.BytecodeArray.parseInstruction(ILcom/android/dx/cf/code/BytecodeArray$Visitor;)I @ 1224
Event: 34.953 Thread 0x0000000002b0d800 Uncommon trap: reason=bimorphic action=maybe_recompile pc=0x000000000315c868 method=com.android.dx.cf.code.BytecodeArray.parseInstruction(ILcom/android/dx/cf/code/BytecodeArray$Visitor;)I @ 1224
Event: 34.968 Thread 0x0000000002b0d800 Uncommon trap: reason=unreached action=reinterpret pc=0x00000000031ad6b4 method=com.android.dx.cf.code.RopperMachine.run(Lcom/android/dx/cf/code/Frame;II)V @ 1500
Event: 34.969 Thread 0x0000000002b0d800 Uncommon trap: reason=class_check action=maybe_recompile pc=0x0000000003271c98 method=com.android.dx.cf.code.Ropper.processBlock(Lcom/android/dx/cf/code/ByteBlock;Lcom/android/dx/cf/code/Frame;[I)V @ 777
Event: 34.970 Thread 0x0000000002b0d800 Uncommon trap: reason=class_check action=maybe_recompile pc=0x0000000003271c98 method=com.android.dx.cf.code.Ropper.processBlock(Lcom/android/dx/cf/code/ByteBlock;Lcom/android/dx/cf/code/Frame;[I)V @ 777
Event: 34.970 Thread 0x0000000002b0d800 Uncommon trap: reason=class_check action=maybe_recompile pc=0x0000000003271c98 method=com.android.dx.cf.code.Ropper.processBlock(Lcom/android/dx/cf/code/ByteBlock;Lcom/android/dx/cf/code/Frame;[I)V @ 777
Event: 34.971 Thread 0x0000000002b0d800 Uncommon trap: reason=class_check action=maybe_recompile pc=0x0000000003271c98 method=com.android.dx.cf.code.Ropper.processBlock(Lcom/android/dx/cf/code/ByteBlock;Lcom/android/dx/cf/code/Frame;[I)V @ 777
Event: 36.295 Thread 0x0000000016cdb800 Uncommon trap: reason=class_check action=maybe_recompile pc=0x00000000032a40d8 method=com.android.dx.ssa.DomFront.calcDomFronts()V @ 101

Internal exceptions (10 events):
Event: 18.094 Thread 0x0000000002b0d800 Exception <a 'java/security/PrivilegedActionException'> (0x00000000eb773840) thrown at [D:\re\workspace\8-2-build-windows-amd64-cygwin\jdk8u20\1074\hotspot\src\share\vm\prims\jvm.cpp, line 1275]
Event: 18.097 Thread 0x0000000002b0d800 Exception <a 'java/security/PrivilegedActionException'> (0x00000000eb778ec8) thrown at [D:\re\workspace\8-2-build-windows-amd64-cygwin\jdk8u20\1074\hotspot\src\share\vm\prims\jvm.cpp, line 1275]
Event: 18.550 Thread 0x0000000002b0d800 Exception <a 'java/security/PrivilegedActionException'> (0x00000000eb81bcf0) thrown at [D:\re\workspace\8-2-build-windows-amd64-cygwin\jdk8u20\1074\hotspot\src\share\vm\prims\jvm.cpp, line 1275]
Event: 18.553 Thread 0x0000000002b0d800 Exception <a 'java/security/PrivilegedActionException'> (0x00000000eb821a00) thrown at [D:\re\workspace\8-2-build-windows-amd64-cygwin\jdk8u20\1074\hotspot\src\share\vm\prims\jvm.cpp, line 1275]
Event: 18.554 Thread 0x0000000002b0d800 Exception <a 'java/security/PrivilegedActionException'> (0x00000000eb8273d0) thrown at [D:\re\workspace\8-2-build-windows-amd64-cygwin\jdk8u20\1074\hotspot\src\share\vm\prims\jvm.cpp, line 1275]
Event: 18.659 Thread 0x0000000002b0d800 Exception <a 'java/security/PrivilegedActionException'> (0x00000000eba4ebf0) thrown at [D:\re\workspace\8-2-build-windows-amd64-cygwin\jdk8u20\1074\hotspot\src\share\vm\prims\jvm.cpp, line 1275]
Event: 21.994 Thread 0x0000000002b0d800 Implicit null exception at 0x0000000002fffa9a to 0x0000000002fffb8f
Event: 23.395 Thread 0x0000000002b0d800 Exception <a 'java/security/PrivilegedActionException'> (0x00000000eddc1f20) thrown at [D:\re\workspace\8-2-build-windows-amd64-cygwin\jdk8u20\1074\hotspot\src\share\vm\prims\jvm.cpp, line 1275]
Event: 23.396 Thread 0x0000000002b0d800 Exception <a 'java/security/PrivilegedActionException'> (0x00000000eddc4658) thrown at [D:\re\workspace\8-2-build-windows-amd64-cygwin\jdk8u20\1074\hotspot\src\share\vm\prims\jvm.cpp, line 1275]
Event: 30.202 Thread 0x0000000016cdb800 Implicit null exception at 0x0000000002ff91cf to 0x0000000002ffa30d

Events (10 events):
Event: 35.216 Thread 0x0000000002b0d800 DEOPT UNPACKING pc=0x0000000002b575bf sp=0x000000000103e1a0 mode 0
Event: 36.292 Thread 0x0000000016c21000 DEOPT PACKING pc=0x0000000003140dc6 sp=0x0000000016fdecf0
Event: 36.292 Thread 0x0000000016c21000 DEOPT UNPACKING pc=0x0000000002b575bf sp=0x0000000016fdea20 mode 0
Event: 36.295 Thread 0x0000000016cdb800 Uncommon trap: trap_request=0xffffffde fr.pc=0x00000000032a40d8
Event: 36.295 Thread 0x0000000016cdb800 DEOPT PACKING pc=0x00000000032a40d8 sp=0x00000000173ded70
Event: 36.295 Thread 0x0000000016cdb800 DEOPT UNPACKING pc=0x0000000002b5556a sp=0x00000000173dec30 mode 2
Event: 36.310 Thread 0x0000000015078000 flushing nmethod 0x0000000002c19390
Event: 36.310 Thread 0x0000000015078000 flushing nmethod 0x0000000002c1d1d0
Event: 36.331 Thread 0x0000000016cda000 DEOPT PACKING pc=0x0000000003140dc6 sp=0x00000000172dea80
Event: 36.332 Thread 0x0000000016cda000 DEOPT UNPACKING pc=0x0000000002b575bf sp=0x00000000172de7b0 mode 0


Dynamic libraries:
0x00007ff70bfb0000 - 0x00007ff70bfe4000 	C:\Program Files\Java\jdk1.8.0_20\bin\java.exe
0x00007ffa0e240000 - 0x00007ffa0e401000 	C:\WINDOWS\SYSTEM32\ntdll.dll
0x00007ffa0c2c0000 - 0x00007ffa0c36d000 	C:\WINDOWS\system32\KERNEL32.DLL
0x00007ffa0b360000 - 0x00007ffa0b548000 	C:\WINDOWS\system32\KERNELBASE.dll
0x00007ffa0bb90000 - 0x00007ffa0bc37000 	C:\WINDOWS\system32\ADVAPI32.dll
0x00007ffa0c200000 - 0x00007ffa0c29d000 	C:\WINDOWS\system32\msvcrt.dll
0x00007ffa0c710000 - 0x00007ffa0c76b000 	C:\WINDOWS\system32\sechost.dll
0x00007ffa0c370000 - 0x00007ffa0c48c000 	C:\WINDOWS\system32\RPCRT4.dll
0x00007ffa0c770000 - 0x00007ffa0c8c6000 	C:\WINDOWS\system32\USER32.dll
0x00007ffa0e0b0000 - 0x00007ffa0e236000 	C:\WINDOWS\system32\GDI32.dll
0x00007ffa01a70000 - 0x00007ffa01ce4000 	C:\WINDOWS\WinSxS\amd64_microsoft.windows.common-controls_6595b64144ccf1df_6.0.10586.589_none_a2ddb3caa539acce\COMCTL32.dll
0x00007ffa0c490000 - 0x00007ffa0c70d000 	C:\WINDOWS\system32\combase.dll
0x00007ffa0afe0000 - 0x00007ffa0b04a000 	C:\WINDOWS\system32\bcryptPrimitives.dll
0x00007ffa0e060000 - 0x00007ffa0e09b000 	C:\WINDOWS\system32\IMM32.DLL
0x0000000053f00000 - 0x0000000053fd2000 	C:\Program Files\Java\jdk1.8.0_20\jre\bin\msvcr100.dll
0x0000000052d50000 - 0x00000000535a8000 	C:\Program Files\Java\jdk1.8.0_20\jre\bin\server\jvm.dll
0x00007ffa0ba50000 - 0x00007ffa0ba58000 	C:\WINDOWS\system32\PSAPI.DLL
0x00007ff9fffe0000 - 0x00007ff9fffe9000 	C:\WINDOWS\SYSTEM32\WSOCK32.dll
0x00007ffa0dfe0000 - 0x00007ffa0e04b000 	C:\WINDOWS\system32\WS2_32.dll
0x00007ffa09040000 - 0x00007ffa09063000 	C:\WINDOWS\SYSTEM32\WINMM.dll
0x00007ffa09010000 - 0x00007ffa0903c000 	C:\WINDOWS\SYSTEM32\WINMMBASE.dll
0x00007ffa0b550000 - 0x00007ffa0b593000 	C:\WINDOWS\system32\cfgmgr32.dll
0x0000000053ef0000 - 0x0000000053eff000 	C:\Program Files\Java\jdk1.8.0_20\jre\bin\verify.dll
0x0000000052d20000 - 0x0000000052d48000 	C:\Program Files\Java\jdk1.8.0_20\jre\bin\java.dll
0x0000000053ed0000 - 0x0000000053ee6000 	C:\Program Files\Java\jdk1.8.0_20\jre\bin\zip.dll
0x00007ffa0c8d0000 - 0x00007ffa0de2c000 	C:\WINDOWS\system32\SHELL32.dll
0x00007ffa0a990000 - 0x00007ffa0afd5000 	C:\WINDOWS\system32\windows.storage.dll
0x00007ffa0ba60000 - 0x00007ffa0bab2000 	C:\WINDOWS\system32\shlwapi.dll
0x00007ffa0a8c0000 - 0x00007ffa0a8cf000 	C:\WINDOWS\system32\kernel.appcore.dll
0x00007ffa0a8d0000 - 0x00007ffa0a985000 	C:\WINDOWS\system32\shcore.dll
0x00007ffa0a860000 - 0x00007ffa0a8ab000 	C:\WINDOWS\system32\powrprof.dll
0x00007ffa0a840000 - 0x00007ffa0a854000 	C:\WINDOWS\system32\profapi.dll
0x00007ffa020b0000 - 0x00007ffa0223c000 	C:\WINDOWS\SYSTEM32\dbghelp.dll

VM Arguments:
jvm_args: -Djava.awt.headless=true -Xmx1024M -Dfile.encoding=windows-1252 -Duser.country=US -Duser.language=en -Duser.variant 
java_command: com.android.dx.command.Main --dex --force-jumbo --num-threads=4 --multi-dex --output C:\Users\admin\Documents\GitHub\ShaneelSD\SoftwareDesign\FindMeTutor\FindMeTutor\tutor_app\build\intermediates\transforms\dex\debug\folders\1000\5\slice_3 C:\Users\admin\Documents\GitHub\ShaneelSD\SoftwareDesign\FindMeTutor\FindMeTutor\tutor_app\build\intermediates\transforms\instantRunSlicer\debug\folders\1\5\slice_3
java_class_path (initial): C:\Users\admin\AppData\Local\Android\sdk\build-tools\24.0.1\lib\dx.jar
Launcher Type: SUN_STANDARD

Environment Variables:
PATH=C:\ProgramData\Oracle\Java\javapath;C:\Program Files (x86)\Intel\iCLS Client\;C:\Program Files\Intel\iCLS Client\;C:\WINDOWS\system32;C:\WINDOWS;C:\WINDOWS\System32\Wbem;C:\WINDOWS\System32\WindowsPowerShell\v1.0\;C:\Program Files\Intel\Intel(R) Management Engine Components\DAL;C:\Program Files\Intel\Intel(R) Management Engine Components\IPT;C:\Program Files (x86)\Intel\Intel(R) Management Engine Components\DAL;C:\Program Files (x86)\Intel\Intel(R) Management Engine Components\IPT;C:\Program Files\WIDCOMM\Bluetooth Software\;C:\Program Files\WIDCOMM\Bluetooth Software\syswow64;C:\Program Files (x86)\Intel\OpenCL SDK\2.0\bin\x86;C:\Program Files (x86)\Intel\OpenCL SDK\2.0\bin\x64;C:\Program Files\Intel\WiFi\bin\;C:\Program Files\Common Files\Intel\WirelessCommon\;c:\Program Files (x86)\Microsoft SQL Server\100\Tools\Binn\;c:\Program Files\Microsoft SQL Server\100\Tools\Binn\;c:\Program Files\Microsoft SQL Server\100\DTS\Binn\;C:\Program Files (x86)\MySQL\MySQL Fabric 1.5.4 & MySQL Utilities 1.5.4 1.5\;C:\Program Files (x86)\MySQL\MySQL Fabric 1.5.4 & MySQL Utilities 1.5.4 1.5\Doctrine extensions for PHP\;C:\Program Files (x86)\Borland\Delphi7\Bin;C:\Program Files (x86)\Borland\Delphi7\Projects\Bpl;C:\Program Files (x86)\Borland\Delphi7\Rave5;C:\Program Files\Git\cmd;C:\Program Files\Intel\WiFi\bin\;C:\Program Files\Common Files\Intel\WirelessCommon\
USERNAME=admin
OS=Windows_NT
PROCESSOR_IDENTIFIER=Intel64 Family 6 Model 58 Stepping 9, GenuineIntel



---------------  S Y S T E M  ---------------

OS: Windows 8.1 , 64 bit Build 9600 

CPU:total 4 (2 cores per cpu, 2 threads per core) family 6 model 58 stepping 9, cmov, cx8, fxsr, mmx, sse, sse2, sse3, ssse3, sse4.1, sse4.2, popcnt, avx, aes, clmul, erms, ht, tsc, tscinvbit, tscinv

Memory: 4k page, physical 8258576k(1457344k free), swap 10306576k(5128k free)

vm_info: Java HotSpot(TM) 64-Bit Server VM (25.20-b23) for windows-amd64 JRE (1.8.0_20-b26), built on Jul 30 2014 13:51:23 by "java_re" with MS VC++ 10.0 (VS2010)

time: Thu Oct 06 17:14:14 2016
elapsed time: 36 seconds (0d 0h 0m 36s)

