#
# There is insufficient memory for the Java Runtime Environment to continue.
# Native memory allocation (malloc) failed to allocate 394016 bytes for Chunk::new
# Possible reasons:
#   The system is out of physical RAM or swap space
#   In 32 bit mode, the process size limit was hit
# Possible solutions:
#   Reduce memory load on the system
#   Increase physical memory or swap space
#   Check if swap backing store is full
#   Use 64 bit Java on a 64 bit OS
#   Decrease Java heap size (-Xmx/-Xms)
#   Decrease number of Java threads
#   Decrease Java thread stack sizes (-Xss)
#   Set larger code cache with -XX:ReservedCodeCacheSize=
# This output file may be truncated or incomplete.
#
#  Out of Memory Error (allocation.cpp:390), pid=5376, tid=1272
#
# JRE version: Java(TM) SE Runtime Environment (8.0_20-b26) (build 1.8.0_20-b26)
# Java VM: Java HotSpot(TM) 64-Bit Server VM (25.20-b23 mixed mode windows-amd64 compressed oops)
# Failed to write core dump. Minidumps are not enabled by default on client versions of Windows
#

---------------  T H R E A D  ---------------

Current thread (0x0000000015169800):  JavaThread "C2 CompilerThread1" daemon [_thread_in_native, id=1272, stack(0x00000000167c0000,0x00000000168c0000)]

Stack: [0x00000000167c0000,0x00000000168c0000]
Native frames: (J=compiled Java code, j=interpreted, Vv=VM code, C=native code)
V  [jvm.dll+0x3152fa]
V  [jvm.dll+0x265d03]
V  [jvm.dll+0x266943]
V  [jvm.dll+0x25e265]
V  [jvm.dll+0xbe255]
V  [jvm.dll+0xbe6fc]
V  [jvm.dll+0x45c472]
V  [jvm.dll+0x49d76f]
V  [jvm.dll+0x451911]
V  [jvm.dll+0x452634]
V  [jvm.dll+0x435fc2]
V  [jvm.dll+0x97b62]
V  [jvm.dll+0x98353]
V  [jvm.dll+0x22aac4]
V  [jvm.dll+0x283f5a]
C  [msvcr100.dll+0x21d9f]
C  [msvcr100.dll+0x21e3b]
C  [KERNEL32.DLL+0x18102]
C  [ntdll.dll+0x5c5b4]


Current CompileTask:
C2:   1508  851   !   4       com.android.dx.rop.code.RegisterSpec::intern (70 bytes)


---------------  P R O C E S S  ---------------

Java Threads: ( => current thread )
  0x0000000016b7f000 JavaThread "pool-2-thread-4" [_thread_blocked, id=9948, stack(0x00000000173c0000,0x00000000174c0000)]
  0x0000000016b7e000 JavaThread "pool-2-thread-3" [_thread_blocked, id=7032, stack(0x00000000172c0000,0x00000000173c0000)]
  0x0000000016b7b000 JavaThread "pool-2-thread-2" [_thread_in_Java, id=13072, stack(0x00000000171c0000,0x00000000172c0000)]
  0x0000000016b7a000 JavaThread "pool-3-thread-1" [_thread_blocked, id=4596, stack(0x00000000170c0000,0x00000000171c0000)]
  0x0000000016b77800 JavaThread "pool-2-thread-1" [_thread_in_vm, id=1172, stack(0x0000000016fc0000,0x00000000170c0000)]
  0x00000000169c4800 JavaThread "Service Thread" daemon [_thread_blocked, id=4696, stack(0x0000000016dc0000,0x0000000016ec0000)]
  0x00000000151cc000 JavaThread "C1 CompilerThread2" daemon [_thread_blocked, id=13176, stack(0x00000000168c0000,0x00000000169c0000)]
=>0x0000000015169800 JavaThread "C2 CompilerThread1" daemon [_thread_in_native, id=1272, stack(0x00000000167c0000,0x00000000168c0000)]
  0x0000000015179800 JavaThread "C2 CompilerThread0" daemon [_thread_in_native, id=1916, stack(0x00000000166c0000,0x00000000167c0000)]
  0x0000000015177000 JavaThread "Attach Listener" daemon [_thread_blocked, id=6468, stack(0x00000000165c0000,0x00000000166c0000)]
  0x0000000015176000 JavaThread "Signal Dispatcher" daemon [_thread_blocked, id=2040, stack(0x00000000164c0000,0x00000000165c0000)]
  0x0000000002a8f000 JavaThread "Finalizer" daemon [_thread_blocked, id=13200, stack(0x00000000163c0000,0x00000000164c0000)]
  0x0000000002a8c000 JavaThread "Reference Handler" daemon [_thread_blocked, id=4356, stack(0x00000000162c0000,0x00000000163c0000)]
  0x000000000289d800 JavaThread "main" [_thread_blocked, id=448, stack(0x0000000002780000,0x0000000002880000)]

Other Threads:
  0x0000000015136000 VMThread [stack: 0x00000000161c0000,0x00000000162c0000] [id=12672]
  0x00000000169c7000 WatcherThread [stack: 0x0000000016ec0000,0x0000000016fc0000] [id=9292]

VM state:synchronizing (normal execution)

VM Mutex/Monitor currently owned by a thread:  ([mutex/lock_event])
[0x000000000289d230] Safepoint_lock - owner thread: 0x0000000015136000
[0x000000000289ccb0] Threads_lock - owner thread: 0x0000000015136000
[0x000000000289c7b0] Heap_lock - owner thread: 0x00000000151cc000
[0x00000000029a1450] MethodData_lock - owner thread: 0x00000000151cc000

Heap:
 PSYoungGen      total 38400K, used 18946K [0x00000000eab00000, 0x00000000ed580000, 0x0000000100000000)
  eden space 33280K, 56% used [0x00000000eab00000,0x00000000ebd808f8,0x00000000ecb80000)
  from space 5120K, 0% used [0x00000000ed080000,0x00000000ed080000,0x00000000ed580000)
  to   space 5120K, 0% used [0x00000000ecb80000,0x00000000ecb80000,0x00000000ed080000)
 ParOldGen       total 87552K, used 0K [0x00000000c0000000, 0x00000000c5580000, 0x00000000eab00000)
  object space 87552K, 0% used [0x00000000c0000000,0x00000000c0000000,0x00000000c5580000)
 Metaspace       used 5749K, capacity 6704K, committed 6784K, reserved 1058816K
  class space    used 587K, capacity 616K, committed 640K, reserved 1048576K

Card table byte_map: [0x0000000011e60000,0x0000000012070000] byte_map_base: 0x0000000011860000

Marking Bits: (ParMarkBitMap*) 0x000000006219b460
 Begin Bits: [0x00000000125d0000, 0x00000000135d0000)
 End Bits:   [0x00000000135d0000, 0x00000000145d0000)

Polling page: 0x0000000000f30000

CodeCache: size=245760Kb used=3403Kb max_used=3403Kb free=242356Kb
 bounds [0x0000000002aa0000, 0x0000000002e00000, 0x0000000011aa0000]
 total_blobs=1142 nmethods=877 adapters=179
 compilation: enabled

Compilation events (10 events):
Event: 1.483 Thread 0x00000000151cc000 nmethod 868 0x0000000002de8b90 code [0x0000000002de8d00, 0x0000000002de8f10]
Event: 1.483 Thread 0x00000000151cc000  826       3       com.android.dx.rop.code.LocalVariableInfo::getStarts (19 bytes)
Event: 1.484 Thread 0x00000000151cc000 nmethod 826 0x0000000002de9010 code [0x0000000002de9180, 0x0000000002de9488]
Event: 1.484 Thread 0x00000000151cc000  827       3       com.android.dx.dex.code.RopTranslator$TranslationVisitor::setBlock (11 bytes)
Event: 1.484 Thread 0x00000000151cc000 nmethod 827 0x0000000002de9690 code [0x0000000002de97e0, 0x0000000002de9950]
Event: 1.484 Thread 0x00000000151cc000  864       3       com.android.dx.dex.code.RopTranslator$LocalVariableAwareTranslationVisitor::visitPlainInsn (11 bytes)
Event: 1.484 Thread 0x00000000151cc000 nmethod 864 0x0000000002de99d0 code [0x0000000002de9be0, 0x0000000002dea718]
Event: 1.485 Thread 0x00000000151cc000  865       3       com.android.dx.dex.code.RopTranslator$TranslationVisitor::visitPlainInsn (161 bytes)
Event: 1.486 Thread 0x00000000151cc000 nmethod 865 0x0000000002dead50 code [0x0000000002deafe0, 0x0000000002dec338]
Event: 1.486 Thread 0x00000000151cc000  859       3       java.util.ArrayList::<init> (61 bytes)

GC Heap History (0 events):
No events

Deoptimization events (0 events):
No events

Internal exceptions (10 events):
Event: 1.197 Thread 0x0000000016b7e000 Exception <a 'java/security/PrivilegedActionException'> (0x00000000eb640378) thrown at [D:\re\workspace\8-2-build-windows-amd64-cygwin\jdk8u20\1074\hotspot\src\share\vm\prims\jvm.cpp, line 1275]
Event: 1.198 Thread 0x0000000016b7e000 Exception <a 'java/security/PrivilegedActionException'> (0x00000000eb6458f8) thrown at [D:\re\workspace\8-2-build-windows-amd64-cygwin\jdk8u20\1074\hotspot\src\share\vm\prims\jvm.cpp, line 1275]
Event: 1.198 Thread 0x000000000289d800 Exception <a 'java/security/PrivilegedActionException'> (0x00000000eb4fe290) thrown at [D:\re\workspace\8-2-build-windows-amd64-cygwin\jdk8u20\1074\hotspot\src\share\vm\prims\jvm.cpp, line 1275]
Event: 1.203 Thread 0x0000000016b7b000 Exception <a 'java/security/PrivilegedActionException'> (0x00000000eb473460) thrown at [D:\re\workspace\8-2-build-windows-amd64-cygwin\jdk8u20\1074\hotspot\src\share\vm\prims\jvm.cpp, line 1275]
Event: 1.204 Thread 0x0000000016b7e000 Exception <a 'java/security/PrivilegedActionException'> (0x00000000eb649558) thrown at [D:\re\workspace\8-2-build-windows-amd64-cygwin\jdk8u20\1074\hotspot\src\share\vm\prims\jvm.cpp, line 1275]
Event: 1.205 Thread 0x0000000016b7e000 Exception <a 'java/security/PrivilegedActionException'> (0x00000000eb64de38) thrown at [D:\re\workspace\8-2-build-windows-amd64-cygwin\jdk8u20\1074\hotspot\src\share\vm\prims\jvm.cpp, line 1275]
Event: 1.219 Thread 0x000000000289d800 Exception <a 'java/security/PrivilegedActionException'> (0x00000000eb546de8) thrown at [D:\re\workspace\8-2-build-windows-amd64-cygwin\jdk8u20\1074\hotspot\src\share\vm\prims\jvm.cpp, line 1275]
Event: 1.245 Thread 0x000000000289d800 Exception <a 'java/security/PrivilegedActionException'> (0x00000000eb7d1ed8) thrown at [D:\re\workspace\8-2-build-windows-amd64-cygwin\jdk8u20\1074\hotspot\src\share\vm\prims\jvm.cpp, line 1275]
Event: 1.295 Thread 0x0000000016b7f000 Exception <a 'java/security/PrivilegedActionException'> (0x00000000eb73ccf8) thrown at [D:\re\workspace\8-2-build-windows-amd64-cygwin\jdk8u20\1074\hotspot\src\share\vm\prims\jvm.cpp, line 1275]
Event: 1.307 Thread 0x0000000016b7f000 Exception <a 'java/security/PrivilegedActionException'> (0x00000000eb900cd8) thrown at [D:\re\workspace\8-2-build-windows-amd64-cygwin\jdk8u20\1074\hotspot\src\share\vm\prims\jvm.cpp, line 1275]

Events (10 events):
Event: 1.295 loading class com/android/dx/ssa/PhiInsn$Operand
Event: 1.295 loading class com/android/dx/ssa/PhiInsn$Operand done
Event: 1.306 loading class java/util/ArrayList$1
Event: 1.306 loading class com/android/dx/ssa/back/FirstFitLocalCombiningAllocator$Multiset
Event: 1.306 loading class com/android/dx/ssa/back/FirstFitLocalCombiningAllocator$Multiset done
Event: 1.307 loading class java/util/ArrayList$1 done
Event: 1.308 loading class java/util/DualPivotQuicksort
Event: 1.308 loading class java/util/DualPivotQuicksort done
Event: 1.470 Executing VM operation: ForceSafepoint
Event: 1.474 Executing VM operation: ForceSafepoint done


Dynamic libraries:
0x00007ff7b3920000 - 0x00007ff7b3954000 	C:\Program Files\Java\jdk1.8.0_20\bin\java.exe
0x00007ffd0d350000 - 0x00007ffd0d511000 	C:\WINDOWS\SYSTEM32\ntdll.dll
0x00007ffd0ca30000 - 0x00007ffd0cadd000 	C:\WINDOWS\system32\KERNEL32.DLL
0x00007ffd09c60000 - 0x00007ffd09e48000 	C:\WINDOWS\system32\KERNELBASE.dll
0x00007ffd0d0b0000 - 0x00007ffd0d157000 	C:\WINDOWS\system32\ADVAPI32.dll
0x00007ffd0c750000 - 0x00007ffd0c7ed000 	C:\WINDOWS\system32\msvcrt.dll
0x00007ffd0d1a0000 - 0x00007ffd0d1fb000 	C:\WINDOWS\system32\sechost.dll
0x00007ffd0c510000 - 0x00007ffd0c62c000 	C:\WINDOWS\system32\RPCRT4.dll
0x00007ffd0c850000 - 0x00007ffd0c9a6000 	C:\WINDOWS\system32\USER32.dll
0x00007ffd0caf0000 - 0x00007ffd0cc76000 	C:\WINDOWS\system32\GDI32.dll
0x00007ffcfda20000 - 0x00007ffcfdc94000 	C:\WINDOWS\WinSxS\amd64_microsoft.windows.common-controls_6595b64144ccf1df_6.0.10586.589_none_a2ddb3caa539acce\COMCTL32.dll
0x00007ffd0ad30000 - 0x00007ffd0afad000 	C:\WINDOWS\system32\combase.dll
0x00007ffd09f90000 - 0x00007ffd09ffa000 	C:\WINDOWS\system32\bcryptPrimitives.dll
0x00007ffd0d160000 - 0x00007ffd0d19b000 	C:\WINDOWS\system32\IMM32.DLL
0x0000000062220000 - 0x00000000622f2000 	C:\Program Files\Java\jdk1.8.0_20\jre\bin\msvcr100.dll
0x00000000619c0000 - 0x0000000062218000 	C:\Program Files\Java\jdk1.8.0_20\jre\bin\server\jvm.dll
0x00007ffd0cae0000 - 0x00007ffd0cae8000 	C:\WINDOWS\system32\PSAPI.DLL
0x00007ffcff5e0000 - 0x00007ffcff5e9000 	C:\WINDOWS\SYSTEM32\WSOCK32.dll
0x00007ffd0c9b0000 - 0x00007ffd0ca1b000 	C:\WINDOWS\system32\WS2_32.dll
0x00007ffd07de0000 - 0x00007ffd07e03000 	C:\WINDOWS\SYSTEM32\WINMM.dll
0x00007ffd07d80000 - 0x00007ffd07dac000 	C:\WINDOWS\SYSTEM32\WINMMBASE.dll
0x00007ffd09e50000 - 0x00007ffd09e93000 	C:\WINDOWS\system32\cfgmgr32.dll
0x00000000619b0000 - 0x00000000619bf000 	C:\Program Files\Java\jdk1.8.0_20\jre\bin\verify.dll
0x0000000061980000 - 0x00000000619a8000 	C:\Program Files\Java\jdk1.8.0_20\jre\bin\java.dll
0x0000000061960000 - 0x0000000061976000 	C:\Program Files\Java\jdk1.8.0_20\jre\bin\zip.dll
0x00007ffd0afb0000 - 0x00007ffd0c50c000 	C:\WINDOWS\system32\SHELL32.dll
0x00007ffd0a020000 - 0x00007ffd0a665000 	C:\WINDOWS\system32\windows.storage.dll
0x00007ffd0c7f0000 - 0x00007ffd0c842000 	C:\WINDOWS\system32\shlwapi.dll
0x00007ffd099d0000 - 0x00007ffd099df000 	C:\WINDOWS\system32\kernel.appcore.dll
0x00007ffd0a670000 - 0x00007ffd0a725000 	C:\WINDOWS\system32\shcore.dll
0x00007ffd09980000 - 0x00007ffd099cb000 	C:\WINDOWS\system32\powrprof.dll
0x00007ffd09960000 - 0x00007ffd09974000 	C:\WINDOWS\system32\profapi.dll
0x00007ffd00650000 - 0x00007ffd007dc000 	C:\WINDOWS\SYSTEM32\dbghelp.dll

VM Arguments:
jvm_args: -Djava.awt.headless=true -Xmx1024M -Dfile.encoding=windows-1252 -Duser.country=US -Duser.language=en -Duser.variant 
java_command: com.android.dx.command.Main --dex --force-jumbo --num-threads=4 --multi-dex --output C:\Users\admin\Documents\GitHub\ShaneelSD\SoftwareDesign\FindMeTutor\FindMeTutor\tutor_app\build\intermediates\transforms\dex\debug\folders\1000\10\internal_impl-24.2.1_3a3f8f4d6e0e7d478b900abfbb29b5208c90376a C:\Users\admin\Documents\GitHub\ShaneelSD\SoftwareDesign\FindMeTutor\FindMeTutor\tutor_app\build\intermediates\exploded-aar\com.android.support\support-media-compat\24.2.1\jars\libs\internal_impl-24.2.1.jar
java_class_path (initial): C:\Users\admin\AppData\Local\Android\sdk\build-tools\24.0.1\lib\dx.jar
Launcher Type: SUN_STANDARD

Environment Variables:
PATH=C:\ProgramData\Oracle\Java\javapath;C:\Program Files (x86)\Intel\iCLS Client\;C:\Program Files\Intel\iCLS Client\;C:\WINDOWS\system32;C:\WINDOWS;C:\WINDOWS\System32\Wbem;C:\WINDOWS\System32\WindowsPowerShell\v1.0\;C:\Program Files\Intel\Intel(R) Management Engine Components\DAL;C:\Program Files\Intel\Intel(R) Management Engine Components\IPT;C:\Program Files (x86)\Intel\Intel(R) Management Engine Components\DAL;C:\Program Files (x86)\Intel\Intel(R) Management Engine Components\IPT;C:\Program Files\WIDCOMM\Bluetooth Software\;C:\Program Files\WIDCOMM\Bluetooth Software\syswow64;C:\Program Files (x86)\Intel\OpenCL SDK\2.0\bin\x86;C:\Program Files (x86)\Intel\OpenCL SDK\2.0\bin\x64;C:\Program Files\Intel\WiFi\bin\;C:\Program Files\Common Files\Intel\WirelessCommon\;c:\Program Files (x86)\Microsoft SQL Server\100\Tools\Binn\;c:\Program Files\Microsoft SQL Server\100\Tools\Binn\;c:\Program Files\Microsoft SQL Server\100\DTS\Binn\;C:\Program Files (x86)\MySQL\MySQL Fabric 1.5.4 & MySQL Utilities 1.5.4 1.5\;C:\Program Files (x86)\MySQL\MySQL Fabric 1.5.4 & MySQL Utilities 1.5.4 1.5\Doctrine extensions for PHP\;C:\Program Files (x86)\Borland\Delphi7\Bin;C:\Program Files (x86)\Borland\Delphi7\Projects\Bpl;C:\Program Files (x86)\Borland\Delphi7\Rave5;C:\Program Files\Git\cmd;C:\Program Files\Intel\WiFi\bin\;C:\Program Files\Common Files\Intel\WirelessCommon\
USERNAME=admin
OS=Windows_NT
PROCESSOR_IDENTIFIER=Intel64 Family 6 Model 58 Stepping 9, GenuineIntel



---------------  S Y S T E M  ---------------

OS: Windows 8.1 , 64 bit Build 9600 

CPU:total 4 (2 cores per cpu, 2 threads per core) family 6 model 58 stepping 9, cmov, cx8, fxsr, mmx, sse, sse2, sse3, ssse3, sse4.1, sse4.2, popcnt, avx, aes, clmul, erms, ht, tsc, tscinvbit, tscinv

Memory: 4k page, physical 8258576k(1682644k free), swap 10306576k(5132k free)

vm_info: Java HotSpot(TM) 64-Bit Server VM (25.20-b23) for windows-amd64 JRE (1.8.0_20-b26), built on Jul 30 2014 13:51:23 by "java_re" with MS VC++ 10.0 (VS2010)

time: Mon Oct 03 15:10:24 2016
elapsed time: 1 seconds (0d 0h 0m 1s)

