#
# There is insufficient memory for the Java Runtime Environment to continue.
# Native memory allocation (malloc) failed to allocate 660176 bytes for Chunk::new
# Possible reasons:
#   The system is out of physical RAM or swap space
#   In 32 bit mode, the process size limit was hit
# Possible solutions:
#   Reduce memory load on the system
#   Increase physical memory or swap space
#   Check if swap backing store is full
#   Use 64 bit Java on a 64 bit OS
#   Decrease Java heap size (-Xmx/-Xms)
#   Decrease number of Java threads
#   Decrease Java thread stack sizes (-Xss)
#   Set larger code cache with -XX:ReservedCodeCacheSize=
# This output file may be truncated or incomplete.
#
#  Out of Memory Error (allocation.cpp:390), pid=13040, tid=5760
#
# JRE version: Java(TM) SE Runtime Environment (8.0_20-b26) (build 1.8.0_20-b26)
# Java VM: Java HotSpot(TM) 64-Bit Server VM (25.20-b23 mixed mode windows-amd64 compressed oops)
# Failed to write core dump. Minidumps are not enabled by default on client versions of Windows
#

---------------  T H R E A D  ---------------

Current thread (0x000000001555a800):  JavaThread "C2 CompilerThread0" daemon [_thread_in_native, id=5760, stack(0x0000000016ab0000,0x0000000016bb0000)]

Stack: [0x0000000016ab0000,0x0000000016bb0000]
Native frames: (J=compiled Java code, j=interpreted, Vv=VM code, C=native code)
V  [jvm.dll+0x3152fa]
V  [jvm.dll+0x265d03]
V  [jvm.dll+0x266943]
V  [jvm.dll+0x25e265]
V  [jvm.dll+0xbe255]
V  [jvm.dll+0xbe6fc]
V  [jvm.dll+0x45c472]
V  [jvm.dll+0x49d76f]
V  [jvm.dll+0x451911]
V  [jvm.dll+0x452634]
V  [jvm.dll+0x435fc2]
V  [jvm.dll+0x97b62]
V  [jvm.dll+0x98353]
V  [jvm.dll+0x22aac4]
V  [jvm.dll+0x283f5a]
C  [msvcr100.dll+0x21d9f]
C  [msvcr100.dll+0x21e3b]
C  [KERNEL32.DLL+0x18102]
C  [ntdll.dll+0x5c5b4]


Current CompileTask:
C2:  20788  747       4       com.android.dx.ssa.SsaBasicBlock::forEachInsn (37 bytes)


---------------  P R O C E S S  ---------------

Java Threads: ( => current thread )
  0x00000000170e2000 JavaThread "pool-2-thread-4" [_thread_in_Java, id=7572, stack(0x00000000177b0000,0x00000000178b0000)]
  0x00000000170e1000 JavaThread "pool-2-thread-3" [_thread_in_Java, id=9524, stack(0x00000000176b0000,0x00000000177b0000)]
  0x0000000017015800 JavaThread "pool-2-thread-2" [_thread_in_Java, id=11796, stack(0x00000000175b0000,0x00000000176b0000)]
  0x0000000017012800 JavaThread "pool-3-thread-1" [_thread_blocked, id=988, stack(0x00000000174b0000,0x00000000175b0000)]
  0x0000000017010000 JavaThread "pool-2-thread-1" [_thread_in_Java, id=13092, stack(0x00000000173b0000,0x00000000174b0000)]
  0x00000000155ac000 JavaThread "Service Thread" daemon [_thread_blocked, id=9324, stack(0x0000000016db0000,0x0000000016eb0000)]
  0x00000000155a5800 JavaThread "C1 CompilerThread2" daemon [_thread_in_native, id=2904, stack(0x0000000016cb0000,0x0000000016db0000)]
  0x00000000155a3000 JavaThread "C2 CompilerThread1" daemon [_thread_in_native, id=13160, stack(0x0000000016bb0000,0x0000000016cb0000)]
=>0x000000001555a800 JavaThread "C2 CompilerThread0" daemon [_thread_in_native, id=5760, stack(0x0000000016ab0000,0x0000000016bb0000)]
  0x0000000015558000 JavaThread "Attach Listener" daemon [_thread_blocked, id=11048, stack(0x00000000169b0000,0x0000000016ab0000)]
  0x0000000015557000 JavaThread "Signal Dispatcher" daemon [_thread_blocked, id=3092, stack(0x00000000168b0000,0x00000000169b0000)]
  0x0000000002e70000 JavaThread "Finalizer" daemon [_thread_blocked, id=3140, stack(0x00000000167b0000,0x00000000168b0000)]
  0x0000000002e6d000 JavaThread "Reference Handler" daemon [_thread_blocked, id=12240, stack(0x00000000166b0000,0x00000000167b0000)]
  0x0000000002a7d800 JavaThread "main" [_thread_blocked, id=9312, stack(0x0000000002b80000,0x0000000002c80000)]

Other Threads:
  0x0000000015516000 VMThread [stack: 0x00000000165b0000,0x00000000166b0000] [id=6772]
  0x0000000016eb0800 WatcherThread [stack: 0x00000000172b0000,0x00000000173b0000] [id=32]

VM state:not at safepoint (normal execution)

VM Mutex/Monitor currently owned by a thread: None

Heap:
 PSYoungGen      total 38400K, used 17373K [0x00000000eab00000, 0x00000000ed580000, 0x0000000100000000)
  eden space 33280K, 52% used [0x00000000eab00000,0x00000000ebbf77a0,0x00000000ecb80000)
  from space 5120K, 0% used [0x00000000ed080000,0x00000000ed080000,0x00000000ed580000)
  to   space 5120K, 0% used [0x00000000ecb80000,0x00000000ecb80000,0x00000000ed080000)
 ParOldGen       total 87552K, used 0K [0x00000000c0000000, 0x00000000c5580000, 0x00000000eab00000)
  object space 87552K, 0% used [0x00000000c0000000,0x00000000c0000000,0x00000000c5580000)
 Metaspace       used 5692K, capacity 6704K, committed 6784K, reserved 1056768K
  class space    used 582K, capacity 616K, committed 640K, reserved 1048576K

Card table byte_map: [0x0000000012240000,0x0000000012450000] byte_map_base: 0x0000000011c40000

Marking Bits: (ParMarkBitMap*) 0x000000005352b460
 Begin Bits: [0x00000000129b0000, 0x00000000139b0000)
 End Bits:   [0x00000000139b0000, 0x00000000149b0000)

Polling page: 0x0000000000bf0000

CodeCache: size=245760Kb used=3294Kb max_used=3294Kb free=242465Kb
 bounds [0x0000000002e80000, 0x00000000031c0000, 0x0000000011e80000]
 total_blobs=1052 nmethods=788 adapters=178
 compilation: enabled

Compilation events (10 events):
Event: 20.466 Thread 0x00000000155a5800  766       3       com.android.dx.ssa.back.FirstFitLocalCombiningAllocator::getParameterIndexForReg (55 bytes)
Event: 20.467 Thread 0x00000000155a5800 nmethod 766 0x000000000319fbd0 code [0x000000000319fd80, 0x00000000031a0668]
Event: 20.467 Thread 0x00000000155a5800  773       3       com.android.dx.ssa.back.SsaToRop$PhiVisitor::<init> (10 bytes)
Event: 20.468 Thread 0x00000000155a5800 nmethod 773 0x0000000003191910 code [0x0000000003191a60, 0x0000000003191c30]
Event: 20.468 Thread 0x00000000155a5800  774       3       com.android.dx.ssa.SsaBasicBlock::removeAllPhiInsns (18 bytes)
Event: 20.469 Thread 0x00000000155a3000  780       4       com.android.dx.rop.code.RegisterSpec::hashCodeOf (30 bytes)
Event: 20.470 Thread 0x00000000155a5800 nmethod 774 0x00000000031a0890 code [0x00000000031a0a60, 0x00000000031a1008]
Event: 20.470 Thread 0x00000000155a5800  777       3       java.util.ArrayList::removeRange (75 bytes)
Event: 20.471 Thread 0x00000000155a5800 nmethod 777 0x00000000031a1390 code [0x00000000031a1520, 0x00000000031a1988]
Event: 20.471 Thread 0x00000000155a5800  781       3       com.android.dx.ssa.back.SsaToRop$1::visitBlock (97 bytes)

GC Heap History (0 events):
No events

Deoptimization events (0 events):
No events

Internal exceptions (10 events):
Event: 19.602 Thread 0x00000000170e2000 Exception <a 'java/security/PrivilegedActionException'> (0x00000000eb4cc000) thrown at [D:\re\workspace\8-2-build-windows-amd64-cygwin\jdk8u20\1074\hotspot\src\share\vm\prims\jvm.cpp, line 1275]
Event: 19.605 Thread 0x00000000170e2000 Exception <a 'java/security/PrivilegedActionException'> (0x00000000eb61cf20) thrown at [D:\re\workspace\8-2-build-windows-amd64-cygwin\jdk8u20\1074\hotspot\src\share\vm\prims\jvm.cpp, line 1275]
Event: 19.616 Thread 0x00000000170e2000 Exception <a 'java/security/PrivilegedActionException'> (0x00000000eb629718) thrown at [D:\re\workspace\8-2-build-windows-amd64-cygwin\jdk8u20\1074\hotspot\src\share\vm\prims\jvm.cpp, line 1275]
Event: 19.618 Thread 0x00000000170e2000 Exception <a 'java/security/PrivilegedActionException'> (0x00000000eb62f980) thrown at [D:\re\workspace\8-2-build-windows-amd64-cygwin\jdk8u20\1074\hotspot\src\share\vm\prims\jvm.cpp, line 1275]
Event: 19.679 Thread 0x00000000170e2000 Exception <a 'java/security/PrivilegedActionException'> (0x00000000eb634260) thrown at [D:\re\workspace\8-2-build-windows-amd64-cygwin\jdk8u20\1074\hotspot\src\share\vm\prims\jvm.cpp, line 1275]
Event: 19.795 Thread 0x0000000017010000 Exception <a 'java/security/PrivilegedActionException'> (0x00000000eb0c4b50) thrown at [D:\re\workspace\8-2-build-windows-amd64-cygwin\jdk8u20\1074\hotspot\src\share\vm\prims\jvm.cpp, line 1275]
Event: 19.951 Thread 0x00000000170e2000 Exception <a 'java/security/PrivilegedActionException'> (0x00000000eb6626b8) thrown at [D:\re\workspace\8-2-build-windows-amd64-cygwin\jdk8u20\1074\hotspot\src\share\vm\prims\jvm.cpp, line 1275]
Event: 20.167 Thread 0x00000000170e1000 Exception <a 'java/security/PrivilegedActionException'> (0x00000000eb215a98) thrown at [D:\re\workspace\8-2-build-windows-amd64-cygwin\jdk8u20\1074\hotspot\src\share\vm\prims\jvm.cpp, line 1275]
Event: 20.194 Thread 0x00000000170e1000 Exception <a 'java/security/PrivilegedActionException'> (0x00000000eb21b5c0) thrown at [D:\re\workspace\8-2-build-windows-amd64-cygwin\jdk8u20\1074\hotspot\src\share\vm\prims\jvm.cpp, line 1275]
Event: 20.196 Thread 0x00000000170e1000 Exception <a 'java/security/PrivilegedActionException'> (0x00000000eb21e3e0) thrown at [D:\re\workspace\8-2-build-windows-amd64-cygwin\jdk8u20\1074\hotspot\src\share\vm\prims\jvm.cpp, line 1275]

Events (10 events):
Event: 19.951 loading class com/android/dx/cf/code/SwitchList
Event: 19.951 loading class com/android/dx/cf/code/SwitchList done
Event: 20.167 loading class com/android/dx/dex/file/AnnotationUtils
Event: 20.167 loading class com/android/dx/dex/file/AnnotationUtils done
Event: 20.194 loading class com/android/dx/rop/cst/CstArray
Event: 20.194 loading class com/android/dx/rop/cst/CstArray done
Event: 20.196 loading class com/android/dx/rop/cst/CstAnnotation
Event: 20.196 loading class com/android/dx/rop/cst/CstAnnotation done
Event: 20.429 loading class java/util/ArrayList$1
Event: 20.429 loading class java/util/ArrayList$1 done


Dynamic libraries:
0x00007ff70bfb0000 - 0x00007ff70bfe4000 	C:\Program Files\Java\jdk1.8.0_20\bin\java.exe
0x00007ffa0e240000 - 0x00007ffa0e401000 	C:\WINDOWS\SYSTEM32\ntdll.dll
0x00007ffa0c2c0000 - 0x00007ffa0c36d000 	C:\WINDOWS\system32\KERNEL32.DLL
0x00007ffa0b360000 - 0x00007ffa0b548000 	C:\WINDOWS\system32\KERNELBASE.dll
0x00007ffa0bb90000 - 0x00007ffa0bc37000 	C:\WINDOWS\system32\ADVAPI32.dll
0x00007ffa0c200000 - 0x00007ffa0c29d000 	C:\WINDOWS\system32\msvcrt.dll
0x00007ffa0c710000 - 0x00007ffa0c76b000 	C:\WINDOWS\system32\sechost.dll
0x00007ffa0c370000 - 0x00007ffa0c48c000 	C:\WINDOWS\system32\RPCRT4.dll
0x00007ffa0c770000 - 0x00007ffa0c8c6000 	C:\WINDOWS\system32\USER32.dll
0x00007ffa0e0b0000 - 0x00007ffa0e236000 	C:\WINDOWS\system32\GDI32.dll
0x00007ffa01a70000 - 0x00007ffa01ce4000 	C:\WINDOWS\WinSxS\amd64_microsoft.windows.common-controls_6595b64144ccf1df_6.0.10586.589_none_a2ddb3caa539acce\COMCTL32.dll
0x00007ffa0c490000 - 0x00007ffa0c70d000 	C:\WINDOWS\system32\combase.dll
0x00007ffa0afe0000 - 0x00007ffa0b04a000 	C:\WINDOWS\system32\bcryptPrimitives.dll
0x00007ffa0e060000 - 0x00007ffa0e09b000 	C:\WINDOWS\system32\IMM32.DLL
0x0000000053f00000 - 0x0000000053fd2000 	C:\Program Files\Java\jdk1.8.0_20\jre\bin\msvcr100.dll
0x0000000052d50000 - 0x00000000535a8000 	C:\Program Files\Java\jdk1.8.0_20\jre\bin\server\jvm.dll
0x00007ffa0ba50000 - 0x00007ffa0ba58000 	C:\WINDOWS\system32\PSAPI.DLL
0x00007ff9fffe0000 - 0x00007ff9fffe9000 	C:\WINDOWS\SYSTEM32\WSOCK32.dll
0x00007ffa0dfe0000 - 0x00007ffa0e04b000 	C:\WINDOWS\system32\WS2_32.dll
0x00007ffa09040000 - 0x00007ffa09063000 	C:\WINDOWS\SYSTEM32\WINMM.dll
0x00007ffa09010000 - 0x00007ffa0903c000 	C:\WINDOWS\SYSTEM32\WINMMBASE.dll
0x00007ffa0b550000 - 0x00007ffa0b593000 	C:\WINDOWS\system32\cfgmgr32.dll
0x0000000053ef0000 - 0x0000000053eff000 	C:\Program Files\Java\jdk1.8.0_20\jre\bin\verify.dll
0x0000000052d20000 - 0x0000000052d48000 	C:\Program Files\Java\jdk1.8.0_20\jre\bin\java.dll
0x0000000053ed0000 - 0x0000000053ee6000 	C:\Program Files\Java\jdk1.8.0_20\jre\bin\zip.dll
0x00007ffa0c8d0000 - 0x00007ffa0de2c000 	C:\WINDOWS\system32\SHELL32.dll
0x00007ffa0a990000 - 0x00007ffa0afd5000 	C:\WINDOWS\system32\windows.storage.dll
0x00007ffa0ba60000 - 0x00007ffa0bab2000 	C:\WINDOWS\system32\shlwapi.dll
0x00007ffa0a8c0000 - 0x00007ffa0a8cf000 	C:\WINDOWS\system32\kernel.appcore.dll
0x00007ffa0a8d0000 - 0x00007ffa0a985000 	C:\WINDOWS\system32\shcore.dll
0x00007ffa0a860000 - 0x00007ffa0a8ab000 	C:\WINDOWS\system32\powrprof.dll
0x00007ffa0a840000 - 0x00007ffa0a854000 	C:\WINDOWS\system32\profapi.dll
0x00007ffa020b0000 - 0x00007ffa0223c000 	C:\WINDOWS\SYSTEM32\dbghelp.dll

VM Arguments:
jvm_args: -Djava.awt.headless=true -Xmx1024M -Dfile.encoding=windows-1252 -Duser.country=US -Duser.language=en -Duser.variant 
java_command: com.android.dx.command.Main --dex --force-jumbo --num-threads=4 --multi-dex --output C:\Users\admin\Documents\GitHub\ShaneelSD\SoftwareDesign\FindMeTutor\FindMeTutor\tutor_app\build\intermediates\transforms\dex\debug\folders\1000\2\activation_d4b5ae1b1dcb736593282fca59a2774e2d96105a C:\Users\admin\Documents\GitHub\ShaneelSD\SoftwareDesign\FindMeTutor\FindMeTutor\tutor_app\src\main\libs\activation.jar
java_class_path (initial): C:\Users\admin\AppData\Local\Android\sdk\build-tools\24.0.1\lib\dx.jar
Launcher Type: SUN_STANDARD

Environment Variables:
PATH=C:\ProgramData\Oracle\Java\javapath;C:\Program Files (x86)\Intel\iCLS Client\;C:\Program Files\Intel\iCLS Client\;C:\WINDOWS\system32;C:\WINDOWS;C:\WINDOWS\System32\Wbem;C:\WINDOWS\System32\WindowsPowerShell\v1.0\;C:\Program Files\Intel\Intel(R) Management Engine Components\DAL;C:\Program Files\Intel\Intel(R) Management Engine Components\IPT;C:\Program Files (x86)\Intel\Intel(R) Management Engine Components\DAL;C:\Program Files (x86)\Intel\Intel(R) Management Engine Components\IPT;C:\Program Files\WIDCOMM\Bluetooth Software\;C:\Program Files\WIDCOMM\Bluetooth Software\syswow64;C:\Program Files (x86)\Intel\OpenCL SDK\2.0\bin\x86;C:\Program Files (x86)\Intel\OpenCL SDK\2.0\bin\x64;C:\Program Files\Intel\WiFi\bin\;C:\Program Files\Common Files\Intel\WirelessCommon\;c:\Program Files (x86)\Microsoft SQL Server\100\Tools\Binn\;c:\Program Files\Microsoft SQL Server\100\Tools\Binn\;c:\Program Files\Microsoft SQL Server\100\DTS\Binn\;C:\Program Files (x86)\MySQL\MySQL Fabric 1.5.4 & MySQL Utilities 1.5.4 1.5\;C:\Program Files (x86)\MySQL\MySQL Fabric 1.5.4 & MySQL Utilities 1.5.4 1.5\Doctrine extensions for PHP\;C:\Program Files (x86)\Borland\Delphi7\Bin;C:\Program Files (x86)\Borland\Delphi7\Projects\Bpl;C:\Program Files (x86)\Borland\Delphi7\Rave5;C:\Program Files\Git\cmd;C:\Program Files\Intel\WiFi\bin\;C:\Program Files\Common Files\Intel\WirelessCommon\
USERNAME=admin
OS=Windows_NT
PROCESSOR_IDENTIFIER=Intel64 Family 6 Model 58 Stepping 9, GenuineIntel



---------------  S Y S T E M  ---------------

OS: Windows 8.1 , 64 bit Build 9600 

CPU:total 4 (2 cores per cpu, 2 threads per core) family 6 model 58 stepping 9, cmov, cx8, fxsr, mmx, sse, sse2, sse3, ssse3, sse4.1, sse4.2, popcnt, avx, aes, clmul, erms, ht, tsc, tscinvbit, tscinv

Memory: 4k page, physical 8258576k(1543524k free), swap 10306576k(2280k free)

vm_info: Java HotSpot(TM) 64-Bit Server VM (25.20-b23) for windows-amd64 JRE (1.8.0_20-b26), built on Jul 30 2014 13:51:23 by "java_re" with MS VC++ 10.0 (VS2010)

time: Thu Oct 06 17:13:36 2016
elapsed time: 20 seconds (0d 0h 0m 20s)

