#
# There is insufficient memory for the Java Runtime Environment to continue.
# Native memory allocation (malloc) failed to allocate 67108880 bytes for Chunk::new
# Possible reasons:
#   The system is out of physical RAM or swap space
#   In 32 bit mode, the process size limit was hit
# Possible solutions:
#   Reduce memory load on the system
#   Increase physical memory or swap space
#   Check if swap backing store is full
#   Use 64 bit Java on a 64 bit OS
#   Decrease Java heap size (-Xmx/-Xms)
#   Decrease number of Java threads
#   Decrease Java thread stack sizes (-Xss)
#   Set larger code cache with -XX:ReservedCodeCacheSize=
# This output file may be truncated or incomplete.
#
#  Out of Memory Error (allocation.cpp:390), pid=10616, tid=12192
#
# JRE version: Java(TM) SE Runtime Environment (8.0_20-b26) (build 1.8.0_20-b26)
# Java VM: Java HotSpot(TM) 64-Bit Server VM (25.20-b23 mixed mode windows-amd64 compressed oops)
# Failed to write core dump. Minidumps are not enabled by default on client versions of Windows
#

---------------  T H R E A D  ---------------

Current thread (0x0000000014a10000):  JavaThread "C2 CompilerThread1" daemon [_thread_in_native, id=12192, stack(0x0000000016070000,0x0000000016170000)]

Stack: [0x0000000016070000,0x0000000016170000]
Native frames: (J=compiled Java code, j=interpreted, Vv=VM code, C=native code)
V  [jvm.dll+0x3152fa]
V  [jvm.dll+0x265d03]
V  [jvm.dll+0x266943]
V  [jvm.dll+0x25e265]
V  [jvm.dll+0xbe255]
V  [jvm.dll+0xbe6fc]
V  [jvm.dll+0xf3878]
V  [jvm.dll+0x45df30]
V  [jvm.dll+0x45e1ea]
V  [jvm.dll+0x45f0cf]
V  [jvm.dll+0x461191]
V  [jvm.dll+0x4635c5]
V  [jvm.dll+0x463f4c]
V  [jvm.dll+0x464293]
V  [jvm.dll+0x451093]
V  [jvm.dll+0x452634]
V  [jvm.dll+0x435fc2]
V  [jvm.dll+0x97b62]
V  [jvm.dll+0x98353]
V  [jvm.dll+0x22aac4]
V  [jvm.dll+0x283f5a]
C  [msvcr100.dll+0x21d9f]
C  [msvcr100.dll+0x21e3b]
C  [KERNEL32.DLL+0x18102]
C  [ntdll.dll+0x5c5b4]


Current CompileTask:
C2:  13937 2122   !   4       com.android.dx.cf.code.Ropper::processBlock (1101 bytes)


---------------  P R O C E S S  ---------------

Java Threads: ( => current thread )
  0x000000001705d800 JavaThread "pool-1-thread-1" [_thread_in_Java, id=812, stack(0x0000000019830000,0x0000000019930000)]
  0x000000001629d800 JavaThread "Service Thread" daemon [_thread_blocked, id=1528, stack(0x0000000016670000,0x0000000016770000)]
  0x0000000014a13000 JavaThread "C1 CompilerThread2" daemon [_thread_blocked, id=4908, stack(0x0000000016170000,0x0000000016270000)]
=>0x0000000014a10000 JavaThread "C2 CompilerThread1" daemon [_thread_in_native, id=12192, stack(0x0000000016070000,0x0000000016170000)]
  0x0000000014a0e000 JavaThread "C2 CompilerThread0" daemon [_thread_in_native, id=4812, stack(0x0000000015f70000,0x0000000016070000)]
  0x0000000014a0b800 JavaThread "Attach Listener" daemon [_thread_blocked, id=6188, stack(0x0000000015e70000,0x0000000015f70000)]
  0x0000000014a0a800 JavaThread "Signal Dispatcher" daemon [_thread_blocked, id=2300, stack(0x0000000015d70000,0x0000000015e70000)]
  0x0000000002335000 JavaThread "Finalizer" daemon [_thread_blocked, id=11272, stack(0x0000000015c70000,0x0000000015d70000)]
  0x000000000232c000 JavaThread "Reference Handler" daemon [_thread_blocked, id=4080, stack(0x0000000015b70000,0x0000000015c70000)]
  0x000000000097d800 JavaThread "main" [_thread_blocked, id=12300, stack(0x00000000020f0000,0x00000000021f0000)]

Other Threads:
  0x00000000149d6000 VMThread [stack: 0x0000000015a70000,0x0000000015b70000] [id=8440]
  0x00000000162a5800 WatcherThread [stack: 0x0000000016770000,0x0000000016870000] [id=11856]

VM state:not at safepoint (normal execution)

VM Mutex/Monitor currently owned by a thread: None

Heap:
 PSYoungGen      total 251392K, used 73427K [0x00000000eab00000, 0x0000000100000000, 0x0000000100000000)
  eden space 153600K, 20% used [0x00000000eab00000,0x00000000eca0c2b8,0x00000000f4100000)
  from space 97792K, 42% used [0x00000000f4100000,0x00000000f69a8b60,0x00000000fa080000)
  to   space 93696K, 0% used [0x00000000fa480000,0x00000000fa480000,0x0000000100000000)
 ParOldGen       total 307200K, used 179559K [0x00000000c0000000, 0x00000000d2c00000, 0x00000000eab00000)
  object space 307200K, 58% used [0x00000000c0000000,0x00000000caf59d20,0x00000000d2c00000)
 Metaspace       used 6887K, capacity 7608K, committed 7936K, reserved 1056768K
  class space    used 633K, capacity 688K, committed 768K, reserved 1048576K

Card table byte_map: [0x0000000011700000,0x0000000011910000] byte_map_base: 0x0000000011100000

Marking Bits: (ParMarkBitMap*) 0x000000007053b460
 Begin Bits: [0x0000000011e70000, 0x0000000012e70000)
 End Bits:   [0x0000000012e70000, 0x0000000013e70000)

Polling page: 0x00000000001f0000

CodeCache: size=245760Kb used=11593Kb max_used=11610Kb free=234166Kb
 bounds [0x0000000002340000, 0x0000000002eb0000, 0x0000000011340000]
 total_blobs=3013 nmethods=2747 adapters=179
 compilation: enabled

Compilation events (10 events):
Event: 13.682 Thread 0x0000000014a13000 2818       1       com.android.dx.dex.code.CatchHandlerList$Entry::getExceptionType (5 bytes)
Event: 13.682 Thread 0x0000000014a13000 nmethod 2818 0x0000000002e74fd0 code [0x0000000002e75120, 0x0000000002e75230]
Event: 13.688 Thread 0x0000000014a13000 2819       1       com.android.dx.dex.code.form.Form10x::codeSize (2 bytes)
Event: 13.688 Thread 0x0000000014a13000 nmethod 2819 0x0000000002e75290 code [0x0000000002e753e0, 0x0000000002e754f0]
Event: 13.698 Thread 0x0000000014a13000 2820       2       java.lang.Integer::valueOf (32 bytes)
Event: 13.698 Thread 0x0000000014a13000 nmethod 2820 0x0000000002e75550 code [0x0000000002e756c0, 0x0000000002e75890]
Event: 13.699 Thread 0x0000000014a13000 2821       1       com.android.dx.dex.code.form.Form12x::codeSize (2 bytes)
Event: 13.699 Thread 0x0000000014a13000 nmethod 2821 0x0000000002e75990 code [0x0000000002e75ae0, 0x0000000002e75bf0]
Event: 13.706 Thread 0x0000000014a13000 2822       2       com.android.dx.ssa.RegisterMapper::map (73 bytes)
Event: 13.707 Thread 0x0000000014a13000 nmethod 2822 0x0000000002e75c50 code [0x0000000002e75e00, 0x0000000002e762a8]

GC Heap History (10 events):
Event: 7.391 GC heap before
{Heap before GC invocations=9 (full 1):
 PSYoungGen      total 295936K, used 267188K [0x00000000eab00000, 0x0000000100000000, 0x0000000100000000)
  eden space 261632K, 100% used [0x00000000eab00000,0x00000000faa80000,0x00000000faa80000)
  from space 34304K, 16% used [0x00000000faa80000,0x00000000fafed140,0x00000000fcc00000)
  to   space 52736K, 0% used [0x00000000fcc80000,0x00000000fcc80000,0x0000000100000000)
 ParOldGen       total 171520K, used 87081K [0x00000000c0000000, 0x00000000ca780000, 0x00000000eab00000)
  object space 171520K, 50% used [0x00000000c0000000,0x00000000c550a618,0x00000000ca780000)
 Metaspace       used 6521K, capacity 7320K, committed 7680K, reserved 1056768K
  class space    used 615K, capacity 656K, committed 768K, reserved 1048576K
Event: 7.521 GC heap after
Heap after GC invocations=9 (full 1):
 PSYoungGen      total 283136K, used 45357K [0x00000000eab00000, 0x0000000100000000, 0x0000000100000000)
  eden space 230400K, 0% used [0x00000000eab00000,0x00000000eab00000,0x00000000f8c00000)
  from space 52736K, 86% used [0x00000000fcc80000,0x00000000ff8cb778,0x0000000100000000)
  to   space 59392K, 0% used [0x00000000f8c00000,0x00000000f8c00000,0x00000000fc600000)
 ParOldGen       total 171520K, used 87081K [0x00000000c0000000, 0x00000000ca780000, 0x00000000eab00000)
  object space 171520K, 50% used [0x00000000c0000000,0x00000000c550a618,0x00000000ca780000)
 Metaspace       used 6521K, capacity 7320K, committed 7680K, reserved 1056768K
  class space    used 615K, capacity 656K, committed 768K, reserved 1048576K
}
Event: 8.822 GC heap before
{Heap before GC invocations=10 (full 1):
 PSYoungGen      total 283136K, used 275757K [0x00000000eab00000, 0x0000000100000000, 0x0000000100000000)
  eden space 230400K, 100% used [0x00000000eab00000,0x00000000f8c00000,0x00000000f8c00000)
  from space 52736K, 86% used [0x00000000fcc80000,0x00000000ff8cb778,0x0000000100000000)
  to   space 59392K, 0% used [0x00000000f8c00000,0x00000000f8c00000,0x00000000fc600000)
 ParOldGen       total 171520K, used 87081K [0x00000000c0000000, 0x00000000ca780000, 0x00000000eab00000)
  object space 171520K, 50% used [0x00000000c0000000,0x00000000c550a618,0x00000000ca780000)
 Metaspace       used 6540K, capacity 7320K, committed 7680K, reserved 1056768K
  class space    used 615K, capacity 656K, committed 768K, reserved 1048576K
Event: 8.935 GC heap after
Heap after GC invocations=10 (full 1):
 PSYoungGen      total 289792K, used 59367K [0x00000000eab00000, 0x0000000100000000, 0x0000000100000000)
  eden space 230400K, 0% used [0x00000000eab00000,0x00000000eab00000,0x00000000f8c00000)
  from space 59392K, 99% used [0x00000000f8c00000,0x00000000fc5f9f40,0x00000000fc600000)
  to   space 59392K, 0% used [0x00000000fc600000,0x00000000fc600000,0x0000000100000000)
 ParOldGen       total 171520K, used 108067K [0x00000000c0000000, 0x00000000ca780000, 0x00000000eab00000)
  object space 171520K, 63% used [0x00000000c0000000,0x00000000c6988e08,0x00000000ca780000)
 Metaspace       used 6540K, capacity 7320K, committed 7680K, reserved 1056768K
  class space    used 615K, capacity 656K, committed 768K, reserved 1048576K
}
Event: 10.074 GC heap before
{Heap before GC invocations=11 (full 1):
 PSYoungGen      total 289792K, used 289767K [0x00000000eab00000, 0x0000000100000000, 0x0000000100000000)
  eden space 230400K, 100% used [0x00000000eab00000,0x00000000f8c00000,0x00000000f8c00000)
  from space 59392K, 99% used [0x00000000f8c00000,0x00000000fc5f9f40,0x00000000fc600000)
  to   space 59392K, 0% used [0x00000000fc600000,0x00000000fc600000,0x0000000100000000)
 ParOldGen       total 171520K, used 108067K [0x00000000c0000000, 0x00000000ca780000, 0x00000000eab00000)
  object space 171520K, 63% used [0x00000000c0000000,0x00000000c6988e08,0x00000000ca780000)
 Metaspace       used 6543K, capacity 7320K, committed 7680K, reserved 1056768K
  class space    used 615K, capacity 656K, committed 768K, reserved 1048576K
Event: 10.223 GC heap after
Heap after GC invocations=11 (full 1):
 PSYoungGen      total 212992K, used 59362K [0x00000000eab00000, 0x0000000100000000, 0x0000000100000000)
  eden space 153600K, 0% used [0x00000000eab00000,0x00000000eab00000,0x00000000f4100000)
  from space 59392K, 99% used [0x00000000fc600000,0x00000000ffff8a88,0x0000000100000000)
  to   space 97792K, 0% used [0x00000000f4100000,0x00000000f4100000,0x00000000fa080000)
 ParOldGen       total 171520K, used 143003K [0x00000000c0000000, 0x00000000ca780000, 0x00000000eab00000)
  object space 171520K, 83% used [0x00000000c0000000,0x00000000c8ba6ff0,0x00000000ca780000)
 Metaspace       used 6543K, capacity 7320K, committed 7680K, reserved 1056768K
  class space    used 615K, capacity 656K, committed 768K, reserved 1048576K
}
Event: 10.223 GC heap before
{Heap before GC invocations=12 (full 2):
 PSYoungGen      total 212992K, used 59362K [0x00000000eab00000, 0x0000000100000000, 0x0000000100000000)
  eden space 153600K, 0% used [0x00000000eab00000,0x00000000eab00000,0x00000000f4100000)
  from space 59392K, 99% used [0x00000000fc600000,0x00000000ffff8a88,0x0000000100000000)
  to   space 97792K, 0% used [0x00000000f4100000,0x00000000f4100000,0x00000000fa080000)
 ParOldGen       total 171520K, used 143003K [0x00000000c0000000, 0x00000000ca780000, 0x00000000eab00000)
  object space 171520K, 83% used [0x00000000c0000000,0x00000000c8ba6ff0,0x00000000ca780000)
 Metaspace       used 6543K, capacity 7320K, committed 7680K, reserved 1056768K
  class space    used 615K, capacity 656K, committed 768K, reserved 1048576K
Event: 11.570 GC heap after
Heap after GC invocations=12 (full 2):
 PSYoungGen      total 212992K, used 25506K [0x00000000eab00000, 0x0000000100000000, 0x0000000100000000)
  eden space 153600K, 0% used [0x00000000eab00000,0x00000000eab00000,0x00000000f4100000)
  from space 59392K, 42% used [0x00000000fc600000,0x00000000fdee8a48,0x0000000100000000)
  to   space 97792K, 0% used [0x00000000f4100000,0x00000000f4100000,0x00000000fa080000)
 ParOldGen       total 307200K, used 171503K [0x00000000c0000000, 0x00000000d2c00000, 0x00000000eab00000)
  object space 307200K, 55% used [0x00000000c0000000,0x00000000ca77bd20,0x00000000d2c00000)
 Metaspace       used 6543K, capacity 7320K, committed 7680K, reserved 1056768K
  class space    used 615K, capacity 656K, committed 768K, reserved 1048576K
}
Event: 12.699 GC heap before
{Heap before GC invocations=13 (full 2):
 PSYoungGen      total 212992K, used 179106K [0x00000000eab00000, 0x0000000100000000, 0x0000000100000000)
  eden space 153600K, 100% used [0x00000000eab00000,0x00000000f4100000,0x00000000f4100000)
  from space 59392K, 42% used [0x00000000fc600000,0x00000000fdee8a48,0x0000000100000000)
  to   space 97792K, 0% used [0x00000000f4100000,0x00000000f4100000,0x00000000fa080000)
 ParOldGen       total 307200K, used 171503K [0x00000000c0000000, 0x00000000d2c00000, 0x00000000eab00000)
  object space 307200K, 55% used [0x00000000c0000000,0x00000000ca77bd20,0x00000000d2c00000)
 Metaspace       used 6642K, capacity 7384K, committed 7680K, reserved 1056768K
  class space    used 621K, capacity 656K, committed 768K, reserved 1048576K
Event: 12.843 GC heap after
Heap after GC invocations=13 (full 2):
 PSYoungGen      total 251392K, used 41634K [0x00000000eab00000, 0x0000000100000000, 0x0000000100000000)
  eden space 153600K, 0% used [0x00000000eab00000,0x00000000eab00000,0x00000000f4100000)
  from space 97792K, 42% used [0x00000000f4100000,0x00000000f69a8b60,0x00000000fa080000)
  to   space 93696K, 0% used [0x00000000fa480000,0x00000000fa480000,0x0000000100000000)
 ParOldGen       total 307200K, used 179559K [0x00000000c0000000, 0x00000000d2c00000, 0x00000000eab00000)
  object space 307200K, 58% used [0x00000000c0000000,0x00000000caf59d20,0x00000000d2c00000)
 Metaspace       used 6642K, capacity 7384K, committed 7680K, reserved 1056768K
  class space    used 621K, capacity 656K, committed 768K, reserved 1048576K
}

Deoptimization events (10 events):
Event: 12.289 Thread 0x000000001705d800 Uncommon trap: reason=class_check action=maybe_recompile pc=0x0000000002848e08 method=java.util.Arrays.hashCode([Ljava/lang/Object;)I @ 43
Event: 12.978 Thread 0x000000001705d800 Uncommon trap: reason=unreached action=reinterpret pc=0x0000000002daad5c method=com.android.dx.dex.code.OutputFinisher.addConstants(Ljava/util/HashSet;Lcom/android/dx/rop/code/RegisterSpec;)V @ 57
Event: 13.437 Thread 0x000000001705d800 Uncommon trap: reason=speculate_class_check action=maybe_recompile pc=0x00000000027c62b8 method=com.android.dx.util.FixedSizeList.equals(Ljava/lang/Object;)Z @ 25
Event: 13.437 Thread 0x000000001705d800 Uncommon trap: reason=class_check action=maybe_recompile pc=0x00000000027d285c method=java.util.Arrays.equals([Ljava/lang/Object;[Ljava/lang/Object;)Z @ 62
Event: 13.437 Thread 0x000000001705d800 Uncommon trap: reason=speculate_class_check action=maybe_recompile pc=0x00000000027c62b8 method=com.android.dx.util.FixedSizeList.equals(Ljava/lang/Object;)Z @ 25
Event: 13.438 Thread 0x000000001705d800 Uncommon trap: reason=class_check action=maybe_recompile pc=0x00000000027d285c method=java.util.Arrays.equals([Ljava/lang/Object;[Ljava/lang/Object;)Z @ 62
Event: 13.438 Thread 0x000000001705d800 Uncommon trap: reason=speculate_class_check action=maybe_recompile pc=0x00000000027c62b8 method=com.android.dx.util.FixedSizeList.equals(Ljava/lang/Object;)Z @ 25
Event: 13.438 Thread 0x000000001705d800 Uncommon trap: reason=class_check action=maybe_recompile pc=0x00000000027d285c method=java.util.Arrays.equals([Ljava/lang/Object;[Ljava/lang/Object;)Z @ 62
Event: 13.438 Thread 0x000000001705d800 Uncommon trap: reason=speculate_class_check action=maybe_recompile pc=0x00000000027c62b8 method=com.android.dx.util.FixedSizeList.equals(Ljava/lang/Object;)Z @ 25
Event: 13.438 Thread 0x000000001705d800 Uncommon trap: reason=class_check action=maybe_recompile pc=0x00000000027d285c method=java.util.Arrays.equals([Ljava/lang/Object;[Ljava/lang/Object;)Z @ 62

Internal exceptions (10 events):
Event: 13.338 Thread 0x000000001705d800 Exception <a 'java/security/PrivilegedActionException'> (0x00000000eb67b068) thrown at [D:\re\workspace\8-2-build-windows-amd64-cygwin\jdk8u20\1074\hotspot\src\share\vm\prims\jvm.cpp, line 1275]
Event: 13.339 Thread 0x000000001705d800 Exception <a 'java/security/PrivilegedActionException'> (0x00000000eb680340) thrown at [D:\re\workspace\8-2-build-windows-amd64-cygwin\jdk8u20\1074\hotspot\src\share\vm\prims\jvm.cpp, line 1275]
Event: 13.340 Thread 0x000000001705d800 Exception <a 'java/security/PrivilegedActionException'> (0x00000000eb686970) thrown at [D:\re\workspace\8-2-build-windows-amd64-cygwin\jdk8u20\1074\hotspot\src\share\vm\prims\jvm.cpp, line 1275]
Event: 13.340 Thread 0x000000001705d800 Exception <a 'java/security/PrivilegedActionException'> (0x00000000eb689948) thrown at [D:\re\workspace\8-2-build-windows-amd64-cygwin\jdk8u20\1074\hotspot\src\share\vm\prims\jvm.cpp, line 1275]
Event: 13.341 Thread 0x000000001705d800 Exception <a 'java/security/PrivilegedActionException'> (0x00000000eb6967a8) thrown at [D:\re\workspace\8-2-build-windows-amd64-cygwin\jdk8u20\1074\hotspot\src\share\vm\prims\jvm.cpp, line 1275]
Event: 13.341 Thread 0x000000001705d800 Exception <a 'java/security/PrivilegedActionException'> (0x00000000eb69af08) thrown at [D:\re\workspace\8-2-build-windows-amd64-cygwin\jdk8u20\1074\hotspot\src\share\vm\prims\jvm.cpp, line 1275]
Event: 13.354 Thread 0x000000001705d800 Exception <a 'java/security/PrivilegedActionException'> (0x00000000eb6b7228) thrown at [D:\re\workspace\8-2-build-windows-amd64-cygwin\jdk8u20\1074\hotspot\src\share\vm\prims\jvm.cpp, line 1275]
Event: 13.437 Thread 0x000000001705d800 Exception <a 'java/security/PrivilegedActionException'> (0x00000000eb84bf50) thrown at [D:\re\workspace\8-2-build-windows-amd64-cygwin\jdk8u20\1074\hotspot\src\share\vm\prims\jvm.cpp, line 1275]
Event: 13.438 Thread 0x000000001705d800 Exception <a 'java/security/PrivilegedActionException'> (0x00000000eb84f7d0) thrown at [D:\re\workspace\8-2-build-windows-amd64-cygwin\jdk8u20\1074\hotspot\src\share\vm\prims\jvm.cpp, line 1275]
Event: 13.439 Thread 0x000000001705d800 Exception <a 'java/security/PrivilegedActionException'> (0x00000000eb854cc0) thrown at [D:\re\workspace\8-2-build-windows-amd64-cygwin\jdk8u20\1074\hotspot\src\share\vm\prims\jvm.cpp, line 1275]

Events (10 events):
Event: 13.464 Thread 0x000000001705d800 DEOPT PACKING pc=0x0000000002e16a4a sp=0x000000001992ea60
Event: 13.464 Thread 0x000000001705d800 DEOPT UNPACKING pc=0x00000000023875bf sp=0x000000001992e838 mode 0
Event: 13.467 Thread 0x000000001705d800 DEOPT PACKING pc=0x0000000002e10a6d sp=0x000000001992eb10
Event: 13.467 Thread 0x000000001705d800 DEOPT UNPACKING pc=0x00000000023875bf sp=0x000000001992e868 mode 0
Event: 13.565 Thread 0x000000001705d800 DEOPT PACKING pc=0x0000000002e1f119 sp=0x000000001992ea70
Event: 13.565 Thread 0x000000001705d800 DEOPT UNPACKING pc=0x00000000023875bf sp=0x000000001992e7e8 mode 0
Event: 13.573 Thread 0x000000001705d800 DEOPT PACKING pc=0x0000000002e20a42 sp=0x000000001992ea20
Event: 13.573 Thread 0x000000001705d800 DEOPT UNPACKING pc=0x00000000023875bf sp=0x000000001992e828 mode 0
Event: 13.631 Thread 0x000000001705d800 DEOPT PACKING pc=0x0000000002ded384 sp=0x000000001992e850
Event: 13.631 Thread 0x000000001705d800 DEOPT UNPACKING pc=0x00000000023875bf sp=0x000000001992e598 mode 0


Dynamic libraries:
0x00007ff747a00000 - 0x00007ff747a34000 	C:\Program Files\Java\jdk1.8.0_20\bin\java.exe
0x00007ff8cd7e0000 - 0x00007ff8cd9a1000 	C:\WINDOWS\SYSTEM32\ntdll.dll
0x00007ff8cd500000 - 0x00007ff8cd5ad000 	C:\WINDOWS\system32\KERNEL32.DLL
0x00007ff8ca250000 - 0x00007ff8ca438000 	C:\WINDOWS\system32\KERNELBASE.dll
0x00007ff8ccb50000 - 0x00007ff8ccbf7000 	C:\WINDOWS\system32\ADVAPI32.dll
0x00007ff8cd460000 - 0x00007ff8cd4fd000 	C:\WINDOWS\system32\msvcrt.dll
0x00007ff8cc860000 - 0x00007ff8cc8bb000 	C:\WINDOWS\system32\sechost.dll
0x00007ff8ccc60000 - 0x00007ff8ccd7c000 	C:\WINDOWS\system32\RPCRT4.dll
0x00007ff8cabc0000 - 0x00007ff8cad16000 	C:\WINDOWS\system32\USER32.dll
0x00007ff8ccee0000 - 0x00007ff8cd066000 	C:\WINDOWS\system32\GDI32.dll
0x00007ff8bd0d0000 - 0x00007ff8bd344000 	C:\WINDOWS\WinSxS\amd64_microsoft.windows.common-controls_6595b64144ccf1df_6.0.10586.0_none_8c15ae12515e1c22\COMCTL32.dll
0x00007ff8cd080000 - 0x00007ff8cd2fd000 	C:\WINDOWS\system32\combase.dll
0x00007ff8c9e70000 - 0x00007ff8c9eda000 	C:\WINDOWS\system32\bcryptPrimitives.dll
0x00007ff8cd410000 - 0x00007ff8cd44b000 	C:\WINDOWS\system32\IMM32.DLL
0x0000000070f10000 - 0x0000000070fe2000 	C:\Program Files\Java\jdk1.8.0_20\jre\bin\msvcr100.dll
0x000000006fd60000 - 0x00000000705b8000 	C:\Program Files\Java\jdk1.8.0_20\jre\bin\server\jvm.dll
0x00007ff8ccd80000 - 0x00007ff8ccd88000 	C:\WINDOWS\system32\PSAPI.DLL
0x00007ff8c8030000 - 0x00007ff8c8053000 	C:\WINDOWS\SYSTEM32\WINMM.dll
0x00007ff8beab0000 - 0x00007ff8beab9000 	C:\WINDOWS\SYSTEM32\WSOCK32.dll
0x00007ff8cd650000 - 0x00007ff8cd6bb000 	C:\WINDOWS\system32\WS2_32.dll
0x0000000000980000 - 0x00000000009ac000 	C:\WINDOWS\SYSTEM32\WINMMBASE.dll
0x00007ff8ca170000 - 0x00007ff8ca1b3000 	C:\WINDOWS\system32\cfgmgr32.dll
0x0000000071390000 - 0x000000007139f000 	C:\Program Files\Java\jdk1.8.0_20\jre\bin\verify.dll
0x0000000070ee0000 - 0x0000000070f08000 	C:\Program Files\Java\jdk1.8.0_20\jre\bin\java.dll
0x000000006fd40000 - 0x000000006fd56000 	C:\Program Files\Java\jdk1.8.0_20\jre\bin\zip.dll
0x00007ff8cb300000 - 0x00007ff8cc85c000 	C:\WINDOWS\system32\SHELL32.dll
0x00007ff8ca4f0000 - 0x00007ff8cab35000 	C:\WINDOWS\system32\windows.storage.dll
0x00007ff8cc8c0000 - 0x00007ff8cc912000 	C:\WINDOWS\system32\shlwapi.dll
0x00007ff8c9e50000 - 0x00007ff8c9e5f000 	C:\WINDOWS\system32\kernel.appcore.dll
0x00007ff8ca0b0000 - 0x00007ff8ca165000 	C:\WINDOWS\system32\shcore.dll
0x00007ff8c9e00000 - 0x00007ff8c9e4b000 	C:\WINDOWS\system32\powrprof.dll
0x00007ff8c9de0000 - 0x00007ff8c9df4000 	C:\WINDOWS\system32\profapi.dll
0x00007ff8be210000 - 0x00007ff8be39c000 	C:\WINDOWS\SYSTEM32\dbghelp.dll

VM Arguments:
jvm_args: -Djava.awt.headless=true -Xmx1024M -Dfile.encoding=windows-1252 -Duser.country=US -Duser.language=en -Duser.variant 
java_command: com.android.dx.command.Main --dex --num-threads=4 --multi-dex --main-dex-list C:\Users\admin\Documents\GitHub\ShaneelSD\SoftwareDesign\FindMeTutor\FindMeTutor\tutor_app\build\intermediates\multi-dex\debug\maindexlist.txt --output C:\Users\admin\Documents\GitHub\ShaneelSD\SoftwareDesign\FindMeTutor\FindMeTutor\tutor_app\build\intermediates\transforms\dex\debug\folders\1000\1f\main C:\Users\admin\Documents\GitHub\ShaneelSD\SoftwareDesign\FindMeTutor\FindMeTutor\tutor_app\build\intermediates\transforms\jarMerging\debug\jars\1\1f\combined.jar
java_class_path (initial): C:\Users\admin\AppData\Local\Android\sdk\build-tools\24.0.1\lib\dx.jar
Launcher Type: SUN_STANDARD

Environment Variables:
PATH=C:\ProgramData\Oracle\Java\javapath;C:\Program Files (x86)\Intel\iCLS Client\;C:\Program Files\Intel\iCLS Client\;C:\WINDOWS\system32;C:\WINDOWS;C:\WINDOWS\System32\Wbem;C:\WINDOWS\System32\WindowsPowerShell\v1.0\;C:\Program Files\Intel\Intel(R) Management Engine Components\DAL;C:\Program Files\Intel\Intel(R) Management Engine Components\IPT;C:\Program Files (x86)\Intel\Intel(R) Management Engine Components\DAL;C:\Program Files (x86)\Intel\Intel(R) Management Engine Components\IPT;C:\Program Files\WIDCOMM\Bluetooth Software\;C:\Program Files\WIDCOMM\Bluetooth Software\syswow64;C:\Program Files (x86)\Intel\OpenCL SDK\2.0\bin\x86;C:\Program Files (x86)\Intel\OpenCL SDK\2.0\bin\x64;C:\Program Files\Intel\WiFi\bin\;C:\Program Files\Common Files\Intel\WirelessCommon\;c:\Program Files (x86)\Microsoft SQL Server\100\Tools\Binn\;c:\Program Files\Microsoft SQL Server\100\Tools\Binn\;c:\Program Files\Microsoft SQL Server\100\DTS\Binn\;C:\Program Files (x86)\MySQL\MySQL Fabric 1.5.4 & MySQL Utilities 1.5.4 1.5\;C:\Program Files (x86)\MySQL\MySQL Fabric 1.5.4 & MySQL Utilities 1.5.4 1.5\Doctrine extensions for PHP\;C:\Program Files (x86)\Borland\Delphi7\Bin;C:\Program Files (x86)\Borland\Delphi7\Projects\Bpl;C:\Program Files (x86)\Borland\Delphi7\Rave5;C:\Program Files\Git\cmd;C:\Program Files\Intel\WiFi\bin\;C:\Program Files\Common Files\Intel\WirelessCommon\
USERNAME=admin
OS=Windows_NT
PROCESSOR_IDENTIFIER=Intel64 Family 6 Model 58 Stepping 9, GenuineIntel



---------------  S Y S T E M  ---------------

OS: Windows 8.1 , 64 bit Build 9600 

CPU:total 4 (2 cores per cpu, 2 threads per core) family 6 model 58 stepping 9, cmov, cx8, fxsr, mmx, sse, sse2, sse3, ssse3, sse4.1, sse4.2, popcnt, avx, aes, clmul, erms, ht, tsc, tscinvbit, tscinv

Memory: 4k page, physical 8258576k(1466320k free), swap 10306576k(38628k free)

vm_info: Java HotSpot(TM) 64-Bit Server VM (25.20-b23) for windows-amd64 JRE (1.8.0_20-b26), built on Jul 30 2014 13:51:23 by "java_re" with MS VC++ 10.0 (VS2010)

time: Sun Sep 25 19:00:49 2016
elapsed time: 13 seconds (0d 0h 0m 13s)

