#
# There is insufficient memory for the Java Runtime Environment to continue.
# Native memory allocation (malloc) failed to allocate 1632576 bytes for Chunk::new
# Possible reasons:
#   The system is out of physical RAM or swap space
#   In 32 bit mode, the process size limit was hit
# Possible solutions:
#   Reduce memory load on the system
#   Increase physical memory or swap space
#   Check if swap backing store is full
#   Use 64 bit Java on a 64 bit OS
#   Decrease Java heap size (-Xmx/-Xms)
#   Decrease number of Java threads
#   Decrease Java thread stack sizes (-Xss)
#   Set larger code cache with -XX:ReservedCodeCacheSize=
# This output file may be truncated or incomplete.
#
#  Out of Memory Error (allocation.cpp:390), pid=11420, tid=5024
#
# JRE version: Java(TM) SE Runtime Environment (8.0_20-b26) (build 1.8.0_20-b26)
# Java VM: Java HotSpot(TM) 64-Bit Server VM (25.20-b23 mixed mode windows-amd64 compressed oops)
# Failed to write core dump. Minidumps are not enabled by default on client versions of Windows
#

---------------  T H R E A D  ---------------

Current thread (0x000000001495b000):  JavaThread "C2 CompilerThread1" daemon [_thread_in_native, id=5024, stack(0x0000000015fc0000,0x00000000160c0000)]

Stack: [0x0000000015fc0000,0x00000000160c0000]
Native frames: (J=compiled Java code, j=interpreted, Vv=VM code, C=native code)
V  [jvm.dll+0x3152fa]
V  [jvm.dll+0x265d03]
V  [jvm.dll+0x266943]
V  [jvm.dll+0x25e265]
V  [jvm.dll+0xbe255]
V  [jvm.dll+0xbe6fc]
V  [jvm.dll+0x45c472]
V  [jvm.dll+0x49d76f]
V  [jvm.dll+0x451045]
V  [jvm.dll+0x452634]
V  [jvm.dll+0x435fc2]
V  [jvm.dll+0x97b62]
V  [jvm.dll+0x98353]
V  [jvm.dll+0x22aac4]
V  [jvm.dll+0x283f5a]
C  [msvcr100.dll+0x21d9f]
C  [msvcr100.dll+0x21e3b]
C  [KERNEL32.DLL+0x18102]
C  [ntdll.dll+0x5c5b4]


Current CompileTask:
C2:   3264 1603   !   4       com.android.dx.cf.code.BytecodeArray::parseInstruction (2764 bytes)


---------------  P R O C E S S  ---------------

Java Threads: ( => current thread )
  0x00000000164f6000 JavaThread "pool-1-thread-4" [_thread_in_Java, id=2820, stack(0x00000000173c0000,0x00000000174c0000)]
  0x00000000167d5800 JavaThread "pool-1-thread-3" [_thread_in_Java, id=11132, stack(0x00000000172c0000,0x00000000173c0000)]
  0x00000000167d5000 JavaThread "pool-1-thread-2" [_thread_in_Java, id=2928, stack(0x00000000171c0000,0x00000000172c0000)]
  0x00000000165f9800 JavaThread "pool-2-thread-1" [_thread_blocked, id=11992, stack(0x00000000170c0000,0x00000000171c0000)]
  0x00000000165f8800 JavaThread "pool-1-thread-1" [_thread_in_Java, id=11864, stack(0x0000000016fc0000,0x00000000170c0000)]
  0x00000000149bb000 JavaThread "Service Thread" daemon [_thread_blocked, id=11696, stack(0x00000000161c0000,0x00000000162c0000)]
  0x00000000149b4800 JavaThread "C1 CompilerThread2" daemon [_thread_in_native, id=5392, stack(0x00000000160c0000,0x00000000161c0000)]
=>0x000000001495b000 JavaThread "C2 CompilerThread1" daemon [_thread_in_native, id=5024, stack(0x0000000015fc0000,0x00000000160c0000)]
  0x0000000014959000 JavaThread "C2 CompilerThread0" daemon [_thread_in_native, id=8288, stack(0x0000000015ec0000,0x0000000015fc0000)]
  0x0000000014967000 JavaThread "Attach Listener" daemon [_thread_blocked, id=11716, stack(0x0000000015dc0000,0x0000000015ec0000)]
  0x0000000014966000 JavaThread "Signal Dispatcher" daemon [_thread_blocked, id=10564, stack(0x0000000015cc0000,0x0000000015dc0000)]
  0x000000000224f000 JavaThread "Finalizer" daemon [_thread_blocked, id=12156, stack(0x0000000015bb0000,0x0000000015cb0000)]
  0x000000000224c000 JavaThread "Reference Handler" daemon [_thread_blocked, id=11884, stack(0x0000000015ab0000,0x0000000015bb0000)]
  0x000000000214d800 JavaThread "main" [_thread_in_Java, id=4304, stack(0x0000000002040000,0x0000000002140000)]

Other Threads:
  0x0000000014926000 VMThread [stack: 0x00000000159b0000,0x0000000015ab0000] [id=5176]
  0x00000000149be000 WatcherThread [stack: 0x00000000166c0000,0x00000000167c0000] [id=1012]

VM state:not at safepoint (normal execution)

VM Mutex/Monitor currently owned by a thread: None

Heap:
 PSYoungGen      total 38400K, used 35870K [0x00000000eab00000, 0x00000000ed580000, 0x0000000100000000)
  eden space 33280K, 92% used [0x00000000eab00000,0x00000000ec90e788,0x00000000ecb80000)
  from space 5120K, 99% used [0x00000000ecb80000,0x00000000ed079280,0x00000000ed080000)
  to   space 5120K, 0% used [0x00000000ed080000,0x00000000ed080000,0x00000000ed580000)
 ParOldGen       total 87552K, used 865K [0x00000000c0000000, 0x00000000c5580000, 0x00000000eab00000)
  object space 87552K, 0% used [0x00000000c0000000,0x00000000c00d8730,0x00000000c5580000)
 Metaspace       used 6177K, capacity 7088K, committed 7296K, reserved 1056768K
  class space    used 591K, capacity 616K, committed 640K, reserved 1048576K

Card table byte_map: [0x0000000011630000,0x0000000011840000] byte_map_base: 0x0000000011030000

Marking Bits: (ParMarkBitMap*) 0x000000006935b460
 Begin Bits: [0x0000000011da0000, 0x0000000012da0000)
 End Bits:   [0x0000000012da0000, 0x0000000013da0000)

Polling page: 0x0000000002020000

CodeCache: size=245760Kb used=6374Kb max_used=6381Kb free=239385Kb
 bounds [0x0000000002270000, 0x00000000028c0000, 0x0000000011270000]
 total_blobs=1864 nmethods=1599 adapters=178
 compilation: enabled

Compilation events (10 events):
Event: 3.153 Thread 0x000000001495b000 1607       4       com.android.dx.ssa.SsaMethod::getUseListCopy (56 bytes)
Event: 3.156 Thread 0x00000000149b4800 nmethod 1602 0x00000000028907d0 code [0x0000000002891220, 0x00000000028993c8]
Event: 3.156 Thread 0x00000000149b4800 1606       3       com.android.dx.cf.code.Ropper::addReturnBlock (228 bytes)
Event: 3.160 Thread 0x00000000149b4800 nmethod 1606 0x00000000028a0490 code [0x00000000028a09a0, 0x00000000028a4108]
Event: 3.160 Thread 0x00000000149b4800 1604       3       com.android.dx.cf.code.Ropper::addSynchExceptionHandlerBlock (206 bytes)
Event: 3.163 Thread 0x000000001495b000 nmethod 1607 0x00000000028866d0 code [0x0000000002886840, 0x0000000002886da8]
Event: 3.163 Thread 0x000000001495b000 1605       4       com.android.dx.ssa.SsaMethod::mapRegisters (87 bytes)
Event: 3.163 Thread 0x00000000149b4800 nmethod 1604 0x00000000028a6b90 code [0x00000000028a7100, 0x00000000028aad18]
Event: 3.191 Thread 0x000000001495b000 nmethod 1605 0x00000000028b0190 code [0x00000000028b03a0, 0x00000000028b1200]
Event: 3.191 Thread 0x000000001495b000 1603   !   4       com.android.dx.cf.code.BytecodeArray::parseInstruction (2764 bytes)

GC Heap History (2 events):
Event: 2.289 GC heap before
{Heap before GC invocations=1 (full 0):
 PSYoungGen      total 38400K, used 33280K [0x00000000eab00000, 0x00000000ed580000, 0x0000000100000000)
  eden space 33280K, 100% used [0x00000000eab00000,0x00000000ecb80000,0x00000000ecb80000)
  from space 5120K, 0% used [0x00000000ed080000,0x00000000ed080000,0x00000000ed580000)
  to   space 5120K, 0% used [0x00000000ecb80000,0x00000000ecb80000,0x00000000ed080000)
 ParOldGen       total 87552K, used 0K [0x00000000c0000000, 0x00000000c5580000, 0x00000000eab00000)
  object space 87552K, 0% used [0x00000000c0000000,0x00000000c0000000,0x00000000c5580000)
 Metaspace       used 5908K, capacity 6896K, committed 7040K, reserved 1056768K
  class space    used 589K, capacity 616K, committed 640K, reserved 1048576K
Event: 2.300 GC heap after
Heap after GC invocations=1 (full 0):
 PSYoungGen      total 38400K, used 5092K [0x00000000eab00000, 0x00000000ed580000, 0x0000000100000000)
  eden space 33280K, 0% used [0x00000000eab00000,0x00000000eab00000,0x00000000ecb80000)
  from space 5120K, 99% used [0x00000000ecb80000,0x00000000ed079280,0x00000000ed080000)
  to   space 5120K, 0% used [0x00000000ed080000,0x00000000ed080000,0x00000000ed580000)
 ParOldGen       total 87552K, used 865K [0x00000000c0000000, 0x00000000c5580000, 0x00000000eab00000)
  object space 87552K, 0% used [0x00000000c0000000,0x00000000c00d8730,0x00000000c5580000)
 Metaspace       used 5908K, capacity 6896K, committed 7040K, reserved 1056768K
  class space    used 589K, capacity 616K, committed 640K, reserved 1048576K
}

Deoptimization events (10 events):
Event: 1.660 Thread 0x00000000164f6000 Uncommon trap: reason=class_check action=maybe_recompile pc=0x000000000260f9f0 method=com.android.dx.rop.type.Type.equals(Ljava/lang/Object;)Z @ 8
Event: 1.660 Thread 0x00000000164f6000 Uncommon trap: reason=class_check action=maybe_recompile pc=0x000000000260f9f0 method=com.android.dx.rop.type.Type.equals(Ljava/lang/Object;)Z @ 8
Event: 1.661 Thread 0x00000000164f6000 Uncommon trap: reason=class_check action=maybe_recompile pc=0x00000000025f98a0 method=com.android.dx.rop.type.Type.equals(Ljava/lang/Object;)Z @ 8
Event: 1.681 Thread 0x00000000164f6000 Uncommon trap: reason=class_check action=maybe_recompile pc=0x00000000025f3af4 method=com.android.dx.rop.type.Type.equals(Ljava/lang/Object;)Z @ 8
Event: 1.699 Thread 0x00000000164f6000 Uncommon trap: reason=unreached action=reinterpret pc=0x000000000258b21c method=com.android.dx.rop.cst.Constant.compareTo(Lcom/android/dx/rop/cst/Constant;)I @ 12
Event: 2.026 Thread 0x00000000165f8800 Uncommon trap: reason=class_check action=maybe_recompile pc=0x0000000002526a8c method=com.android.dx.ssa.NormalSsaInsn.accept(Lcom/android/dx/ssa/SsaInsn$Visitor;)V @ 9
Event: 2.026 Thread 0x00000000165f8800 Uncommon trap: reason=class_check action=maybe_recompile pc=0x0000000002526a8c method=com.android.dx.ssa.NormalSsaInsn.accept(Lcom/android/dx/ssa/SsaInsn$Visitor;)V @ 9
Event: 2.026 Thread 0x00000000165f8800 Uncommon trap: reason=class_check action=maybe_recompile pc=0x0000000002526a8c method=com.android.dx.ssa.NormalSsaInsn.accept(Lcom/android/dx/ssa/SsaInsn$Visitor;)V @ 9
Event: 2.027 Thread 0x00000000165f8800 Uncommon trap: reason=class_check action=maybe_recompile pc=0x00000000024ff570 method=com.android.dx.ssa.NormalSsaInsn.accept(Lcom/android/dx/ssa/SsaInsn$Visitor;)V @ 9
Event: 2.992 Thread 0x00000000167d5800 Uncommon trap: reason=null_check action=make_not_entrant pc=0x00000000026447a0 method=com.android.dx.rop.type.Type.equals(Ljava/lang/Object;)Z @ 8

Internal exceptions (10 events):
Event: 1.557 Thread 0x000000000214d800 Exception <a 'java/security/PrivilegedActionException'> (0x00000000ebf4a738) thrown at [D:\re\workspace\8-2-build-windows-amd64-cygwin\jdk8u20\1074\hotspot\src\share\vm\prims\jvm.cpp, line 1275]
Event: 1.649 Thread 0x000000000214d800 Exception <a 'java/security/PrivilegedActionException'> (0x00000000ebf62248) thrown at [D:\re\workspace\8-2-build-windows-amd64-cygwin\jdk8u20\1074\hotspot\src\share\vm\prims\jvm.cpp, line 1275]
Event: 1.655 Thread 0x00000000165f8800 Exception <a 'java/security/PrivilegedActionException'> (0x00000000ec0b1298) thrown at [D:\re\workspace\8-2-build-windows-amd64-cygwin\jdk8u20\1074\hotspot\src\share\vm\prims\jvm.cpp, line 1275]
Event: 1.655 Thread 0x00000000165f8800 Exception <a 'java/security/PrivilegedActionException'> (0x00000000ec0b6c88) thrown at [D:\re\workspace\8-2-build-windows-amd64-cygwin\jdk8u20\1074\hotspot\src\share\vm\prims\jvm.cpp, line 1275]
Event: 1.656 Thread 0x00000000165f8800 Exception <a 'java/security/PrivilegedActionException'> (0x00000000ec0bc3f8) thrown at [D:\re\workspace\8-2-build-windows-amd64-cygwin\jdk8u20\1074\hotspot\src\share\vm\prims\jvm.cpp, line 1275]
Event: 1.681 Thread 0x00000000164f6000 Exception <a 'java/security/PrivilegedActionException'> (0x00000000ebecd898) thrown at [D:\re\workspace\8-2-build-windows-amd64-cygwin\jdk8u20\1074\hotspot\src\share\vm\prims\jvm.cpp, line 1275]
Event: 2.690 Thread 0x000000000214d800 Exception <a 'java/security/PrivilegedActionException'> (0x00000000eb8e6980) thrown at [D:\re\workspace\8-2-build-windows-amd64-cygwin\jdk8u20\1074\hotspot\src\share\vm\prims\jvm.cpp, line 1275]
Event: 2.691 Thread 0x000000000214d800 Exception <a 'java/security/PrivilegedActionException'> (0x00000000eb8e90b8) thrown at [D:\re\workspace\8-2-build-windows-amd64-cygwin\jdk8u20\1074\hotspot\src\share\vm\prims\jvm.cpp, line 1275]
Event: 2.970 Thread 0x00000000165f8800 Exception <a 'java/security/PrivilegedActionException'> (0x00000000ebe8abd0) thrown at [D:\re\workspace\8-2-build-windows-amd64-cygwin\jdk8u20\1074\hotspot\src\share\vm\prims\jvm.cpp, line 1275]
Event: 2.992 Thread 0x00000000167d5800 Implicit null exception at 0x00000000026446a2 to 0x0000000002644792

Events (10 events):
Event: 2.308 loading class sun/misc/Cleaner done
Event: 2.690 loading class com/android/dx/cf/attrib/AttRuntimeInvisibleAnnotations
Event: 2.690 loading class com/android/dx/cf/attrib/AttRuntimeInvisibleAnnotations done
Event: 2.691 loading class com/android/dx/cf/attrib/BaseAnnotations
Event: 2.691 loading class com/android/dx/cf/attrib/BaseAnnotations done
Event: 2.970 loading class com/android/dx/cf/code/SwitchList
Event: 2.970 loading class com/android/dx/cf/code/SwitchList done
Event: 2.992 Thread 0x00000000167d5800 Uncommon trap: trap_request=0xfffffff4 fr.pc=0x00000000026447a0
Event: 2.992 Thread 0x00000000167d5800 DEOPT PACKING pc=0x00000000026447a0 sp=0x00000000173be840
Event: 2.992 Thread 0x00000000167d5800 DEOPT UNPACKING pc=0x00000000022b556a sp=0x00000000173be7c8 mode 2


Dynamic libraries:
0x00007ff699e80000 - 0x00007ff699eb4000 	C:\Program Files\Java\jdk1.8.0_20\bin\java.exe
0x00007ffdfc2f0000 - 0x00007ffdfc4b1000 	C:\WINDOWS\SYSTEM32\ntdll.dll
0x00007ffdfba20000 - 0x00007ffdfbacd000 	C:\WINDOWS\system32\KERNEL32.DLL
0x00007ffdf8d70000 - 0x00007ffdf8f58000 	C:\WINDOWS\system32\KERNELBASE.dll
0x00007ffdfb640000 - 0x00007ffdfb6e7000 	C:\WINDOWS\system32\ADVAPI32.dll
0x00007ffdfb330000 - 0x00007ffdfb3cd000 	C:\WINDOWS\system32\msvcrt.dll
0x00007ffdfb2d0000 - 0x00007ffdfb32b000 	C:\WINDOWS\system32\sechost.dll
0x00007ffdfb1b0000 - 0x00007ffdfb2cc000 	C:\WINDOWS\system32\RPCRT4.dll
0x00007ffdfb4e0000 - 0x00007ffdfb636000 	C:\WINDOWS\system32\USER32.dll
0x00007ffdf98f0000 - 0x00007ffdf9a76000 	C:\WINDOWS\system32\GDI32.dll
0x00007ffded5c0000 - 0x00007ffded834000 	C:\WINDOWS\WinSxS\amd64_microsoft.windows.common-controls_6595b64144ccf1df_6.0.10586.0_none_8c15ae12515e1c22\COMCTL32.dll
0x00007ffdfb7a0000 - 0x00007ffdfba1d000 	C:\WINDOWS\system32\combase.dll
0x00007ffdf9660000 - 0x00007ffdf96ca000 	C:\WINDOWS\system32\bcryptPrimitives.dll
0x00007ffdfb6f0000 - 0x00007ffdfb72b000 	C:\WINDOWS\system32\IMM32.DLL
0x00000000693e0000 - 0x00000000694b2000 	C:\Program Files\Java\jdk1.8.0_20\jre\bin\msvcr100.dll
0x0000000068b80000 - 0x00000000693d8000 	C:\Program Files\Java\jdk1.8.0_20\jre\bin\server\jvm.dll
0x00007ffdfc050000 - 0x00007ffdfc058000 	C:\WINDOWS\system32\PSAPI.DLL
0x00007ffdee310000 - 0x00007ffdee319000 	C:\WINDOWS\SYSTEM32\WSOCK32.dll
0x00007ffdf6fd0000 - 0x00007ffdf6ff3000 	C:\WINDOWS\SYSTEM32\WINMM.dll
0x00007ffdfafe0000 - 0x00007ffdfb04b000 	C:\WINDOWS\system32\WS2_32.dll
0x00007ffdf6d90000 - 0x00007ffdf6dbc000 	C:\WINDOWS\SYSTEM32\WINMMBASE.dll
0x00007ffdf9610000 - 0x00007ffdf9653000 	C:\WINDOWS\system32\cfgmgr32.dll
0x0000000068b70000 - 0x0000000068b7f000 	C:\Program Files\Java\jdk1.8.0_20\jre\bin\verify.dll
0x0000000068b40000 - 0x0000000068b68000 	C:\Program Files\Java\jdk1.8.0_20\jre\bin\java.dll
0x0000000068b20000 - 0x0000000068b36000 	C:\Program Files\Java\jdk1.8.0_20\jre\bin\zip.dll
0x00007ffdf9a80000 - 0x00007ffdfafdc000 	C:\WINDOWS\system32\SHELL32.dll
0x00007ffdf8f60000 - 0x00007ffdf95a5000 	C:\WINDOWS\system32\windows.storage.dll
0x00007ffdfb480000 - 0x00007ffdfb4d2000 	C:\WINDOWS\system32\shlwapi.dll
0x00007ffdf88f0000 - 0x00007ffdf88ff000 	C:\WINDOWS\system32\kernel.appcore.dll
0x00007ffdf8b50000 - 0x00007ffdf8c05000 	C:\WINDOWS\system32\shcore.dll
0x00007ffdf8920000 - 0x00007ffdf896b000 	C:\WINDOWS\system32\powrprof.dll
0x00007ffdf8900000 - 0x00007ffdf8914000 	C:\WINDOWS\system32\profapi.dll
0x00007ffdeceb0000 - 0x00007ffded03c000 	C:\WINDOWS\SYSTEM32\dbghelp.dll

VM Arguments:
jvm_args: -Djava.awt.headless=true -Xmx1024M -Dfile.encoding=windows-1252 -Duser.country=US -Duser.language=en -Duser.variant 
java_command: com.android.dx.command.Main --dex --num-threads=4 --output C:\Users\admin\Documents\GitHub\SoftwareDesign\FindMeTutor\FindMeTutor\tutor_app\build\intermediates\pre-dexed\debug\internal_impl-24.2.0_da28b64836c7ead7fec4bc20c5170ffbcc3e448d.jar C:\Users\admin\Documents\GitHub\SoftwareDesign\FindMeTutor\FindMeTutor\tutor_app\build\intermediates\exploded-aar\com.android.support\support-compat\24.2.0\jars\libs\internal_impl-24.2.0.jar
java_class_path (initial): C:\Users\admin\AppData\Local\Android\sdk\build-tools\24.0.1\lib\dx.jar
Launcher Type: SUN_STANDARD

Environment Variables:
PATH=C:\ProgramData\Oracle\Java\javapath;C:\Program Files (x86)\Intel\iCLS Client\;C:\Program Files\Intel\iCLS Client\;C:\WINDOWS\system32;C:\WINDOWS;C:\WINDOWS\System32\Wbem;C:\WINDOWS\System32\WindowsPowerShell\v1.0\;C:\Program Files\Intel\Intel(R) Management Engine Components\DAL;C:\Program Files\Intel\Intel(R) Management Engine Components\IPT;C:\Program Files (x86)\Intel\Intel(R) Management Engine Components\DAL;C:\Program Files (x86)\Intel\Intel(R) Management Engine Components\IPT;C:\Program Files\WIDCOMM\Bluetooth Software\;C:\Program Files\WIDCOMM\Bluetooth Software\syswow64;C:\Program Files (x86)\Intel\OpenCL SDK\2.0\bin\x86;C:\Program Files (x86)\Intel\OpenCL SDK\2.0\bin\x64;C:\Program Files\Intel\WiFi\bin\;C:\Program Files\Common Files\Intel\WirelessCommon\;c:\Program Files (x86)\Microsoft SQL Server\100\Tools\Binn\;c:\Program Files\Microsoft SQL Server\100\Tools\Binn\;c:\Program Files\Microsoft SQL Server\100\DTS\Binn\;C:\Program Files (x86)\MySQL\MySQL Fabric 1.5.4 & MySQL Utilities 1.5.4 1.5\;C:\Program Files (x86)\MySQL\MySQL Fabric 1.5.4 & MySQL Utilities 1.5.4 1.5\Doctrine extensions for PHP\;C:\Program Files (x86)\Borland\Delphi7\Bin;C:\Program Files (x86)\Borland\Delphi7\Projects\Bpl;C:\Program Files (x86)\Borland\Delphi7\Rave5;C:\Program Files\Git\cmd;C:\Program Files\Intel\WiFi\bin\;C:\Program Files\Common Files\Intel\WirelessCommon\
USERNAME=admin
OS=Windows_NT
PROCESSOR_IDENTIFIER=Intel64 Family 6 Model 58 Stepping 9, GenuineIntel



---------------  S Y S T E M  ---------------

OS: Windows 8.1 , 64 bit Build 9600 

CPU:total 4 (2 cores per cpu, 2 threads per core) family 6 model 58 stepping 9, cmov, cx8, fxsr, mmx, sse, sse2, sse3, ssse3, sse4.1, sse4.2, popcnt, avx, aes, clmul, erms, ht, tsc, tscinvbit, tscinv

Memory: 4k page, physical 8258576k(1753672k free), swap 10306576k(5128k free)

vm_info: Java HotSpot(TM) 64-Bit Server VM (25.20-b23) for windows-amd64 JRE (1.8.0_20-b26), built on Jul 30 2014 13:51:23 by "java_re" with MS VC++ 10.0 (VS2010)

time: Sat Sep 03 18:13:46 2016
elapsed time: 3 seconds (0d 0h 0m 3s)

