#
# There is insufficient memory for the Java Runtime Environment to continue.
# Native memory allocation (malloc) failed to allocate 81536 bytes for Chunk::new
# Possible reasons:
#   The system is out of physical RAM or swap space
#   In 32 bit mode, the process size limit was hit
# Possible solutions:
#   Reduce memory load on the system
#   Increase physical memory or swap space
#   Check if swap backing store is full
#   Use 64 bit Java on a 64 bit OS
#   Decrease Java heap size (-Xmx/-Xms)
#   Decrease number of Java threads
#   Decrease Java thread stack sizes (-Xss)
#   Set larger code cache with -XX:ReservedCodeCacheSize=
# This output file may be truncated or incomplete.
#
#  Out of Memory Error (allocation.cpp:390), pid=10104, tid=11284
#
# JRE version: Java(TM) SE Runtime Environment (8.0_20-b26) (build 1.8.0_20-b26)
# Java VM: Java HotSpot(TM) 64-Bit Server VM (25.20-b23 mixed mode windows-amd64 compressed oops)
# Failed to write core dump. Minidumps are not enabled by default on client versions of Windows
#

---------------  T H R E A D  ---------------

Current thread (0x0000000014aef800):  JavaThread "C2 CompilerThread1" daemon [_thread_in_native, id=11284, stack(0x0000000016160000,0x0000000016260000)]

Stack: [0x0000000016160000,0x0000000016260000]
Native frames: (J=compiled Java code, j=interpreted, Vv=VM code, C=native code)
V  [jvm.dll+0x3152fa]
V  [jvm.dll+0x265d03]
V  [jvm.dll+0x266943]
V  [jvm.dll+0x25e265]
V  [jvm.dll+0xbe255]
V  [jvm.dll+0xbe6fc]
V  [jvm.dll+0x45c472]
V  [jvm.dll+0x49d76f]
V  [jvm.dll+0x451045]
V  [jvm.dll+0x452634]
V  [jvm.dll+0x435fc2]
V  [jvm.dll+0x97b62]
V  [jvm.dll+0x98353]
V  [jvm.dll+0x22aac4]
V  [jvm.dll+0x283f5a]
C  [msvcr100.dll+0x21d9f]
C  [msvcr100.dll+0x21e3b]
C  [KERNEL32.DLL+0x18102]
C  [ntdll.dll+0x5c5b4]


Current CompileTask:
C2:   1137  527       4       com.android.dx.rop.cst.CstString::utf8BytesToString (391 bytes)


---------------  P R O C E S S  ---------------

Java Threads: ( => current thread )
  0x00000000165a5000 JavaThread "pool-1-thread-4" [_thread_blocked, id=13524, stack(0x0000000016d60000,0x0000000016e60000)]
  0x00000000165a4000 JavaThread "pool-1-thread-3" [_thread_blocked, id=11724, stack(0x0000000016c60000,0x0000000016d60000)]
  0x00000000165a3000 JavaThread "pool-1-thread-2" [_thread_blocked, id=14624, stack(0x0000000016b60000,0x0000000016c60000)]
  0x00000000165be000 JavaThread "pool-2-thread-1" [_thread_blocked, id=8788, stack(0x0000000016a60000,0x0000000016b60000)]
  0x00000000165b7800 JavaThread "pool-1-thread-1" [_thread_blocked, id=9388, stack(0x0000000016960000,0x0000000016a60000)]
  0x0000000016364800 JavaThread "Service Thread" daemon [_thread_blocked, id=13924, stack(0x0000000016760000,0x0000000016860000)]
  0x0000000014b44000 JavaThread "C1 CompilerThread2" daemon [_thread_blocked, id=13948, stack(0x0000000016260000,0x0000000016360000)]
=>0x0000000014aef800 JavaThread "C2 CompilerThread1" daemon [_thread_in_native, id=11284, stack(0x0000000016160000,0x0000000016260000)]
  0x0000000014aed800 JavaThread "C2 CompilerThread0" daemon [_thread_in_native, id=8912, stack(0x0000000016060000,0x0000000016160000)]
  0x0000000014aeb000 JavaThread "Attach Listener" daemon [_thread_blocked, id=6992, stack(0x0000000015f60000,0x0000000016060000)]
  0x0000000014aea000 JavaThread "Signal Dispatcher" daemon [_thread_blocked, id=14760, stack(0x0000000015e60000,0x0000000015f60000)]
  0x000000000240f000 JavaThread "Finalizer" daemon [_thread_blocked, id=9768, stack(0x0000000015d60000,0x0000000015e60000)]
  0x0000000014ab8000 JavaThread "Reference Handler" daemon [_thread_blocked, id=4268, stack(0x0000000015c60000,0x0000000015d60000)]
  0x000000000231d800 JavaThread "main" [_thread_blocked, id=8800, stack(0x0000000002190000,0x0000000002290000)]

Other Threads:
  0x0000000014ab6000 VMThread [stack: 0x0000000015b60000,0x0000000015c60000] [id=13908]
  0x0000000016367000 WatcherThread [stack: 0x0000000016860000,0x0000000016960000] [id=8832]

VM state:at safepoint (normal execution)

VM Mutex/Monitor currently owned by a thread:  ([mutex/lock_event])
[0x000000000231c150] OopMapCacheAlloc_lock - owner thread: 0x0000000002339000
[0x000000000231c7a0] Threads_lock - owner thread: 0x0000000014ab6000
[0x000000000231cfa0] Heap_lock - owner thread: 0x00000000165a4000
[0x0000000002320850] MethodData_lock - owner thread: 0x00000000165a4000

Heap:
 PSYoungGen      total 38400K, used 15378K [0x00000000eab00000, 0x00000000ed580000, 0x0000000100000000)
  eden space 33280K, 46% used [0x00000000eab00000,0x00000000eba04ab0,0x00000000ecb80000)
  from space 5120K, 0% used [0x00000000ed080000,0x00000000ed080000,0x00000000ed580000)
  to   space 5120K, 2% used [0x00000000ecb80000,0x00000000ecba0000,0x00000000ed080000)
 ParOldGen       total 87552K, used 0K [0x00000000c0000000, 0x00000000c5580000, 0x00000000eab00000)
  object space 87552K, 0% used [0x00000000c0000000,0x00000000c0000000,0x00000000c5580000)
 Metaspace       used 5438K, capacity 6448K, committed 6528K, reserved 1060864K
  class space    used 588K, capacity 616K, committed 640K, reserved 1048576K

Card table byte_map: [0x00000000117e0000,0x00000000119f0000] byte_map_base: 0x00000000111e0000

Marking Bits: (ParMarkBitMap*) 0x00000000546eb460
 Begin Bits: [0x0000000011f50000, 0x0000000012f50000)
 End Bits:   [0x0000000012f50000, 0x0000000013f50000)

Polling page: 0x00000000001f0000

CodeCache: size=245760Kb used=2230Kb max_used=2230Kb free=243530Kb
 bounds [0x0000000002420000, 0x0000000002690000, 0x0000000011420000]
 total_blobs=832 nmethods=568 adapters=178
 compilation: enabled

Compilation events (10 events):
Event: 1.120 Thread 0x0000000014b44000 nmethod 532 0x000000000263b490 code [0x000000000263b5e0, 0x000000000263b6f0]
Event: 1.120 Thread 0x0000000014b44000  530       3       java.util.BitSet::cardinality (32 bytes)
Event: 1.120 Thread 0x0000000014b44000 nmethod 530 0x000000000263af50 code [0x000000000263b0c0, 0x000000000263b348]
Event: 1.120 Thread 0x0000000014b44000  534       3       java.util.Arrays::equals (78 bytes)
Event: 1.121 Thread 0x0000000014b44000 nmethod 534 0x000000000263a750 code [0x000000000263a8e0, 0x000000000263adc8]
Event: 1.121 Thread 0x0000000014b44000  529   !   3       com.android.dx.util.IntList::set (53 bytes)
Event: 1.121 Thread 0x0000000014b44000 nmethod 529 0x000000000263d390 code [0x000000000263d540, 0x000000000263da88]
Event: 1.121 Thread 0x0000000014b44000  536       3       com.android.dx.cf.code.LineNumberList::get (9 bytes)
Event: 1.121 Thread 0x0000000014b44000 nmethod 536 0x000000000263a250 code [0x000000000263a3c0, 0x000000000263a6a8]
Event: 1.121 Thread 0x0000000014b44000  533       3       java.util.HashMap::<init> (11 bytes)

GC Heap History (0 events):
No events

Deoptimization events (0 events):
No events

Internal exceptions (10 events):
Event: 1.063 Thread 0x00000000165b7800 Exception <a 'java/security/PrivilegedActionException'> (0x00000000eb3eac88) thrown at [D:\re\workspace\8-2-build-windows-amd64-cygwin\jdk8u20\1074\hotspot\src\share\vm\prims\jvm.cpp, line 1275]
Event: 1.064 Thread 0x00000000165b7800 Exception <a 'java/security/PrivilegedActionException'> (0x00000000eb3f0ef0) thrown at [D:\re\workspace\8-2-build-windows-amd64-cygwin\jdk8u20\1074\hotspot\src\share\vm\prims\jvm.cpp, line 1275]
Event: 1.093 Thread 0x00000000165a3000 Exception <a 'java/security/PrivilegedActionException'> (0x00000000eb72cc88) thrown at [D:\re\workspace\8-2-build-windows-amd64-cygwin\jdk8u20\1074\hotspot\src\share\vm\prims\jvm.cpp, line 1275]
Event: 1.094 Thread 0x00000000165a3000 Exception <a 'java/security/PrivilegedActionException'> (0x00000000eb7321c8) thrown at [D:\re\workspace\8-2-build-windows-amd64-cygwin\jdk8u20\1074\hotspot\src\share\vm\prims\jvm.cpp, line 1275]
Event: 1.094 Thread 0x00000000165b7800 Exception <a 'java/security/PrivilegedActionException'> (0x00000000eb3f5640) thrown at [D:\re\workspace\8-2-build-windows-amd64-cygwin\jdk8u20\1074\hotspot\src\share\vm\prims\jvm.cpp, line 1275]
Event: 1.095 Thread 0x00000000165a3000 Exception <a 'java/security/PrivilegedActionException'> (0x00000000eb737bb8) thrown at [D:\re\workspace\8-2-build-windows-amd64-cygwin\jdk8u20\1074\hotspot\src\share\vm\prims\jvm.cpp, line 1275]
Event: 1.095 Thread 0x00000000165a3000 Exception <a 'java/security/PrivilegedActionException'> (0x00000000eb73d270) thrown at [D:\re\workspace\8-2-build-windows-amd64-cygwin\jdk8u20\1074\hotspot\src\share\vm\prims\jvm.cpp, line 1275]
Event: 1.112 Thread 0x00000000165b7800 Exception <a 'java/security/PrivilegedActionException'> (0x00000000eb422968) thrown at [D:\re\workspace\8-2-build-windows-amd64-cygwin\jdk8u20\1074\hotspot\src\share\vm\prims\jvm.cpp, line 1275]
Event: 1.114 Thread 0x00000000165a4000 Exception <a 'java/security/PrivilegedActionException'> (0x00000000eb66f118) thrown at [D:\re\workspace\8-2-build-windows-amd64-cygwin\jdk8u20\1074\hotspot\src\share\vm\prims\jvm.cpp, line 1275]
Event: 1.116 Thread 0x000000000231d800 Exception <a 'java/security/PrivilegedActionException'> (0x00000000eb5ff498) thrown at [D:\re\workspace\8-2-build-windows-amd64-cygwin\jdk8u20\1074\hotspot\src\share\vm\prims\jvm.cpp, line 1275]

Events (10 events):
Event: 1.095 loading class com/android/dx/dex/file/UniformListItem
Event: 1.095 loading class com/android/dx/dex/file/UniformListItem done
Event: 1.095 loading class com/android/dx/dex/file/AnnotationSetRefItem
Event: 1.095 loading class com/android/dx/dex/file/AnnotationSetRefItem done
Event: 1.112 loading class com/android/dx/dex/file/MethodAnnotationStruct
Event: 1.112 loading class com/android/dx/dex/file/MethodAnnotationStruct done
Event: 1.114 loading class com/android/dx/dex/file/FieldAnnotationStruct
Event: 1.114 loading class com/android/dx/dex/file/FieldAnnotationStruct done
Event: 1.116 loading class com/android/dx/cf/attrib/AttExceptions
Event: 1.116 loading class com/android/dx/cf/attrib/AttExceptions done


Dynamic libraries:
0x00007ff668390000 - 0x00007ff6683c4000 	C:\Program Files\Java\jdk1.8.0_20\bin\java.exe
0x00007ff87a1c0000 - 0x00007ff87a381000 	C:\WINDOWS\SYSTEM32\ntdll.dll
0x00007ff878700000 - 0x00007ff8787ad000 	C:\WINDOWS\system32\KERNEL32.DLL
0x00007ff877160000 - 0x00007ff877348000 	C:\WINDOWS\system32\KERNELBASE.dll
0x00007ff877c00000 - 0x00007ff877ca7000 	C:\WINDOWS\system32\ADVAPI32.dll
0x00007ff8787b0000 - 0x00007ff87884d000 	C:\WINDOWS\system32\msvcrt.dll
0x00007ff878540000 - 0x00007ff87859b000 	C:\WINDOWS\system32\sechost.dll
0x00007ff877990000 - 0x00007ff877aac000 	C:\WINDOWS\system32\RPCRT4.dll
0x00007ff8785a0000 - 0x00007ff8786f6000 	C:\WINDOWS\system32\USER32.dll
0x00007ff87a020000 - 0x00007ff87a1a6000 	C:\WINDOWS\system32\GDI32.dll
0x00007ff869f30000 - 0x00007ff86a1a4000 	C:\WINDOWS\WinSxS\amd64_microsoft.windows.common-controls_6595b64144ccf1df_6.0.10586.0_none_8c15ae12515e1c22\COMCTL32.dll
0x00007ff877610000 - 0x00007ff87788d000 	C:\WINDOWS\system32\combase.dll
0x00007ff877400000 - 0x00007ff87746a000 	C:\WINDOWS\system32\bcryptPrimitives.dll
0x00007ff877e30000 - 0x00007ff877e6b000 	C:\WINDOWS\system32\IMM32.DLL
0x0000000054770000 - 0x0000000054842000 	C:\Program Files\Java\jdk1.8.0_20\jre\bin\msvcr100.dll
0x0000000053f10000 - 0x0000000054768000 	C:\Program Files\Java\jdk1.8.0_20\jre\bin\server\jvm.dll
0x00007ff877980000 - 0x00007ff877988000 	C:\WINDOWS\system32\PSAPI.DLL
0x00007ff86c970000 - 0x00007ff86c979000 	C:\WINDOWS\SYSTEM32\WSOCK32.dll
0x00007ff8775a0000 - 0x00007ff87760b000 	C:\WINDOWS\system32\WS2_32.dll
0x00007ff874fb0000 - 0x00007ff874fd3000 	C:\WINDOWS\SYSTEM32\WINMM.dll
0x00007ff874f50000 - 0x00007ff874f7c000 	C:\WINDOWS\SYSTEM32\WINMMBASE.dll
0x00007ff877490000 - 0x00007ff8774d3000 	C:\WINDOWS\system32\cfgmgr32.dll
0x0000000053f00000 - 0x0000000053f0f000 	C:\Program Files\Java\jdk1.8.0_20\jre\bin\verify.dll
0x0000000053ed0000 - 0x0000000053ef8000 	C:\Program Files\Java\jdk1.8.0_20\jre\bin\java.dll
0x0000000053eb0000 - 0x0000000053ec6000 	C:\Program Files\Java\jdk1.8.0_20\jre\bin\zip.dll
0x00007ff878900000 - 0x00007ff879e5c000 	C:\WINDOWS\system32\SHELL32.dll
0x00007ff876ab0000 - 0x00007ff8770f5000 	C:\WINDOWS\system32\windows.storage.dll
0x00007ff877fe0000 - 0x00007ff878032000 	C:\WINDOWS\system32\shlwapi.dll
0x00007ff876840000 - 0x00007ff87684f000 	C:\WINDOWS\system32\kernel.appcore.dll
0x00007ff8774e0000 - 0x00007ff877595000 	C:\WINDOWS\system32\shcore.dll
0x00007ff8767f0000 - 0x00007ff87683b000 	C:\WINDOWS\system32\powrprof.dll
0x00007ff8767c0000 - 0x00007ff8767d4000 	C:\WINDOWS\system32\profapi.dll
0x00007ff86ba30000 - 0x00007ff86bbbc000 	C:\WINDOWS\SYSTEM32\dbghelp.dll

VM Arguments:
jvm_args: -Djava.awt.headless=true -Xmx1024M -Dfile.encoding=windows-1252 -Duser.country=US -Duser.language=en -Duser.variant 
java_command: com.android.dx.command.Main --dex --num-threads=4 --output C:\Users\admin\Documents\GitHub\SoftwareDesign\FindMeTutor\FindMeTutor\tutor_app\build\intermediates\pre-dexed\debug\com.android.support-support-core-ui-24.2.0_251cdd852aa0d1afa49ab3de61cf631c4242a97a.jar C:\Users\admin\Documents\GitHub\SoftwareDesign\FindMeTutor\FindMeTutor\tutor_app\build\intermediates\exploded-aar\com.android.support\support-core-ui\24.2.0\jars\classes.jar
java_class_path (initial): C:\Users\admin\AppData\Local\Android\sdk\build-tools\24.0.1\lib\dx.jar
Launcher Type: SUN_STANDARD

Environment Variables:
PATH=C:\ProgramData\Oracle\Java\javapath;C:\Program Files (x86)\Intel\iCLS Client\;C:\Program Files\Intel\iCLS Client\;C:\WINDOWS\system32;C:\WINDOWS;C:\WINDOWS\System32\Wbem;C:\WINDOWS\System32\WindowsPowerShell\v1.0\;C:\Program Files\Intel\Intel(R) Management Engine Components\DAL;C:\Program Files\Intel\Intel(R) Management Engine Components\IPT;C:\Program Files (x86)\Intel\Intel(R) Management Engine Components\DAL;C:\Program Files (x86)\Intel\Intel(R) Management Engine Components\IPT;C:\Program Files\WIDCOMM\Bluetooth Software\;C:\Program Files\WIDCOMM\Bluetooth Software\syswow64;C:\Program Files (x86)\Intel\OpenCL SDK\2.0\bin\x86;C:\Program Files (x86)\Intel\OpenCL SDK\2.0\bin\x64;C:\Program Files\Intel\WiFi\bin\;C:\Program Files\Common Files\Intel\WirelessCommon\;c:\Program Files (x86)\Microsoft SQL Server\100\Tools\Binn\;c:\Program Files\Microsoft SQL Server\100\Tools\Binn\;c:\Program Files\Microsoft SQL Server\100\DTS\Binn\;C:\Program Files (x86)\MySQL\MySQL Fabric 1.5.4 & MySQL Utilities 1.5.4 1.5\;C:\Program Files (x86)\MySQL\MySQL Fabric 1.5.4 & MySQL Utilities 1.5.4 1.5\Doctrine extensions for PHP\;C:\Program Files (x86)\Borland\Delphi7\Bin;C:\Program Files (x86)\Borland\Delphi7\Projects\Bpl;C:\Program Files (x86)\Borland\Delphi7\Rave5;C:\Program Files\Git\cmd;C:\Program Files\Intel\WiFi\bin\;C:\Program Files\Common Files\Intel\WirelessCommon\
USERNAME=admin
OS=Windows_NT
PROCESSOR_IDENTIFIER=Intel64 Family 6 Model 58 Stepping 9, GenuineIntel



---------------  S Y S T E M  ---------------

OS: Windows 8.1 , 64 bit Build 9600 

CPU:total 4 (2 cores per cpu, 2 threads per core) family 6 model 58 stepping 9, cmov, cx8, fxsr, mmx, sse, sse2, sse3, ssse3, sse4.1, sse4.2, popcnt, avx, aes, clmul, erms, ht, tsc, tscinvbit, tscinv

Memory: 4k page, physical 8258576k(1483460k free), swap 10306576k(468k free)

vm_info: Java HotSpot(TM) 64-Bit Server VM (25.20-b23) for windows-amd64 JRE (1.8.0_20-b26), built on Jul 30 2014 13:51:23 by "java_re" with MS VC++ 10.0 (VS2010)

time: Tue Sep 06 22:02:09 2016
elapsed time: 1 seconds (0d 0h 0m 1s)

