#
# There is insufficient memory for the Java Runtime Environment to continue.
# Native memory allocation (malloc) failed to allocate 352656 bytes for Chunk::new
# Possible reasons:
#   The system is out of physical RAM or swap space
#   In 32 bit mode, the process size limit was hit
# Possible solutions:
#   Reduce memory load on the system
#   Increase physical memory or swap space
#   Check if swap backing store is full
#   Use 64 bit Java on a 64 bit OS
#   Decrease Java heap size (-Xmx/-Xms)
#   Decrease number of Java threads
#   Decrease Java thread stack sizes (-Xss)
#   Set larger code cache with -XX:ReservedCodeCacheSize=
# This output file may be truncated or incomplete.
#
#  Out of Memory Error (allocation.cpp:390), pid=11456, tid=9312
#
# JRE version: Java(TM) SE Runtime Environment (8.0_20-b26) (build 1.8.0_20-b26)
# Java VM: Java HotSpot(TM) 64-Bit Server VM (25.20-b23 mixed mode windows-amd64 compressed oops)
# Failed to write core dump. Minidumps are not enabled by default on client versions of Windows
#

---------------  T H R E A D  ---------------

Current thread (0x000000001498c000):  JavaThread "C2 CompilerThread1" daemon [_thread_in_native, id=9312, stack(0x0000000016000000,0x0000000016100000)]

Stack: [0x0000000016000000,0x0000000016100000]
Native frames: (J=compiled Java code, j=interpreted, Vv=VM code, C=native code)
V  [jvm.dll+0x3152fa]
V  [jvm.dll+0x265d03]
V  [jvm.dll+0x266943]
V  [jvm.dll+0x25e265]
V  [jvm.dll+0xbe255]
V  [jvm.dll+0xbe6fc]
V  [jvm.dll+0x477e2c]
V  [jvm.dll+0x444e64]
V  [jvm.dll+0x4500de]
V  [jvm.dll+0x4526c8]
V  [jvm.dll+0x435fc2]
V  [jvm.dll+0x97b62]
V  [jvm.dll+0x98353]
V  [jvm.dll+0x22aac4]
V  [jvm.dll+0x283f5a]
C  [msvcr100.dll+0x21d9f]
C  [msvcr100.dll+0x21e3b]
C  [KERNEL32.DLL+0x18102]
C  [ntdll.dll+0x5c5b4]


Current CompileTask:
C2:  17854 2955 %     4       com.android.dx.dex.code.LocalList::make @ 16 (102 bytes)


---------------  P R O C E S S  ---------------

Java Threads: ( => current thread )
  0x0000000016f42800 JavaThread "DestroyJavaVM" [_thread_blocked, id=11948, stack(0x00000000020c0000,0x00000000021c0000)]
  0x00000000149ee000 JavaThread "Service Thread" daemon [_thread_blocked, id=12080, stack(0x0000000016600000,0x0000000016700000)]
  0x000000001498f000 JavaThread "C1 CompilerThread2" daemon [_thread_blocked, id=11280, stack(0x0000000016100000,0x0000000016200000)]
=>0x000000001498c000 JavaThread "C2 CompilerThread1" daemon [_thread_in_native, id=9312, stack(0x0000000016000000,0x0000000016100000)]
  0x000000001499b800 JavaThread "C2 CompilerThread0" daemon [_thread_in_native, id=3632, stack(0x0000000015f00000,0x0000000016000000)]
  0x0000000014999800 JavaThread "Attach Listener" daemon [_thread_blocked, id=11752, stack(0x0000000015e00000,0x0000000015f00000)]
  0x0000000014998000 JavaThread "Signal Dispatcher" daemon [_thread_blocked, id=7216, stack(0x0000000015d00000,0x0000000015e00000)]
  0x00000000022b7800 JavaThread "Finalizer" daemon [_thread_blocked, id=6008, stack(0x0000000015bf0000,0x0000000015cf0000)]
  0x00000000022ad800 JavaThread "Reference Handler" daemon [_thread_blocked, id=8364, stack(0x0000000015af0000,0x0000000015bf0000)]

Other Threads:
  0x0000000014956000 VMThread [stack: 0x00000000159f0000,0x0000000015af0000] [id=2208]
  0x0000000016230800 WatcherThread [stack: 0x0000000016700000,0x0000000016800000] [id=11756]

VM state:not at safepoint (normal execution)

VM Mutex/Monitor currently owned by a thread: None

Heap:
 PSYoungGen      total 243712K, used 168448K [0x00000000eab00000, 0x0000000100000000, 0x0000000100000000)
  eden space 164864K, 54% used [0x00000000eab00000,0x00000000f02e8be8,0x00000000f4c00000)
  from space 78848K, 99% used [0x00000000f4c00000,0x00000000f98974d8,0x00000000f9900000)
  to   space 102400K, 0% used [0x00000000f9c00000,0x00000000f9c00000,0x0000000100000000)
 ParOldGen       total 297472K, used 197125K [0x00000000c0000000, 0x00000000d2280000, 0x00000000eab00000)
  object space 297472K, 66% used [0x00000000c0000000,0x00000000cc0815a8,0x00000000d2280000)
 Metaspace       used 7379K, capacity 7832K, committed 7936K, reserved 1056768K
  class space    used 669K, capacity 720K, committed 768K, reserved 1048576K

Card table byte_map: [0x0000000011680000,0x0000000011890000] byte_map_base: 0x0000000011080000

Marking Bits: (ParMarkBitMap*) 0x0000000066f9b460
 Begin Bits: [0x0000000011df0000, 0x0000000012df0000)
 End Bits:   [0x0000000012df0000, 0x0000000013df0000)

Polling page: 0x00000000001f0000

CodeCache: size=245760Kb used=12737Kb max_used=12737Kb free=233022Kb
 bounds [0x00000000022c0000, 0x0000000002f40000, 0x00000000112c0000]
 total_blobs=3224 nmethods=2950 adapters=187
 compilation: enabled

Compilation events (10 events):
Event: 16.085 Thread 0x000000001499b800 nmethod 2991 0x0000000002e29b90 code [0x0000000002e29dc0, 0x0000000002e2b050]
Event: 16.085 Thread 0x000000001499b800 3001       4       java.util.ComparableTimSort::binarySort (223 bytes)
Event: 16.096 Thread 0x000000001499b800 nmethod 3001 0x0000000002a96a10 code [0x0000000002a96b80, 0x0000000002a97278]
Event: 16.096 Thread 0x000000001499b800 2995       4       com.android.dx.dex.code.form.Form35c::isCompatible (72 bytes)
Event: 16.098 Thread 0x000000001498f000 3003       3       com.android.dx.rop.code.RegisterSpecSet::getMaxSize (6 bytes)
Event: 16.098 Thread 0x000000001498f000 nmethod 3003 0x0000000002e25dd0 code [0x0000000002e25f20, 0x0000000002e26070]
Event: 16.098 Thread 0x000000001498f000 3004       3       com.android.dx.ssa.RegisterMapper::map (73 bytes)
Event: 16.099 Thread 0x000000001498f000 nmethod 3004 0x0000000002a98210 code [0x0000000002a98420, 0x0000000002a98fc8]
Event: 16.101 Thread 0x000000001499b800 nmethod 2995 0x0000000002a97890 code [0x0000000002a97a00, 0x0000000002a97d18]
Event: 16.101 Thread 0x000000001499b800 3005       4       com.android.dx.dex.code.form.Form22c::isCompatible (99 bytes)

GC Heap History (10 events):
Event: 9.893 GC heap before
{Heap before GC invocations=13 (full 2):
 PSYoungGen      total 274944K, used 31882K [0x00000000eab00000, 0x0000000100000000, 0x0000000100000000)
  eden space 200704K, 0% used [0x00000000eab00000,0x00000000eab00000,0x00000000f6f00000)
  from space 74240K, 42% used [0x00000000f6f00000,0x00000000f8e22b78,0x00000000fb780000)
  to   space 71680K, 0% used [0x00000000fba00000,0x00000000fba00000,0x0000000100000000)
 ParOldGen       total 165888K, used 134751K [0x00000000c0000000, 0x00000000ca200000, 0x00000000eab00000)
  object space 165888K, 81% used [0x00000000c0000000,0x00000000c8397c28,0x00000000ca200000)
 Metaspace       used 6552K, capacity 7320K, committed 7680K, reserved 1056768K
  class space    used 614K, capacity 656K, committed 768K, reserved 1048576K
Event: 10.571 GC heap after
Heap after GC invocations=13 (full 2):
 PSYoungGen      total 274944K, used 0K [0x00000000eab00000, 0x0000000100000000, 0x0000000100000000)
  eden space 200704K, 0% used [0x00000000eab00000,0x00000000eab00000,0x00000000f6f00000)
  from space 74240K, 0% used [0x00000000f6f00000,0x00000000f6f00000,0x00000000fb780000)
  to   space 71680K, 0% used [0x00000000fba00000,0x00000000fba00000,0x0000000100000000)
 ParOldGen       total 297472K, used 164277K [0x00000000c0000000, 0x00000000d2280000, 0x00000000eab00000)
  object space 297472K, 55% used [0x00000000c0000000,0x00000000ca06d600,0x00000000d2280000)
 Metaspace       used 6552K, capacity 7320K, committed 7680K, reserved 1056768K
  class space    used 614K, capacity 656K, committed 768K, reserved 1048576K
}
Event: 11.610 GC heap before
{Heap before GC invocations=14 (full 2):
 PSYoungGen      total 274944K, used 200704K [0x00000000eab00000, 0x0000000100000000, 0x0000000100000000)
  eden space 200704K, 100% used [0x00000000eab00000,0x00000000f6f00000,0x00000000f6f00000)
  from space 74240K, 0% used [0x00000000f6f00000,0x00000000f6f00000,0x00000000fb780000)
  to   space 71680K, 0% used [0x00000000fba00000,0x00000000fba00000,0x0000000100000000)
 ParOldGen       total 297472K, used 164277K [0x00000000c0000000, 0x00000000d2280000, 0x00000000eab00000)
  object space 297472K, 55% used [0x00000000c0000000,0x00000000ca06d600,0x00000000d2280000)
 Metaspace       used 6554K, capacity 7320K, committed 7680K, reserved 1056768K
  class space    used 614K, capacity 656K, committed 768K, reserved 1048576K
Event: 11.697 GC heap after
Heap after GC invocations=14 (full 2):
 PSYoungGen      total 265216K, used 29966K [0x00000000eab00000, 0x00000000ff680000, 0x0000000100000000)
  eden space 203264K, 0% used [0x00000000eab00000,0x00000000eab00000,0x00000000f7180000)
  from space 61952K, 48% used [0x00000000fba00000,0x00000000fd743820,0x00000000ff680000)
  to   space 68096K, 0% used [0x00000000f7180000,0x00000000f7180000,0x00000000fb400000)
 ParOldGen       total 297472K, used 164277K [0x00000000c0000000, 0x00000000d2280000, 0x00000000eab00000)
  object space 297472K, 55% used [0x00000000c0000000,0x00000000ca06d600,0x00000000d2280000)
 Metaspace       used 6554K, capacity 7320K, committed 7680K, reserved 1056768K
  class space    used 614K, capacity 656K, committed 768K, reserved 1048576K
}
Event: 12.677 GC heap before
{Heap before GC invocations=15 (full 2):
 PSYoungGen      total 265216K, used 233230K [0x00000000eab00000, 0x00000000ff680000, 0x0000000100000000)
  eden space 203264K, 100% used [0x00000000eab00000,0x00000000f7180000,0x00000000f7180000)
  from space 61952K, 48% used [0x00000000fba00000,0x00000000fd743820,0x00000000ff680000)
  to   space 68096K, 0% used [0x00000000f7180000,0x00000000f7180000,0x00000000fb400000)
 ParOldGen       total 297472K, used 164277K [0x00000000c0000000, 0x00000000d2280000, 0x00000000eab00000)
  object space 297472K, 55% used [0x00000000c0000000,0x00000000ca06d600,0x00000000d2280000)
 Metaspace       used 6563K, capacity 7320K, committed 7680K, reserved 1056768K
  class space    used 614K, capacity 656K, committed 768K, reserved 1048576K
Event: 12.761 GC heap after
Heap after GC invocations=15 (full 2):
 PSYoungGen      total 271360K, used 61183K [0x00000000eab00000, 0x0000000100000000, 0x0000000100000000)
  eden space 203264K, 0% used [0x00000000eab00000,0x00000000eab00000,0x00000000f7180000)
  from space 68096K, 89% used [0x00000000f7180000,0x00000000fad3fce0,0x00000000fb400000)
  to   space 76288K, 0% used [0x00000000fb580000,0x00000000fb580000,0x0000000100000000)
 ParOldGen       total 297472K, used 164277K [0x00000000c0000000, 0x00000000d2280000, 0x00000000eab00000)
  object space 297472K, 55% used [0x00000000c0000000,0x00000000ca06d600,0x00000000d2280000)
 Metaspace       used 6563K, capacity 7320K, committed 7680K, reserved 1056768K
  class space    used 614K, capacity 656K, committed 768K, reserved 1048576K
}
Event: 13.514 GC heap before
{Heap before GC invocations=16 (full 2):
 PSYoungGen      total 271360K, used 264447K [0x00000000eab00000, 0x0000000100000000, 0x0000000100000000)
  eden space 203264K, 100% used [0x00000000eab00000,0x00000000f7180000,0x00000000f7180000)
  from space 68096K, 89% used [0x00000000f7180000,0x00000000fad3fce0,0x00000000fb400000)
  to   space 76288K, 0% used [0x00000000fb580000,0x00000000fb580000,0x0000000100000000)
 ParOldGen       total 297472K, used 164277K [0x00000000c0000000, 0x00000000d2280000, 0x00000000eab00000)
  object space 297472K, 55% used [0x00000000c0000000,0x00000000ca06d600,0x00000000d2280000)
 Metaspace       used 6568K, capacity 7320K, committed 7680K, reserved 1056768K
  class space    used 614K, capacity 656K, committed 768K, reserved 1048576K
Event: 13.636 GC heap after
Heap after GC invocations=16 (full 2):
 PSYoungGen      total 241152K, used 76268K [0x00000000eab00000, 0x0000000100000000, 0x0000000100000000)
  eden space 164864K, 0% used [0x00000000eab00000,0x00000000eab00000,0x00000000f4c00000)
  from space 76288K, 99% used [0x00000000fb580000,0x00000000ffffb0b0,0x0000000100000000)
  to   space 92160K, 0% used [0x00000000f4c00000,0x00000000f4c00000,0x00000000fa600000)
 ParOldGen       total 297472K, used 174341K [0x00000000c0000000, 0x00000000d2280000, 0x00000000eab00000)
  object space 297472K, 58% used [0x00000000c0000000,0x00000000caa41760,0x00000000d2280000)
 Metaspace       used 6568K, capacity 7320K, committed 7680K, reserved 1056768K
  class space    used 614K, capacity 656K, committed 768K, reserved 1048576K
}
Event: 15.707 GC heap before
{Heap before GC invocations=17 (full 2):
 PSYoungGen      total 241152K, used 241132K [0x00000000eab00000, 0x0000000100000000, 0x0000000100000000)
  eden space 164864K, 100% used [0x00000000eab00000,0x00000000f4c00000,0x00000000f4c00000)
  from space 76288K, 99% used [0x00000000fb580000,0x00000000ffffb0b0,0x0000000100000000)
  to   space 92160K, 0% used [0x00000000f4c00000,0x00000000f4c00000,0x00000000fa600000)
 ParOldGen       total 297472K, used 174341K [0x00000000c0000000, 0x00000000d2280000, 0x00000000eab00000)
  object space 297472K, 58% used [0x00000000c0000000,0x00000000caa41760,0x00000000d2280000)
 Metaspace       used 6897K, capacity 7608K, committed 7936K, reserved 1056768K
  class space    used 634K, capacity 688K, committed 768K, reserved 1048576K
Event: 15.899 GC heap after
Heap after GC invocations=17 (full 2):
 PSYoungGen      total 243712K, used 78429K [0x00000000eab00000, 0x0000000100000000, 0x0000000100000000)
  eden space 164864K, 0% used [0x00000000eab00000,0x00000000eab00000,0x00000000f4c00000)
  from space 78848K, 99% used [0x00000000f4c00000,0x00000000f98974d8,0x00000000f9900000)
  to   space 102400K, 0% used [0x00000000f9c00000,0x00000000f9c00000,0x0000000100000000)
 ParOldGen       total 297472K, used 197125K [0x00000000c0000000, 0x00000000d2280000, 0x00000000eab00000)
  object space 297472K, 66% used [0x00000000c0000000,0x00000000cc0815a8,0x00000000d2280000)
 Metaspace       used 6897K, capacity 7608K, committed 7936K, reserved 1056768K
  class space    used 634K, capacity 688K, committed 768K, reserved 1048576K
}

Deoptimization events (10 events):
Event: 15.548 Thread 0x0000000016f43800 Uncommon trap: reason=speculate_class_check action=maybe_recompile pc=0x000000000262c508 method=com.android.dx.util.FixedSizeList.equals(Ljava/lang/Object;)Z @ 25
Event: 15.548 Thread 0x0000000016f43800 Uncommon trap: reason=class_check action=maybe_recompile pc=0x000000000264c844 method=java.util.Arrays.equals([Ljava/lang/Object;[Ljava/lang/Object;)Z @ 62
Event: 15.685 Thread 0x0000000016f43800 Uncommon trap: reason=predicate action=maybe_recompile pc=0x0000000002b346b4 method=java.util.ComparableTimSort.binarySort([Ljava/lang/Object;III)V @ 37
Event: 15.918 Thread 0x0000000016f43800 Uncommon trap: reason=array_check action=maybe_recompile pc=0x0000000002aaf458 method=java.util.ComparableTimSort.binarySort([Ljava/lang/Object;III)V @ 193
Event: 15.950 Thread 0x0000000016f43800 Uncommon trap: reason=array_check action=maybe_recompile pc=0x0000000002aaf458 method=java.util.ComparableTimSort.binarySort([Ljava/lang/Object;III)V @ 193
Event: 15.975 Thread 0x0000000016f43800 Uncommon trap: reason=array_check action=maybe_recompile pc=0x0000000002aaf458 method=java.util.ComparableTimSort.binarySort([Ljava/lang/Object;III)V @ 193
Event: 15.985 Thread 0x0000000016f43800 Uncommon trap: reason=array_check action=maybe_recompile pc=0x0000000002aaf520 method=java.util.ComparableTimSort.binarySort([Ljava/lang/Object;III)V @ 183
Event: 15.991 Thread 0x0000000016f43800 Uncommon trap: reason=array_check action=maybe_recompile pc=0x0000000002aaf458 method=java.util.ComparableTimSort.binarySort([Ljava/lang/Object;III)V @ 193
Event: 16.053 Thread 0x0000000016f43800 Uncommon trap: reason=array_check action=maybe_recompile pc=0x0000000002a9bce0 method=java.util.ComparableTimSort.binarySort([Ljava/lang/Object;III)V @ 215
Event: 16.062 Thread 0x0000000016f43800 Uncommon trap: reason=array_check action=maybe_recompile pc=0x0000000002a9bce0 method=java.util.ComparableTimSort.binarySort([Ljava/lang/Object;III)V @ 215

Internal exceptions (10 events):
Event: 15.440 Thread 0x0000000016f43800 Exception <a 'java/security/PrivilegedActionException'> (0x00000000f475de00) thrown at [D:\re\workspace\8-2-build-windows-amd64-cygwin\jdk8u20\1074\hotspot\src\share\vm\prims\jvm.cpp, line 1275]
Event: 15.441 Thread 0x0000000016f43800 Exception <a 'java/security/PrivilegedActionException'> (0x00000000f47630d8) thrown at [D:\re\workspace\8-2-build-windows-amd64-cygwin\jdk8u20\1074\hotspot\src\share\vm\prims\jvm.cpp, line 1275]
Event: 15.441 Thread 0x0000000016f43800 Exception <a 'java/security/PrivilegedActionException'> (0x00000000f4769708) thrown at [D:\re\workspace\8-2-build-windows-amd64-cygwin\jdk8u20\1074\hotspot\src\share\vm\prims\jvm.cpp, line 1275]
Event: 15.442 Thread 0x0000000016f43800 Exception <a 'java/security/PrivilegedActionException'> (0x00000000f476c6e0) thrown at [D:\re\workspace\8-2-build-windows-amd64-cygwin\jdk8u20\1074\hotspot\src\share\vm\prims\jvm.cpp, line 1275]
Event: 15.442 Thread 0x0000000016f43800 Exception <a 'java/security/PrivilegedActionException'> (0x00000000f47715c0) thrown at [D:\re\workspace\8-2-build-windows-amd64-cygwin\jdk8u20\1074\hotspot\src\share\vm\prims\jvm.cpp, line 1275]
Event: 15.443 Thread 0x0000000016f43800 Exception <a 'java/security/PrivilegedActionException'> (0x00000000f4775d20) thrown at [D:\re\workspace\8-2-build-windows-amd64-cygwin\jdk8u20\1074\hotspot\src\share\vm\prims\jvm.cpp, line 1275]
Event: 15.454 Thread 0x0000000016f43800 Exception <a 'java/security/PrivilegedActionException'> (0x00000000f47920f8) thrown at [D:\re\workspace\8-2-build-windows-amd64-cygwin\jdk8u20\1074\hotspot\src\share\vm\prims\jvm.cpp, line 1275]
Event: 15.548 Thread 0x0000000016f43800 Exception <a 'java/security/PrivilegedActionException'> (0x00000000f4926e50) thrown at [D:\re\workspace\8-2-build-windows-amd64-cygwin\jdk8u20\1074\hotspot\src\share\vm\prims\jvm.cpp, line 1275]
Event: 15.549 Thread 0x0000000016f43800 Exception <a 'java/security/PrivilegedActionException'> (0x00000000f492a6d0) thrown at [D:\re\workspace\8-2-build-windows-amd64-cygwin\jdk8u20\1074\hotspot\src\share\vm\prims\jvm.cpp, line 1275]
Event: 15.550 Thread 0x0000000016f43800 Exception <a 'java/security/PrivilegedActionException'> (0x00000000f492fcb0) thrown at [D:\re\workspace\8-2-build-windows-amd64-cygwin\jdk8u20\1074\hotspot\src\share\vm\prims\jvm.cpp, line 1275]

Events (10 events):
Event: 15.985 Thread 0x0000000016f43800 DEOPT UNPACKING pc=0x000000000230556a sp=0x00000000185ce6e8 mode 2
Event: 15.991 Thread 0x0000000016f43800 Uncommon trap: trap_request=0xffffffd6 fr.pc=0x0000000002aaf458
Event: 15.991 Thread 0x0000000016f43800 DEOPT PACKING pc=0x0000000002aaf458 sp=0x00000000185ce8c0
Event: 15.991 Thread 0x0000000016f43800 DEOPT UNPACKING pc=0x000000000230556a sp=0x00000000185ce868 mode 2
Event: 16.053 Thread 0x0000000016f43800 Uncommon trap: trap_request=0xffffffd6 fr.pc=0x0000000002a9bce0
Event: 16.053 Thread 0x0000000016f43800 DEOPT PACKING pc=0x0000000002a9bce0 sp=0x00000000185ce8c0
Event: 16.053 Thread 0x0000000016f43800 DEOPT UNPACKING pc=0x000000000230556a sp=0x00000000185ce868 mode 2
Event: 16.062 Thread 0x0000000016f43800 Uncommon trap: trap_request=0xffffffd6 fr.pc=0x0000000002a9bce0
Event: 16.062 Thread 0x0000000016f43800 DEOPT PACKING pc=0x0000000002a9bce0 sp=0x00000000185ce8c0
Event: 16.062 Thread 0x0000000016f43800 DEOPT UNPACKING pc=0x000000000230556a sp=0x00000000185ce868 mode 2


Dynamic libraries:
0x00007ff6ea620000 - 0x00007ff6ea654000 	C:\Program Files\Java\jdk1.8.0_20\bin\java.exe
0x00007ffc0cf60000 - 0x00007ffc0d121000 	C:\WINDOWS\SYSTEM32\ntdll.dll
0x00007ffc0ceb0000 - 0x00007ffc0cf5d000 	C:\WINDOWS\system32\KERNEL32.DLL
0x00007ffc0a0e0000 - 0x00007ffc0a2c8000 	C:\WINDOWS\system32\KERNELBASE.dll
0x00007ffc0ba90000 - 0x00007ffc0bb37000 	C:\WINDOWS\system32\ADVAPI32.dll
0x00007ffc0be60000 - 0x00007ffc0befd000 	C:\WINDOWS\system32\msvcrt.dll
0x00007ffc0ce50000 - 0x00007ffc0ceab000 	C:\WINDOWS\system32\sechost.dll
0x00007ffc0cb80000 - 0x00007ffc0cc9c000 	C:\WINDOWS\system32\RPCRT4.dll
0x00007ffc0b8e0000 - 0x00007ffc0ba36000 	C:\WINDOWS\system32\USER32.dll
0x00007ffc0bba0000 - 0x00007ffc0bd26000 	C:\WINDOWS\system32\GDI32.dll
0x00007ffbfd310000 - 0x00007ffbfd584000 	C:\WINDOWS\WinSxS\amd64_microsoft.windows.common-controls_6595b64144ccf1df_6.0.10586.0_none_8c15ae12515e1c22\COMCTL32.dll
0x00007ffc0c330000 - 0x00007ffc0c5ad000 	C:\WINDOWS\system32\combase.dll
0x00007ffc0a2d0000 - 0x00007ffc0a33a000 	C:\WINDOWS\system32\bcryptPrimitives.dll
0x00007ffc0ba40000 - 0x00007ffc0ba7b000 	C:\WINDOWS\system32\IMM32.DLL
0x0000000067020000 - 0x00000000670f2000 	C:\Program Files\Java\jdk1.8.0_20\jre\bin\msvcr100.dll
0x00000000667c0000 - 0x0000000067018000 	C:\Program Files\Java\jdk1.8.0_20\jre\bin\server\jvm.dll
0x00007ffc0ba80000 - 0x00007ffc0ba88000 	C:\WINDOWS\system32\PSAPI.DLL
0x00007ffbfb2d0000 - 0x00007ffbfb2d9000 	C:\WINDOWS\SYSTEM32\WSOCK32.dll
0x00007ffc077e0000 - 0x00007ffc07803000 	C:\WINDOWS\SYSTEM32\WINMM.dll
0x00007ffc0c5b0000 - 0x00007ffc0c61b000 	C:\WINDOWS\system32\WS2_32.dll
0x0000000002090000 - 0x00000000020bc000 	C:\WINDOWS\SYSTEM32\WINMMBASE.dll
0x00007ffc09f50000 - 0x00007ffc09f93000 	C:\WINDOWS\system32\cfgmgr32.dll
0x00000000667b0000 - 0x00000000667bf000 	C:\Program Files\Java\jdk1.8.0_20\jre\bin\verify.dll
0x0000000066780000 - 0x00000000667a8000 	C:\Program Files\Java\jdk1.8.0_20\jre\bin\java.dll
0x0000000066760000 - 0x0000000066776000 	C:\Program Files\Java\jdk1.8.0_20\jre\bin\zip.dll
0x00007ffc0a360000 - 0x00007ffc0b8bc000 	C:\WINDOWS\system32\SHELL32.dll
0x00007ffc09730000 - 0x00007ffc09d75000 	C:\WINDOWS\system32\windows.storage.dll
0x00007ffc0c750000 - 0x00007ffc0c7a2000 	C:\WINDOWS\system32\shlwapi.dll
0x00007ffc09590000 - 0x00007ffc0959f000 	C:\WINDOWS\system32\kernel.appcore.dll
0x00007ffc09670000 - 0x00007ffc09725000 	C:\WINDOWS\system32\shcore.dll
0x00007ffc095a0000 - 0x00007ffc095eb000 	C:\WINDOWS\system32\powrprof.dll
0x00007ffc09560000 - 0x00007ffc09574000 	C:\WINDOWS\system32\profapi.dll
0x00007ffbfe2a0000 - 0x00007ffbfe42c000 	C:\WINDOWS\SYSTEM32\dbghelp.dll

VM Arguments:
jvm_args: -Djava.awt.headless=true -Xmx1024M -Dfile.encoding=windows-1252 -Duser.country=US -Duser.language=en -Duser.variant 
java_command: com.android.dx.command.Main --dex --num-threads=4 --multi-dex --main-dex-list C:\Users\admin\Documents\GitHub\ShaneelSD\SoftwareDesign\FindMeTutor\FindMeTutor\tutor_app\build\intermediates\multi-dex\debug\maindexlist.txt --output C:\Users\admin\Documents\GitHub\ShaneelSD\SoftwareDesign\FindMeTutor\FindMeTutor\tutor_app\build\intermediates\transforms\dex\debug\folders\1000\1f\main C:\Users\admin\Documents\GitHub\ShaneelSD\SoftwareDesign\FindMeTutor\FindMeTutor\tutor_app\build\intermediates\transforms\jarMerging\debug\jars\1\1f\combined.jar
java_class_path (initial): C:\Users\admin\AppData\Local\Android\sdk\build-tools\24.0.1\lib\dx.jar
Launcher Type: SUN_STANDARD

Environment Variables:
PATH=C:\ProgramData\Oracle\Java\javapath;C:\Program Files (x86)\Intel\iCLS Client\;C:\Program Files\Intel\iCLS Client\;C:\WINDOWS\system32;C:\WINDOWS;C:\WINDOWS\System32\Wbem;C:\WINDOWS\System32\WindowsPowerShell\v1.0\;C:\Program Files\Intel\Intel(R) Management Engine Components\DAL;C:\Program Files\Intel\Intel(R) Management Engine Components\IPT;C:\Program Files (x86)\Intel\Intel(R) Management Engine Components\DAL;C:\Program Files (x86)\Intel\Intel(R) Management Engine Components\IPT;C:\Program Files\WIDCOMM\Bluetooth Software\;C:\Program Files\WIDCOMM\Bluetooth Software\syswow64;C:\Program Files (x86)\Intel\OpenCL SDK\2.0\bin\x86;C:\Program Files (x86)\Intel\OpenCL SDK\2.0\bin\x64;C:\Program Files\Intel\WiFi\bin\;C:\Program Files\Common Files\Intel\WirelessCommon\;c:\Program Files (x86)\Microsoft SQL Server\100\Tools\Binn\;c:\Program Files\Microsoft SQL Server\100\Tools\Binn\;c:\Program Files\Microsoft SQL Server\100\DTS\Binn\;C:\Program Files (x86)\MySQL\MySQL Fabric 1.5.4 & MySQL Utilities 1.5.4 1.5\;C:\Program Files (x86)\MySQL\MySQL Fabric 1.5.4 & MySQL Utilities 1.5.4 1.5\Doctrine extensions for PHP\;C:\Program Files (x86)\Borland\Delphi7\Bin;C:\Program Files (x86)\Borland\Delphi7\Projects\Bpl;C:\Program Files (x86)\Borland\Delphi7\Rave5;C:\Program Files\Git\cmd;C:\Program Files\Intel\WiFi\bin\;C:\Program Files\Common Files\Intel\WirelessCommon\
USERNAME=admin
OS=Windows_NT
PROCESSOR_IDENTIFIER=Intel64 Family 6 Model 58 Stepping 9, GenuineIntel



---------------  S Y S T E M  ---------------

OS: Windows 8.1 , 64 bit Build 9600 

CPU:total 4 (2 cores per cpu, 2 threads per core) family 6 model 58 stepping 9, cmov, cx8, fxsr, mmx, sse, sse2, sse3, ssse3, sse4.1, sse4.2, popcnt, avx, aes, clmul, erms, ht, tsc, tscinvbit, tscinv

Memory: 4k page, physical 8258576k(1613924k free), swap 10306576k(287700k free)

vm_info: Java HotSpot(TM) 64-Bit Server VM (25.20-b23) for windows-amd64 JRE (1.8.0_20-b26), built on Jul 30 2014 13:51:23 by "java_re" with MS VC++ 10.0 (VS2010)

time: Mon Sep 26 08:33:27 2016
elapsed time: 17 seconds (0d 0h 0m 17s)

