#
# There is insufficient memory for the Java Runtime Environment to continue.
# Native memory allocation (malloc) failed to allocate 65552 bytes for Chunk::new
# Possible reasons:
#   The system is out of physical RAM or swap space
#   In 32 bit mode, the process size limit was hit
# Possible solutions:
#   Reduce memory load on the system
#   Increase physical memory or swap space
#   Check if swap backing store is full
#   Use 64 bit Java on a 64 bit OS
#   Decrease Java heap size (-Xmx/-Xms)
#   Decrease number of Java threads
#   Decrease Java thread stack sizes (-Xss)
#   Set larger code cache with -XX:ReservedCodeCacheSize=
# This output file may be truncated or incomplete.
#
#  Out of Memory Error (allocation.cpp:390), pid=13128, tid=10312
#
# JRE version: Java(TM) SE Runtime Environment (8.0_20-b26) (build 1.8.0_20-b26)
# Java VM: Java HotSpot(TM) 64-Bit Server VM (25.20-b23 mixed mode windows-amd64 compressed oops)
# Failed to write core dump. Minidumps are not enabled by default on client versions of Windows
#

---------------  T H R E A D  ---------------

Current thread (0x0000000014d2d800):  JavaThread "C2 CompilerThread0" daemon [_thread_in_native, id=10312, stack(0x0000000016290000,0x0000000016390000)]

Stack: [0x0000000016290000,0x0000000016390000]
Native frames: (J=compiled Java code, j=interpreted, Vv=VM code, C=native code)
V  [jvm.dll+0x3152fa]


Current CompileTask:
C2:  30562 2516 %     4       com.android.dx.dex.code.LocalList::make @ 16 (102 bytes)


---------------  P R O C E S S  ---------------

Java Threads: ( => current thread )
  0x00000000168a8800 JavaThread "pool-1-thread-1" [_thread_in_Java, id=10232, stack(0x0000000019830000,0x0000000019930000)]
  0x0000000016594800 JavaThread "Service Thread" daemon [_thread_blocked, id=3728, stack(0x0000000016990000,0x0000000016a90000)]
  0x0000000014d8c000 JavaThread "C1 CompilerThread2" daemon [_thread_blocked, id=12376, stack(0x0000000016490000,0x0000000016590000)]
  0x0000000014d30000 JavaThread "C2 CompilerThread1" daemon [_thread_in_native, id=9080, stack(0x0000000016390000,0x0000000016490000)]
=>0x0000000014d2d800 JavaThread "C2 CompilerThread0" daemon [_thread_in_native, id=10312, stack(0x0000000016290000,0x0000000016390000)]
  0x0000000014d2b800 JavaThread "Attach Listener" daemon [_thread_blocked, id=10380, stack(0x0000000016190000,0x0000000016290000)]
  0x0000000014d2a800 JavaThread "Signal Dispatcher" daemon [_thread_blocked, id=124, stack(0x0000000016090000,0x0000000016190000)]
  0x000000000264f000 JavaThread "Finalizer" daemon [_thread_blocked, id=6460, stack(0x0000000015f80000,0x0000000016080000)]
  0x000000000264c000 JavaThread "Reference Handler" daemon [_thread_blocked, id=9400, stack(0x0000000015e80000,0x0000000015f80000)]
  0x000000000244d800 JavaThread "main" [_thread_blocked, id=2448, stack(0x0000000002450000,0x0000000002550000)]

Other Threads:
  0x0000000014cf6000 VMThread [stack: 0x0000000015d80000,0x0000000015e80000] [id=184]
  0x0000000016597000 WatcherThread [stack: 0x0000000016a90000,0x0000000016b90000] [id=11644]

VM state:not at safepoint (normal execution)

VM Mutex/Monitor currently owned by a thread: None

Heap:
 PSYoungGen      total 71680K, used 14607K [0x00000000eab00000, 0x00000000f4d00000, 0x0000000100000000)
  eden space 66560K, 14% used [0x00000000eab00000,0x00000000eb447fd8,0x00000000eec00000)
  from space 5120K, 99% used [0x00000000eec00000,0x00000000ef0fbe00,0x00000000ef100000)
  to   space 16384K, 0% used [0x00000000f3d00000,0x00000000f3d00000,0x00000000f4d00000)
 ParOldGen       total 87552K, used 24963K [0x00000000c0000000, 0x00000000c5580000, 0x00000000eab00000)
  object space 87552K, 28% used [0x00000000c0000000,0x00000000c1860d48,0x00000000c5580000)
 Metaspace       used 6665K, capacity 7504K, committed 7680K, reserved 1056768K
  class space    used 612K, capacity 648K, committed 768K, reserved 1048576K

Card table byte_map: [0x0000000011a20000,0x0000000011c30000] byte_map_base: 0x0000000011420000

Marking Bits: (ParMarkBitMap*) 0x000000005352b460
 Begin Bits: [0x0000000012190000, 0x0000000013190000)
 End Bits:   [0x0000000013190000, 0x0000000014190000)

Polling page: 0x00000000005f0000

CodeCache: size=245760Kb used=9917Kb max_used=9931Kb free=235842Kb
 bounds [0x0000000002660000, 0x0000000003020000, 0x0000000011660000]
 total_blobs=2615 nmethods=2349 adapters=179
 compilation: enabled

Compilation events (10 events):
Event: 30.485 Thread 0x0000000014d8c000 nmethod 2514 0x0000000003006dd0 code [0x0000000003006f80, 0x0000000003007678]
Event: 30.485 Thread 0x0000000014d8c000 2515       3       com.android.dx.dex.code.form.Form10t::branchFits (22 bytes)
Event: 30.485 Thread 0x0000000014d30000 2517       4       com.android.dx.dex.code.LocalList$MakeState::snapshot (110 bytes)
Event: 30.486 Thread 0x0000000014d8c000 nmethod 2515 0x0000000003009250 code [0x0000000003009400, 0x0000000003009af8]
Event: 30.487 Thread 0x0000000014d8c000 2513       3       com.android.dx.dex.code.form.Form12x::codeSize (2 bytes)
Event: 30.487 Thread 0x0000000014d8c000 nmethod 2513 0x000000000300e990 code [0x000000000300eae0, 0x000000000300ec30]
Event: 30.499 Thread 0x0000000014d8c000 2518       1       com.android.dx.dex.code.form.Form22c::codeSize (2 bytes)
Event: 30.499 Thread 0x0000000014d8c000 nmethod 2518 0x0000000003006350 code [0x00000000030064a0, 0x00000000030065b0]
Event: 30.501 Thread 0x0000000014d8c000 2519       3       java.lang.Integer::valueOf (32 bytes)
Event: 30.502 Thread 0x0000000014d8c000 nmethod 2519 0x0000000003008bd0 code [0x0000000003008d40, 0x0000000003009090]

GC Heap History (10 events):
Event: 8.755 GC heap before
{Heap before GC invocations=1 (full 0):
 PSYoungGen      total 38400K, used 33280K [0x00000000eab00000, 0x00000000ed580000, 0x0000000100000000)
  eden space 33280K, 100% used [0x00000000eab00000,0x00000000ecb80000,0x00000000ecb80000)
  from space 5120K, 0% used [0x00000000ed080000,0x00000000ed080000,0x00000000ed580000)
  to   space 5120K, 0% used [0x00000000ecb80000,0x00000000ecb80000,0x00000000ed080000)
 ParOldGen       total 87552K, used 0K [0x00000000c0000000, 0x00000000c5580000, 0x00000000eab00000)
  object space 87552K, 0% used [0x00000000c0000000,0x00000000c0000000,0x00000000c5580000)
 Metaspace       used 5965K, capacity 6896K, committed 7040K, reserved 1056768K
  class space    used 592K, capacity 616K, committed 640K, reserved 1048576K
Event: 8.779 GC heap after
Heap after GC invocations=1 (full 0):
 PSYoungGen      total 38400K, used 5107K [0x00000000eab00000, 0x00000000ed580000, 0x0000000100000000)
  eden space 33280K, 0% used [0x00000000eab00000,0x00000000eab00000,0x00000000ecb80000)
  from space 5120K, 99% used [0x00000000ecb80000,0x00000000ed07cea8,0x00000000ed080000)
  to   space 5120K, 0% used [0x00000000ed080000,0x00000000ed080000,0x00000000ed580000)
 ParOldGen       total 87552K, used 677K [0x00000000c0000000, 0x00000000c5580000, 0x00000000eab00000)
  object space 87552K, 0% used [0x00000000c0000000,0x00000000c00a97b0,0x00000000c5580000)
 Metaspace       used 5965K, capacity 6896K, committed 7040K, reserved 1056768K
  class space    used 592K, capacity 616K, committed 640K, reserved 1048576K
}
Event: 10.467 GC heap before
{Heap before GC invocations=2 (full 0):
 PSYoungGen      total 38400K, used 38387K [0x00000000eab00000, 0x00000000ed580000, 0x0000000100000000)
  eden space 33280K, 100% used [0x00000000eab00000,0x00000000ecb80000,0x00000000ecb80000)
  from space 5120K, 99% used [0x00000000ecb80000,0x00000000ed07cea8,0x00000000ed080000)
  to   space 5120K, 0% used [0x00000000ed080000,0x00000000ed080000,0x00000000ed580000)
 ParOldGen       total 87552K, used 677K [0x00000000c0000000, 0x00000000c5580000, 0x00000000eab00000)
  object space 87552K, 0% used [0x00000000c0000000,0x00000000c00a97b0,0x00000000c5580000)
 Metaspace       used 6185K, capacity 7088K, committed 7296K, reserved 1056768K
  class space    used 593K, capacity 616K, committed 640K, reserved 1048576K
Event: 10.649 GC heap after
Heap after GC invocations=2 (full 0):
 PSYoungGen      total 38400K, used 5095K [0x00000000eab00000, 0x00000000ef600000, 0x0000000100000000)
  eden space 33280K, 0% used [0x00000000eab00000,0x00000000eab00000,0x00000000ecb80000)
  from space 5120K, 99% used [0x00000000ed080000,0x00000000ed579c78,0x00000000ed580000)
  to   space 5120K, 0% used [0x00000000ecb80000,0x00000000ecb80000,0x00000000ed080000)
 ParOldGen       total 87552K, used 4398K [0x00000000c0000000, 0x00000000c5580000, 0x00000000eab00000)
  object space 87552K, 5% used [0x00000000c0000000,0x00000000c044b8a0,0x00000000c5580000)
 Metaspace       used 6185K, capacity 7088K, committed 7296K, reserved 1056768K
  class space    used 593K, capacity 616K, committed 640K, reserved 1048576K
}
Event: 12.705 GC heap before
{Heap before GC invocations=3 (full 0):
 PSYoungGen      total 38400K, used 38375K [0x00000000eab00000, 0x00000000ef600000, 0x0000000100000000)
  eden space 33280K, 100% used [0x00000000eab00000,0x00000000ecb80000,0x00000000ecb80000)
  from space 5120K, 99% used [0x00000000ed080000,0x00000000ed579c78,0x00000000ed580000)
  to   space 5120K, 0% used [0x00000000ecb80000,0x00000000ecb80000,0x00000000ed080000)
 ParOldGen       total 87552K, used 4398K [0x00000000c0000000, 0x00000000c5580000, 0x00000000eab00000)
  object space 87552K, 5% used [0x00000000c0000000,0x00000000c044b8a0,0x00000000c5580000)
 Metaspace       used 6265K, capacity 7152K, committed 7296K, reserved 1056768K
  class space    used 593K, capacity 616K, committed 640K, reserved 1048576K
Event: 13.445 GC heap after
Heap after GC invocations=3 (full 0):
 PSYoungGen      total 38400K, used 5088K [0x00000000eab00000, 0x00000000ef600000, 0x0000000100000000)
  eden space 33280K, 0% used [0x00000000eab00000,0x00000000eab00000,0x00000000ecb80000)
  from space 5120K, 99% used [0x00000000ecb80000,0x00000000ed078028,0x00000000ed080000)
  to   space 5120K, 0% used [0x00000000ef100000,0x00000000ef100000,0x00000000ef600000)
 ParOldGen       total 87552K, used 9645K [0x00000000c0000000, 0x00000000c5580000, 0x00000000eab00000)
  object space 87552K, 11% used [0x00000000c0000000,0x00000000c096b500,0x00000000c5580000)
 Metaspace       used 6265K, capacity 7152K, committed 7296K, reserved 1056768K
  class space    used 593K, capacity 616K, committed 640K, reserved 1048576K
}
Event: 16.917 GC heap before
{Heap before GC invocations=4 (full 0):
 PSYoungGen      total 38400K, used 38368K [0x00000000eab00000, 0x00000000ef600000, 0x0000000100000000)
  eden space 33280K, 100% used [0x00000000eab00000,0x00000000ecb80000,0x00000000ecb80000)
  from space 5120K, 99% used [0x00000000ecb80000,0x00000000ed078028,0x00000000ed080000)
  to   space 5120K, 0% used [0x00000000ef100000,0x00000000ef100000,0x00000000ef600000)
 ParOldGen       total 87552K, used 9645K [0x00000000c0000000, 0x00000000c5580000, 0x00000000eab00000)
  object space 87552K, 11% used [0x00000000c0000000,0x00000000c096b500,0x00000000c5580000)
 Metaspace       used 6305K, capacity 7152K, committed 7296K, reserved 1056768K
  class space    used 593K, capacity 616K, committed 640K, reserved 1048576K
Event: 17.414 GC heap after
Heap after GC invocations=4 (full 0):
 PSYoungGen      total 71680K, used 5100K [0x00000000eab00000, 0x00000000ef600000, 0x0000000100000000)
  eden space 66560K, 0% used [0x00000000eab00000,0x00000000eab00000,0x00000000eec00000)
  from space 5120K, 99% used [0x00000000ef100000,0x00000000ef5fb0b8,0x00000000ef600000)
  to   space 5120K, 0% used [0x00000000eec00000,0x00000000eec00000,0x00000000ef100000)
 ParOldGen       total 87552K, used 15050K [0x00000000c0000000, 0x00000000c5580000, 0x00000000eab00000)
  object space 87552K, 17% used [0x00000000c0000000,0x00000000c0eb29a0,0x00000000c5580000)
 Metaspace       used 6305K, capacity 7152K, committed 7296K, reserved 1056768K
  class space    used 593K, capacity 616K, committed 640K, reserved 1048576K
}
Event: 25.971 GC heap before
{Heap before GC invocations=5 (full 0):
 PSYoungGen      total 71680K, used 71660K [0x00000000eab00000, 0x00000000ef600000, 0x0000000100000000)
  eden space 66560K, 100% used [0x00000000eab00000,0x00000000eec00000,0x00000000eec00000)
  from space 5120K, 99% used [0x00000000ef100000,0x00000000ef5fb0b8,0x00000000ef600000)
  to   space 5120K, 0% used [0x00000000eec00000,0x00000000eec00000,0x00000000ef100000)
 ParOldGen       total 87552K, used 15050K [0x00000000c0000000, 0x00000000c5580000, 0x00000000eab00000)
  object space 87552K, 17% used [0x00000000c0000000,0x00000000c0eb29a0,0x00000000c5580000)
 Metaspace       used 6356K, capacity 7216K, committed 7296K, reserved 1056768K
  class space    used 594K, capacity 616K, committed 640K, reserved 1048576K
Event: 26.232 GC heap after
Heap after GC invocations=5 (full 0):
 PSYoungGen      total 71680K, used 5103K [0x00000000eab00000, 0x00000000f4d00000, 0x0000000100000000)
  eden space 66560K, 0% used [0x00000000eab00000,0x00000000eab00000,0x00000000eec00000)
  from space 5120K, 99% used [0x00000000eec00000,0x00000000ef0fbe00,0x00000000ef100000)
  to   space 16384K, 0% used [0x00000000f3d00000,0x00000000f3d00000,0x00000000f4d00000)
 ParOldGen       total 87552K, used 24963K [0x00000000c0000000, 0x00000000c5580000, 0x00000000eab00000)
  object space 87552K, 28% used [0x00000000c0000000,0x00000000c1860d48,0x00000000c5580000)
 Metaspace       used 6356K, capacity 7216K, committed 7296K, reserved 1056768K
  class space    used 594K, capacity 616K, committed 640K, reserved 1048576K
}

Deoptimization events (10 events):
Event: 26.681 Thread 0x00000000168a8800 Uncommon trap: reason=class_check action=maybe_recompile pc=0x0000000002ae32c0 method=java.util.Arrays.hashCode([Ljava/lang/Object;)I @ 43
Event: 26.718 Thread 0x00000000168a8800 Uncommon trap: reason=bimorphic action=maybe_recompile pc=0x00000000028e14b0 method=java.util.HashMap.getNode(ILjava/lang/Object;)Ljava/util/HashMap$Node; @ 126
Event: 26.719 Thread 0x00000000168a8800 Uncommon trap: reason=bimorphic action=maybe_recompile pc=0x00000000028e14b0 method=java.util.HashMap.getNode(ILjava/lang/Object;)Ljava/util/HashMap$Node; @ 126
Event: 28.098 Thread 0x00000000168a8800 Uncommon trap: reason=unreached action=reinterpret pc=0x0000000002d2ed4c method=java.util.HashMap.resize()[Ljava/util/HashMap$Node; @ 206
Event: 29.076 Thread 0x00000000168a8800 Uncommon trap: reason=speculate_class_check action=maybe_recompile pc=0x00000000029d4c7c method=com.android.dx.util.FixedSizeList.equals(Ljava/lang/Object;)Z @ 25
Event: 29.077 Thread 0x00000000168a8800 Uncommon trap: reason=speculate_class_check action=maybe_recompile pc=0x00000000029d4c7c method=com.android.dx.util.FixedSizeList.equals(Ljava/lang/Object;)Z @ 25
Event: 29.077 Thread 0x00000000168a8800 Uncommon trap: reason=speculate_class_check action=maybe_recompile pc=0x00000000029d4c7c method=com.android.dx.util.FixedSizeList.equals(Ljava/lang/Object;)Z @ 25
Event: 29.083 Thread 0x00000000168a8800 Uncommon trap: reason=speculate_class_check action=maybe_recompile pc=0x00000000029d4c7c method=com.android.dx.util.FixedSizeList.equals(Ljava/lang/Object;)Z @ 25
Event: 29.355 Thread 0x00000000168a8800 Uncommon trap: reason=unreached action=reinterpret pc=0x0000000002fa3c38 method=com.android.dx.dex.code.OutputFinisher.findOpcodeForInsn(Lcom/android/dx/dex/code/DalvInsn;Lcom/android/dx/dex/code/Dop;)Lcom/android/dx/dex/code/Dop; @ 1
Event: 30.047 Thread 0x00000000168a8800 Uncommon trap: reason=unreached action=reinterpret pc=0x0000000002fdea68 method=com.android.dx.dex.code.LocalList$MakeState.filterSpec(Lcom/android/dx/rop/code/RegisterSpec;)Lcom/android/dx/rop/code/RegisterSpec; @ 11

Internal exceptions (10 events):
Event: 28.715 Thread 0x00000000168a8800 Exception <a 'java/security/PrivilegedActionException'> (0x00000000eb1d6260) thrown at [D:\re\workspace\8-2-build-windows-amd64-cygwin\jdk8u20\1074\hotspot\src\share\vm\prims\jvm.cpp, line 1275]
Event: 28.720 Thread 0x00000000168a8800 Exception <a 'java/security/PrivilegedActionException'> (0x00000000eb1db538) thrown at [D:\re\workspace\8-2-build-windows-amd64-cygwin\jdk8u20\1074\hotspot\src\share\vm\prims\jvm.cpp, line 1275]
Event: 28.745 Thread 0x00000000168a8800 Exception <a 'java/security/PrivilegedActionException'> (0x00000000eb1e23b0) thrown at [D:\re\workspace\8-2-build-windows-amd64-cygwin\jdk8u20\1074\hotspot\src\share\vm\prims\jvm.cpp, line 1275]
Event: 28.771 Thread 0x00000000168a8800 Exception <a 'java/security/PrivilegedActionException'> (0x00000000eb1e5388) thrown at [D:\re\workspace\8-2-build-windows-amd64-cygwin\jdk8u20\1074\hotspot\src\share\vm\prims\jvm.cpp, line 1275]
Event: 28.789 Thread 0x00000000168a8800 Exception <a 'java/security/PrivilegedActionException'> (0x00000000eb1ea268) thrown at [D:\re\workspace\8-2-build-windows-amd64-cygwin\jdk8u20\1074\hotspot\src\share\vm\prims\jvm.cpp, line 1275]
Event: 28.791 Thread 0x00000000168a8800 Exception <a 'java/security/PrivilegedActionException'> (0x00000000eb1ee9c8) thrown at [D:\re\workspace\8-2-build-windows-amd64-cygwin\jdk8u20\1074\hotspot\src\share\vm\prims\jvm.cpp, line 1275]
Event: 29.074 Thread 0x00000000168a8800 Exception <a 'java/security/PrivilegedActionException'> (0x00000000eb2043f0) thrown at [D:\re\workspace\8-2-build-windows-amd64-cygwin\jdk8u20\1074\hotspot\src\share\vm\prims\jvm.cpp, line 1275]
Event: 29.077 Thread 0x00000000168a8800 Exception <a 'java/security/PrivilegedActionException'> (0x00000000eb207520) thrown at [D:\re\workspace\8-2-build-windows-amd64-cygwin\jdk8u20\1074\hotspot\src\share\vm\prims\jvm.cpp, line 1275]
Event: 29.084 Thread 0x00000000168a8800 Exception <a 'java/security/PrivilegedActionException'> (0x00000000eb20aad8) thrown at [D:\re\workspace\8-2-build-windows-amd64-cygwin\jdk8u20\1074\hotspot\src\share\vm\prims\jvm.cpp, line 1275]
Event: 29.368 Thread 0x00000000168a8800 Exception <a 'java/security/PrivilegedActionException'> (0x00000000eb2737d0) thrown at [D:\re\workspace\8-2-build-windows-amd64-cygwin\jdk8u20\1074\hotspot\src\share\vm\prims\jvm.cpp, line 1275]

Events (10 events):
Event: 29.083 loading class com/android/dx/util/ByteArrayAnnotatedOutput
Event: 29.083 loading class com/android/dx/util/ByteArrayAnnotatedOutput done
Event: 29.355 Thread 0x00000000168a8800 Uncommon trap: trap_request=0xffffffad fr.pc=0x0000000002fa3c38
Event: 29.355 Thread 0x00000000168a8800 DEOPT PACKING pc=0x0000000002fa3c38 sp=0x000000001992e9a0
Event: 29.355 Thread 0x00000000168a8800 DEOPT UNPACKING pc=0x00000000026a556a sp=0x000000001992e940 mode 2
Event: 29.359 loading class com/android/dx/rop/code/RegisterSpecList$Expander
Event: 29.368 loading class com/android/dx/rop/code/RegisterSpecList$Expander done
Event: 30.047 Thread 0x00000000168a8800 Uncommon trap: trap_request=0xffffffad fr.pc=0x0000000002fdea68
Event: 30.047 Thread 0x00000000168a8800 DEOPT PACKING pc=0x0000000002fdea68 sp=0x000000001992e930
Event: 30.047 Thread 0x00000000168a8800 DEOPT UNPACKING pc=0x00000000026a556a sp=0x000000001992e8a0 mode 2


Dynamic libraries:
0x00007ff70bfb0000 - 0x00007ff70bfe4000 	C:\Program Files\Java\jdk1.8.0_20\bin\java.exe
0x00007ffa0e240000 - 0x00007ffa0e401000 	C:\WINDOWS\SYSTEM32\ntdll.dll
0x00007ffa0c2c0000 - 0x00007ffa0c36d000 	C:\WINDOWS\system32\KERNEL32.DLL
0x00007ffa0b360000 - 0x00007ffa0b548000 	C:\WINDOWS\system32\KERNELBASE.dll
0x00007ffa0bb90000 - 0x00007ffa0bc37000 	C:\WINDOWS\system32\ADVAPI32.dll
0x00007ffa0c200000 - 0x00007ffa0c29d000 	C:\WINDOWS\system32\msvcrt.dll
0x00007ffa0c710000 - 0x00007ffa0c76b000 	C:\WINDOWS\system32\sechost.dll
0x00007ffa0c370000 - 0x00007ffa0c48c000 	C:\WINDOWS\system32\RPCRT4.dll
0x00007ffa0c770000 - 0x00007ffa0c8c6000 	C:\WINDOWS\system32\USER32.dll
0x00007ffa0e0b0000 - 0x00007ffa0e236000 	C:\WINDOWS\system32\GDI32.dll
0x00007ffa01a70000 - 0x00007ffa01ce4000 	C:\WINDOWS\WinSxS\amd64_microsoft.windows.common-controls_6595b64144ccf1df_6.0.10586.589_none_a2ddb3caa539acce\COMCTL32.dll
0x00007ffa0c490000 - 0x00007ffa0c70d000 	C:\WINDOWS\system32\combase.dll
0x00007ffa0afe0000 - 0x00007ffa0b04a000 	C:\WINDOWS\system32\bcryptPrimitives.dll
0x00007ffa0e060000 - 0x00007ffa0e09b000 	C:\WINDOWS\system32\IMM32.DLL
0x0000000053f00000 - 0x0000000053fd2000 	C:\Program Files\Java\jdk1.8.0_20\jre\bin\msvcr100.dll
0x0000000052d50000 - 0x00000000535a8000 	C:\Program Files\Java\jdk1.8.0_20\jre\bin\server\jvm.dll
0x00007ffa0ba50000 - 0x00007ffa0ba58000 	C:\WINDOWS\system32\PSAPI.DLL
0x00007ff9fffe0000 - 0x00007ff9fffe9000 	C:\WINDOWS\SYSTEM32\WSOCK32.dll
0x00007ffa0dfe0000 - 0x00007ffa0e04b000 	C:\WINDOWS\system32\WS2_32.dll
0x00007ffa09040000 - 0x00007ffa09063000 	C:\WINDOWS\SYSTEM32\WINMM.dll
0x00007ffa09010000 - 0x00007ffa0903c000 	C:\WINDOWS\SYSTEM32\WINMMBASE.dll
0x00007ffa0b550000 - 0x00007ffa0b593000 	C:\WINDOWS\system32\cfgmgr32.dll
0x0000000053ef0000 - 0x0000000053eff000 	C:\Program Files\Java\jdk1.8.0_20\jre\bin\verify.dll
0x0000000052d20000 - 0x0000000052d48000 	C:\Program Files\Java\jdk1.8.0_20\jre\bin\java.dll
0x0000000053ed0000 - 0x0000000053ee6000 	C:\Program Files\Java\jdk1.8.0_20\jre\bin\zip.dll
0x00007ffa0c8d0000 - 0x00007ffa0de2c000 	C:\WINDOWS\system32\SHELL32.dll
0x00007ffa0a990000 - 0x00007ffa0afd5000 	C:\WINDOWS\system32\windows.storage.dll
0x00007ffa0ba60000 - 0x00007ffa0bab2000 	C:\WINDOWS\system32\shlwapi.dll
0x00007ffa0a8c0000 - 0x00007ffa0a8cf000 	C:\WINDOWS\system32\kernel.appcore.dll
0x00007ffa0a8d0000 - 0x00007ffa0a985000 	C:\WINDOWS\system32\shcore.dll
0x00007ffa0a860000 - 0x00007ffa0a8ab000 	C:\WINDOWS\system32\powrprof.dll
0x00007ffa0a840000 - 0x00007ffa0a854000 	C:\WINDOWS\system32\profapi.dll
0x00007ffa020b0000 - 0x00007ffa0223c000 	C:\WINDOWS\SYSTEM32\dbghelp.dll

VM Arguments:
jvm_args: -Djava.awt.headless=true -Xmx1024M -Dfile.encoding=windows-1252 -Duser.country=US -Duser.language=en -Duser.variant 
java_command: com.android.dx.command.Main --dex --force-jumbo --num-threads=4 --multi-dex --output C:\Users\admin\Documents\GitHub\ShaneelSD\SoftwareDesign\FindMeTutor\FindMeTutor\tutor_app\build\intermediates\transforms\dex\debug\folders\1000\10\com.android.support-support-compat-24.2.1_8311e04365453e68ba119eb9a2b0f03372a26432 C:\Users\admin\Documents\GitHub\ShaneelSD\SoftwareDesign\FindMeTutor\FindMeTutor\tutor_app\build\intermediates\exploded-aar\com.android.support\support-compat\24.2.1\jars\classes.jar
java_class_path (initial): C:\Users\admin\AppData\Local\Android\sdk\build-tools\24.0.1\lib\dx.jar
Launcher Type: SUN_STANDARD

Environment Variables:
PATH=C:\ProgramData\Oracle\Java\javapath;C:\Program Files (x86)\Intel\iCLS Client\;C:\Program Files\Intel\iCLS Client\;C:\WINDOWS\system32;C:\WINDOWS;C:\WINDOWS\System32\Wbem;C:\WINDOWS\System32\WindowsPowerShell\v1.0\;C:\Program Files\Intel\Intel(R) Management Engine Components\DAL;C:\Program Files\Intel\Intel(R) Management Engine Components\IPT;C:\Program Files (x86)\Intel\Intel(R) Management Engine Components\DAL;C:\Program Files (x86)\Intel\Intel(R) Management Engine Components\IPT;C:\Program Files\WIDCOMM\Bluetooth Software\;C:\Program Files\WIDCOMM\Bluetooth Software\syswow64;C:\Program Files (x86)\Intel\OpenCL SDK\2.0\bin\x86;C:\Program Files (x86)\Intel\OpenCL SDK\2.0\bin\x64;C:\Program Files\Intel\WiFi\bin\;C:\Program Files\Common Files\Intel\WirelessCommon\;c:\Program Files (x86)\Microsoft SQL Server\100\Tools\Binn\;c:\Program Files\Microsoft SQL Server\100\Tools\Binn\;c:\Program Files\Microsoft SQL Server\100\DTS\Binn\;C:\Program Files (x86)\MySQL\MySQL Fabric 1.5.4 & MySQL Utilities 1.5.4 1.5\;C:\Program Files (x86)\MySQL\MySQL Fabric 1.5.4 & MySQL Utilities 1.5.4 1.5\Doctrine extensions for PHP\;C:\Program Files (x86)\Borland\Delphi7\Bin;C:\Program Files (x86)\Borland\Delphi7\Projects\Bpl;C:\Program Files (x86)\Borland\Delphi7\Rave5;C:\Program Files\Git\cmd;C:\Program Files\Intel\WiFi\bin\;C:\Program Files\Common Files\Intel\WirelessCommon\
USERNAME=admin
OS=Windows_NT
PROCESSOR_IDENTIFIER=Intel64 Family 6 Model 58 Stepping 9, GenuineIntel



---------------  S Y S T E M  ---------------

OS: Windows 8.1 , 64 bit Build 9600 

CPU:total 4 (2 cores per cpu, 2 threads per core) family 6 model 58 stepping 9, cmov, cx8, fxsr, mmx, sse, sse2, sse3, ssse3, sse4.1, sse4.2, popcnt, avx, aes, clmul, erms, ht, tsc, tscinvbit, tscinv

Memory: 4k page, physical 8258576k(1543548k free), swap 10306576k(3312k free)

vm_info: Java HotSpot(TM) 64-Bit Server VM (25.20-b23) for windows-amd64 JRE (1.8.0_20-b26), built on Jul 30 2014 13:51:23 by "java_re" with MS VC++ 10.0 (VS2010)

time: Thu Oct 06 17:13:36 2016
elapsed time: 30 seconds (0d 0h 0m 30s)

