#
# There is insufficient memory for the Java Runtime Environment to continue.
# Native memory allocation (malloc) failed to allocate 36176 bytes for Chunk::new
# Possible reasons:
#   The system is out of physical RAM or swap space
#   In 32 bit mode, the process size limit was hit
# Possible solutions:
#   Reduce memory load on the system
#   Increase physical memory or swap space
#   Check if swap backing store is full
#   Use 64 bit Java on a 64 bit OS
#   Decrease Java heap size (-Xmx/-Xms)
#   Decrease number of Java threads
#   Decrease Java thread stack sizes (-Xss)
#   Set larger code cache with -XX:ReservedCodeCacheSize=
# This output file may be truncated or incomplete.
#
#  Out of Memory Error (allocation.cpp:390), pid=14044, tid=688
#
# JRE version: Java(TM) SE Runtime Environment (8.0_20-b26) (build 1.8.0_20-b26)
# Java VM: Java HotSpot(TM) 64-Bit Server VM (25.20-b23 mixed mode windows-amd64 compressed oops)
# Failed to write core dump. Minidumps are not enabled by default on client versions of Windows
#

---------------  T H R E A D  ---------------

Current thread (0x0000000014a1e800):  JavaThread "C2 CompilerThread0" daemon [_thread_in_native, id=688, stack(0x0000000015f70000,0x0000000016070000)]

Stack: [0x0000000015f70000,0x0000000016070000]
Native frames: (J=compiled Java code, j=interpreted, Vv=VM code, C=native code)
V  [jvm.dll+0x3152fa]
V  [jvm.dll+0x265d03]
V  [jvm.dll+0x266943]
V  [jvm.dll+0x25e265]
V  [jvm.dll+0xbe255]
V  [jvm.dll+0xbe6fc]
V  [jvm.dll+0x45c472]
V  [jvm.dll+0x49d76f]
V  [jvm.dll+0x4512bf]
V  [jvm.dll+0x452634]
V  [jvm.dll+0x435fc2]
V  [jvm.dll+0x97b62]
V  [jvm.dll+0x98353]
V  [jvm.dll+0x22aac4]
V  [jvm.dll+0x283f5a]
C  [msvcr100.dll+0x21d9f]
C  [msvcr100.dll+0x21e3b]
C  [KERNEL32.DLL+0x18102]
C  [ntdll.dll+0x5c5b4]


Current CompileTask:
C2:   1092  615       4       java.util.ArrayList::add (29 bytes)


---------------  P R O C E S S  ---------------

Java Threads: ( => current thread )
  0x00000000165b8800 JavaThread "pool-1-thread-4" [_thread_blocked, id=1728, stack(0x0000000016c70000,0x0000000016d70000)]
  0x00000000165b3000 JavaThread "pool-1-thread-3" [_thread_blocked, id=3472, stack(0x0000000016b70000,0x0000000016c70000)]
  0x00000000165a8000 JavaThread "pool-1-thread-2" [_thread_blocked, id=12624, stack(0x0000000016a70000,0x0000000016b70000)]
  0x000000001664e800 JavaThread "pool-2-thread-1" [_thread_blocked, id=8060, stack(0x0000000016970000,0x0000000016a70000)]
  0x0000000016647000 JavaThread "pool-1-thread-1" [_thread_blocked, id=14968, stack(0x0000000016870000,0x0000000016970000)]
  0x0000000014a7c000 JavaThread "Service Thread" daemon [_thread_blocked, id=5000, stack(0x0000000016270000,0x0000000016370000)]
  0x0000000014a75000 JavaThread "C1 CompilerThread2" daemon [_thread_in_native, id=11624, stack(0x0000000016170000,0x0000000016270000)]
  0x0000000014a6a000 JavaThread "C2 CompilerThread1" daemon [_thread_in_native, id=6096, stack(0x0000000016070000,0x0000000016170000)]
=>0x0000000014a1e800 JavaThread "C2 CompilerThread0" daemon [_thread_in_native, id=688, stack(0x0000000015f70000,0x0000000016070000)]
  0x0000000014a1c000 JavaThread "Attach Listener" daemon [_thread_blocked, id=6292, stack(0x0000000015e70000,0x0000000015f70000)]
  0x0000000014a1b800 JavaThread "Signal Dispatcher" daemon [_thread_blocked, id=13936, stack(0x0000000015d70000,0x0000000015e70000)]
  0x000000000233f000 JavaThread "Finalizer" daemon [_thread_blocked, id=6904, stack(0x0000000015c70000,0x0000000015d70000)]
  0x00000000149e8000 JavaThread "Reference Handler" daemon [_thread_blocked, id=7984, stack(0x0000000015b70000,0x0000000015c70000)]
  0x000000000224d800 JavaThread "main" [_thread_blocked, id=2196, stack(0x0000000002090000,0x0000000002190000)]

Other Threads:
  0x00000000149e6000 VMThread [stack: 0x0000000015a70000,0x0000000015b70000] [id=788]
  0x0000000016370800 WatcherThread [stack: 0x0000000016770000,0x0000000016870000] [id=4168]

VM state:at safepoint (normal execution)

VM Mutex/Monitor currently owned by a thread:  ([mutex/lock_event])
[0x000000000224d340] Threads_lock - owner thread: 0x00000000149e6000
[0x000000000224c740] Heap_lock - owner thread: 0x00000000165b8800
[0x00000000022502d0] MethodData_lock - owner thread: 0x00000000165b8800

Heap:
 PSYoungGen      total 38400K, used 15635K [0x00000000eab00000, 0x00000000ed580000, 0x0000000100000000)
  eden space 33280K, 46% used [0x00000000eab00000,0x00000000eba44e08,0x00000000ecb80000)
  from space 5120K, 0% used [0x00000000ed080000,0x00000000ed080000,0x00000000ed580000)
  to   space 5120K, 37% used [0x00000000ecb80000,0x00000000ecd63160,0x00000000ed080000)
 ParOldGen       total 87552K, used 8K [0x00000000c0000000, 0x00000000c5580000, 0x00000000eab00000)
  object space 87552K, 0% used [0x00000000c0000000,0x00000000c0002000,0x00000000c5580000)
 Metaspace       used 5426K, capacity 6448K, committed 6528K, reserved 1060864K
  class space    used 583K, capacity 616K, committed 640K, reserved 1048576K

Card table byte_map: [0x0000000011710000,0x0000000011920000] byte_map_base: 0x0000000011110000

Marking Bits: (ParMarkBitMap*) 0x00000000546eb460
 Begin Bits: [0x0000000011e80000, 0x0000000012e80000)
 End Bits:   [0x0000000012e80000, 0x0000000013e80000)

Polling page: 0x00000000001f0000

CodeCache: size=245760Kb used=2239Kb max_used=2260Kb free=243520Kb
 bounds [0x0000000002350000, 0x00000000025c0000, 0x0000000011350000]
 total_blobs=865 nmethods=601 adapters=178
 compilation: enabled

Compilation events (10 events):
Event: 1.073 Thread 0x0000000014a1e800 nmethod 526 0x00000000025575d0 code [0x0000000002557700, 0x0000000002557778]
Event: 1.073 Thread 0x0000000014a1e800  546   !   4       com.android.dx.util.FixedSizeList::get0 (47 bytes)
Event: 1.074 Thread 0x0000000014a6a000 nmethod 567 0x00000000025856d0 code [0x0000000002585820, 0x0000000002585918]
Event: 1.074 Thread 0x0000000014a1e800 nmethod 546 0x0000000002583c50 code [0x0000000002583d80, 0x0000000002583e38]
Event: 1.074 Thread 0x0000000014a6a000  581       4       com.android.dx.util.Bits::set (19 bytes)
Event: 1.074 Thread 0x0000000014a1e800  610       4       java.lang.Long::bitCount (61 bytes)
Event: 1.074 Thread 0x0000000014a1e800 nmethod 610 0x0000000002583f10 code [0x0000000002584040, 0x00000000025840f8]
Event: 1.074 Thread 0x0000000014a6a000 nmethod 581 0x0000000002582250 code [0x0000000002582380, 0x0000000002582418]
Event: 1.076 Thread 0x0000000014a1e800  615       4       java.util.ArrayList::add (29 bytes)
Event: 1.076 Thread 0x0000000014a6a000  616       4       java.util.HashMap::getNode (148 bytes)

GC Heap History (0 events):
No events

Deoptimization events (0 events):
No events

Internal exceptions (10 events):
Event: 0.993 Thread 0x000000000224d800 Exception <a 'java/security/PrivilegedActionException'> (0x00000000eb800110) thrown at [D:\re\workspace\8-2-build-windows-amd64-cygwin\jdk8u20\1074\hotspot\src\share\vm\prims\jvm.cpp, line 1275]
Event: 0.993 Thread 0x000000000224d800 Exception <a 'java/security/PrivilegedActionException'> (0x00000000eb803d88) thrown at [D:\re\workspace\8-2-build-windows-amd64-cygwin\jdk8u20\1074\hotspot\src\share\vm\prims\jvm.cpp, line 1275]
Event: 1.032 Thread 0x00000000165b8800 Exception <a 'java/security/PrivilegedActionException'> (0x00000000eb852d08) thrown at [D:\re\workspace\8-2-build-windows-amd64-cygwin\jdk8u20\1074\hotspot\src\share\vm\prims\jvm.cpp, line 1275]
Event: 1.049 Thread 0x0000000016647000 Exception <a 'java/security/PrivilegedActionException'> (0x00000000eb6485e8) thrown at [D:\re\workspace\8-2-build-windows-amd64-cygwin\jdk8u20\1074\hotspot\src\share\vm\prims\jvm.cpp, line 1275]
Event: 1.050 Thread 0x00000000165b3000 Exception <a 'java/security/PrivilegedActionException'> (0x00000000eb6dc318) thrown at [D:\re\workspace\8-2-build-windows-amd64-cygwin\jdk8u20\1074\hotspot\src\share\vm\prims\jvm.cpp, line 1275]
Event: 1.050 Thread 0x00000000165b8800 Exception <a 'java/security/PrivilegedActionException'> (0x00000000eb864898) thrown at [D:\re\workspace\8-2-build-windows-amd64-cygwin\jdk8u20\1074\hotspot\src\share\vm\prims\jvm.cpp, line 1275]
Event: 1.051 Thread 0x00000000165b8800 Exception <a 'java/security/PrivilegedActionException'> (0x00000000eb86a2d8) thrown at [D:\re\workspace\8-2-build-windows-amd64-cygwin\jdk8u20\1074\hotspot\src\share\vm\prims\jvm.cpp, line 1275]
Event: 1.052 Thread 0x00000000165b8800 Exception <a 'java/security/PrivilegedActionException'> (0x00000000eb872f58) thrown at [D:\re\workspace\8-2-build-windows-amd64-cygwin\jdk8u20\1074\hotspot\src\share\vm\prims\jvm.cpp, line 1275]
Event: 1.053 Thread 0x00000000165b8800 Exception <a 'java/security/PrivilegedActionException'> (0x00000000eb879078) thrown at [D:\re\workspace\8-2-build-windows-amd64-cygwin\jdk8u20\1074\hotspot\src\share\vm\prims\jvm.cpp, line 1275]
Event: 1.060 Thread 0x00000000165a8000 Exception <a 'java/security/PrivilegedActionException'> (0x00000000eb9aec68) thrown at [D:\re\workspace\8-2-build-windows-amd64-cygwin\jdk8u20\1074\hotspot\src\share\vm\prims\jvm.cpp, line 1275]

Events (10 events):
Event: 1.051 loading class com/android/dx/dex/file/CodeItem
Event: 1.051 loading class com/android/dx/dex/file/CodeItem done
Event: 1.051 loading class java/io/PrintWriter
Event: 1.052 loading class java/io/PrintWriter done
Event: 1.052 loading class com/android/dx/dex/file/DebugInfoItem
Event: 1.052 loading class com/android/dx/dex/file/DebugInfoItem done
Event: 1.053 loading class com/android/dx/cf/code/SwitchList
Event: 1.053 loading class com/android/dx/cf/code/SwitchList done
Event: 1.060 loading class com/android/dx/dex/file/MethodAnnotationStruct
Event: 1.060 loading class com/android/dx/dex/file/MethodAnnotationStruct done


Dynamic libraries:
0x00007ff668390000 - 0x00007ff6683c4000 	C:\Program Files\Java\jdk1.8.0_20\bin\java.exe
0x00007ff87a1c0000 - 0x00007ff87a381000 	C:\WINDOWS\SYSTEM32\ntdll.dll
0x00007ff878700000 - 0x00007ff8787ad000 	C:\WINDOWS\system32\KERNEL32.DLL
0x00007ff877160000 - 0x00007ff877348000 	C:\WINDOWS\system32\KERNELBASE.dll
0x00007ff877c00000 - 0x00007ff877ca7000 	C:\WINDOWS\system32\ADVAPI32.dll
0x00007ff8787b0000 - 0x00007ff87884d000 	C:\WINDOWS\system32\msvcrt.dll
0x00007ff878540000 - 0x00007ff87859b000 	C:\WINDOWS\system32\sechost.dll
0x00007ff877990000 - 0x00007ff877aac000 	C:\WINDOWS\system32\RPCRT4.dll
0x00007ff8785a0000 - 0x00007ff8786f6000 	C:\WINDOWS\system32\USER32.dll
0x00007ff87a020000 - 0x00007ff87a1a6000 	C:\WINDOWS\system32\GDI32.dll
0x00007ff869f30000 - 0x00007ff86a1a4000 	C:\WINDOWS\WinSxS\amd64_microsoft.windows.common-controls_6595b64144ccf1df_6.0.10586.0_none_8c15ae12515e1c22\COMCTL32.dll
0x00007ff877610000 - 0x00007ff87788d000 	C:\WINDOWS\system32\combase.dll
0x00007ff877400000 - 0x00007ff87746a000 	C:\WINDOWS\system32\bcryptPrimitives.dll
0x00007ff877e30000 - 0x00007ff877e6b000 	C:\WINDOWS\system32\IMM32.DLL
0x0000000054770000 - 0x0000000054842000 	C:\Program Files\Java\jdk1.8.0_20\jre\bin\msvcr100.dll
0x0000000053f10000 - 0x0000000054768000 	C:\Program Files\Java\jdk1.8.0_20\jre\bin\server\jvm.dll
0x00007ff877980000 - 0x00007ff877988000 	C:\WINDOWS\system32\PSAPI.DLL
0x00007ff86c970000 - 0x00007ff86c979000 	C:\WINDOWS\SYSTEM32\WSOCK32.dll
0x00007ff8775a0000 - 0x00007ff87760b000 	C:\WINDOWS\system32\WS2_32.dll
0x00007ff874fb0000 - 0x00007ff874fd3000 	C:\WINDOWS\SYSTEM32\WINMM.dll
0x00007ff874f50000 - 0x00007ff874f7c000 	C:\WINDOWS\SYSTEM32\WINMMBASE.dll
0x00007ff877490000 - 0x00007ff8774d3000 	C:\WINDOWS\system32\cfgmgr32.dll
0x0000000053f00000 - 0x0000000053f0f000 	C:\Program Files\Java\jdk1.8.0_20\jre\bin\verify.dll
0x0000000053ed0000 - 0x0000000053ef8000 	C:\Program Files\Java\jdk1.8.0_20\jre\bin\java.dll
0x0000000053eb0000 - 0x0000000053ec6000 	C:\Program Files\Java\jdk1.8.0_20\jre\bin\zip.dll
0x00007ff878900000 - 0x00007ff879e5c000 	C:\WINDOWS\system32\SHELL32.dll
0x00007ff876ab0000 - 0x00007ff8770f5000 	C:\WINDOWS\system32\windows.storage.dll
0x00007ff877fe0000 - 0x00007ff878032000 	C:\WINDOWS\system32\shlwapi.dll
0x00007ff876840000 - 0x00007ff87684f000 	C:\WINDOWS\system32\kernel.appcore.dll
0x00007ff8774e0000 - 0x00007ff877595000 	C:\WINDOWS\system32\shcore.dll
0x00007ff8767f0000 - 0x00007ff87683b000 	C:\WINDOWS\system32\powrprof.dll
0x00007ff8767c0000 - 0x00007ff8767d4000 	C:\WINDOWS\system32\profapi.dll
0x00007ff86ba30000 - 0x00007ff86bbbc000 	C:\WINDOWS\SYSTEM32\dbghelp.dll

VM Arguments:
jvm_args: -Djava.awt.headless=true -Xmx1024M -Dfile.encoding=windows-1252 -Duser.country=US -Duser.language=en -Duser.variant 
java_command: com.android.dx.command.Main --dex --num-threads=4 --output C:\Users\admin\Documents\GitHub\SoftwareDesign\FindMeTutor\FindMeTutor\tutor_app\build\intermediates\pre-dexed\debug\com.android.support-support-media-compat-24.2.0_d0656ed1330a6ab992b4a0ec80da4d53ac20b0eb.jar C:\Users\admin\Documents\GitHub\SoftwareDesign\FindMeTutor\FindMeTutor\tutor_app\build\intermediates\exploded-aar\com.android.support\support-media-compat\24.2.0\jars\classes.jar
java_class_path (initial): C:\Users\admin\AppData\Local\Android\sdk\build-tools\24.0.1\lib\dx.jar
Launcher Type: SUN_STANDARD

Environment Variables:
PATH=C:\ProgramData\Oracle\Java\javapath;C:\Program Files (x86)\Intel\iCLS Client\;C:\Program Files\Intel\iCLS Client\;C:\WINDOWS\system32;C:\WINDOWS;C:\WINDOWS\System32\Wbem;C:\WINDOWS\System32\WindowsPowerShell\v1.0\;C:\Program Files\Intel\Intel(R) Management Engine Components\DAL;C:\Program Files\Intel\Intel(R) Management Engine Components\IPT;C:\Program Files (x86)\Intel\Intel(R) Management Engine Components\DAL;C:\Program Files (x86)\Intel\Intel(R) Management Engine Components\IPT;C:\Program Files\WIDCOMM\Bluetooth Software\;C:\Program Files\WIDCOMM\Bluetooth Software\syswow64;C:\Program Files (x86)\Intel\OpenCL SDK\2.0\bin\x86;C:\Program Files (x86)\Intel\OpenCL SDK\2.0\bin\x64;C:\Program Files\Intel\WiFi\bin\;C:\Program Files\Common Files\Intel\WirelessCommon\;c:\Program Files (x86)\Microsoft SQL Server\100\Tools\Binn\;c:\Program Files\Microsoft SQL Server\100\Tools\Binn\;c:\Program Files\Microsoft SQL Server\100\DTS\Binn\;C:\Program Files (x86)\MySQL\MySQL Fabric 1.5.4 & MySQL Utilities 1.5.4 1.5\;C:\Program Files (x86)\MySQL\MySQL Fabric 1.5.4 & MySQL Utilities 1.5.4 1.5\Doctrine extensions for PHP\;C:\Program Files (x86)\Borland\Delphi7\Bin;C:\Program Files (x86)\Borland\Delphi7\Projects\Bpl;C:\Program Files (x86)\Borland\Delphi7\Rave5;C:\Program Files\Git\cmd;C:\Program Files\Intel\WiFi\bin\;C:\Program Files\Common Files\Intel\WirelessCommon\
USERNAME=admin
OS=Windows_NT
PROCESSOR_IDENTIFIER=Intel64 Family 6 Model 58 Stepping 9, GenuineIntel



---------------  S Y S T E M  ---------------

OS: Windows 8.1 , 64 bit Build 9600 

CPU:total 4 (2 cores per cpu, 2 threads per core) family 6 model 58 stepping 9, cmov, cx8, fxsr, mmx, sse, sse2, sse3, ssse3, sse4.1, sse4.2, popcnt, avx, aes, clmul, erms, ht, tsc, tscinvbit, tscinv

Memory: 4k page, physical 8258576k(1485732k free), swap 10306576k(2720k free)

vm_info: Java HotSpot(TM) 64-Bit Server VM (25.20-b23) for windows-amd64 JRE (1.8.0_20-b26), built on Jul 30 2014 13:51:23 by "java_re" with MS VC++ 10.0 (VS2010)

time: Tue Sep 06 22:02:09 2016
elapsed time: 1 seconds (0d 0h 0m 1s)

