#
# There is insufficient memory for the Java Runtime Environment to continue.
# Native memory allocation (malloc) failed to allocate 89456 bytes for Chunk::new
# Possible reasons:
#   The system is out of physical RAM or swap space
#   In 32 bit mode, the process size limit was hit
# Possible solutions:
#   Reduce memory load on the system
#   Increase physical memory or swap space
#   Check if swap backing store is full
#   Use 64 bit Java on a 64 bit OS
#   Decrease Java heap size (-Xmx/-Xms)
#   Decrease number of Java threads
#   Decrease Java thread stack sizes (-Xss)
#   Set larger code cache with -XX:ReservedCodeCacheSize=
# This output file may be truncated or incomplete.
#
#  Out of Memory Error (allocation.cpp:390), pid=14872, tid=11272
#
# JRE version: Java(TM) SE Runtime Environment (8.0_20-b26) (build 1.8.0_20-b26)
# Java VM: Java HotSpot(TM) 64-Bit Server VM (25.20-b23 mixed mode windows-amd64 compressed oops)
# Failed to write core dump. Minidumps are not enabled by default on client versions of Windows
#

---------------  T H R E A D  ---------------

Current thread (0x00000000149ed800):  JavaThread "C2 CompilerThread0" daemon [_thread_in_native, id=11272, stack(0x0000000015f40000,0x0000000016040000)]

Stack: [0x0000000015f40000,0x0000000016040000]
Native frames: (J=compiled Java code, j=interpreted, Vv=VM code, C=native code)
V  [jvm.dll+0x3152fa]
V  [jvm.dll+0x265d03]
V  [jvm.dll+0x266943]
V  [jvm.dll+0x25e265]
V  [jvm.dll+0xbe255]
V  [jvm.dll+0xbe6fc]
V  [jvm.dll+0x45c472]
V  [jvm.dll+0x49d76f]
V  [jvm.dll+0x451438]
V  [jvm.dll+0x452634]
V  [jvm.dll+0x435fc2]
V  [jvm.dll+0x97b62]
V  [jvm.dll+0x98353]
V  [jvm.dll+0x22aac4]
V  [jvm.dll+0x283f5a]
C  [msvcr100.dll+0x21d9f]
C  [msvcr100.dll+0x21e3b]
C  [KERNEL32.DLL+0x18102]
C  [ntdll.dll+0x5c5b4]


Current CompileTask:
C2:   6679  860       4       com.android.dx.ssa.SsaRenamer$BlockRenamer::addMapping (143 bytes)


---------------  P R O C E S S  ---------------

Java Threads: ( => current thread )
  0x00000000020dd800 JavaThread "DestroyJavaVM" [_thread_blocked, id=11404, stack(0x0000000002120000,0x0000000002220000)]
  0x0000000014a4d000 JavaThread "Service Thread" daemon [_thread_blocked, id=10220, stack(0x0000000016240000,0x0000000016340000)]
  0x0000000014a44000 JavaThread "C1 CompilerThread2" daemon [_thread_blocked, id=10408, stack(0x0000000016140000,0x0000000016240000)]
  0x00000000149f0000 JavaThread "C2 CompilerThread1" daemon [_thread_blocked, id=13004, stack(0x0000000016040000,0x0000000016140000)]
=>0x00000000149ed800 JavaThread "C2 CompilerThread0" daemon [_thread_in_native, id=11272, stack(0x0000000015f40000,0x0000000016040000)]
  0x00000000149eb800 JavaThread "Attach Listener" daemon [_thread_blocked, id=8220, stack(0x0000000015e40000,0x0000000015f40000)]
  0x00000000149ea000 JavaThread "Signal Dispatcher" daemon [_thread_blocked, id=10068, stack(0x0000000015d40000,0x0000000015e40000)]
  0x000000000230f000 JavaThread "Finalizer" daemon [_thread_blocked, id=11196, stack(0x0000000015c40000,0x0000000015d40000)]
  0x00000000149b8000 JavaThread "Reference Handler" daemon [_thread_blocked, id=5188, stack(0x0000000015b40000,0x0000000015c40000)]

Other Threads:
  0x00000000149b6000 VMThread [stack: 0x0000000015a40000,0x0000000015b40000] [id=11564]
  0x0000000016341800 WatcherThread [stack: 0x0000000016740000,0x0000000016840000] [id=2944]

VM state:not at safepoint (normal execution)

VM Mutex/Monitor currently owned by a thread: None

Heap:
 PSYoungGen      total 38400K, used 19362K [0x00000000eab00000, 0x00000000ed580000, 0x0000000100000000)
  eden space 33280K, 58% used [0x00000000eab00000,0x00000000ebde8a70,0x00000000ecb80000)
  from space 5120K, 0% used [0x00000000ed080000,0x00000000ed080000,0x00000000ed580000)
  to   space 5120K, 0% used [0x00000000ecb80000,0x00000000ecb80000,0x00000000ed080000)
 ParOldGen       total 87552K, used 0K [0x00000000c0000000, 0x00000000c5580000, 0x00000000eab00000)
  object space 87552K, 0% used [0x00000000c0000000,0x00000000c0000000,0x00000000c5580000)
 Metaspace       used 6388K, capacity 7160K, committed 7424K, reserved 1058816K
  class space    used 667K, capacity 688K, committed 768K, reserved 1048576K

Card table byte_map: [0x00000000116e0000,0x00000000118f0000] byte_map_base: 0x00000000110e0000

Marking Bits: (ParMarkBitMap*) 0x00000000546eb460
 Begin Bits: [0x0000000011e50000, 0x0000000012e50000)
 End Bits:   [0x0000000012e50000, 0x0000000013e50000)

Polling page: 0x0000000000500000

CodeCache: size=245760Kb used=3489Kb max_used=3496Kb free=242270Kb
 bounds [0x0000000002320000, 0x0000000002690000, 0x0000000011320000]
 total_blobs=1144 nmethods=869 adapters=188
 compilation: enabled

Compilation events (10 events):
Event: 3.845 Thread 0x0000000014a44000 nmethod 856 0x0000000002678c10 code [0x0000000002678de0, 0x00000000026797a8]
Event: 3.845 Thread 0x0000000014a44000  858       3       com.android.dx.rop.code.PlainCstInsn::accept (8 bytes)
Event: 3.845 Thread 0x0000000014a44000 nmethod 858 0x0000000002674c50 code [0x0000000002674dc0, 0x0000000002674fe8]
Event: 3.845 Thread 0x0000000014a44000  855       3       com.android.dx.cf.code.Ropper::getMinimumUnreservedLabel (19 bytes)
Event: 3.846 Thread 0x00000000149ed800  860       4       com.android.dx.ssa.SsaRenamer$BlockRenamer::addMapping (143 bytes)
Event: 3.846 Thread 0x0000000014a44000 nmethod 855 0x0000000002673a50 code [0x0000000002673bc0, 0x0000000002673f90]
Event: 3.846 Thread 0x0000000014a44000  857       3       com.android.dx.rop.type.Type::isCategory2 (36 bytes)
Event: 3.846 Thread 0x0000000014a44000 nmethod 857 0x0000000002673690 code [0x00000000026737e0, 0x0000000002673950]
Event: 3.847 Thread 0x0000000014a44000  861       3       com.android.dx.ssa.DeadCodeRemover::pruneDeadInstructions (246 bytes)
Event: 3.848 Thread 0x00000000149f0000 nmethod 859 0x0000000002677050 code [0x00000000026771a0, 0x0000000002677568]

GC Heap History (0 events):
No events

Deoptimization events (2 events):
Event: 3.535 Thread 0x00000000165ab800 Uncommon trap: reason=class_check action=maybe_recompile pc=0x0000000002620184 method=com.android.dx.ssa.NormalSsaInsn.accept(Lcom/android/dx/ssa/SsaInsn$Visitor;)V @ 9
Event: 3.535 Thread 0x00000000165ab800 Uncommon trap: reason=class_check action=maybe_recompile pc=0x0000000002620184 method=com.android.dx.ssa.NormalSsaInsn.accept(Lcom/android/dx/ssa/SsaInsn$Visitor;)V @ 9

Internal exceptions (10 events):
Event: 2.564 Thread 0x00000000165ab800 Exception <a 'java/security/PrivilegedActionException'> (0x00000000eb6dc378) thrown at [D:\re\workspace\8-2-build-windows-amd64-cygwin\jdk8u20\1074\hotspot\src\share\vm\prims\jvm.cpp, line 1275]
Event: 2.564 Thread 0x00000000165ab800 Exception <a 'java/security/PrivilegedActionException'> (0x00000000eb6e0a30) thrown at [D:\re\workspace\8-2-build-windows-amd64-cygwin\jdk8u20\1074\hotspot\src\share\vm\prims\jvm.cpp, line 1275]
Event: 2.565 Thread 0x00000000165ab800 Exception <a 'java/security/PrivilegedActionException'> (0x00000000eb6e6470) thrown at [D:\re\workspace\8-2-build-windows-amd64-cygwin\jdk8u20\1074\hotspot\src\share\vm\prims\jvm.cpp, line 1275]
Event: 2.590 Thread 0x00000000165ab800 Exception <a 'java/security/PrivilegedActionException'> (0x00000000eb6ef0f0) thrown at [D:\re\workspace\8-2-build-windows-amd64-cygwin\jdk8u20\1074\hotspot\src\share\vm\prims\jvm.cpp, line 1275]
Event: 2.593 Thread 0x00000000165ab800 Exception <a 'java/security/PrivilegedActionException'> (0x00000000eb6f4560) thrown at [D:\re\workspace\8-2-build-windows-amd64-cygwin\jdk8u20\1074\hotspot\src\share\vm\prims\jvm.cpp, line 1275]
Event: 2.595 Thread 0x00000000165ab800 Exception <a 'java/security/PrivilegedActionException'> (0x00000000eb700338) thrown at [D:\re\workspace\8-2-build-windows-amd64-cygwin\jdk8u20\1074\hotspot\src\share\vm\prims\jvm.cpp, line 1275]
Event: 2.631 Thread 0x00000000165ab800 Exception <a 'java/security/PrivilegedActionException'> (0x00000000eb705d28) thrown at [D:\re\workspace\8-2-build-windows-amd64-cygwin\jdk8u20\1074\hotspot\src\share\vm\prims\jvm.cpp, line 1275]
Event: 2.632 Thread 0x00000000165ab800 Exception <a 'java/security/PrivilegedActionException'> (0x00000000eb70b4d0) thrown at [D:\re\workspace\8-2-build-windows-amd64-cygwin\jdk8u20\1074\hotspot\src\share\vm\prims\jvm.cpp, line 1275]
Event: 2.679 Thread 0x00000000165ab800 Exception <a 'java/security/PrivilegedActionException'> (0x00000000eb749070) thrown at [D:\re\workspace\8-2-build-windows-amd64-cygwin\jdk8u20\1074\hotspot\src\share\vm\prims\jvm.cpp, line 1275]
Event: 2.849 Thread 0x00000000165ab800 Exception <a 'java/security/PrivilegedActionException'> (0x00000000eb7b58b0) thrown at [D:\re\workspace\8-2-build-windows-amd64-cygwin\jdk8u20\1074\hotspot\src\share\vm\prims\jvm.cpp, line 1275]

Events (10 events):
Event: 2.849 loading class com/android/dx/dex/file/MethodAnnotationStruct
Event: 2.849 loading class com/android/dx/dex/file/MethodAnnotationStruct done
Event: 3.122 loading class java/util/ArrayList$1
Event: 3.122 loading class java/util/ArrayList$1 done
Event: 3.535 Thread 0x00000000165ab800 Uncommon trap: trap_request=0xffffffde fr.pc=0x0000000002620184
Event: 3.535 Thread 0x00000000165ab800 DEOPT PACKING pc=0x0000000002620184 sp=0x000000001693e4e0
Event: 3.535 Thread 0x00000000165ab800 DEOPT UNPACKING pc=0x000000000236556a sp=0x000000001693e4a0 mode 2
Event: 3.535 Thread 0x00000000165ab800 Uncommon trap: trap_request=0xffffffde fr.pc=0x0000000002620184
Event: 3.535 Thread 0x00000000165ab800 DEOPT PACKING pc=0x0000000002620184 sp=0x000000001693e4e0
Event: 3.535 Thread 0x00000000165ab800 DEOPT UNPACKING pc=0x000000000236556a sp=0x000000001693e4a0 mode 2


Dynamic libraries:
0x00007ff668390000 - 0x00007ff6683c4000 	C:\Program Files\Java\jdk1.8.0_20\bin\java.exe
0x00007ff87a1c0000 - 0x00007ff87a381000 	C:\WINDOWS\SYSTEM32\ntdll.dll
0x00007ff878700000 - 0x00007ff8787ad000 	C:\WINDOWS\system32\KERNEL32.DLL
0x00007ff877160000 - 0x00007ff877348000 	C:\WINDOWS\system32\KERNELBASE.dll
0x00007ff877c00000 - 0x00007ff877ca7000 	C:\WINDOWS\system32\ADVAPI32.dll
0x00007ff8787b0000 - 0x00007ff87884d000 	C:\WINDOWS\system32\msvcrt.dll
0x00007ff878540000 - 0x00007ff87859b000 	C:\WINDOWS\system32\sechost.dll
0x00007ff877990000 - 0x00007ff877aac000 	C:\WINDOWS\system32\RPCRT4.dll
0x00007ff8785a0000 - 0x00007ff8786f6000 	C:\WINDOWS\system32\USER32.dll
0x00007ff87a020000 - 0x00007ff87a1a6000 	C:\WINDOWS\system32\GDI32.dll
0x00007ff869f30000 - 0x00007ff86a1a4000 	C:\WINDOWS\WinSxS\amd64_microsoft.windows.common-controls_6595b64144ccf1df_6.0.10586.0_none_8c15ae12515e1c22\COMCTL32.dll
0x00007ff877610000 - 0x00007ff87788d000 	C:\WINDOWS\system32\combase.dll
0x00007ff877400000 - 0x00007ff87746a000 	C:\WINDOWS\system32\bcryptPrimitives.dll
0x00007ff877e30000 - 0x00007ff877e6b000 	C:\WINDOWS\system32\IMM32.DLL
0x0000000054770000 - 0x0000000054842000 	C:\Program Files\Java\jdk1.8.0_20\jre\bin\msvcr100.dll
0x0000000053f10000 - 0x0000000054768000 	C:\Program Files\Java\jdk1.8.0_20\jre\bin\server\jvm.dll
0x00007ff877980000 - 0x00007ff877988000 	C:\WINDOWS\system32\PSAPI.DLL
0x00007ff86c970000 - 0x00007ff86c979000 	C:\WINDOWS\SYSTEM32\WSOCK32.dll
0x00007ff8775a0000 - 0x00007ff87760b000 	C:\WINDOWS\system32\WS2_32.dll
0x00007ff874fb0000 - 0x00007ff874fd3000 	C:\WINDOWS\SYSTEM32\WINMM.dll
0x00007ff874f50000 - 0x00007ff874f7c000 	C:\WINDOWS\SYSTEM32\WINMMBASE.dll
0x00007ff877490000 - 0x00007ff8774d3000 	C:\WINDOWS\system32\cfgmgr32.dll
0x0000000053f00000 - 0x0000000053f0f000 	C:\Program Files\Java\jdk1.8.0_20\jre\bin\verify.dll
0x0000000053ed0000 - 0x0000000053ef8000 	C:\Program Files\Java\jdk1.8.0_20\jre\bin\java.dll
0x0000000053eb0000 - 0x0000000053ec6000 	C:\Program Files\Java\jdk1.8.0_20\jre\bin\zip.dll
0x00007ff878900000 - 0x00007ff879e5c000 	C:\WINDOWS\system32\SHELL32.dll
0x00007ff876ab0000 - 0x00007ff8770f5000 	C:\WINDOWS\system32\windows.storage.dll
0x00007ff877fe0000 - 0x00007ff878032000 	C:\WINDOWS\system32\shlwapi.dll
0x00007ff876840000 - 0x00007ff87684f000 	C:\WINDOWS\system32\kernel.appcore.dll
0x00007ff8774e0000 - 0x00007ff877595000 	C:\WINDOWS\system32\shcore.dll
0x00007ff8767f0000 - 0x00007ff87683b000 	C:\WINDOWS\system32\powrprof.dll
0x00007ff8767c0000 - 0x00007ff8767d4000 	C:\WINDOWS\system32\profapi.dll
0x00007ff86ba30000 - 0x00007ff86bbbc000 	C:\WINDOWS\SYSTEM32\dbghelp.dll

VM Arguments:
jvm_args: -Djava.awt.headless=true -Xmx1024M -Dfile.encoding=windows-1252 -Duser.country=US -Duser.language=en -Duser.variant 
java_command: com.android.dx.command.Main --dex --num-threads=4 --output C:\Users\admin\Documents\GitHub\SoftwareDesign\FindMeTutor\FindMeTutor\tutor_app\build\intermediates\pre-dexed\debug\com.android.support-animated-vector-drawable-24.2.0_0fbc8dd4b0c5ae32fcf0e50d54319729c0685892.jar C:\Users\admin\Documents\GitHub\SoftwareDesign\FindMeTutor\FindMeTutor\tutor_app\build\intermediates\exploded-aar\com.android.support\animated-vector-drawable\24.2.0\jars\classes.jar
java_class_path (initial): C:\Users\admin\AppData\Local\Android\sdk\build-tools\24.0.1\lib\dx.jar
Launcher Type: SUN_STANDARD

Environment Variables:
PATH=C:\ProgramData\Oracle\Java\javapath;C:\Program Files (x86)\Intel\iCLS Client\;C:\Program Files\Intel\iCLS Client\;C:\WINDOWS\system32;C:\WINDOWS;C:\WINDOWS\System32\Wbem;C:\WINDOWS\System32\WindowsPowerShell\v1.0\;C:\Program Files\Intel\Intel(R) Management Engine Components\DAL;C:\Program Files\Intel\Intel(R) Management Engine Components\IPT;C:\Program Files (x86)\Intel\Intel(R) Management Engine Components\DAL;C:\Program Files (x86)\Intel\Intel(R) Management Engine Components\IPT;C:\Program Files\WIDCOMM\Bluetooth Software\;C:\Program Files\WIDCOMM\Bluetooth Software\syswow64;C:\Program Files (x86)\Intel\OpenCL SDK\2.0\bin\x86;C:\Program Files (x86)\Intel\OpenCL SDK\2.0\bin\x64;C:\Program Files\Intel\WiFi\bin\;C:\Program Files\Common Files\Intel\WirelessCommon\;c:\Program Files (x86)\Microsoft SQL Server\100\Tools\Binn\;c:\Program Files\Microsoft SQL Server\100\Tools\Binn\;c:\Program Files\Microsoft SQL Server\100\DTS\Binn\;C:\Program Files (x86)\MySQL\MySQL Fabric 1.5.4 & MySQL Utilities 1.5.4 1.5\;C:\Program Files (x86)\MySQL\MySQL Fabric 1.5.4 & MySQL Utilities 1.5.4 1.5\Doctrine extensions for PHP\;C:\Program Files (x86)\Borland\Delphi7\Bin;C:\Program Files (x86)\Borland\Delphi7\Projects\Bpl;C:\Program Files (x86)\Borland\Delphi7\Rave5;C:\Program Files\Git\cmd;C:\Program Files\Intel\WiFi\bin\;C:\Program Files\Common Files\Intel\WirelessCommon\
USERNAME=admin
OS=Windows_NT
PROCESSOR_IDENTIFIER=Intel64 Family 6 Model 58 Stepping 9, GenuineIntel



---------------  S Y S T E M  ---------------

OS: Windows 8.1 , 64 bit Build 9600 

CPU:total 4 (2 cores per cpu, 2 threads per core) family 6 model 58 stepping 9, cmov, cx8, fxsr, mmx, sse, sse2, sse3, ssse3, sse4.1, sse4.2, popcnt, avx, aes, clmul, erms, ht, tsc, tscinvbit, tscinv

Memory: 4k page, physical 8258576k(1423844k free), swap 10306576k(26300k free)

vm_info: Java HotSpot(TM) 64-Bit Server VM (25.20-b23) for windows-amd64 JRE (1.8.0_20-b26), built on Jul 30 2014 13:51:23 by "java_re" with MS VC++ 10.0 (VS2010)

time: Tue Sep 06 22:02:07 2016
elapsed time: 6 seconds (0d 0h 0m 6s)

