#
# There is insufficient memory for the Java Runtime Environment to continue.
# Native memory allocation (malloc) failed to allocate 1048576 bytes for AllocateHeap
# Possible reasons:
#   The system is out of physical RAM or swap space
#   In 32 bit mode, the process size limit was hit
# Possible solutions:
#   Reduce memory load on the system
#   Increase physical memory or swap space
#   Check if swap backing store is full
#   Use 64 bit Java on a 64 bit OS
#   Decrease Java heap size (-Xmx/-Xms)
#   Decrease number of Java threads
#   Decrease Java thread stack sizes (-Xss)
#   Set larger code cache with -XX:ReservedCodeCacheSize=
# This output file may be truncated or incomplete.
#
#  Out of Memory Error (memory/allocation.inline.hpp:62), pid=11260, tid=14108
#
# JRE version:  (8.0_20-b26) (build )
# Java VM: Java HotSpot(TM) 64-Bit Server VM (25.20-b23 mixed mode windows-amd64 compressed oops)
# Failed to write core dump. Minidumps are not enabled by default on client versions of Windows
#

---------------  T H R E A D  ---------------

Current thread (0x00000000022cd800):  JavaThread "Unknown thread" [_thread_in_vm, id=14108, stack(0x0000000000930000,0x0000000000a30000)]

Stack: [0x0000000000930000,0x0000000000a30000]
Native frames: (J=compiled Java code, j=interpreted, Vv=VM code, C=native code)
V  [jvm.dll+0x3152fa]


---------------  P R O C E S S  ---------------

Java Threads: ( => current thread )

Other Threads:

=>0x00000000022cd800 (exited) JavaThread "Unknown thread" [_thread_in_vm, id=14108, stack(0x0000000000930000,0x0000000000a30000)]

VM state:not at safepoint (normal execution)

VM Mutex/Monitor currently owned by a thread: None

Heap:
 PSYoungGen      total 38400K, used 665K [0x00000000eab00000, 0x00000000ed580000, 0x0000000100000000)
  eden space 33280K, 2% used [0x00000000eab00000,0x00000000eaba6670,0x00000000ecb80000)
  from space 5120K, 0% used [0x00000000ed080000,0x00000000ed080000,0x00000000ed580000)
  to   space 5120K, 0% used [0x00000000ecb80000,0x00000000ecb80000,0x00000000ed080000)
 ParOldGen       total 87552K, used 0K [0x00000000c0000000, 0x00000000c5580000, 0x00000000eab00000)
  object space 87552K, 0% used [0x00000000c0000000,0x00000000c0000000,0x00000000c5580000)
 Metaspace       used 674K, capacity 4480K, committed 4480K, reserved 1056768K
  class space    used 66K, capacity 384K, committed 384K, reserved 1048576K

Card table byte_map: [0x0000000011710000,0x0000000011920000] byte_map_base: 0x0000000011110000

Marking Bits: (ParMarkBitMap*) 0x0000000066eab460
 Begin Bits: [0x0000000011e80000, 0x0000000012e80000)
 End Bits:   [0x0000000012e80000, 0x0000000013e80000)

Polling page: 0x00000000001f0000

CodeCache: size=245760Kb used=327Kb max_used=327Kb free=245432Kb
 bounds [0x0000000002350000, 0x00000000025c0000, 0x0000000011350000]
 total_blobs=56 nmethods=0 adapters=37
 compilation: enabled

Compilation events (0 events):
No events

GC Heap History (0 events):
No events

Deoptimization events (0 events):
No events

Internal exceptions (0 events):
No events

Events (10 events):
Event: 0.015 loading class java/lang/Short
Event: 0.015 loading class java/lang/Short done
Event: 0.015 loading class java/lang/Integer
Event: 0.015 loading class java/lang/Integer done
Event: 0.015 loading class java/lang/Long
Event: 0.015 loading class java/lang/Long done
Event: 0.015 loading class java/lang/NullPointerException
Event: 0.015 loading class java/lang/NullPointerException done
Event: 0.015 loading class java/lang/ArithmeticException
Event: 0.015 loading class java/lang/ArithmeticException done


Dynamic libraries:
0x00007ff622140000 - 0x00007ff622174000 	C:\Program Files\Java\jdk1.8.0_20\bin\java.exe
0x00007fff7d2a0000 - 0x00007fff7d461000 	C:\WINDOWS\SYSTEM32\ntdll.dll
0x00007fff7cbf0000 - 0x00007fff7cc9d000 	C:\WINDOWS\system32\KERNEL32.DLL
0x00007fff79bb0000 - 0x00007fff79d98000 	C:\WINDOWS\system32\KERNELBASE.dll
0x00007fff7cb40000 - 0x00007fff7cbe7000 	C:\WINDOWS\system32\ADVAPI32.dll
0x00007fff7a6e0000 - 0x00007fff7a77d000 	C:\WINDOWS\system32\msvcrt.dll
0x00007fff7af10000 - 0x00007fff7af6b000 	C:\WINDOWS\system32\sechost.dll
0x00007fff7b170000 - 0x00007fff7b28c000 	C:\WINDOWS\system32\RPCRT4.dll
0x00007fff7b460000 - 0x00007fff7b5b6000 	C:\WINDOWS\system32\USER32.dll
0x00007fff7ce80000 - 0x00007fff7d006000 	C:\WINDOWS\system32\GDI32.dll
0x00007fff6dfd0000 - 0x00007fff6e244000 	C:\WINDOWS\WinSxS\amd64_microsoft.windows.common-controls_6595b64144ccf1df_6.0.10586.0_none_8c15ae12515e1c22\COMCTL32.dll
0x00007fff7d010000 - 0x00007fff7d28d000 	C:\WINDOWS\system32\combase.dll
0x00007fff79fc0000 - 0x00007fff7a02a000 	C:\WINDOWS\system32\bcryptPrimitives.dll
0x00007fff7b130000 - 0x00007fff7b16b000 	C:\WINDOWS\system32\IMM32.DLL
0x0000000067880000 - 0x0000000067952000 	C:\Program Files\Java\jdk1.8.0_20\jre\bin\msvcr100.dll
0x00000000666d0000 - 0x0000000066f28000 	C:\Program Files\Java\jdk1.8.0_20\jre\bin\server\jvm.dll
0x00007fff7b3f0000 - 0x00007fff7b3f8000 	C:\WINDOWS\system32\PSAPI.DLL
0x00007fff77ff0000 - 0x00007fff78013000 	C:\WINDOWS\SYSTEM32\WINMM.dll
0x00007fff6e770000 - 0x00007fff6e779000 	C:\WINDOWS\SYSTEM32\WSOCK32.dll
0x00007fff7a780000 - 0x00007fff7a7eb000 	C:\WINDOWS\system32\WS2_32.dll
0x00007fff77e70000 - 0x00007fff77e9c000 	C:\WINDOWS\SYSTEM32\WINMMBASE.dll
0x00007fff79e90000 - 0x00007fff79ed3000 	C:\WINDOWS\system32\cfgmgr32.dll
0x0000000067870000 - 0x000000006787f000 	C:\Program Files\Java\jdk1.8.0_20\jre\bin\verify.dll
0x00000000666a0000 - 0x00000000666c8000 	C:\Program Files\Java\jdk1.8.0_20\jre\bin\java.dll
0x0000000067850000 - 0x0000000067866000 	C:\Program Files\Java\jdk1.8.0_20\jre\bin\zip.dll
0x00007fff6c660000 - 0x00007fff6c7ec000 	C:\WINDOWS\SYSTEM32\dbghelp.dll

VM Arguments:
jvm_args: -Djava.awt.headless=true -Xmx1024M -Dfile.encoding=windows-1252 -Duser.country=US -Duser.language=en -Duser.variant 
java_command: com.android.dx.command.Main --dex --num-threads=4 --output C:\Users\admin\Documents\GitHub\SoftwareDesign\FindMeTutor\FindMeTutor\tutor_app\build\intermediates\pre-dexed\debug\debug_e89de5b6b334ce917710c2368bdb77ae881b123d.jar C:\Users\admin\Documents\GitHub\SoftwareDesign\FindMeTutor\FindMeTutor\tutor_app\build\intermediates\classes\debug
java_class_path (initial): C:\Users\admin\AppData\Local\Android\sdk\build-tools\24.0.1\lib\dx.jar
Launcher Type: SUN_STANDARD

Environment Variables:
PATH=C:\ProgramData\Oracle\Java\javapath;C:\Program Files (x86)\Intel\iCLS Client\;C:\Program Files\Intel\iCLS Client\;C:\WINDOWS\system32;C:\WINDOWS;C:\WINDOWS\System32\Wbem;C:\WINDOWS\System32\WindowsPowerShell\v1.0\;C:\Program Files\Intel\Intel(R) Management Engine Components\DAL;C:\Program Files\Intel\Intel(R) Management Engine Components\IPT;C:\Program Files (x86)\Intel\Intel(R) Management Engine Components\DAL;C:\Program Files (x86)\Intel\Intel(R) Management Engine Components\IPT;C:\Program Files\WIDCOMM\Bluetooth Software\;C:\Program Files\WIDCOMM\Bluetooth Software\syswow64;C:\Program Files (x86)\Intel\OpenCL SDK\2.0\bin\x86;C:\Program Files (x86)\Intel\OpenCL SDK\2.0\bin\x64;C:\Program Files\Intel\WiFi\bin\;C:\Program Files\Common Files\Intel\WirelessCommon\;c:\Program Files (x86)\Microsoft SQL Server\100\Tools\Binn\;c:\Program Files\Microsoft SQL Server\100\Tools\Binn\;c:\Program Files\Microsoft SQL Server\100\DTS\Binn\;C:\Program Files (x86)\MySQL\MySQL Fabric 1.5.4 & MySQL Utilities 1.5.4 1.5\;C:\Program Files (x86)\MySQL\MySQL Fabric 1.5.4 & MySQL Utilities 1.5.4 1.5\Doctrine extensions for PHP\;C:\Program Files (x86)\Borland\Delphi7\Bin;C:\Program Files (x86)\Borland\Delphi7\Projects\Bpl;C:\Program Files (x86)\Borland\Delphi7\Rave5;C:\Program Files\Git\cmd;C:\Program Files\Intel\WiFi\bin\;C:\Program Files\Common Files\Intel\WirelessCommon\
USERNAME=admin
OS=Windows_NT
PROCESSOR_IDENTIFIER=Intel64 Family 6 Model 58 Stepping 9, GenuineIntel



---------------  S Y S T E M  ---------------

OS: Windows 8.1 , 64 bit Build 9600 

CPU:total 4 (2 cores per cpu, 2 threads per core) family 6 model 58 stepping 9, cmov, cx8, fxsr, mmx, sse, sse2, sse3, ssse3, sse4.1, sse4.2, popcnt, avx, aes, clmul, erms, ht, tsc, tscinvbit, tscinv

Memory: 4k page, physical 8258576k(1863664k free), swap 10306576k(4828k free)

vm_info: Java HotSpot(TM) 64-Bit Server VM (25.20-b23) for windows-amd64 JRE (1.8.0_20-b26), built on Jul 30 2014 13:51:23 by "java_re" with MS VC++ 10.0 (VS2010)

time: Wed Sep 07 19:52:42 2016
elapsed time: 0 seconds (0d 0h 0m 0s)

