#
# There is insufficient memory for the Java Runtime Environment to continue.
# Native memory allocation (malloc) failed to allocate 32744 bytes for ChunkPool::allocate
# Possible reasons:
#   The system is out of physical RAM or swap space
#   In 32 bit mode, the process size limit was hit
# Possible solutions:
#   Reduce memory load on the system
#   Increase physical memory or swap space
#   Check if swap backing store is full
#   Use 64 bit Java on a 64 bit OS
#   Decrease Java heap size (-Xmx/-Xms)
#   Decrease number of Java threads
#   Decrease Java thread stack sizes (-Xss)
#   Set larger code cache with -XX:ReservedCodeCacheSize=
# This output file may be truncated or incomplete.
#
#  Out of Memory Error (allocation.cpp:273), pid=11388, tid=15028
#
# JRE version: Java(TM) SE Runtime Environment (8.0_20-b26) (build 1.8.0_20-b26)
# Java VM: Java HotSpot(TM) 64-Bit Server VM (25.20-b23 mixed mode windows-amd64 compressed oops)
# Failed to write core dump. Minidumps are not enabled by default on client versions of Windows
#

---------------  T H R E A D  ---------------

Current thread (0x00000000156d1000):  JavaThread "C2 CompilerThread1" daemon [_thread_in_native, id=15028, stack(0x0000000016cd0000,0x0000000016dd0000)]

Stack: [0x0000000016cd0000,0x0000000016dd0000]
Native frames: (J=compiled Java code, j=interpreted, Vv=VM code, C=native code)
V  [jvm.dll+0x3152fa]
V  [jvm.dll+0x265d03]
V  [jvm.dll+0x266943]
V  [jvm.dll+0x25e265]
V  [jvm.dll+0xbdfb1]
V  [jvm.dll+0xbe6fc]
V  [jvm.dll+0x4eb38c]
V  [jvm.dll+0x444ef1]
V  [jvm.dll+0x4500de]
V  [jvm.dll+0x4526c8]
V  [jvm.dll+0x435fc2]
V  [jvm.dll+0x97b62]
V  [jvm.dll+0x98353]
V  [jvm.dll+0x22aac4]
V  [jvm.dll+0x283f5a]
C  [msvcr100.dll+0x21d9f]
C  [msvcr100.dll+0x21e3b]
C  [KERNEL32.DLL+0x18102]
C  [ntdll.dll+0x5c5b4]


Current CompileTask:
C2:   1914 1274       4       com.android.dx.ssa.SCCP::simulateStmt (481 bytes)


---------------  P R O C E S S  ---------------

Java Threads: ( => current thread )
  0x0000000017351800 JavaThread "pool-2-thread-4" [_thread_blocked, id=15008, stack(0x00000000178d0000,0x00000000179d0000)]
  0x000000001730b000 JavaThread "pool-2-thread-3" [_thread_blocked, id=8344, stack(0x00000000177d0000,0x00000000178d0000)]
  0x000000001730d000 JavaThread "pool-2-thread-2" [_thread_in_Java, id=12044, stack(0x00000000176d0000,0x00000000177d0000)]
  0x0000000017336000 JavaThread "pool-3-thread-1" [_thread_blocked, id=5768, stack(0x00000000175d0000,0x00000000176d0000)]
  0x0000000017333800 JavaThread "pool-2-thread-1" [_thread_blocked, id=11204, stack(0x00000000174d0000,0x00000000175d0000)]
  0x00000000156db000 JavaThread "Service Thread" daemon [_thread_blocked, id=14224, stack(0x0000000016ed0000,0x0000000016fd0000)]
  0x00000000156d4000 JavaThread "C1 CompilerThread2" daemon [_thread_blocked, id=5348, stack(0x0000000016dd0000,0x0000000016ed0000)]
=>0x00000000156d1000 JavaThread "C2 CompilerThread1" daemon [_thread_in_native, id=15028, stack(0x0000000016cd0000,0x0000000016dd0000)]
  0x000000001567d800 JavaThread "C2 CompilerThread0" daemon [_thread_in_vm, id=13112, stack(0x0000000016bd0000,0x0000000016cd0000)]
  0x000000001567b800 JavaThread "Attach Listener" daemon [_thread_blocked, id=8940, stack(0x0000000016ad0000,0x0000000016bd0000)]
  0x000000001567a000 JavaThread "Signal Dispatcher" daemon [_thread_blocked, id=14020, stack(0x00000000169d0000,0x0000000016ad0000)]
  0x0000000002f9f000 JavaThread "Finalizer" daemon [_thread_blocked, id=5212, stack(0x00000000168d0000,0x00000000169d0000)]
  0x0000000015648000 JavaThread "Reference Handler" daemon [_thread_blocked, id=5036, stack(0x00000000167d0000,0x00000000168d0000)]
  0x00000000012ad800 JavaThread "main" [_thread_in_native_trans, id=4336, stack(0x0000000002d40000,0x0000000002e40000)]

Other Threads:
  0x0000000015646000 VMThread [stack: 0x00000000166d0000,0x00000000167d0000] [id=14464]
  0x00000000156de000 WatcherThread [stack: 0x0000000016fd0000,0x00000000170d0000] [id=9608]

VM state:not at safepoint (normal execution)

VM Mutex/Monitor currently owned by a thread:  ([mutex/lock_event])
[0x00000000012acaf0] CompiledIC_lock - owner thread: 0x000000001567d800

Heap:
 PSYoungGen      total 38400K, used 15089K [0x00000000eab00000, 0x00000000ed580000, 0x0000000100000000)
  eden space 33280K, 29% used [0x00000000eab00000,0x00000000eb4bf840,0x00000000ecb80000)
  from space 5120K, 99% used [0x00000000ecb80000,0x00000000ed07ceb8,0x00000000ed080000)
  to   space 5120K, 0% used [0x00000000ed080000,0x00000000ed080000,0x00000000ed580000)
 ParOldGen       total 87552K, used 1133K [0x00000000c0000000, 0x00000000c5580000, 0x00000000eab00000)
  object space 87552K, 1% used [0x00000000c0000000,0x00000000c011b578,0x00000000c5580000)
 Metaspace       used 6024K, capacity 6960K, committed 7040K, reserved 1056768K
  class space    used 592K, capacity 616K, committed 640K, reserved 1048576K

Card table byte_map: [0x0000000012370000,0x0000000012580000] byte_map_base: 0x0000000011d70000

Marking Bits: (ParMarkBitMap*) 0x000000006451b460
 Begin Bits: [0x0000000012ae0000, 0x0000000013ae0000)
 End Bits:   [0x0000000013ae0000, 0x0000000014ae0000)

Polling page: 0x00000000012b0000

CodeCache: size=245760Kb used=5261Kb max_used=5292Kb free=240498Kb
 bounds [0x0000000002fb0000, 0x00000000034e0000, 0x0000000011fb0000]
 total_blobs=1597 nmethods=1330 adapters=179
 compilation: disabled (not enough contiguous free space left)

Compilation events (10 events):
Event: 1.780 Thread 0x00000000156d4000 1343       3       com.android.dx.ssa.NormalSsaInsn::isMoveException (20 bytes)
Event: 1.780 Thread 0x00000000156d4000 nmethod 1343 0x00000000034d1b90 code [0x00000000034d1d00, 0x00000000034d1ff0]
Event: 1.782 Thread 0x00000000156d4000 1344       3       com.android.dx.cf.code.RopperMachine::updateReturnOp (115 bytes)
Event: 1.784 Thread 0x00000000156d4000 nmethod 1344 0x00000000034d20d0 code [0x00000000034d2360, 0x00000000034d3538]
Event: 1.791 Thread 0x00000000156d4000 1345       3       com.android.dx.ssa.LocalVariableExtractor::doit (59 bytes)
Event: 1.792 Thread 0x00000000156d4000 nmethod 1345 0x00000000034d3cd0 code [0x00000000034d3e80, 0x00000000034d43a8]
Event: 1.797 Thread 0x00000000156d4000 1347       3       com.android.dx.ssa.PhiInsn::predBlocksForReg (73 bytes)
Event: 1.799 Thread 0x00000000156d4000 nmethod 1347 0x00000000034d4590 code [0x00000000034d4800, 0x00000000034d5858]
Event: 1.799 Thread 0x00000000156d4000 1348       3       com.android.dx.rop.cst.CstFloat::getType (4 bytes)
Event: 1.799 Thread 0x00000000156d4000 nmethod 1348 0x00000000034d63d0 code [0x00000000034d6520, 0x00000000034d6670]

GC Heap History (2 events):
Event: 1.450 GC heap before
{Heap before GC invocations=1 (full 0):
 PSYoungGen      total 38400K, used 33280K [0x00000000eab00000, 0x00000000ed580000, 0x0000000100000000)
  eden space 33280K, 100% used [0x00000000eab00000,0x00000000ecb80000,0x00000000ecb80000)
  from space 5120K, 0% used [0x00000000ed080000,0x00000000ed080000,0x00000000ed580000)
  to   space 5120K, 0% used [0x00000000ecb80000,0x00000000ecb80000,0x00000000ed080000)
 ParOldGen       total 87552K, used 0K [0x00000000c0000000, 0x00000000c5580000, 0x00000000eab00000)
  object space 87552K, 0% used [0x00000000c0000000,0x00000000c0000000,0x00000000c5580000)
 Metaspace       used 5944K, capacity 6896K, committed 7040K, reserved 1056768K
  class space    used 591K, capacity 616K, committed 640K, reserved 1048576K
Event: 1.681 GC heap after
Heap after GC invocations=1 (full 0):
 PSYoungGen      total 38400K, used 5107K [0x00000000eab00000, 0x00000000ed580000, 0x0000000100000000)
  eden space 33280K, 0% used [0x00000000eab00000,0x00000000eab00000,0x00000000ecb80000)
  from space 5120K, 99% used [0x00000000ecb80000,0x00000000ed07ceb8,0x00000000ed080000)
  to   space 5120K, 0% used [0x00000000ed080000,0x00000000ed080000,0x00000000ed580000)
 ParOldGen       total 87552K, used 1133K [0x00000000c0000000, 0x00000000c5580000, 0x00000000eab00000)
  object space 87552K, 1% used [0x00000000c0000000,0x00000000c011b578,0x00000000c5580000)
 Metaspace       used 5944K, capacity 6896K, committed 7040K, reserved 1056768K
  class space    used 591K, capacity 616K, committed 640K, reserved 1048576K
}

Deoptimization events (1 events):
Event: 1.697 Thread 0x000000001730d000 Uncommon trap: reason=null_check action=make_not_entrant pc=0x000000000332b620 method=com.android.dx.rop.type.Type.equals(Ljava/lang/Object;)Z @ 8

Internal exceptions (10 events):
Event: 0.801 Thread 0x00000000012ad800 Exception <a 'java/security/PrivilegedActionException'> (0x00000000eb8a2550) thrown at [D:\re\workspace\8-2-build-windows-amd64-cygwin\jdk8u20\1074\hotspot\src\share\vm\prims\jvm.cpp, line 1275]
Event: 0.873 Thread 0x000000001730b000 Exception <a 'java/security/PrivilegedActionException'> (0x00000000eba701a0) thrown at [D:\re\workspace\8-2-build-windows-amd64-cygwin\jdk8u20\1074\hotspot\src\share\vm\prims\jvm.cpp, line 1275]
Event: 0.952 Thread 0x000000001730d000 Exception <a 'java/security/PrivilegedActionException'> (0x00000000ebe11198) thrown at [D:\re\workspace\8-2-build-windows-amd64-cygwin\jdk8u20\1074\hotspot\src\share\vm\prims\jvm.cpp, line 1275]
Event: 1.019 Thread 0x000000001730d000 Exception <a 'java/security/PrivilegedActionException'> (0x00000000ebe16b88) thrown at [D:\re\workspace\8-2-build-windows-amd64-cygwin\jdk8u20\1074\hotspot\src\share\vm\prims\jvm.cpp, line 1275]
Event: 1.062 Thread 0x000000001730d000 Exception <a 'java/security/PrivilegedActionException'> (0x00000000ebe1c2f8) thrown at [D:\re\workspace\8-2-build-windows-amd64-cygwin\jdk8u20\1074\hotspot\src\share\vm\prims\jvm.cpp, line 1275]
Event: 1.105 Thread 0x0000000017333800 Exception <a 'java/security/PrivilegedActionException'> (0x00000000ec139f00) thrown at [D:\re\workspace\8-2-build-windows-amd64-cygwin\jdk8u20\1074\hotspot\src\share\vm\prims\jvm.cpp, line 1275]
Event: 1.149 Thread 0x000000001730d000 Exception <a 'java/security/PrivilegedActionException'> (0x00000000ec2a0da0) thrown at [D:\re\workspace\8-2-build-windows-amd64-cygwin\jdk8u20\1074\hotspot\src\share\vm\prims\jvm.cpp, line 1275]
Event: 1.160 Thread 0x00000000012ad800 Exception <a 'java/security/PrivilegedActionException'> (0x00000000ebc84620) thrown at [D:\re\workspace\8-2-build-windows-amd64-cygwin\jdk8u20\1074\hotspot\src\share\vm\prims\jvm.cpp, line 1275]
Event: 1.160 Thread 0x00000000012ad800 Exception <a 'java/security/PrivilegedActionException'> (0x00000000ebc86e08) thrown at [D:\re\workspace\8-2-build-windows-amd64-cygwin\jdk8u20\1074\hotspot\src\share\vm\prims\jvm.cpp, line 1275]
Event: 1.697 Thread 0x000000001730d000 Implicit null exception at 0x000000000332b522 to 0x000000000332b612

Events (10 events):
Event: 1.681 Executing VM operation: ParallelGCFailedAllocation done
Event: 1.681 loading class sun/misc/Cleaner
Event: 1.681 loading class sun/misc/Cleaner done
Event: 1.688 Thread 0x0000000017351800 DEOPT PACKING pc=0x00000000032fa51f sp=0x00000000179ce8c0
Event: 1.688 Thread 0x0000000017351800 DEOPT UNPACKING pc=0x0000000002ff75bf sp=0x00000000179ce6b0 mode 0
Event: 1.697 Thread 0x000000001730d000 Uncommon trap: trap_request=0xfffffff4 fr.pc=0x000000000332b620
Event: 1.697 Thread 0x000000001730d000 DEOPT PACKING pc=0x000000000332b620 sp=0x00000000177ce460
Event: 1.697 Thread 0x000000001730d000 DEOPT UNPACKING pc=0x0000000002ff556a sp=0x00000000177ce3e8 mode 2
Event: 1.713 Thread 0x000000001730d000 DEOPT PACKING pc=0x00000000032fa51f sp=0x00000000177ce6a0
Event: 1.713 Thread 0x000000001730d000 DEOPT UNPACKING pc=0x0000000002ff75bf sp=0x00000000177ce480 mode 0


Dynamic libraries:
0x00007ff79b830000 - 0x00007ff79b864000 	C:\Program Files\Java\jdk1.8.0_20\bin\java.exe
0x00007ffc6b1c0000 - 0x00007ffc6b381000 	C:\WINDOWS\SYSTEM32\ntdll.dll
0x00007ffc68920000 - 0x00007ffc689cd000 	C:\WINDOWS\system32\KERNEL32.DLL
0x00007ffc67a70000 - 0x00007ffc67c58000 	C:\WINDOWS\system32\KERNELBASE.dll
0x00007ffc6b110000 - 0x00007ffc6b1b7000 	C:\WINDOWS\system32\ADVAPI32.dll
0x00007ffc6af30000 - 0x00007ffc6afcd000 	C:\WINDOWS\system32\msvcrt.dll
0x00007ffc6b040000 - 0x00007ffc6b09b000 	C:\WINDOWS\system32\sechost.dll
0x00007ffc689d0000 - 0x00007ffc68aec000 	C:\WINDOWS\system32\RPCRT4.dll
0x00007ffc6ac30000 - 0x00007ffc6ad86000 	C:\WINDOWS\system32\USER32.dll
0x00007ffc6ad90000 - 0x00007ffc6af16000 	C:\WINDOWS\system32\GDI32.dll
0x00007ffc5dcb0000 - 0x00007ffc5df24000 	C:\WINDOWS\WinSxS\amd64_microsoft.windows.common-controls_6595b64144ccf1df_6.0.10586.589_none_a2ddb3caa539acce\COMCTL32.dll
0x00007ffc6a5e0000 - 0x00007ffc6a85d000 	C:\WINDOWS\system32\combase.dll
0x00007ffc67c80000 - 0x00007ffc67cea000 	C:\WINDOWS\system32\bcryptPrimitives.dll
0x00007ffc68770000 - 0x00007ffc687ab000 	C:\WINDOWS\system32\IMM32.DLL
0x00000000645a0000 - 0x0000000064672000 	C:\Program Files\Java\jdk1.8.0_20\jre\bin\msvcr100.dll
0x0000000063d40000 - 0x0000000064598000 	C:\Program Files\Java\jdk1.8.0_20\jre\bin\server\jvm.dll
0x00007ffc6b0a0000 - 0x00007ffc6b0a8000 	C:\WINDOWS\system32\PSAPI.DLL
0x00007ffc5c500000 - 0x00007ffc5c509000 	C:\WINDOWS\SYSTEM32\WSOCK32.dll
0x00007ffc68700000 - 0x00007ffc6876b000 	C:\WINDOWS\system32\WS2_32.dll
0x00007ffc65ad0000 - 0x00007ffc65af3000 	C:\WINDOWS\SYSTEM32\WINMM.dll
0x00007ffc65aa0000 - 0x00007ffc65acc000 	C:\WINDOWS\SYSTEM32\WINMMBASE.dll
0x00007ffc679c0000 - 0x00007ffc67a03000 	C:\WINDOWS\system32\cfgmgr32.dll
0x0000000063d30000 - 0x0000000063d3f000 	C:\Program Files\Java\jdk1.8.0_20\jre\bin\verify.dll
0x0000000063d00000 - 0x0000000063d28000 	C:\Program Files\Java\jdk1.8.0_20\jre\bin\java.dll
0x0000000063ce0000 - 0x0000000063cf6000 	C:\Program Files\Java\jdk1.8.0_20\jre\bin\zip.dll
0x00007ffc68af0000 - 0x00007ffc6a04c000 	C:\WINDOWS\system32\SHELL32.dll
0x00007ffc67f50000 - 0x00007ffc68595000 	C:\WINDOWS\system32\windows.storage.dll
0x00007ffc688c0000 - 0x00007ffc68912000 	C:\WINDOWS\system32\shlwapi.dll
0x00007ffc67830000 - 0x00007ffc6783f000 	C:\WINDOWS\system32\kernel.appcore.dll
0x00007ffc67900000 - 0x00007ffc679b5000 	C:\WINDOWS\system32\shcore.dll
0x00007ffc677c0000 - 0x00007ffc6780b000 	C:\WINDOWS\system32\powrprof.dll
0x00007ffc67810000 - 0x00007ffc67824000 	C:\WINDOWS\system32\profapi.dll
0x00007ffc5c290000 - 0x00007ffc5c41c000 	C:\WINDOWS\SYSTEM32\dbghelp.dll

VM Arguments:
jvm_args: -Djava.awt.headless=true -Xmx1024M -Dfile.encoding=windows-1252 -Duser.country=US -Duser.language=en -Duser.variant 
java_command: com.android.dx.command.Main --dex --force-jumbo --num-threads=4 --multi-dex --output C:\Users\admin\Documents\GitHub\ShaneelSD\SoftwareDesign\FindMeTutor\FindMeTutor\tutor_app\build\intermediates\transforms\dex\debug\folders\1000\10\com.android.support-design-24.2.1_a9fe70cfefe0a111889911bbe1894801bc82b944 C:\Users\admin\Documents\GitHub\ShaneelSD\SoftwareDesign\FindMeTutor\FindMeTutor\tutor_app\build\intermediates\exploded-aar\com.android.support\design\24.2.1\jars\classes.jar
java_class_path (initial): C:\Users\admin\AppData\Local\Android\sdk\build-tools\24.0.1\lib\dx.jar
Launcher Type: SUN_STANDARD

Environment Variables:
PATH=C:\ProgramData\Oracle\Java\javapath;C:\Program Files (x86)\Intel\iCLS Client\;C:\Program Files\Intel\iCLS Client\;C:\WINDOWS\system32;C:\WINDOWS;C:\WINDOWS\System32\Wbem;C:\WINDOWS\System32\WindowsPowerShell\v1.0\;C:\Program Files\Intel\Intel(R) Management Engine Components\DAL;C:\Program Files\Intel\Intel(R) Management Engine Components\IPT;C:\Program Files (x86)\Intel\Intel(R) Management Engine Components\DAL;C:\Program Files (x86)\Intel\Intel(R) Management Engine Components\IPT;C:\Program Files\WIDCOMM\Bluetooth Software\;C:\Program Files\WIDCOMM\Bluetooth Software\syswow64;C:\Program Files (x86)\Intel\OpenCL SDK\2.0\bin\x86;C:\Program Files (x86)\Intel\OpenCL SDK\2.0\bin\x64;C:\Program Files\Intel\WiFi\bin\;C:\Program Files\Common Files\Intel\WirelessCommon\;c:\Program Files (x86)\Microsoft SQL Server\100\Tools\Binn\;c:\Program Files\Microsoft SQL Server\100\Tools\Binn\;c:\Program Files\Microsoft SQL Server\100\DTS\Binn\;C:\Program Files (x86)\MySQL\MySQL Fabric 1.5.4 & MySQL Utilities 1.5.4 1.5\;C:\Program Files (x86)\MySQL\MySQL Fabric 1.5.4 & MySQL Utilities 1.5.4 1.5\Doctrine extensions for PHP\;C:\Program Files (x86)\Borland\Delphi7\Bin;C:\Program Files (x86)\Borland\Delphi7\Projects\Bpl;C:\Program Files (x86)\Borland\Delphi7\Rave5;C:\Program Files\Git\cmd;C:\Program Files (x86)\OpenVPN\bin;C:\Program Files\Intel\WiFi\bin\;C:\Program Files\Common Files\Intel\WirelessCommon\
USERNAME=admin
OS=Windows_NT
PROCESSOR_IDENTIFIER=Intel64 Family 6 Model 58 Stepping 9, GenuineIntel



---------------  S Y S T E M  ---------------

OS: Windows 8.1 , 64 bit Build 9600 

CPU:total 4 (2 cores per cpu, 2 threads per core) family 6 model 58 stepping 9, cmov, cx8, fxsr, mmx, sse, sse2, sse3, ssse3, sse4.1, sse4.2, popcnt, avx, aes, clmul, erms, ht, tsc, tscinvbit, tscinv

Memory: 4k page, physical 8258576k(2401460k free), swap 10306576k(3136k free)

vm_info: Java HotSpot(TM) 64-Bit Server VM (25.20-b23) for windows-amd64 JRE (1.8.0_20-b26), built on Jul 30 2014 13:51:23 by "java_re" with MS VC++ 10.0 (VS2010)

time: Fri Oct 28 12:10:17 2016
elapsed time: 1 seconds (0d 0h 0m 1s)

