#
# There is insufficient memory for the Java Runtime Environment to continue.
# Native memory allocation (malloc) failed to allocate 158976 bytes for Chunk::new
# Possible reasons:
#   The system is out of physical RAM or swap space
#   In 32 bit mode, the process size limit was hit
# Possible solutions:
#   Reduce memory load on the system
#   Increase physical memory or swap space
#   Check if swap backing store is full
#   Use 64 bit Java on a 64 bit OS
#   Decrease Java heap size (-Xmx/-Xms)
#   Decrease number of Java threads
#   Decrease Java thread stack sizes (-Xss)
#   Set larger code cache with -XX:ReservedCodeCacheSize=
# This output file may be truncated or incomplete.
#
#  Out of Memory Error (allocation.cpp:390), pid=11324, tid=13064
#
# JRE version: Java(TM) SE Runtime Environment (8.0_20-b26) (build 1.8.0_20-b26)
# Java VM: Java HotSpot(TM) 64-Bit Server VM (25.20-b23 mixed mode windows-amd64 compressed oops)
# Failed to write core dump. Minidumps are not enabled by default on client versions of Windows
#

---------------  T H R E A D  ---------------

Current thread (0x00000000149c9800):  JavaThread "C2 CompilerThread0" daemon [_thread_in_native, id=13064, stack(0x0000000015f20000,0x0000000016020000)]

Stack: [0x0000000015f20000,0x0000000016020000]
Native frames: (J=compiled Java code, j=interpreted, Vv=VM code, C=native code)
V  [jvm.dll+0x3152fa]
V  [jvm.dll+0x265d03]
V  [jvm.dll+0x266943]
V  [jvm.dll+0x25e265]
V  [jvm.dll+0xbe255]
V  [jvm.dll+0xbe6fc]
V  [jvm.dll+0x45c472]
V  [jvm.dll+0x49d76f]
V  [jvm.dll+0x451045]
V  [jvm.dll+0x452634]
V  [jvm.dll+0x435fc2]
V  [jvm.dll+0x97b62]
V  [jvm.dll+0x98353]
V  [jvm.dll+0x22aac4]
V  [jvm.dll+0x283f5a]
C  [msvcr100.dll+0x21d9f]
C  [msvcr100.dll+0x21e3b]
C  [KERNEL32.DLL+0x18102]
C  [ntdll.dll+0x5c5b4]


Current CompileTask:
C2:   3792  956       4       com.android.dx.ssa.SsaMethod::deleteInsns (239 bytes)


---------------  P R O C E S S  ---------------

Java Threads: ( => current thread )
  0x000000001667f800 JavaThread "pool-1-thread-4" [_thread_in_Java, id=12352, stack(0x0000000016c20000,0x0000000016d20000)]
  0x000000001667e000 JavaThread "pool-1-thread-3" [_thread_in_Java, id=10364, stack(0x0000000016b20000,0x0000000016c20000)]
  0x0000000016667000 JavaThread "pool-1-thread-2" [_thread_in_Java, id=12468, stack(0x0000000016a20000,0x0000000016b20000)]
  0x0000000016651000 JavaThread "pool-2-thread-1" [_thread_blocked, id=11320, stack(0x0000000016920000,0x0000000016a20000)]
  0x0000000016650000 JavaThread "pool-1-thread-1" [_thread_in_Java, id=11952, stack(0x0000000016820000,0x0000000016920000)]
  0x0000000014a15800 JavaThread "Service Thread" daemon [_thread_blocked, id=11256, stack(0x0000000016220000,0x0000000016320000)]
  0x0000000014a11800 JavaThread "C1 CompilerThread2" daemon [_thread_blocked, id=12380, stack(0x0000000016120000,0x0000000016220000)]
  0x0000000014a06800 JavaThread "C2 CompilerThread1" daemon [_thread_in_native, id=11480, stack(0x0000000016020000,0x0000000016120000)]
=>0x00000000149c9800 JavaThread "C2 CompilerThread0" daemon [_thread_in_native, id=13064, stack(0x0000000015f20000,0x0000000016020000)]
  0x00000000149c7800 JavaThread "Attach Listener" daemon [_thread_blocked, id=12624, stack(0x0000000015e20000,0x0000000015f20000)]
  0x00000000149c6000 JavaThread "Signal Dispatcher" daemon [_thread_blocked, id=12884, stack(0x0000000015d20000,0x0000000015e20000)]
  0x00000000022df000 JavaThread "Finalizer" daemon [_thread_blocked, id=12760, stack(0x0000000015c20000,0x0000000015d20000)]
  0x00000000022dc000 JavaThread "Reference Handler" daemon [_thread_blocked, id=12260, stack(0x0000000015b20000,0x0000000015c20000)]
  0x000000000080d800 JavaThread "main" [_thread_in_Java, id=10528, stack(0x0000000002090000,0x0000000002190000)]

Other Threads:
  0x0000000014986000 VMThread [stack: 0x0000000015a20000,0x0000000015b20000] [id=5972]
  0x0000000014a18800 WatcherThread [stack: 0x0000000016320000,0x0000000016420000] [id=13200]

VM state:not at safepoint (normal execution)

VM Mutex/Monitor currently owned by a thread: None

Heap:
 PSYoungGen      total 38400K, used 24989K [0x00000000eab00000, 0x00000000ed580000, 0x0000000100000000)
  eden space 33280K, 75% used [0x00000000eab00000,0x00000000ec367438,0x00000000ecb80000)
  from space 5120K, 0% used [0x00000000ed080000,0x00000000ed080000,0x00000000ed580000)
  to   space 5120K, 0% used [0x00000000ecb80000,0x00000000ecb80000,0x00000000ed080000)
 ParOldGen       total 87552K, used 0K [0x00000000c0000000, 0x00000000c5580000, 0x00000000eab00000)
  object space 87552K, 0% used [0x00000000c0000000,0x00000000c0000000,0x00000000c5580000)
 Metaspace       used 5834K, capacity 6832K, committed 7040K, reserved 1056768K
  class space    used 589K, capacity 616K, committed 640K, reserved 1048576K

Card table byte_map: [0x00000000116b0000,0x00000000118c0000] byte_map_base: 0x00000000110b0000

Marking Bits: (ParMarkBitMap*) 0x00000000528eb460
 Begin Bits: [0x0000000011e20000, 0x0000000012e20000)
 End Bits:   [0x0000000012e20000, 0x0000000013e20000)

Polling page: 0x00000000001f0000

CodeCache: size=245760Kb used=3956Kb max_used=3956Kb free=241803Kb
 bounds [0x00000000022f0000, 0x00000000026d0000, 0x00000000112f0000]
 total_blobs=1244 nmethods=979 adapters=178
 compilation: disabled (not enough contiguous free space left)

Compilation events (10 events):
Event: 3.765 Thread 0x0000000014a11800 nmethod 949 0x00000000026ae910 code [0x00000000026aeac0, 0x00000000026af028]
Event: 3.765 Thread 0x0000000014a11800  944       3       com.android.dx.ssa.SsaRenamer::access$500 (6 bytes)
Event: 3.765 Thread 0x0000000014a06800 nmethod 953 0x00000000026adf50 code [0x00000000026ae0c0, 0x00000000026ae3a8]
Event: 3.765 Thread 0x0000000014a06800  957       4       java.util.Collections$UnmodifiableCollection$1::hasNext (10 bytes)
Event: 3.765 Thread 0x0000000014a11800 nmethod 944 0x00000000026a6d50 code [0x00000000026a6f00, 0x00000000026a7478]
Event: 3.765 Thread 0x0000000014a11800  945       3       com.android.dx.ssa.SsaRenamer::access$600 (6 bytes)
Event: 3.766 Thread 0x0000000014a11800 nmethod 945 0x00000000026a6790 code [0x00000000026a6900, 0x00000000026a6c28]
Event: 3.766 Thread 0x0000000014a11800  946       3       com.android.dx.ssa.SsaRenamer::equalsHandlesNulls (23 bytes)
Event: 3.766 Thread 0x0000000014a11800 nmethod 946 0x00000000026ad9d0 code [0x00000000026adb40, 0x00000000026ade08]
Event: 3.766 Thread 0x0000000014a11800  947       3       com.android.dx.ssa.SsaRenamer::getLocalForNewReg (25 bytes)

GC Heap History (0 events):
No events

Deoptimization events (2 events):
Event: 3.045 Thread 0x000000001667e000 Uncommon trap: reason=class_check action=maybe_recompile pc=0x00000000025589f0 method=com.android.dx.ssa.NormalSsaInsn.accept(Lcom/android/dx/ssa/SsaInsn$Visitor;)V @ 9
Event: 3.075 Thread 0x000000001667e000 Uncommon trap: reason=class_check action=maybe_recompile pc=0x00000000025589f0 method=com.android.dx.ssa.NormalSsaInsn.accept(Lcom/android/dx/ssa/SsaInsn$Visitor;)V @ 9

Internal exceptions (10 events):
Event: 2.963 Thread 0x0000000016667000 Exception <a 'java/security/PrivilegedActionException'> (0x00000000eb741f00) thrown at [D:\re\workspace\8-2-build-windows-amd64-cygwin\jdk8u20\1074\hotspot\src\share\vm\prims\jvm.cpp, line 1275]
Event: 2.964 Thread 0x0000000016650000 Exception <a 'java/security/PrivilegedActionException'> (0x00000000eb421568) thrown at [D:\re\workspace\8-2-build-windows-amd64-cygwin\jdk8u20\1074\hotspot\src\share\vm\prims\jvm.cpp, line 1275]
Event: 2.981 Thread 0x0000000016667000 Exception <a 'java/security/PrivilegedActionException'> (0x00000000ebb04240) thrown at [D:\re\workspace\8-2-build-windows-amd64-cygwin\jdk8u20\1074\hotspot\src\share\vm\prims\jvm.cpp, line 1275]
Event: 3.051 Thread 0x000000001667e000 Exception <a 'java/security/PrivilegedActionException'> (0x00000000eb5f7d60) thrown at [D:\re\workspace\8-2-build-windows-amd64-cygwin\jdk8u20\1074\hotspot\src\share\vm\prims\jvm.cpp, line 1275]
Event: 3.077 Thread 0x000000001667e000 Exception <a 'java/security/PrivilegedActionException'> (0x00000000ebbb91f8) thrown at [D:\re\workspace\8-2-build-windows-amd64-cygwin\jdk8u20\1074\hotspot\src\share\vm\prims\jvm.cpp, line 1275]
Event: 3.246 Thread 0x000000000080d800 Exception <a 'java/security/PrivilegedActionException'> (0x00000000eb974e50) thrown at [D:\re\workspace\8-2-build-windows-amd64-cygwin\jdk8u20\1074\hotspot\src\share\vm\prims\jvm.cpp, line 1275]
Event: 3.524 Thread 0x0000000016667000 Exception <a 'java/security/PrivilegedActionException'> (0x00000000ebdcba98) thrown at [D:\re\workspace\8-2-build-windows-amd64-cygwin\jdk8u20\1074\hotspot\src\share\vm\prims\jvm.cpp, line 1275]
Event: 3.525 Thread 0x0000000016667000 Exception <a 'java/security/PrivilegedActionException'> (0x00000000ebdd1488) thrown at [D:\re\workspace\8-2-build-windows-amd64-cygwin\jdk8u20\1074\hotspot\src\share\vm\prims\jvm.cpp, line 1275]
Event: 3.526 Thread 0x0000000016667000 Exception <a 'java/security/PrivilegedActionException'> (0x00000000ebdd6bf8) thrown at [D:\re\workspace\8-2-build-windows-amd64-cygwin\jdk8u20\1074\hotspot\src\share\vm\prims\jvm.cpp, line 1275]
Event: 3.545 Thread 0x0000000016650000 Exception <a 'java/security/PrivilegedActionException'> (0x00000000ebebf8f0) thrown at [D:\re\workspace\8-2-build-windows-amd64-cygwin\jdk8u20\1074\hotspot\src\share\vm\prims\jvm.cpp, line 1275]

Events (10 events):
Event: 3.524 loading class com/android/dx/dex/file/ParameterAnnotationStruct
Event: 3.524 loading class com/android/dx/dex/file/ParameterAnnotationStruct done
Event: 3.525 loading class com/android/dx/dex/file/UniformListItem
Event: 3.525 loading class com/android/dx/dex/file/UniformListItem done
Event: 3.526 loading class com/android/dx/dex/file/AnnotationSetRefItem
Event: 3.526 loading class com/android/dx/dex/file/AnnotationSetRefItem done
Event: 3.545 loading class com/android/dx/dex/file/MethodAnnotationStruct
Event: 3.545 loading class com/android/dx/dex/file/MethodAnnotationStruct done
Event: 3.557 loading class java/util/DualPivotQuicksort
Event: 3.557 loading class java/util/DualPivotQuicksort done


Dynamic libraries:
0x00007ff7c4550000 - 0x00007ff7c4584000 	C:\Program Files\Java\jdk1.8.0_20\bin\java.exe
0x00007ffc310a0000 - 0x00007ffc31261000 	C:\WINDOWS\SYSTEM32\ntdll.dll
0x00007ffc2e4c0000 - 0x00007ffc2e56d000 	C:\WINDOWS\system32\KERNEL32.DLL
0x00007ffc2d840000 - 0x00007ffc2da28000 	C:\WINDOWS\system32\KERNELBASE.dll
0x00007ffc2f2c0000 - 0x00007ffc2f367000 	C:\WINDOWS\system32\ADVAPI32.dll
0x00007ffc2f560000 - 0x00007ffc2f5fd000 	C:\WINDOWS\system32\msvcrt.dll
0x00007ffc2f370000 - 0x00007ffc2f3cb000 	C:\WINDOWS\system32\sechost.dll
0x00007ffc2fa00000 - 0x00007ffc2fb1c000 	C:\WINDOWS\system32\RPCRT4.dll
0x00007ffc2f000000 - 0x00007ffc2f156000 	C:\WINDOWS\system32\USER32.dll
0x00007ffc2f3d0000 - 0x00007ffc2f556000 	C:\WINDOWS\system32\GDI32.dll
0x00007ffc20eb0000 - 0x00007ffc21124000 	C:\WINDOWS\WinSxS\amd64_microsoft.windows.common-controls_6595b64144ccf1df_6.0.10586.0_none_8c15ae12515e1c22\COMCTL32.dll
0x00007ffc2e6b0000 - 0x00007ffc2e92d000 	C:\WINDOWS\system32\combase.dll
0x00007ffc2e080000 - 0x00007ffc2e0ea000 	C:\WINDOWS\system32\bcryptPrimitives.dll
0x00007ffc2e480000 - 0x00007ffc2e4bb000 	C:\WINDOWS\system32\IMM32.DLL
0x0000000052970000 - 0x0000000052a42000 	C:\Program Files\Java\jdk1.8.0_20\jre\bin\msvcr100.dll
0x0000000052110000 - 0x0000000052968000 	C:\Program Files\Java\jdk1.8.0_20\jre\bin\server\jvm.dll
0x00007ffc2f600000 - 0x00007ffc2f608000 	C:\WINDOWS\system32\PSAPI.DLL
0x00007ffc22330000 - 0x00007ffc22339000 	C:\WINDOWS\SYSTEM32\WSOCK32.dll
0x00007ffc2ef90000 - 0x00007ffc2effb000 	C:\WINDOWS\system32\WS2_32.dll
0x00007ffc2bda0000 - 0x00007ffc2bdc3000 	C:\WINDOWS\SYSTEM32\WINMM.dll
0x00007ffc2bd70000 - 0x00007ffc2bd9c000 	C:\WINDOWS\SYSTEM32\WINMMBASE.dll
0x00007ffc2d730000 - 0x00007ffc2d773000 	C:\WINDOWS\system32\cfgmgr32.dll
0x0000000052100000 - 0x000000005210f000 	C:\Program Files\Java\jdk1.8.0_20\jre\bin\verify.dll
0x00000000520d0000 - 0x00000000520f8000 	C:\Program Files\Java\jdk1.8.0_20\jre\bin\java.dll
0x00000000520b0000 - 0x00000000520c6000 	C:\Program Files\Java\jdk1.8.0_20\jre\bin\zip.dll
0x00007ffc2fb40000 - 0x00007ffc3109c000 	C:\WINDOWS\system32\SHELL32.dll
0x00007ffc2da30000 - 0x00007ffc2e075000 	C:\WINDOWS\system32\windows.storage.dll
0x00007ffc2e570000 - 0x00007ffc2e5c2000 	C:\WINDOWS\system32\shlwapi.dll
0x00007ffc2d6d0000 - 0x00007ffc2d6df000 	C:\WINDOWS\system32\kernel.appcore.dll
0x00007ffc2d780000 - 0x00007ffc2d835000 	C:\WINDOWS\system32\shcore.dll
0x00007ffc2d6e0000 - 0x00007ffc2d72b000 	C:\WINDOWS\system32\powrprof.dll
0x00007ffc2d6a0000 - 0x00007ffc2d6b4000 	C:\WINDOWS\system32\profapi.dll
0x00007ffc21900000 - 0x00007ffc21a8c000 	C:\WINDOWS\SYSTEM32\dbghelp.dll

VM Arguments:
jvm_args: -Djava.awt.headless=true -Xmx1024M -Dfile.encoding=windows-1252 -Duser.country=US -Duser.language=en -Duser.variant 
java_command: com.android.dx.command.Main --dex --num-threads=4 --output C:\Users\admin\Documents\GitHub\SD_Prime\SoftwareDesign\FindMeTutor\FindMeTutor\tutor_app\build\intermediates\pre-dexed\debug\com.android.support-design-24.2.0_86e32a60071a9e17189c31184ae3f44dd41f07ab.jar C:\Users\admin\Documents\GitHub\SD_Prime\SoftwareDesign\FindMeTutor\FindMeTutor\tutor_app\build\intermediates\exploded-aar\com.android.support\design\24.2.0\jars\classes.jar
java_class_path (initial): C:\Users\admin\AppData\Local\Android\sdk\build-tools\24.0.1\lib\dx.jar
Launcher Type: SUN_STANDARD

Environment Variables:
PATH=C:\ProgramData\Oracle\Java\javapath;C:\Program Files (x86)\Intel\iCLS Client\;C:\Program Files\Intel\iCLS Client\;C:\WINDOWS\system32;C:\WINDOWS;C:\WINDOWS\System32\Wbem;C:\WINDOWS\System32\WindowsPowerShell\v1.0\;C:\Program Files\Intel\Intel(R) Management Engine Components\DAL;C:\Program Files\Intel\Intel(R) Management Engine Components\IPT;C:\Program Files (x86)\Intel\Intel(R) Management Engine Components\DAL;C:\Program Files (x86)\Intel\Intel(R) Management Engine Components\IPT;C:\Program Files\WIDCOMM\Bluetooth Software\;C:\Program Files\WIDCOMM\Bluetooth Software\syswow64;C:\Program Files (x86)\Intel\OpenCL SDK\2.0\bin\x86;C:\Program Files (x86)\Intel\OpenCL SDK\2.0\bin\x64;C:\Program Files\Intel\WiFi\bin\;C:\Program Files\Common Files\Intel\WirelessCommon\;c:\Program Files (x86)\Microsoft SQL Server\100\Tools\Binn\;c:\Program Files\Microsoft SQL Server\100\Tools\Binn\;c:\Program Files\Microsoft SQL Server\100\DTS\Binn\;C:\Program Files (x86)\MySQL\MySQL Fabric 1.5.4 & MySQL Utilities 1.5.4 1.5\;C:\Program Files (x86)\MySQL\MySQL Fabric 1.5.4 & MySQL Utilities 1.5.4 1.5\Doctrine extensions for PHP\;C:\Program Files (x86)\Borland\Delphi7\Bin;C:\Program Files (x86)\Borland\Delphi7\Projects\Bpl;C:\Program Files (x86)\Borland\Delphi7\Rave5;C:\Program Files\Git\cmd;C:\Program Files\Intel\WiFi\bin\;C:\Program Files\Common Files\Intel\WirelessCommon\
USERNAME=admin
OS=Windows_NT
PROCESSOR_IDENTIFIER=Intel64 Family 6 Model 58 Stepping 9, GenuineIntel



---------------  S Y S T E M  ---------------

OS: Windows 8.1 , 64 bit Build 9600 

CPU:total 4 (2 cores per cpu, 2 threads per core) family 6 model 58 stepping 9, cmov, cx8, fxsr, mmx, sse, sse2, sse3, ssse3, sse4.1, sse4.2, popcnt, avx, aes, clmul, erms, ht, tsc, tscinvbit, tscinv

Memory: 4k page, physical 8258576k(2332776k free), swap 10306576k(3572k free)

vm_info: Java HotSpot(TM) 64-Bit Server VM (25.20-b23) for windows-amd64 JRE (1.8.0_20-b26), built on Jul 30 2014 13:51:23 by "java_re" with MS VC++ 10.0 (VS2010)

time: Thu Sep 08 00:29:29 2016
elapsed time: 3 seconds (0d 0h 0m 3s)

