#
# There is insufficient memory for the Java Runtime Environment to continue.
# Native memory allocation (malloc) failed to allocate 1038544 bytes for Chunk::new
# Possible reasons:
#   The system is out of physical RAM or swap space
#   In 32 bit mode, the process size limit was hit
# Possible solutions:
#   Reduce memory load on the system
#   Increase physical memory or swap space
#   Check if swap backing store is full
#   Use 64 bit Java on a 64 bit OS
#   Decrease Java heap size (-Xmx/-Xms)
#   Decrease number of Java threads
#   Decrease Java thread stack sizes (-Xss)
#   Set larger code cache with -XX:ReservedCodeCacheSize=
# This output file may be truncated or incomplete.
#
#  Out of Memory Error (allocation.cpp:390), pid=6124, tid=5480
#
# JRE version: Java(TM) SE Runtime Environment (8.0_20-b26) (build 1.8.0_20-b26)
# Java VM: Java HotSpot(TM) 64-Bit Server VM (25.20-b23 mixed mode windows-amd64 compressed oops)
# Failed to write core dump. Minidumps are not enabled by default on client versions of Windows
#

---------------  T H R E A D  ---------------

Current thread (0x0000000014d09800):  JavaThread "C2 CompilerThread0" daemon [_thread_in_native, id=5480, stack(0x0000000016250000,0x0000000016350000)]

Stack: [0x0000000016250000,0x0000000016350000]
Native frames: (J=compiled Java code, j=interpreted, Vv=VM code, C=native code)
V  [jvm.dll+0x3152fa]
V  [jvm.dll+0x265d03]
V  [jvm.dll+0x266943]
V  [jvm.dll+0x25e265]
V  [jvm.dll+0xbe255]
V  [jvm.dll+0xbe6fc]
V  [jvm.dll+0x449d02]
V  [jvm.dll+0x4bf4f5]
V  [jvm.dll+0x4c012f]
V  [jvm.dll+0x44fef1]
V  [jvm.dll+0x4526c8]
V  [jvm.dll+0x435fc2]
V  [jvm.dll+0x97b62]
V  [jvm.dll+0x98353]
V  [jvm.dll+0x22aac4]
V  [jvm.dll+0x283f5a]
C  [msvcr100.dll+0x21d9f]
C  [msvcr100.dll+0x21e3b]
C  [KERNEL32.DLL+0x18102]
C  [ntdll.dll+0x5c5b4]


Current CompileTask:
C2:   3725 1788       4       com.android.dx.ssa.SCCP::simulateBlock (54 bytes)


---------------  P R O C E S S  ---------------

Java Threads: ( => current thread )
  0x0000000016984000 JavaThread "pool-2-thread-4" [_thread_blocked, id=12868, stack(0x0000000017750000,0x0000000017850000)]
  0x0000000016983800 JavaThread "pool-2-thread-3" [_thread_in_Java, id=6612, stack(0x0000000017650000,0x0000000017750000)]
  0x0000000016a3c800 JavaThread "pool-2-thread-2" [_thread_blocked, id=13612, stack(0x0000000017550000,0x0000000017650000)]
  0x0000000016ad6000 JavaThread "pool-3-thread-1" [_thread_blocked, id=12964, stack(0x0000000017450000,0x0000000017550000)]
  0x0000000016a5f000 JavaThread "pool-2-thread-1" [_thread_blocked, id=10304, stack(0x0000000017350000,0x0000000017450000)]
  0x0000000014d5b800 JavaThread "Service Thread" daemon [_thread_blocked, id=2456, stack(0x0000000016550000,0x0000000016650000)]
  0x0000000014d54000 JavaThread "C1 CompilerThread2" daemon [_thread_in_vm, id=9624, stack(0x0000000016450000,0x0000000016550000)]
  0x0000000014cfa000 JavaThread "C2 CompilerThread1" daemon [_thread_in_native, id=5792, stack(0x0000000016350000,0x0000000016450000)]
=>0x0000000014d09800 JavaThread "C2 CompilerThread0" daemon [_thread_in_native, id=5480, stack(0x0000000016250000,0x0000000016350000)]
  0x0000000014d07800 JavaThread "Attach Listener" daemon [_thread_blocked, id=7660, stack(0x0000000016150000,0x0000000016250000)]
  0x0000000014d06000 JavaThread "Signal Dispatcher" daemon [_thread_blocked, id=12640, stack(0x0000000016050000,0x0000000016150000)]
  0x000000000261f000 JavaThread "Finalizer" daemon [_thread_blocked, id=11568, stack(0x0000000015f50000,0x0000000016050000)]
  0x000000000261c000 JavaThread "Reference Handler" daemon [_thread_blocked, id=5316, stack(0x0000000015e50000,0x0000000015f50000)]
  0x0000000000aed800 JavaThread "main" [_thread_in_vm, id=6108, stack(0x0000000002270000,0x0000000002370000)]

Other Threads:
  0x0000000014cc6000 VMThread [stack: 0x0000000015d50000,0x0000000015e50000] [id=13360]
  0x0000000014d5e000 WatcherThread [stack: 0x0000000016650000,0x0000000016750000] [id=13904]

VM state:not at safepoint (normal execution)

VM Mutex/Monitor currently owned by a thread: None

Heap:
 PSYoungGen      total 71680K, used 66273K [0x00000000eab00000, 0x00000000ef600000, 0x0000000100000000)
  eden space 66560K, 91% used [0x00000000eab00000,0x00000000ee6beb78,0x00000000eec00000)
  from space 5120K, 99% used [0x00000000ef100000,0x00000000ef5f9c78,0x00000000ef600000)
  to   space 5120K, 0% used [0x00000000eec00000,0x00000000eec00000,0x00000000ef100000)
 ParOldGen       total 87552K, used 4337K [0x00000000c0000000, 0x00000000c5580000, 0x00000000eab00000)
  object space 87552K, 4% used [0x00000000c0000000,0x00000000c043c6d0,0x00000000c5580000)
 Metaspace       used 6312K, capacity 7152K, committed 7296K, reserved 1056768K
  class space    used 592K, capacity 616K, committed 640K, reserved 1048576K

Card table byte_map: [0x00000000119f0000,0x0000000011c00000] byte_map_base: 0x00000000113f0000

Marking Bits: (ParMarkBitMap*) 0x000000006451b460
 Begin Bits: [0x0000000012160000, 0x0000000013160000)
 End Bits:   [0x0000000013160000, 0x0000000014160000)

Polling page: 0x0000000000a60000

CodeCache: size=245760Kb used=7362Kb max_used=7362Kb free=238397Kb
 bounds [0x0000000002630000, 0x0000000002d70000, 0x0000000011630000]
 total_blobs=2082 nmethods=1816 adapters=179
 compilation: enabled

Compilation events (10 events):
Event: 3.591 Thread 0x0000000014d54000 1815       2       com.android.dx.ssa.PhiInsn::updateSourcesToDefinitions (68 bytes)
Event: 3.592 Thread 0x0000000014d54000 nmethod 1815 0x0000000002d38550 code [0x0000000002d38700, 0x0000000002d38ab8]
Event: 3.592 Thread 0x0000000014d54000 1816       2       com.android.dx.ssa.PhiInsn::changeResultType (17 bytes)
Event: 3.593 Thread 0x0000000014d54000 nmethod 1816 0x0000000002d5f010 code [0x0000000002d5f180, 0x0000000002d5f3b8]
Event: 3.610 Thread 0x0000000014d54000 1819       2       java.util.TreeMap$EntrySet::iterator (19 bytes)
Event: 3.611 Thread 0x0000000014d54000 nmethod 1819 0x0000000002d5f510 code [0x0000000002d5f680, 0x0000000002d5f8f0]
Event: 3.612 Thread 0x0000000014d54000 1820       2       java.util.ArrayList$SubList::get (23 bytes)
Event: 3.612 Thread 0x0000000014d54000 nmethod 1820 0x0000000002d5fa50 code [0x0000000002d5fbe0, 0x0000000002d5fea8]
Event: 3.614 Thread 0x0000000014d54000 1821       2       java.lang.Integer::bitCount (49 bytes)
Event: 3.615 Thread 0x0000000014d54000 nmethod 1821 0x0000000002d60150 code [0x0000000002d602a0, 0x0000000002d60410]

GC Heap History (4 events):
Event: 2.192 GC heap before
{Heap before GC invocations=1 (full 0):
 PSYoungGen      total 38400K, used 33280K [0x00000000eab00000, 0x00000000ed580000, 0x0000000100000000)
  eden space 33280K, 100% used [0x00000000eab00000,0x00000000ecb80000,0x00000000ecb80000)
  from space 5120K, 0% used [0x00000000ed080000,0x00000000ed080000,0x00000000ed580000)
  to   space 5120K, 0% used [0x00000000ecb80000,0x00000000ecb80000,0x00000000ed080000)
 ParOldGen       total 87552K, used 0K [0x00000000c0000000, 0x00000000c5580000, 0x00000000eab00000)
  object space 87552K, 0% used [0x00000000c0000000,0x00000000c0000000,0x00000000c5580000)
 Metaspace       used 6019K, capacity 6960K, committed 7040K, reserved 1056768K
  class space    used 592K, capacity 616K, committed 640K, reserved 1048576K
Event: 2.241 GC heap after
Heap after GC invocations=1 (full 0):
 PSYoungGen      total 38400K, used 5091K [0x00000000eab00000, 0x00000000ef600000, 0x0000000100000000)
  eden space 33280K, 0% used [0x00000000eab00000,0x00000000eab00000,0x00000000ecb80000)
  from space 5120K, 99% used [0x00000000ecb80000,0x00000000ed078e98,0x00000000ed080000)
  to   space 5120K, 0% used [0x00000000ef100000,0x00000000ef100000,0x00000000ef600000)
 ParOldGen       total 87552K, used 645K [0x00000000c0000000, 0x00000000c5580000, 0x00000000eab00000)
  object space 87552K, 0% used [0x00000000c0000000,0x00000000c00a1488,0x00000000c5580000)
 Metaspace       used 6019K, capacity 6960K, committed 7040K, reserved 1056768K
  class space    used 592K, capacity 616K, committed 640K, reserved 1048576K
}
Event: 2.810 GC heap before
{Heap before GC invocations=2 (full 0):
 PSYoungGen      total 38400K, used 38371K [0x00000000eab00000, 0x00000000ef600000, 0x0000000100000000)
  eden space 33280K, 100% used [0x00000000eab00000,0x00000000ecb80000,0x00000000ecb80000)
  from space 5120K, 99% used [0x00000000ecb80000,0x00000000ed078e98,0x00000000ed080000)
  to   space 5120K, 0% used [0x00000000ef100000,0x00000000ef100000,0x00000000ef600000)
 ParOldGen       total 87552K, used 645K [0x00000000c0000000, 0x00000000c5580000, 0x00000000eab00000)
  object space 87552K, 0% used [0x00000000c0000000,0x00000000c00a1488,0x00000000c5580000)
 Metaspace       used 6212K, capacity 7088K, committed 7296K, reserved 1056768K
  class space    used 592K, capacity 616K, committed 640K, reserved 1048576K
Event: 2.867 GC heap after
Heap after GC invocations=2 (full 0):
 PSYoungGen      total 71680K, used 5095K [0x00000000eab00000, 0x00000000ef600000, 0x0000000100000000)
  eden space 66560K, 0% used [0x00000000eab00000,0x00000000eab00000,0x00000000eec00000)
  from space 5120K, 99% used [0x00000000ef100000,0x00000000ef5f9c78,0x00000000ef600000)
  to   space 5120K, 0% used [0x00000000eec00000,0x00000000eec00000,0x00000000ef100000)
 ParOldGen       total 87552K, used 4337K [0x00000000c0000000, 0x00000000c5580000, 0x00000000eab00000)
  object space 87552K, 4% used [0x00000000c0000000,0x00000000c043c6d0,0x00000000c5580000)
 Metaspace       used 6212K, capacity 7088K, committed 7296K, reserved 1056768K
  class space    used 592K, capacity 616K, committed 640K, reserved 1048576K
}

Deoptimization events (10 events):
Event: 3.487 Thread 0x0000000000aed800 Uncommon trap: reason=bimorphic action=maybe_recompile pc=0x0000000002d2dad4 method=com.android.dx.rop.code.RegisterSpec.withSimpleType()Lcom/android/dx/rop/code/RegisterSpec; @ 21
Event: 3.497 Thread 0x0000000016983800 Uncommon trap: reason=bimorphic action=maybe_recompile pc=0x0000000002cf2708 method=com.android.dx.ssa.LiteralOpUpgrader.tryReplacingWithConstant(Lcom/android/dx/ssa/NormalSsaInsn;)Z @ 62
Event: 3.497 Thread 0x0000000016983800 Uncommon trap: reason=bimorphic action=maybe_recompile pc=0x0000000002b19d18 method=java.util.HashMap.putVal(ILjava/lang/Object;Ljava/lang/Object;ZZ)Ljava/lang/Object; @ 91
Event: 3.497 Thread 0x0000000016983800 Uncommon trap: reason=bimorphic action=maybe_recompile pc=0x0000000002b19d18 method=java.util.HashMap.putVal(ILjava/lang/Object;Ljava/lang/Object;ZZ)Ljava/lang/Object; @ 91
Event: 3.497 Thread 0x0000000016983800 Uncommon trap: reason=bimorphic action=maybe_recompile pc=0x0000000002b19d18 method=java.util.HashMap.putVal(ILjava/lang/Object;Ljava/lang/Object;ZZ)Ljava/lang/Object; @ 91
Event: 3.497 Thread 0x0000000016983800 Uncommon trap: reason=bimorphic action=maybe_recompile pc=0x0000000002b19d18 method=java.util.HashMap.putVal(ILjava/lang/Object;Ljava/lang/Object;ZZ)Ljava/lang/Object; @ 91
Event: 3.540 Thread 0x0000000016984000 Uncommon trap: reason=bimorphic action=maybe_recompile pc=0x0000000002a437b0 method=java.util.HashMap.getNode(ILjava/lang/Object;)Ljava/util/HashMap$Node; @ 126
Event: 3.554 Thread 0x0000000016984000 Uncommon trap: reason=bimorphic action=maybe_recompile pc=0x0000000002a437b0 method=java.util.HashMap.getNode(ILjava/lang/Object;)Ljava/util/HashMap$Node; @ 126
Event: 3.613 Thread 0x0000000016983800 Uncommon trap: reason=bimorphic action=maybe_recompile pc=0x0000000002cf2708 method=com.android.dx.ssa.LiteralOpUpgrader.tryReplacingWithConstant(Lcom/android/dx/ssa/NormalSsaInsn;)Z @ 62
Event: 3.615 Thread 0x0000000000aed800 Uncommon trap: reason=bimorphic action=maybe_recompile pc=0x0000000002d2dad4 method=com.android.dx.rop.code.RegisterSpec.withSimpleType()Lcom/android/dx/rop/code/RegisterSpec; @ 21

Internal exceptions (10 events):
Event: 1.667 Thread 0x0000000016984000 Exception <a 'java/security/PrivilegedActionException'> (0x00000000ebbd4350) thrown at [D:\re\workspace\8-2-build-windows-amd64-cygwin\jdk8u20\1074\hotspot\src\share\vm\prims\jvm.cpp, line 1275]
Event: 1.669 Thread 0x0000000016984000 Exception <a 'java/security/PrivilegedActionException'> (0x00000000ebbd9d40) thrown at [D:\re\workspace\8-2-build-windows-amd64-cygwin\jdk8u20\1074\hotspot\src\share\vm\prims\jvm.cpp, line 1275]
Event: 1.669 Thread 0x0000000016984000 Exception <a 'java/security/PrivilegedActionException'> (0x00000000ebbdf3f0) thrown at [D:\re\workspace\8-2-build-windows-amd64-cygwin\jdk8u20\1074\hotspot\src\share\vm\prims\jvm.cpp, line 1275]
Event: 1.671 Thread 0x0000000000aed800 Exception <a 'java/security/PrivilegedActionException'> (0x00000000ebe47180) thrown at [D:\re\workspace\8-2-build-windows-amd64-cygwin\jdk8u20\1074\hotspot\src\share\vm\prims\jvm.cpp, line 1275]
Event: 1.789 Thread 0x0000000000aed800 Exception <a 'java/security/PrivilegedActionException'> (0x00000000ec0ce430) thrown at [D:\re\workspace\8-2-build-windows-amd64-cygwin\jdk8u20\1074\hotspot\src\share\vm\prims\jvm.cpp, line 1275]
Event: 1.943 Thread 0x0000000016a5f000 Exception <a 'java/security/PrivilegedActionException'> (0x00000000ec5689f0) thrown at [D:\re\workspace\8-2-build-windows-amd64-cygwin\jdk8u20\1074\hotspot\src\share\vm\prims\jvm.cpp, line 1275]
Event: 2.121 Thread 0x0000000016a3c800 Exception <a 'java/security/PrivilegedActionException'> (0x00000000ec50c6d8) thrown at [D:\re\workspace\8-2-build-windows-amd64-cygwin\jdk8u20\1074\hotspot\src\share\vm\prims\jvm.cpp, line 1275]
Event: 2.526 Thread 0x0000000016a5f000 Implicit null exception at 0x0000000002a2fa2d to 0x0000000002a30ee5
Event: 2.527 Thread 0x0000000016a5f000 Implicit null exception at 0x0000000002a4c4a5 to 0x0000000002a4e6dd
Event: 2.665 Thread 0x0000000016a5f000 Implicit null exception at 0x0000000002c73a5a to 0x0000000002c73b4f

Events (10 events):
Event: 3.540 Thread 0x0000000016984000 DEOPT UNPACKING pc=0x000000000267556a sp=0x000000001784e128 mode 2
Event: 3.554 Thread 0x0000000016984000 Uncommon trap: trap_request=0xffffffc6 fr.pc=0x0000000002a437b0
Event: 3.554 Thread 0x0000000016984000 DEOPT PACKING pc=0x0000000002a437b0 sp=0x000000001784e210
Event: 3.554 Thread 0x0000000016984000 DEOPT UNPACKING pc=0x000000000267556a sp=0x000000001784e128 mode 2
Event: 3.613 Thread 0x0000000016983800 Uncommon trap: trap_request=0xffffffc6 fr.pc=0x0000000002cf2708
Event: 3.613 Thread 0x0000000016983800 DEOPT PACKING pc=0x0000000002cf2708 sp=0x000000001774e5e0
Event: 3.613 Thread 0x0000000016983800 DEOPT UNPACKING pc=0x000000000267556a sp=0x000000001774e580 mode 2
Event: 3.615 Thread 0x0000000000aed800 Uncommon trap: trap_request=0xffffffc6 fr.pc=0x0000000002d2dad4
Event: 3.615 Thread 0x0000000000aed800 DEOPT PACKING pc=0x0000000002d2dad4 sp=0x000000000236df40
Event: 3.615 Thread 0x0000000000aed800 DEOPT UNPACKING pc=0x000000000267556a sp=0x000000000236de78 mode 2


Dynamic libraries:
0x00007ff79b830000 - 0x00007ff79b864000 	C:\Program Files\Java\jdk1.8.0_20\bin\java.exe
0x00007ffc6b1c0000 - 0x00007ffc6b381000 	C:\WINDOWS\SYSTEM32\ntdll.dll
0x00007ffc68920000 - 0x00007ffc689cd000 	C:\WINDOWS\system32\KERNEL32.DLL
0x00007ffc67a70000 - 0x00007ffc67c58000 	C:\WINDOWS\system32\KERNELBASE.dll
0x00007ffc6b110000 - 0x00007ffc6b1b7000 	C:\WINDOWS\system32\ADVAPI32.dll
0x00007ffc6af30000 - 0x00007ffc6afcd000 	C:\WINDOWS\system32\msvcrt.dll
0x00007ffc6b040000 - 0x00007ffc6b09b000 	C:\WINDOWS\system32\sechost.dll
0x00007ffc689d0000 - 0x00007ffc68aec000 	C:\WINDOWS\system32\RPCRT4.dll
0x00007ffc6ac30000 - 0x00007ffc6ad86000 	C:\WINDOWS\system32\USER32.dll
0x00007ffc6ad90000 - 0x00007ffc6af16000 	C:\WINDOWS\system32\GDI32.dll
0x00007ffc5dcb0000 - 0x00007ffc5df24000 	C:\WINDOWS\WinSxS\amd64_microsoft.windows.common-controls_6595b64144ccf1df_6.0.10586.589_none_a2ddb3caa539acce\COMCTL32.dll
0x00007ffc6a5e0000 - 0x00007ffc6a85d000 	C:\WINDOWS\system32\combase.dll
0x00007ffc67c80000 - 0x00007ffc67cea000 	C:\WINDOWS\system32\bcryptPrimitives.dll
0x00007ffc68770000 - 0x00007ffc687ab000 	C:\WINDOWS\system32\IMM32.DLL
0x00000000645a0000 - 0x0000000064672000 	C:\Program Files\Java\jdk1.8.0_20\jre\bin\msvcr100.dll
0x0000000063d40000 - 0x0000000064598000 	C:\Program Files\Java\jdk1.8.0_20\jre\bin\server\jvm.dll
0x00007ffc6b0a0000 - 0x00007ffc6b0a8000 	C:\WINDOWS\system32\PSAPI.DLL
0x00007ffc5c500000 - 0x00007ffc5c509000 	C:\WINDOWS\SYSTEM32\WSOCK32.dll
0x00007ffc68700000 - 0x00007ffc6876b000 	C:\WINDOWS\system32\WS2_32.dll
0x00007ffc65ad0000 - 0x00007ffc65af3000 	C:\WINDOWS\SYSTEM32\WINMM.dll
0x00007ffc65aa0000 - 0x00007ffc65acc000 	C:\WINDOWS\SYSTEM32\WINMMBASE.dll
0x00007ffc679c0000 - 0x00007ffc67a03000 	C:\WINDOWS\system32\cfgmgr32.dll
0x0000000063d30000 - 0x0000000063d3f000 	C:\Program Files\Java\jdk1.8.0_20\jre\bin\verify.dll
0x0000000063d00000 - 0x0000000063d28000 	C:\Program Files\Java\jdk1.8.0_20\jre\bin\java.dll
0x0000000063ce0000 - 0x0000000063cf6000 	C:\Program Files\Java\jdk1.8.0_20\jre\bin\zip.dll
0x00007ffc68af0000 - 0x00007ffc6a04c000 	C:\WINDOWS\system32\SHELL32.dll
0x00007ffc67f50000 - 0x00007ffc68595000 	C:\WINDOWS\system32\windows.storage.dll
0x00007ffc688c0000 - 0x00007ffc68912000 	C:\WINDOWS\system32\shlwapi.dll
0x00007ffc67830000 - 0x00007ffc6783f000 	C:\WINDOWS\system32\kernel.appcore.dll
0x00007ffc67900000 - 0x00007ffc679b5000 	C:\WINDOWS\system32\shcore.dll
0x00007ffc677c0000 - 0x00007ffc6780b000 	C:\WINDOWS\system32\powrprof.dll
0x00007ffc67810000 - 0x00007ffc67824000 	C:\WINDOWS\system32\profapi.dll
0x00007ffc5c290000 - 0x00007ffc5c41c000 	C:\WINDOWS\SYSTEM32\dbghelp.dll

VM Arguments:
jvm_args: -Djava.awt.headless=true -Xmx1024M -Dfile.encoding=windows-1252 -Duser.country=US -Duser.language=en -Duser.variant 
java_command: com.android.dx.command.Main --dex --force-jumbo --num-threads=4 --multi-dex --output C:\Users\admin\Documents\GitHub\ShaneelSD\SoftwareDesign\FindMeTutor\FindMeTutor\tutor_app\build\intermediates\transforms\dex\debug\folders\1000\10\com.android.support-support-compat-24.2.1_8311e04365453e68ba119eb9a2b0f03372a26432 C:\Users\admin\Documents\GitHub\ShaneelSD\SoftwareDesign\FindMeTutor\FindMeTutor\tutor_app\build\intermediates\exploded-aar\com.android.support\support-compat\24.2.1\jars\classes.jar
java_class_path (initial): C:\Users\admin\AppData\Local\Android\sdk\build-tools\24.0.1\lib\dx.jar
Launcher Type: SUN_STANDARD

Environment Variables:
PATH=C:\ProgramData\Oracle\Java\javapath;C:\Program Files (x86)\Intel\iCLS Client\;C:\Program Files\Intel\iCLS Client\;C:\WINDOWS\system32;C:\WINDOWS;C:\WINDOWS\System32\Wbem;C:\WINDOWS\System32\WindowsPowerShell\v1.0\;C:\Program Files\Intel\Intel(R) Management Engine Components\DAL;C:\Program Files\Intel\Intel(R) Management Engine Components\IPT;C:\Program Files (x86)\Intel\Intel(R) Management Engine Components\DAL;C:\Program Files (x86)\Intel\Intel(R) Management Engine Components\IPT;C:\Program Files\WIDCOMM\Bluetooth Software\;C:\Program Files\WIDCOMM\Bluetooth Software\syswow64;C:\Program Files (x86)\Intel\OpenCL SDK\2.0\bin\x86;C:\Program Files (x86)\Intel\OpenCL SDK\2.0\bin\x64;C:\Program Files\Intel\WiFi\bin\;C:\Program Files\Common Files\Intel\WirelessCommon\;c:\Program Files (x86)\Microsoft SQL Server\100\Tools\Binn\;c:\Program Files\Microsoft SQL Server\100\Tools\Binn\;c:\Program Files\Microsoft SQL Server\100\DTS\Binn\;C:\Program Files (x86)\MySQL\MySQL Fabric 1.5.4 & MySQL Utilities 1.5.4 1.5\;C:\Program Files (x86)\MySQL\MySQL Fabric 1.5.4 & MySQL Utilities 1.5.4 1.5\Doctrine extensions for PHP\;C:\Program Files (x86)\Borland\Delphi7\Bin;C:\Program Files (x86)\Borland\Delphi7\Projects\Bpl;C:\Program Files (x86)\Borland\Delphi7\Rave5;C:\Program Files\Git\cmd;C:\Program Files (x86)\OpenVPN\bin;C:\Program Files\Intel\WiFi\bin\;C:\Program Files\Common Files\Intel\WirelessCommon\
USERNAME=admin
OS=Windows_NT
PROCESSOR_IDENTIFIER=Intel64 Family 6 Model 58 Stepping 9, GenuineIntel



---------------  S Y S T E M  ---------------

OS: Windows 8.1 , 64 bit Build 9600 

CPU:total 4 (2 cores per cpu, 2 threads per core) family 6 model 58 stepping 9, cmov, cx8, fxsr, mmx, sse, sse2, sse3, ssse3, sse4.1, sse4.2, popcnt, avx, aes, clmul, erms, ht, tsc, tscinvbit, tscinv

Memory: 4k page, physical 8258576k(1990612k free), swap 10306576k(4104k free)

vm_info: Java HotSpot(TM) 64-Bit Server VM (25.20-b23) for windows-amd64 JRE (1.8.0_20-b26), built on Jul 30 2014 13:51:23 by "java_re" with MS VC++ 10.0 (VS2010)

time: Fri Oct 28 00:09:22 2016
elapsed time: 3 seconds (0d 0h 0m 3s)

