#
# There is insufficient memory for the Java Runtime Environment to continue.
# Native memory allocation (malloc) failed to allocate 667936 bytes for Chunk::new
# Possible reasons:
#   The system is out of physical RAM or swap space
#   In 32 bit mode, the process size limit was hit
# Possible solutions:
#   Reduce memory load on the system
#   Increase physical memory or swap space
#   Check if swap backing store is full
#   Use 64 bit Java on a 64 bit OS
#   Decrease Java heap size (-Xmx/-Xms)
#   Decrease number of Java threads
#   Decrease Java thread stack sizes (-Xss)
#   Set larger code cache with -XX:ReservedCodeCacheSize=
# This output file may be truncated or incomplete.
#
#  Out of Memory Error (allocation.cpp:390), pid=12296, tid=13744
#
# JRE version: Java(TM) SE Runtime Environment (8.0_20-b26) (build 1.8.0_20-b26)
# Java VM: Java HotSpot(TM) 64-Bit Server VM (25.20-b23 mixed mode windows-amd64 compressed oops)
# Failed to write core dump. Minidumps are not enabled by default on client versions of Windows
#

---------------  T H R E A D  ---------------

Current thread (0x000000001497d800):  JavaThread "C2 CompilerThread0" daemon [_thread_in_native, id=13744, stack(0x0000000015ee0000,0x0000000015fe0000)]

Stack: [0x0000000015ee0000,0x0000000015fe0000]
Native frames: (J=compiled Java code, j=interpreted, Vv=VM code, C=native code)
V  [jvm.dll+0x3152fa]
V  [jvm.dll+0x265d03]
V  [jvm.dll+0x266943]
V  [jvm.dll+0x25e265]
V  [jvm.dll+0xbe255]
V  [jvm.dll+0xbe6fc]
V  [jvm.dll+0x45c472]
V  [jvm.dll+0x49d76f]
V  [jvm.dll+0x451438]
V  [jvm.dll+0x452634]
V  [jvm.dll+0x435fc2]
V  [jvm.dll+0x97b62]
V  [jvm.dll+0x98353]
V  [jvm.dll+0x22aac4]
V  [jvm.dll+0x283f5a]
C  [msvcr100.dll+0x21d9f]
C  [msvcr100.dll+0x21e3b]
C  [KERNEL32.DLL+0x18102]
C  [ntdll.dll+0x5c5b4]


Current CompileTask:
C2:   4149 1348       4       com.android.dx.ssa.LiteralOpUpgrader$1::visitNonMoveInsn (203 bytes)


---------------  P R O C E S S  ---------------

Java Threads: ( => current thread )
  0x0000000016692800 JavaThread "pool-1-thread-4" [_thread_blocked, id=11712, stack(0x00000000173e0000,0x00000000174e0000)]
  0x0000000016667800 JavaThread "pool-1-thread-3" [_thread_in_Java, id=11360, stack(0x00000000172e0000,0x00000000173e0000)]
  0x0000000016666800 JavaThread "pool-1-thread-2" [_thread_blocked, id=11912, stack(0x00000000171e0000,0x00000000172e0000)]
  0x0000000016731800 JavaThread "pool-2-thread-1" [_thread_blocked, id=5884, stack(0x00000000170e0000,0x00000000171e0000)]
  0x0000000016730800 JavaThread "pool-1-thread-1" [_thread_blocked, id=2228, stack(0x0000000016fe0000,0x00000000170e0000)]
  0x00000000149d7800 JavaThread "Service Thread" daemon [_thread_blocked, id=8688, stack(0x00000000161e0000,0x00000000162e0000)]
  0x00000000149d0800 JavaThread "C1 CompilerThread2" daemon [_thread_blocked, id=14244, stack(0x00000000160e0000,0x00000000161e0000)]
  0x0000000014980000 JavaThread "C2 CompilerThread1" daemon [_thread_in_native, id=5140, stack(0x0000000015fe0000,0x00000000160e0000)]
=>0x000000001497d800 JavaThread "C2 CompilerThread0" daemon [_thread_in_native, id=13744, stack(0x0000000015ee0000,0x0000000015fe0000)]
  0x000000001497b800 JavaThread "Attach Listener" daemon [_thread_blocked, id=8720, stack(0x0000000015de0000,0x0000000015ee0000)]
  0x000000001497a000 JavaThread "Signal Dispatcher" daemon [_thread_blocked, id=1380, stack(0x0000000015ce0000,0x0000000015de0000)]
  0x000000000229f000 JavaThread "Finalizer" daemon [_thread_blocked, id=12572, stack(0x0000000015be0000,0x0000000015ce0000)]
  0x0000000014948000 JavaThread "Reference Handler" daemon [_thread_blocked, id=8900, stack(0x0000000015ae0000,0x0000000015be0000)]
  0x0000000001fdd800 JavaThread "main" [_thread_blocked, id=12472, stack(0x00000000020b0000,0x00000000021b0000)]

Other Threads:
  0x0000000014946000 VMThread [stack: 0x00000000159e0000,0x0000000015ae0000] [id=12504]
  0x00000000149da800 WatcherThread [stack: 0x00000000162e0000,0x00000000163e0000] [id=13508]

VM state:not at safepoint (normal execution)

VM Mutex/Monitor currently owned by a thread: None

Heap:
 PSYoungGen      total 38400K, used 12457K [0x00000000eab00000, 0x00000000ed580000, 0x0000000100000000)
  eden space 33280K, 22% used [0x00000000eab00000,0x00000000eb22fc88,0x00000000ecb80000)
  from space 5120K, 99% used [0x00000000ecb80000,0x00000000ed07aab8,0x00000000ed080000)
  to   space 5120K, 0% used [0x00000000ed080000,0x00000000ed080000,0x00000000ed580000)
 ParOldGen       total 87552K, used 1098K [0x00000000c0000000, 0x00000000c5580000, 0x00000000eab00000)
  object space 87552K, 1% used [0x00000000c0000000,0x00000000c0112998,0x00000000c5580000)
 Metaspace       used 5978K, capacity 6960K, committed 7040K, reserved 1056768K
  class space    used 589K, capacity 616K, committed 640K, reserved 1048576K

Card table byte_map: [0x0000000011670000,0x0000000011880000] byte_map_base: 0x0000000011070000

Marking Bits: (ParMarkBitMap*) 0x0000000070fdb460
 Begin Bits: [0x0000000011de0000, 0x0000000012de0000)
 End Bits:   [0x0000000012de0000, 0x0000000013de0000)

Polling page: 0x0000000001f50000

CodeCache: size=245760Kb used=5326Kb max_used=5337Kb free=240433Kb
 bounds [0x00000000022b0000, 0x00000000027f0000, 0x00000000112b0000]
 total_blobs=1618 nmethods=1353 adapters=178
 compilation: disabled (not enough contiguous free space left)

Compilation events (10 events):
Event: 4.073 Thread 0x00000000149d0800 1353       3       com.android.dx.ssa.ConstCollector$2::map (28 bytes)
Event: 4.073 Thread 0x00000000149d0800 nmethod 1353 0x00000000027da850 code [0x00000000027da9c0, 0x00000000027dade8]
Event: 4.073 Thread 0x00000000149d0800 1351       3       java.util.Vector::<init> (49 bytes)
Event: 4.074 Thread 0x00000000149d0800 nmethod 1351 0x00000000027e39d0 code [0x00000000027e3bc0, 0x00000000027e4578]
Event: 4.074 Thread 0x00000000149d0800 1344       3       java.util.HashMap::<init> (8 bytes)
Event: 4.074 Thread 0x00000000149d0800 nmethod 1344 0x00000000027da490 code [0x00000000027da620, 0x00000000027da7a8]
Event: 4.074 Thread 0x00000000149d0800 1345       3       java.util.HashMap::<init> (98 bytes)
Event: 4.075 Thread 0x00000000149d0800 nmethod 1345 0x00000000027e49d0 code [0x00000000027e4c60, 0x00000000027e5de8]
Event: 4.081 Thread 0x000000001497d800 nmethod 1352 0x00000000027e9a10 code [0x00000000027e9be0, 0x00000000027ea440]
Event: 4.082 Thread 0x000000001497d800 1348       4       com.android.dx.ssa.LiteralOpUpgrader$1::visitNonMoveInsn (203 bytes)

GC Heap History (2 events):
Event: 3.759 GC heap before
{Heap before GC invocations=1 (full 0):
 PSYoungGen      total 38400K, used 33280K [0x00000000eab00000, 0x00000000ed580000, 0x0000000100000000)
  eden space 33280K, 100% used [0x00000000eab00000,0x00000000ecb80000,0x00000000ecb80000)
  from space 5120K, 0% used [0x00000000ed080000,0x00000000ed080000,0x00000000ed580000)
  to   space 5120K, 0% used [0x00000000ecb80000,0x00000000ecb80000,0x00000000ed080000)
 ParOldGen       total 87552K, used 0K [0x00000000c0000000, 0x00000000c5580000, 0x00000000eab00000)
  object space 87552K, 0% used [0x00000000c0000000,0x00000000c0000000,0x00000000c5580000)
 Metaspace       used 5926K, capacity 6896K, committed 7040K, reserved 1056768K
  class space    used 588K, capacity 616K, committed 640K, reserved 1048576K
Event: 3.904 GC heap after
Heap after GC invocations=1 (full 0):
 PSYoungGen      total 38400K, used 5098K [0x00000000eab00000, 0x00000000ed580000, 0x0000000100000000)
  eden space 33280K, 0% used [0x00000000eab00000,0x00000000eab00000,0x00000000ecb80000)
  from space 5120K, 99% used [0x00000000ecb80000,0x00000000ed07aab8,0x00000000ed080000)
  to   space 5120K, 0% used [0x00000000ed080000,0x00000000ed080000,0x00000000ed580000)
 ParOldGen       total 87552K, used 1098K [0x00000000c0000000, 0x00000000c5580000, 0x00000000eab00000)
  object space 87552K, 1% used [0x00000000c0000000,0x00000000c0112998,0x00000000c5580000)
 Metaspace       used 5926K, capacity 6896K, committed 7040K, reserved 1056768K
  class space    used 588K, capacity 616K, committed 640K, reserved 1048576K
}

Deoptimization events (10 events):
Event: 2.174 Thread 0x0000000016666800 Uncommon trap: reason=unreached action=reinterpret pc=0x00000000025e41d8 method=java.util.HashMap.putVal(ILjava/lang/Object;Ljava/lang/Object;ZZ)Ljava/lang/Object; @ 193
Event: 2.814 Thread 0x0000000001fdd800 Uncommon trap: reason=unreached action=reinterpret pc=0x000000000261321c method=com.android.dx.rop.cst.Constant.compareTo(Lcom/android/dx/rop/cst/Constant;)I @ 12
Event: 3.125 Thread 0x0000000016692800 Uncommon trap: reason=class_check action=maybe_recompile pc=0x00000000026b2110 method=com.android.dx.rop.type.Type.equals(Ljava/lang/Object;)Z @ 8
Event: 3.125 Thread 0x0000000016692800 Uncommon trap: reason=class_check action=maybe_recompile pc=0x00000000026b2134 method=com.android.dx.rop.type.Type.equals(Ljava/lang/Object;)Z @ 8
Event: 3.125 Thread 0x0000000016692800 Uncommon trap: reason=class_check action=maybe_recompile pc=0x00000000026b2134 method=com.android.dx.rop.type.Type.equals(Ljava/lang/Object;)Z @ 8
Event: 3.125 Thread 0x0000000016692800 Uncommon trap: reason=class_check action=maybe_recompile pc=0x00000000026b2134 method=com.android.dx.rop.type.Type.equals(Ljava/lang/Object;)Z @ 8
Event: 3.125 Thread 0x0000000016692800 Uncommon trap: reason=class_check action=maybe_recompile pc=0x0000000002654dd8 method=com.android.dx.rop.type.Type.equals(Ljava/lang/Object;)Z @ 8
Event: 3.125 Thread 0x0000000016692800 Uncommon trap: reason=class_check action=maybe_recompile pc=0x00000000025b8f2c method=com.android.dx.rop.type.Type.equals(Ljava/lang/Object;)Z @ 8
Event: 3.127 Thread 0x0000000016692800 Uncommon trap: reason=class_check action=maybe_recompile pc=0x000000000267e510 method=com.android.dx.rop.type.Type.equals(Ljava/lang/Object;)Z @ 8
Event: 3.130 Thread 0x0000000016692800 Uncommon trap: reason=null_check action=make_not_entrant pc=0x00000000025ee2d8 method=com.android.dx.ssa.SsaRenamer.getLocalForNewReg(I)Lcom/android/dx/rop/code/LocalItem; @ 19

Internal exceptions (10 events):
Event: 1.537 Thread 0x0000000001fdd800 Exception <a 'java/security/PrivilegedActionException'> (0x00000000eb67b3e0) thrown at [D:\re\workspace\8-2-build-windows-amd64-cygwin\jdk8u20\1074\hotspot\src\share\vm\prims\jvm.cpp, line 1275]
Event: 1.537 Thread 0x0000000001fdd800 Exception <a 'java/security/PrivilegedActionException'> (0x00000000eb67e6e8) thrown at [D:\re\workspace\8-2-build-windows-amd64-cygwin\jdk8u20\1074\hotspot\src\share\vm\prims\jvm.cpp, line 1275]
Event: 1.552 Thread 0x0000000016730800 Exception <a 'java/security/PrivilegedActionException'> (0x00000000eb737368) thrown at [D:\re\workspace\8-2-build-windows-amd64-cygwin\jdk8u20\1074\hotspot\src\share\vm\prims\jvm.cpp, line 1275]
Event: 1.564 Thread 0x0000000016666800 Exception <a 'java/security/PrivilegedActionException'> (0x00000000eb5e1d28) thrown at [D:\re\workspace\8-2-build-windows-amd64-cygwin\jdk8u20\1074\hotspot\src\share\vm\prims\jvm.cpp, line 1275]
Event: 1.574 Thread 0x0000000016667800 Exception <a 'java/security/PrivilegedActionException'> (0x00000000eb794b50) thrown at [D:\re\workspace\8-2-build-windows-amd64-cygwin\jdk8u20\1074\hotspot\src\share\vm\prims\jvm.cpp, line 1275]
Event: 1.591 Thread 0x0000000016730800 Exception <a 'java/security/PrivilegedActionException'> (0x00000000eb8f4a78) thrown at [D:\re\workspace\8-2-build-windows-amd64-cygwin\jdk8u20\1074\hotspot\src\share\vm\prims\jvm.cpp, line 1275]
Event: 1.601 Thread 0x0000000016730800 Exception <a 'java/security/PrivilegedActionException'> (0x00000000eb90d900) thrown at [D:\re\workspace\8-2-build-windows-amd64-cygwin\jdk8u20\1074\hotspot\src\share\vm\prims\jvm.cpp, line 1275]
Event: 2.199 Thread 0x0000000001fdd800 Exception <a 'java/security/PrivilegedActionException'> (0x00000000ebda8680) thrown at [D:\re\workspace\8-2-build-windows-amd64-cygwin\jdk8u20\1074\hotspot\src\share\vm\prims\jvm.cpp, line 1275]
Event: 2.845 Thread 0x0000000016692800 Exception <a 'java/security/PrivilegedActionException'> (0x00000000ec380b18) thrown at [D:\re\workspace\8-2-build-windows-amd64-cygwin\jdk8u20\1074\hotspot\src\share\vm\prims\jvm.cpp, line 1275]
Event: 3.130 Thread 0x0000000016692800 Implicit null exception at 0x00000000025ebffd to 0x00000000025ee2b1

Events (10 events):
Event: 3.127 Thread 0x0000000016692800 Uncommon trap: trap_request=0xffffffde fr.pc=0x000000000267e510
Event: 3.127 Thread 0x0000000016692800 DEOPT PACKING pc=0x000000000267e510 sp=0x00000000174dea30
Event: 3.127 Thread 0x0000000016692800 DEOPT UNPACKING pc=0x00000000022f556a sp=0x00000000174de610 mode 2
Event: 3.130 Thread 0x0000000016692800 Uncommon trap: trap_request=0xfffffff4 fr.pc=0x00000000025ee2d8
Event: 3.130 Thread 0x0000000016692800 DEOPT PACKING pc=0x00000000025ee2d8 sp=0x00000000174de8c0
Event: 3.130 Thread 0x0000000016692800 DEOPT UNPACKING pc=0x00000000022f556a sp=0x00000000174de708 mode 2
Event: 3.179 Executing VM operation: ParallelGCFailedAllocation
Event: 3.904 Executing VM operation: ParallelGCFailedAllocation done
Event: 3.909 loading class sun/misc/Cleaner
Event: 3.909 loading class sun/misc/Cleaner done


Dynamic libraries:
0x00007ff684e90000 - 0x00007ff684ec4000 	C:\Program Files\Java\jdk1.8.0_20\bin\java.exe
0x00007ffb659a0000 - 0x00007ffb65b61000 	C:\WINDOWS\SYSTEM32\ntdll.dll
0x00007ffb633d0000 - 0x00007ffb6347d000 	C:\WINDOWS\system32\KERNEL32.DLL
0x00007ffb626f0000 - 0x00007ffb628d8000 	C:\WINDOWS\system32\KERNELBASE.dll
0x00007ffb658f0000 - 0x00007ffb65997000 	C:\WINDOWS\system32\ADVAPI32.dll
0x00007ffb65420000 - 0x00007ffb654bd000 	C:\WINDOWS\system32\msvcrt.dll
0x00007ffb62d80000 - 0x00007ffb62ddb000 	C:\WINDOWS\system32\sechost.dll
0x00007ffb63750000 - 0x00007ffb6386c000 	C:\WINDOWS\system32\RPCRT4.dll
0x00007ffb652c0000 - 0x00007ffb65416000 	C:\WINDOWS\system32\USER32.dll
0x00007ffb63550000 - 0x00007ffb636d6000 	C:\WINDOWS\system32\GDI32.dll
0x00007ffb57250000 - 0x00007ffb574c4000 	C:\WINDOWS\WinSxS\amd64_microsoft.windows.common-controls_6595b64144ccf1df_6.0.10586.0_none_8c15ae12515e1c22\COMCTL32.dll
0x00007ffb65040000 - 0x00007ffb652bd000 	C:\WINDOWS\system32\combase.dll
0x00007ffb62680000 - 0x00007ffb626ea000 	C:\WINDOWS\system32\bcryptPrimitives.dll
0x00007ffb63870000 - 0x00007ffb638ab000 	C:\WINDOWS\system32\IMM32.DLL
0x0000000071060000 - 0x0000000071132000 	C:\Program Files\Java\jdk1.8.0_20\jre\bin\msvcr100.dll
0x0000000070800000 - 0x0000000071058000 	C:\Program Files\Java\jdk1.8.0_20\jre\bin\server\jvm.dll
0x00007ffb64f70000 - 0x00007ffb64f78000 	C:\WINDOWS\system32\PSAPI.DLL
0x00007ffb60720000 - 0x00007ffb60743000 	C:\WINDOWS\SYSTEM32\WINMM.dll
0x00007ffb58000000 - 0x00007ffb58009000 	C:\WINDOWS\SYSTEM32\WSOCK32.dll
0x00007ffb631e0000 - 0x00007ffb6324b000 	C:\WINDOWS\system32\WS2_32.dll
0x0000000001f20000 - 0x0000000001f4c000 	C:\WINDOWS\SYSTEM32\WINMMBASE.dll
0x00007ffb62d10000 - 0x00007ffb62d53000 	C:\WINDOWS\system32\cfgmgr32.dll
0x00000000707f0000 - 0x00000000707ff000 	C:\Program Files\Java\jdk1.8.0_20\jre\bin\verify.dll
0x00000000707c0000 - 0x00000000707e8000 	C:\Program Files\Java\jdk1.8.0_20\jre\bin\java.dll
0x00000000707a0000 - 0x00000000707b6000 	C:\Program Files\Java\jdk1.8.0_20\jre\bin\zip.dll
0x00007ffb638b0000 - 0x00007ffb64e0c000 	C:\WINDOWS\system32\SHELL32.dll
0x00007ffb62030000 - 0x00007ffb62675000 	C:\WINDOWS\system32\windows.storage.dll
0x00007ffb64f80000 - 0x00007ffb64fd2000 	C:\WINDOWS\system32\shlwapi.dll
0x00007ffb61fc0000 - 0x00007ffb61fcf000 	C:\WINDOWS\system32\kernel.appcore.dll
0x00007ffb62ba0000 - 0x00007ffb62c55000 	C:\WINDOWS\system32\shcore.dll
0x00007ffb61fe0000 - 0x00007ffb6202b000 	C:\WINDOWS\system32\powrprof.dll
0x00007ffb61fa0000 - 0x00007ffb61fb4000 	C:\WINDOWS\system32\profapi.dll
0x00007ffb555c0000 - 0x00007ffb5574c000 	C:\WINDOWS\SYSTEM32\dbghelp.dll

VM Arguments:
jvm_args: -Djava.awt.headless=true -Xmx1024M -Dfile.encoding=windows-1252 -Duser.country=US -Duser.language=en -Duser.variant 
java_command: com.android.dx.command.Main --dex --num-threads=4 --output C:\Users\admin\Documents\GitHub\ShaneelSD\SoftwareDesign\FindMeTutor\FindMeTutor\tutor_app\build\intermediates\pre-dexed\debug\com.android.support-recyclerview-v7-24.2.0_34c97a3f751a25488ed5cd3b211e7acf74275383.jar C:\Users\admin\Documents\GitHub\ShaneelSD\SoftwareDesign\FindMeTutor\FindMeTutor\tutor_app\build\intermediates\exploded-aar\com.android.support\recyclerview-v7\24.2.0\jars\classes.jar
java_class_path (initial): C:\Users\admin\AppData\Local\Android\sdk\build-tools\24.0.1\lib\dx.jar
Launcher Type: SUN_STANDARD

Environment Variables:
PATH=C:\ProgramData\Oracle\Java\javapath;C:\Program Files (x86)\Intel\iCLS Client\;C:\Program Files\Intel\iCLS Client\;C:\WINDOWS\system32;C:\WINDOWS;C:\WINDOWS\System32\Wbem;C:\WINDOWS\System32\WindowsPowerShell\v1.0\;C:\Program Files\Intel\Intel(R) Management Engine Components\DAL;C:\Program Files\Intel\Intel(R) Management Engine Components\IPT;C:\Program Files (x86)\Intel\Intel(R) Management Engine Components\DAL;C:\Program Files (x86)\Intel\Intel(R) Management Engine Components\IPT;C:\Program Files\WIDCOMM\Bluetooth Software\;C:\Program Files\WIDCOMM\Bluetooth Software\syswow64;C:\Program Files (x86)\Intel\OpenCL SDK\2.0\bin\x86;C:\Program Files (x86)\Intel\OpenCL SDK\2.0\bin\x64;C:\Program Files\Intel\WiFi\bin\;C:\Program Files\Common Files\Intel\WirelessCommon\;c:\Program Files (x86)\Microsoft SQL Server\100\Tools\Binn\;c:\Program Files\Microsoft SQL Server\100\Tools\Binn\;c:\Program Files\Microsoft SQL Server\100\DTS\Binn\;C:\Program Files (x86)\MySQL\MySQL Fabric 1.5.4 & MySQL Utilities 1.5.4 1.5\;C:\Program Files (x86)\MySQL\MySQL Fabric 1.5.4 & MySQL Utilities 1.5.4 1.5\Doctrine extensions for PHP\;C:\Program Files (x86)\Borland\Delphi7\Bin;C:\Program Files (x86)\Borland\Delphi7\Projects\Bpl;C:\Program Files (x86)\Borland\Delphi7\Rave5;C:\Program Files\Git\cmd;C:\Program Files\Intel\WiFi\bin\;C:\Program Files\Common Files\Intel\WirelessCommon\
USERNAME=admin
OS=Windows_NT
PROCESSOR_IDENTIFIER=Intel64 Family 6 Model 58 Stepping 9, GenuineIntel



---------------  S Y S T E M  ---------------

OS: Windows 8.1 , 64 bit Build 9600 

CPU:total 4 (2 cores per cpu, 2 threads per core) family 6 model 58 stepping 9, cmov, cx8, fxsr, mmx, sse, sse2, sse3, ssse3, sse4.1, sse4.2, popcnt, avx, aes, clmul, erms, ht, tsc, tscinvbit, tscinv

Memory: 4k page, physical 8258576k(1983988k free), swap 10306576k(6748k free)

vm_info: Java HotSpot(TM) 64-Bit Server VM (25.20-b23) for windows-amd64 JRE (1.8.0_20-b26), built on Jul 30 2014 13:51:23 by "java_re" with MS VC++ 10.0 (VS2010)

time: Thu Sep 08 19:45:10 2016
elapsed time: 4 seconds (0d 0h 0m 4s)

