#
# There is insufficient memory for the Java Runtime Environment to continue.
# Native memory allocation (malloc) failed to allocate 1067856 bytes for Chunk::new
# Possible reasons:
#   The system is out of physical RAM or swap space
#   In 32 bit mode, the process size limit was hit
# Possible solutions:
#   Reduce memory load on the system
#   Increase physical memory or swap space
#   Check if swap backing store is full
#   Use 64 bit Java on a 64 bit OS
#   Decrease Java heap size (-Xmx/-Xms)
#   Decrease number of Java threads
#   Decrease Java thread stack sizes (-Xss)
#   Set larger code cache with -XX:ReservedCodeCacheSize=
# This output file may be truncated or incomplete.
#
#  Out of Memory Error (allocation.cpp:390), pid=12380, tid=6896
#
# JRE version: Java(TM) SE Runtime Environment (8.0_20-b26) (build 1.8.0_20-b26)
# Java VM: Java HotSpot(TM) 64-Bit Server VM (25.20-b23 mixed mode windows-amd64 compressed oops)
# Failed to write core dump. Minidumps are not enabled by default on client versions of Windows
#

---------------  T H R E A D  ---------------

Current thread (0x0000000014adf000):  JavaThread "C2 CompilerThread1" daemon [_thread_in_native, id=6896, stack(0x00000000160f0000,0x00000000161f0000)]

Stack: [0x00000000160f0000,0x00000000161f0000]
Native frames: (J=compiled Java code, j=interpreted, Vv=VM code, C=native code)
V  [jvm.dll+0x3152fa]
V  [jvm.dll+0x265d03]
V  [jvm.dll+0x266943]
V  [jvm.dll+0x25e265]
V  [jvm.dll+0xbe255]
V  [jvm.dll+0xbe6fc]
V  [jvm.dll+0x45c472]
V  [jvm.dll+0x49d76f]
V  [jvm.dll+0x451911]
V  [jvm.dll+0x452634]
V  [jvm.dll+0x435fc2]
V  [jvm.dll+0x97b62]
V  [jvm.dll+0x98353]
V  [jvm.dll+0x22aac4]
V  [jvm.dll+0x283f5a]
C  [msvcr100.dll+0x21d9f]
C  [msvcr100.dll+0x21e3b]
C  [KERNEL32.DLL+0x18102]
C  [ntdll.dll+0x5c5b4]


Current CompileTask:
C2:   4812 1651       4       com.android.dx.ssa.SCCP::simulateBlock (54 bytes)


---------------  P R O C E S S  ---------------

Java Threads: ( => current thread )
  0x000000001666b000 JavaThread "pool-1-thread-4" [_thread_blocked, id=10412, stack(0x0000000016cf0000,0x0000000016df0000)]
  0x00000000166c6000 JavaThread "pool-1-thread-3" [_thread_in_Java, id=10884, stack(0x0000000016bf0000,0x0000000016cf0000)]
  0x00000000166c5000 JavaThread "pool-1-thread-2" [_thread_blocked, id=2896, stack(0x0000000016af0000,0x0000000016bf0000)]
  0x0000000016641000 JavaThread "pool-2-thread-1" [_thread_blocked, id=8532, stack(0x00000000169f0000,0x0000000016af0000)]
  0x000000001662f000 JavaThread "pool-1-thread-1" [_thread_in_Java, id=14752, stack(0x00000000168f0000,0x00000000169f0000)]
  0x0000000014aec000 JavaThread "Service Thread" daemon [_thread_blocked, id=11840, stack(0x00000000162f0000,0x00000000163f0000)]
  0x0000000014ae5000 JavaThread "C1 CompilerThread2" daemon [_thread_blocked, id=14416, stack(0x00000000161f0000,0x00000000162f0000)]
=>0x0000000014adf000 JavaThread "C2 CompilerThread1" daemon [_thread_in_native, id=6896, stack(0x00000000160f0000,0x00000000161f0000)]
  0x0000000014a8e800 JavaThread "C2 CompilerThread0" daemon [_thread_in_native, id=15192, stack(0x0000000015ff0000,0x00000000160f0000)]
  0x0000000014a8c800 JavaThread "Attach Listener" daemon [_thread_blocked, id=792, stack(0x0000000015ef0000,0x0000000015ff0000)]
  0x0000000014a8b000 JavaThread "Signal Dispatcher" daemon [_thread_blocked, id=6168, stack(0x0000000015df0000,0x0000000015ef0000)]
  0x00000000023af000 JavaThread "Finalizer" daemon [_thread_blocked, id=5592, stack(0x0000000015cf0000,0x0000000015df0000)]
  0x0000000014a58000 JavaThread "Reference Handler" daemon [_thread_blocked, id=9136, stack(0x0000000015bf0000,0x0000000015cf0000)]
  0x000000000220d800 JavaThread "main" [_thread_blocked, id=9112, stack(0x00000000020c0000,0x00000000021c0000)]

Other Threads:
  0x0000000014a56000 VMThread [stack: 0x0000000015af0000,0x0000000015bf0000] [id=620]
  0x00000000163f0800 WatcherThread [stack: 0x00000000167f0000,0x00000000168f0000] [id=1156]

VM state:not at safepoint (normal execution)

VM Mutex/Monitor currently owned by a thread: None

Heap:
 PSYoungGen      total 71680K, used 46260K [0x00000000eab00000, 0x00000000ef600000, 0x0000000100000000)
  eden space 66560K, 61% used [0x00000000eab00000,0x00000000ed32f1d0,0x00000000eec00000)
  from space 5120K, 99% used [0x00000000ef100000,0x00000000ef5fe138,0x00000000ef600000)
  to   space 5120K, 0% used [0x00000000eec00000,0x00000000eec00000,0x00000000ef100000)
 ParOldGen       total 87552K, used 7345K [0x00000000c0000000, 0x00000000c5580000, 0x00000000eab00000)
  object space 87552K, 8% used [0x00000000c0000000,0x00000000c072c580,0x00000000c5580000)
 Metaspace       used 6278K, capacity 7192K, committed 7424K, reserved 1056768K
  class space    used 614K, capacity 656K, committed 768K, reserved 1048576K

Card table byte_map: [0x0000000011780000,0x0000000011990000] byte_map_base: 0x0000000011180000

Marking Bits: (ParMarkBitMap*) 0x00000000546eb460
 Begin Bits: [0x0000000011ef0000, 0x0000000012ef0000)
 End Bits:   [0x0000000012ef0000, 0x0000000013ef0000)

Polling page: 0x00000000001f0000

CodeCache: size=245760Kb used=7013Kb max_used=7013Kb free=238746Kb
 bounds [0x00000000023c0000, 0x0000000002aa0000, 0x00000000113c0000]
 total_blobs=1921 nmethods=1655 adapters=178
 compilation: enabled

Compilation events (10 events):
Event: 4.697 Thread 0x0000000014ae5000 1673       2       com.android.dx.cf.code.ExecutionStack::makeInitialized (51 bytes)
Event: 4.698 Thread 0x0000000014ae5000 nmethod 1673 0x0000000002a89e10 code [0x0000000002a89fa0, 0x0000000002a8a318]
Event: 4.699 Thread 0x0000000014ae5000 1674       2       com.android.dx.rop.code.Rops::opAdd (29 bytes)
Event: 4.699 Thread 0x0000000014ae5000 nmethod 1674 0x0000000002a89a50 code [0x0000000002a89bc0, 0x0000000002a89d68]
Event: 4.712 Thread 0x0000000014ae5000 1675       2       com.android.dx.rop.code.CstInsn::contentEquals (31 bytes)
Event: 4.712 Thread 0x0000000014ae5000 nmethod 1675 0x0000000002a895d0 code [0x0000000002a89740, 0x0000000002a89958]
Event: 4.715 Thread 0x0000000014ae5000 1676       2       com.android.dx.dex.cf.CfTranslator::translate0 (259 bytes)
Event: 4.717 Thread 0x0000000014ae5000 nmethod 1676 0x0000000002a871d0 code [0x0000000002a874c0, 0x0000000002a88258]
Event: 4.722 Thread 0x0000000014ae5000 1678       2       com.android.dx.cf.code.SwitchList::add (35 bytes)
Event: 4.723 Thread 0x0000000014ae5000 nmethod 1678 0x0000000002a86b50 code [0x0000000002a86ce0, 0x0000000002a86fd8]

GC Heap History (4 events):
Event: 2.742 GC heap before
{Heap before GC invocations=1 (full 0):
 PSYoungGen      total 38400K, used 33280K [0x00000000eab00000, 0x00000000ed580000, 0x0000000100000000)
  eden space 33280K, 100% used [0x00000000eab00000,0x00000000ecb80000,0x00000000ecb80000)
  from space 5120K, 0% used [0x00000000ed080000,0x00000000ed080000,0x00000000ed580000)
  to   space 5120K, 0% used [0x00000000ecb80000,0x00000000ecb80000,0x00000000ed080000)
 ParOldGen       total 87552K, used 0K [0x00000000c0000000, 0x00000000c5580000, 0x00000000eab00000)
  object space 87552K, 0% used [0x00000000c0000000,0x00000000c0000000,0x00000000c5580000)
 Metaspace       used 5992K, capacity 6960K, committed 7040K, reserved 1056768K
  class space    used 593K, capacity 616K, committed 640K, reserved 1048576K
Event: 2.998 GC heap after
Heap after GC invocations=1 (full 0):
 PSYoungGen      total 38400K, used 5089K [0x00000000eab00000, 0x00000000ef600000, 0x0000000100000000)
  eden space 33280K, 0% used [0x00000000eab00000,0x00000000eab00000,0x00000000ecb80000)
  from space 5120K, 99% used [0x00000000ecb80000,0x00000000ed0786b0,0x00000000ed080000)
  to   space 5120K, 0% used [0x00000000ef100000,0x00000000ef100000,0x00000000ef600000)
 ParOldGen       total 87552K, used 1899K [0x00000000c0000000, 0x00000000c5580000, 0x00000000eab00000)
  object space 87552K, 2% used [0x00000000c0000000,0x00000000c01dad30,0x00000000c5580000)
 Metaspace       used 5992K, capacity 6960K, committed 7040K, reserved 1056768K
  class space    used 593K, capacity 616K, committed 640K, reserved 1048576K
}
Event: 4.212 GC heap before
{Heap before GC invocations=2 (full 0):
 PSYoungGen      total 38400K, used 38369K [0x00000000eab00000, 0x00000000ef600000, 0x0000000100000000)
  eden space 33280K, 100% used [0x00000000eab00000,0x00000000ecb80000,0x00000000ecb80000)
  from space 5120K, 99% used [0x00000000ecb80000,0x00000000ed0786b0,0x00000000ed080000)
  to   space 5120K, 0% used [0x00000000ef100000,0x00000000ef100000,0x00000000ef600000)
 ParOldGen       total 87552K, used 1899K [0x00000000c0000000, 0x00000000c5580000, 0x00000000eab00000)
  object space 87552K, 2% used [0x00000000c0000000,0x00000000c01dad30,0x00000000c5580000)
 Metaspace       used 6230K, capacity 7128K, committed 7424K, reserved 1056768K
  class space    used 614K, capacity 656K, committed 768K, reserved 1048576K
Event: 4.236 GC heap after
Heap after GC invocations=2 (full 0):
 PSYoungGen      total 71680K, used 5112K [0x00000000eab00000, 0x00000000ef600000, 0x0000000100000000)
  eden space 66560K, 0% used [0x00000000eab00000,0x00000000eab00000,0x00000000eec00000)
  from space 5120K, 99% used [0x00000000ef100000,0x00000000ef5fe138,0x00000000ef600000)
  to   space 5120K, 0% used [0x00000000eec00000,0x00000000eec00000,0x00000000ef100000)
 ParOldGen       total 87552K, used 7345K [0x00000000c0000000, 0x00000000c5580000, 0x00000000eab00000)
  object space 87552K, 8% used [0x00000000c0000000,0x00000000c072c580,0x00000000c5580000)
 Metaspace       used 6230K, capacity 7128K, committed 7424K, reserved 1056768K
  class space    used 614K, capacity 656K, committed 768K, reserved 1048576K
}

Deoptimization events (10 events):
Event: 3.228 Thread 0x00000000166c6000 Uncommon trap: reason=bimorphic action=maybe_recompile pc=0x00000000025da850 method=java.util.HashMap.getNode(ILjava/lang/Object;)Ljava/util/HashMap$Node; @ 126
Event: 3.228 Thread 0x00000000166c6000 Uncommon trap: reason=class_check action=maybe_recompile pc=0x00000000028511fc method=java.util.HashMap.putVal(ILjava/lang/Object;Ljava/lang/Object;ZZ)Ljava/lang/Object; @ 203
Event: 3.228 Thread 0x00000000166c6000 Uncommon trap: reason=bimorphic action=maybe_recompile pc=0x00000000025da850 method=java.util.HashMap.getNode(ILjava/lang/Object;)Ljava/util/HashMap$Node; @ 126
Event: 3.228 Thread 0x00000000166c6000 Uncommon trap: reason=class_check action=maybe_recompile pc=0x00000000028511fc method=java.util.HashMap.putVal(ILjava/lang/Object;Ljava/lang/Object;ZZ)Ljava/lang/Object; @ 203
Event: 3.249 Thread 0x00000000166c5000 Uncommon trap: reason=null_check action=make_not_entrant pc=0x00000000026bec34 method=com.android.dx.ssa.SsaRenamer.getLocalForNewReg(I)Lcom/android/dx/rop/code/LocalItem; @ 19
Event: 3.416 Thread 0x00000000166c6000 Uncommon trap: reason=unreached action=reinterpret pc=0x000000000260777c method=java.util.HashMap.getNode(ILjava/lang/Object;)Ljava/util/HashMap$Node; @ 84
Event: 3.417 Thread 0x000000000220d800 Uncommon trap: reason=unreached action=reinterpret pc=0x00000000025da834 method=java.util.HashMap.getNode(ILjava/lang/Object;)Ljava/util/HashMap$Node; @ 84
Event: 3.430 Thread 0x00000000166c5000 Uncommon trap: reason=unreached action=reinterpret pc=0x00000000026b2a68 method=java.util.HashMap.putVal(ILjava/lang/Object;Ljava/lang/Object;ZZ)Ljava/lang/Object; @ 109
Event: 3.877 Thread 0x00000000166c6000 Uncommon trap: reason=class_check action=maybe_recompile pc=0x00000000028511fc method=java.util.HashMap.putVal(ILjava/lang/Object;Ljava/lang/Object;ZZ)Ljava/lang/Object; @ 203
Event: 4.390 Thread 0x000000001662f000 Uncommon trap: reason=unreached action=reinterpret pc=0x0000000002a3a300 method=com.android.dx.ssa.LocalVariableExtractor.processBlock(I)V @ 251

Internal exceptions (10 events):
Event: 1.030 Thread 0x00000000166c6000 Exception <a 'java/security/PrivilegedActionException'> (0x00000000eb316930) thrown at [D:\re\workspace\8-2-build-windows-amd64-cygwin\jdk8u20\1074\hotspot\src\share\vm\prims\jvm.cpp, line 1275]
Event: 1.058 Thread 0x000000000220d800 Exception <a 'java/security/PrivilegedActionException'> (0x00000000eb710270) thrown at [D:\re\workspace\8-2-build-windows-amd64-cygwin\jdk8u20\1074\hotspot\src\share\vm\prims\jvm.cpp, line 1275]
Event: 1.112 Thread 0x000000001666b000 Exception <a 'java/security/PrivilegedActionException'> (0x00000000eb8219f8) thrown at [D:\re\workspace\8-2-build-windows-amd64-cygwin\jdk8u20\1074\hotspot\src\share\vm\prims\jvm.cpp, line 1275]
Event: 1.469 Thread 0x000000000220d800 Exception <a 'java/security/PrivilegedActionException'> (0x00000000ebdcf008) thrown at [D:\re\workspace\8-2-build-windows-amd64-cygwin\jdk8u20\1074\hotspot\src\share\vm\prims\jvm.cpp, line 1275]
Event: 1.474 Thread 0x00000000166c6000 Exception <a 'java/security/PrivilegedActionException'> (0x00000000ebe5c400) thrown at [D:\re\workspace\8-2-build-windows-amd64-cygwin\jdk8u20\1074\hotspot\src\share\vm\prims\jvm.cpp, line 1275]
Event: 2.230 Thread 0x000000000220d800 Exception <a 'java/security/PrivilegedActionException'> (0x00000000ec00d128) thrown at [D:\re\workspace\8-2-build-windows-amd64-cygwin\jdk8u20\1074\hotspot\src\share\vm\prims\jvm.cpp, line 1275]
Event: 3.249 Thread 0x00000000166c5000 Implicit null exception at 0x00000000026bcd77 to 0x00000000026bec0d
Event: 3.384 Thread 0x00000000166c5000 Exception <a 'java/lang/ArrayIndexOutOfBoundsException': 18> (0x00000000eb3a79c0) thrown at [D:\re\workspace\8-2-build-windows-amd64-cygwin\jdk8u20\1074\hotspot\src\share\vm\interpreter\interpreterRuntime.cpp, line 366]
Event: 3.385 Thread 0x00000000166c5000 Exception <a 'java/lang/ArrayIndexOutOfBoundsException'> (0x00000000eb3a9458) thrown at [D:\re\workspace\8-2-build-windows-amd64-cygwin\jdk8u20\1074\hotspot\src\share\vm\runtime\sharedRuntime.cpp, line 604]
Event: 3.412 Thread 0x00000000166c5000 Exception <a 'java/lang/ArrayIndexOutOfBoundsException'> (0x00000000eb3aa670) thrown at [D:\re\workspace\8-2-build-windows-amd64-cygwin\jdk8u20\1074\hotspot\src\share\vm\runtime\sharedRuntime.cpp, line 604]

Events (10 events):
Event: 3.430 Thread 0x00000000166c5000 DEOPT PACKING pc=0x00000000026b2a68 sp=0x0000000016beeb90
Event: 3.430 Thread 0x00000000166c5000 DEOPT UNPACKING pc=0x000000000240556a sp=0x0000000016beea28 mode 2
Event: 3.877 Thread 0x00000000166c6000 Uncommon trap: trap_request=0xffffffde fr.pc=0x00000000028511fc
Event: 3.877 Thread 0x00000000166c6000 DEOPT PACKING pc=0x00000000028511fc sp=0x0000000016ceeb70
Event: 3.877 Thread 0x00000000166c6000 DEOPT UNPACKING pc=0x000000000240556a sp=0x0000000016ceeae8 mode 2
Event: 4.211 Executing VM operation: ParallelGCFailedAllocation
Event: 4.236 Executing VM operation: ParallelGCFailedAllocation done
Event: 4.390 Thread 0x000000001662f000 Uncommon trap: trap_request=0xffffffad fr.pc=0x0000000002a3a300
Event: 4.390 Thread 0x000000001662f000 DEOPT PACKING pc=0x0000000002a3a300 sp=0x00000000169eed70
Event: 4.390 Thread 0x000000001662f000 DEOPT UNPACKING pc=0x000000000240556a sp=0x00000000169eed50 mode 2


Dynamic libraries:
0x00007ff668390000 - 0x00007ff6683c4000 	C:\Program Files\Java\jdk1.8.0_20\bin\java.exe
0x00007ff87a1c0000 - 0x00007ff87a381000 	C:\WINDOWS\SYSTEM32\ntdll.dll
0x00007ff878700000 - 0x00007ff8787ad000 	C:\WINDOWS\system32\KERNEL32.DLL
0x00007ff877160000 - 0x00007ff877348000 	C:\WINDOWS\system32\KERNELBASE.dll
0x00007ff877c00000 - 0x00007ff877ca7000 	C:\WINDOWS\system32\ADVAPI32.dll
0x00007ff8787b0000 - 0x00007ff87884d000 	C:\WINDOWS\system32\msvcrt.dll
0x00007ff878540000 - 0x00007ff87859b000 	C:\WINDOWS\system32\sechost.dll
0x00007ff877990000 - 0x00007ff877aac000 	C:\WINDOWS\system32\RPCRT4.dll
0x00007ff8785a0000 - 0x00007ff8786f6000 	C:\WINDOWS\system32\USER32.dll
0x00007ff87a020000 - 0x00007ff87a1a6000 	C:\WINDOWS\system32\GDI32.dll
0x00007ff869f30000 - 0x00007ff86a1a4000 	C:\WINDOWS\WinSxS\amd64_microsoft.windows.common-controls_6595b64144ccf1df_6.0.10586.0_none_8c15ae12515e1c22\COMCTL32.dll
0x00007ff877610000 - 0x00007ff87788d000 	C:\WINDOWS\system32\combase.dll
0x00007ff877400000 - 0x00007ff87746a000 	C:\WINDOWS\system32\bcryptPrimitives.dll
0x00007ff877e30000 - 0x00007ff877e6b000 	C:\WINDOWS\system32\IMM32.DLL
0x0000000054770000 - 0x0000000054842000 	C:\Program Files\Java\jdk1.8.0_20\jre\bin\msvcr100.dll
0x0000000053f10000 - 0x0000000054768000 	C:\Program Files\Java\jdk1.8.0_20\jre\bin\server\jvm.dll
0x00007ff877980000 - 0x00007ff877988000 	C:\WINDOWS\system32\PSAPI.DLL
0x00007ff86c970000 - 0x00007ff86c979000 	C:\WINDOWS\SYSTEM32\WSOCK32.dll
0x00007ff8775a0000 - 0x00007ff87760b000 	C:\WINDOWS\system32\WS2_32.dll
0x00007ff874fb0000 - 0x00007ff874fd3000 	C:\WINDOWS\SYSTEM32\WINMM.dll
0x00007ff874f50000 - 0x00007ff874f7c000 	C:\WINDOWS\SYSTEM32\WINMMBASE.dll
0x00007ff877490000 - 0x00007ff8774d3000 	C:\WINDOWS\system32\cfgmgr32.dll
0x0000000053f00000 - 0x0000000053f0f000 	C:\Program Files\Java\jdk1.8.0_20\jre\bin\verify.dll
0x0000000053ed0000 - 0x0000000053ef8000 	C:\Program Files\Java\jdk1.8.0_20\jre\bin\java.dll
0x0000000053eb0000 - 0x0000000053ec6000 	C:\Program Files\Java\jdk1.8.0_20\jre\bin\zip.dll
0x00007ff878900000 - 0x00007ff879e5c000 	C:\WINDOWS\system32\SHELL32.dll
0x00007ff876ab0000 - 0x00007ff8770f5000 	C:\WINDOWS\system32\windows.storage.dll
0x00007ff877fe0000 - 0x00007ff878032000 	C:\WINDOWS\system32\shlwapi.dll
0x00007ff876840000 - 0x00007ff87684f000 	C:\WINDOWS\system32\kernel.appcore.dll
0x00007ff8774e0000 - 0x00007ff877595000 	C:\WINDOWS\system32\shcore.dll
0x00007ff8767f0000 - 0x00007ff87683b000 	C:\WINDOWS\system32\powrprof.dll
0x00007ff8767c0000 - 0x00007ff8767d4000 	C:\WINDOWS\system32\profapi.dll
0x00007ff86ba30000 - 0x00007ff86bbbc000 	C:\WINDOWS\SYSTEM32\dbghelp.dll

VM Arguments:
jvm_args: -Djava.awt.headless=true -Xmx1024M -Dfile.encoding=windows-1252 -Duser.country=US -Duser.language=en -Duser.variant 
java_command: com.android.dx.command.Main --dex --num-threads=4 --output C:\Users\admin\Documents\GitHub\SoftwareDesign\FindMeTutor\FindMeTutor\tutor_app\build\intermediates\pre-dexed\debug\com.android.support-support-core-ui-24.2.0_251cdd852aa0d1afa49ab3de61cf631c4242a97a.jar C:\Users\admin\Documents\GitHub\SoftwareDesign\FindMeTutor\FindMeTutor\tutor_app\build\intermediates\exploded-aar\com.android.support\support-core-ui\24.2.0\jars\classes.jar
java_class_path (initial): C:\Users\admin\AppData\Local\Android\sdk\build-tools\24.0.1\lib\dx.jar
Launcher Type: SUN_STANDARD

Environment Variables:
PATH=C:\ProgramData\Oracle\Java\javapath;C:\Program Files (x86)\Intel\iCLS Client\;C:\Program Files\Intel\iCLS Client\;C:\WINDOWS\system32;C:\WINDOWS;C:\WINDOWS\System32\Wbem;C:\WINDOWS\System32\WindowsPowerShell\v1.0\;C:\Program Files\Intel\Intel(R) Management Engine Components\DAL;C:\Program Files\Intel\Intel(R) Management Engine Components\IPT;C:\Program Files (x86)\Intel\Intel(R) Management Engine Components\DAL;C:\Program Files (x86)\Intel\Intel(R) Management Engine Components\IPT;C:\Program Files\WIDCOMM\Bluetooth Software\;C:\Program Files\WIDCOMM\Bluetooth Software\syswow64;C:\Program Files (x86)\Intel\OpenCL SDK\2.0\bin\x86;C:\Program Files (x86)\Intel\OpenCL SDK\2.0\bin\x64;C:\Program Files\Intel\WiFi\bin\;C:\Program Files\Common Files\Intel\WirelessCommon\;c:\Program Files (x86)\Microsoft SQL Server\100\Tools\Binn\;c:\Program Files\Microsoft SQL Server\100\Tools\Binn\;c:\Program Files\Microsoft SQL Server\100\DTS\Binn\;C:\Program Files (x86)\MySQL\MySQL Fabric 1.5.4 & MySQL Utilities 1.5.4 1.5\;C:\Program Files (x86)\MySQL\MySQL Fabric 1.5.4 & MySQL Utilities 1.5.4 1.5\Doctrine extensions for PHP\;C:\Program Files (x86)\Borland\Delphi7\Bin;C:\Program Files (x86)\Borland\Delphi7\Projects\Bpl;C:\Program Files (x86)\Borland\Delphi7\Rave5;C:\Program Files\Git\cmd;C:\Program Files\Intel\WiFi\bin\;C:\Program Files\Common Files\Intel\WirelessCommon\
USERNAME=admin
OS=Windows_NT
PROCESSOR_IDENTIFIER=Intel64 Family 6 Model 58 Stepping 9, GenuineIntel



---------------  S Y S T E M  ---------------

OS: Windows 8.1 , 64 bit Build 9600 

CPU:total 4 (2 cores per cpu, 2 threads per core) family 6 model 58 stepping 9, cmov, cx8, fxsr, mmx, sse, sse2, sse3, ssse3, sse4.1, sse4.2, popcnt, avx, aes, clmul, erms, ht, tsc, tscinvbit, tscinv

Memory: 4k page, physical 8258576k(1824892k free), swap 10306576k(6888k free)

vm_info: Java HotSpot(TM) 64-Bit Server VM (25.20-b23) for windows-amd64 JRE (1.8.0_20-b26), built on Jul 30 2014 13:51:23 by "java_re" with MS VC++ 10.0 (VS2010)

time: Tue Sep 06 22:12:17 2016
elapsed time: 4 seconds (0d 0h 0m 4s)

