#
# There is insufficient memory for the Java Runtime Environment to continue.
# Native memory allocation (malloc) failed to allocate 1728576 bytes for Chunk::new
# Possible reasons:
#   The system is out of physical RAM or swap space
#   In 32 bit mode, the process size limit was hit
# Possible solutions:
#   Reduce memory load on the system
#   Increase physical memory or swap space
#   Check if swap backing store is full
#   Use 64 bit Java on a 64 bit OS
#   Decrease Java heap size (-Xmx/-Xms)
#   Decrease number of Java threads
#   Decrease Java thread stack sizes (-Xss)
#   Set larger code cache with -XX:ReservedCodeCacheSize=
# This output file may be truncated or incomplete.
#
#  Out of Memory Error (allocation.cpp:390), pid=9536, tid=4116
#
# JRE version: Java(TM) SE Runtime Environment (8.0_20-b26) (build 1.8.0_20-b26)
# Java VM: Java HotSpot(TM) 64-Bit Server VM (25.20-b23 mixed mode windows-amd64 compressed oops)
# Failed to write core dump. Minidumps are not enabled by default on client versions of Windows
#

---------------  T H R E A D  ---------------

Current thread (0x0000000014acd800):  JavaThread "C2 CompilerThread0" daemon [_thread_in_native, id=4116, stack(0x0000000016040000,0x0000000016140000)]

Stack: [0x0000000016040000,0x0000000016140000]
Native frames: (J=compiled Java code, j=interpreted, Vv=VM code, C=native code)
V  [jvm.dll+0x3152fa]
V  [jvm.dll+0x265d03]
V  [jvm.dll+0x266943]
V  [jvm.dll+0x25e265]
V  [jvm.dll+0xbe255]
V  [jvm.dll+0xbe6fc]
V  [jvm.dll+0x45c472]
V  [jvm.dll+0x49d76f]
V  [jvm.dll+0x451911]
V  [jvm.dll+0x452634]
V  [jvm.dll+0x435fc2]
V  [jvm.dll+0x97b62]
V  [jvm.dll+0x98353]
V  [jvm.dll+0x22aac4]
V  [jvm.dll+0x283f5a]
C  [msvcr100.dll+0x21d9f]
C  [msvcr100.dll+0x21e3b]
C  [KERNEL32.DLL+0x18102]
C  [ntdll.dll+0x5c5b4]


Current CompileTask:
C2:   4329 2097   !   4       com.android.dx.cf.code.Ropper::processBlock (1101 bytes)


---------------  P R O C E S S  ---------------

Java Threads: ( => current thread )
  0x0000000017254000 JavaThread "pool-2-thread-4" [_thread_in_Java, id=11580, stack(0x0000000018510000,0x0000000018610000)]
  0x000000001713a000 JavaThread "pool-2-thread-3" [_thread_in_Java, id=9672, stack(0x0000000018410000,0x0000000018510000)]
  0x0000000017139000 JavaThread "pool-2-thread-2" [_thread_blocked, id=12820, stack(0x0000000018310000,0x0000000018410000)]
  0x00000000171bf800 JavaThread "pool-3-thread-1" [_thread_blocked, id=12972, stack(0x0000000018210000,0x0000000018310000)]
  0x00000000171bf000 JavaThread "pool-2-thread-1" [_thread_in_Java, id=2256, stack(0x0000000018110000,0x0000000018210000)]
  0x0000000014b2e000 JavaThread "Service Thread" daemon [_thread_blocked, id=10912, stack(0x0000000016740000,0x0000000016840000)]
  0x0000000014ad3000 JavaThread "C1 CompilerThread2" daemon [_thread_blocked, id=13712, stack(0x0000000016240000,0x0000000016340000)]
  0x0000000014ad0000 JavaThread "C2 CompilerThread1" daemon [_thread_in_native, id=12388, stack(0x0000000016140000,0x0000000016240000)]
=>0x0000000014acd800 JavaThread "C2 CompilerThread0" daemon [_thread_in_native, id=4116, stack(0x0000000016040000,0x0000000016140000)]
  0x0000000014acb800 JavaThread "Attach Listener" daemon [_thread_blocked, id=12724, stack(0x0000000015f40000,0x0000000016040000)]
  0x0000000014aca000 JavaThread "Signal Dispatcher" daemon [_thread_blocked, id=5348, stack(0x0000000015e40000,0x0000000015f40000)]
  0x00000000023f5000 JavaThread "Finalizer" daemon [_thread_blocked, id=12924, stack(0x0000000015d40000,0x0000000015e40000)]
  0x0000000014a98800 JavaThread "Reference Handler" daemon [_thread_blocked, id=9080, stack(0x0000000015c40000,0x0000000015d40000)]
  0x00000000001bd800 JavaThread "main" [_thread_in_native, id=12916, stack(0x0000000002190000,0x0000000002290000)]

Other Threads:
  0x0000000014a96000 VMThread [stack: 0x0000000015b40000,0x0000000015c40000] [id=4324]
  0x0000000016374000 WatcherThread [stack: 0x0000000016840000,0x0000000016940000] [id=8296]

VM state:not at safepoint (normal execution)

VM Mutex/Monitor currently owned by a thread: None

Heap:
 PSYoungGen      total 283136K, used 61790K [0x00000000eab00000, 0x00000000ff900000, 0x0000000100000000)
  eden space 251904K, 12% used [0x00000000eab00000,0x00000000ec8dac50,0x00000000fa100000)
  from space 31232K, 99% used [0x00000000fc880000,0x00000000fe6fcbb8,0x00000000fe700000)
  to   space 40448K, 0% used [0x00000000fa100000,0x00000000fa100000,0x00000000fc880000)
 ParOldGen       total 87552K, used 40260K [0x00000000c0000000, 0x00000000c5580000, 0x00000000eab00000)
  object space 87552K, 45% used [0x00000000c0000000,0x00000000c2751278,0x00000000c5580000)
 Metaspace       used 6502K, capacity 7320K, committed 7680K, reserved 1056768K
  class space    used 615K, capacity 656K, committed 768K, reserved 1048576K

Card table byte_map: [0x00000000117c0000,0x00000000119d0000] byte_map_base: 0x00000000111c0000

Marking Bits: (ParMarkBitMap*) 0x00000000744eb460
 Begin Bits: [0x0000000011f30000, 0x0000000012f30000)
 End Bits:   [0x0000000012f30000, 0x0000000013f30000)

Polling page: 0x00000000005e0000

CodeCache: size=245760Kb used=8222Kb max_used=8223Kb free=237537Kb
 bounds [0x0000000002400000, 0x0000000002c20000, 0x0000000011400000]
 total_blobs=2297 nmethods=2031 adapters=179
 compilation: enabled

Compilation events (10 events):
Event: 4.081 Thread 0x0000000014ad3000 2101       2       com.android.dx.ssa.DomFront::calcDomFronts (154 bytes)
Event: 4.082 Thread 0x0000000014ad3000 nmethod 2101 0x0000000002be8710 code [0x0000000002be8900, 0x0000000002be8f28]
Event: 4.181 Thread 0x0000000014ad3000 2103       1       com.android.dx.command.dexer.Main::access$1800 (4 bytes)
Event: 4.182 Thread 0x0000000014ad3000 nmethod 2103 0x0000000002be7ad0 code [0x0000000002be7c20, 0x0000000002be7d10]
Event: 4.182 Thread 0x0000000014ad3000 2104       1       com.android.dx.command.dexer.Main::access$2000 (4 bytes)
Event: 4.182 Thread 0x0000000014ad3000 nmethod 2104 0x0000000002be8450 code [0x0000000002be85a0, 0x0000000002be8690]
Event: 4.182 Thread 0x0000000014ad3000 2105   !   2       java.util.concurrent.locks.AbstractQueuedSynchronizer::acquireQueued (93 bytes)
Event: 4.183 Thread 0x0000000014ad3000 nmethod 2105 0x0000000002bef4d0 code [0x0000000002bef6a0, 0x0000000002befbb8]
Event: 4.190 Thread 0x0000000014ad3000 2107       2       com.android.dx.ssa.SsaConverter::edgeSplitMoveExceptionsAndResults (157 bytes)
Event: 4.192 Thread 0x0000000014ad3000 nmethod 2107 0x0000000002bf2490 code [0x0000000002bf2720, 0x0000000002bf2fa8]

GC Heap History (10 events):
Event: 1.659 GC heap before
{Heap before GC invocations=4 (full 0):
 PSYoungGen      total 38400K, used 38386K [0x00000000eab00000, 0x00000000ef600000, 0x0000000100000000)
  eden space 33280K, 100% used [0x00000000eab00000,0x00000000ecb80000,0x00000000ecb80000)
  from space 5120K, 99% used [0x00000000ecb80000,0x00000000ed07cbe8,0x00000000ed080000)
  to   space 5120K, 0% used [0x00000000ef100000,0x00000000ef100000,0x00000000ef600000)
 ParOldGen       total 87552K, used 4778K [0x00000000c0000000, 0x00000000c5580000, 0x00000000eab00000)
  object space 87552K, 5% used [0x00000000c0000000,0x00000000c04aaa98,0x00000000c5580000)
 Metaspace       used 6269K, capacity 7152K, committed 7296K, reserved 1056768K
  class space    used 594K, capacity 616K, committed 640K, reserved 1048576K
Event: 1.682 GC heap after
Heap after GC invocations=4 (full 0):
 PSYoungGen      total 71680K, used 5097K [0x00000000eab00000, 0x00000000ef600000, 0x0000000100000000)
  eden space 66560K, 0% used [0x00000000eab00000,0x00000000eab00000,0x00000000eec00000)
  from space 5120K, 99% used [0x00000000ef100000,0x00000000ef5fa778,0x00000000ef600000)
  to   space 5120K, 0% used [0x00000000eec00000,0x00000000eec00000,0x00000000ef100000)
 ParOldGen       total 87552K, used 9709K [0x00000000c0000000, 0x00000000c5580000, 0x00000000eab00000)
  object space 87552K, 11% used [0x00000000c0000000,0x00000000c097b5e0,0x00000000c5580000)
 Metaspace       used 6269K, capacity 7152K, committed 7296K, reserved 1056768K
  class space    used 594K, capacity 616K, committed 640K, reserved 1048576K
}
Event: 2.152 GC heap before
{Heap before GC invocations=5 (full 0):
 PSYoungGen      total 71680K, used 71657K [0x00000000eab00000, 0x00000000ef600000, 0x0000000100000000)
  eden space 66560K, 100% used [0x00000000eab00000,0x00000000eec00000,0x00000000eec00000)
  from space 5120K, 99% used [0x00000000ef100000,0x00000000ef5fa778,0x00000000ef600000)
  to   space 5120K, 0% used [0x00000000eec00000,0x00000000eec00000,0x00000000ef100000)
 ParOldGen       total 87552K, used 9709K [0x00000000c0000000, 0x00000000c5580000, 0x00000000eab00000)
  object space 87552K, 11% used [0x00000000c0000000,0x00000000c097b5e0,0x00000000c5580000)
 Metaspace       used 6392K, capacity 7192K, committed 7424K, reserved 1056768K
  class space    used 614K, capacity 656K, committed 768K, reserved 1048576K
Event: 2.185 GC heap after
Heap after GC invocations=5 (full 0):
 PSYoungGen      total 71680K, used 5113K [0x00000000eab00000, 0x00000000f5100000, 0x0000000100000000)
  eden space 66560K, 0% used [0x00000000eab00000,0x00000000eab00000,0x00000000eec00000)
  from space 5120K, 99% used [0x00000000eec00000,0x00000000ef0fe4e0,0x00000000ef100000)
  to   space 18432K, 0% used [0x00000000f3f00000,0x00000000f3f00000,0x00000000f5100000)
 ParOldGen       total 87552K, used 20470K [0x00000000c0000000, 0x00000000c5580000, 0x00000000eab00000)
  object space 87552K, 23% used [0x00000000c0000000,0x00000000c13fda40,0x00000000c5580000)
 Metaspace       used 6392K, capacity 7192K, committed 7424K, reserved 1056768K
  class space    used 614K, capacity 656K, committed 768K, reserved 1048576K
}
Event: 2.591 GC heap before
{Heap before GC invocations=6 (full 0):
 PSYoungGen      total 71680K, used 71673K [0x00000000eab00000, 0x00000000f5100000, 0x0000000100000000)
  eden space 66560K, 100% used [0x00000000eab00000,0x00000000eec00000,0x00000000eec00000)
  from space 5120K, 99% used [0x00000000eec00000,0x00000000ef0fe4e0,0x00000000ef100000)
  to   space 18432K, 0% used [0x00000000f3f00000,0x00000000f3f00000,0x00000000f5100000)
 ParOldGen       total 87552K, used 20470K [0x00000000c0000000, 0x00000000c5580000, 0x00000000eab00000)
  object space 87552K, 23% used [0x00000000c0000000,0x00000000c13fda40,0x00000000c5580000)
 Metaspace       used 6452K, capacity 7256K, committed 7424K, reserved 1056768K
  class space    used 615K, capacity 656K, committed 768K, reserved 1048576K
Event: 2.629 GC heap after
Heap after GC invocations=6 (full 0):
 PSYoungGen      total 148992K, used 15312K [0x00000000eab00000, 0x00000000f5600000, 0x0000000100000000)
  eden space 130560K, 0% used [0x00000000eab00000,0x00000000eab00000,0x00000000f2a80000)
  from space 18432K, 83% used [0x00000000f3f00000,0x00000000f4df40d0,0x00000000f5100000)
  to   space 20992K, 0% used [0x00000000f2a80000,0x00000000f2a80000,0x00000000f3f00000)
 ParOldGen       total 87552K, used 20470K [0x00000000c0000000, 0x00000000c5580000, 0x00000000eab00000)
  object space 87552K, 23% used [0x00000000c0000000,0x00000000c13fda40,0x00000000c5580000)
 Metaspace       used 6452K, capacity 7256K, committed 7424K, reserved 1056768K
  class space    used 615K, capacity 656K, committed 768K, reserved 1048576K
}
Event: 3.424 GC heap before
{Heap before GC invocations=7 (full 0):
 PSYoungGen      total 148992K, used 145872K [0x00000000eab00000, 0x00000000f5600000, 0x0000000100000000)
  eden space 130560K, 100% used [0x00000000eab00000,0x00000000f2a80000,0x00000000f2a80000)
  from space 18432K, 83% used [0x00000000f3f00000,0x00000000f4df40d0,0x00000000f5100000)
  to   space 20992K, 0% used [0x00000000f2a80000,0x00000000f2a80000,0x00000000f3f00000)
 ParOldGen       total 87552K, used 20470K [0x00000000c0000000, 0x00000000c5580000, 0x00000000eab00000)
  object space 87552K, 23% used [0x00000000c0000000,0x00000000c13fda40,0x00000000c5580000)
 Metaspace       used 6481K, capacity 7256K, committed 7424K, reserved 1056768K
  class space    used 615K, capacity 656K, committed 768K, reserved 1048576K
Event: 3.497 GC heap after
Heap after GC invocations=7 (full 0):
 PSYoungGen      total 151552K, used 20989K [0x00000000eab00000, 0x00000000fe700000, 0x0000000100000000)
  eden space 130560K, 0% used [0x00000000eab00000,0x00000000eab00000,0x00000000f2a80000)
  from space 20992K, 99% used [0x00000000f2a80000,0x00000000f3eff6d8,0x00000000f3f00000)
  to   space 31232K, 0% used [0x00000000fc880000,0x00000000fc880000,0x00000000fe700000)
 ParOldGen       total 87552K, used 32539K [0x00000000c0000000, 0x00000000c5580000, 0x00000000eab00000)
  object space 87552K, 37% used [0x00000000c0000000,0x00000000c1fc6c60,0x00000000c5580000)
 Metaspace       used 6481K, capacity 7256K, committed 7424K, reserved 1056768K
  class space    used 615K, capacity 656K, committed 768K, reserved 1048576K
}
Event: 4.199 GC heap before
{Heap before GC invocations=8 (full 0):
 PSYoungGen      total 151552K, used 151549K [0x00000000eab00000, 0x00000000fe700000, 0x0000000100000000)
  eden space 130560K, 100% used [0x00000000eab00000,0x00000000f2a80000,0x00000000f2a80000)
  from space 20992K, 99% used [0x00000000f2a80000,0x00000000f3eff6d8,0x00000000f3f00000)
  to   space 31232K, 0% used [0x00000000fc880000,0x00000000fc880000,0x00000000fe700000)
 ParOldGen       total 87552K, used 32539K [0x00000000c0000000, 0x00000000c5580000, 0x00000000eab00000)
  object space 87552K, 37% used [0x00000000c0000000,0x00000000c1fc6c60,0x00000000c5580000)
 Metaspace       used 6502K, capacity 7320K, committed 7680K, reserved 1056768K
  class space    used 615K, capacity 656K, committed 768K, reserved 1048576K
Event: 4.255 GC heap after
Heap after GC invocations=8 (full 0):
 PSYoungGen      total 283136K, used 31218K [0x00000000eab00000, 0x00000000ff900000, 0x0000000100000000)
  eden space 251904K, 0% used [0x00000000eab00000,0x00000000eab00000,0x00000000fa100000)
  from space 31232K, 99% used [0x00000000fc880000,0x00000000fe6fcbb8,0x00000000fe700000)
  to   space 40448K, 0% used [0x00000000fa100000,0x00000000fa100000,0x00000000fc880000)
 ParOldGen       total 87552K, used 40260K [0x00000000c0000000, 0x00000000c5580000, 0x00000000eab00000)
  object space 87552K, 45% used [0x00000000c0000000,0x00000000c2751278,0x00000000c5580000)
 Metaspace       used 6502K, capacity 7320K, committed 7680K, reserved 1056768K
  class space    used 615K, capacity 656K, committed 768K, reserved 1048576K
}

Deoptimization events (10 events):
Event: 1.736 Thread 0x00000000171bf000 Uncommon trap: reason=class_check action=maybe_recompile pc=0x0000000002a9dfa8 method=com.android.dx.cf.code.BytecodeArray.parseInstruction(ILcom/android/dx/cf/code/BytecodeArray$Visitor;)I @ 1258
Event: 1.736 Thread 0x00000000171bf000 Uncommon trap: reason=class_check action=maybe_recompile pc=0x0000000002a9e8d0 method=com.android.dx.cf.code.BytecodeArray.parseInstruction(ILcom/android/dx/cf/code/BytecodeArray$Visitor;)I @ 2062
Event: 1.798 Thread 0x00000000171bf000 Uncommon trap: reason=unreached action=reinterpret pc=0x00000000027c2ee4 method=java.util.HashMap.getNode(ILjava/lang/Object;)Ljava/util/HashMap$Node; @ 84
Event: 1.798 Thread 0x00000000171bf000 Uncommon trap: reason=unreached action=reinterpret pc=0x000000000292d7ec method=java.util.HashMap.getNode(ILjava/lang/Object;)Ljava/util/HashMap$Node; @ 84
Event: 1.798 Thread 0x00000000171bf000 Uncommon trap: reason=unreached action=reinterpret pc=0x00000000026886e4 method=java.util.HashMap.getNode(ILjava/lang/Object;)Ljava/util/HashMap$Node; @ 84
Event: 1.805 Thread 0x0000000017254000 Uncommon trap: reason=unreached action=reinterpret pc=0x0000000002930d74 method=java.util.HashMap.putVal(ILjava/lang/Object;Ljava/lang/Object;ZZ)Ljava/lang/Object; @ 109
Event: 2.414 Thread 0x00000000171bf000 Uncommon trap: reason=unreached action=reinterpret pc=0x0000000002ad7d34 method=com.android.dx.ssa.SCCP.simulateBranch(Lcom/android/dx/ssa/SsaInsn;)V @ 132
Event: 2.417 Thread 0x00000000171bf000 Uncommon trap: reason=unreached action=reinterpret pc=0x00000000029649dc method=com.android.dx.ssa.SsaMethod.updateOneDefinition(Lcom/android/dx/ssa/SsaInsn;Lcom/android/dx/rop/code/RegisterSpec;)V @ 4
Event: 2.757 Thread 0x0000000017139000 Uncommon trap: reason=bimorphic action=maybe_recompile pc=0x0000000002af5c6c method=com.android.dx.cf.code.BytecodeArray.parseInstruction(ILcom/android/dx/cf/code/BytecodeArray$Visitor;)I @ 1161
Event: 2.758 Thread 0x0000000017139000 Uncommon trap: reason=bimorphic action=maybe_recompile pc=0x0000000002af5c6c method=com.android.dx.cf.code.BytecodeArray.parseInstruction(ILcom/android/dx/cf/code/BytecodeArray$Visitor;)I @ 1161

Internal exceptions (10 events):
Event: 0.970 Thread 0x0000000017254000 Exception <a 'java/security/PrivilegedActionException'> (0x00000000eaedf428) thrown at [D:\re\workspace\8-2-build-windows-amd64-cygwin\jdk8u20\1074\hotspot\src\share\vm\prims\jvm.cpp, line 1275]
Event: 1.001 Thread 0x00000000171bf000 Implicit null exception at 0x000000000280bf86 to 0x000000000280d30d
Event: 1.293 Thread 0x00000000171bf000 Exception <a 'java/security/PrivilegedActionException'> (0x00000000ebcb9d68) thrown at [D:\re\workspace\8-2-build-windows-amd64-cygwin\jdk8u20\1074\hotspot\src\share\vm\prims\jvm.cpp, line 1275]
Event: 1.448 Thread 0x000000001713a000 Implicit null exception at 0x00000000027ca427 to 0x00000000027cc975
Event: 1.695 Thread 0x0000000017139000 Implicit null exception at 0x0000000002974198 to 0x0000000002974305
Event: 1.738 Thread 0x00000000001bd800 Exception <a 'java/security/PrivilegedActionException'> (0x00000000eb4e9cf8) thrown at [D:\re\workspace\8-2-build-windows-amd64-cygwin\jdk8u20\1074\hotspot\src\share\vm\prims\jvm.cpp, line 1275]
Event: 1.795 Thread 0x00000000171bf000 Exception <a 'java/lang/ArrayIndexOutOfBoundsException': 18> (0x00000000ebcfc900) thrown at [D:\re\workspace\8-2-build-windows-amd64-cygwin\jdk8u20\1074\hotspot\src\share\vm\interpreter\interpreterRuntime.cpp, line 366]
Event: 1.796 Thread 0x00000000171bf000 Exception <a 'java/lang/ArrayIndexOutOfBoundsException'> (0x00000000ebcfe398) thrown at [D:\re\workspace\8-2-build-windows-amd64-cygwin\jdk8u20\1074\hotspot\src\share\vm\runtime\sharedRuntime.cpp, line 604]
Event: 1.797 Thread 0x00000000171bf000 Exception <a 'java/lang/ArrayIndexOutOfBoundsException'> (0x00000000ebcff5b0) thrown at [D:\re\workspace\8-2-build-windows-amd64-cygwin\jdk8u20\1074\hotspot\src\share\vm\runtime\sharedRuntime.cpp, line 604]
Event: 2.417 Thread 0x00000000171bf000 Exception <a 'java/security/PrivilegedActionException'> (0x00000000ed055960) thrown at [D:\re\workspace\8-2-build-windows-amd64-cygwin\jdk8u20\1074\hotspot\src\share\vm\prims\jvm.cpp, line 1275]

Events (10 events):
Event: 3.657 Thread 0x0000000017254000 DEOPT PACKING pc=0x0000000002a260e4 sp=0x000000001860e870
Event: 3.657 Thread 0x0000000017254000 DEOPT UNPACKING pc=0x00000000024475bf sp=0x000000001860e5d8 mode 0
Event: 4.077 Executing VM operation: EnableBiasedLocking
Event: 4.078 Executing VM operation: EnableBiasedLocking done
Event: 4.081 Thread 0x0000000017254000 DEOPT PACKING pc=0x00000000028efd64 sp=0x000000001860e610
Event: 4.081 Thread 0x0000000017254000 DEOPT UNPACKING pc=0x00000000024475bf sp=0x000000001860e320 mode 0
Event: 4.192 Thread 0x0000000017139000 DEOPT PACKING pc=0x0000000002957fa5 sp=0x000000001840ef50
Event: 4.192 Thread 0x0000000017139000 DEOPT UNPACKING pc=0x00000000024475bf sp=0x000000001840ec88 mode 0
Event: 4.199 Executing VM operation: ParallelGCFailedAllocation
Event: 4.255 Executing VM operation: ParallelGCFailedAllocation done


Dynamic libraries:
0x00007ff666c40000 - 0x00007ff666c74000 	C:\Program Files\Java\jdk1.8.0_20\bin\java.exe
0x00007ff8604a0000 - 0x00007ff860661000 	C:\WINDOWS\SYSTEM32\ntdll.dll
0x00007ff85e790000 - 0x00007ff85e83d000 	C:\WINDOWS\system32\KERNEL32.DLL
0x00007ff85ce80000 - 0x00007ff85d068000 	C:\WINDOWS\system32\KERNELBASE.dll
0x00007ff85ee90000 - 0x00007ff85ef37000 	C:\WINDOWS\system32\ADVAPI32.dll
0x00007ff85e170000 - 0x00007ff85e20d000 	C:\WINDOWS\system32\msvcrt.dll
0x00007ff85e320000 - 0x00007ff85e37b000 	C:\WINDOWS\system32\sechost.dll
0x00007ff85e380000 - 0x00007ff85e49c000 	C:\WINDOWS\system32\RPCRT4.dll
0x00007ff85dda0000 - 0x00007ff85def6000 	C:\WINDOWS\system32\USER32.dll
0x00007ff85db00000 - 0x00007ff85dc86000 	C:\WINDOWS\system32\GDI32.dll
0x00007ff8532f0000 - 0x00007ff853564000 	C:\WINDOWS\WinSxS\amd64_microsoft.windows.common-controls_6595b64144ccf1df_6.0.10586.589_none_a2ddb3caa539acce\COMCTL32.dll
0x00007ff85d880000 - 0x00007ff85dafd000 	C:\WINDOWS\system32\combase.dll
0x00007ff85d810000 - 0x00007ff85d87a000 	C:\WINDOWS\system32\bcryptPrimitives.dll
0x00007ff85e210000 - 0x00007ff85e24b000 	C:\WINDOWS\system32\IMM32.DLL
0x0000000074570000 - 0x0000000074642000 	C:\Program Files\Java\jdk1.8.0_20\jre\bin\msvcr100.dll
0x0000000073d10000 - 0x0000000074568000 	C:\Program Files\Java\jdk1.8.0_20\jre\bin\server\jvm.dll
0x00007ff85df00000 - 0x00007ff85df08000 	C:\WINDOWS\system32\PSAPI.DLL
0x00007ff850930000 - 0x00007ff850939000 	C:\WINDOWS\SYSTEM32\WSOCK32.dll
0x00007ff85b1a0000 - 0x00007ff85b1c3000 	C:\WINDOWS\SYSTEM32\WINMM.dll
0x00007ff85e660000 - 0x00007ff85e6cb000 	C:\WINDOWS\system32\WS2_32.dll
0x00007ff85b170000 - 0x00007ff85b19c000 	C:\WINDOWS\SYSTEM32\WINMMBASE.dll
0x00007ff85cb30000 - 0x00007ff85cb73000 	C:\WINDOWS\system32\cfgmgr32.dll
0x0000000073d00000 - 0x0000000073d0f000 	C:\Program Files\Java\jdk1.8.0_20\jre\bin\verify.dll
0x0000000073cd0000 - 0x0000000073cf8000 	C:\Program Files\Java\jdk1.8.0_20\jre\bin\java.dll
0x0000000073cb0000 - 0x0000000073cc6000 	C:\Program Files\Java\jdk1.8.0_20\jre\bin\zip.dll
0x00007ff85ef40000 - 0x00007ff86049c000 	C:\WINDOWS\system32\SHELL32.dll
0x00007ff85d1c0000 - 0x00007ff85d805000 	C:\WINDOWS\system32\windows.storage.dll
0x00007ff85e730000 - 0x00007ff85e782000 	C:\WINDOWS\system32\shlwapi.dll
0x00007ff85caa0000 - 0x00007ff85caaf000 	C:\WINDOWS\system32\kernel.appcore.dll
0x00007ff85d100000 - 0x00007ff85d1b5000 	C:\WINDOWS\system32\shcore.dll
0x00007ff85cab0000 - 0x00007ff85cafb000 	C:\WINDOWS\system32\powrprof.dll
0x00007ff85cb00000 - 0x00007ff85cb14000 	C:\WINDOWS\system32\profapi.dll
0x00007ff851850000 - 0x00007ff8519dc000 	C:\WINDOWS\SYSTEM32\dbghelp.dll

VM Arguments:
jvm_args: -Djava.awt.headless=true -Xmx1024M -Dfile.encoding=windows-1252 -Duser.country=US -Duser.language=en -Duser.variant 
java_command: com.android.dx.command.Main --dex --num-threads=4 --multi-dex --main-dex-list C:\Users\admin\Documents\GitHub\ShaneelSD\SoftwareDesign\FindMeTutor\FindMeTutor\tutor_app\build\intermediates\multi-dex\debug\maindexlist.txt --output C:\Users\admin\Documents\GitHub\ShaneelSD\SoftwareDesign\FindMeTutor\FindMeTutor\tutor_app\build\intermediates\transforms\dex\debug\folders\1000\1f\main C:\Users\admin\Documents\GitHub\ShaneelSD\SoftwareDesign\FindMeTutor\FindMeTutor\tutor_app\build\intermediates\transforms\jarMerging\debug\jars\1\1f\combined.jar
java_class_path (initial): C:\Users\admin\AppData\Local\Android\sdk\build-tools\24.0.1\lib\dx.jar
Launcher Type: SUN_STANDARD

Environment Variables:
PATH=C:\ProgramData\Oracle\Java\javapath;C:\Program Files (x86)\Intel\iCLS Client\;C:\Program Files\Intel\iCLS Client\;C:\WINDOWS\system32;C:\WINDOWS;C:\WINDOWS\System32\Wbem;C:\WINDOWS\System32\WindowsPowerShell\v1.0\;C:\Program Files\Intel\Intel(R) Management Engine Components\DAL;C:\Program Files\Intel\Intel(R) Management Engine Components\IPT;C:\Program Files (x86)\Intel\Intel(R) Management Engine Components\DAL;C:\Program Files (x86)\Intel\Intel(R) Management Engine Components\IPT;C:\Program Files\WIDCOMM\Bluetooth Software\;C:\Program Files\WIDCOMM\Bluetooth Software\syswow64;C:\Program Files (x86)\Intel\OpenCL SDK\2.0\bin\x86;C:\Program Files (x86)\Intel\OpenCL SDK\2.0\bin\x64;C:\Program Files\Intel\WiFi\bin\;C:\Program Files\Common Files\Intel\WirelessCommon\;c:\Program Files (x86)\Microsoft SQL Server\100\Tools\Binn\;c:\Program Files\Microsoft SQL Server\100\Tools\Binn\;c:\Program Files\Microsoft SQL Server\100\DTS\Binn\;C:\Program Files (x86)\MySQL\MySQL Fabric 1.5.4 & MySQL Utilities 1.5.4 1.5\;C:\Program Files (x86)\MySQL\MySQL Fabric 1.5.4 & MySQL Utilities 1.5.4 1.5\Doctrine extensions for PHP\;C:\Program Files (x86)\Borland\Delphi7\Bin;C:\Program Files (x86)\Borland\Delphi7\Projects\Bpl;C:\Program Files (x86)\Borland\Delphi7\Rave5;C:\Program Files\Git\cmd;C:\Program Files (x86)\OpenVPN\bin;C:\Program Files\Intel\WiFi\bin\;C:\Program Files\Common Files\Intel\WirelessCommon\
USERNAME=admin
OS=Windows_NT
PROCESSOR_IDENTIFIER=Intel64 Family 6 Model 58 Stepping 9, GenuineIntel



---------------  S Y S T E M  ---------------

OS: Windows 8.1 , 64 bit Build 9600 

CPU:total 4 (2 cores per cpu, 2 threads per core) family 6 model 58 stepping 9, cmov, cx8, fxsr, mmx, sse, sse2, sse3, ssse3, sse4.1, sse4.2, popcnt, avx, aes, clmul, erms, ht, tsc, tscinvbit, tscinv

Memory: 4k page, physical 8258576k(2079108k free), swap 10306576k(4092k free)

vm_info: Java HotSpot(TM) 64-Bit Server VM (25.20-b23) for windows-amd64 JRE (1.8.0_20-b26), built on Jul 30 2014 13:51:23 by "java_re" with MS VC++ 10.0 (VS2010)

time: Thu Oct 27 11:33:11 2016
elapsed time: 4 seconds (0d 0h 0m 4s)

