#
# There is insufficient memory for the Java Runtime Environment to continue.
# Native memory allocation (malloc) failed to allocate 67108880 bytes for Chunk::new
# Possible reasons:
#   The system is out of physical RAM or swap space
#   In 32 bit mode, the process size limit was hit
# Possible solutions:
#   Reduce memory load on the system
#   Increase physical memory or swap space
#   Check if swap backing store is full
#   Use 64 bit Java on a 64 bit OS
#   Decrease Java heap size (-Xmx/-Xms)
#   Decrease number of Java threads
#   Decrease Java thread stack sizes (-Xss)
#   Set larger code cache with -XX:ReservedCodeCacheSize=
# This output file may be truncated or incomplete.
#
#  Out of Memory Error (allocation.cpp:390), pid=13360, tid=5656
#
# JRE version: Java(TM) SE Runtime Environment (8.0_20-b26) (build 1.8.0_20-b26)
# Java VM: Java HotSpot(TM) 64-Bit Server VM (25.20-b23 mixed mode windows-amd64 compressed oops)
# Failed to write core dump. Minidumps are not enabled by default on client versions of Windows
#

---------------  T H R E A D  ---------------

Current thread (0x000000001534a800):  JavaThread "C2 CompilerThread0" daemon [_thread_in_native, id=5656, stack(0x00000000168a0000,0x00000000169a0000)]

Stack: [0x00000000168a0000,0x00000000169a0000]
Native frames: (J=compiled Java code, j=interpreted, Vv=VM code, C=native code)
V  [jvm.dll+0x3152fa]
V  [jvm.dll+0x265d03]
V  [jvm.dll+0x266943]
V  [jvm.dll+0x25e265]
V  [jvm.dll+0xbe255]
V  [jvm.dll+0xbe6fc]
V  [jvm.dll+0xf3878]
V  [jvm.dll+0x45df30]
V  [jvm.dll+0x45e1ea]
V  [jvm.dll+0x45f0cf]
V  [jvm.dll+0x461191]
V  [jvm.dll+0x4635c5]
V  [jvm.dll+0x463f4c]
V  [jvm.dll+0x464293]
V  [jvm.dll+0x451093]
V  [jvm.dll+0x452634]
V  [jvm.dll+0x435fc2]
V  [jvm.dll+0x97b62]
V  [jvm.dll+0x98353]
V  [jvm.dll+0x22aac4]
V  [jvm.dll+0x283f5a]
C  [msvcr100.dll+0x21d9f]
C  [msvcr100.dll+0x21e3b]
C  [KERNEL32.DLL+0x18102]
C  [ntdll.dll+0x5c5b4]


Current CompileTask:
C2:  25329 2112   !   4       com.android.dx.cf.code.Ropper::processBlock (1101 bytes)


---------------  P R O C E S S  ---------------

Java Threads: ( => current thread )
  0x0000000016bc5000 JavaThread "Service Thread" daemon [_thread_blocked, id=4864, stack(0x0000000016fa0000,0x00000000170a0000)]
  0x000000001533d800 JavaThread "C1 CompilerThread2" daemon [_thread_blocked, id=8168, stack(0x0000000016aa0000,0x0000000016ba0000)]
  0x000000001533a800 JavaThread "C2 CompilerThread1" daemon [_thread_blocked, id=14044, stack(0x00000000169a0000,0x0000000016aa0000)]
=>0x000000001534a800 JavaThread "C2 CompilerThread0" daemon [_thread_in_native, id=5656, stack(0x00000000168a0000,0x00000000169a0000)]
  0x0000000015348800 JavaThread "Attach Listener" daemon [_thread_blocked, id=8780, stack(0x00000000167a0000,0x00000000168a0000)]
  0x0000000002c66800 JavaThread "Finalizer" daemon [_thread_blocked, id=13316, stack(0x00000000165a0000,0x00000000166a0000)]
  0x0000000002c5d800 JavaThread "Reference Handler" daemon [_thread_blocked, id=13972, stack(0x00000000164a0000,0x00000000165a0000)]

Other Threads:
  0x0000000015306000 VMThread [stack: 0x00000000163a0000,0x00000000164a0000] [id=12712]

VM state:at safepoint (normal execution)

VM Mutex/Monitor currently owned by a thread:  ([mutex/lock_event])
[0x00000000029ece80] Threads_lock - owner thread: 0x0000000015306000
[0x00000000029ed100] Heap_lock - owner thread: 0x0000000016f96000

Heap:
 PSYoungGen      total 226816K, used 168738K [0x00000000eab00000, 0x0000000100000000, 0x0000000100000000)
  eden space 116736K, 52% used [0x00000000eab00000,0x00000000ee7003e8,0x00000000f1d00000)
  from space 110080K, 97% used [0x00000000f9480000,0x00000000ffd48790,0x0000000100000000)
  to   space 116224K, 0% used [0x00000000f1d00000,0x00000000f1d00000,0x00000000f8e80000)
 ParOldGen       total 305152K, used 175717K [0x00000000c0000000, 0x00000000d2a00000, 0x00000000eab00000)
  object space 305152K, 57% used [0x00000000c0000000,0x00000000cab99508,0x00000000d2a00000)
 Metaspace       used 7390K, capacity 7832K, committed 7936K, reserved 1056768K
  class space    used 669K, capacity 720K, committed 768K, reserved 1048576K

Card table byte_map: [0x0000000012030000,0x0000000012240000] byte_map_base: 0x0000000011a30000

Marking Bits: (ParMarkBitMap*) 0x000000006451b460
 Begin Bits: [0x00000000127a0000, 0x00000000137a0000)
 End Bits:   [0x00000000137a0000, 0x00000000147a0000)

Polling page: 0x00000000029c0000

CodeCache: size=245760Kb used=11883Kb max_used=13287Kb free=233876Kb
 bounds [0x0000000002c70000, 0x0000000003980000, 0x0000000011c70000]
 total_blobs=3182 nmethods=2908 adapters=187
 compilation: enabled

Compilation events (10 events):
Event: 20.399 Thread 0x000000001533a800 3299       4       sun.security.provider.ByteArrayAccess::b2iBig64 (614 bytes)
Event: 20.402 Thread 0x000000001533a800 nmethod 3299 0x0000000002dd4850 code [0x0000000002dd4980, 0x0000000002dd4b98]
Event: 20.402 Thread 0x000000001533a800 3300 %     4       sun.security.provider.SHA::implCompress @ 203 (491 bytes)
Event: 20.415 Thread 0x000000001533a800 nmethod 3300% 0x0000000002d7efd0 code [0x0000000002d7f120, 0x0000000002d7f898]
Event: 20.415 Thread 0x000000001533a800 3291       4       java.lang.CharacterDataLatin1::toLowerCase (39 bytes)
Event: 20.416 Thread 0x000000001533a800 nmethod 3291 0x0000000002f09090 code [0x0000000002f091c0, 0x0000000002f09278]
Event: 20.416 Thread 0x000000001533a800 3295       4       java.lang.Integer::reverseBytes (26 bytes)
Event: 20.416 Thread 0x000000001533a800 nmethod 3295 0x00000000037a3410 code [0x00000000037a3540, 0x00000000037a35b8]
Event: 20.416 Thread 0x000000001533a800 3301       4       sun.security.provider.SHA::implCompress (491 bytes)
Event: 20.432 Thread 0x000000001533a800 nmethod 3301 0x00000000032767d0 code [0x0000000003276920, 0x0000000003277288]

GC Heap History (10 events):
Event: 11.570 GC heap before
{Heap before GC invocations=12 (full 2):
 PSYoungGen      total 214528K, used 58874K [0x00000000eab00000, 0x0000000100000000, 0x0000000100000000)
  eden space 155648K, 0% used [0x00000000eab00000,0x00000000eab00000,0x00000000f4300000)
  from space 58880K, 99% used [0x00000000fc680000,0x00000000ffffebb0,0x0000000100000000)
  to   space 96768K, 0% used [0x00000000f4300000,0x00000000f4300000,0x00000000fa180000)
 ParOldGen       total 171008K, used 143454K [0x00000000c0000000, 0x00000000ca700000, 0x00000000eab00000)
  object space 171008K, 83% used [0x00000000c0000000,0x00000000c8c17948,0x00000000ca700000)
 Metaspace       used 6550K, capacity 7320K, committed 7680K, reserved 1056768K
  class space    used 616K, capacity 656K, committed 768K, reserved 1048576K
Event: 13.334 GC heap after
Heap after GC invocations=12 (full 2):
 PSYoungGen      total 214528K, used 25517K [0x00000000eab00000, 0x0000000100000000, 0x0000000100000000)
  eden space 155648K, 0% used [0x00000000eab00000,0x00000000eab00000,0x00000000f4300000)
  from space 58880K, 43% used [0x00000000fc680000,0x00000000fdf6b770,0x0000000100000000)
  to   space 96768K, 0% used [0x00000000f4300000,0x00000000f4300000,0x00000000fa180000)
 ParOldGen       total 305152K, used 170733K [0x00000000c0000000, 0x00000000d2a00000, 0x00000000eab00000)
  object space 305152K, 55% used [0x00000000c0000000,0x00000000ca6bb508,0x00000000d2a00000)
 Metaspace       used 6550K, capacity 7320K, committed 7680K, reserved 1056768K
  class space    used 616K, capacity 656K, committed 768K, reserved 1048576K
}
Event: 14.080 GC heap before
{Heap before GC invocations=13 (full 2):
 PSYoungGen      total 214528K, used 181165K [0x00000000eab00000, 0x0000000100000000, 0x0000000100000000)
  eden space 155648K, 100% used [0x00000000eab00000,0x00000000f4300000,0x00000000f4300000)
  from space 58880K, 43% used [0x00000000fc680000,0x00000000fdf6b770,0x0000000100000000)
  to   space 96768K, 0% used [0x00000000f4300000,0x00000000f4300000,0x00000000fa180000)
 ParOldGen       total 305152K, used 170733K [0x00000000c0000000, 0x00000000d2a00000, 0x00000000eab00000)
  object space 305152K, 55% used [0x00000000c0000000,0x00000000ca6bb508,0x00000000d2a00000)
 Metaspace       used 6555K, capacity 7320K, committed 7680K, reserved 1056768K
  class space    used 616K, capacity 656K, committed 768K, reserved 1048576K
Event: 14.249 GC heap after
Heap after GC invocations=13 (full 2):
 PSYoungGen      total 252416K, used 45230K [0x00000000eab00000, 0x0000000100000000, 0x0000000100000000)
  eden space 155648K, 0% used [0x00000000eab00000,0x00000000eab00000,0x00000000f4300000)
  from space 96768K, 46% used [0x00000000f4300000,0x00000000f6f2b8a8,0x00000000fa180000)
  to   space 94208K, 0% used [0x00000000fa400000,0x00000000fa400000,0x0000000100000000)
 ParOldGen       total 305152K, used 175717K [0x00000000c0000000, 0x00000000d2a00000, 0x00000000eab00000)
  object space 305152K, 57% used [0x00000000c0000000,0x00000000cab99508,0x00000000d2a00000)
 Metaspace       used 6555K, capacity 7320K, committed 7680K, reserved 1056768K
  class space    used 616K, capacity 656K, committed 768K, reserved 1048576K
}
Event: 14.883 GC heap before
{Heap before GC invocations=14 (full 2):
 PSYoungGen      total 252416K, used 200878K [0x00000000eab00000, 0x0000000100000000, 0x0000000100000000)
  eden space 155648K, 100% used [0x00000000eab00000,0x00000000f4300000,0x00000000f4300000)
  from space 96768K, 46% used [0x00000000f4300000,0x00000000f6f2b8a8,0x00000000fa180000)
  to   space 94208K, 0% used [0x00000000fa400000,0x00000000fa400000,0x0000000100000000)
 ParOldGen       total 305152K, used 175717K [0x00000000c0000000, 0x00000000d2a00000, 0x00000000eab00000)
  object space 305152K, 57% used [0x00000000c0000000,0x00000000cab99508,0x00000000d2a00000)
 Metaspace       used 6569K, capacity 7320K, committed 7680K, reserved 1056768K
  class space    used 616K, capacity 656K, committed 768K, reserved 1048576K
Event: 14.997 GC heap after
Heap after GC invocations=14 (full 2):
 PSYoungGen      total 244736K, used 66299K [0x00000000eab00000, 0x0000000100000000, 0x0000000100000000)
  eden space 150528K, 0% used [0x00000000eab00000,0x00000000eab00000,0x00000000f3e00000)
  from space 94208K, 70% used [0x00000000fa400000,0x00000000fe4bedf8,0x0000000100000000)
  to   space 99328K, 0% used [0x00000000f3e00000,0x00000000f3e00000,0x00000000f9f00000)
 ParOldGen       total 305152K, used 175717K [0x00000000c0000000, 0x00000000d2a00000, 0x00000000eab00000)
  object space 305152K, 57% used [0x00000000c0000000,0x00000000cab99508,0x00000000d2a00000)
 Metaspace       used 6569K, capacity 7320K, committed 7680K, reserved 1056768K
  class space    used 616K, capacity 656K, committed 768K, reserved 1048576K
}
Event: 15.585 GC heap before
{Heap before GC invocations=15 (full 2):
 PSYoungGen      total 244736K, used 216827K [0x00000000eab00000, 0x0000000100000000, 0x0000000100000000)
  eden space 150528K, 100% used [0x00000000eab00000,0x00000000f3e00000,0x00000000f3e00000)
  from space 94208K, 70% used [0x00000000fa400000,0x00000000fe4bedf8,0x0000000100000000)
  to   space 99328K, 0% used [0x00000000f3e00000,0x00000000f3e00000,0x00000000f9f00000)
 ParOldGen       total 305152K, used 175717K [0x00000000c0000000, 0x00000000d2a00000, 0x00000000eab00000)
  object space 305152K, 57% used [0x00000000c0000000,0x00000000cab99508,0x00000000d2a00000)
 Metaspace       used 6570K, capacity 7320K, committed 7680K, reserved 1056768K
  class space    used 616K, capacity 656K, committed 768K, reserved 1048576K
Event: 15.748 GC heap after
Heap after GC invocations=15 (full 2):
 PSYoungGen      total 236032K, used 85066K [0x00000000eab00000, 0x0000000100000000, 0x0000000100000000)
  eden space 150528K, 0% used [0x00000000eab00000,0x00000000eab00000,0x00000000f3e00000)
  from space 85504K, 99% used [0x00000000f3e00000,0x00000000f9112958,0x00000000f9180000)
  to   space 110080K, 0% used [0x00000000f9480000,0x00000000f9480000,0x0000000100000000)
 ParOldGen       total 305152K, used 175717K [0x00000000c0000000, 0x00000000d2a00000, 0x00000000eab00000)
  object space 305152K, 57% used [0x00000000c0000000,0x00000000cab99508,0x00000000d2a00000)
 Metaspace       used 6570K, capacity 7320K, committed 7680K, reserved 1056768K
  class space    used 616K, capacity 656K, committed 768K, reserved 1048576K
}
Event: 18.782 GC heap before
{Heap before GC invocations=16 (full 2):
 PSYoungGen      total 236032K, used 235594K [0x00000000eab00000, 0x0000000100000000, 0x0000000100000000)
  eden space 150528K, 100% used [0x00000000eab00000,0x00000000f3e00000,0x00000000f3e00000)
  from space 85504K, 99% used [0x00000000f3e00000,0x00000000f9112958,0x00000000f9180000)
  to   space 110080K, 0% used [0x00000000f9480000,0x00000000f9480000,0x0000000100000000)
 ParOldGen       total 305152K, used 175717K [0x00000000c0000000, 0x00000000d2a00000, 0x00000000eab00000)
  object space 305152K, 57% used [0x00000000c0000000,0x00000000cab99508,0x00000000d2a00000)
 Metaspace       used 6918K, capacity 7672K, committed 7936K, reserved 1056768K
  class space    used 635K, capacity 688K, committed 768K, reserved 1048576K
Event: 18.989 GC heap after
Heap after GC invocations=16 (full 2):
 PSYoungGen      total 226816K, used 107297K [0x00000000eab00000, 0x0000000100000000, 0x0000000100000000)
  eden space 116736K, 0% used [0x00000000eab00000,0x00000000eab00000,0x00000000f1d00000)
  from space 110080K, 97% used [0x00000000f9480000,0x00000000ffd48790,0x0000000100000000)
  to   space 116224K, 0% used [0x00000000f1d00000,0x00000000f1d00000,0x00000000f8e80000)
 ParOldGen       total 305152K, used 175717K [0x00000000c0000000, 0x00000000d2a00000, 0x00000000eab00000)
  object space 305152K, 57% used [0x00000000c0000000,0x00000000cab99508,0x00000000d2a00000)
 Metaspace       used 6918K, capacity 7672K, committed 7936K, reserved 1056768K
  class space    used 635K, capacity 688K, committed 768K, reserved 1048576K
}

Deoptimization events (10 events):
Event: 16.256 Thread 0x0000000016f98800 Uncommon trap: reason=class_check action=maybe_recompile pc=0x00000000031f60e4 method=java.util.Arrays.hashCode([Ljava/lang/Object;)I @ 43
Event: 16.256 Thread 0x0000000016f98800 Uncommon trap: reason=class_check action=maybe_recompile pc=0x00000000031bfa08 method=java.util.Arrays.hashCode([Ljava/lang/Object;)I @ 43
Event: 17.722 Thread 0x0000000016f98800 Uncommon trap: reason=speculate_class_check action=maybe_recompile pc=0x000000000303f438 method=com.android.dx.util.FixedSizeList.equals(Ljava/lang/Object;)Z @ 25
Event: 17.722 Thread 0x0000000016f98800 Uncommon trap: reason=speculate_class_check action=maybe_recompile pc=0x000000000303f438 method=com.android.dx.util.FixedSizeList.equals(Ljava/lang/Object;)Z @ 25
Event: 17.722 Thread 0x0000000016f98800 Uncommon trap: reason=speculate_class_check action=maybe_recompile pc=0x000000000303f438 method=com.android.dx.util.FixedSizeList.equals(Ljava/lang/Object;)Z @ 25
Event: 17.722 Thread 0x0000000016f98800 Uncommon trap: reason=speculate_class_check action=maybe_recompile pc=0x000000000303f438 method=com.android.dx.util.FixedSizeList.equals(Ljava/lang/Object;)Z @ 25
Event: 20.373 Thread 0x0000000016f98800 Uncommon trap: reason=unreached action=reinterpret pc=0x0000000003013828 method=java.util.Arrays.copyOf([Ljava/lang/Object;ILjava/lang/Class;)[Ljava/lang/Object; @ 3
Event: 20.374 Thread 0x0000000016f98800 Uncommon trap: reason=class_check action=maybe_recompile pc=0x00000000036b9adc method=java.util.HashMap.putVal(ILjava/lang/Object;Ljava/lang/Object;ZZ)Ljava/lang/Object; @ 56
Event: 20.374 Thread 0x0000000016f98800 Uncommon trap: reason=class_check action=maybe_recompile pc=0x00000000036b9b44 method=java.util.HashMap.putVal(ILjava/lang/Object;Ljava/lang/Object;ZZ)Ljava/lang/Object; @ 152
Event: 20.374 Thread 0x0000000016f98800 Uncommon trap: reason=class_check action=maybe_recompile pc=0x00000000036b9adc method=java.util.HashMap.putVal(ILjava/lang/Object;Ljava/lang/Object;ZZ)Ljava/lang/Object; @ 56

Internal exceptions (10 events):
Event: 17.719 Thread 0x0000000016f98800 Exception <a 'java/security/PrivilegedActionException'> (0x00000000f1dd9360) thrown at [D:\re\workspace\8-2-build-windows-amd64-cygwin\jdk8u20\1074\hotspot\src\share\vm\prims\jvm.cpp, line 1275]
Event: 17.726 Thread 0x0000000016f98800 Exception <a 'java/security/PrivilegedActionException'> (0x00000000f1ddcbe0) thrown at [D:\re\workspace\8-2-build-windows-amd64-cygwin\jdk8u20\1074\hotspot\src\share\vm\prims\jvm.cpp, line 1275]
Event: 17.726 Thread 0x0000000016f98800 Exception <a 'java/security/PrivilegedActionException'> (0x00000000f1de20d0) thrown at [D:\re\workspace\8-2-build-windows-amd64-cygwin\jdk8u20\1074\hotspot\src\share\vm\prims\jvm.cpp, line 1275]
Event: 19.466 Thread 0x0000000016f98800 Exception <a 'java/security/PrivilegedActionException'> (0x00000000ec145de8) thrown at [D:\re\workspace\8-2-build-windows-amd64-cygwin\jdk8u20\1074\hotspot\src\share\vm\prims\jvm.cpp, line 1275]
Event: 19.468 Thread 0x0000000016f98800 Exception <a 'java/security/PrivilegedActionException'> (0x00000000ec151ce0) thrown at [D:\re\workspace\8-2-build-windows-amd64-cygwin\jdk8u20\1074\hotspot\src\share\vm\prims\jvm.cpp, line 1275]
Event: 19.469 Thread 0x0000000016f98800 Exception <a 'java/security/PrivilegedActionException'> (0x00000000ec1549f0) thrown at [D:\re\workspace\8-2-build-windows-amd64-cygwin\jdk8u20\1074\hotspot\src\share\vm\prims\jvm.cpp, line 1275]
Event: 19.676 Thread 0x0000000016f98800 Exception <a 'java/security/PrivilegedActionException'> (0x00000000edbb0650) thrown at [D:\re\workspace\8-2-build-windows-amd64-cygwin\jdk8u20\1074\hotspot\src\share\vm\prims\jvm.cpp, line 1275]
Event: 19.770 Thread 0x0000000016f98800 Exception <a 'java/security/PrivilegedActionException'> (0x00000000ee24bff8) thrown at [D:\re\workspace\8-2-build-windows-amd64-cygwin\jdk8u20\1074\hotspot\src\share\vm\prims\jvm.cpp, line 1275]
Event: 19.803 Thread 0x0000000016f98800 Exception <a 'java/security/PrivilegedActionException'> (0x00000000ee251c10) thrown at [D:\re\workspace\8-2-build-windows-amd64-cygwin\jdk8u20\1074\hotspot\src\share\vm\prims\jvm.cpp, line 1275]
Event: 20.317 Thread 0x0000000016f98800 Exception <a 'java/security/PrivilegedActionException'> (0x00000000ee5a7f90) thrown at [D:\re\workspace\8-2-build-windows-amd64-cygwin\jdk8u20\1074\hotspot\src\share\vm\prims\jvm.cpp, line 1275]

Events (10 events):
Event: 20.450 loading class java/io/FileOutputStream$1
Event: 20.451 loading class java/io/FileOutputStream$1 done
Event: 20.451 Thread 0x00000000029ed800 Thread exited: 0x00000000029ed800
Event: 20.451 Thread 0x0000000016f96000 Thread added: 0x0000000016f96000
Event: 20.451 loading class java/lang/Shutdown
Event: 20.451 loading class java/lang/Shutdown done
Event: 20.451 loading class java/lang/Shutdown$Lock
Event: 20.451 loading class java/lang/Shutdown$Lock done
Event: 20.452 Thread 0x0000000015347800 Thread exited: 0x0000000015347800
Event: 20.452 Thread 0x0000000016f96000 Thread exited: 0x0000000016f96000


Dynamic libraries:
0x00007ff79b830000 - 0x00007ff79b864000 	C:\Program Files\Java\jdk1.8.0_20\bin\java.exe
0x00007ffc6b1c0000 - 0x00007ffc6b381000 	C:\WINDOWS\SYSTEM32\ntdll.dll
0x00007ffc68920000 - 0x00007ffc689cd000 	C:\WINDOWS\system32\KERNEL32.DLL
0x00007ffc67a70000 - 0x00007ffc67c58000 	C:\WINDOWS\system32\KERNELBASE.dll
0x00007ffc6b110000 - 0x00007ffc6b1b7000 	C:\WINDOWS\system32\ADVAPI32.dll
0x00007ffc6af30000 - 0x00007ffc6afcd000 	C:\WINDOWS\system32\msvcrt.dll
0x00007ffc6b040000 - 0x00007ffc6b09b000 	C:\WINDOWS\system32\sechost.dll
0x00007ffc689d0000 - 0x00007ffc68aec000 	C:\WINDOWS\system32\RPCRT4.dll
0x00007ffc6ac30000 - 0x00007ffc6ad86000 	C:\WINDOWS\system32\USER32.dll
0x00007ffc6ad90000 - 0x00007ffc6af16000 	C:\WINDOWS\system32\GDI32.dll
0x00007ffc5dcb0000 - 0x00007ffc5df24000 	C:\WINDOWS\WinSxS\amd64_microsoft.windows.common-controls_6595b64144ccf1df_6.0.10586.589_none_a2ddb3caa539acce\COMCTL32.dll
0x00007ffc6a5e0000 - 0x00007ffc6a85d000 	C:\WINDOWS\system32\combase.dll
0x00007ffc67c80000 - 0x00007ffc67cea000 	C:\WINDOWS\system32\bcryptPrimitives.dll
0x00007ffc68770000 - 0x00007ffc687ab000 	C:\WINDOWS\system32\IMM32.DLL
0x00000000645a0000 - 0x0000000064672000 	C:\Program Files\Java\jdk1.8.0_20\jre\bin\msvcr100.dll
0x0000000063d40000 - 0x0000000064598000 	C:\Program Files\Java\jdk1.8.0_20\jre\bin\server\jvm.dll
0x00007ffc6b0a0000 - 0x00007ffc6b0a8000 	C:\WINDOWS\system32\PSAPI.DLL
0x00007ffc65ad0000 - 0x00007ffc65af3000 	C:\WINDOWS\SYSTEM32\WINMM.dll
0x00007ffc5c500000 - 0x00007ffc5c509000 	C:\WINDOWS\SYSTEM32\WSOCK32.dll
0x00007ffc65aa0000 - 0x00007ffc65acc000 	C:\WINDOWS\SYSTEM32\WINMMBASE.dll
0x00007ffc68700000 - 0x00007ffc6876b000 	C:\WINDOWS\system32\WS2_32.dll
0x00007ffc679c0000 - 0x00007ffc67a03000 	C:\WINDOWS\system32\cfgmgr32.dll
0x0000000063d30000 - 0x0000000063d3f000 	C:\Program Files\Java\jdk1.8.0_20\jre\bin\verify.dll
0x0000000063d00000 - 0x0000000063d28000 	C:\Program Files\Java\jdk1.8.0_20\jre\bin\java.dll
0x0000000063ce0000 - 0x0000000063cf6000 	C:\Program Files\Java\jdk1.8.0_20\jre\bin\zip.dll
0x00007ffc68af0000 - 0x00007ffc6a04c000 	C:\WINDOWS\system32\SHELL32.dll
0x00007ffc67f50000 - 0x00007ffc68595000 	C:\WINDOWS\system32\windows.storage.dll
0x00007ffc688c0000 - 0x00007ffc68912000 	C:\WINDOWS\system32\shlwapi.dll
0x00007ffc67830000 - 0x00007ffc6783f000 	C:\WINDOWS\system32\kernel.appcore.dll
0x00007ffc67900000 - 0x00007ffc679b5000 	C:\WINDOWS\system32\shcore.dll
0x00007ffc677c0000 - 0x00007ffc6780b000 	C:\WINDOWS\system32\powrprof.dll
0x00007ffc67810000 - 0x00007ffc67824000 	C:\WINDOWS\system32\profapi.dll
0x00007ffc5c290000 - 0x00007ffc5c41c000 	C:\WINDOWS\SYSTEM32\dbghelp.dll

VM Arguments:
jvm_args: -Djava.awt.headless=true -Xmx1024M -Dfile.encoding=windows-1252 -Duser.country=US -Duser.language=en -Duser.variant 
java_command: com.android.dx.command.Main --dex --num-threads=4 --multi-dex --main-dex-list C:\Users\admin\Documents\GitHub\ShaneelSD\SoftwareDesign\FindMeTutor\FindMeTutor\tutor_app\build\intermediates\multi-dex\release\maindexlist.txt --output C:\Users\admin\Documents\GitHub\ShaneelSD\SoftwareDesign\FindMeTutor\FindMeTutor\tutor_app\build\intermediates\transforms\dex\release\folders\1000\1f\main C:\Users\admin\Documents\GitHub\ShaneelSD\SoftwareDesign\FindMeTutor\FindMeTutor\tutor_app\build\intermediates\transforms\jarMerging\release\jars\1\1f\combined.jar
java_class_path (initial): C:\Users\admin\AppData\Local\Android\sdk\build-tools\24.0.1\lib\dx.jar
Launcher Type: SUN_STANDARD

Environment Variables:
PATH=C:\ProgramData\Oracle\Java\javapath;C:\Program Files (x86)\Intel\iCLS Client\;C:\Program Files\Intel\iCLS Client\;C:\WINDOWS\system32;C:\WINDOWS;C:\WINDOWS\System32\Wbem;C:\WINDOWS\System32\WindowsPowerShell\v1.0\;C:\Program Files\Intel\Intel(R) Management Engine Components\DAL;C:\Program Files\Intel\Intel(R) Management Engine Components\IPT;C:\Program Files (x86)\Intel\Intel(R) Management Engine Components\DAL;C:\Program Files (x86)\Intel\Intel(R) Management Engine Components\IPT;C:\Program Files\WIDCOMM\Bluetooth Software\;C:\Program Files\WIDCOMM\Bluetooth Software\syswow64;C:\Program Files (x86)\Intel\OpenCL SDK\2.0\bin\x86;C:\Program Files (x86)\Intel\OpenCL SDK\2.0\bin\x64;C:\Program Files\Intel\WiFi\bin\;C:\Program Files\Common Files\Intel\WirelessCommon\;c:\Program Files (x86)\Microsoft SQL Server\100\Tools\Binn\;c:\Program Files\Microsoft SQL Server\100\Tools\Binn\;c:\Program Files\Microsoft SQL Server\100\DTS\Binn\;C:\Program Files (x86)\MySQL\MySQL Fabric 1.5.4 & MySQL Utilities 1.5.4 1.5\;C:\Program Files (x86)\MySQL\MySQL Fabric 1.5.4 & MySQL Utilities 1.5.4 1.5\Doctrine extensions for PHP\;C:\Program Files (x86)\Borland\Delphi7\Bin;C:\Program Files (x86)\Borland\Delphi7\Projects\Bpl;C:\Program Files (x86)\Borland\Delphi7\Rave5;C:\Program Files\Git\cmd;C:\Program Files (x86)\OpenVPN\bin;C:\Program Files\Intel\WiFi\bin\;C:\Program Files\Common Files\Intel\WirelessCommon\
USERNAME=admin
OS=Windows_NT
PROCESSOR_IDENTIFIER=Intel64 Family 6 Model 58 Stepping 9, GenuineIntel



---------------  S Y S T E M  ---------------

OS: Windows 8.1 , 64 bit Build 9600 

CPU:total 4 (2 cores per cpu, 2 threads per core) family 6 model 58 stepping 9, cmov, cx8, fxsr, mmx, sse, sse2, sse3, ssse3, sse4.1, sse4.2, popcnt, avx, aes, clmul, erms, ht, tsc, tscinvbit, tscinv

Memory: 4k page, physical 8258576k(1334912k free), swap 10306576k(44504k free)

vm_info: Java HotSpot(TM) 64-Bit Server VM (25.20-b23) for windows-amd64 JRE (1.8.0_20-b26), built on Jul 30 2014 13:51:23 by "java_re" with MS VC++ 10.0 (VS2010)

time: Thu Oct 27 23:28:16 2016
elapsed time: 25 seconds (0d 0h 0m 25s)

