#
# There is insufficient memory for the Java Runtime Environment to continue.
# Native memory allocation (malloc) failed to allocate 955296 bytes for Chunk::new
# Possible reasons:
#   The system is out of physical RAM or swap space
#   In 32 bit mode, the process size limit was hit
# Possible solutions:
#   Reduce memory load on the system
#   Increase physical memory or swap space
#   Check if swap backing store is full
#   Use 64 bit Java on a 64 bit OS
#   Decrease Java heap size (-Xmx/-Xms)
#   Decrease number of Java threads
#   Decrease Java thread stack sizes (-Xss)
#   Set larger code cache with -XX:ReservedCodeCacheSize=
# This output file may be truncated or incomplete.
#
#  Out of Memory Error (allocation.cpp:390), pid=6912, tid=11764
#
# JRE version: Java(TM) SE Runtime Environment (8.0_20-b26) (build 1.8.0_20-b26)
# Java VM: Java HotSpot(TM) 64-Bit Server VM (25.20-b23 mixed mode windows-amd64 compressed oops)
# Failed to write core dump. Minidumps are not enabled by default on client versions of Windows
#

---------------  T H R E A D  ---------------

Current thread (0x000000001545e800):  JavaThread "C2 CompilerThread0" daemon [_thread_in_native, id=11764, stack(0x00000000169e0000,0x0000000016ae0000)]

Stack: [0x00000000169e0000,0x0000000016ae0000]
Native frames: (J=compiled Java code, j=interpreted, Vv=VM code, C=native code)
V  [jvm.dll+0x3152fa]
V  [jvm.dll+0x265d03]
V  [jvm.dll+0x266943]
V  [jvm.dll+0x25e265]
V  [jvm.dll+0xbe255]
V  [jvm.dll+0xbe6fc]
V  [jvm.dll+0x45c472]
V  [jvm.dll+0x49d76f]
V  [jvm.dll+0x451911]
V  [jvm.dll+0x452634]
V  [jvm.dll+0x435fc2]
V  [jvm.dll+0x97b62]
V  [jvm.dll+0x98353]
V  [jvm.dll+0x22aac4]
V  [jvm.dll+0x283f5a]
C  [msvcr100.dll+0x21d9f]
C  [msvcr100.dll+0x21e3b]
C  [KERNEL32.DLL+0x18102]
C  [ntdll.dll+0x5c5b4]


Current CompileTask:
C2:   2787 1410       4       com.android.dx.ssa.SCCP::simulatePhiBlock (50 bytes)


---------------  P R O C E S S  ---------------

Java Threads: ( => current thread )
  0x0000000016f0c800 JavaThread "pool-2-thread-4" [_thread_in_Java, id=12892, stack(0x00000000176e0000,0x00000000177e0000)]
  0x0000000016e67000 JavaThread "pool-2-thread-3" [_thread_in_Java, id=8528, stack(0x00000000175e0000,0x00000000176e0000)]
  0x0000000016e64800 JavaThread "pool-2-thread-2" [_thread_in_Java, id=2908, stack(0x00000000174e0000,0x00000000175e0000)]
  0x0000000016e63000 JavaThread "pool-3-thread-1" [_thread_blocked, id=1076, stack(0x00000000173e0000,0x00000000174e0000)]
  0x0000000016e5e000 JavaThread "pool-2-thread-1" [_thread_blocked, id=1496, stack(0x00000000172e0000,0x00000000173e0000)]
  0x0000000016ce0800 JavaThread "Service Thread" daemon [_thread_blocked, id=5352, stack(0x00000000170e0000,0x00000000171e0000)]
  0x00000000154b1000 JavaThread "C1 CompilerThread2" daemon [_thread_blocked, id=9708, stack(0x0000000016be0000,0x0000000016ce0000)]
  0x0000000015460000 JavaThread "C2 CompilerThread1" daemon [_thread_in_native, id=11488, stack(0x0000000016ae0000,0x0000000016be0000)]
=>0x000000001545e800 JavaThread "C2 CompilerThread0" daemon [_thread_in_native, id=11764, stack(0x00000000169e0000,0x0000000016ae0000)]
  0x000000001545c000 JavaThread "Attach Listener" daemon [_thread_blocked, id=6276, stack(0x00000000168e0000,0x00000000169e0000)]
  0x000000001545b000 JavaThread "Signal Dispatcher" daemon [_thread_blocked, id=6396, stack(0x00000000167e0000,0x00000000168e0000)]
  0x0000000002cf2000 JavaThread "Finalizer" daemon [_thread_blocked, id=928, stack(0x00000000166e0000,0x00000000167e0000)]
  0x0000000002cef000 JavaThread "Reference Handler" daemon [_thread_blocked, id=15260, stack(0x00000000165e0000,0x00000000166e0000)]
  0x0000000002d8d800 JavaThread "main" [_thread_in_Java, id=2700, stack(0x0000000002a80000,0x0000000002b80000)]

Other Threads:
  0x0000000015425800 VMThread [stack: 0x00000000164e0000,0x00000000165e0000] [id=6600]
  0x0000000016ce3000 WatcherThread [stack: 0x00000000171e0000,0x00000000172e0000] [id=2288]

VM state:not at safepoint (normal execution)

VM Mutex/Monitor currently owned by a thread: None

Heap:
 PSYoungGen      total 38400K, used 21742K [0x00000000eab00000, 0x00000000ed580000, 0x0000000100000000)
  eden space 33280K, 50% used [0x00000000eab00000,0x00000000ebb40ed8,0x00000000ecb80000)
  from space 5120K, 99% used [0x00000000ecb80000,0x00000000ed07aad8,0x00000000ed080000)
  to   space 5120K, 0% used [0x00000000ed080000,0x00000000ed080000,0x00000000ed580000)
 ParOldGen       total 87552K, used 1635K [0x00000000c0000000, 0x00000000c5580000, 0x00000000eab00000)
  object space 87552K, 1% used [0x00000000c0000000,0x00000000c0198c28,0x00000000c5580000)
 Metaspace       used 6040K, capacity 7024K, committed 7296K, reserved 1056768K
  class space    used 588K, capacity 616K, committed 640K, reserved 1048576K

Card table byte_map: [0x0000000012150000,0x0000000012360000] byte_map_base: 0x0000000011b50000

Marking Bits: (ParMarkBitMap*) 0x000000006451b460
 Begin Bits: [0x00000000128c0000, 0x00000000138c0000)
 End Bits:   [0x00000000138c0000, 0x00000000148c0000)

Polling page: 0x0000000000bf0000

CodeCache: size=245760Kb used=5690Kb max_used=5690Kb free=240069Kb
 bounds [0x0000000002d90000, 0x0000000003330000, 0x0000000011d90000]
 total_blobs=1691 nmethods=1427 adapters=178
 compilation: enabled

Compilation events (10 events):
Event: 2.741 Thread 0x00000000154b1000 nmethod 1423 0x00000000032ed050 code [0x00000000032ed1e0, 0x00000000032ed730]
Event: 2.742 Thread 0x0000000015460000 nmethod 1414 0x00000000032fe310 code [0x00000000032fe500, 0x00000000032ff8f8]
Event: 2.742 Thread 0x0000000015460000 1421       4       com.android.dx.ssa.back.LivenessAnalyzer::run (231 bytes)
Event: 2.752 Thread 0x00000000154b1000 1429       3       com.android.dx.ssa.PhiInsn::getOpcode (2 bytes)
Event: 2.753 Thread 0x00000000154b1000 nmethod 1429 0x00000000032e5c50 code [0x00000000032e5da0, 0x00000000032e5ef0]
Event: 2.754 Thread 0x00000000154b1000 1430       3       com.android.dx.cf.code.Ropper::addSetupBlocks (535 bytes)
Event: 2.763 Thread 0x00000000154b1000 nmethod 1430 0x0000000003300fd0 code [0x0000000003301a20, 0x0000000003309bc8]
Event: 2.764 Thread 0x00000000154b1000 1431       3       com.android.dx.cf.code.Frame::initializeWithParameters (49 bytes)
Event: 2.764 Thread 0x00000000154b1000 nmethod 1431 0x00000000032eb110 code [0x00000000032eb2c0, 0x00000000032eb9e8]
Event: 2.764 Thread 0x00000000154b1000 1433       3       com.android.dx.cf.code.Ropper::addReturnBlock (228 bytes)

GC Heap History (2 events):
Event: 2.251 GC heap before
{Heap before GC invocations=1 (full 0):
 PSYoungGen      total 38400K, used 33280K [0x00000000eab00000, 0x00000000ed580000, 0x0000000100000000)
  eden space 33280K, 100% used [0x00000000eab00000,0x00000000ecb80000,0x00000000ecb80000)
  from space 5120K, 0% used [0x00000000ed080000,0x00000000ed080000,0x00000000ed580000)
  to   space 5120K, 0% used [0x00000000ecb80000,0x00000000ecb80000,0x00000000ed080000)
 ParOldGen       total 87552K, used 0K [0x00000000c0000000, 0x00000000c5580000, 0x00000000eab00000)
  object space 87552K, 0% used [0x00000000c0000000,0x00000000c0000000,0x00000000c5580000)
 Metaspace       used 5960K, capacity 6960K, committed 7040K, reserved 1056768K
  class space    used 588K, capacity 616K, committed 640K, reserved 1048576K
Event: 2.261 GC heap after
Heap after GC invocations=1 (full 0):
 PSYoungGen      total 38400K, used 5098K [0x00000000eab00000, 0x00000000ed580000, 0x0000000100000000)
  eden space 33280K, 0% used [0x00000000eab00000,0x00000000eab00000,0x00000000ecb80000)
  from space 5120K, 99% used [0x00000000ecb80000,0x00000000ed07aad8,0x00000000ed080000)
  to   space 5120K, 0% used [0x00000000ed080000,0x00000000ed080000,0x00000000ed580000)
 ParOldGen       total 87552K, used 1635K [0x00000000c0000000, 0x00000000c5580000, 0x00000000eab00000)
  object space 87552K, 1% used [0x00000000c0000000,0x00000000c0198c28,0x00000000c5580000)
 Metaspace       used 5960K, capacity 6960K, committed 7040K, reserved 1056768K
  class space    used 588K, capacity 616K, committed 640K, reserved 1048576K
}

Deoptimization events (1 events):
Event: 1.484 Thread 0x0000000016f0c800 Uncommon trap: reason=null_check action=make_not_entrant pc=0x0000000003071884 method=com.android.dx.ssa.SsaRenamer.getLocalForNewReg(I)Lcom/android/dx/rop/code/LocalItem; @ 19

Internal exceptions (10 events):
Event: 0.764 Thread 0x0000000016f0c800 Exception <a 'java/security/PrivilegedActionException'> (0x00000000eb541c20) thrown at [D:\re\workspace\8-2-build-windows-amd64-cygwin\jdk8u20\1074\hotspot\src\share\vm\prims\jvm.cpp, line 1275]
Event: 0.791 Thread 0x0000000016e64800 Exception <a 'java/security/PrivilegedActionException'> (0x00000000eb42d348) thrown at [D:\re\workspace\8-2-build-windows-amd64-cygwin\jdk8u20\1074\hotspot\src\share\vm\prims\jvm.cpp, line 1275]
Event: 0.819 Thread 0x0000000002d8d800 Exception <a 'java/security/PrivilegedActionException'> (0x00000000eb6fdcc0) thrown at [D:\re\workspace\8-2-build-windows-amd64-cygwin\jdk8u20\1074\hotspot\src\share\vm\prims\jvm.cpp, line 1275]
Event: 0.827 Thread 0x0000000016f0c800 Exception <a 'java/security/PrivilegedActionException'> (0x00000000eb82a358) thrown at [D:\re\workspace\8-2-build-windows-amd64-cygwin\jdk8u20\1074\hotspot\src\share\vm\prims\jvm.cpp, line 1275]
Event: 1.038 Thread 0x0000000002d8d800 Exception <a 'java/security/PrivilegedActionException'> (0x00000000eb7631c8) thrown at [D:\re\workspace\8-2-build-windows-amd64-cygwin\jdk8u20\1074\hotspot\src\share\vm\prims\jvm.cpp, line 1275]
Event: 1.040 Thread 0x0000000002d8d800 Exception <a 'java/security/PrivilegedActionException'> (0x00000000eb9609c8) thrown at [D:\re\workspace\8-2-build-windows-amd64-cygwin\jdk8u20\1074\hotspot\src\share\vm\prims\jvm.cpp, line 1275]
Event: 1.040 Thread 0x0000000002d8d800 Exception <a 'java/security/PrivilegedActionException'> (0x00000000eb962f70) thrown at [D:\re\workspace\8-2-build-windows-amd64-cygwin\jdk8u20\1074\hotspot\src\share\vm\prims\jvm.cpp, line 1275]
Event: 1.204 Thread 0x0000000002d8d800 Exception <a 'java/security/PrivilegedActionException'> (0x00000000eb9c70e0) thrown at [D:\re\workspace\8-2-build-windows-amd64-cygwin\jdk8u20\1074\hotspot\src\share\vm\prims\jvm.cpp, line 1275]
Event: 1.205 Thread 0x0000000002d8d800 Exception <a 'java/security/PrivilegedActionException'> (0x00000000eb9c98c8) thrown at [D:\re\workspace\8-2-build-windows-amd64-cygwin\jdk8u20\1074\hotspot\src\share\vm\prims\jvm.cpp, line 1275]
Event: 1.484 Thread 0x0000000016f0c800 Implicit null exception at 0x000000000306f549 to 0x000000000307185d

Events (10 events):
Event: 1.279 loading class java/util/TreeMap$EntryIterator done
Event: 1.279 Executing VM operation: Deoptimize
Event: 1.447 Executing VM operation: Deoptimize done
Event: 1.484 Thread 0x0000000016f0c800 Uncommon trap: trap_request=0xfffffff4 fr.pc=0x0000000003071884
Event: 1.484 Thread 0x0000000016f0c800 DEOPT PACKING pc=0x0000000003071884 sp=0x00000000177dea90
Event: 1.484 Thread 0x0000000016f0c800 DEOPT UNPACKING pc=0x0000000002dd556a sp=0x00000000177de8d8 mode 2
Event: 2.064 Executing VM operation: ParallelGCFailedAllocation
Event: 2.261 Executing VM operation: ParallelGCFailedAllocation done
Event: 2.261 loading class sun/misc/Cleaner
Event: 2.261 loading class sun/misc/Cleaner done


Dynamic libraries:
0x00007ff79b830000 - 0x00007ff79b864000 	C:\Program Files\Java\jdk1.8.0_20\bin\java.exe
0x00007ffc6b1c0000 - 0x00007ffc6b381000 	C:\WINDOWS\SYSTEM32\ntdll.dll
0x00007ffc68920000 - 0x00007ffc689cd000 	C:\WINDOWS\system32\KERNEL32.DLL
0x00007ffc67a70000 - 0x00007ffc67c58000 	C:\WINDOWS\system32\KERNELBASE.dll
0x00007ffc6b110000 - 0x00007ffc6b1b7000 	C:\WINDOWS\system32\ADVAPI32.dll
0x00007ffc6af30000 - 0x00007ffc6afcd000 	C:\WINDOWS\system32\msvcrt.dll
0x00007ffc6b040000 - 0x00007ffc6b09b000 	C:\WINDOWS\system32\sechost.dll
0x00007ffc689d0000 - 0x00007ffc68aec000 	C:\WINDOWS\system32\RPCRT4.dll
0x00007ffc6ac30000 - 0x00007ffc6ad86000 	C:\WINDOWS\system32\USER32.dll
0x00007ffc6ad90000 - 0x00007ffc6af16000 	C:\WINDOWS\system32\GDI32.dll
0x00007ffc5dcb0000 - 0x00007ffc5df24000 	C:\WINDOWS\WinSxS\amd64_microsoft.windows.common-controls_6595b64144ccf1df_6.0.10586.589_none_a2ddb3caa539acce\COMCTL32.dll
0x00007ffc6a5e0000 - 0x00007ffc6a85d000 	C:\WINDOWS\system32\combase.dll
0x00007ffc67c80000 - 0x00007ffc67cea000 	C:\WINDOWS\system32\bcryptPrimitives.dll
0x00007ffc68770000 - 0x00007ffc687ab000 	C:\WINDOWS\system32\IMM32.DLL
0x00000000645a0000 - 0x0000000064672000 	C:\Program Files\Java\jdk1.8.0_20\jre\bin\msvcr100.dll
0x0000000063d40000 - 0x0000000064598000 	C:\Program Files\Java\jdk1.8.0_20\jre\bin\server\jvm.dll
0x00007ffc6b0a0000 - 0x00007ffc6b0a8000 	C:\WINDOWS\system32\PSAPI.DLL
0x00007ffc5c500000 - 0x00007ffc5c509000 	C:\WINDOWS\SYSTEM32\WSOCK32.dll
0x00007ffc68700000 - 0x00007ffc6876b000 	C:\WINDOWS\system32\WS2_32.dll
0x00007ffc65ad0000 - 0x00007ffc65af3000 	C:\WINDOWS\SYSTEM32\WINMM.dll
0x00007ffc65aa0000 - 0x00007ffc65acc000 	C:\WINDOWS\SYSTEM32\WINMMBASE.dll
0x00007ffc679c0000 - 0x00007ffc67a03000 	C:\WINDOWS\system32\cfgmgr32.dll
0x0000000063d30000 - 0x0000000063d3f000 	C:\Program Files\Java\jdk1.8.0_20\jre\bin\verify.dll
0x0000000063d00000 - 0x0000000063d28000 	C:\Program Files\Java\jdk1.8.0_20\jre\bin\java.dll
0x0000000063ce0000 - 0x0000000063cf6000 	C:\Program Files\Java\jdk1.8.0_20\jre\bin\zip.dll
0x00007ffc68af0000 - 0x00007ffc6a04c000 	C:\WINDOWS\system32\SHELL32.dll
0x00007ffc67f50000 - 0x00007ffc68595000 	C:\WINDOWS\system32\windows.storage.dll
0x00007ffc688c0000 - 0x00007ffc68912000 	C:\WINDOWS\system32\shlwapi.dll
0x00007ffc67830000 - 0x00007ffc6783f000 	C:\WINDOWS\system32\kernel.appcore.dll
0x00007ffc67900000 - 0x00007ffc679b5000 	C:\WINDOWS\system32\shcore.dll
0x00007ffc677c0000 - 0x00007ffc6780b000 	C:\WINDOWS\system32\powrprof.dll
0x00007ffc67810000 - 0x00007ffc67824000 	C:\WINDOWS\system32\profapi.dll
0x00007ffc5c290000 - 0x00007ffc5c41c000 	C:\WINDOWS\SYSTEM32\dbghelp.dll

VM Arguments:
jvm_args: -Djava.awt.headless=true -Xmx1024M -Dfile.encoding=windows-1252 -Duser.country=US -Duser.language=en -Duser.variant 
java_command: com.android.dx.command.Main --dex --force-jumbo --num-threads=4 --multi-dex --output C:\Users\admin\Documents\GitHub\ShaneelSD\SoftwareDesign\FindMeTutor\FindMeTutor\tutor_app\build\intermediates\transforms\dex\debug\folders\1000\2\picasso-2.5.2_d5fc532d534bacdd8cf10be947d6ceda4d00d4c1 C:\Users\admin\Documents\GitHub\ShaneelSD\SoftwareDesign\FindMeTutor\FindMeTutor\tutor_app\src\main\libs\picasso-2.5.2.jar
java_class_path (initial): C:\Users\admin\AppData\Local\Android\sdk\build-tools\24.0.1\lib\dx.jar
Launcher Type: SUN_STANDARD

Environment Variables:
PATH=C:\ProgramData\Oracle\Java\javapath;C:\Program Files (x86)\Intel\iCLS Client\;C:\Program Files\Intel\iCLS Client\;C:\WINDOWS\system32;C:\WINDOWS;C:\WINDOWS\System32\Wbem;C:\WINDOWS\System32\WindowsPowerShell\v1.0\;C:\Program Files\Intel\Intel(R) Management Engine Components\DAL;C:\Program Files\Intel\Intel(R) Management Engine Components\IPT;C:\Program Files (x86)\Intel\Intel(R) Management Engine Components\DAL;C:\Program Files (x86)\Intel\Intel(R) Management Engine Components\IPT;C:\Program Files\WIDCOMM\Bluetooth Software\;C:\Program Files\WIDCOMM\Bluetooth Software\syswow64;C:\Program Files (x86)\Intel\OpenCL SDK\2.0\bin\x86;C:\Program Files (x86)\Intel\OpenCL SDK\2.0\bin\x64;C:\Program Files\Intel\WiFi\bin\;C:\Program Files\Common Files\Intel\WirelessCommon\;c:\Program Files (x86)\Microsoft SQL Server\100\Tools\Binn\;c:\Program Files\Microsoft SQL Server\100\Tools\Binn\;c:\Program Files\Microsoft SQL Server\100\DTS\Binn\;C:\Program Files (x86)\MySQL\MySQL Fabric 1.5.4 & MySQL Utilities 1.5.4 1.5\;C:\Program Files (x86)\MySQL\MySQL Fabric 1.5.4 & MySQL Utilities 1.5.4 1.5\Doctrine extensions for PHP\;C:\Program Files (x86)\Borland\Delphi7\Bin;C:\Program Files (x86)\Borland\Delphi7\Projects\Bpl;C:\Program Files (x86)\Borland\Delphi7\Rave5;C:\Program Files\Git\cmd;C:\Program Files (x86)\OpenVPN\bin;C:\Program Files\Intel\WiFi\bin\;C:\Program Files\Common Files\Intel\WirelessCommon\
USERNAME=admin
OS=Windows_NT
PROCESSOR_IDENTIFIER=Intel64 Family 6 Model 58 Stepping 9, GenuineIntel



---------------  S Y S T E M  ---------------

OS: Windows 8.1 , 64 bit Build 9600 

CPU:total 4 (2 cores per cpu, 2 threads per core) family 6 model 58 stepping 9, cmov, cx8, fxsr, mmx, sse, sse2, sse3, ssse3, sse4.1, sse4.2, popcnt, avx, aes, clmul, erms, ht, tsc, tscinvbit, tscinv

Memory: 4k page, physical 8258576k(2247324k free), swap 10306576k(5128k free)

vm_info: Java HotSpot(TM) 64-Bit Server VM (25.20-b23) for windows-amd64 JRE (1.8.0_20-b26), built on Jul 30 2014 13:51:23 by "java_re" with MS VC++ 10.0 (VS2010)

time: Fri Oct 28 12:09:23 2016
elapsed time: 2 seconds (0d 0h 0m 2s)

