#
# There is insufficient memory for the Java Runtime Environment to continue.
# Native memory allocation (malloc) failed to allocate 1803216 bytes for Chunk::new
# Possible reasons:
#   The system is out of physical RAM or swap space
#   In 32 bit mode, the process size limit was hit
# Possible solutions:
#   Reduce memory load on the system
#   Increase physical memory or swap space
#   Check if swap backing store is full
#   Use 64 bit Java on a 64 bit OS
#   Decrease Java heap size (-Xmx/-Xms)
#   Decrease number of Java threads
#   Decrease Java thread stack sizes (-Xss)
#   Set larger code cache with -XX:ReservedCodeCacheSize=
# This output file may be truncated or incomplete.
#
#  Out of Memory Error (allocation.cpp:390), pid=4884, tid=9708
#
# JRE version: Java(TM) SE Runtime Environment (8.0_20-b26) (build 1.8.0_20-b26)
# Java VM: Java HotSpot(TM) 64-Bit Server VM (25.20-b23 mixed mode windows-amd64 compressed oops)
# Failed to write core dump. Minidumps are not enabled by default on client versions of Windows
#

---------------  T H R E A D  ---------------

Current thread (0x000000001490b000):  JavaThread "C2 CompilerThread1" daemon [_thread_in_native, id=9708, stack(0x0000000015f70000,0x0000000016070000)]

Stack: [0x0000000015f70000,0x0000000016070000]
Native frames: (J=compiled Java code, j=interpreted, Vv=VM code, C=native code)
V  [jvm.dll+0x3152fa]
V  [jvm.dll+0x265d03]
V  [jvm.dll+0x266943]
V  [jvm.dll+0x25e265]
V  [jvm.dll+0xbe255]
V  [jvm.dll+0xbe6fc]
V  [jvm.dll+0x45c472]
V  [jvm.dll+0x49d76f]
V  [jvm.dll+0x451045]
V  [jvm.dll+0x452634]
V  [jvm.dll+0x435fc2]
V  [jvm.dll+0x97b62]
V  [jvm.dll+0x98353]
V  [jvm.dll+0x22aac4]
V  [jvm.dll+0x283f5a]
C  [msvcr100.dll+0x21d9f]
C  [msvcr100.dll+0x21e3b]
C  [KERNEL32.DLL+0x18102]
C  [ntdll.dll+0x5c5b4]


Current CompileTask:
C2:   5758 2170   !   4       com.android.dx.cf.code.BytecodeArray::parseInstruction (2764 bytes)


---------------  P R O C E S S  ---------------

Java Threads: ( => current thread )
  0x000000001654e800 JavaThread "pool-2-thread-4" [_thread_in_Java, id=9888, stack(0x0000000018340000,0x0000000018440000)]
  0x0000000016b93800 JavaThread "pool-2-thread-3" [_thread_in_Java, id=11652, stack(0x0000000018240000,0x0000000018340000)]
  0x0000000016b20800 JavaThread "pool-2-thread-2" [_thread_in_Java, id=6436, stack(0x0000000018140000,0x0000000018240000)]
  0x0000000016ae5000 JavaThread "pool-3-thread-1" [_thread_blocked, id=6860, stack(0x0000000018040000,0x0000000018140000)]
  0x00000000172ca000 JavaThread "pool-2-thread-1" [_thread_in_vm, id=11608, stack(0x0000000017f40000,0x0000000018040000)]
  0x0000000014914800 JavaThread "Service Thread" daemon [_thread_blocked, id=6284, stack(0x0000000016570000,0x0000000016670000)]
  0x0000000014912000 JavaThread "C1 CompilerThread2" daemon [_thread_blocked, id=11180, stack(0x0000000016070000,0x0000000016170000)]
=>0x000000001490b000 JavaThread "C2 CompilerThread1" daemon [_thread_in_native, id=9708, stack(0x0000000015f70000,0x0000000016070000)]
  0x0000000014909000 JavaThread "C2 CompilerThread0" daemon [_thread_in_native, id=10896, stack(0x0000000015e70000,0x0000000015f70000)]
  0x0000000014917800 JavaThread "Attach Listener" daemon [_thread_blocked, id=948, stack(0x0000000015d70000,0x0000000015e70000)]
  0x0000000014916000 JavaThread "Signal Dispatcher" daemon [_thread_blocked, id=4664, stack(0x0000000015c70000,0x0000000015d70000)]
  0x000000000222f000 JavaThread "Finalizer" daemon [_thread_blocked, id=9316, stack(0x0000000015b70000,0x0000000015c70000)]
  0x000000000222c000 JavaThread "Reference Handler" daemon [_thread_blocked, id=9996, stack(0x0000000015a70000,0x0000000015b70000)]
  0x00000000001dd800 JavaThread "main" [_thread_in_Java, id=464, stack(0x0000000002040000,0x0000000002140000)]

Other Threads:
  0x00000000148d6000 VMThread [stack: 0x0000000015970000,0x0000000015a70000] [id=2152]
  0x000000001619f000 WatcherThread [stack: 0x0000000016670000,0x0000000016770000] [id=6148]

VM state:not at safepoint (normal execution)

VM Mutex/Monitor currently owned by a thread: None

Heap:
 PSYoungGen      total 151552K, used 59821K [0x00000000eab00000, 0x00000000f5600000, 0x0000000100000000)
  eden space 130560K, 45% used [0x00000000eab00000,0x00000000ee56b708,0x00000000f2a80000)
  from space 20992K, 0% used [0x00000000f2a80000,0x00000000f2a80000,0x00000000f3f00000)
  to   space 18432K, 0% used [0x00000000f3f00000,0x00000000f3f00000,0x00000000f5100000)
 ParOldGen       total 159232K, used 82955K [0x00000000c0000000, 0x00000000c9b80000, 0x00000000eab00000)
  object space 159232K, 52% used [0x00000000c0000000,0x00000000c5102d20,0x00000000c9b80000)
 Metaspace       used 6509K, capacity 7320K, committed 7680K, reserved 1056768K
  class space    used 615K, capacity 656K, committed 768K, reserved 1048576K

Card table byte_map: [0x0000000011600000,0x0000000011810000] byte_map_base: 0x0000000011000000

Marking Bits: (ParMarkBitMap*) 0x000000006f45b460
 Begin Bits: [0x0000000011d70000, 0x0000000012d70000)
 End Bits:   [0x0000000012d70000, 0x0000000013d70000)

Polling page: 0x00000000004e0000

CodeCache: size=245760Kb used=8835Kb max_used=8835Kb free=236924Kb
 bounds [0x0000000002240000, 0x0000000002af0000, 0x0000000011240000]
 total_blobs=2364 nmethods=2098 adapters=179
 compilation: enabled

Compilation events (10 events):
Event: 5.605 Thread 0x0000000014912000 2169 % !   3       com.android.dx.cf.direct.StdAttributeFactory::parseLocalVariables @ 43 (274 bytes)
Event: 5.611 Thread 0x0000000014912000 nmethod 2169% 0x0000000002acc3d0 code [0x0000000002accb00, 0x0000000002ad1c08]
Event: 5.611 Thread 0x0000000014912000 2171   !   3       com.android.dx.cf.direct.StdAttributeFactory::parseLocalVariables (274 bytes)
Event: 5.616 Thread 0x0000000014912000 nmethod 2171 0x0000000002ad6f90 code [0x0000000002ad76c0, 0x0000000002adc588]
Event: 5.625 Thread 0x0000000014912000 2172       2       com.android.dx.rop.code.BasicBlockList$RegCountVisitor::visitSwitchInsn (6 bytes)
Event: 5.625 Thread 0x0000000014912000 nmethod 2172 0x0000000002aa4150 code [0x0000000002aa42c0, 0x0000000002aa4428]
Event: 5.637 Thread 0x000000001490b000 nmethod 2088 0x0000000002ae1810 code [0x0000000002ae1aa0, 0x0000000002ae2d38]
Event: 5.637 Thread 0x000000001490b000 2170   !   4       com.android.dx.cf.code.BytecodeArray::parseInstruction (2764 bytes)
Event: 5.648 Thread 0x0000000014912000 2173       2       com.android.dx.dex.file.AnnotationUtils::makeInnerClass (65 bytes)
Event: 5.648 Thread 0x0000000014912000 nmethod 2173 0x0000000002aa3690 code [0x0000000002aa3860, 0x0000000002aa3d38]

GC Heap History (10 events):
Event: 2.517 GC heap before
{Heap before GC invocations=6 (full 0):
 PSYoungGen      total 71680K, used 71675K [0x00000000eab00000, 0x00000000f5100000, 0x0000000100000000)
  eden space 66560K, 100% used [0x00000000eab00000,0x00000000eec00000,0x00000000eec00000)
  from space 5120K, 99% used [0x00000000eec00000,0x00000000ef0fefc0,0x00000000ef100000)
  to   space 18432K, 0% used [0x00000000f3f00000,0x00000000f3f00000,0x00000000f5100000)
 ParOldGen       total 87552K, used 21728K [0x00000000c0000000, 0x00000000c5580000, 0x00000000eab00000)
  object space 87552K, 24% used [0x00000000c0000000,0x00000000c1538210,0x00000000c5580000)
 Metaspace       used 6434K, capacity 7256K, committed 7424K, reserved 1056768K
  class space    used 615K, capacity 656K, committed 768K, reserved 1048576K
Event: 2.557 GC heap after
Heap after GC invocations=6 (full 0):
 PSYoungGen      total 148992K, used 15638K [0x00000000eab00000, 0x00000000f5600000, 0x0000000100000000)
  eden space 130560K, 0% used [0x00000000eab00000,0x00000000eab00000,0x00000000f2a80000)
  from space 18432K, 84% used [0x00000000f3f00000,0x00000000f4e45ae0,0x00000000f5100000)
  to   space 20992K, 0% used [0x00000000f2a80000,0x00000000f2a80000,0x00000000f3f00000)
 ParOldGen       total 87552K, used 21728K [0x00000000c0000000, 0x00000000c5580000, 0x00000000eab00000)
  object space 87552K, 24% used [0x00000000c0000000,0x00000000c1538210,0x00000000c5580000)
 Metaspace       used 6434K, capacity 7256K, committed 7424K, reserved 1056768K
  class space    used 615K, capacity 656K, committed 768K, reserved 1048576K
}
Event: 3.283 GC heap before
{Heap before GC invocations=7 (full 0):
 PSYoungGen      total 148992K, used 146198K [0x00000000eab00000, 0x00000000f5600000, 0x0000000100000000)
  eden space 130560K, 100% used [0x00000000eab00000,0x00000000f2a80000,0x00000000f2a80000)
  from space 18432K, 84% used [0x00000000f3f00000,0x00000000f4e45ae0,0x00000000f5100000)
  to   space 20992K, 0% used [0x00000000f2a80000,0x00000000f2a80000,0x00000000f3f00000)
 ParOldGen       total 87552K, used 21728K [0x00000000c0000000, 0x00000000c5580000, 0x00000000eab00000)
  object space 87552K, 24% used [0x00000000c0000000,0x00000000c1538210,0x00000000c5580000)
 Metaspace       used 6485K, capacity 7256K, committed 7424K, reserved 1056768K
  class space    used 615K, capacity 656K, committed 768K, reserved 1048576K
Event: 3.342 GC heap after
Heap after GC invocations=7 (full 0):
 PSYoungGen      total 151552K, used 20973K [0x00000000eab00000, 0x00000000f5600000, 0x0000000100000000)
  eden space 130560K, 0% used [0x00000000eab00000,0x00000000eab00000,0x00000000f2a80000)
  from space 20992K, 99% used [0x00000000f2a80000,0x00000000f3efb520,0x00000000f3f00000)
  to   space 18432K, 0% used [0x00000000f3f00000,0x00000000f3f00000,0x00000000f5100000)
 ParOldGen       total 87552K, used 34199K [0x00000000c0000000, 0x00000000c5580000, 0x00000000eab00000)
  object space 87552K, 39% used [0x00000000c0000000,0x00000000c2165f50,0x00000000c5580000)
 Metaspace       used 6485K, capacity 7256K, committed 7424K, reserved 1056768K
  class space    used 615K, capacity 656K, committed 768K, reserved 1048576K
}
Event: 4.000 GC heap before
{Heap before GC invocations=8 (full 0):
 PSYoungGen      total 151552K, used 151533K [0x00000000eab00000, 0x00000000f5600000, 0x0000000100000000)
  eden space 130560K, 100% used [0x00000000eab00000,0x00000000f2a80000,0x00000000f2a80000)
  from space 20992K, 99% used [0x00000000f2a80000,0x00000000f3efb520,0x00000000f3f00000)
  to   space 18432K, 0% used [0x00000000f3f00000,0x00000000f3f00000,0x00000000f5100000)
 ParOldGen       total 87552K, used 34199K [0x00000000c0000000, 0x00000000c5580000, 0x00000000eab00000)
  object space 87552K, 39% used [0x00000000c0000000,0x00000000c2165f50,0x00000000c5580000)
 Metaspace       used 6490K, capacity 7320K, committed 7680K, reserved 1056768K
  class space    used 615K, capacity 656K, committed 768K, reserved 1048576K
Event: 4.064 GC heap after
Heap after GC invocations=8 (full 0):
 PSYoungGen      total 148992K, used 18409K [0x00000000eab00000, 0x00000000f5600000, 0x0000000100000000)
  eden space 130560K, 0% used [0x00000000eab00000,0x00000000eab00000,0x00000000f2a80000)
  from space 18432K, 99% used [0x00000000f3f00000,0x00000000f50fa7b8,0x00000000f5100000)
  to   space 20992K, 0% used [0x00000000f2a80000,0x00000000f2a80000,0x00000000f3f00000)
 ParOldGen       total 87552K, used 54824K [0x00000000c0000000, 0x00000000c5580000, 0x00000000eab00000)
  object space 87552K, 62% used [0x00000000c0000000,0x00000000c358a098,0x00000000c5580000)
 Metaspace       used 6490K, capacity 7320K, committed 7680K, reserved 1056768K
  class space    used 615K, capacity 656K, committed 768K, reserved 1048576K
}
Event: 4.572 GC heap before
{Heap before GC invocations=9 (full 0):
 PSYoungGen      total 148992K, used 148969K [0x00000000eab00000, 0x00000000f5600000, 0x0000000100000000)
  eden space 130560K, 100% used [0x00000000eab00000,0x00000000f2a80000,0x00000000f2a80000)
  from space 18432K, 99% used [0x00000000f3f00000,0x00000000f50fa7b8,0x00000000f5100000)
  to   space 20992K, 0% used [0x00000000f2a80000,0x00000000f2a80000,0x00000000f3f00000)
 ParOldGen       total 87552K, used 54824K [0x00000000c0000000, 0x00000000c5580000, 0x00000000eab00000)
  object space 87552K, 62% used [0x00000000c0000000,0x00000000c358a098,0x00000000c5580000)
 Metaspace       used 6503K, capacity 7320K, committed 7680K, reserved 1056768K
  class space    used 615K, capacity 656K, committed 768K, reserved 1048576K
Event: 4.653 GC heap after
Heap after GC invocations=9 (full 0):
 PSYoungGen      total 151552K, used 20985K [0x00000000eab00000, 0x00000000f5600000, 0x0000000100000000)
  eden space 130560K, 0% used [0x00000000eab00000,0x00000000eab00000,0x00000000f2a80000)
  from space 20992K, 99% used [0x00000000f2a80000,0x00000000f3efe4c8,0x00000000f3f00000)
  to   space 18432K, 0% used [0x00000000f3f00000,0x00000000f3f00000,0x00000000f5100000)
 ParOldGen       total 87552K, used 67168K [0x00000000c0000000, 0x00000000c5580000, 0x00000000eab00000)
  object space 87552K, 76% used [0x00000000c0000000,0x00000000c4198068,0x00000000c5580000)
 Metaspace       used 6503K, capacity 7320K, committed 7680K, reserved 1056768K
  class space    used 615K, capacity 656K, committed 768K, reserved 1048576K
}
Event: 4.653 GC heap before
{Heap before GC invocations=10 (full 1):
 PSYoungGen      total 151552K, used 20985K [0x00000000eab00000, 0x00000000f5600000, 0x0000000100000000)
  eden space 130560K, 0% used [0x00000000eab00000,0x00000000eab00000,0x00000000f2a80000)
  from space 20992K, 99% used [0x00000000f2a80000,0x00000000f3efe4c8,0x00000000f3f00000)
  to   space 18432K, 0% used [0x00000000f3f00000,0x00000000f3f00000,0x00000000f5100000)
 ParOldGen       total 87552K, used 67168K [0x00000000c0000000, 0x00000000c5580000, 0x00000000eab00000)
  object space 87552K, 76% used [0x00000000c0000000,0x00000000c4198068,0x00000000c5580000)
 Metaspace       used 6503K, capacity 7320K, committed 7680K, reserved 1056768K
  class space    used 615K, capacity 656K, committed 768K, reserved 1048576K
Event: 5.523 GC heap after
Heap after GC invocations=10 (full 1):
 PSYoungGen      total 151552K, used 0K [0x00000000eab00000, 0x00000000f5600000, 0x0000000100000000)
  eden space 130560K, 0% used [0x00000000eab00000,0x00000000eab00000,0x00000000f2a80000)
  from space 20992K, 0% used [0x00000000f2a80000,0x00000000f2a80000,0x00000000f3f00000)
  to   space 18432K, 0% used [0x00000000f3f00000,0x00000000f3f00000,0x00000000f5100000)
 ParOldGen       total 159232K, used 82955K [0x00000000c0000000, 0x00000000c9b80000, 0x00000000eab00000)
  object space 159232K, 52% used [0x00000000c0000000,0x00000000c5102d20,0x00000000c9b80000)
 Metaspace       used 6503K, capacity 7320K, committed 7680K, reserved 1056768K
  class space    used 615K, capacity 656K, committed 768K, reserved 1048576K
}

Deoptimization events (10 events):
Event: 1.891 Thread 0x0000000016b20800 Uncommon trap: reason=class_check action=maybe_recompile pc=0x0000000002907444 method=com.android.dx.cf.code.BytecodeArray.parseInstruction(ILcom/android/dx/cf/code/BytecodeArray$Visitor;)I @ 1672
Event: 1.905 Thread 0x00000000172ca000 Uncommon trap: reason=unreached action=reinterpret pc=0x000000000285acbc method=com.android.dx.ssa.SCCP.simulateBranch(Lcom/android/dx/ssa/SsaInsn;)V @ 132
Event: 2.313 Thread 0x000000001654e800 Uncommon trap: reason=unreached action=reinterpret pc=0x00000000026e1b9c method=com.android.dx.ssa.SsaMethod.updateOneDefinition(Lcom/android/dx/ssa/SsaInsn;Lcom/android/dx/rop/code/RegisterSpec;)V @ 4
Event: 2.851 Thread 0x00000000172ca000 Uncommon trap: reason=class_check action=maybe_recompile pc=0x00000000029ba7e4 method=com.android.dx.cf.code.BytecodeArray.parseInstruction(ILcom/android/dx/cf/code/BytecodeArray$Visitor;)I @ 1258
Event: 2.851 Thread 0x00000000172ca000 Uncommon trap: reason=class_check action=maybe_recompile pc=0x00000000029ba7e4 method=com.android.dx.cf.code.BytecodeArray.parseInstruction(ILcom/android/dx/cf/code/BytecodeArray$Visitor;)I @ 1258
Event: 3.053 Thread 0x0000000016b93800 Uncommon trap: reason=unreached action=reinterpret pc=0x00000000029b2b30 method=java.util.HashMap.putVal(ILjava/lang/Object;Ljava/lang/Object;ZZ)Ljava/lang/Object; @ 109
Event: 3.967 Thread 0x000000001654e800 Uncommon trap: reason=class_check action=maybe_recompile pc=0x0000000002a631d4 method=com.android.dx.cf.code.BytecodeArray.parseInstruction(ILcom/android/dx/cf/code/BytecodeArray$Visitor;)I @ 1525
Event: 3.967 Thread 0x000000001654e800 Uncommon trap: reason=class_check action=maybe_recompile pc=0x0000000002a631d4 method=com.android.dx.cf.code.BytecodeArray.parseInstruction(ILcom/android/dx/cf/code/BytecodeArray$Visitor;)I @ 1525
Event: 5.577 Thread 0x0000000016b20800 Uncommon trap: reason=class_check action=maybe_recompile pc=0x0000000002aa71b4 method=com.android.dx.cf.code.BytecodeArray.parseInstruction(ILcom/android/dx/cf/code/BytecodeArray$Visitor;)I @ 1915
Event: 5.579 Thread 0x0000000016b20800 Uncommon trap: reason=class_check action=maybe_recompile pc=0x0000000002aa71b4 method=com.android.dx.cf.code.BytecodeArray.parseInstruction(ILcom/android/dx/cf/code/BytecodeArray$Visitor;)I @ 1915

Internal exceptions (10 events):
Event: 0.899 Thread 0x0000000016b20800 Exception <a 'java/security/PrivilegedActionException'> (0x00000000eca17c98) thrown at [D:\re\workspace\8-2-build-windows-amd64-cygwin\jdk8u20\1074\hotspot\src\share\vm\prims\jvm.cpp, line 1275]
Event: 0.925 Thread 0x0000000016b93800 Implicit null exception at 0x00000000025616a2 to 0x00000000025617a1
Event: 1.350 Thread 0x00000000172ca000 Exception <a 'java/security/PrivilegedActionException'> (0x00000000ec48def0) thrown at [D:\re\workspace\8-2-build-windows-amd64-cygwin\jdk8u20\1074\hotspot\src\share\vm\prims\jvm.cpp, line 1275]
Event: 1.520 Thread 0x0000000016b93800 Implicit null exception at 0x00000000026e0bd3 to 0x00000000026e0d3d
Event: 1.598 Thread 0x00000000001dd800 Exception <a 'java/security/PrivilegedActionException'> (0x00000000ec18bcb8) thrown at [D:\re\workspace\8-2-build-windows-amd64-cygwin\jdk8u20\1074\hotspot\src\share\vm\prims\jvm.cpp, line 1275]
Event: 1.727 Thread 0x0000000016b93800 Exception <a 'java/lang/ArrayIndexOutOfBoundsException': 18> (0x00000000eb541ca8) thrown at [D:\re\workspace\8-2-build-windows-amd64-cygwin\jdk8u20\1074\hotspot\src\share\vm\interpreter\interpreterRuntime.cpp, line 366]
Event: 1.727 Thread 0x0000000016b93800 Exception <a 'java/lang/ArrayIndexOutOfBoundsException'> (0x00000000eb543740) thrown at [D:\re\workspace\8-2-build-windows-amd64-cygwin\jdk8u20\1074\hotspot\src\share\vm\runtime\sharedRuntime.cpp, line 604]
Event: 1.728 Thread 0x0000000016b93800 Exception <a 'java/lang/ArrayIndexOutOfBoundsException'> (0x00000000eb544958) thrown at [D:\re\workspace\8-2-build-windows-amd64-cygwin\jdk8u20\1074\hotspot\src\share\vm\runtime\sharedRuntime.cpp, line 604]
Event: 2.312 Thread 0x000000001654e800 Exception <a 'java/security/PrivilegedActionException'> (0x00000000ecb11058) thrown at [D:\re\workspace\8-2-build-windows-amd64-cygwin\jdk8u20\1074\hotspot\src\share\vm\prims\jvm.cpp, line 1275]
Event: 4.491 Thread 0x00000000001dd800 Exception <a 'java/security/PrivilegedActionException'> (0x00000000efe0b028) thrown at [D:\re\workspace\8-2-build-windows-amd64-cygwin\jdk8u20\1074\hotspot\src\share\vm\prims\jvm.cpp, line 1275]

Events (10 events):
Event: 5.567 Thread 0x0000000016b20800 DEOPT PACKING pc=0x00000000026b3db5 sp=0x000000001823eb40
Event: 5.567 Thread 0x0000000016b20800 DEOPT UNPACKING pc=0x00000000022875bf sp=0x000000001823e820 mode 0
Event: 5.577 Thread 0x0000000016b20800 Uncommon trap: trap_request=0xffffffde fr.pc=0x0000000002aa71b4
Event: 5.577 Thread 0x0000000016b20800 DEOPT PACKING pc=0x0000000002aa71b4 sp=0x000000001823e9e0
Event: 5.577 Thread 0x0000000016b20800 DEOPT UNPACKING pc=0x000000000228556a sp=0x000000001823e988 mode 2
Event: 5.579 Thread 0x0000000016b20800 Uncommon trap: trap_request=0xffffffde fr.pc=0x0000000002aa71b4
Event: 5.579 Thread 0x0000000016b20800 DEOPT PACKING pc=0x0000000002aa71b4 sp=0x000000001823e9e0
Event: 5.579 Thread 0x0000000016b20800 DEOPT UNPACKING pc=0x000000000228556a sp=0x000000001823e988 mode 2
Event: 5.611 Thread 0x00000000001dd800 DEOPT PACKING pc=0x000000000284a314 sp=0x000000000213d650
Event: 5.611 Thread 0x00000000001dd800 DEOPT UNPACKING pc=0x00000000022875bf sp=0x000000000213d4e0 mode 0


Dynamic libraries:
0x00007ff6c7a40000 - 0x00007ff6c7a74000 	C:\Program Files\Java\jdk1.8.0_20\bin\java.exe
0x00007fff74ae0000 - 0x00007fff74ca1000 	C:\WINDOWS\SYSTEM32\ntdll.dll
0x00007fff74760000 - 0x00007fff7480d000 	C:\WINDOWS\system32\KERNEL32.DLL
0x00007fff71320000 - 0x00007fff71508000 	C:\WINDOWS\system32\KERNELBASE.dll
0x00007fff744f0000 - 0x00007fff74597000 	C:\WINDOWS\system32\ADVAPI32.dll
0x00007fff737e0000 - 0x00007fff7387d000 	C:\WINDOWS\system32\msvcrt.dll
0x00007fff74700000 - 0x00007fff7475b000 	C:\WINDOWS\system32\sechost.dll
0x00007fff736c0000 - 0x00007fff737dc000 	C:\WINDOWS\system32\RPCRT4.dll
0x00007fff745a0000 - 0x00007fff746f6000 	C:\WINDOWS\system32\USER32.dll
0x00007fff74950000 - 0x00007fff74ad6000 	C:\WINDOWS\system32\GDI32.dll
0x00007fff656f0000 - 0x00007fff65964000 	C:\WINDOWS\WinSxS\amd64_microsoft.windows.common-controls_6595b64144ccf1df_6.0.10586.0_none_8c15ae12515e1c22\COMCTL32.dll
0x00007fff73880000 - 0x00007fff73afd000 	C:\WINDOWS\system32\combase.dll
0x00007fff71170000 - 0x00007fff711da000 	C:\WINDOWS\system32\bcryptPrimitives.dll
0x00007fff73be0000 - 0x00007fff73c1b000 	C:\WINDOWS\system32\IMM32.DLL
0x000000006fe30000 - 0x000000006ff02000 	C:\Program Files\Java\jdk1.8.0_20\jre\bin\msvcr100.dll
0x000000006ec80000 - 0x000000006f4d8000 	C:\Program Files\Java\jdk1.8.0_20\jre\bin\server\jvm.dll
0x00007fff73620000 - 0x00007fff73628000 	C:\WINDOWS\system32\PSAPI.DLL
0x00007fff66da0000 - 0x00007fff66da9000 	C:\WINDOWS\SYSTEM32\WSOCK32.dll
0x00007fff6f7e0000 - 0x00007fff6f803000 	C:\WINDOWS\SYSTEM32\WINMM.dll
0x00007fff748e0000 - 0x00007fff7494b000 	C:\WINDOWS\system32\WS2_32.dll
0x00007fff6f780000 - 0x00007fff6f7ac000 	C:\WINDOWS\SYSTEM32\WINMMBASE.dll
0x00007fff71530000 - 0x00007fff71573000 	C:\WINDOWS\system32\cfgmgr32.dll
0x0000000070390000 - 0x000000007039f000 	C:\Program Files\Java\jdk1.8.0_20\jre\bin\verify.dll
0x000000006fe00000 - 0x000000006fe28000 	C:\Program Files\Java\jdk1.8.0_20\jre\bin\java.dll
0x000000006ec60000 - 0x000000006ec76000 	C:\Program Files\Java\jdk1.8.0_20\jre\bin\zip.dll
0x00007fff720c0000 - 0x00007fff7361c000 	C:\WINDOWS\system32\SHELL32.dll
0x00007fff71750000 - 0x00007fff71d95000 	C:\WINDOWS\system32\windows.storage.dll
0x00007fff73660000 - 0x00007fff736b2000 	C:\WINDOWS\system32\shlwapi.dll
0x00007fff710e0000 - 0x00007fff710ef000 	C:\WINDOWS\system32\kernel.appcore.dll
0x00007fff71da0000 - 0x00007fff71e55000 	C:\WINDOWS\system32\shcore.dll
0x00007fff71120000 - 0x00007fff7116b000 	C:\WINDOWS\system32\powrprof.dll
0x00007fff71100000 - 0x00007fff71114000 	C:\WINDOWS\system32\profapi.dll
0x00007fff65a40000 - 0x00007fff65bcc000 	C:\WINDOWS\SYSTEM32\dbghelp.dll

VM Arguments:
jvm_args: -Djava.awt.headless=true -Xmx1024M -Dfile.encoding=windows-1252 -Duser.country=US -Duser.language=en -Duser.variant 
java_command: com.android.dx.command.Main --dex --num-threads=4 --multi-dex --main-dex-list C:\Users\admin\Documents\GitHub\ShaneelSD\SoftwareDesign\FindMeTutor\FindMeTutor\tutor_app\build\intermediates\multi-dex\debug\maindexlist.txt --output C:\Users\admin\Documents\GitHub\ShaneelSD\SoftwareDesign\FindMeTutor\FindMeTutor\tutor_app\build\intermediates\transforms\dex\debug\folders\1000\1f\main C:\Users\admin\Documents\GitHub\ShaneelSD\SoftwareDesign\FindMeTutor\FindMeTutor\tutor_app\build\intermediates\transforms\jarMerging\debug\jars\1\1f\combined.jar
java_class_path (initial): C:\Users\admin\AppData\Local\Android\sdk\build-tools\24.0.1\lib\dx.jar
Launcher Type: SUN_STANDARD

Environment Variables:
PATH=C:\ProgramData\Oracle\Java\javapath;C:\Program Files (x86)\Intel\iCLS Client\;C:\Program Files\Intel\iCLS Client\;C:\WINDOWS\system32;C:\WINDOWS;C:\WINDOWS\System32\Wbem;C:\WINDOWS\System32\WindowsPowerShell\v1.0\;C:\Program Files\Intel\Intel(R) Management Engine Components\DAL;C:\Program Files\Intel\Intel(R) Management Engine Components\IPT;C:\Program Files (x86)\Intel\Intel(R) Management Engine Components\DAL;C:\Program Files (x86)\Intel\Intel(R) Management Engine Components\IPT;C:\Program Files\WIDCOMM\Bluetooth Software\;C:\Program Files\WIDCOMM\Bluetooth Software\syswow64;C:\Program Files (x86)\Intel\OpenCL SDK\2.0\bin\x86;C:\Program Files (x86)\Intel\OpenCL SDK\2.0\bin\x64;C:\Program Files\Intel\WiFi\bin\;C:\Program Files\Common Files\Intel\WirelessCommon\;c:\Program Files (x86)\Microsoft SQL Server\100\Tools\Binn\;c:\Program Files\Microsoft SQL Server\100\Tools\Binn\;c:\Program Files\Microsoft SQL Server\100\DTS\Binn\;C:\Program Files (x86)\MySQL\MySQL Fabric 1.5.4 & MySQL Utilities 1.5.4 1.5\;C:\Program Files (x86)\MySQL\MySQL Fabric 1.5.4 & MySQL Utilities 1.5.4 1.5\Doctrine extensions for PHP\;C:\Program Files (x86)\Borland\Delphi7\Bin;C:\Program Files (x86)\Borland\Delphi7\Projects\Bpl;C:\Program Files (x86)\Borland\Delphi7\Rave5;C:\Program Files\Git\cmd;C:\Program Files\Intel\WiFi\bin\;C:\Program Files\Common Files\Intel\WirelessCommon\
USERNAME=admin
OS=Windows_NT
PROCESSOR_IDENTIFIER=Intel64 Family 6 Model 58 Stepping 9, GenuineIntel



---------------  S Y S T E M  ---------------

OS: Windows 8.1 , 64 bit Build 9600 

CPU:total 4 (2 cores per cpu, 2 threads per core) family 6 model 58 stepping 9, cmov, cx8, fxsr, mmx, sse, sse2, sse3, ssse3, sse4.1, sse4.2, popcnt, avx, aes, clmul, erms, ht, tsc, tscinvbit, tscinv

Memory: 4k page, physical 8258576k(1853088k free), swap 10306576k(4716k free)

vm_info: Java HotSpot(TM) 64-Bit Server VM (25.20-b23) for windows-amd64 JRE (1.8.0_20-b26), built on Jul 30 2014 13:51:23 by "java_re" with MS VC++ 10.0 (VS2010)

time: Thu Sep 22 22:17:12 2016
elapsed time: 5 seconds (0d 0h 0m 5s)

