#
# There is insufficient memory for the Java Runtime Environment to continue.
# Native memory allocation (malloc) failed to allocate 1376496 bytes for Chunk::new
# Possible reasons:
#   The system is out of physical RAM or swap space
#   In 32 bit mode, the process size limit was hit
# Possible solutions:
#   Reduce memory load on the system
#   Increase physical memory or swap space
#   Check if swap backing store is full
#   Use 64 bit Java on a 64 bit OS
#   Decrease Java heap size (-Xmx/-Xms)
#   Decrease number of Java threads
#   Decrease Java thread stack sizes (-Xss)
#   Set larger code cache with -XX:ReservedCodeCacheSize=
# This output file may be truncated or incomplete.
#
#  Out of Memory Error (allocation.cpp:390), pid=1424, tid=2252
#
# JRE version: Java(TM) SE Runtime Environment (8.0_20-b26) (build 1.8.0_20-b26)
# Java VM: Java HotSpot(TM) 64-Bit Server VM (25.20-b23 mixed mode windows-amd64 compressed oops)
# Failed to write core dump. Minidumps are not enabled by default on client versions of Windows
#

---------------  T H R E A D  ---------------

Current thread (0x0000000014929000):  JavaThread "C2 CompilerThread0" daemon [_thread_in_native, id=2252, stack(0x0000000015e80000,0x0000000015f80000)]

Stack: [0x0000000015e80000,0x0000000015f80000]
Native frames: (J=compiled Java code, j=interpreted, Vv=VM code, C=native code)
V  [jvm.dll+0x3152fa]
V  [jvm.dll+0x265d03]
V  [jvm.dll+0x266943]
V  [jvm.dll+0x25e265]
V  [jvm.dll+0xbe255]
V  [jvm.dll+0xbe6fc]
V  [jvm.dll+0x45c472]
V  [jvm.dll+0x49d76f]
V  [jvm.dll+0x4512bf]
V  [jvm.dll+0x452634]
V  [jvm.dll+0x435fc2]
V  [jvm.dll+0x97b62]
V  [jvm.dll+0x98353]
V  [jvm.dll+0x22aac4]
V  [jvm.dll+0x283f5a]
C  [msvcr100.dll+0x21d9f]
C  [msvcr100.dll+0x21e3b]
C  [KERNEL32.DLL+0x18102]
C  [ntdll.dll+0x5c5b4]


Current CompileTask:
C2:   6600 1502       4       com.android.dx.dex.code.OutputFinisher::addConstants (93 bytes)


---------------  P R O C E S S  ---------------

Java Threads: ( => current thread )
  0x000000000225d800 JavaThread "DestroyJavaVM" [_thread_blocked, id=3060, stack(0x00000000008a0000,0x00000000009a0000)]
  0x000000001498b000 JavaThread "Service Thread" daemon [_thread_blocked, id=6868, stack(0x0000000016180000,0x0000000016280000)]
  0x0000000014984800 JavaThread "C1 CompilerThread2" daemon [_thread_blocked, id=12100, stack(0x0000000016080000,0x0000000016180000)]
  0x000000001497e800 JavaThread "C2 CompilerThread1" daemon [_thread_in_native, id=6100, stack(0x0000000015f80000,0x0000000016080000)]
=>0x0000000014929000 JavaThread "C2 CompilerThread0" daemon [_thread_in_native, id=2252, stack(0x0000000015e80000,0x0000000015f80000)]
  0x0000000014937800 JavaThread "Attach Listener" daemon [_thread_blocked, id=10440, stack(0x0000000015d80000,0x0000000015e80000)]
  0x0000000014936000 JavaThread "Signal Dispatcher" daemon [_thread_blocked, id=5056, stack(0x0000000015c80000,0x0000000015d80000)]
  0x00000000021ef000 JavaThread "Finalizer" daemon [_thread_blocked, id=6464, stack(0x0000000015b80000,0x0000000015c80000)]
  0x00000000021ec000 JavaThread "Reference Handler" daemon [_thread_blocked, id=8224, stack(0x0000000015a80000,0x0000000015b80000)]

Other Threads:
  0x00000000148f6000 VMThread [stack: 0x0000000015980000,0x0000000015a80000] [id=10936]
  0x000000001498e000 WatcherThread [stack: 0x0000000016280000,0x0000000016380000] [id=3148]

VM state:not at safepoint (normal execution)

VM Mutex/Monitor currently owned by a thread: None

Heap:
 PSYoungGen      total 38400K, used 24392K [0x00000000eab00000, 0x00000000ed580000, 0x0000000100000000)
  eden space 33280K, 58% used [0x00000000eab00000,0x00000000ebdd9d70,0x00000000ecb80000)
  from space 5120K, 99% used [0x00000000ecb80000,0x00000000ed078330,0x00000000ed080000)
  to   space 5120K, 0% used [0x00000000ed080000,0x00000000ed080000,0x00000000ed580000)
 ParOldGen       total 87552K, used 1852K [0x00000000c0000000, 0x00000000c5580000, 0x00000000eab00000)
  object space 87552K, 2% used [0x00000000c0000000,0x00000000c01cf240,0x00000000c5580000)
 Metaspace       used 6895K, capacity 7544K, committed 7680K, reserved 1056768K
  class space    used 670K, capacity 688K, committed 768K, reserved 1048576K

Card table byte_map: [0x0000000011620000,0x0000000011830000] byte_map_base: 0x0000000011020000

Marking Bits: (ParMarkBitMap*) 0x000000006935b460
 Begin Bits: [0x0000000011d90000, 0x0000000012d90000)
 End Bits:   [0x0000000012d90000, 0x0000000013d90000)

Polling page: 0x00000000001f0000

CodeCache: size=245760Kb used=6743Kb max_used=6743Kb free=239016Kb
 bounds [0x0000000002260000, 0x0000000002900000, 0x0000000011260000]
 total_blobs=2015 nmethods=1740 adapters=188
 compilation: enabled

Compilation events (10 events):
Event: 3.333 Thread 0x0000000014984800 1522       2       com.android.dx.dex.file.StringIdItem::<init> (29 bytes)
Event: 3.333 Thread 0x0000000014984800 nmethod 1522 0x0000000002867e50 code [0x0000000002867fc0, 0x00000000028681c8]
Event: 3.333 Thread 0x0000000014984800 1523  s    2       com.android.dx.dex.file.ProtoIdsSection::intern (55 bytes)
Event: 3.334 Thread 0x0000000014984800 nmethod 1523 0x0000000002868290 code [0x0000000002868440, 0x0000000002868968]
Event: 3.334 Thread 0x0000000014984800 1520       2       com.android.dx.rop.cst.CstString::<init> (42 bytes)
Event: 3.334 Thread 0x0000000014984800 nmethod 1520 0x0000000002868c50 code [0x0000000002868de0, 0x00000000028690d8]
Event: 3.335 Thread 0x0000000014929000 nmethod 1433 0x0000000002869290 code [0x0000000002869680, 0x000000000286cc70]
Event: 3.335 Thread 0x0000000014929000 1500       4       java.util.TreeMap::getEntry (84 bytes)
Event: 3.337 Thread 0x0000000014929000 nmethod 1500 0x0000000002863d10 code [0x0000000002863e60, 0x0000000002863fb8]
Event: 3.337 Thread 0x0000000014929000 1502       4       com.android.dx.dex.code.OutputFinisher::addConstants (93 bytes)

GC Heap History (2 events):
Event: 1.940 GC heap before
{Heap before GC invocations=1 (full 0):
 PSYoungGen      total 38400K, used 33280K [0x00000000eab00000, 0x00000000ed580000, 0x0000000100000000)
  eden space 33280K, 100% used [0x00000000eab00000,0x00000000ecb80000,0x00000000ecb80000)
  from space 5120K, 0% used [0x00000000ed080000,0x00000000ed080000,0x00000000ed580000)
  to   space 5120K, 0% used [0x00000000ecb80000,0x00000000ecb80000,0x00000000ed080000)
 ParOldGen       total 87552K, used 0K [0x00000000c0000000, 0x00000000c5580000, 0x00000000eab00000)
  object space 87552K, 0% used [0x00000000c0000000,0x00000000c0000000,0x00000000c5580000)
 Metaspace       used 5993K, capacity 6960K, committed 7040K, reserved 1056768K
  class space    used 591K, capacity 616K, committed 640K, reserved 1048576K
Event: 1.950 GC heap after
Heap after GC invocations=1 (full 0):
 PSYoungGen      total 38400K, used 5088K [0x00000000eab00000, 0x00000000ed580000, 0x0000000100000000)
  eden space 33280K, 0% used [0x00000000eab00000,0x00000000eab00000,0x00000000ecb80000)
  from space 5120K, 99% used [0x00000000ecb80000,0x00000000ed078330,0x00000000ed080000)
  to   space 5120K, 0% used [0x00000000ed080000,0x00000000ed080000,0x00000000ed580000)
 ParOldGen       total 87552K, used 1852K [0x00000000c0000000, 0x00000000c5580000, 0x00000000eab00000)
  object space 87552K, 2% used [0x00000000c0000000,0x00000000c01cf240,0x00000000c5580000)
 Metaspace       used 5993K, capacity 6960K, committed 7040K, reserved 1056768K
  class space    used 591K, capacity 616K, committed 640K, reserved 1048576K
}

Deoptimization events (10 events):
Event: 2.447 Thread 0x00000000165d5800 Uncommon trap: reason=unreached action=reinterpret pc=0x000000000254b35c method=com.android.dx.rop.cst.Constant.compareTo(Lcom/android/dx/rop/cst/Constant;)I @ 12
Event: 3.011 Thread 0x00000000165d5800 Uncommon trap: reason=bimorphic action=maybe_recompile pc=0x00000000027fa9a8 method=com.android.dx.cf.code.BytecodeArray.parseInstruction(ILcom/android/dx/cf/code/BytecodeArray$Visitor;)I @ 1161
Event: 3.011 Thread 0x00000000165d5800 Uncommon trap: reason=bimorphic action=maybe_recompile pc=0x00000000027fa9a8 method=com.android.dx.cf.code.BytecodeArray.parseInstruction(ILcom/android/dx/cf/code/BytecodeArray$Visitor;)I @ 1161
Event: 3.013 Thread 0x00000000165d5800 Uncommon trap: reason=bimorphic action=maybe_recompile pc=0x00000000027fa9a8 method=com.android.dx.cf.code.BytecodeArray.parseInstruction(ILcom/android/dx/cf/code/BytecodeArray$Visitor;)I @ 1161
Event: 3.013 Thread 0x00000000165d5800 Uncommon trap: reason=bimorphic action=maybe_recompile pc=0x00000000027fa9a8 method=com.android.dx.cf.code.BytecodeArray.parseInstruction(ILcom/android/dx/cf/code/BytecodeArray$Visitor;)I @ 1161
Event: 3.299 Thread 0x000000000225d800 Uncommon trap: reason=class_check action=maybe_recompile pc=0x0000000002775260 method=java.util.Arrays.hashCode([Ljava/lang/Object;)I @ 43
Event: 3.299 Thread 0x000000000225d800 Uncommon trap: reason=class_check action=maybe_recompile pc=0x0000000002775260 method=java.util.Arrays.hashCode([Ljava/lang/Object;)I @ 43
Event: 3.299 Thread 0x000000000225d800 Uncommon trap: reason=class_check action=maybe_recompile pc=0x0000000002775260 method=java.util.Arrays.hashCode([Ljava/lang/Object;)I @ 43
Event: 3.299 Thread 0x000000000225d800 Uncommon trap: reason=class_check action=maybe_recompile pc=0x0000000002775260 method=java.util.Arrays.hashCode([Ljava/lang/Object;)I @ 43
Event: 3.299 Thread 0x000000000225d800 Uncommon trap: reason=class_check action=maybe_recompile pc=0x000000000273fc40 method=java.util.Arrays.hashCode([Ljava/lang/Object;)I @ 43

Internal exceptions (10 events):
Event: 1.713 Thread 0x000000000225d800 Exception <a 'java/security/PrivilegedActionException'> (0x00000000ec4ce290) thrown at [D:\re\workspace\8-2-build-windows-amd64-cygwin\jdk8u20\1074\hotspot\src\share\vm\prims\jvm.cpp, line 1275]
Event: 1.728 Thread 0x00000000164e4000 Implicit null exception at 0x00000000026f7ee9 to 0x00000000026f9451
Event: 1.743 Thread 0x00000000165db000 Exception <a 'java/security/PrivilegedActionException'> (0x00000000ec724710) thrown at [D:\re\workspace\8-2-build-windows-amd64-cygwin\jdk8u20\1074\hotspot\src\share\vm\prims\jvm.cpp, line 1275]
Event: 1.743 Thread 0x00000000165db000 Exception <a 'java/security/PrivilegedActionException'> (0x00000000ec72a100) thrown at [D:\re\workspace\8-2-build-windows-amd64-cygwin\jdk8u20\1074\hotspot\src\share\vm\prims\jvm.cpp, line 1275]
Event: 1.744 Thread 0x00000000165db000 Exception <a 'java/security/PrivilegedActionException'> (0x00000000ec72f7a8) thrown at [D:\re\workspace\8-2-build-windows-amd64-cygwin\jdk8u20\1074\hotspot\src\share\vm\prims\jvm.cpp, line 1275]
Event: 1.886 Thread 0x00000000165d5800 Exception <a 'java/security/PrivilegedActionException'> (0x00000000ec3d87f8) thrown at [D:\re\workspace\8-2-build-windows-amd64-cygwin\jdk8u20\1074\hotspot\src\share\vm\prims\jvm.cpp, line 1275]
Event: 2.442 Thread 0x00000000165d5800 Implicit null exception at 0x00000000026f1ee2 to 0x00000000026f1fd2
Event: 3.301 Thread 0x000000000225d800 Exception <a 'java/security/PrivilegedActionException'> (0x00000000eb2b3be8) thrown at [D:\re\workspace\8-2-build-windows-amd64-cygwin\jdk8u20\1074\hotspot\src\share\vm\prims\jvm.cpp, line 1275]
Event: 3.313 Thread 0x000000000225d800 Exception <a 'java/security/PrivilegedActionException'> (0x00000000eba31d48) thrown at [D:\re\workspace\8-2-build-windows-amd64-cygwin\jdk8u20\1074\hotspot\src\share\vm\prims\jvm.cpp, line 1275]
Event: 3.327 Thread 0x000000000225d800 Exception <a 'java/security/PrivilegedActionException'> (0x00000000eba72828) thrown at [D:\re\workspace\8-2-build-windows-amd64-cygwin\jdk8u20\1074\hotspot\src\share\vm\prims\jvm.cpp, line 1275]

Events (10 events):
Event: 3.299 Thread 0x000000000225d800 Uncommon trap: trap_request=0xffffffde fr.pc=0x000000000273fc40
Event: 3.299 Thread 0x000000000225d800 DEOPT PACKING pc=0x000000000273fc40 sp=0x000000000099ecf0
Event: 3.299 Thread 0x000000000225d800 DEOPT UNPACKING pc=0x00000000022a556a sp=0x000000000099ec78 mode 2
Event: 3.301 loading class com/android/dx/rop/cst/Zeroes
Event: 3.301 loading class com/android/dx/rop/cst/Zeroes done
Event: 3.302 Thread 0x00000000165d5800 Thread exited: 0x00000000165d5800
Event: 3.313 loading class com/android/dx/dex/file/CatchStructs
Event: 3.313 loading class com/android/dx/dex/file/CatchStructs done
Event: 3.327 loading class com/android/dx/dex/file/ProtoIdItem
Event: 3.327 loading class com/android/dx/dex/file/ProtoIdItem done


Dynamic libraries:
0x00007ff699e80000 - 0x00007ff699eb4000 	C:\Program Files\Java\jdk1.8.0_20\bin\java.exe
0x00007ffdfc2f0000 - 0x00007ffdfc4b1000 	C:\WINDOWS\SYSTEM32\ntdll.dll
0x00007ffdfba20000 - 0x00007ffdfbacd000 	C:\WINDOWS\system32\KERNEL32.DLL
0x00007ffdf8d70000 - 0x00007ffdf8f58000 	C:\WINDOWS\system32\KERNELBASE.dll
0x00007ffdfb640000 - 0x00007ffdfb6e7000 	C:\WINDOWS\system32\ADVAPI32.dll
0x00007ffdfb330000 - 0x00007ffdfb3cd000 	C:\WINDOWS\system32\msvcrt.dll
0x00007ffdfb2d0000 - 0x00007ffdfb32b000 	C:\WINDOWS\system32\sechost.dll
0x00007ffdfb1b0000 - 0x00007ffdfb2cc000 	C:\WINDOWS\system32\RPCRT4.dll
0x00007ffdfb4e0000 - 0x00007ffdfb636000 	C:\WINDOWS\system32\USER32.dll
0x00007ffdf98f0000 - 0x00007ffdf9a76000 	C:\WINDOWS\system32\GDI32.dll
0x00007ffded5c0000 - 0x00007ffded834000 	C:\WINDOWS\WinSxS\amd64_microsoft.windows.common-controls_6595b64144ccf1df_6.0.10586.0_none_8c15ae12515e1c22\COMCTL32.dll
0x00007ffdfb7a0000 - 0x00007ffdfba1d000 	C:\WINDOWS\system32\combase.dll
0x00007ffdf9660000 - 0x00007ffdf96ca000 	C:\WINDOWS\system32\bcryptPrimitives.dll
0x00007ffdfb6f0000 - 0x00007ffdfb72b000 	C:\WINDOWS\system32\IMM32.DLL
0x00000000693e0000 - 0x00000000694b2000 	C:\Program Files\Java\jdk1.8.0_20\jre\bin\msvcr100.dll
0x0000000068b80000 - 0x00000000693d8000 	C:\Program Files\Java\jdk1.8.0_20\jre\bin\server\jvm.dll
0x00007ffdfc050000 - 0x00007ffdfc058000 	C:\WINDOWS\system32\PSAPI.DLL
0x00007ffdee310000 - 0x00007ffdee319000 	C:\WINDOWS\SYSTEM32\WSOCK32.dll
0x00007ffdfafe0000 - 0x00007ffdfb04b000 	C:\WINDOWS\system32\WS2_32.dll
0x00007ffdf6fd0000 - 0x00007ffdf6ff3000 	C:\WINDOWS\SYSTEM32\WINMM.dll
0x00007ffdf6d90000 - 0x00007ffdf6dbc000 	C:\WINDOWS\SYSTEM32\WINMMBASE.dll
0x00007ffdf9610000 - 0x00007ffdf9653000 	C:\WINDOWS\system32\cfgmgr32.dll
0x0000000068b70000 - 0x0000000068b7f000 	C:\Program Files\Java\jdk1.8.0_20\jre\bin\verify.dll
0x0000000068b40000 - 0x0000000068b68000 	C:\Program Files\Java\jdk1.8.0_20\jre\bin\java.dll
0x0000000068b20000 - 0x0000000068b36000 	C:\Program Files\Java\jdk1.8.0_20\jre\bin\zip.dll
0x00007ffdf9a80000 - 0x00007ffdfafdc000 	C:\WINDOWS\system32\SHELL32.dll
0x00007ffdf8f60000 - 0x00007ffdf95a5000 	C:\WINDOWS\system32\windows.storage.dll
0x00007ffdfb480000 - 0x00007ffdfb4d2000 	C:\WINDOWS\system32\shlwapi.dll
0x00007ffdf88f0000 - 0x00007ffdf88ff000 	C:\WINDOWS\system32\kernel.appcore.dll
0x00007ffdf8b50000 - 0x00007ffdf8c05000 	C:\WINDOWS\system32\shcore.dll
0x00007ffdf8920000 - 0x00007ffdf896b000 	C:\WINDOWS\system32\powrprof.dll
0x00007ffdf8900000 - 0x00007ffdf8914000 	C:\WINDOWS\system32\profapi.dll
0x00007ffdeceb0000 - 0x00007ffded03c000 	C:\WINDOWS\SYSTEM32\dbghelp.dll

VM Arguments:
jvm_args: -Djava.awt.headless=true -Xmx1024M -Dfile.encoding=windows-1252 -Duser.country=US -Duser.language=en -Duser.variant 
java_command: com.android.dx.command.Main --dex --num-threads=4 --output C:\Users\admin\Documents\GitHub\SoftwareDesign\FindMeTutor\FindMeTutor\tutor_app\build\intermediates\pre-dexed\debug\com.github.arimorty-floatingsearchview-2.0.3_969679a708635d45160ea898eeac5271445bfa36.jar C:\Users\admin\Documents\GitHub\SoftwareDesign\FindMeTutor\FindMeTutor\tutor_app\build\intermediates\exploded-aar\com.github.arimorty\floatingsearchview\2.0.3\jars\classes.jar
java_class_path (initial): C:\Users\admin\AppData\Local\Android\sdk\build-tools\24.0.1\lib\dx.jar
Launcher Type: SUN_STANDARD

Environment Variables:
PATH=C:\ProgramData\Oracle\Java\javapath;C:\Program Files (x86)\Intel\iCLS Client\;C:\Program Files\Intel\iCLS Client\;C:\WINDOWS\system32;C:\WINDOWS;C:\WINDOWS\System32\Wbem;C:\WINDOWS\System32\WindowsPowerShell\v1.0\;C:\Program Files\Intel\Intel(R) Management Engine Components\DAL;C:\Program Files\Intel\Intel(R) Management Engine Components\IPT;C:\Program Files (x86)\Intel\Intel(R) Management Engine Components\DAL;C:\Program Files (x86)\Intel\Intel(R) Management Engine Components\IPT;C:\Program Files\WIDCOMM\Bluetooth Software\;C:\Program Files\WIDCOMM\Bluetooth Software\syswow64;C:\Program Files (x86)\Intel\OpenCL SDK\2.0\bin\x86;C:\Program Files (x86)\Intel\OpenCL SDK\2.0\bin\x64;C:\Program Files\Intel\WiFi\bin\;C:\Program Files\Common Files\Intel\WirelessCommon\;c:\Program Files (x86)\Microsoft SQL Server\100\Tools\Binn\;c:\Program Files\Microsoft SQL Server\100\Tools\Binn\;c:\Program Files\Microsoft SQL Server\100\DTS\Binn\;C:\Program Files (x86)\MySQL\MySQL Fabric 1.5.4 & MySQL Utilities 1.5.4 1.5\;C:\Program Files (x86)\MySQL\MySQL Fabric 1.5.4 & MySQL Utilities 1.5.4 1.5\Doctrine extensions for PHP\;C:\Program Files (x86)\Borland\Delphi7\Bin;C:\Program Files (x86)\Borland\Delphi7\Projects\Bpl;C:\Program Files (x86)\Borland\Delphi7\Rave5;C:\Program Files\Git\cmd;C:\Program Files\Intel\WiFi\bin\;C:\Program Files\Common Files\Intel\WirelessCommon\
USERNAME=admin
OS=Windows_NT
PROCESSOR_IDENTIFIER=Intel64 Family 6 Model 58 Stepping 9, GenuineIntel



---------------  S Y S T E M  ---------------

OS: Windows 8.1 , 64 bit Build 9600 

CPU:total 4 (2 cores per cpu, 2 threads per core) family 6 model 58 stepping 9, cmov, cx8, fxsr, mmx, sse, sse2, sse3, ssse3, sse4.1, sse4.2, popcnt, avx, aes, clmul, erms, ht, tsc, tscinvbit, tscinv

Memory: 4k page, physical 8258576k(1714452k free), swap 10306576k(22964k free)

vm_info: Java HotSpot(TM) 64-Bit Server VM (25.20-b23) for windows-amd64 JRE (1.8.0_20-b26), built on Jul 30 2014 13:51:23 by "java_re" with MS VC++ 10.0 (VS2010)

time: Sat Sep 03 18:13:01 2016
elapsed time: 6 seconds (0d 0h 0m 6s)

