#
# There is insufficient memory for the Java Runtime Environment to continue.
# Native memory allocation (malloc) failed to allocate 1611456 bytes for Chunk::new
# Possible reasons:
#   The system is out of physical RAM or swap space
#   In 32 bit mode, the process size limit was hit
# Possible solutions:
#   Reduce memory load on the system
#   Increase physical memory or swap space
#   Check if swap backing store is full
#   Use 64 bit Java on a 64 bit OS
#   Decrease Java heap size (-Xmx/-Xms)
#   Decrease number of Java threads
#   Decrease Java thread stack sizes (-Xss)
#   Set larger code cache with -XX:ReservedCodeCacheSize=
# This output file may be truncated or incomplete.
#
#  Out of Memory Error (allocation.cpp:390), pid=10212, tid=8684
#
# JRE version: Java(TM) SE Runtime Environment (8.0_20-b26) (build 1.8.0_20-b26)
# Java VM: Java HotSpot(TM) 64-Bit Server VM (25.20-b23 mixed mode windows-amd64 compressed oops)
# Failed to write core dump. Minidumps are not enabled by default on client versions of Windows
#

---------------  T H R E A D  ---------------

Current thread (0x00000000148ba800):  JavaThread "C2 CompilerThread1" daemon [_thread_in_native, id=8684, stack(0x0000000015f20000,0x0000000016020000)]

Stack: [0x0000000015f20000,0x0000000016020000]
Native frames: (J=compiled Java code, j=interpreted, Vv=VM code, C=native code)
V  [jvm.dll+0x3152fa]
V  [jvm.dll+0x265d03]
V  [jvm.dll+0x266943]
V  [jvm.dll+0x25e265]
V  [jvm.dll+0xbe255]
V  [jvm.dll+0xbe6fc]
V  [jvm.dll+0x45c472]
V  [jvm.dll+0x49d76f]
V  [jvm.dll+0x451911]
V  [jvm.dll+0x452634]
V  [jvm.dll+0x435fc2]
V  [jvm.dll+0x97b62]
V  [jvm.dll+0x98353]
V  [jvm.dll+0x22aac4]
V  [jvm.dll+0x283f5a]
C  [msvcr100.dll+0x21d9f]
C  [msvcr100.dll+0x21e3b]
C  [KERNEL32.DLL+0x18102]
C  [ntdll.dll+0x5c5b4]


Current CompileTask:
C2:   2988 1483       4       com.android.dx.dex.code.OutputFinisher::addConstants (93 bytes)


---------------  P R O C E S S  ---------------

Java Threads: ( => current thread )
  0x0000000016124800 JavaThread "Service Thread" daemon [_thread_blocked, id=11844, stack(0x0000000016520000,0x0000000016620000)]
  0x0000000014914800 JavaThread "C1 CompilerThread2" daemon [_thread_blocked, id=9124, stack(0x0000000016020000,0x0000000016120000)]
=>0x00000000148ba800 JavaThread "C2 CompilerThread1" daemon [_thread_in_native, id=8684, stack(0x0000000015f20000,0x0000000016020000)]
  0x00000000148c9800 JavaThread "C2 CompilerThread0" daemon [_thread_blocked, id=12032, stack(0x0000000015e20000,0x0000000015f20000)]
  0x00000000148c7000 JavaThread "Attach Listener" daemon [_thread_blocked, id=948, stack(0x0000000015d20000,0x0000000015e20000)]
  0x00000000148c6000 JavaThread "Signal Dispatcher" daemon [_thread_blocked, id=9472, stack(0x0000000015c20000,0x0000000015d20000)]
  0x00000000021df000 JavaThread "Finalizer" daemon [_thread_blocked, id=13448, stack(0x0000000015b20000,0x0000000015c20000)]
  0x0000000014888000 JavaThread "Reference Handler" daemon [_thread_blocked, id=8584, stack(0x0000000015a20000,0x0000000015b20000)]
  0x00000000020ed800 JavaThread "main" [_thread_in_Java, id=7500, stack(0x0000000001f80000,0x0000000002080000)]

Other Threads:
  0x0000000014886000 VMThread [stack: 0x0000000015920000,0x0000000015a20000] [id=6068]
  0x0000000016127000 WatcherThread [stack: 0x0000000016620000,0x0000000016720000] [id=13384]

VM state:not at safepoint (normal execution)

VM Mutex/Monitor currently owned by a thread: None

Heap:
 PSYoungGen      total 38400K, used 20708K [0x00000000eab00000, 0x00000000ef600000, 0x0000000100000000)
  eden space 33280K, 46% used [0x00000000eab00000,0x00000000eba39d48,0x00000000ecb80000)
  from space 5120K, 99% used [0x00000000ecb80000,0x00000000ed07f4f8,0x00000000ed080000)
  to   space 5120K, 0% used [0x00000000ef100000,0x00000000ef100000,0x00000000ef600000)
 ParOldGen       total 87552K, used 1905K [0x00000000c0000000, 0x00000000c5580000, 0x00000000eab00000)
  object space 87552K, 2% used [0x00000000c0000000,0x00000000c01dc478,0x00000000c5580000)
 Metaspace       used 6160K, capacity 7088K, committed 7296K, reserved 1056768K
  class space    used 598K, capacity 616K, committed 640K, reserved 1048576K

Card table byte_map: [0x00000000115b0000,0x00000000117c0000] byte_map_base: 0x0000000010fb0000

Marking Bits: (ParMarkBitMap*) 0x0000000070fdb460
 Begin Bits: [0x0000000011d20000, 0x0000000012d20000)
 End Bits:   [0x0000000012d20000, 0x0000000013d20000)

Polling page: 0x00000000001f0000

CodeCache: size=245760Kb used=5915Kb max_used=5937Kb free=239844Kb
 bounds [0x00000000021f0000, 0x00000000027d0000, 0x00000000111f0000]
 total_blobs=1758 nmethods=1494 adapters=178
 compilation: enabled

Compilation events (10 events):
Event: 2.828 Thread 0x00000000148ba800 nmethod 1454 0x00000000027a3b50 code [0x00000000027a3ca0, 0x00000000027a3f38]
Event: 2.828 Thread 0x00000000148ba800 1461       4       java.util.TreeMap::getEntry (84 bytes)
Event: 2.830 Thread 0x00000000148ba800 nmethod 1461 0x00000000027a3750 code [0x00000000027a38a0, 0x00000000027a39f8]
Event: 2.830 Thread 0x00000000148ba800 1483       4       com.android.dx.dex.code.OutputFinisher::addConstants (93 bytes)
Event: 2.850 Thread 0x00000000148c9800 nmethod 1411 0x00000000027b5190 code [0x00000000027b55a0, 0x00000000027b88a8]
Event: 2.850 Thread 0x00000000148c9800 1487       4       com.android.dx.rop.code.RegisterSpecSet::size (49 bytes)
Event: 2.853 Thread 0x00000000148c9800 nmethod 1487 0x00000000027a3410 code [0x00000000027a3540, 0x00000000027a3698]
Event: 2.853 Thread 0x00000000148c9800 1465       4       java.util.HashMap::put (13 bytes)
Event: 2.864 Thread 0x00000000148c9800 nmethod 1465 0x000000000279f410 code [0x000000000279f5c0, 0x000000000279fd28]
Event: 2.864 Thread 0x00000000148c9800 1489       4       com.android.dx.dex.code.OutputFinisher::addConstants (68 bytes)

GC Heap History (2 events):
Event: 2.098 GC heap before
{Heap before GC invocations=1 (full 0):
 PSYoungGen      total 38400K, used 33280K [0x00000000eab00000, 0x00000000ed580000, 0x0000000100000000)
  eden space 33280K, 100% used [0x00000000eab00000,0x00000000ecb80000,0x00000000ecb80000)
  from space 5120K, 0% used [0x00000000ed080000,0x00000000ed080000,0x00000000ed580000)
  to   space 5120K, 0% used [0x00000000ecb80000,0x00000000ecb80000,0x00000000ed080000)
 ParOldGen       total 87552K, used 0K [0x00000000c0000000, 0x00000000c5580000, 0x00000000eab00000)
  object space 87552K, 0% used [0x00000000c0000000,0x00000000c0000000,0x00000000c5580000)
 Metaspace       used 5984K, capacity 6960K, committed 7040K, reserved 1056768K
  class space    used 591K, capacity 616K, committed 640K, reserved 1048576K
Event: 2.280 GC heap after
Heap after GC invocations=1 (full 0):
 PSYoungGen      total 38400K, used 5117K [0x00000000eab00000, 0x00000000ef600000, 0x0000000100000000)
  eden space 33280K, 0% used [0x00000000eab00000,0x00000000eab00000,0x00000000ecb80000)
  from space 5120K, 99% used [0x00000000ecb80000,0x00000000ed07f4f8,0x00000000ed080000)
  to   space 5120K, 0% used [0x00000000ef100000,0x00000000ef100000,0x00000000ef600000)
 ParOldGen       total 87552K, used 1905K [0x00000000c0000000, 0x00000000c5580000, 0x00000000eab00000)
  object space 87552K, 2% used [0x00000000c0000000,0x00000000c01dc478,0x00000000c5580000)
 Metaspace       used 5984K, capacity 6960K, committed 7040K, reserved 1056768K
  class space    used 591K, capacity 616K, committed 640K, reserved 1048576K
}

Deoptimization events (10 events):
Event: 2.311 Thread 0x0000000016382000 Uncommon trap: reason=class_check action=maybe_recompile pc=0x00000000026c3e3c method=java.util.HashMap.putVal(ILjava/lang/Object;Ljava/lang/Object;ZZ)Ljava/lang/Object; @ 203
Event: 2.311 Thread 0x0000000016382000 Uncommon trap: reason=bimorphic action=maybe_recompile pc=0x0000000002407790 method=java.util.HashMap.getNode(ILjava/lang/Object;)Ljava/util/HashMap$Node; @ 126
Event: 2.311 Thread 0x0000000016382000 Uncommon trap: reason=class_check action=maybe_recompile pc=0x00000000026c3e3c method=java.util.HashMap.putVal(ILjava/lang/Object;Ljava/lang/Object;ZZ)Ljava/lang/Object; @ 203
Event: 2.311 Thread 0x0000000016382000 Uncommon trap: reason=bimorphic action=maybe_recompile pc=0x000000000244ee78 method=java.util.HashMap.getNode(ILjava/lang/Object;)Ljava/util/HashMap$Node; @ 126
Event: 2.454 Thread 0x00000000163ad800 Uncommon trap: reason=unreached action=reinterpret pc=0x0000000002572d1c method=com.android.dx.rop.cst.Constant.compareTo(Lcom/android/dx/rop/cst/Constant;)I @ 12
Event: 2.715 Thread 0x00000000020ed800 Uncommon trap: reason=class_check action=maybe_recompile pc=0x000000000269eae0 method=java.util.Arrays.hashCode([Ljava/lang/Object;)I @ 43
Event: 2.715 Thread 0x00000000020ed800 Uncommon trap: reason=class_check action=maybe_recompile pc=0x000000000269eae0 method=java.util.Arrays.hashCode([Ljava/lang/Object;)I @ 43
Event: 2.716 Thread 0x00000000020ed800 Uncommon trap: reason=class_check action=maybe_recompile pc=0x000000000269eae0 method=java.util.Arrays.hashCode([Ljava/lang/Object;)I @ 43
Event: 2.716 Thread 0x00000000020ed800 Uncommon trap: reason=class_check action=maybe_recompile pc=0x000000000269eae0 method=java.util.Arrays.hashCode([Ljava/lang/Object;)I @ 43
Event: 2.716 Thread 0x00000000020ed800 Uncommon trap: reason=class_check action=maybe_recompile pc=0x000000000269e540 method=java.util.Arrays.hashCode([Ljava/lang/Object;)I @ 43

Internal exceptions (10 events):
Event: 1.272 Thread 0x0000000016382000 Exception <a 'java/security/PrivilegedActionException'> (0x00000000ebbb6780) thrown at [D:\re\workspace\8-2-build-windows-amd64-cygwin\jdk8u20\1074\hotspot\src\share\vm\prims\jvm.cpp, line 1275]
Event: 1.333 Thread 0x000000001637e000 Exception <a 'java/security/PrivilegedActionException'> (0x00000000ebd6a9e8) thrown at [D:\re\workspace\8-2-build-windows-amd64-cygwin\jdk8u20\1074\hotspot\src\share\vm\prims\jvm.cpp, line 1275]
Event: 1.516 Thread 0x00000000020ed800 Exception <a 'java/security/PrivilegedActionException'> (0x00000000ec22bfb0) thrown at [D:\re\workspace\8-2-build-windows-amd64-cygwin\jdk8u20\1074\hotspot\src\share\vm\prims\jvm.cpp, line 1275]
Event: 1.575 Thread 0x000000001637e000 Exception <a 'java/security/PrivilegedActionException'> (0x00000000ec53b6f0) thrown at [D:\re\workspace\8-2-build-windows-amd64-cygwin\jdk8u20\1074\hotspot\src\share\vm\prims\jvm.cpp, line 1275]
Event: 1.576 Thread 0x000000001637e000 Exception <a 'java/security/PrivilegedActionException'> (0x00000000ec5410e0) thrown at [D:\re\workspace\8-2-build-windows-amd64-cygwin\jdk8u20\1074\hotspot\src\share\vm\prims\jvm.cpp, line 1275]
Event: 1.576 Thread 0x000000001637e000 Exception <a 'java/security/PrivilegedActionException'> (0x00000000ec546788) thrown at [D:\re\workspace\8-2-build-windows-amd64-cygwin\jdk8u20\1074\hotspot\src\share\vm\prims\jvm.cpp, line 1275]
Event: 2.283 Thread 0x00000000163ad800 Exception <a 'java/security/PrivilegedActionException'> (0x00000000eab108b0) thrown at [D:\re\workspace\8-2-build-windows-amd64-cygwin\jdk8u20\1074\hotspot\src\share\vm\prims\jvm.cpp, line 1275]
Event: 2.720 Thread 0x00000000020ed800 Exception <a 'java/security/PrivilegedActionException'> (0x00000000ead4ab68) thrown at [D:\re\workspace\8-2-build-windows-amd64-cygwin\jdk8u20\1074\hotspot\src\share\vm\prims\jvm.cpp, line 1275]
Event: 2.749 Thread 0x00000000020ed800 Exception <a 'java/security/PrivilegedActionException'> (0x00000000ead72ef0) thrown at [D:\re\workspace\8-2-build-windows-amd64-cygwin\jdk8u20\1074\hotspot\src\share\vm\prims\jvm.cpp, line 1275]
Event: 2.767 Thread 0x00000000020ed800 Exception <a 'java/security/PrivilegedActionException'> (0x00000000eb9fcc18) thrown at [D:\re\workspace\8-2-build-windows-amd64-cygwin\jdk8u20\1074\hotspot\src\share\vm\prims\jvm.cpp, line 1275]

Events (10 events):
Event: 2.716 Thread 0x00000000020ed800 Uncommon trap: trap_request=0xffffffde fr.pc=0x000000000269e540
Event: 2.716 Thread 0x00000000020ed800 DEOPT PACKING pc=0x000000000269e540 sp=0x000000000207f0a0
Event: 2.716 Thread 0x00000000020ed800 DEOPT UNPACKING pc=0x000000000223556a sp=0x000000000207f028 mode 2
Event: 2.720 loading class com/android/dx/rop/cst/Zeroes
Event: 2.720 loading class com/android/dx/rop/cst/Zeroes done
Event: 2.749 loading class com/android/dx/dex/file/CatchStructs
Event: 2.749 loading class com/android/dx/dex/file/CatchStructs done
Event: 2.767 loading class com/android/dx/dex/file/ProtoIdItem
Event: 2.767 loading class com/android/dx/dex/file/ProtoIdItem done
Event: 2.776 Thread 0x00000000163ad800 Thread exited: 0x00000000163ad800


Dynamic libraries:
0x00007ff684e90000 - 0x00007ff684ec4000 	C:\Program Files\Java\jdk1.8.0_20\bin\java.exe
0x00007ffb659a0000 - 0x00007ffb65b61000 	C:\WINDOWS\SYSTEM32\ntdll.dll
0x00007ffb633d0000 - 0x00007ffb6347d000 	C:\WINDOWS\system32\KERNEL32.DLL
0x00007ffb626f0000 - 0x00007ffb628d8000 	C:\WINDOWS\system32\KERNELBASE.dll
0x00007ffb606a0000 - 0x00007ffb60719000 	C:\WINDOWS\system32\apphelp.dll
0x00007ffb658f0000 - 0x00007ffb65997000 	C:\WINDOWS\system32\ADVAPI32.dll
0x00007ffb65420000 - 0x00007ffb654bd000 	C:\WINDOWS\system32\msvcrt.dll
0x00007ffb62d80000 - 0x00007ffb62ddb000 	C:\WINDOWS\system32\sechost.dll
0x00007ffb63750000 - 0x00007ffb6386c000 	C:\WINDOWS\system32\RPCRT4.dll
0x00007ffb652c0000 - 0x00007ffb65416000 	C:\WINDOWS\system32\USER32.dll
0x00007ffb63550000 - 0x00007ffb636d6000 	C:\WINDOWS\system32\GDI32.dll
0x00007ffb57250000 - 0x00007ffb574c4000 	C:\WINDOWS\WinSxS\amd64_microsoft.windows.common-controls_6595b64144ccf1df_6.0.10586.0_none_8c15ae12515e1c22\COMCTL32.dll
0x00007ffb65040000 - 0x00007ffb652bd000 	C:\WINDOWS\system32\combase.dll
0x00007ffb62680000 - 0x00007ffb626ea000 	C:\WINDOWS\system32\bcryptPrimitives.dll
0x00007ffb63870000 - 0x00007ffb638ab000 	C:\WINDOWS\system32\IMM32.DLL
0x0000000071060000 - 0x0000000071132000 	C:\Program Files\Java\jdk1.8.0_20\jre\bin\msvcr100.dll
0x0000000070800000 - 0x0000000071058000 	C:\Program Files\Java\jdk1.8.0_20\jre\bin\server\jvm.dll
0x00007ffb64f70000 - 0x00007ffb64f78000 	C:\WINDOWS\system32\PSAPI.DLL
0x00007ffb58000000 - 0x00007ffb58009000 	C:\WINDOWS\SYSTEM32\WSOCK32.dll
0x00007ffb631e0000 - 0x00007ffb6324b000 	C:\WINDOWS\system32\WS2_32.dll
0x00007ffb60720000 - 0x00007ffb60743000 	C:\WINDOWS\SYSTEM32\WINMM.dll
0x00007ffb60670000 - 0x00007ffb6069c000 	C:\WINDOWS\SYSTEM32\WINMMBASE.dll
0x00007ffb62d10000 - 0x00007ffb62d53000 	C:\WINDOWS\system32\cfgmgr32.dll
0x00000000707f0000 - 0x00000000707ff000 	C:\Program Files\Java\jdk1.8.0_20\jre\bin\verify.dll
0x00000000707c0000 - 0x00000000707e8000 	C:\Program Files\Java\jdk1.8.0_20\jre\bin\java.dll
0x00000000707a0000 - 0x00000000707b6000 	C:\Program Files\Java\jdk1.8.0_20\jre\bin\zip.dll
0x00007ffb638b0000 - 0x00007ffb64e0c000 	C:\WINDOWS\system32\SHELL32.dll
0x00007ffb62030000 - 0x00007ffb62675000 	C:\WINDOWS\system32\windows.storage.dll
0x00007ffb64f80000 - 0x00007ffb64fd2000 	C:\WINDOWS\system32\shlwapi.dll
0x00007ffb61fc0000 - 0x00007ffb61fcf000 	C:\WINDOWS\system32\kernel.appcore.dll
0x00007ffb62ba0000 - 0x00007ffb62c55000 	C:\WINDOWS\system32\shcore.dll
0x00007ffb61fe0000 - 0x00007ffb6202b000 	C:\WINDOWS\system32\powrprof.dll
0x00007ffb61fa0000 - 0x00007ffb61fb4000 	C:\WINDOWS\system32\profapi.dll
0x00007ffb555c0000 - 0x00007ffb5574c000 	C:\WINDOWS\SYSTEM32\dbghelp.dll

VM Arguments:
jvm_args: -Djava.awt.headless=true -Xmx1024M -Dfile.encoding=windows-1252 -Duser.country=US -Duser.language=en -Duser.variant 
java_command: com.android.dx.command.Main --dex --num-threads=4 --output C:\Users\admin\Documents\GitHub\ShaneelSD\SoftwareDesign\FindMeTutor\FindMeTutor\tutor_app\build\intermediates\pre-dexed\debug\com.github.arimorty-floatingsearchview-2.0.3_38b68f347c22392f1d7587078253128b4e14d95c.jar C:\Users\admin\Documents\GitHub\ShaneelSD\SoftwareDesign\FindMeTutor\FindMeTutor\tutor_app\build\intermediates\exploded-aar\com.github.arimorty\floatingsearchview\2.0.3\jars\classes.jar
java_class_path (initial): C:\Users\admin\AppData\Local\Android\sdk\build-tools\24.0.1\lib\dx.jar
Launcher Type: SUN_STANDARD

Environment Variables:
PATH=C:\ProgramData\Oracle\Java\javapath;C:\Program Files (x86)\Intel\iCLS Client\;C:\Program Files\Intel\iCLS Client\;C:\WINDOWS\system32;C:\WINDOWS;C:\WINDOWS\System32\Wbem;C:\WINDOWS\System32\WindowsPowerShell\v1.0\;C:\Program Files\Intel\Intel(R) Management Engine Components\DAL;C:\Program Files\Intel\Intel(R) Management Engine Components\IPT;C:\Program Files (x86)\Intel\Intel(R) Management Engine Components\DAL;C:\Program Files (x86)\Intel\Intel(R) Management Engine Components\IPT;C:\Program Files\WIDCOMM\Bluetooth Software\;C:\Program Files\WIDCOMM\Bluetooth Software\syswow64;C:\Program Files (x86)\Intel\OpenCL SDK\2.0\bin\x86;C:\Program Files (x86)\Intel\OpenCL SDK\2.0\bin\x64;C:\Program Files\Intel\WiFi\bin\;C:\Program Files\Common Files\Intel\WirelessCommon\;c:\Program Files (x86)\Microsoft SQL Server\100\Tools\Binn\;c:\Program Files\Microsoft SQL Server\100\Tools\Binn\;c:\Program Files\Microsoft SQL Server\100\DTS\Binn\;C:\Program Files (x86)\MySQL\MySQL Fabric 1.5.4 & MySQL Utilities 1.5.4 1.5\;C:\Program Files (x86)\MySQL\MySQL Fabric 1.5.4 & MySQL Utilities 1.5.4 1.5\Doctrine extensions for PHP\;C:\Program Files (x86)\Borland\Delphi7\Bin;C:\Program Files (x86)\Borland\Delphi7\Projects\Bpl;C:\Program Files (x86)\Borland\Delphi7\Rave5;C:\Program Files\Git\cmd;
USERNAME=admin
OS=Windows_NT
PROCESSOR_IDENTIFIER=Intel64 Family 6 Model 58 Stepping 9, GenuineIntel



---------------  S Y S T E M  ---------------

OS: Windows 8.1 , 64 bit Build 9600 

CPU:total 4 (2 cores per cpu, 2 threads per core) family 6 model 58 stepping 9, cmov, cx8, fxsr, mmx, sse, sse2, sse3, ssse3, sse4.1, sse4.2, popcnt, avx, aes, clmul, erms, ht, tsc, tscinvbit, tscinv

Memory: 4k page, physical 8258576k(1923548k free), swap 10306576k(6856k free)

vm_info: Java HotSpot(TM) 64-Bit Server VM (25.20-b23) for windows-amd64 JRE (1.8.0_20-b26), built on Jul 30 2014 13:51:23 by "java_re" with MS VC++ 10.0 (VS2010)

time: Thu Sep 08 21:23:55 2016
elapsed time: 2 seconds (0d 0h 0m 2s)

