#
# There is insufficient memory for the Java Runtime Environment to continue.
# Native memory allocation (malloc) failed to allocate 33554448 bytes for Chunk::new
# Possible reasons:
#   The system is out of physical RAM or swap space
#   In 32 bit mode, the process size limit was hit
# Possible solutions:
#   Reduce memory load on the system
#   Increase physical memory or swap space
#   Check if swap backing store is full
#   Use 64 bit Java on a 64 bit OS
#   Decrease Java heap size (-Xmx/-Xms)
#   Decrease number of Java threads
#   Decrease Java thread stack sizes (-Xss)
#   Set larger code cache with -XX:ReservedCodeCacheSize=
# This output file may be truncated or incomplete.
#
#  Out of Memory Error (allocation.cpp:390), pid=8320, tid=8708
#
# JRE version: Java(TM) SE Runtime Environment (8.0_20-b26) (build 1.8.0_20-b26)
# Java VM: Java HotSpot(TM) 64-Bit Server VM (25.20-b23 mixed mode windows-amd64 compressed oops)
# Failed to write core dump. Minidumps are not enabled by default on client versions of Windows
#

---------------  T H R E A D  ---------------

Current thread (0x0000000014a5e000):  JavaThread "C2 CompilerThread0" daemon [_thread_in_native, id=8708, stack(0x0000000015fc0000,0x00000000160c0000)]

Stack: [0x0000000015fc0000,0x00000000160c0000]
Native frames: (J=compiled Java code, j=interpreted, Vv=VM code, C=native code)
V  [jvm.dll+0x3152fa]
V  [jvm.dll+0x265d03]
V  [jvm.dll+0x266943]
V  [jvm.dll+0x25e265]
V  [jvm.dll+0xbe255]
V  [jvm.dll+0xbe6fc]
V  [jvm.dll+0xf3878]
V  [jvm.dll+0x45df30]
V  [jvm.dll+0x45e1ea]
V  [jvm.dll+0x45f0cf]
V  [jvm.dll+0x46147a]
V  [jvm.dll+0x4635c5]
V  [jvm.dll+0x463f4c]
V  [jvm.dll+0x464293]
V  [jvm.dll+0x451093]
V  [jvm.dll+0x452634]
V  [jvm.dll+0x435fc2]
V  [jvm.dll+0x97b62]
V  [jvm.dll+0x98353]
V  [jvm.dll+0x22aac4]
V  [jvm.dll+0x283f5a]
C  [msvcr100.dll+0x21d9f]
C  [msvcr100.dll+0x21e3b]
C  [KERNEL32.DLL+0x18102]
C  [ntdll.dll+0x5c5b4]


Current CompileTask:
C2:   9132 2118   !   4       com.android.dx.cf.code.Ropper::processBlock (1101 bytes)


---------------  P R O C E S S  ---------------

Java Threads: ( => current thread )
  0x0000000017041000 JavaThread "pool-2-thread-4" [_thread_blocked, id=3980, stack(0x0000000018490000,0x0000000018590000)]
  0x0000000017141000 JavaThread "pool-2-thread-3" [_thread_blocked, id=9824, stack(0x0000000018390000,0x0000000018490000)]
  0x0000000017098000 JavaThread "pool-2-thread-2" [_thread_blocked, id=220, stack(0x0000000018290000,0x0000000018390000)]
  0x0000000016b68000 JavaThread "pool-3-thread-1" [_thread_blocked, id=11772, stack(0x0000000018190000,0x0000000018290000)]
  0x0000000016e40800 JavaThread "pool-2-thread-1" [_thread_blocked, id=8288, stack(0x0000000018090000,0x0000000018190000)]
  0x0000000014abb000 JavaThread "Service Thread" daemon [_thread_blocked, id=2632, stack(0x00000000166c0000,0x00000000167c0000)]
  0x0000000014a64000 JavaThread "C1 CompilerThread2" daemon [_thread_blocked, id=11820, stack(0x00000000161c0000,0x00000000162c0000)]
  0x0000000014a60800 JavaThread "C2 CompilerThread1" daemon [_thread_in_native, id=7640, stack(0x00000000160c0000,0x00000000161c0000)]
=>0x0000000014a5e000 JavaThread "C2 CompilerThread0" daemon [_thread_in_native, id=8708, stack(0x0000000015fc0000,0x00000000160c0000)]
  0x0000000014a5b800 JavaThread "Attach Listener" daemon [_thread_blocked, id=13952, stack(0x0000000015ec0000,0x0000000015fc0000)]
  0x0000000014a5a000 JavaThread "Signal Dispatcher" daemon [_thread_blocked, id=11948, stack(0x0000000015dc0000,0x0000000015ec0000)]
  0x000000000237f800 JavaThread "Finalizer" daemon [_thread_blocked, id=8588, stack(0x0000000015cc0000,0x0000000015dc0000)]
  0x000000000237c000 JavaThread "Reference Handler" daemon [_thread_blocked, id=10968, stack(0x0000000015bc0000,0x0000000015cc0000)]
  0x0000000000b5d800 JavaThread "main" [_thread_in_native, id=7724, stack(0x0000000000a50000,0x0000000000b50000)]

Other Threads:
  0x0000000014a26000 VMThread [stack: 0x0000000015ac0000,0x0000000015bc0000] [id=6592]
  0x0000000014abd000 WatcherThread [stack: 0x00000000167c0000,0x00000000168c0000] [id=948]

VM state:not at safepoint (normal execution)

VM Mutex/Monitor currently owned by a thread: None

Heap:
 PSYoungGen      total 256512K, used 66974K [0x00000000eab00000, 0x0000000100000000, 0x0000000100000000)
  eden space 200704K, 9% used [0x00000000eab00000,0x00000000ebe98238,0x00000000f6f00000)
  from space 55808K, 84% used [0x00000000fc980000,0x00000000ff74f708,0x0000000100000000)
  to   space 74240K, 0% used [0x00000000f6f00000,0x00000000f6f00000,0x00000000fb780000)
 ParOldGen       total 87552K, used 87483K [0x00000000c0000000, 0x00000000c5580000, 0x00000000eab00000)
  object space 87552K, 99% used [0x00000000c0000000,0x00000000c556eff0,0x00000000c5580000)
 Metaspace       used 6530K, capacity 7320K, committed 7680K, reserved 1056768K
  class space    used 615K, capacity 656K, committed 768K, reserved 1048576K

Card table byte_map: [0x0000000011750000,0x0000000011960000] byte_map_base: 0x0000000011150000

Marking Bits: (ParMarkBitMap*) 0x00000000744eb460
 Begin Bits: [0x0000000011ec0000, 0x0000000012ec0000)
 End Bits:   [0x0000000012ec0000, 0x0000000013ec0000)

Polling page: 0x00000000005e0000

CodeCache: size=245760Kb used=9366Kb max_used=9366Kb free=236393Kb
 bounds [0x0000000002390000, 0x0000000002cc0000, 0x0000000011390000]
 total_blobs=2457 nmethods=2191 adapters=179
 compilation: enabled

Compilation events (10 events):
Event: 9.012 Thread 0x0000000014a64000 2296       2       com.android.dx.rop.code.Rops::opCmpl (53 bytes)
Event: 9.013 Thread 0x0000000014a64000 nmethod 2296 0x0000000002cafd10 code [0x0000000002cafec0, 0x0000000002cb0338]
Event: 9.099 Thread 0x0000000014a64000 2297       2       com.android.dx.cf.direct.StdAttributeFactory::exceptions (105 bytes)
Event: 9.100 Thread 0x0000000014a64000 nmethod 2297 0x0000000002cae990 code [0x0000000002caebc0, 0x0000000002caf458]
Event: 9.100 Thread 0x0000000014a64000 2298   !   2       com.android.dx.cf.attrib.AttExceptions::<init> (45 bytes)
Event: 9.100 Thread 0x0000000014a64000 nmethod 2298 0x0000000002cae350 code [0x0000000002cae4e0, 0x0000000002cae7e8]
Event: 9.100 Thread 0x0000000014a64000 2299       2       com.android.dx.cf.direct.DirectClassFile$DcfTypeList::isMutable (2 bytes)
Event: 9.101 Thread 0x0000000014a64000 nmethod 2299 0x0000000002cadfd0 code [0x0000000002cae120, 0x0000000002cae270]
Event: 9.102 Thread 0x0000000014a64000 2300       2       com.android.dx.dex.file.AnnotationUtils::makeThrows (40 bytes)
Event: 9.102 Thread 0x0000000014a64000 nmethod 2300 0x0000000002cbd990 code [0x0000000002cbdb40, 0x0000000002cbde88]

GC Heap History (10 events):
Event: 3.332 GC heap before
{Heap before GC invocations=7 (full 0):
 PSYoungGen      total 150016K, used 146496K [0x00000000eab00000, 0x00000000f5600000, 0x0000000100000000)
  eden space 131072K, 100% used [0x00000000eab00000,0x00000000f2b00000,0x00000000f2b00000)
  from space 18944K, 81% used [0x00000000f3f80000,0x00000000f4e900c0,0x00000000f5200000)
  to   space 20992K, 0% used [0x00000000f2b00000,0x00000000f2b00000,0x00000000f3f80000)
 ParOldGen       total 87552K, used 20942K [0x00000000c0000000, 0x00000000c5580000, 0x00000000eab00000)
  object space 87552K, 23% used [0x00000000c0000000,0x00000000c1473a90,0x00000000c5580000)
 Metaspace       used 6469K, capacity 7256K, committed 7424K, reserved 1056768K
  class space    used 615K, capacity 656K, committed 768K, reserved 1048576K
Event: 3.399 GC heap after
Heap after GC invocations=7 (full 0):
 PSYoungGen      total 152064K, used 20979K [0x00000000eab00000, 0x00000000fe800000, 0x0000000100000000)
  eden space 131072K, 0% used [0x00000000eab00000,0x00000000eab00000,0x00000000f2b00000)
  from space 20992K, 99% used [0x00000000f2b00000,0x00000000f3f7cc70,0x00000000f3f80000)
  to   space 31232K, 0% used [0x00000000fc980000,0x00000000fc980000,0x00000000fe800000)
 ParOldGen       total 87552K, used 32730K [0x00000000c0000000, 0x00000000c5580000, 0x00000000eab00000)
  object space 87552K, 37% used [0x00000000c0000000,0x00000000c1ff6880,0x00000000c5580000)
 Metaspace       used 6469K, capacity 7256K, committed 7424K, reserved 1056768K
  class space    used 615K, capacity 656K, committed 768K, reserved 1048576K
}
Event: 4.151 GC heap before
{Heap before GC invocations=8 (full 0):
 PSYoungGen      total 152064K, used 152051K [0x00000000eab00000, 0x00000000fe800000, 0x0000000100000000)
  eden space 131072K, 100% used [0x00000000eab00000,0x00000000f2b00000,0x00000000f2b00000)
  from space 20992K, 99% used [0x00000000f2b00000,0x00000000f3f7cc70,0x00000000f3f80000)
  to   space 31232K, 0% used [0x00000000fc980000,0x00000000fc980000,0x00000000fe800000)
 ParOldGen       total 87552K, used 32730K [0x00000000c0000000, 0x00000000c5580000, 0x00000000eab00000)
  object space 87552K, 37% used [0x00000000c0000000,0x00000000c1ff6880,0x00000000c5580000)
 Metaspace       used 6496K, capacity 7256K, committed 7424K, reserved 1056768K
  class space    used 615K, capacity 656K, committed 768K, reserved 1048576K
Event: 4.226 GC heap after
Heap after GC invocations=8 (full 0):
 PSYoungGen      total 283648K, used 31206K [0x00000000eab00000, 0x00000000ffb00000, 0x0000000100000000)
  eden space 252416K, 0% used [0x00000000eab00000,0x00000000eab00000,0x00000000fa180000)
  from space 31232K, 99% used [0x00000000fc980000,0x00000000fe7f9878,0x00000000fe800000)
  to   space 40960K, 0% used [0x00000000fa180000,0x00000000fa180000,0x00000000fc980000)
 ParOldGen       total 87552K, used 41542K [0x00000000c0000000, 0x00000000c5580000, 0x00000000eab00000)
  object space 87552K, 47% used [0x00000000c0000000,0x00000000c2891bd0,0x00000000c5580000)
 Metaspace       used 6496K, capacity 7256K, committed 7424K, reserved 1056768K
  class space    used 615K, capacity 656K, committed 768K, reserved 1048576K
}
Event: 5.411 GC heap before
{Heap before GC invocations=9 (full 0):
 PSYoungGen      total 283648K, used 283622K [0x00000000eab00000, 0x00000000ffb00000, 0x0000000100000000)
  eden space 252416K, 100% used [0x00000000eab00000,0x00000000fa180000,0x00000000fa180000)
  from space 31232K, 99% used [0x00000000fc980000,0x00000000fe7f9878,0x00000000fe800000)
  to   space 40960K, 0% used [0x00000000fa180000,0x00000000fa180000,0x00000000fc980000)
 ParOldGen       total 87552K, used 41542K [0x00000000c0000000, 0x00000000c5580000, 0x00000000eab00000)
  object space 87552K, 47% used [0x00000000c0000000,0x00000000c2891bd0,0x00000000c5580000)
 Metaspace       used 6513K, capacity 7320K, committed 7680K, reserved 1056768K
  class space    used 615K, capacity 656K, committed 768K, reserved 1048576K
Event: 5.518 GC heap after
Heap after GC invocations=9 (full 0):
 PSYoungGen      total 293376K, used 40943K [0x00000000eab00000, 0x0000000100000000, 0x0000000100000000)
  eden space 252416K, 0% used [0x00000000eab00000,0x00000000eab00000,0x00000000fa180000)
  from space 40960K, 99% used [0x00000000fa180000,0x00000000fc97bfb8,0x00000000fc980000)
  to   space 55808K, 0% used [0x00000000fc980000,0x00000000fc980000,0x0000000100000000)
 ParOldGen       total 87552K, used 62172K [0x00000000c0000000, 0x00000000c5580000, 0x00000000eab00000)
  object space 87552K, 71% used [0x00000000c0000000,0x00000000c3cb7368,0x00000000c5580000)
 Metaspace       used 6513K, capacity 7320K, committed 7680K, reserved 1056768K
  class space    used 615K, capacity 656K, committed 768K, reserved 1048576K
}
Event: 7.304 GC heap before
{Heap before GC invocations=10 (full 0):
 PSYoungGen      total 293376K, used 293359K [0x00000000eab00000, 0x0000000100000000, 0x0000000100000000)
  eden space 252416K, 100% used [0x00000000eab00000,0x00000000fa180000,0x00000000fa180000)
  from space 40960K, 99% used [0x00000000fa180000,0x00000000fc97bfb8,0x00000000fc980000)
  to   space 55808K, 0% used [0x00000000fc980000,0x00000000fc980000,0x0000000100000000)
 ParOldGen       total 87552K, used 62172K [0x00000000c0000000, 0x00000000c5580000, 0x00000000eab00000)
  object space 87552K, 71% used [0x00000000c0000000,0x00000000c3cb7368,0x00000000c5580000)
 Metaspace       used 6529K, capacity 7320K, committed 7680K, reserved 1056768K
  class space    used 615K, capacity 656K, committed 768K, reserved 1048576K
Event: 7.439 GC heap after
Heap after GC invocations=10 (full 0):
 PSYoungGen      total 256512K, used 55792K [0x00000000eab00000, 0x0000000100000000, 0x0000000100000000)
  eden space 200704K, 0% used [0x00000000eab00000,0x00000000eab00000,0x00000000f6f00000)
  from space 55808K, 99% used [0x00000000fc980000,0x00000000ffffc118,0x0000000100000000)
  to   space 74240K, 0% used [0x00000000f6f00000,0x00000000f6f00000,0x00000000fb780000)
 ParOldGen       total 87552K, used 84954K [0x00000000c0000000, 0x00000000c5580000, 0x00000000eab00000)
  object space 87552K, 97% used [0x00000000c0000000,0x00000000c52f6808,0x00000000c5580000)
 Metaspace       used 6529K, capacity 7320K, committed 7680K, reserved 1056768K
  class space    used 615K, capacity 656K, committed 768K, reserved 1048576K
}
Event: 7.439 GC heap before
{Heap before GC invocations=11 (full 1):
 PSYoungGen      total 256512K, used 55792K [0x00000000eab00000, 0x0000000100000000, 0x0000000100000000)
  eden space 200704K, 0% used [0x00000000eab00000,0x00000000eab00000,0x00000000f6f00000)
  from space 55808K, 99% used [0x00000000fc980000,0x00000000ffffc118,0x0000000100000000)
  to   space 74240K, 0% used [0x00000000f6f00000,0x00000000f6f00000,0x00000000fb780000)
 ParOldGen       total 87552K, used 84954K [0x00000000c0000000, 0x00000000c5580000, 0x00000000eab00000)
  object space 87552K, 97% used [0x00000000c0000000,0x00000000c52f6808,0x00000000c5580000)
 Metaspace       used 6529K, capacity 7320K, committed 7680K, reserved 1056768K
  class space    used 615K, capacity 656K, committed 768K, reserved 1048576K
Event: 8.950 GC heap after
Heap after GC invocations=11 (full 1):
 PSYoungGen      total 256512K, used 46909K [0x00000000eab00000, 0x0000000100000000, 0x0000000100000000)
  eden space 200704K, 0% used [0x00000000eab00000,0x00000000eab00000,0x00000000f6f00000)
  from space 55808K, 84% used [0x00000000fc980000,0x00000000ff74f708,0x0000000100000000)
  to   space 74240K, 0% used [0x00000000f6f00000,0x00000000f6f00000,0x00000000fb780000)
 ParOldGen       total 87552K, used 87483K [0x00000000c0000000, 0x00000000c5580000, 0x00000000eab00000)
  object space 87552K, 99% used [0x00000000c0000000,0x00000000c556eff0,0x00000000c5580000)
 Metaspace       used 6529K, capacity 7320K, committed 7680K, reserved 1056768K
  class space    used 615K, capacity 656K, committed 768K, reserved 1048576K
}

Deoptimization events (10 events):
Event: 2.301 Thread 0x0000000017041000 Uncommon trap: reason=bimorphic action=maybe_recompile pc=0x0000000002a6c644 method=com.android.dx.rop.code.RegisterSpec.withSimpleType()Lcom/android/dx/rop/code/RegisterSpec; @ 21
Event: 2.303 Thread 0x0000000017041000 Uncommon trap: reason=bimorphic action=maybe_recompile pc=0x0000000002a6c644 method=com.android.dx.rop.code.RegisterSpec.withSimpleType()Lcom/android/dx/rop/code/RegisterSpec; @ 21
Event: 2.387 Thread 0x0000000017141000 Uncommon trap: reason=unreached action=reinterpret pc=0x00000000028ab99c method=com.android.dx.ssa.SsaMethod.updateOneDefinition(Lcom/android/dx/ssa/SsaInsn;Lcom/android/dx/rop/code/RegisterSpec;)V @ 4
Event: 2.677 Thread 0x0000000017141000 Uncommon trap: reason=bimorphic action=maybe_recompile pc=0x0000000002a6c644 method=com.android.dx.rop.code.RegisterSpec.withSimpleType()Lcom/android/dx/rop/code/RegisterSpec; @ 21
Event: 2.678 Thread 0x0000000017141000 Uncommon trap: reason=bimorphic action=maybe_recompile pc=0x0000000002a6c644 method=com.android.dx.rop.code.RegisterSpec.withSimpleType()Lcom/android/dx/rop/code/RegisterSpec; @ 21
Event: 2.689 Thread 0x0000000017098000 Uncommon trap: reason=bimorphic action=maybe_recompile pc=0x0000000002acd408 method=com.android.dx.cf.code.BytecodeArray.parseInstruction(ILcom/android/dx/cf/code/BytecodeArray$Visitor;)I @ 1051
Event: 2.689 Thread 0x0000000017098000 Uncommon trap: reason=bimorphic action=maybe_recompile pc=0x0000000002acd408 method=com.android.dx.cf.code.BytecodeArray.parseInstruction(ILcom/android/dx/cf/code/BytecodeArray$Visitor;)I @ 1051
Event: 4.884 Thread 0x0000000017098000 Uncommon trap: reason=unreached action=reinterpret pc=0x0000000002a7c9d4 method=com.android.dx.ssa.MoveParamCombiner$1.visitNonMoveInsn(Lcom/android/dx/ssa/NormalSsaInsn;)V @ 27
Event: 5.120 Thread 0x0000000000b5d800 Uncommon trap: reason=bimorphic action=maybe_recompile pc=0x0000000002b8aa30 method=com.android.dx.cf.code.BytecodeArray.parseInstruction(ILcom/android/dx/cf/code/BytecodeArray$Visitor;)I @ 1597
Event: 5.121 Thread 0x0000000000b5d800 Uncommon trap: reason=bimorphic action=maybe_recompile pc=0x0000000002b8aa30 method=com.android.dx.cf.code.BytecodeArray.parseInstruction(ILcom/android/dx/cf/code/BytecodeArray$Visitor;)I @ 1597

Internal exceptions (10 events):
Event: 0.969 Thread 0x0000000016e40800 Implicit null exception at 0x000000000275f0b2 to 0x0000000002761435
Event: 1.006 Thread 0x0000000000b5d800 Exception <a 'java/security/PrivilegedActionException'> (0x00000000eb550108) thrown at [D:\re\workspace\8-2-build-windows-amd64-cygwin\jdk8u20\1074\hotspot\src\share\vm\prims\jvm.cpp, line 1275]
Event: 1.458 Thread 0x0000000017141000 Implicit null exception at 0x0000000002780227 to 0x0000000002782779
Event: 1.669 Thread 0x0000000017041000 Implicit null exception at 0x00000000028babd8 to 0x00000000028bad45
Event: 1.688 Thread 0x0000000000b5d800 Exception <a 'java/security/PrivilegedActionException'> (0x00000000eb096c28) thrown at [D:\re\workspace\8-2-build-windows-amd64-cygwin\jdk8u20\1074\hotspot\src\share\vm\prims\jvm.cpp, line 1275]
Event: 1.753 Thread 0x0000000017098000 Exception <a 'java/lang/ArrayIndexOutOfBoundsException': 18> (0x00000000ebb4ddc8) thrown at [D:\re\workspace\8-2-build-windows-amd64-cygwin\jdk8u20\1074\hotspot\src\share\vm\interpreter\interpreterRuntime.cpp, line 366]
Event: 1.753 Thread 0x0000000017098000 Exception <a 'java/lang/ArrayIndexOutOfBoundsException': 145> (0x00000000ebb4f860) thrown at [D:\re\workspace\8-2-build-windows-amd64-cygwin\jdk8u20\1074\hotspot\src\share\vm\interpreter\interpreterRuntime.cpp, line 366]
Event: 1.754 Thread 0x0000000017098000 Exception <a 'java/lang/ArrayIndexOutOfBoundsException'> (0x00000000ebb50a78) thrown at [D:\re\workspace\8-2-build-windows-amd64-cygwin\jdk8u20\1074\hotspot\src\share\vm\runtime\sharedRuntime.cpp, line 604]
Event: 2.386 Thread 0x0000000017141000 Exception <a 'java/security/PrivilegedActionException'> (0x00000000ed530920) thrown at [D:\re\workspace\8-2-build-windows-amd64-cygwin\jdk8u20\1074\hotspot\src\share\vm\prims\jvm.cpp, line 1275]
Event: 4.836 Thread 0x0000000000b5d800 Exception <a 'java/security/PrivilegedActionException'> (0x00000000f0a57ee0) thrown at [D:\re\workspace\8-2-build-windows-amd64-cygwin\jdk8u20\1074\hotspot\src\share\vm\prims\jvm.cpp, line 1275]

Events (10 events):
Event: 6.891 Thread 0x0000000017041000 DEOPT PACKING pc=0x0000000002ba3c03 sp=0x000000001858e980
Event: 6.892 Thread 0x0000000017041000 DEOPT UNPACKING pc=0x00000000023d75bf sp=0x000000001858e710 mode 0
Event: 6.954 Thread 0x0000000017141000 DEOPT PACKING pc=0x0000000002b9fa95 sp=0x000000001848e5c0
Event: 6.954 Thread 0x0000000017141000 DEOPT UNPACKING pc=0x00000000023d75bf sp=0x000000001848e370 mode 0
Event: 6.956 Thread 0x0000000017098000 DEOPT PACKING pc=0x00000000029daf61 sp=0x000000001838e960
Event: 6.956 Thread 0x0000000017098000 DEOPT UNPACKING pc=0x00000000023d75bf sp=0x000000001838e668 mode 0
Event: 7.209 Thread 0x0000000017098000 DEOPT PACKING pc=0x000000000273d6c4 sp=0x000000001838e940
Event: 7.209 Thread 0x0000000017098000 DEOPT UNPACKING pc=0x00000000023d75bf sp=0x000000001838e658 mode 0
Event: 7.299 Executing VM operation: ParallelGCFailedAllocation
Event: 8.950 Executing VM operation: ParallelGCFailedAllocation done


Dynamic libraries:
0x00007ff666c40000 - 0x00007ff666c74000 	C:\Program Files\Java\jdk1.8.0_20\bin\java.exe
0x00007ff8604a0000 - 0x00007ff860661000 	C:\WINDOWS\SYSTEM32\ntdll.dll
0x00007ff85e790000 - 0x00007ff85e83d000 	C:\WINDOWS\system32\KERNEL32.DLL
0x00007ff85ce80000 - 0x00007ff85d068000 	C:\WINDOWS\system32\KERNELBASE.dll
0x00007ff85ee90000 - 0x00007ff85ef37000 	C:\WINDOWS\system32\ADVAPI32.dll
0x00007ff85e170000 - 0x00007ff85e20d000 	C:\WINDOWS\system32\msvcrt.dll
0x00007ff85e320000 - 0x00007ff85e37b000 	C:\WINDOWS\system32\sechost.dll
0x00007ff85e380000 - 0x00007ff85e49c000 	C:\WINDOWS\system32\RPCRT4.dll
0x00007ff85dda0000 - 0x00007ff85def6000 	C:\WINDOWS\system32\USER32.dll
0x00007ff85db00000 - 0x00007ff85dc86000 	C:\WINDOWS\system32\GDI32.dll
0x00007ff8532f0000 - 0x00007ff853564000 	C:\WINDOWS\WinSxS\amd64_microsoft.windows.common-controls_6595b64144ccf1df_6.0.10586.589_none_a2ddb3caa539acce\COMCTL32.dll
0x00007ff85d880000 - 0x00007ff85dafd000 	C:\WINDOWS\system32\combase.dll
0x00007ff85d810000 - 0x00007ff85d87a000 	C:\WINDOWS\system32\bcryptPrimitives.dll
0x00007ff85e210000 - 0x00007ff85e24b000 	C:\WINDOWS\system32\IMM32.DLL
0x0000000074570000 - 0x0000000074642000 	C:\Program Files\Java\jdk1.8.0_20\jre\bin\msvcr100.dll
0x0000000073d10000 - 0x0000000074568000 	C:\Program Files\Java\jdk1.8.0_20\jre\bin\server\jvm.dll
0x00007ff85df00000 - 0x00007ff85df08000 	C:\WINDOWS\system32\PSAPI.DLL
0x00007ff850930000 - 0x00007ff850939000 	C:\WINDOWS\SYSTEM32\WSOCK32.dll
0x00007ff85b1a0000 - 0x00007ff85b1c3000 	C:\WINDOWS\SYSTEM32\WINMM.dll
0x00007ff85e660000 - 0x00007ff85e6cb000 	C:\WINDOWS\system32\WS2_32.dll
0x00007ff85b170000 - 0x00007ff85b19c000 	C:\WINDOWS\SYSTEM32\WINMMBASE.dll
0x00007ff85cb30000 - 0x00007ff85cb73000 	C:\WINDOWS\system32\cfgmgr32.dll
0x0000000073d00000 - 0x0000000073d0f000 	C:\Program Files\Java\jdk1.8.0_20\jre\bin\verify.dll
0x0000000073cd0000 - 0x0000000073cf8000 	C:\Program Files\Java\jdk1.8.0_20\jre\bin\java.dll
0x0000000073cb0000 - 0x0000000073cc6000 	C:\Program Files\Java\jdk1.8.0_20\jre\bin\zip.dll
0x00007ff85ef40000 - 0x00007ff86049c000 	C:\WINDOWS\system32\SHELL32.dll
0x00007ff85d1c0000 - 0x00007ff85d805000 	C:\WINDOWS\system32\windows.storage.dll
0x00007ff85e730000 - 0x00007ff85e782000 	C:\WINDOWS\system32\shlwapi.dll
0x00007ff85caa0000 - 0x00007ff85caaf000 	C:\WINDOWS\system32\kernel.appcore.dll
0x00007ff85d100000 - 0x00007ff85d1b5000 	C:\WINDOWS\system32\shcore.dll
0x00007ff85cab0000 - 0x00007ff85cafb000 	C:\WINDOWS\system32\powrprof.dll
0x00007ff85cb00000 - 0x00007ff85cb14000 	C:\WINDOWS\system32\profapi.dll
0x00007ff851850000 - 0x00007ff8519dc000 	C:\WINDOWS\SYSTEM32\dbghelp.dll

VM Arguments:
jvm_args: -Djava.awt.headless=true -Xmx1024M -Dfile.encoding=windows-1252 -Duser.country=US -Duser.language=en -Duser.variant 
java_command: com.android.dx.command.Main --dex --num-threads=4 --multi-dex --main-dex-list C:\Users\admin\Documents\GitHub\ShaneelSD\SoftwareDesign\FindMeTutor\FindMeTutor\tutor_app\build\intermediates\multi-dex\debug\maindexlist.txt --output C:\Users\admin\Documents\GitHub\ShaneelSD\SoftwareDesign\FindMeTutor\FindMeTutor\tutor_app\build\intermediates\transforms\dex\debug\folders\1000\1f\main C:\Users\admin\Documents\GitHub\ShaneelSD\SoftwareDesign\FindMeTutor\FindMeTutor\tutor_app\build\intermediates\transforms\jarMerging\debug\jars\1\1f\combined.jar
java_class_path (initial): C:\Users\admin\AppData\Local\Android\sdk\build-tools\24.0.1\lib\dx.jar
Launcher Type: SUN_STANDARD

Environment Variables:
PATH=C:\ProgramData\Oracle\Java\javapath;C:\Program Files (x86)\Intel\iCLS Client\;C:\Program Files\Intel\iCLS Client\;C:\WINDOWS\system32;C:\WINDOWS;C:\WINDOWS\System32\Wbem;C:\WINDOWS\System32\WindowsPowerShell\v1.0\;C:\Program Files\Intel\Intel(R) Management Engine Components\DAL;C:\Program Files\Intel\Intel(R) Management Engine Components\IPT;C:\Program Files (x86)\Intel\Intel(R) Management Engine Components\DAL;C:\Program Files (x86)\Intel\Intel(R) Management Engine Components\IPT;C:\Program Files\WIDCOMM\Bluetooth Software\;C:\Program Files\WIDCOMM\Bluetooth Software\syswow64;C:\Program Files (x86)\Intel\OpenCL SDK\2.0\bin\x86;C:\Program Files (x86)\Intel\OpenCL SDK\2.0\bin\x64;C:\Program Files\Intel\WiFi\bin\;C:\Program Files\Common Files\Intel\WirelessCommon\;c:\Program Files (x86)\Microsoft SQL Server\100\Tools\Binn\;c:\Program Files\Microsoft SQL Server\100\Tools\Binn\;c:\Program Files\Microsoft SQL Server\100\DTS\Binn\;C:\Program Files (x86)\MySQL\MySQL Fabric 1.5.4 & MySQL Utilities 1.5.4 1.5\;C:\Program Files (x86)\MySQL\MySQL Fabric 1.5.4 & MySQL Utilities 1.5.4 1.5\Doctrine extensions for PHP\;C:\Program Files (x86)\Borland\Delphi7\Bin;C:\Program Files (x86)\Borland\Delphi7\Projects\Bpl;C:\Program Files (x86)\Borland\Delphi7\Rave5;C:\Program Files\Git\cmd;C:\Program Files (x86)\OpenVPN\bin;C:\Program Files\Intel\WiFi\bin\;C:\Program Files\Common Files\Intel\WirelessCommon\
USERNAME=admin
OS=Windows_NT
PROCESSOR_IDENTIFIER=Intel64 Family 6 Model 58 Stepping 9, GenuineIntel



---------------  S Y S T E M  ---------------

OS: Windows 8.1 , 64 bit Build 9600 

CPU:total 4 (2 cores per cpu, 2 threads per core) family 6 model 58 stepping 9, cmov, cx8, fxsr, mmx, sse, sse2, sse3, ssse3, sse4.1, sse4.2, popcnt, avx, aes, clmul, erms, ht, tsc, tscinvbit, tscinv

Memory: 4k page, physical 8258576k(1909120k free), swap 10306576k(28132k free)

vm_info: Java HotSpot(TM) 64-Bit Server VM (25.20-b23) for windows-amd64 JRE (1.8.0_20-b26), built on Jul 30 2014 13:51:23 by "java_re" with MS VC++ 10.0 (VS2010)

time: Thu Oct 27 10:55:20 2016
elapsed time: 9 seconds (0d 0h 0m 9s)

