#
# There is insufficient memory for the Java Runtime Environment to continue.
# Native memory allocation (malloc) failed to allocate 1313136 bytes for Chunk::new
# Possible reasons:
#   The system is out of physical RAM or swap space
#   In 32 bit mode, the process size limit was hit
# Possible solutions:
#   Reduce memory load on the system
#   Increase physical memory or swap space
#   Check if swap backing store is full
#   Use 64 bit Java on a 64 bit OS
#   Decrease Java heap size (-Xmx/-Xms)
#   Decrease number of Java threads
#   Decrease Java thread stack sizes (-Xss)
#   Set larger code cache with -XX:ReservedCodeCacheSize=
# This output file may be truncated or incomplete.
#
#  Out of Memory Error (allocation.cpp:390), pid=9316, tid=10304
#
# JRE version: Java(TM) SE Runtime Environment (8.0_20-b26) (build 1.8.0_20-b26)
# Java VM: Java HotSpot(TM) 64-Bit Server VM (25.20-b23 mixed mode windows-amd64 compressed oops)
# Failed to write core dump. Minidumps are not enabled by default on client versions of Windows
#

---------------  T H R E A D  ---------------

Current thread (0x0000000014db8800):  JavaThread "C2 CompilerThread0" daemon [_thread_in_native, id=10304, stack(0x0000000016310000,0x0000000016410000)]

Stack: [0x0000000016310000,0x0000000016410000]
Native frames: (J=compiled Java code, j=interpreted, Vv=VM code, C=native code)
V  [jvm.dll+0x3152fa]
V  [jvm.dll+0x265d03]
V  [jvm.dll+0x266943]
V  [jvm.dll+0x25e265]
V  [jvm.dll+0xbe255]
V  [jvm.dll+0xbe6fc]
V  [jvm.dll+0x45c472]
V  [jvm.dll+0x49d76f]
V  [jvm.dll+0x451911]
V  [jvm.dll+0x452634]
V  [jvm.dll+0x435fc2]
V  [jvm.dll+0x97b62]
V  [jvm.dll+0x98353]
V  [jvm.dll+0x22aac4]
V  [jvm.dll+0x283f5a]
C  [msvcr100.dll+0x21d9f]
C  [msvcr100.dll+0x21e3b]
C  [KERNEL32.DLL+0x18102]
C  [ntdll.dll+0x5c5b4]


Current CompileTask:
C2:   1874 1025   !   4       com.android.dx.cf.code.BytecodeArray::parseInstruction (2764 bytes)


---------------  P R O C E S S  ---------------

Java Threads: ( => current thread )
  0x0000000016a94000 JavaThread "pool-2-thread-4" [_thread_in_Java, id=3952, stack(0x0000000017010000,0x0000000017110000)]
  0x00000000169da000 JavaThread "pool-2-thread-3" [_thread_in_Java, id=11936, stack(0x0000000016f10000,0x0000000017010000)]
  0x00000000169d8000 JavaThread "pool-2-thread-2" [_thread_in_Java, id=13632, stack(0x0000000016e10000,0x0000000016f10000)]
  0x0000000016962000 JavaThread "pool-3-thread-1" [_thread_blocked, id=8684, stack(0x0000000016d10000,0x0000000016e10000)]
  0x0000000016956000 JavaThread "pool-2-thread-1" [_thread_in_Java, id=11596, stack(0x0000000016c10000,0x0000000016d10000)]
  0x0000000014e1b000 JavaThread "Service Thread" daemon [_thread_blocked, id=11692, stack(0x0000000016610000,0x0000000016710000)]
  0x0000000014e14000 JavaThread "C1 CompilerThread2" daemon [_thread_in_native, id=11852, stack(0x0000000016510000,0x0000000016610000)]
  0x0000000014e11800 JavaThread "C2 CompilerThread1" daemon [_thread_in_native, id=13612, stack(0x0000000016410000,0x0000000016510000)]
=>0x0000000014db8800 JavaThread "C2 CompilerThread0" daemon [_thread_in_native, id=10304, stack(0x0000000016310000,0x0000000016410000)]
  0x0000000014dc7800 JavaThread "Attach Listener" daemon [_thread_blocked, id=13904, stack(0x0000000016210000,0x0000000016310000)]
  0x0000000014dc6000 JavaThread "Signal Dispatcher" daemon [_thread_blocked, id=2456, stack(0x0000000016110000,0x0000000016210000)]
  0x00000000026df000 JavaThread "Finalizer" daemon [_thread_blocked, id=11568, stack(0x0000000016010000,0x0000000016110000)]
  0x00000000026dc000 JavaThread "Reference Handler" daemon [_thread_blocked, id=5316, stack(0x0000000015f10000,0x0000000016010000)]
  0x00000000023ad800 JavaThread "main" [_thread_in_vm, id=13500, stack(0x00000000023b0000,0x00000000024b0000)]

Other Threads:
  0x0000000014d86000 VMThread [stack: 0x0000000015e10000,0x0000000015f10000] [id=11036]
  0x0000000014e1e000 WatcherThread [stack: 0x0000000016710000,0x0000000016810000] [id=11612]

VM state:not at safepoint (normal execution)

VM Mutex/Monitor currently owned by a thread: None

Heap:
 PSYoungGen      total 38400K, used 31638K [0x00000000eab00000, 0x00000000ed580000, 0x0000000100000000)
  eden space 33280K, 95% used [0x00000000eab00000,0x00000000ec9e5be8,0x00000000ecb80000)
  from space 5120K, 0% used [0x00000000ed080000,0x00000000ed080000,0x00000000ed580000)
  to   space 5120K, 0% used [0x00000000ecb80000,0x00000000ecb80000,0x00000000ed080000)
 ParOldGen       total 87552K, used 0K [0x00000000c0000000, 0x00000000c5580000, 0x00000000eab00000)
  object space 87552K, 0% used [0x00000000c0000000,0x00000000c0000000,0x00000000c5580000)
 Metaspace       used 5819K, capacity 6832K, committed 7040K, reserved 1056768K
  class space    used 585K, capacity 616K, committed 640K, reserved 1048576K

Card table byte_map: [0x0000000011ab0000,0x0000000011cc0000] byte_map_base: 0x00000000114b0000

Marking Bits: (ParMarkBitMap*) 0x000000006451b460
 Begin Bits: [0x0000000012220000, 0x0000000013220000)
 End Bits:   [0x0000000013220000, 0x0000000014220000)

Polling page: 0x0000000000940000

CodeCache: size=245760Kb used=4508Kb max_used=4508Kb free=241251Kb
 bounds [0x00000000026f0000, 0x0000000002b60000, 0x00000000116f0000]
 total_blobs=1397 nmethods=1133 adapters=178
 compilation: enabled

Compilation events (10 events):
Event: 1.803 Thread 0x0000000014e14000 nmethod 1081 0x0000000002b25590 code [0x0000000002b256e0, 0x0000000002b25850]
Event: 1.804 Thread 0x0000000014e11800 nmethod 1080 0x0000000002b32490 code [0x0000000002b325e0, 0x0000000002b327b8]
Event: 1.804 Thread 0x0000000014e11800 1082       4       java.util.ArrayList::<init> (67 bytes)
Event: 1.806 Thread 0x0000000014e14000 1084       3       com.android.dx.ssa.LocalVariableInfo::getStarts (19 bytes)
Event: 1.806 Thread 0x0000000014e14000 nmethod 1084 0x0000000002b24f10 code [0x0000000002b25080, 0x0000000002b25388]
Event: 1.806 Thread 0x0000000014e14000 1085       3       com.android.dx.ssa.SsaBasicBlock::addPhiInsnForReg (18 bytes)
Event: 1.807 Thread 0x0000000014e14000 nmethod 1085 0x0000000002b24150 code [0x0000000002b24320, 0x0000000002b24a48]
Event: 1.808 Thread 0x0000000014e11800 nmethod 1082 0x0000000002b34290 code [0x0000000002b343e0, 0x0000000002b34698]
Event: 1.808 Thread 0x0000000014e11800 1083       4       com.android.dx.dex.code.OutputFinisher::updateInfo (44 bytes)
Event: 1.811 Thread 0x0000000014e14000 1088       3       com.android.dx.ssa.DeadCodeRemover::pruneDeadInstructions (246 bytes)

GC Heap History (0 events):
No events

Deoptimization events (5 events):
Event: 0.995 Thread 0x00000000023ad800 Uncommon trap: reason=unloaded action=reinterpret pc=0x0000000002895684 method=com.android.dx.cf.cst.ConstantPoolParser.parse0(ILjava/util/BitSet;)Lcom/android/dx/rop/cst/Constant; @ 176
Event: 1.522 Thread 0x00000000169d8000 Uncommon trap: reason=class_check action=maybe_recompile pc=0x0000000002a699a0 method=com.android.dx.rop.type.Type.equals(Ljava/lang/Object;)Z @ 8
Event: 1.538 Thread 0x00000000169d8000 Uncommon trap: reason=class_check action=maybe_recompile pc=0x0000000002a711f8 method=com.android.dx.ssa.NormalSsaInsn.accept(Lcom/android/dx/ssa/SsaInsn$Visitor;)V @ 9
Event: 1.656 Thread 0x00000000169d8000 Uncommon trap: reason=class_check action=maybe_recompile pc=0x0000000002a711f8 method=com.android.dx.ssa.NormalSsaInsn.accept(Lcom/android/dx/ssa/SsaInsn$Visitor;)V @ 9
Event: 1.752 Thread 0x00000000169d8000 Uncommon trap: reason=class_check action=maybe_recompile pc=0x0000000002a699a0 method=com.android.dx.rop.type.Type.equals(Ljava/lang/Object;)Z @ 8

Internal exceptions (10 events):
Event: 1.298 Thread 0x0000000016956000 Exception <a 'java/security/PrivilegedActionException'> (0x00000000eb7b3d08) thrown at [D:\re\workspace\8-2-build-windows-amd64-cygwin\jdk8u20\1074\hotspot\src\share\vm\prims\jvm.cpp, line 1275]
Event: 1.299 Thread 0x0000000016956000 Exception <a 'java/security/PrivilegedActionException'> (0x00000000eb7b9748) thrown at [D:\re\workspace\8-2-build-windows-amd64-cygwin\jdk8u20\1074\hotspot\src\share\vm\prims\jvm.cpp, line 1275]
Event: 1.301 Thread 0x0000000016956000 Exception <a 'java/security/PrivilegedActionException'> (0x00000000eb7c23c8) thrown at [D:\re\workspace\8-2-build-windows-amd64-cygwin\jdk8u20\1074\hotspot\src\share\vm\prims\jvm.cpp, line 1275]
Event: 1.301 Thread 0x0000000016956000 Exception <a 'java/security/PrivilegedActionException'> (0x00000000eb7c7850) thrown at [D:\re\workspace\8-2-build-windows-amd64-cygwin\jdk8u20\1074\hotspot\src\share\vm\prims\jvm.cpp, line 1275]
Event: 1.315 Thread 0x0000000016a94000 Exception <a 'java/security/PrivilegedActionException'> (0x00000000eb724bc0) thrown at [D:\re\workspace\8-2-build-windows-amd64-cygwin\jdk8u20\1074\hotspot\src\share\vm\prims\jvm.cpp, line 1275]
Event: 1.332 Thread 0x0000000016956000 Exception <a 'java/security/PrivilegedActionException'> (0x00000000eb83d8e8) thrown at [D:\re\workspace\8-2-build-windows-amd64-cygwin\jdk8u20\1074\hotspot\src\share\vm\prims\jvm.cpp, line 1275]
Event: 1.427 Thread 0x00000000169da000 Exception <a 'java/security/PrivilegedActionException'> (0x00000000ebaff850) thrown at [D:\re\workspace\8-2-build-windows-amd64-cygwin\jdk8u20\1074\hotspot\src\share\vm\prims\jvm.cpp, line 1275]
Event: 1.428 Thread 0x00000000169da000 Exception <a 'java/security/PrivilegedActionException'> (0x00000000ebb02980) thrown at [D:\re\workspace\8-2-build-windows-amd64-cygwin\jdk8u20\1074\hotspot\src\share\vm\prims\jvm.cpp, line 1275]
Event: 1.519 Thread 0x00000000169d8000 Exception <a 'java/security/PrivilegedActionException'> (0x00000000eb93a7d8) thrown at [D:\re\workspace\8-2-build-windows-amd64-cygwin\jdk8u20\1074\hotspot\src\share\vm\prims\jvm.cpp, line 1275]
Event: 1.528 Thread 0x00000000169da000 Exception <a 'java/security/PrivilegedActionException'> (0x00000000ebb349e0) thrown at [D:\re\workspace\8-2-build-windows-amd64-cygwin\jdk8u20\1074\hotspot\src\share\vm\prims\jvm.cpp, line 1275]

Events (10 events):
Event: 1.622 Executing VM operation: ForceSafepoint
Event: 1.634 Executing VM operation: ForceSafepoint done
Event: 1.656 Thread 0x00000000169d8000 Uncommon trap: trap_request=0xffffffde fr.pc=0x0000000002a711f8
Event: 1.656 Thread 0x00000000169d8000 DEOPT PACKING pc=0x0000000002a711f8 sp=0x0000000016f0e840
Event: 1.656 Thread 0x00000000169d8000 DEOPT UNPACKING pc=0x000000000273556a sp=0x0000000016f0e7f0 mode 2
Event: 1.714 Thread 0x00000000169da000 DEOPT PACKING pc=0x0000000002a3c73a sp=0x000000001700e4f0
Event: 1.714 Thread 0x00000000169da000 DEOPT UNPACKING pc=0x00000000027375bf sp=0x000000001700e258 mode 0
Event: 1.752 Thread 0x00000000169d8000 Uncommon trap: trap_request=0xffffffde fr.pc=0x0000000002a699a0
Event: 1.752 Thread 0x00000000169d8000 DEOPT PACKING pc=0x0000000002a699a0 sp=0x0000000016f0ea20
Event: 1.752 Thread 0x00000000169d8000 DEOPT UNPACKING pc=0x000000000273556a sp=0x0000000016f0e9b8 mode 2


Dynamic libraries:
0x00007ff79b830000 - 0x00007ff79b864000 	C:\Program Files\Java\jdk1.8.0_20\bin\java.exe
0x00007ffc6b1c0000 - 0x00007ffc6b381000 	C:\WINDOWS\SYSTEM32\ntdll.dll
0x00007ffc68920000 - 0x00007ffc689cd000 	C:\WINDOWS\system32\KERNEL32.DLL
0x00007ffc67a70000 - 0x00007ffc67c58000 	C:\WINDOWS\system32\KERNELBASE.dll
0x00007ffc6b110000 - 0x00007ffc6b1b7000 	C:\WINDOWS\system32\ADVAPI32.dll
0x00007ffc6af30000 - 0x00007ffc6afcd000 	C:\WINDOWS\system32\msvcrt.dll
0x00007ffc6b040000 - 0x00007ffc6b09b000 	C:\WINDOWS\system32\sechost.dll
0x00007ffc689d0000 - 0x00007ffc68aec000 	C:\WINDOWS\system32\RPCRT4.dll
0x00007ffc6ac30000 - 0x00007ffc6ad86000 	C:\WINDOWS\system32\USER32.dll
0x00007ffc6ad90000 - 0x00007ffc6af16000 	C:\WINDOWS\system32\GDI32.dll
0x00007ffc5dcb0000 - 0x00007ffc5df24000 	C:\WINDOWS\WinSxS\amd64_microsoft.windows.common-controls_6595b64144ccf1df_6.0.10586.589_none_a2ddb3caa539acce\COMCTL32.dll
0x00007ffc6a5e0000 - 0x00007ffc6a85d000 	C:\WINDOWS\system32\combase.dll
0x00007ffc67c80000 - 0x00007ffc67cea000 	C:\WINDOWS\system32\bcryptPrimitives.dll
0x00007ffc68770000 - 0x00007ffc687ab000 	C:\WINDOWS\system32\IMM32.DLL
0x00000000645a0000 - 0x0000000064672000 	C:\Program Files\Java\jdk1.8.0_20\jre\bin\msvcr100.dll
0x0000000063d40000 - 0x0000000064598000 	C:\Program Files\Java\jdk1.8.0_20\jre\bin\server\jvm.dll
0x00007ffc6b0a0000 - 0x00007ffc6b0a8000 	C:\WINDOWS\system32\PSAPI.DLL
0x00007ffc5c500000 - 0x00007ffc5c509000 	C:\WINDOWS\SYSTEM32\WSOCK32.dll
0x00007ffc68700000 - 0x00007ffc6876b000 	C:\WINDOWS\system32\WS2_32.dll
0x00007ffc65ad0000 - 0x00007ffc65af3000 	C:\WINDOWS\SYSTEM32\WINMM.dll
0x00007ffc65aa0000 - 0x00007ffc65acc000 	C:\WINDOWS\SYSTEM32\WINMMBASE.dll
0x00007ffc679c0000 - 0x00007ffc67a03000 	C:\WINDOWS\system32\cfgmgr32.dll
0x0000000063d30000 - 0x0000000063d3f000 	C:\Program Files\Java\jdk1.8.0_20\jre\bin\verify.dll
0x0000000063d00000 - 0x0000000063d28000 	C:\Program Files\Java\jdk1.8.0_20\jre\bin\java.dll
0x0000000063ce0000 - 0x0000000063cf6000 	C:\Program Files\Java\jdk1.8.0_20\jre\bin\zip.dll
0x00007ffc68af0000 - 0x00007ffc6a04c000 	C:\WINDOWS\system32\SHELL32.dll
0x00007ffc67f50000 - 0x00007ffc68595000 	C:\WINDOWS\system32\windows.storage.dll
0x00007ffc688c0000 - 0x00007ffc68912000 	C:\WINDOWS\system32\shlwapi.dll
0x00007ffc67830000 - 0x00007ffc6783f000 	C:\WINDOWS\system32\kernel.appcore.dll
0x00007ffc67900000 - 0x00007ffc679b5000 	C:\WINDOWS\system32\shcore.dll
0x00007ffc677c0000 - 0x00007ffc6780b000 	C:\WINDOWS\system32\powrprof.dll
0x00007ffc67810000 - 0x00007ffc67824000 	C:\WINDOWS\system32\profapi.dll
0x00007ffc5c290000 - 0x00007ffc5c41c000 	C:\WINDOWS\SYSTEM32\dbghelp.dll

VM Arguments:
jvm_args: -Djava.awt.headless=true -Xmx1024M -Dfile.encoding=windows-1252 -Duser.country=US -Duser.language=en -Duser.variant 
java_command: com.android.dx.command.Main --dex --force-jumbo --num-threads=4 --multi-dex --output C:\Users\admin\Documents\GitHub\ShaneelSD\SoftwareDesign\FindMeTutor\FindMeTutor\tutor_app\build\intermediates\transforms\dex\debug\folders\1000\5\slice_3 C:\Users\admin\Documents\GitHub\ShaneelSD\SoftwareDesign\FindMeTutor\FindMeTutor\tutor_app\build\intermediates\transforms\instantRunSlicer\debug\folders\1\5\slice_3
java_class_path (initial): C:\Users\admin\AppData\Local\Android\sdk\build-tools\24.0.1\lib\dx.jar
Launcher Type: SUN_STANDARD

Environment Variables:
PATH=C:\ProgramData\Oracle\Java\javapath;C:\Program Files (x86)\Intel\iCLS Client\;C:\Program Files\Intel\iCLS Client\;C:\WINDOWS\system32;C:\WINDOWS;C:\WINDOWS\System32\Wbem;C:\WINDOWS\System32\WindowsPowerShell\v1.0\;C:\Program Files\Intel\Intel(R) Management Engine Components\DAL;C:\Program Files\Intel\Intel(R) Management Engine Components\IPT;C:\Program Files (x86)\Intel\Intel(R) Management Engine Components\DAL;C:\Program Files (x86)\Intel\Intel(R) Management Engine Components\IPT;C:\Program Files\WIDCOMM\Bluetooth Software\;C:\Program Files\WIDCOMM\Bluetooth Software\syswow64;C:\Program Files (x86)\Intel\OpenCL SDK\2.0\bin\x86;C:\Program Files (x86)\Intel\OpenCL SDK\2.0\bin\x64;C:\Program Files\Intel\WiFi\bin\;C:\Program Files\Common Files\Intel\WirelessCommon\;c:\Program Files (x86)\Microsoft SQL Server\100\Tools\Binn\;c:\Program Files\Microsoft SQL Server\100\Tools\Binn\;c:\Program Files\Microsoft SQL Server\100\DTS\Binn\;C:\Program Files (x86)\MySQL\MySQL Fabric 1.5.4 & MySQL Utilities 1.5.4 1.5\;C:\Program Files (x86)\MySQL\MySQL Fabric 1.5.4 & MySQL Utilities 1.5.4 1.5\Doctrine extensions for PHP\;C:\Program Files (x86)\Borland\Delphi7\Bin;C:\Program Files (x86)\Borland\Delphi7\Projects\Bpl;C:\Program Files (x86)\Borland\Delphi7\Rave5;C:\Program Files\Git\cmd;C:\Program Files (x86)\OpenVPN\bin;C:\Program Files\Intel\WiFi\bin\;C:\Program Files\Common Files\Intel\WirelessCommon\
USERNAME=admin
OS=Windows_NT
PROCESSOR_IDENTIFIER=Intel64 Family 6 Model 58 Stepping 9, GenuineIntel



---------------  S Y S T E M  ---------------

OS: Windows 8.1 , 64 bit Build 9600 

CPU:total 4 (2 cores per cpu, 2 threads per core) family 6 model 58 stepping 9, cmov, cx8, fxsr, mmx, sse, sse2, sse3, ssse3, sse4.1, sse4.2, popcnt, avx, aes, clmul, erms, ht, tsc, tscinvbit, tscinv

Memory: 4k page, physical 8258576k(1979880k free), swap 10306576k(5304k free)

vm_info: Java HotSpot(TM) 64-Bit Server VM (25.20-b23) for windows-amd64 JRE (1.8.0_20-b26), built on Jul 30 2014 13:51:23 by "java_re" with MS VC++ 10.0 (VS2010)

time: Fri Oct 28 00:09:27 2016
elapsed time: 1 seconds (0d 0h 0m 1s)

