#
# There is insufficient memory for the Java Runtime Environment to continue.
# Native memory allocation (malloc) failed to allocate 175568 bytes for Chunk::new
# Possible reasons:
#   The system is out of physical RAM or swap space
#   In 32 bit mode, the process size limit was hit
# Possible solutions:
#   Reduce memory load on the system
#   Increase physical memory or swap space
#   Check if swap backing store is full
#   Use 64 bit Java on a 64 bit OS
#   Decrease Java heap size (-Xmx/-Xms)
#   Decrease number of Java threads
#   Decrease Java thread stack sizes (-Xss)
#   Set larger code cache with -XX:ReservedCodeCacheSize=
# This output file may be truncated or incomplete.
#
#  Out of Memory Error (allocation.cpp:390), pid=2256, tid=11696
#
# JRE version: Java(TM) SE Runtime Environment (8.0_20-b26) (build 1.8.0_20-b26)
# Java VM: Java HotSpot(TM) 64-Bit Server VM (25.20-b23 mixed mode windows-amd64 compressed oops)
# Failed to write core dump. Minidumps are not enabled by default on client versions of Windows
#

---------------  T H R E A D  ---------------

Current thread (0x0000000014b0a800):  JavaThread "C2 CompilerThread0" daemon [_thread_in_native, id=11696, stack(0x0000000016060000,0x0000000016160000)]

Stack: [0x0000000016060000,0x0000000016160000]
Native frames: (J=compiled Java code, j=interpreted, Vv=VM code, C=native code)
V  [jvm.dll+0x3152fa]
V  [jvm.dll+0x265d03]
V  [jvm.dll+0x266943]
V  [jvm.dll+0x25e265]
V  [jvm.dll+0xbe255]
V  [jvm.dll+0xbe6fc]
V  [jvm.dll+0x45ca1d]
V  [jvm.dll+0x49d76f]
V  [jvm.dll+0x451045]
V  [jvm.dll+0x452634]
V  [jvm.dll+0x435fc2]
V  [jvm.dll+0x97b62]
V  [jvm.dll+0x98353]
V  [jvm.dll+0x22aac4]
V  [jvm.dll+0x283f5a]
C  [msvcr100.dll+0x21d9f]
C  [msvcr100.dll+0x21e3b]
C  [KERNEL32.DLL+0x18102]
C  [ntdll.dll+0x5c5b4]


Current CompileTask:
C2:   2412 1449   !   4       com.android.dx.cf.code.BytecodeArray::parseInstruction (2764 bytes)


---------------  P R O C E S S  ---------------

Java Threads: ( => current thread )
  0x00000000166f1000 JavaThread "pool-1-thread-1" [_thread_in_vm, id=3752, stack(0x00000000187f0000,0x00000000188f0000)]
  0x0000000014b58800 JavaThread "Service Thread" daemon [_thread_blocked, id=12316, stack(0x0000000016360000,0x0000000016460000)]
  0x0000000014b55800 JavaThread "C1 CompilerThread2" daemon [_thread_in_vm, id=320, stack(0x0000000016260000,0x0000000016360000)]
  0x0000000014b52800 JavaThread "C2 CompilerThread1" daemon [_thread_in_native, id=6952, stack(0x0000000016160000,0x0000000016260000)]
=>0x0000000014b0a800 JavaThread "C2 CompilerThread0" daemon [_thread_in_native, id=11696, stack(0x0000000016060000,0x0000000016160000)]
  0x0000000014b08000 JavaThread "Attach Listener" daemon [_thread_blocked, id=13916, stack(0x0000000015f60000,0x0000000016060000)]
  0x0000000014b07000 JavaThread "Signal Dispatcher" daemon [_thread_blocked, id=10588, stack(0x0000000015e60000,0x0000000015f60000)]
  0x00000000022af000 JavaThread "Finalizer" daemon [_thread_blocked, id=5024, stack(0x0000000015d60000,0x0000000015e60000)]
  0x00000000022ac000 JavaThread "Reference Handler" daemon [_thread_blocked, id=12524, stack(0x0000000015c60000,0x0000000015d60000)]
  0x000000000258d800 JavaThread "main" [_thread_blocked, id=2288, stack(0x0000000000970000,0x0000000000a70000)]

Other Threads:
  0x0000000014ac6000 VMThread [stack: 0x0000000015b60000,0x0000000015c60000] [id=10496]
  0x0000000014b5c000 WatcherThread [stack: 0x0000000016460000,0x0000000016560000] [id=10916]

VM state:not at safepoint (normal execution)

VM Mutex/Monitor currently owned by a thread:  ([mutex/lock_event])
[0x000000000258c000] CodeCache_lock - owner thread: 0x0000000000000000

Heap:
 PSYoungGen      total 38400K, used 21341K [0x00000000eab00000, 0x00000000ed580000, 0x0000000100000000)
  eden space 33280K, 48% used [0x00000000eab00000,0x00000000ebad8c70,0x00000000ecb80000)
  from space 5120K, 99% used [0x00000000ecb80000,0x00000000ed07eaa8,0x00000000ed080000)
  to   space 5120K, 0% used [0x00000000ed080000,0x00000000ed080000,0x00000000ed580000)
 ParOldGen       total 87552K, used 1739K [0x00000000c0000000, 0x00000000c5580000, 0x00000000eab00000)
  object space 87552K, 1% used [0x00000000c0000000,0x00000000c01b2dd8,0x00000000c5580000)
 Metaspace       used 6158K, capacity 7088K, committed 7296K, reserved 1056768K
  class space    used 599K, capacity 616K, committed 640K, reserved 1048576K

Card table byte_map: [0x0000000011950000,0x0000000011b60000] byte_map_base: 0x0000000011350000

Marking Bits: (ParMarkBitMap*) 0x0000000068dfb460
 Begin Bits: [0x0000000011f60000, 0x0000000012f60000)
 End Bits:   [0x0000000012f60000, 0x0000000013f60000)

Polling page: 0x00000000001f0000

CodeCache: size=245760Kb used=6210Kb max_used=6210Kb free=239549Kb
 bounds [0x0000000002590000, 0x0000000002bb0000, 0x0000000011590000]
 total_blobs=1783 nmethods=1518 adapters=179
 compilation: enabled

Compilation events (10 events):
Event: 2.202 Thread 0x0000000014b55800 nmethod 1462 0x0000000002b4e510 code [0x0000000002b4e680, 0x0000000002b4e968]
Event: 2.204 Thread 0x0000000014b55800 1463       3       com.android.dx.ssa.NormalSsaInsn::isMoveException (20 bytes)
Event: 2.204 Thread 0x0000000014b55800 nmethod 1463 0x0000000002b4ff10 code [0x0000000002b50080, 0x0000000002b50370]
Event: 2.211 Thread 0x0000000014b0a800 nmethod 1291 0x0000000002b55890 code [0x0000000002b55d80, 0x0000000002b59928]
Event: 2.211 Thread 0x0000000014b0a800 1449   !   4       com.android.dx.cf.code.BytecodeArray::parseInstruction (2764 bytes)
Event: 2.250 Thread 0x0000000014b55800 1464       3       com.android.dx.rop.code.Rops::pickBinaryOp (158 bytes)
Event: 2.251 Thread 0x0000000014b55800 nmethod 1464 0x0000000002b54050 code [0x0000000002b542a0, 0x0000000002b550f8]
Event: 2.257 Thread 0x0000000014b55800 1465       3       com.android.dx.ssa.Dominators::<init> (55 bytes)
Event: 2.258 Thread 0x0000000014b55800 nmethod 1465 0x0000000002b4f5d0 code [0x0000000002b4f760, 0x0000000002b4fcb0]
Event: 2.264 Thread 0x0000000014b55800 1466       3       com.android.dx.cf.code.Ropper::addReturnBlock (228 bytes)

GC Heap History (2 events):
Event: 2.020 GC heap before
{Heap before GC invocations=1 (full 0):
 PSYoungGen      total 38400K, used 33280K [0x00000000eab00000, 0x00000000ed580000, 0x0000000100000000)
  eden space 33280K, 100% used [0x00000000eab00000,0x00000000ecb80000,0x00000000ecb80000)
  from space 5120K, 0% used [0x00000000ed080000,0x00000000ed080000,0x00000000ed580000)
  to   space 5120K, 0% used [0x00000000ecb80000,0x00000000ecb80000,0x00000000ed080000)
 ParOldGen       total 87552K, used 0K [0x00000000c0000000, 0x00000000c5580000, 0x00000000eab00000)
  object space 87552K, 0% used [0x00000000c0000000,0x00000000c0000000,0x00000000c5580000)
 Metaspace       used 6000K, capacity 6960K, committed 7040K, reserved 1056768K
  class space    used 592K, capacity 616K, committed 640K, reserved 1048576K
Event: 2.061 GC heap after
Heap after GC invocations=1 (full 0):
 PSYoungGen      total 38400K, used 5114K [0x00000000eab00000, 0x00000000ed580000, 0x0000000100000000)
  eden space 33280K, 0% used [0x00000000eab00000,0x00000000eab00000,0x00000000ecb80000)
  from space 5120K, 99% used [0x00000000ecb80000,0x00000000ed07eaa8,0x00000000ed080000)
  to   space 5120K, 0% used [0x00000000ed080000,0x00000000ed080000,0x00000000ed580000)
 ParOldGen       total 87552K, used 1739K [0x00000000c0000000, 0x00000000c5580000, 0x00000000eab00000)
  object space 87552K, 1% used [0x00000000c0000000,0x00000000c01b2dd8,0x00000000c5580000)
 Metaspace       used 6000K, capacity 6960K, committed 7040K, reserved 1056768K
  class space    used 592K, capacity 616K, committed 640K, reserved 1048576K
}

Deoptimization events (10 events):
Event: 1.241 Thread 0x0000000016703800 Uncommon trap: reason=class_check action=maybe_recompile pc=0x00000000027dbdb0 method=com.android.dx.ssa.NormalSsaInsn.accept(Lcom/android/dx/ssa/SsaInsn$Visitor;)V @ 9
Event: 1.242 Thread 0x0000000016703800 Uncommon trap: reason=class_check action=maybe_recompile pc=0x00000000027dbdb0 method=com.android.dx.ssa.NormalSsaInsn.accept(Lcom/android/dx/ssa/SsaInsn$Visitor;)V @ 9
Event: 1.489 Thread 0x00000000166f6000 Uncommon trap: reason=unreached action=reinterpret pc=0x0000000002835b9c method=com.android.dx.rop.cst.Constant.compareTo(Lcom/android/dx/rop/cst/Constant;)I @ 12
Event: 1.575 Thread 0x0000000016703800 Uncommon trap: reason=bimorphic action=maybe_recompile pc=0x000000000280bd90 method=java.util.HashMap.getNode(ILjava/lang/Object;)Ljava/util/HashMap$Node; @ 126
Event: 1.575 Thread 0x0000000016703800 Uncommon trap: reason=class_check action=maybe_recompile pc=0x0000000002a11674 method=java.util.HashMap.putVal(ILjava/lang/Object;Ljava/lang/Object;ZZ)Ljava/lang/Object; @ 203
Event: 2.083 Thread 0x0000000016703800 Uncommon trap: reason=class_check action=maybe_recompile pc=0x0000000002a964fc method=com.android.dx.cf.code.BytecodeArray.parseInstruction(ILcom/android/dx/cf/code/BytecodeArray$Visitor;)I @ 1051
Event: 2.084 Thread 0x0000000016703800 Uncommon trap: reason=class_check action=maybe_recompile pc=0x0000000002a964fc method=com.android.dx.cf.code.BytecodeArray.parseInstruction(ILcom/android/dx/cf/code/BytecodeArray$Visitor;)I @ 1051
Event: 2.084 Thread 0x0000000016703800 Uncommon trap: reason=class_check action=maybe_recompile pc=0x0000000002a964fc method=com.android.dx.cf.code.BytecodeArray.parseInstruction(ILcom/android/dx/cf/code/BytecodeArray$Visitor;)I @ 1051
Event: 2.088 Thread 0x00000000166f9000 Uncommon trap: reason=null_check action=make_not_entrant pc=0x000000000296d760 method=com.android.dx.rop.type.Type.equals(Ljava/lang/Object;)Z @ 8
Event: 2.091 Thread 0x0000000016703800 Uncommon trap: reason=class_check action=maybe_recompile pc=0x0000000002a964fc method=com.android.dx.cf.code.BytecodeArray.parseInstruction(ILcom/android/dx/cf/code/BytecodeArray$Visitor;)I @ 1051

Internal exceptions (10 events):
Event: 1.218 Thread 0x000000000258d800 Exception <a 'java/security/PrivilegedActionException'> (0x00000000ebab0918) thrown at [D:\re\workspace\8-2-build-windows-amd64-cygwin\jdk8u20\1074\hotspot\src\share\vm\prims\jvm.cpp, line 1275]
Event: 1.221 Thread 0x000000000258d800 Exception <a 'java/security/PrivilegedActionException'> (0x00000000ebac3ad0) thrown at [D:\re\workspace\8-2-build-windows-amd64-cygwin\jdk8u20\1074\hotspot\src\share\vm\prims\jvm.cpp, line 1275]
Event: 1.239 Thread 0x0000000016703800 Implicit null exception at 0x000000000283bd0c to 0x000000000283e2a1
Event: 1.377 Thread 0x000000000258d800 Exception <a 'java/security/PrivilegedActionException'> (0x00000000ebac6418) thrown at [D:\re\workspace\8-2-build-windows-amd64-cygwin\jdk8u20\1074\hotspot\src\share\vm\prims\jvm.cpp, line 1275]
Event: 1.430 Thread 0x000000000258d800 Exception <a 'java/security/PrivilegedActionException'> (0x00000000ebe3c860) thrown at [D:\re\workspace\8-2-build-windows-amd64-cygwin\jdk8u20\1074\hotspot\src\share\vm\prims\jvm.cpp, line 1275]
Event: 1.430 Thread 0x000000000258d800 Exception <a 'java/security/PrivilegedActionException'> (0x00000000ebe42570) thrown at [D:\re\workspace\8-2-build-windows-amd64-cygwin\jdk8u20\1074\hotspot\src\share\vm\prims\jvm.cpp, line 1275]
Event: 1.431 Thread 0x000000000258d800 Exception <a 'java/security/PrivilegedActionException'> (0x00000000ebe48010) thrown at [D:\re\workspace\8-2-build-windows-amd64-cygwin\jdk8u20\1074\hotspot\src\share\vm\prims\jvm.cpp, line 1275]
Event: 1.457 Thread 0x00000000166ed000 Exception <a 'java/security/PrivilegedActionException'> (0x00000000ec19e110) thrown at [D:\re\workspace\8-2-build-windows-amd64-cygwin\jdk8u20\1074\hotspot\src\share\vm\prims\jvm.cpp, line 1275]
Event: 2.088 Thread 0x00000000166f9000 Implicit null exception at 0x000000000296d662 to 0x000000000296d752
Event: 2.209 Thread 0x00000000166f6000 Exception <a 'java/security/PrivilegedActionException'> (0x00000000eb71dc08) thrown at [D:\re\workspace\8-2-build-windows-amd64-cygwin\jdk8u20\1074\hotspot\src\share\vm\prims\jvm.cpp, line 1275]

Events (10 events):
Event: 2.091 Thread 0x0000000016703800 DEOPT PACKING pc=0x0000000002a964fc sp=0x0000000016e5e900
Event: 2.091 Thread 0x0000000016703800 DEOPT UNPACKING pc=0x00000000025d556a sp=0x0000000016e5e890 mode 2
Event: 2.188 loading class java/util/HashMap$KeySet
Event: 2.188 loading class java/util/HashMap$KeySet done
Event: 2.188 loading class java/util/HashMap$KeyIterator
Event: 2.188 loading class java/util/HashMap$KeyIterator done
Event: 2.209 loading class com/android/dx/cf/code/BytecodeArray$ConstantParserVisitor
Event: 2.209 loading class com/android/dx/cf/code/BytecodeArray$ConstantParserVisitor done
Event: 2.211 Thread 0x00000000166f6000 Thread exited: 0x00000000166f6000
Event: 2.259 Thread 0x0000000016703800 Thread exited: 0x0000000016703800


Dynamic libraries:
0x00007ff78c3b0000 - 0x00007ff78c3e4000 	C:\Program Files\Java\jdk1.8.0_20\bin\java.exe
0x00007fff5ffe0000 - 0x00007fff601a1000 	C:\WINDOWS\SYSTEM32\ntdll.dll
0x00007fff5d4e0000 - 0x00007fff5d58d000 	C:\WINDOWS\system32\KERNEL32.DLL
0x00007fff5c950000 - 0x00007fff5cb38000 	C:\WINDOWS\system32\KERNELBASE.dll
0x00007fff5fcd0000 - 0x00007fff5fd77000 	C:\WINDOWS\system32\ADVAPI32.dll
0x00007fff5f5f0000 - 0x00007fff5f68d000 	C:\WINDOWS\system32\msvcrt.dll
0x00007fff5f2b0000 - 0x00007fff5f30b000 	C:\WINDOWS\system32\sechost.dll
0x00007fff5fe00000 - 0x00007fff5ff1c000 	C:\WINDOWS\system32\RPCRT4.dll
0x00007fff5ec30000 - 0x00007fff5ed86000 	C:\WINDOWS\system32\USER32.dll
0x00007fff5efa0000 - 0x00007fff5f126000 	C:\WINDOWS\system32\GDI32.dll
0x00007fff50340000 - 0x00007fff505b4000 	C:\WINDOWS\WinSxS\amd64_microsoft.windows.common-controls_6595b64144ccf1df_6.0.10586.0_none_8c15ae12515e1c22\COMCTL32.dll
0x00007fff5f310000 - 0x00007fff5f58d000 	C:\WINDOWS\system32\combase.dll
0x00007fff5d190000 - 0x00007fff5d1fa000 	C:\WINDOWS\system32\bcryptPrimitives.dll
0x00007fff5ff20000 - 0x00007fff5ff5b000 	C:\WINDOWS\system32\IMM32.DLL
0x00000000697d0000 - 0x00000000698a2000 	C:\Program Files\Java\jdk1.8.0_20\jre\bin\msvcr100.dll
0x0000000068620000 - 0x0000000068e78000 	C:\Program Files\Java\jdk1.8.0_20\jre\bin\server\jvm.dll
0x00007fff5d4d0000 - 0x00007fff5d4d8000 	C:\WINDOWS\system32\PSAPI.DLL
0x00007fff50870000 - 0x00007fff50879000 	C:\WINDOWS\SYSTEM32\WSOCK32.dll
0x00007fff5ff70000 - 0x00007fff5ffdb000 	C:\WINDOWS\system32\WS2_32.dll
0x00007fff5a860000 - 0x00007fff5a883000 	C:\WINDOWS\SYSTEM32\WINMM.dll
0x00007fff5a830000 - 0x00007fff5a85c000 	C:\WINDOWS\SYSTEM32\WINMMBASE.dll
0x00007fff5c670000 - 0x00007fff5c6b3000 	C:\WINDOWS\system32\cfgmgr32.dll
0x0000000069cc0000 - 0x0000000069ccf000 	C:\Program Files\Java\jdk1.8.0_20\jre\bin\verify.dll
0x00000000697a0000 - 0x00000000697c8000 	C:\Program Files\Java\jdk1.8.0_20\jre\bin\java.dll
0x0000000068600000 - 0x0000000068616000 	C:\Program Files\Java\jdk1.8.0_20\jre\bin\zip.dll
0x00007fff5d600000 - 0x00007fff5eb5c000 	C:\WINDOWS\system32\SHELL32.dll
0x00007fff5cb40000 - 0x00007fff5d185000 	C:\WINDOWS\system32\windows.storage.dll
0x00007fff5f590000 - 0x00007fff5f5e2000 	C:\WINDOWS\system32\shlwapi.dll
0x00007fff5c600000 - 0x00007fff5c60f000 	C:\WINDOWS\system32\kernel.appcore.dll
0x00007fff5c6c0000 - 0x00007fff5c775000 	C:\WINDOWS\system32\shcore.dll
0x00007fff5c620000 - 0x00007fff5c66b000 	C:\WINDOWS\system32\powrprof.dll
0x00007fff5c5e0000 - 0x00007fff5c5f4000 	C:\WINDOWS\system32\profapi.dll
0x00007fff514c0000 - 0x00007fff5164c000 	C:\WINDOWS\SYSTEM32\dbghelp.dll

VM Arguments:
jvm_args: -Djava.awt.headless=true -Xmx1024M -Dfile.encoding=windows-1252 -Duser.country=US -Duser.language=en -Duser.variant 
java_command: com.android.dx.command.Main --dex --force-jumbo --num-threads=4 --multi-dex --output C:\Users\admin\Documents\GitHub\ShaneelSD\SoftwareDesign\FindMeTutor\FindMeTutor\tutor_app\build\intermediates\transforms\dex\debug\folders\1000\10\com.android.support-support-core-utils-24.2.1_ec2978bd9318060296ac3c8b7e6f3a9f6de6348d C:\Users\admin\Documents\GitHub\ShaneelSD\SoftwareDesign\FindMeTutor\FindMeTutor\tutor_app\build\intermediates\exploded-aar\com.android.support\support-core-utils\24.2.1\jars\classes.jar
java_class_path (initial): C:\Users\admin\AppData\Local\Android\sdk\build-tools\24.0.1\lib\dx.jar
Launcher Type: SUN_STANDARD

Environment Variables:
PATH=C:\ProgramData\Oracle\Java\javapath;C:\Program Files (x86)\Intel\iCLS Client\;C:\Program Files\Intel\iCLS Client\;C:\WINDOWS\system32;C:\WINDOWS;C:\WINDOWS\System32\Wbem;C:\WINDOWS\System32\WindowsPowerShell\v1.0\;C:\Program Files\Intel\Intel(R) Management Engine Components\DAL;C:\Program Files\Intel\Intel(R) Management Engine Components\IPT;C:\Program Files (x86)\Intel\Intel(R) Management Engine Components\DAL;C:\Program Files (x86)\Intel\Intel(R) Management Engine Components\IPT;C:\Program Files\WIDCOMM\Bluetooth Software\;C:\Program Files\WIDCOMM\Bluetooth Software\syswow64;C:\Program Files (x86)\Intel\OpenCL SDK\2.0\bin\x86;C:\Program Files (x86)\Intel\OpenCL SDK\2.0\bin\x64;C:\Program Files\Intel\WiFi\bin\;C:\Program Files\Common Files\Intel\WirelessCommon\;c:\Program Files (x86)\Microsoft SQL Server\100\Tools\Binn\;c:\Program Files\Microsoft SQL Server\100\Tools\Binn\;c:\Program Files\Microsoft SQL Server\100\DTS\Binn\;C:\Program Files (x86)\MySQL\MySQL Fabric 1.5.4 & MySQL Utilities 1.5.4 1.5\;C:\Program Files (x86)\MySQL\MySQL Fabric 1.5.4 & MySQL Utilities 1.5.4 1.5\Doctrine extensions for PHP\;C:\Program Files (x86)\Borland\Delphi7\Bin;C:\Program Files (x86)\Borland\Delphi7\Projects\Bpl;C:\Program Files (x86)\Borland\Delphi7\Rave5;C:\Program Files\Git\cmd;C:\Program Files\Intel\WiFi\bin\;C:\Program Files\Common Files\Intel\WirelessCommon\
USERNAME=admin
OS=Windows_NT
PROCESSOR_IDENTIFIER=Intel64 Family 6 Model 58 Stepping 9, GenuineIntel



---------------  S Y S T E M  ---------------

OS: Windows 8.1 , 64 bit Build 9600 

CPU:total 4 (2 cores per cpu, 2 threads per core) family 6 model 58 stepping 9, cmov, cx8, fxsr, mmx, sse, sse2, sse3, ssse3, sse4.1, sse4.2, popcnt, avx, aes, clmul, erms, ht, tsc, tscinvbit, tscinv

Memory: 4k page, physical 8258576k(1869184k free), swap 10306576k(4472k free)

vm_info: Java HotSpot(TM) 64-Bit Server VM (25.20-b23) for windows-amd64 JRE (1.8.0_20-b26), built on Jul 30 2014 13:51:23 by "java_re" with MS VC++ 10.0 (VS2010)

time: Tue Sep 27 12:06:42 2016
elapsed time: 2 seconds (0d 0h 0m 2s)

