#
# There is insufficient memory for the Java Runtime Environment to continue.
# Native memory allocation (malloc) failed to allocate 796176 bytes for Chunk::new
# Possible reasons:
#   The system is out of physical RAM or swap space
#   In 32 bit mode, the process size limit was hit
# Possible solutions:
#   Reduce memory load on the system
#   Increase physical memory or swap space
#   Check if swap backing store is full
#   Use 64 bit Java on a 64 bit OS
#   Decrease Java heap size (-Xmx/-Xms)
#   Decrease number of Java threads
#   Decrease Java thread stack sizes (-Xss)
#   Set larger code cache with -XX:ReservedCodeCacheSize=
# This output file may be truncated or incomplete.
#
#  Out of Memory Error (allocation.cpp:390), pid=4808, tid=6412
#
# JRE version: Java(TM) SE Runtime Environment (8.0_20-b26) (build 1.8.0_20-b26)
# Java VM: Java HotSpot(TM) 64-Bit Server VM (25.20-b23 mixed mode windows-amd64 compressed oops)
# Failed to write core dump. Minidumps are not enabled by default on client versions of Windows
#

---------------  T H R E A D  ---------------

Current thread (0x0000000014aca000):  JavaThread "C2 CompilerThread0" daemon [_thread_in_native, id=6412, stack(0x0000000016020000,0x0000000016120000)]

Stack: [0x0000000016020000,0x0000000016120000]
Native frames: (J=compiled Java code, j=interpreted, Vv=VM code, C=native code)
V  [jvm.dll+0x3152fa]
V  [jvm.dll+0x265d03]
V  [jvm.dll+0x266943]
V  [jvm.dll+0x25e265]
V  [jvm.dll+0xbe255]
V  [jvm.dll+0xbe6fc]
V  [jvm.dll+0x45c472]
V  [jvm.dll+0x49d76f]
V  [jvm.dll+0x4512bf]
V  [jvm.dll+0x452634]
V  [jvm.dll+0x435fc2]
V  [jvm.dll+0x97b62]
V  [jvm.dll+0x98353]
V  [jvm.dll+0x22aac4]
V  [jvm.dll+0x283f5a]
C  [msvcr100.dll+0x21d9f]
C  [msvcr100.dll+0x21e3b]
C  [KERNEL32.DLL+0x18102]
C  [ntdll.dll+0x5c5b4]


Current CompileTask:
C2:   7614 2293       4       com.android.dx.cf.code.ValueAwareMachine::run (1142 bytes)


---------------  P R O C E S S  ---------------

Java Threads: ( => current thread )
  0x000000001707c800 JavaThread "pool-2-thread-4" [_thread_blocked, id=6624, stack(0x00000000184f0000,0x00000000185f0000)]
  0x00000000172ab800 JavaThread "pool-2-thread-3" [_thread_in_vm, id=12176, stack(0x00000000183f0000,0x00000000184f0000)]
  0x00000000170fa800 JavaThread "pool-2-thread-2" [_thread_in_Java, id=872, stack(0x00000000182f0000,0x00000000183f0000)]
  0x0000000016c65800 JavaThread "pool-3-thread-1" [_thread_blocked, id=4484, stack(0x00000000181f0000,0x00000000182f0000)]
  0x0000000016e96800 JavaThread "pool-2-thread-1" [_thread_in_Java, id=3392, stack(0x00000000180f0000,0x00000000181f0000)]
  0x0000000016344800 JavaThread "Service Thread" daemon [_thread_blocked, id=11488, stack(0x0000000016720000,0x0000000016820000)]
  0x0000000014abc000 JavaThread "C1 CompilerThread2" daemon [_thread_blocked, id=8704, stack(0x0000000016220000,0x0000000016320000)]
  0x0000000014ab9800 JavaThread "C2 CompilerThread1" daemon [_thread_in_native, id=1976, stack(0x0000000016120000,0x0000000016220000)]
=>0x0000000014aca000 JavaThread "C2 CompilerThread0" daemon [_thread_in_native, id=6412, stack(0x0000000016020000,0x0000000016120000)]
  0x0000000014ac7800 JavaThread "Attach Listener" daemon [_thread_blocked, id=5748, stack(0x0000000015f20000,0x0000000016020000)]
  0x0000000014ac6000 JavaThread "Signal Dispatcher" daemon [_thread_blocked, id=4164, stack(0x0000000015e20000,0x0000000015f20000)]
  0x00000000023e5000 JavaThread "Finalizer" daemon [_thread_blocked, id=992, stack(0x0000000015d20000,0x0000000015e20000)]
  0x00000000023dc000 JavaThread "Reference Handler" daemon [_thread_blocked, id=5900, stack(0x0000000015c20000,0x0000000015d20000)]
  0x000000000096d800 JavaThread "main" [_thread_in_Java, id=7684, stack(0x0000000002130000,0x0000000002230000)]

Other Threads:
  0x0000000014a86000 VMThread [stack: 0x0000000015b20000,0x0000000015c20000] [id=9740]
  0x0000000016347000 WatcherThread [stack: 0x0000000016820000,0x0000000016920000] [id=4972]

VM state:not at safepoint (normal execution)

VM Mutex/Monitor currently owned by a thread: None

Heap:
 PSYoungGen      total 152064K, used 130689K [0x00000000eab00000, 0x00000000f5600000, 0x0000000100000000)
  eden space 131072K, 83% used [0x00000000eab00000,0x00000000f1625a38,0x00000000f2b00000)
  from space 20992K, 99% used [0x00000000f2b00000,0x00000000f3f7aa08,0x00000000f3f80000)
  to   space 18944K, 0% used [0x00000000f3f80000,0x00000000f3f80000,0x00000000f5200000)
 ParOldGen       total 162816K, used 97573K [0x00000000c0000000, 0x00000000c9f00000, 0x00000000eab00000)
  object space 162816K, 59% used [0x00000000c0000000,0x00000000c5f49668,0x00000000c9f00000)
 Metaspace       used 6531K, capacity 7320K, committed 7680K, reserved 1056768K
  class space    used 615K, capacity 656K, committed 768K, reserved 1048576K

Card table byte_map: [0x00000000117b0000,0x00000000119c0000] byte_map_base: 0x00000000111b0000

Marking Bits: (ParMarkBitMap*) 0x0000000066f9b460
 Begin Bits: [0x0000000011f20000, 0x0000000012f20000)
 End Bits:   [0x0000000012f20000, 0x0000000013f20000)

Polling page: 0x00000000001f0000

CodeCache: size=245760Kb used=9564Kb max_used=9575Kb free=236195Kb
 bounds [0x00000000023f0000, 0x0000000002d60000, 0x00000000113f0000]
 total_blobs=2458 nmethods=2192 adapters=179
 compilation: enabled

Compilation events (10 events):
Event: 7.468 Thread 0x0000000014abc000 2290       2       com.android.dx.cf.code.Ropper$CatchInfo::<init> (6 bytes)
Event: 7.469 Thread 0x0000000014abc000 nmethod 2290 0x0000000002ceba10 code [0x0000000002cebb60, 0x0000000002cebd30]
Event: 7.469 Thread 0x0000000014abc000 2291       2       com.android.dx.cf.code.Ropper$CatchInfo::<init> (21 bytes)
Event: 7.469 Thread 0x0000000014abc000 nmethod 2291 0x0000000002cea2d0 code [0x0000000002cea420, 0x0000000002cea5f0]
Event: 7.494 Thread 0x0000000014abc000 2294 %     3       java.util.HashMap$TreeNode::find @ 3 (172 bytes)
Event: 7.495 Thread 0x0000000014abc000 nmethod 2294% 0x0000000002d3b4d0 code [0x0000000002d3b6c0, 0x0000000002d3c278]
Event: 7.544 Thread 0x0000000014aca000 nmethod 2008 0x0000000002d4e850 code [0x0000000002d4eb00, 0x0000000002d50f28]
Event: 7.544 Thread 0x0000000014aca000 2293       4       com.android.dx.cf.code.ValueAwareMachine::run (1142 bytes)
Event: 7.560 Thread 0x0000000014abc000 2295       3       java.util.HashMap$TreeNode::find (172 bytes)
Event: 7.561 Thread 0x0000000014abc000 nmethod 2295 0x0000000002d3a410 code [0x0000000002d3a600, 0x0000000002d3b118]

GC Heap History (10 events):
Event: 3.888 GC heap before
{Heap before GC invocations=8 (full 0):
 PSYoungGen      total 152064K, used 152035K [0x00000000eab00000, 0x00000000f5600000, 0x0000000100000000)
  eden space 131072K, 100% used [0x00000000eab00000,0x00000000f2b00000,0x00000000f2b00000)
  from space 20992K, 99% used [0x00000000f2b00000,0x00000000f3f78e68,0x00000000f3f80000)
  to   space 18944K, 0% used [0x00000000f3f80000,0x00000000f3f80000,0x00000000f5200000)
 ParOldGen       total 87552K, used 32804K [0x00000000c0000000, 0x00000000c5580000, 0x00000000eab00000)
  object space 87552K, 37% used [0x00000000c0000000,0x00000000c2009010,0x00000000c5580000)
 Metaspace       used 6504K, capacity 7320K, committed 7680K, reserved 1056768K
  class space    used 614K, capacity 656K, committed 768K, reserved 1048576K
Event: 3.963 GC heap after
Heap after GC invocations=8 (full 0):
 PSYoungGen      total 150016K, used 18937K [0x00000000eab00000, 0x00000000f5600000, 0x0000000100000000)
  eden space 131072K, 0% used [0x00000000eab00000,0x00000000eab00000,0x00000000f2b00000)
  from space 18944K, 99% used [0x00000000f3f80000,0x00000000f51fe6f0,0x00000000f5200000)
  to   space 20992K, 0% used [0x00000000f2b00000,0x00000000f2b00000,0x00000000f3f80000)
 ParOldGen       total 87552K, used 53474K [0x00000000c0000000, 0x00000000c5580000, 0x00000000eab00000)
  object space 87552K, 61% used [0x00000000c0000000,0x00000000c3438b68,0x00000000c5580000)
 Metaspace       used 6504K, capacity 7320K, committed 7680K, reserved 1056768K
  class space    used 614K, capacity 656K, committed 768K, reserved 1048576K
}
Event: 4.531 GC heap before
{Heap before GC invocations=9 (full 0):
 PSYoungGen      total 150016K, used 150009K [0x00000000eab00000, 0x00000000f5600000, 0x0000000100000000)
  eden space 131072K, 100% used [0x00000000eab00000,0x00000000f2b00000,0x00000000f2b00000)
  from space 18944K, 99% used [0x00000000f3f80000,0x00000000f51fe6f0,0x00000000f5200000)
  to   space 20992K, 0% used [0x00000000f2b00000,0x00000000f2b00000,0x00000000f3f80000)
 ParOldGen       total 87552K, used 53474K [0x00000000c0000000, 0x00000000c5580000, 0x00000000eab00000)
  object space 87552K, 61% used [0x00000000c0000000,0x00000000c3438b68,0x00000000c5580000)
 Metaspace       used 6510K, capacity 7320K, committed 7680K, reserved 1056768K
  class space    used 615K, capacity 656K, committed 768K, reserved 1048576K
Event: 4.604 GC heap after
Heap after GC invocations=9 (full 0):
 PSYoungGen      total 152064K, used 20961K [0x00000000eab00000, 0x00000000f5600000, 0x0000000100000000)
  eden space 131072K, 0% used [0x00000000eab00000,0x00000000eab00000,0x00000000f2b00000)
  from space 20992K, 99% used [0x00000000f2b00000,0x00000000f3f786b0,0x00000000f3f80000)
  to   space 18944K, 0% used [0x00000000f3f80000,0x00000000f3f80000,0x00000000f5200000)
 ParOldGen       total 87552K, used 69361K [0x00000000c0000000, 0x00000000c5580000, 0x00000000eab00000)
  object space 87552K, 79% used [0x00000000c0000000,0x00000000c43bc548,0x00000000c5580000)
 Metaspace       used 6510K, capacity 7320K, committed 7680K, reserved 1056768K
  class space    used 615K, capacity 656K, committed 768K, reserved 1048576K
}
Event: 4.604 GC heap before
{Heap before GC invocations=10 (full 1):
 PSYoungGen      total 152064K, used 20961K [0x00000000eab00000, 0x00000000f5600000, 0x0000000100000000)
  eden space 131072K, 0% used [0x00000000eab00000,0x00000000eab00000,0x00000000f2b00000)
  from space 20992K, 99% used [0x00000000f2b00000,0x00000000f3f786b0,0x00000000f3f80000)
  to   space 18944K, 0% used [0x00000000f3f80000,0x00000000f3f80000,0x00000000f5200000)
 ParOldGen       total 87552K, used 69361K [0x00000000c0000000, 0x00000000c5580000, 0x00000000eab00000)
  object space 87552K, 79% used [0x00000000c0000000,0x00000000c43bc548,0x00000000c5580000)
 Metaspace       used 6510K, capacity 7320K, committed 7680K, reserved 1056768K
  class space    used 615K, capacity 656K, committed 768K, reserved 1048576K
Event: 5.444 GC heap after
Heap after GC invocations=10 (full 1):
 PSYoungGen      total 152064K, used 0K [0x00000000eab00000, 0x00000000f5600000, 0x0000000100000000)
  eden space 131072K, 0% used [0x00000000eab00000,0x00000000eab00000,0x00000000f2b00000)
  from space 20992K, 0% used [0x00000000f2b00000,0x00000000f2b00000,0x00000000f3f80000)
  to   space 18944K, 0% used [0x00000000f3f80000,0x00000000f3f80000,0x00000000f5200000)
 ParOldGen       total 162816K, used 84989K [0x00000000c0000000, 0x00000000c9f00000, 0x00000000eab00000)
  object space 162816K, 52% used [0x00000000c0000000,0x00000000c52ff4f8,0x00000000c9f00000)
 Metaspace       used 6510K, capacity 7320K, committed 7680K, reserved 1056768K
  class space    used 615K, capacity 656K, committed 768K, reserved 1048576K
}
Event: 5.951 GC heap before
{Heap before GC invocations=11 (full 1):
 PSYoungGen      total 152064K, used 131072K [0x00000000eab00000, 0x00000000f5600000, 0x0000000100000000)
  eden space 131072K, 100% used [0x00000000eab00000,0x00000000f2b00000,0x00000000f2b00000)
  from space 20992K, 0% used [0x00000000f2b00000,0x00000000f2b00000,0x00000000f3f80000)
  to   space 18944K, 0% used [0x00000000f3f80000,0x00000000f3f80000,0x00000000f5200000)
 ParOldGen       total 162816K, used 84989K [0x00000000c0000000, 0x00000000c9f00000, 0x00000000eab00000)
  object space 162816K, 52% used [0x00000000c0000000,0x00000000c52ff4f8,0x00000000c9f00000)
 Metaspace       used 6518K, capacity 7320K, committed 7680K, reserved 1056768K
  class space    used 615K, capacity 656K, committed 768K, reserved 1048576K
Event: 5.973 GC heap after
Heap after GC invocations=11 (full 1):
 PSYoungGen      total 150016K, used 14419K [0x00000000eab00000, 0x00000000f5600000, 0x0000000100000000)
  eden space 131072K, 0% used [0x00000000eab00000,0x00000000eab00000,0x00000000f2b00000)
  from space 18944K, 76% used [0x00000000f3f80000,0x00000000f4d94d50,0x00000000f5200000)
  to   space 20992K, 0% used [0x00000000f2b00000,0x00000000f2b00000,0x00000000f3f80000)
 ParOldGen       total 162816K, used 84997K [0x00000000c0000000, 0x00000000c9f00000, 0x00000000eab00000)
  object space 162816K, 52% used [0x00000000c0000000,0x00000000c53014f8,0x00000000c9f00000)
 Metaspace       used 6518K, capacity 7320K, committed 7680K, reserved 1056768K
  class space    used 615K, capacity 656K, committed 768K, reserved 1048576K
}
Event: 6.727 GC heap before
{Heap before GC invocations=12 (full 1):
 PSYoungGen      total 150016K, used 145491K [0x00000000eab00000, 0x00000000f5600000, 0x0000000100000000)
  eden space 131072K, 100% used [0x00000000eab00000,0x00000000f2b00000,0x00000000f2b00000)
  from space 18944K, 76% used [0x00000000f3f80000,0x00000000f4d94d50,0x00000000f5200000)
  to   space 20992K, 0% used [0x00000000f2b00000,0x00000000f2b00000,0x00000000f3f80000)
 ParOldGen       total 162816K, used 84997K [0x00000000c0000000, 0x00000000c9f00000, 0x00000000eab00000)
  object space 162816K, 52% used [0x00000000c0000000,0x00000000c53014f8,0x00000000c9f00000)
 Metaspace       used 6521K, capacity 7320K, committed 7680K, reserved 1056768K
  class space    used 615K, capacity 656K, committed 768K, reserved 1048576K
Event: 6.802 GC heap after
Heap after GC invocations=12 (full 1):
 PSYoungGen      total 152064K, used 20970K [0x00000000eab00000, 0x00000000f5600000, 0x0000000100000000)
  eden space 131072K, 0% used [0x00000000eab00000,0x00000000eab00000,0x00000000f2b00000)
  from space 20992K, 99% used [0x00000000f2b00000,0x00000000f3f7aa08,0x00000000f3f80000)
  to   space 18944K, 0% used [0x00000000f3f80000,0x00000000f3f80000,0x00000000f5200000)
 ParOldGen       total 162816K, used 97573K [0x00000000c0000000, 0x00000000c9f00000, 0x00000000eab00000)
  object space 162816K, 59% used [0x00000000c0000000,0x00000000c5f49668,0x00000000c9f00000)
 Metaspace       used 6521K, capacity 7320K, committed 7680K, reserved 1056768K
  class space    used 615K, capacity 656K, committed 768K, reserved 1048576K
}

Deoptimization events (10 events):
Event: 2.514 Thread 0x00000000170fa800 Uncommon trap: reason=bimorphic action=maybe_recompile pc=0x0000000002af43a4 method=com.android.dx.cf.code.BytecodeArray.parseInstruction(ILcom/android/dx/cf/code/BytecodeArray$Visitor;)I @ 1161
Event: 4.196 Thread 0x00000000172ab800 Uncommon trap: reason=bimorphic action=maybe_recompile pc=0x0000000002c0156c method=com.android.dx.cf.code.BytecodeArray.parseInstruction(ILcom/android/dx/cf/code/BytecodeArray$Visitor;)I @ 2484
Event: 4.196 Thread 0x00000000172ab800 Uncommon trap: reason=bimorphic action=maybe_recompile pc=0x0000000002c0156c method=com.android.dx.cf.code.BytecodeArray.parseInstruction(ILcom/android/dx/cf/code/BytecodeArray$Visitor;)I @ 2484
Event: 6.123 Thread 0x00000000170fa800 Uncommon trap: reason=bimorphic action=maybe_recompile pc=0x0000000002cb4520 method=com.android.dx.cf.code.BytecodeArray.parseInstruction(ILcom/android/dx/cf/code/BytecodeArray$Visitor;)I @ 2281
Event: 6.124 Thread 0x00000000170fa800 Uncommon trap: reason=bimorphic action=maybe_recompile pc=0x0000000002cb4520 method=com.android.dx.cf.code.BytecodeArray.parseInstruction(ILcom/android/dx/cf/code/BytecodeArray$Visitor;)I @ 2281
Event: 6.388 Thread 0x000000001707c800 Uncommon trap: reason=bimorphic action=maybe_recompile pc=0x0000000002b97360 method=com.android.dx.rop.code.RegisterSpec.getFrameType()Lcom/android/dx/rop/type/TypeBearer; @ 4
Event: 6.403 Thread 0x00000000170fa800 Uncommon trap: reason=bimorphic action=maybe_recompile pc=0x0000000002b97360 method=com.android.dx.rop.code.RegisterSpec.getFrameType()Lcom/android/dx/rop/type/TypeBearer; @ 4
Event: 6.986 Thread 0x00000000170fa800 Uncommon trap: reason=bimorphic action=maybe_recompile pc=0x0000000002b97360 method=com.android.dx.rop.code.RegisterSpec.getFrameType()Lcom/android/dx/rop/type/TypeBearer; @ 4
Event: 7.443 Thread 0x00000000170fa800 Uncommon trap: reason=bimorphic action=maybe_recompile pc=0x0000000002b97360 method=com.android.dx.rop.code.RegisterSpec.getFrameType()Lcom/android/dx/rop/type/TypeBearer; @ 4
Event: 7.444 Thread 0x00000000170fa800 Uncommon trap: reason=bimorphic action=maybe_recompile pc=0x0000000002c1ffd8 method=com.android.dx.cf.code.OneLocalsArray.set(ILcom/android/dx/rop/type/TypeBearer;)V @ 85

Internal exceptions (10 events):
Event: 0.860 Thread 0x0000000016e96800 Exception <a 'java/security/PrivilegedActionException'> (0x00000000eb0c9fd0) thrown at [D:\re\workspace\8-2-build-windows-amd64-cygwin\jdk8u20\1074\hotspot\src\share\vm\prims\jvm.cpp, line 1275]
Event: 1.102 Thread 0x00000000172ab800 Exception <a 'java/security/PrivilegedActionException'> (0x00000000ebf87a48) thrown at [D:\re\workspace\8-2-build-windows-amd64-cygwin\jdk8u20\1074\hotspot\src\share\vm\prims\jvm.cpp, line 1275]
Event: 1.307 Thread 0x0000000016e96800 Implicit null exception at 0x000000000279413a to 0x0000000002795fc5
Event: 1.463 Thread 0x00000000170fa800 Implicit null exception at 0x0000000002a05518 to 0x0000000002a05685
Event: 1.600 Thread 0x000000000096d800 Exception <a 'java/security/PrivilegedActionException'> (0x00000000eab1f038) thrown at [D:\re\workspace\8-2-build-windows-amd64-cygwin\jdk8u20\1074\hotspot\src\share\vm\prims\jvm.cpp, line 1275]
Event: 1.639 Thread 0x000000001707c800 Exception <a 'java/lang/ArrayIndexOutOfBoundsException': 18> (0x00000000eba848c0) thrown at [D:\re\workspace\8-2-build-windows-amd64-cygwin\jdk8u20\1074\hotspot\src\share\vm\interpreter\interpreterRuntime.cpp, line 366]
Event: 1.640 Thread 0x000000001707c800 Exception <a 'java/lang/ArrayIndexOutOfBoundsException': 145> (0x00000000eba86358) thrown at [D:\re\workspace\8-2-build-windows-amd64-cygwin\jdk8u20\1074\hotspot\src\share\vm\interpreter\interpreterRuntime.cpp, line 366]
Event: 1.641 Thread 0x000000001707c800 Exception <a 'java/lang/ArrayIndexOutOfBoundsException'> (0x00000000eba87570) thrown at [D:\re\workspace\8-2-build-windows-amd64-cygwin\jdk8u20\1074\hotspot\src\share\vm\runtime\sharedRuntime.cpp, line 604]
Event: 2.215 Thread 0x000000001707c800 Exception <a 'java/security/PrivilegedActionException'> (0x00000000ecdfd0e8) thrown at [D:\re\workspace\8-2-build-windows-amd64-cygwin\jdk8u20\1074\hotspot\src\share\vm\prims\jvm.cpp, line 1275]
Event: 4.493 Thread 0x000000000096d800 Exception <a 'java/security/PrivilegedActionException'> (0x00000000f18b3de8) thrown at [D:\re\workspace\8-2-build-windows-amd64-cygwin\jdk8u20\1074\hotspot\src\share\vm\prims\jvm.cpp, line 1275]

Events (10 events):
Event: 7.151 Thread 0x00000000170fa800 DEOPT PACKING pc=0x00000000027bc8c4 sp=0x00000000183eee10
Event: 7.151 Thread 0x00000000170fa800 DEOPT UNPACKING pc=0x00000000024375bf sp=0x00000000183eeb28 mode 0
Event: 7.443 Thread 0x00000000170fa800 Uncommon trap: trap_request=0xffffffc6 fr.pc=0x0000000002b97360
Event: 7.443 Thread 0x00000000170fa800 DEOPT PACKING pc=0x0000000002b97360 sp=0x00000000183ee450
Event: 7.443 Thread 0x00000000170fa800 DEOPT UNPACKING pc=0x000000000243556a sp=0x00000000183ee2d0 mode 2
Event: 7.444 Thread 0x00000000170fa800 Uncommon trap: trap_request=0xffffffc6 fr.pc=0x0000000002c1ffd8
Event: 7.444 Thread 0x00000000170fa800 DEOPT PACKING pc=0x0000000002c1ffd8 sp=0x00000000183ee3e0
Event: 7.444 Thread 0x00000000170fa800 DEOPT UNPACKING pc=0x000000000243556a sp=0x00000000183ee318 mode 2
Event: 7.496 Thread 0x00000000172ab800 DEOPT PACKING pc=0x0000000002808afd sp=0x00000000184eee50
Event: 7.496 Thread 0x00000000172ab800 DEOPT UNPACKING pc=0x00000000024375bf sp=0x00000000184eebf0 mode 0


Dynamic libraries:
0x00007ff6ea620000 - 0x00007ff6ea654000 	C:\Program Files\Java\jdk1.8.0_20\bin\java.exe
0x00007ffc0cf60000 - 0x00007ffc0d121000 	C:\WINDOWS\SYSTEM32\ntdll.dll
0x00007ffc0ceb0000 - 0x00007ffc0cf5d000 	C:\WINDOWS\system32\KERNEL32.DLL
0x00007ffc0a0e0000 - 0x00007ffc0a2c8000 	C:\WINDOWS\system32\KERNELBASE.dll
0x00007ffc0ba90000 - 0x00007ffc0bb37000 	C:\WINDOWS\system32\ADVAPI32.dll
0x00007ffc0be60000 - 0x00007ffc0befd000 	C:\WINDOWS\system32\msvcrt.dll
0x00007ffc0ce50000 - 0x00007ffc0ceab000 	C:\WINDOWS\system32\sechost.dll
0x00007ffc0cb80000 - 0x00007ffc0cc9c000 	C:\WINDOWS\system32\RPCRT4.dll
0x00007ffc0b8e0000 - 0x00007ffc0ba36000 	C:\WINDOWS\system32\USER32.dll
0x00007ffc0bba0000 - 0x00007ffc0bd26000 	C:\WINDOWS\system32\GDI32.dll
0x00007ffbfd310000 - 0x00007ffbfd584000 	C:\WINDOWS\WinSxS\amd64_microsoft.windows.common-controls_6595b64144ccf1df_6.0.10586.0_none_8c15ae12515e1c22\COMCTL32.dll
0x00007ffc0c330000 - 0x00007ffc0c5ad000 	C:\WINDOWS\system32\combase.dll
0x00007ffc0a2d0000 - 0x00007ffc0a33a000 	C:\WINDOWS\system32\bcryptPrimitives.dll
0x00007ffc0ba40000 - 0x00007ffc0ba7b000 	C:\WINDOWS\system32\IMM32.DLL
0x0000000067020000 - 0x00000000670f2000 	C:\Program Files\Java\jdk1.8.0_20\jre\bin\msvcr100.dll
0x00000000667c0000 - 0x0000000067018000 	C:\Program Files\Java\jdk1.8.0_20\jre\bin\server\jvm.dll
0x00007ffc0ba80000 - 0x00007ffc0ba88000 	C:\WINDOWS\system32\PSAPI.DLL
0x00007ffc077e0000 - 0x00007ffc07803000 	C:\WINDOWS\SYSTEM32\WINMM.dll
0x00007ffbfb2d0000 - 0x00007ffbfb2d9000 	C:\WINDOWS\SYSTEM32\WSOCK32.dll
0x00007ffc0c5b0000 - 0x00007ffc0c61b000 	C:\WINDOWS\system32\WS2_32.dll
0x00007ffc077b0000 - 0x00007ffc077dc000 	C:\WINDOWS\SYSTEM32\WINMMBASE.dll
0x00007ffc09f50000 - 0x00007ffc09f93000 	C:\WINDOWS\system32\cfgmgr32.dll
0x00000000667b0000 - 0x00000000667bf000 	C:\Program Files\Java\jdk1.8.0_20\jre\bin\verify.dll
0x0000000066780000 - 0x00000000667a8000 	C:\Program Files\Java\jdk1.8.0_20\jre\bin\java.dll
0x0000000066760000 - 0x0000000066776000 	C:\Program Files\Java\jdk1.8.0_20\jre\bin\zip.dll
0x00007ffc0a360000 - 0x00007ffc0b8bc000 	C:\WINDOWS\system32\SHELL32.dll
0x00007ffc09730000 - 0x00007ffc09d75000 	C:\WINDOWS\system32\windows.storage.dll
0x00007ffc0c750000 - 0x00007ffc0c7a2000 	C:\WINDOWS\system32\shlwapi.dll
0x00007ffc09590000 - 0x00007ffc0959f000 	C:\WINDOWS\system32\kernel.appcore.dll
0x00007ffc09670000 - 0x00007ffc09725000 	C:\WINDOWS\system32\shcore.dll
0x00007ffc095a0000 - 0x00007ffc095eb000 	C:\WINDOWS\system32\powrprof.dll
0x00007ffc09560000 - 0x00007ffc09574000 	C:\WINDOWS\system32\profapi.dll
0x00007ffbfe2a0000 - 0x00007ffbfe42c000 	C:\WINDOWS\SYSTEM32\dbghelp.dll

VM Arguments:
jvm_args: -Djava.awt.headless=true -Xmx1024M -Dfile.encoding=windows-1252 -Duser.country=US -Duser.language=en -Duser.variant 
java_command: com.android.dx.command.Main --dex --num-threads=4 --multi-dex --main-dex-list C:\Users\admin\Documents\GitHub\ShaneelSD\SoftwareDesign\FindMeTutor\FindMeTutor\tutor_app\build\intermediates\multi-dex\debug\maindexlist.txt --output C:\Users\admin\Documents\GitHub\ShaneelSD\SoftwareDesign\FindMeTutor\FindMeTutor\tutor_app\build\intermediates\transforms\dex\debug\folders\1000\1f\main C:\Users\admin\Documents\GitHub\ShaneelSD\SoftwareDesign\FindMeTutor\FindMeTutor\tutor_app\build\intermediates\transforms\jarMerging\debug\jars\1\1f\combined.jar
java_class_path (initial): C:\Users\admin\AppData\Local\Android\sdk\build-tools\24.0.1\lib\dx.jar
Launcher Type: SUN_STANDARD

Environment Variables:
PATH=C:\ProgramData\Oracle\Java\javapath;C:\Program Files (x86)\Intel\iCLS Client\;C:\Program Files\Intel\iCLS Client\;C:\WINDOWS\system32;C:\WINDOWS;C:\WINDOWS\System32\Wbem;C:\WINDOWS\System32\WindowsPowerShell\v1.0\;C:\Program Files\Intel\Intel(R) Management Engine Components\DAL;C:\Program Files\Intel\Intel(R) Management Engine Components\IPT;C:\Program Files (x86)\Intel\Intel(R) Management Engine Components\DAL;C:\Program Files (x86)\Intel\Intel(R) Management Engine Components\IPT;C:\Program Files\WIDCOMM\Bluetooth Software\;C:\Program Files\WIDCOMM\Bluetooth Software\syswow64;C:\Program Files (x86)\Intel\OpenCL SDK\2.0\bin\x86;C:\Program Files (x86)\Intel\OpenCL SDK\2.0\bin\x64;C:\Program Files\Intel\WiFi\bin\;C:\Program Files\Common Files\Intel\WirelessCommon\;c:\Program Files (x86)\Microsoft SQL Server\100\Tools\Binn\;c:\Program Files\Microsoft SQL Server\100\Tools\Binn\;c:\Program Files\Microsoft SQL Server\100\DTS\Binn\;C:\Program Files (x86)\MySQL\MySQL Fabric 1.5.4 & MySQL Utilities 1.5.4 1.5\;C:\Program Files (x86)\MySQL\MySQL Fabric 1.5.4 & MySQL Utilities 1.5.4 1.5\Doctrine extensions for PHP\;C:\Program Files (x86)\Borland\Delphi7\Bin;C:\Program Files (x86)\Borland\Delphi7\Projects\Bpl;C:\Program Files (x86)\Borland\Delphi7\Rave5;C:\Program Files\Git\cmd;C:\Program Files\Intel\WiFi\bin\;C:\Program Files\Common Files\Intel\WirelessCommon\
USERNAME=admin
OS=Windows_NT
PROCESSOR_IDENTIFIER=Intel64 Family 6 Model 58 Stepping 9, GenuineIntel



---------------  S Y S T E M  ---------------

OS: Windows 8.1 , 64 bit Build 9600 

CPU:total 4 (2 cores per cpu, 2 threads per core) family 6 model 58 stepping 9, cmov, cx8, fxsr, mmx, sse, sse2, sse3, ssse3, sse4.1, sse4.2, popcnt, avx, aes, clmul, erms, ht, tsc, tscinvbit, tscinv

Memory: 4k page, physical 8258576k(1577620k free), swap 10306576k(4384k free)

vm_info: Java HotSpot(TM) 64-Bit Server VM (25.20-b23) for windows-amd64 JRE (1.8.0_20-b26), built on Jul 30 2014 13:51:23 by "java_re" with MS VC++ 10.0 (VS2010)

time: Mon Sep 26 08:56:23 2016
elapsed time: 7 seconds (0d 0h 0m 7s)

