#
# There is insufficient memory for the Java Runtime Environment to continue.
# Native memory allocation (malloc) failed to allocate 32744 bytes for ChunkPool::allocate
# Possible reasons:
#   The system is out of physical RAM or swap space
#   In 32 bit mode, the process size limit was hit
# Possible solutions:
#   Reduce memory load on the system
#   Increase physical memory or swap space
#   Check if swap backing store is full
#   Use 64 bit Java on a 64 bit OS
#   Decrease Java heap size (-Xmx/-Xms)
#   Decrease number of Java threads
#   Decrease Java thread stack sizes (-Xss)
#   Set larger code cache with -XX:ReservedCodeCacheSize=
# This output file may be truncated or incomplete.
#
#  Out of Memory Error (allocation.cpp:273), pid=11368, tid=9852
#
# JRE version: Java(TM) SE Runtime Environment (8.0_20-b26) (build 1.8.0_20-b26)
# Java VM: Java HotSpot(TM) 64-Bit Server VM (25.20-b23 mixed mode windows-amd64 compressed oops)
# Failed to write core dump. Minidumps are not enabled by default on client versions of Windows
#

---------------  T H R E A D  ---------------

Current thread (0x0000000014a2e800):  JavaThread "C2 CompilerThread1" daemon [_thread_in_native, id=9852, stack(0x0000000016040000,0x0000000016140000)]

Stack: [0x0000000016040000,0x0000000016140000]
Native frames: (J=compiled Java code, j=interpreted, Vv=VM code, C=native code)
V  [jvm.dll+0x3152fa]


Current CompileTask:
C2:   8405 1908 %     4       com.android.dx.ssa.SsaConverter::placePhiFunctions @ 103 (394 bytes)


---------------  P R O C E S S  ---------------

Java Threads: ( => current thread )
  0x0000000014a35800 JavaThread "Service Thread" daemon [_thread_blocked, id=7304, stack(0x0000000016240000,0x0000000016340000)]
  0x0000000014a31800 JavaThread "C1 CompilerThread2" daemon [_thread_in_native, id=8244, stack(0x0000000016140000,0x0000000016240000)]
=>0x0000000014a2e800 JavaThread "C2 CompilerThread1" daemon [_thread_in_native, id=9852, stack(0x0000000016040000,0x0000000016140000)]
  0x00000000149e9800 JavaThread "C2 CompilerThread0" daemon [_thread_in_native, id=4808, stack(0x0000000015f40000,0x0000000016040000)]
  0x00000000149e7000 JavaThread "Attach Listener" daemon [_thread_blocked, id=9864, stack(0x0000000015e40000,0x0000000015f40000)]
  0x00000000149e6000 JavaThread "Signal Dispatcher" daemon [_thread_blocked, id=1592, stack(0x0000000015d40000,0x0000000015e40000)]
  0x00000000022ff000 JavaThread "Finalizer" daemon [_thread_blocked, id=9028, stack(0x0000000015c40000,0x0000000015d40000)]
  0x00000000022fc000 JavaThread "Reference Handler" daemon [_thread_blocked, id=1012, stack(0x0000000015b40000,0x0000000015c40000)]
  0x0000000001fad800 JavaThread "main" [_thread_in_vm, id=1708, stack(0x0000000002110000,0x0000000002210000)]

Other Threads:
  0x00000000149a6000 VMThread [stack: 0x0000000015a40000,0x0000000015b40000] [id=11272]
  0x0000000014a38800 WatcherThread [stack: 0x0000000016340000,0x0000000016440000] [id=10540]

VM state:not at safepoint (normal execution)

VM Mutex/Monitor currently owned by a thread: None

Heap:
 PSYoungGen      total 71680K, used 34419K [0x00000000eab00000, 0x00000000f3700000, 0x0000000100000000)
  eden space 66560K, 44% used [0x00000000eab00000,0x00000000ec7a32a0,0x00000000eec00000)
  from space 5120K, 99% used [0x00000000eec00000,0x00000000ef0f9ab8,0x00000000ef100000)
  to   space 5120K, 0% used [0x00000000f3200000,0x00000000f3200000,0x00000000f3700000)
 ParOldGen       total 87552K, used 15199K [0x00000000c0000000, 0x00000000c5580000, 0x00000000eab00000)
  object space 87552K, 17% used [0x00000000c0000000,0x00000000c0ed7e48,0x00000000c5580000)
 Metaspace       used 6310K, capacity 7152K, committed 7296K, reserved 1056768K
  class space    used 599K, capacity 616K, committed 640K, reserved 1048576K

Card table byte_map: [0x00000000116d0000,0x00000000118e0000] byte_map_base: 0x00000000110d0000

Marking Bits: (ParMarkBitMap*) 0x000000006935b460
 Begin Bits: [0x0000000011e40000, 0x0000000012e40000)
 End Bits:   [0x0000000012e40000, 0x0000000013e40000)

Polling page: 0x00000000001f0000

CodeCache: size=245760Kb used=8233Kb max_used=8233Kb free=237526Kb
 bounds [0x0000000002310000, 0x0000000002b30000, 0x0000000011310000]
 total_blobs=2141 nmethods=1876 adapters=178
 compilation: enabled

Compilation events (10 events):
Event: 8.355 Thread 0x0000000014a31800 1978 %     3       com.android.dx.dex.code.OutputFinisher::addConstants @ 47 (93 bytes)
Event: 8.356 Thread 0x0000000014a31800 nmethod 1978% 0x0000000002b1a610 code [0x0000000002b1a860, 0x0000000002b1bab8]
Event: 8.356 Thread 0x0000000014a31800 1979       3       com.android.dx.dex.code.OutputFinisher::addConstants (93 bytes)
Event: 8.357 Thread 0x0000000014a31800 nmethod 1979 0x0000000002b1c110 code [0x0000000002b1c360, 0x0000000002b1d4f8]
Event: 8.369 Thread 0x0000000014a31800 1981       3       java.util.HashMap$HashIterator::nextNode (100 bytes)
Event: 8.370 Thread 0x0000000014a31800 nmethod 1981 0x0000000002b1db10 code [0x0000000002b1dca0, 0x0000000002b1e158]
Event: 8.370 Thread 0x0000000014a31800 1982       3       com.android.dx.dex.code.OutputFinisher::getAllConstants (47 bytes)
Event: 8.371 Thread 0x0000000014a31800 nmethod 1982 0x0000000002b1e350 code [0x0000000002b1e580, 0x0000000002b1eee8]
Event: 8.388 Thread 0x0000000014a31800 1984 %     3       com.android.dx.dex.code.StdCatchBuilder::hasAnyCatches @ 15 (57 bytes)
Event: 8.389 Thread 0x0000000014a31800 nmethod 1984% 0x0000000002b1f450 code [0x0000000002b1f640, 0x0000000002b203b8]

GC Heap History (6 events):
Event: 3.931 GC heap before
{Heap before GC invocations=1 (full 0):
 PSYoungGen      total 38400K, used 33280K [0x00000000eab00000, 0x00000000ed580000, 0x0000000100000000)
  eden space 33280K, 100% used [0x00000000eab00000,0x00000000ecb80000,0x00000000ecb80000)
  from space 5120K, 0% used [0x00000000ed080000,0x00000000ed080000,0x00000000ed580000)
  to   space 5120K, 0% used [0x00000000ecb80000,0x00000000ecb80000,0x00000000ed080000)
 ParOldGen       total 87552K, used 0K [0x00000000c0000000, 0x00000000c5580000, 0x00000000eab00000)
  object space 87552K, 0% used [0x00000000c0000000,0x00000000c0000000,0x00000000c5580000)
 Metaspace       used 5955K, capacity 6896K, committed 7040K, reserved 1056768K
  class space    used 591K, capacity 616K, committed 640K, reserved 1048576K
Event: 4.021 GC heap after
Heap after GC invocations=1 (full 0):
 PSYoungGen      total 38400K, used 5113K [0x00000000eab00000, 0x00000000ef600000, 0x0000000100000000)
  eden space 33280K, 0% used [0x00000000eab00000,0x00000000eab00000,0x00000000ecb80000)
  from space 5120K, 99% used [0x00000000ecb80000,0x00000000ed07e680,0x00000000ed080000)
  to   space 5120K, 0% used [0x00000000ef100000,0x00000000ef100000,0x00000000ef600000)
 ParOldGen       total 87552K, used 1067K [0x00000000c0000000, 0x00000000c5580000, 0x00000000eab00000)
  object space 87552K, 1% used [0x00000000c0000000,0x00000000c010add0,0x00000000c5580000)
 Metaspace       used 5955K, capacity 6896K, committed 7040K, reserved 1056768K
  class space    used 591K, capacity 616K, committed 640K, reserved 1048576K
}
Event: 5.200 GC heap before
{Heap before GC invocations=2 (full 0):
 PSYoungGen      total 38400K, used 38393K [0x00000000eab00000, 0x00000000ef600000, 0x0000000100000000)
  eden space 33280K, 100% used [0x00000000eab00000,0x00000000ecb80000,0x00000000ecb80000)
  from space 5120K, 99% used [0x00000000ecb80000,0x00000000ed07e680,0x00000000ed080000)
  to   space 5120K, 0% used [0x00000000ef100000,0x00000000ef100000,0x00000000ef600000)
 ParOldGen       total 87552K, used 1067K [0x00000000c0000000, 0x00000000c5580000, 0x00000000eab00000)
  object space 87552K, 1% used [0x00000000c0000000,0x00000000c010add0,0x00000000c5580000)
 Metaspace       used 6121K, capacity 7024K, committed 7296K, reserved 1056768K
  class space    used 593K, capacity 616K, committed 640K, reserved 1048576K
Event: 5.335 GC heap after
Heap after GC invocations=2 (full 0):
 PSYoungGen      total 71680K, used 5105K [0x00000000eab00000, 0x00000000ef600000, 0x0000000100000000)
  eden space 66560K, 0% used [0x00000000eab00000,0x00000000eab00000,0x00000000eec00000)
  from space 5120K, 99% used [0x00000000ef100000,0x00000000ef5fc538,0x00000000ef600000)
  to   space 5120K, 0% used [0x00000000eec00000,0x00000000eec00000,0x00000000ef100000)
 ParOldGen       total 87552K, used 5570K [0x00000000c0000000, 0x00000000c5580000, 0x00000000eab00000)
  object space 87552K, 6% used [0x00000000c0000000,0x00000000c0570b18,0x00000000c5580000)
 Metaspace       used 6121K, capacity 7024K, committed 7296K, reserved 1056768K
  class space    used 593K, capacity 616K, committed 640K, reserved 1048576K
}
Event: 7.295 GC heap before
{Heap before GC invocations=3 (full 0):
 PSYoungGen      total 71680K, used 71665K [0x00000000eab00000, 0x00000000ef600000, 0x0000000100000000)
  eden space 66560K, 100% used [0x00000000eab00000,0x00000000eec00000,0x00000000eec00000)
  from space 5120K, 99% used [0x00000000ef100000,0x00000000ef5fc538,0x00000000ef600000)
  to   space 5120K, 0% used [0x00000000eec00000,0x00000000eec00000,0x00000000ef100000)
 ParOldGen       total 87552K, used 5570K [0x00000000c0000000, 0x00000000c5580000, 0x00000000eab00000)
  object space 87552K, 6% used [0x00000000c0000000,0x00000000c0570b18,0x00000000c5580000)
 Metaspace       used 6217K, capacity 7152K, committed 7296K, reserved 1056768K
  class space    used 594K, capacity 616K, committed 640K, reserved 1048576K
Event: 7.319 GC heap after
Heap after GC invocations=3 (full 0):
 PSYoungGen      total 71680K, used 5094K [0x00000000eab00000, 0x00000000f3700000, 0x0000000100000000)
  eden space 66560K, 0% used [0x00000000eab00000,0x00000000eab00000,0x00000000eec00000)
  from space 5120K, 99% used [0x00000000eec00000,0x00000000ef0f9ab8,0x00000000ef100000)
  to   space 5120K, 0% used [0x00000000f3200000,0x00000000f3200000,0x00000000f3700000)
 ParOldGen       total 87552K, used 15199K [0x00000000c0000000, 0x00000000c5580000, 0x00000000eab00000)
  object space 87552K, 17% used [0x00000000c0000000,0x00000000c0ed7e48,0x00000000c5580000)
 Metaspace       used 6217K, capacity 7152K, committed 7296K, reserved 1056768K
  class space    used 594K, capacity 616K, committed 640K, reserved 1048576K
}

Deoptimization events (10 events):
Event: 7.645 Thread 0x0000000016716000 Uncommon trap: reason=bimorphic action=maybe_recompile pc=0x0000000002a331dc method=com.android.dx.cf.code.BytecodeArray.parseInstruction(ILcom/android/dx/cf/code/BytecodeArray$Visitor;)I @ 2484
Event: 7.645 Thread 0x0000000016716000 Uncommon trap: reason=bimorphic action=maybe_recompile pc=0x0000000002a331dc method=com.android.dx.cf.code.BytecodeArray.parseInstruction(ILcom/android/dx/cf/code/BytecodeArray$Visitor;)I @ 2484
Event: 8.277 Thread 0x000000001667f000 Uncommon trap: reason=bimorphic action=maybe_recompile pc=0x0000000002ae6e94 method=com.android.dx.cf.code.BytecodeArray.parseInstruction(ILcom/android/dx/cf/code/BytecodeArray$Visitor;)I @ 1035
Event: 8.277 Thread 0x000000001667f000 Uncommon trap: reason=bimorphic action=maybe_recompile pc=0x0000000002ae6358 method=com.android.dx.cf.code.BytecodeArray.parseInstruction(ILcom/android/dx/cf/code/BytecodeArray$Visitor;)I @ 1549
Event: 8.277 Thread 0x000000001667f000 Uncommon trap: reason=bimorphic action=maybe_recompile pc=0x0000000002ae6e94 method=com.android.dx.cf.code.BytecodeArray.parseInstruction(ILcom/android/dx/cf/code/BytecodeArray$Visitor;)I @ 1035
Event: 8.292 Thread 0x0000000001fad800 Uncommon trap: reason=class_check action=maybe_recompile pc=0x00000000027b6aa0 method=java.util.Arrays.hashCode([Ljava/lang/Object;)I @ 43
Event: 8.292 Thread 0x0000000001fad800 Uncommon trap: reason=class_check action=maybe_recompile pc=0x00000000027b6aa0 method=java.util.Arrays.hashCode([Ljava/lang/Object;)I @ 43
Event: 8.293 Thread 0x0000000001fad800 Uncommon trap: reason=class_check action=maybe_recompile pc=0x00000000027b6aa0 method=java.util.Arrays.hashCode([Ljava/lang/Object;)I @ 43
Event: 8.293 Thread 0x0000000001fad800 Uncommon trap: reason=class_check action=maybe_recompile pc=0x00000000027b6aa0 method=java.util.Arrays.hashCode([Ljava/lang/Object;)I @ 43
Event: 8.293 Thread 0x0000000001fad800 Uncommon trap: reason=class_check action=maybe_recompile pc=0x00000000027b4a80 method=java.util.Arrays.hashCode([Ljava/lang/Object;)I @ 43

Internal exceptions (10 events):
Event: 3.332 Thread 0x000000001667f000 Exception <a 'java/security/PrivilegedActionException'> (0x00000000ec23e9a8) thrown at [D:\re\workspace\8-2-build-windows-amd64-cygwin\jdk8u20\1074\hotspot\src\share\vm\prims\jvm.cpp, line 1275]
Event: 3.678 Thread 0x0000000016708800 Implicit null exception at 0x00000000027bd1e2 to 0x00000000027bd2d2
Event: 4.133 Thread 0x0000000016716000 Implicit null exception at 0x0000000002673eba to 0x0000000002675df5
Event: 4.305 Thread 0x0000000016718000 Exception <a 'java/security/PrivilegedActionException'> (0x00000000ec286080) thrown at [D:\re\workspace\8-2-build-windows-amd64-cygwin\jdk8u20\1074\hotspot\src\share\vm\prims\jvm.cpp, line 1275]
Event: 5.603 Thread 0x0000000016708800 Exception <a 'java/security/PrivilegedActionException'> (0x00000000ebc90e98) thrown at [D:\re\workspace\8-2-build-windows-amd64-cygwin\jdk8u20\1074\hotspot\src\share\vm\prims\jvm.cpp, line 1275]
Event: 6.526 Thread 0x0000000016708800 Implicit null exception at 0x0000000002955b5a to 0x000000000295705d
Event: 6.527 Thread 0x0000000016708800 Implicit null exception at 0x00000000028c6a58 to 0x00000000028c8155
Event: 6.527 Thread 0x0000000016708800 Implicit null exception at 0x00000000028ce50e to 0x00000000028d0119
Event: 8.294 Thread 0x0000000001fad800 Exception <a 'java/security/PrivilegedActionException'> (0x00000000ebec7b08) thrown at [D:\re\workspace\8-2-build-windows-amd64-cygwin\jdk8u20\1074\hotspot\src\share\vm\prims\jvm.cpp, line 1275]
Event: 8.360 Thread 0x0000000001fad800 Exception <a 'java/security/PrivilegedActionException'> (0x00000000ec687730) thrown at [D:\re\workspace\8-2-build-windows-amd64-cygwin\jdk8u20\1074\hotspot\src\share\vm\prims\jvm.cpp, line 1275]

Events (10 events):
Event: 8.293 Thread 0x0000000001fad800 DEOPT PACKING pc=0x00000000027b4a80 sp=0x000000000220ea70
Event: 8.293 Thread 0x0000000001fad800 DEOPT UNPACKING pc=0x000000000235556a sp=0x000000000220e9f8 mode 2
Event: 8.294 loading class com/android/dx/rop/cst/Zeroes
Event: 8.294 loading class com/android/dx/rop/cst/Zeroes done
Event: 8.357 Thread 0x0000000001fad800 DEOPT PACKING pc=0x0000000002b12e18 sp=0x000000000220eac0
Event: 8.357 Thread 0x0000000001fad800 DEOPT UNPACKING pc=0x00000000023575bf sp=0x000000000220e868 mode 0
Event: 8.360 loading class com/android/dx/dex/file/CatchStructs
Event: 8.360 loading class com/android/dx/dex/file/CatchStructs done
Event: 8.370 Thread 0x0000000001fad800 DEOPT PACKING pc=0x0000000002b15e94 sp=0x000000000220eba0
Event: 8.370 Thread 0x0000000001fad800 DEOPT UNPACKING pc=0x00000000023575bf sp=0x000000000220e930 mode 0


Dynamic libraries:
0x00007ff699e80000 - 0x00007ff699eb4000 	C:\Program Files\Java\jdk1.8.0_20\bin\java.exe
0x00007ffdfc2f0000 - 0x00007ffdfc4b1000 	C:\WINDOWS\SYSTEM32\ntdll.dll
0x00007ffdfba20000 - 0x00007ffdfbacd000 	C:\WINDOWS\system32\KERNEL32.DLL
0x00007ffdf8d70000 - 0x00007ffdf8f58000 	C:\WINDOWS\system32\KERNELBASE.dll
0x00007ffdfb640000 - 0x00007ffdfb6e7000 	C:\WINDOWS\system32\ADVAPI32.dll
0x00007ffdfb330000 - 0x00007ffdfb3cd000 	C:\WINDOWS\system32\msvcrt.dll
0x00007ffdfb2d0000 - 0x00007ffdfb32b000 	C:\WINDOWS\system32\sechost.dll
0x00007ffdfb1b0000 - 0x00007ffdfb2cc000 	C:\WINDOWS\system32\RPCRT4.dll
0x00007ffdfb4e0000 - 0x00007ffdfb636000 	C:\WINDOWS\system32\USER32.dll
0x00007ffdf98f0000 - 0x00007ffdf9a76000 	C:\WINDOWS\system32\GDI32.dll
0x00007ffded5c0000 - 0x00007ffded834000 	C:\WINDOWS\WinSxS\amd64_microsoft.windows.common-controls_6595b64144ccf1df_6.0.10586.0_none_8c15ae12515e1c22\COMCTL32.dll
0x00007ffdfb7a0000 - 0x00007ffdfba1d000 	C:\WINDOWS\system32\combase.dll
0x00007ffdf9660000 - 0x00007ffdf96ca000 	C:\WINDOWS\system32\bcryptPrimitives.dll
0x00007ffdfb6f0000 - 0x00007ffdfb72b000 	C:\WINDOWS\system32\IMM32.DLL
0x00000000693e0000 - 0x00000000694b2000 	C:\Program Files\Java\jdk1.8.0_20\jre\bin\msvcr100.dll
0x0000000068b80000 - 0x00000000693d8000 	C:\Program Files\Java\jdk1.8.0_20\jre\bin\server\jvm.dll
0x00007ffdfc050000 - 0x00007ffdfc058000 	C:\WINDOWS\system32\PSAPI.DLL
0x00007ffdf6fd0000 - 0x00007ffdf6ff3000 	C:\WINDOWS\SYSTEM32\WINMM.dll
0x00007ffdf6d90000 - 0x00007ffdf6dbc000 	C:\WINDOWS\SYSTEM32\WINMMBASE.dll
0x00007ffdf9610000 - 0x00007ffdf9653000 	C:\WINDOWS\system32\cfgmgr32.dll
0x00007ffdee310000 - 0x00007ffdee319000 	C:\WINDOWS\SYSTEM32\WSOCK32.dll
0x00007ffdfafe0000 - 0x00007ffdfb04b000 	C:\WINDOWS\system32\WS2_32.dll
0x0000000068b70000 - 0x0000000068b7f000 	C:\Program Files\Java\jdk1.8.0_20\jre\bin\verify.dll
0x0000000068b40000 - 0x0000000068b68000 	C:\Program Files\Java\jdk1.8.0_20\jre\bin\java.dll
0x0000000068b20000 - 0x0000000068b36000 	C:\Program Files\Java\jdk1.8.0_20\jre\bin\zip.dll
0x00007ffdf9a80000 - 0x00007ffdfafdc000 	C:\WINDOWS\system32\SHELL32.dll
0x00007ffdf8f60000 - 0x00007ffdf95a5000 	C:\WINDOWS\system32\windows.storage.dll
0x00007ffdfb480000 - 0x00007ffdfb4d2000 	C:\WINDOWS\system32\shlwapi.dll
0x00007ffdf88f0000 - 0x00007ffdf88ff000 	C:\WINDOWS\system32\kernel.appcore.dll
0x00007ffdf8b50000 - 0x00007ffdf8c05000 	C:\WINDOWS\system32\shcore.dll
0x00007ffdf8920000 - 0x00007ffdf896b000 	C:\WINDOWS\system32\powrprof.dll
0x00007ffdf8900000 - 0x00007ffdf8914000 	C:\WINDOWS\system32\profapi.dll
0x00007ffdeceb0000 - 0x00007ffded03c000 	C:\WINDOWS\SYSTEM32\dbghelp.dll

VM Arguments:
jvm_args: -Djava.awt.headless=true -Xmx1024M -Dfile.encoding=windows-1252 -Duser.country=US -Duser.language=en -Duser.variant 
java_command: com.android.dx.command.Main --dex --num-threads=4 --output C:\Users\admin\Documents\GitHub\SoftwareDesign\FindMeTutor\FindMeTutor\tutor_app\build\intermediates\pre-dexed\debug\com.android.support-design-24.2.0_ba18150353e33eaec7080b5e3a3abc4cc383cf9e.jar C:\Users\admin\Documents\GitHub\SoftwareDesign\FindMeTutor\FindMeTutor\tutor_app\build\intermediates\exploded-aar\com.android.support\design\24.2.0\jars\classes.jar
java_class_path (initial): C:\Users\admin\AppData\Local\Android\sdk\build-tools\24.0.1\lib\dx.jar
Launcher Type: SUN_STANDARD

Environment Variables:
PATH=C:\ProgramData\Oracle\Java\javapath;C:\Program Files (x86)\Intel\iCLS Client\;C:\Program Files\Intel\iCLS Client\;C:\WINDOWS\system32;C:\WINDOWS;C:\WINDOWS\System32\Wbem;C:\WINDOWS\System32\WindowsPowerShell\v1.0\;C:\Program Files\Intel\Intel(R) Management Engine Components\DAL;C:\Program Files\Intel\Intel(R) Management Engine Components\IPT;C:\Program Files (x86)\Intel\Intel(R) Management Engine Components\DAL;C:\Program Files (x86)\Intel\Intel(R) Management Engine Components\IPT;C:\Program Files\WIDCOMM\Bluetooth Software\;C:\Program Files\WIDCOMM\Bluetooth Software\syswow64;C:\Program Files (x86)\Intel\OpenCL SDK\2.0\bin\x86;C:\Program Files (x86)\Intel\OpenCL SDK\2.0\bin\x64;C:\Program Files\Intel\WiFi\bin\;C:\Program Files\Common Files\Intel\WirelessCommon\;c:\Program Files (x86)\Microsoft SQL Server\100\Tools\Binn\;c:\Program Files\Microsoft SQL Server\100\Tools\Binn\;c:\Program Files\Microsoft SQL Server\100\DTS\Binn\;C:\Program Files (x86)\MySQL\MySQL Fabric 1.5.4 & MySQL Utilities 1.5.4 1.5\;C:\Program Files (x86)\MySQL\MySQL Fabric 1.5.4 & MySQL Utilities 1.5.4 1.5\Doctrine extensions for PHP\;C:\Program Files (x86)\Borland\Delphi7\Bin;C:\Program Files (x86)\Borland\Delphi7\Projects\Bpl;C:\Program Files (x86)\Borland\Delphi7\Rave5;C:\Program Files\Git\cmd;C:\Program Files\Intel\WiFi\bin\;C:\Program Files\Common Files\Intel\WirelessCommon\
USERNAME=admin
OS=Windows_NT
PROCESSOR_IDENTIFIER=Intel64 Family 6 Model 58 Stepping 9, GenuineIntel



---------------  S Y S T E M  ---------------

OS: Windows 8.1 , 64 bit Build 9600 

CPU:total 4 (2 cores per cpu, 2 threads per core) family 6 model 58 stepping 9, cmov, cx8, fxsr, mmx, sse, sse2, sse3, ssse3, sse4.1, sse4.2, popcnt, avx, aes, clmul, erms, ht, tsc, tscinvbit, tscinv

Memory: 4k page, physical 8258576k(1591792k free), swap 10306576k(8264k free)

vm_info: Java HotSpot(TM) 64-Bit Server VM (25.20-b23) for windows-amd64 JRE (1.8.0_20-b26), built on Jul 30 2014 13:51:23 by "java_re" with MS VC++ 10.0 (VS2010)

time: Sat Sep 03 18:13:21 2016
elapsed time: 8 seconds (0d 0h 0m 8s)

