#
# There is insufficient memory for the Java Runtime Environment to continue.
# Native memory allocation (malloc) failed to allocate 297296 bytes for Chunk::new
# Possible reasons:
#   The system is out of physical RAM or swap space
#   In 32 bit mode, the process size limit was hit
# Possible solutions:
#   Reduce memory load on the system
#   Increase physical memory or swap space
#   Check if swap backing store is full
#   Use 64 bit Java on a 64 bit OS
#   Decrease Java heap size (-Xmx/-Xms)
#   Decrease number of Java threads
#   Decrease Java thread stack sizes (-Xss)
#   Set larger code cache with -XX:ReservedCodeCacheSize=
# This output file may be truncated or incomplete.
#
#  Out of Memory Error (allocation.cpp:390), pid=6300, tid=2860
#
# JRE version: Java(TM) SE Runtime Environment (8.0_20-b26) (build 1.8.0_20-b26)
# Java VM: Java HotSpot(TM) 64-Bit Server VM (25.20-b23 mixed mode windows-amd64 compressed oops)
# Failed to write core dump. Minidumps are not enabled by default on client versions of Windows
#

---------------  T H R E A D  ---------------

Current thread (0x0000000014911000):  JavaThread "C2 CompilerThread1" daemon [_thread_in_native, id=2860, stack(0x0000000015f60000,0x0000000016060000)]

Stack: [0x0000000015f60000,0x0000000016060000]
Native frames: (J=compiled Java code, j=interpreted, Vv=VM code, C=native code)
V  [jvm.dll+0x3152fa]


Current CompileTask:
C2:   4876 1300   !   4       com.android.dx.cf.code.BytecodeArray::parseInstruction (2764 bytes)


---------------  P R O C E S S  ---------------

Java Threads: ( => current thread )
  0x000000001651d800 JavaThread "pool-1-thread-4" [_thread_in_Java, id=12504, stack(0x0000000017360000,0x0000000017460000)]
  0x00000000164a4000 JavaThread "pool-1-thread-3" [_thread_in_Java, id=332, stack(0x0000000017260000,0x0000000017360000)]
  0x0000000016461800 JavaThread "pool-1-thread-2" [_thread_in_Java, id=9112, stack(0x0000000017160000,0x0000000017260000)]
  0x0000000016429800 JavaThread "pool-2-thread-1" [_thread_blocked, id=4488, stack(0x0000000017060000,0x0000000017160000)]
  0x0000000016424800 JavaThread "pool-1-thread-1" [_thread_in_Java, id=6012, stack(0x0000000016f60000,0x0000000017060000)]
  0x0000000016165000 JavaThread "Service Thread" daemon [_thread_blocked, id=4700, stack(0x0000000016560000,0x0000000016660000)]
  0x000000001496d000 JavaThread "C1 CompilerThread2" daemon [_thread_blocked, id=13888, stack(0x0000000016060000,0x0000000016160000)]
=>0x0000000014911000 JavaThread "C2 CompilerThread1" daemon [_thread_in_native, id=2860, stack(0x0000000015f60000,0x0000000016060000)]
  0x000000001490e800 JavaThread "C2 CompilerThread0" daemon [_thread_in_native, id=6320, stack(0x0000000015e60000,0x0000000015f60000)]
  0x000000001490c000 JavaThread "Attach Listener" daemon [_thread_blocked, id=6944, stack(0x0000000015d60000,0x0000000015e60000)]
  0x000000001490b000 JavaThread "Signal Dispatcher" daemon [_thread_blocked, id=10964, stack(0x0000000015c60000,0x0000000015d60000)]
  0x000000000222f000 JavaThread "Finalizer" daemon [_thread_blocked, id=10592, stack(0x0000000015b60000,0x0000000015c60000)]
  0x00000000148d8000 JavaThread "Reference Handler" daemon [_thread_blocked, id=12840, stack(0x0000000015a60000,0x0000000015b60000)]
  0x00000000020dd800 JavaThread "main" [_thread_in_Java, id=14012, stack(0x0000000001f70000,0x0000000002070000)]

Other Threads:
  0x00000000148d6000 VMThread [stack: 0x0000000015960000,0x0000000015a60000] [id=2648]
  0x0000000016168000 WatcherThread [stack: 0x0000000016660000,0x0000000016760000] [id=7948]

VM state:not at safepoint (normal execution)

VM Mutex/Monitor currently owned by a thread: None

Heap:
 PSYoungGen      total 38400K, used 32921K [0x00000000eab00000, 0x00000000ed580000, 0x0000000100000000)
  eden space 33280K, 83% used [0x00000000eab00000,0x00000000ec62bd30,0x00000000ecb80000)
  from space 5120K, 99% used [0x00000000ecb80000,0x00000000ed07aab8,0x00000000ed080000)
  to   space 5120K, 0% used [0x00000000ed080000,0x00000000ed080000,0x00000000ed580000)
 ParOldGen       total 87552K, used 1646K [0x00000000c0000000, 0x00000000c5580000, 0x00000000eab00000)
  object space 87552K, 1% used [0x00000000c0000000,0x00000000c019b8f8,0x00000000c5580000)
 Metaspace       used 6099K, capacity 7024K, committed 7296K, reserved 1056768K
  class space    used 593K, capacity 616K, committed 640K, reserved 1048576K

Card table byte_map: [0x0000000011600000,0x0000000011810000] byte_map_base: 0x0000000011000000

Marking Bits: (ParMarkBitMap*) 0x0000000070fdb460
 Begin Bits: [0x0000000011d70000, 0x0000000012d70000)
 End Bits:   [0x0000000012d70000, 0x0000000013d70000)

Polling page: 0x00000000001f0000

CodeCache: size=245760Kb used=5833Kb max_used=5833Kb free=239926Kb
 bounds [0x0000000002240000, 0x0000000002800000, 0x0000000011240000]
 total_blobs=1750 nmethods=1486 adapters=178
 compilation: enabled

Compilation events (10 events):
Event: 4.787 Thread 0x000000001496d000 1496       2       com.android.dx.cf.code.OneLocalsArray::set (10 bytes)
Event: 4.788 Thread 0x000000001496d000 nmethod 1496 0x00000000027f4850 code [0x00000000027f49c0, 0x00000000027f4b48]
Event: 4.788 Thread 0x000000001496d000 1497       2       com.android.dx.rop.code.RegisterSpec::getFrameType (10 bytes)
Event: 4.788 Thread 0x000000001496d000 nmethod 1497 0x00000000027f4c10 code [0x00000000027f4d80, 0x00000000027f4f08]
Event: 4.791 Thread 0x000000001496d000 1498       2       com.android.dx.cf.code.BytecodeArray::size (8 bytes)
Event: 4.791 Thread 0x000000001496d000 nmethod 1498 0x00000000027f4f90 code [0x00000000027f50e0, 0x00000000027f5230]
Event: 4.793 Thread 0x000000001496d000 1499       1       com.android.dx.ssa.PhiInsn::getOriginalRopInsn (2 bytes)
Event: 4.793 Thread 0x000000001496d000 nmethod 1499 0x00000000027f52d0 code [0x00000000027f5420, 0x00000000027f5530]
Event: 4.794 Thread 0x000000001496d000 1500  s    2       com.android.dx.dex.file.TypeIdsSection::intern (60 bytes)
Event: 4.795 Thread 0x000000001496d000 nmethod 1500 0x00000000027f5590 code [0x00000000027f5740, 0x00000000027f5d48]

GC Heap History (2 events):
Event: 4.293 GC heap before
{Heap before GC invocations=1 (full 0):
 PSYoungGen      total 38400K, used 33280K [0x00000000eab00000, 0x00000000ed580000, 0x0000000100000000)
  eden space 33280K, 100% used [0x00000000eab00000,0x00000000ecb80000,0x00000000ecb80000)
  from space 5120K, 0% used [0x00000000ed080000,0x00000000ed080000,0x00000000ed580000)
  to   space 5120K, 0% used [0x00000000ecb80000,0x00000000ecb80000,0x00000000ed080000)
 ParOldGen       total 87552K, used 0K [0x00000000c0000000, 0x00000000c5580000, 0x00000000eab00000)
  object space 87552K, 0% used [0x00000000c0000000,0x00000000c0000000,0x00000000c5580000)
 Metaspace       used 5941K, capacity 6896K, committed 7040K, reserved 1056768K
  class space    used 591K, capacity 616K, committed 640K, reserved 1048576K
Event: 4.302 GC heap after
Heap after GC invocations=1 (full 0):
 PSYoungGen      total 38400K, used 5098K [0x00000000eab00000, 0x00000000ed580000, 0x0000000100000000)
  eden space 33280K, 0% used [0x00000000eab00000,0x00000000eab00000,0x00000000ecb80000)
  from space 5120K, 99% used [0x00000000ecb80000,0x00000000ed07aab8,0x00000000ed080000)
  to   space 5120K, 0% used [0x00000000ed080000,0x00000000ed080000,0x00000000ed580000)
 ParOldGen       total 87552K, used 1646K [0x00000000c0000000, 0x00000000c5580000, 0x00000000eab00000)
  object space 87552K, 1% used [0x00000000c0000000,0x00000000c019b8f8,0x00000000c5580000)
 Metaspace       used 5941K, capacity 6896K, committed 7040K, reserved 1056768K
  class space    used 591K, capacity 616K, committed 640K, reserved 1048576K
}

Deoptimization events (8 events):
Event: 4.083 Thread 0x000000001651d800 Uncommon trap: reason=bimorphic action=maybe_recompile pc=0x00000000026c1260 method=java.util.HashMap.putVal(ILjava/lang/Object;Ljava/lang/Object;ZZ)Ljava/lang/Object; @ 91
Event: 4.115 Thread 0x00000000020dd800 Uncommon trap: reason=null_check action=make_not_entrant pc=0x00000000026085cc method=com.android.dx.ssa.SsaRenamer.getLocalForNewReg(I)Lcom/android/dx/rop/code/LocalItem; @ 19
Event: 4.136 Thread 0x000000001651d800 Uncommon trap: reason=bimorphic action=maybe_recompile pc=0x00000000026c1260 method=java.util.HashMap.putVal(ILjava/lang/Object;Ljava/lang/Object;ZZ)Ljava/lang/Object; @ 91
Event: 4.142 Thread 0x000000001651d800 Uncommon trap: reason=null_check action=make_not_entrant pc=0x0000000002640160 method=com.android.dx.rop.type.Type.equals(Ljava/lang/Object;)Z @ 8
Event: 4.340 Thread 0x000000001651d800 Uncommon trap: reason=bimorphic action=maybe_recompile pc=0x00000000026c1260 method=java.util.HashMap.putVal(ILjava/lang/Object;Ljava/lang/Object;ZZ)Ljava/lang/Object; @ 91
Event: 4.340 Thread 0x000000001651d800 Uncommon trap: reason=bimorphic action=maybe_recompile pc=0x00000000026c1260 method=java.util.HashMap.putVal(ILjava/lang/Object;Ljava/lang/Object;ZZ)Ljava/lang/Object; @ 91
Event: 4.696 Thread 0x000000001651d800 Uncommon trap: reason=unreached action=reinterpret pc=0x000000000257e95c method=com.android.dx.rop.cst.Constant.compareTo(Lcom/android/dx/rop/cst/Constant;)I @ 12
Event: 4.748 Thread 0x000000001651d800 Uncommon trap: reason=unreached action=reinterpret pc=0x00000000026fa0ac method=com.android.dx.util.LabeledList.set(ILcom/android/dx/util/LabeledItem;)V @ 16

Internal exceptions (10 events):
Event: 3.410 Thread 0x00000000164a4000 Exception <a 'java/security/PrivilegedActionException'> (0x00000000ebdf1b38) thrown at [D:\re\workspace\8-2-build-windows-amd64-cygwin\jdk8u20\1074\hotspot\src\share\vm\prims\jvm.cpp, line 1275]
Event: 3.435 Thread 0x0000000016424800 Exception <a 'java/security/PrivilegedActionException'> (0x00000000ebbc6eb8) thrown at [D:\re\workspace\8-2-build-windows-amd64-cygwin\jdk8u20\1074\hotspot\src\share\vm\prims\jvm.cpp, line 1275]
Event: 3.446 Thread 0x0000000016424800 Exception <a 'java/security/PrivilegedActionException'> (0x00000000ebeab408) thrown at [D:\re\workspace\8-2-build-windows-amd64-cygwin\jdk8u20\1074\hotspot\src\share\vm\prims\jvm.cpp, line 1275]
Event: 3.461 Thread 0x00000000020dd800 Exception <a 'java/security/PrivilegedActionException'> (0x00000000ebfc8340) thrown at [D:\re\workspace\8-2-build-windows-amd64-cygwin\jdk8u20\1074\hotspot\src\share\vm\prims\jvm.cpp, line 1275]
Event: 3.619 Thread 0x000000001651d800 Exception <a 'java/security/PrivilegedActionException'> (0x00000000ec1e8028) thrown at [D:\re\workspace\8-2-build-windows-amd64-cygwin\jdk8u20\1074\hotspot\src\share\vm\prims\jvm.cpp, line 1275]
Event: 4.026 Thread 0x00000000020dd800 Exception <a 'java/security/PrivilegedActionException'> (0x00000000ec1096e0) thrown at [D:\re\workspace\8-2-build-windows-amd64-cygwin\jdk8u20\1074\hotspot\src\share\vm\prims\jvm.cpp, line 1275]
Event: 4.028 Thread 0x00000000020dd800 Exception <a 'java/security/PrivilegedActionException'> (0x00000000ec10bec8) thrown at [D:\re\workspace\8-2-build-windows-amd64-cygwin\jdk8u20\1074\hotspot\src\share\vm\prims\jvm.cpp, line 1275]
Event: 4.115 Thread 0x00000000020dd800 Implicit null exception at 0x00000000026062f7 to 0x00000000026085a5
Event: 4.142 Thread 0x000000001651d800 Implicit null exception at 0x0000000002640062 to 0x0000000002640152
Event: 4.746 Thread 0x000000001651d800 Exception <a 'java/security/PrivilegedActionException'> (0x00000000ebf8f000) thrown at [D:\re\workspace\8-2-build-windows-amd64-cygwin\jdk8u20\1074\hotspot\src\share\vm\prims\jvm.cpp, line 1275]

Events (10 events):
Event: 4.696 Thread 0x000000001651d800 DEOPT UNPACKING pc=0x000000000228556a sp=0x000000001745e1d0 mode 2
Event: 4.745 loading class com/android/dx/cf/code/Ropper$ExceptionHandlerSetup
Event: 4.745 loading class com/android/dx/cf/code/Ropper$ExceptionHandlerSetup done
Event: 4.746 loading class java/util/HashMap$Values
Event: 4.746 loading class java/util/HashMap$Values done
Event: 4.746 loading class java/util/HashMap$ValueIterator
Event: 4.747 loading class java/util/HashMap$ValueIterator done
Event: 4.748 Thread 0x000000001651d800 Uncommon trap: trap_request=0xffffffad fr.pc=0x00000000026fa0ac
Event: 4.748 Thread 0x000000001651d800 DEOPT PACKING pc=0x00000000026fa0ac sp=0x000000001745e4d0
Event: 4.748 Thread 0x000000001651d800 DEOPT UNPACKING pc=0x000000000228556a sp=0x000000001745e4b8 mode 2


Dynamic libraries:
0x00007ff684e90000 - 0x00007ff684ec4000 	C:\Program Files\Java\jdk1.8.0_20\bin\java.exe
0x00007ffb659a0000 - 0x00007ffb65b61000 	C:\WINDOWS\SYSTEM32\ntdll.dll
0x00007ffb633d0000 - 0x00007ffb6347d000 	C:\WINDOWS\system32\KERNEL32.DLL
0x00007ffb626f0000 - 0x00007ffb628d8000 	C:\WINDOWS\system32\KERNELBASE.dll
0x00007ffb658f0000 - 0x00007ffb65997000 	C:\WINDOWS\system32\ADVAPI32.dll
0x00007ffb65420000 - 0x00007ffb654bd000 	C:\WINDOWS\system32\msvcrt.dll
0x00007ffb62d80000 - 0x00007ffb62ddb000 	C:\WINDOWS\system32\sechost.dll
0x00007ffb63750000 - 0x00007ffb6386c000 	C:\WINDOWS\system32\RPCRT4.dll
0x00007ffb652c0000 - 0x00007ffb65416000 	C:\WINDOWS\system32\USER32.dll
0x00007ffb63550000 - 0x00007ffb636d6000 	C:\WINDOWS\system32\GDI32.dll
0x00007ffb57250000 - 0x00007ffb574c4000 	C:\WINDOWS\WinSxS\amd64_microsoft.windows.common-controls_6595b64144ccf1df_6.0.10586.0_none_8c15ae12515e1c22\COMCTL32.dll
0x00007ffb65040000 - 0x00007ffb652bd000 	C:\WINDOWS\system32\combase.dll
0x00007ffb62680000 - 0x00007ffb626ea000 	C:\WINDOWS\system32\bcryptPrimitives.dll
0x00007ffb63870000 - 0x00007ffb638ab000 	C:\WINDOWS\system32\IMM32.DLL
0x0000000071060000 - 0x0000000071132000 	C:\Program Files\Java\jdk1.8.0_20\jre\bin\msvcr100.dll
0x0000000070800000 - 0x0000000071058000 	C:\Program Files\Java\jdk1.8.0_20\jre\bin\server\jvm.dll
0x00007ffb64f70000 - 0x00007ffb64f78000 	C:\WINDOWS\system32\PSAPI.DLL
0x00007ffb58000000 - 0x00007ffb58009000 	C:\WINDOWS\SYSTEM32\WSOCK32.dll
0x00007ffb631e0000 - 0x00007ffb6324b000 	C:\WINDOWS\system32\WS2_32.dll
0x00007ffb60720000 - 0x00007ffb60743000 	C:\WINDOWS\SYSTEM32\WINMM.dll
0x00007ffb60670000 - 0x00007ffb6069c000 	C:\WINDOWS\SYSTEM32\WINMMBASE.dll
0x00007ffb62d10000 - 0x00007ffb62d53000 	C:\WINDOWS\system32\cfgmgr32.dll
0x00000000707f0000 - 0x00000000707ff000 	C:\Program Files\Java\jdk1.8.0_20\jre\bin\verify.dll
0x00000000707c0000 - 0x00000000707e8000 	C:\Program Files\Java\jdk1.8.0_20\jre\bin\java.dll
0x00000000707a0000 - 0x00000000707b6000 	C:\Program Files\Java\jdk1.8.0_20\jre\bin\zip.dll
0x00007ffb638b0000 - 0x00007ffb64e0c000 	C:\WINDOWS\system32\SHELL32.dll
0x00007ffb62030000 - 0x00007ffb62675000 	C:\WINDOWS\system32\windows.storage.dll
0x00007ffb64f80000 - 0x00007ffb64fd2000 	C:\WINDOWS\system32\shlwapi.dll
0x00007ffb61fc0000 - 0x00007ffb61fcf000 	C:\WINDOWS\system32\kernel.appcore.dll
0x00007ffb62ba0000 - 0x00007ffb62c55000 	C:\WINDOWS\system32\shcore.dll
0x00007ffb61fe0000 - 0x00007ffb6202b000 	C:\WINDOWS\system32\powrprof.dll
0x00007ffb61fa0000 - 0x00007ffb61fb4000 	C:\WINDOWS\system32\profapi.dll

VM Arguments:
jvm_args: -Djava.awt.headless=true -Xmx1024M -Dfile.encoding=windows-1252 -Duser.country=US -Duser.language=en -Duser.variant 
java_command: com.android.dx.command.Main --dex --num-threads=4 --output C:\Users\admin\Documents\GitHub\ShaneelSD\SoftwareDesign\FindMeTutor\FindMeTutor\tutor_app\build\intermediates\pre-dexed\debug\com.android.support-design-24.2.0_6252bfcefac818a58ac3a29483178c173f7d941a.jar C:\Users\admin\Documents\GitHub\ShaneelSD\SoftwareDesign\FindMeTutor\FindMeTutor\tutor_app\build\intermediates\exploded-aar\com.android.support\design\24.2.0\jars\classes.jar
java_class_path (initial): C:\Users\admin\AppData\Local\Android\sdk\build-tools\24.0.1\lib\dx.jar
Launcher Type: SUN_STANDARD

Environment Variables:
PATH=C:\ProgramData\Oracle\Java\javapath;C:\Program Files (x86)\Intel\iCLS Client\;C:\Program Files\Intel\iCLS Client\;C:\WINDOWS\system32;C:\WINDOWS;C:\WINDOWS\System32\Wbem;C:\WINDOWS\System32\WindowsPowerShell\v1.0\;C:\Program Files\Intel\Intel(R) Management Engine Components\DAL;C:\Program Files\Intel\Intel(R) Management Engine Components\IPT;C:\Program Files (x86)\Intel\Intel(R) Management Engine Components\DAL;C:\Program Files (x86)\Intel\Intel(R) Management Engine Components\IPT;C:\Program Files\WIDCOMM\Bluetooth Software\;C:\Program Files\WIDCOMM\Bluetooth Software\syswow64;C:\Program Files (x86)\Intel\OpenCL SDK\2.0\bin\x86;C:\Program Files (x86)\Intel\OpenCL SDK\2.0\bin\x64;C:\Program Files\Intel\WiFi\bin\;C:\Program Files\Common Files\Intel\WirelessCommon\;c:\Program Files (x86)\Microsoft SQL Server\100\Tools\Binn\;c:\Program Files\Microsoft SQL Server\100\Tools\Binn\;c:\Program Files\Microsoft SQL Server\100\DTS\Binn\;C:\Program Files (x86)\MySQL\MySQL Fabric 1.5.4 & MySQL Utilities 1.5.4 1.5\;C:\Program Files (x86)\MySQL\MySQL Fabric 1.5.4 & MySQL Utilities 1.5.4 1.5\Doctrine extensions for PHP\;C:\Program Files (x86)\Borland\Delphi7\Bin;C:\Program Files (x86)\Borland\Delphi7\Projects\Bpl;C:\Program Files (x86)\Borland\Delphi7\Rave5;C:\Program Files\Git\cmd;C:\Program Files\Intel\WiFi\bin\;C:\Program Files\Common Files\Intel\WirelessCommon\
USERNAME=admin
OS=Windows_NT
PROCESSOR_IDENTIFIER=Intel64 Family 6 Model 58 Stepping 9, GenuineIntel



---------------  S Y S T E M  ---------------

OS: Windows 8.1 , 64 bit Build 9600 

CPU:total 4 (2 cores per cpu, 2 threads per core) family 6 model 58 stepping 9, cmov, cx8, fxsr, mmx, sse, sse2, sse3, ssse3, sse4.1, sse4.2, popcnt, avx, aes, clmul, erms, ht, tsc, tscinvbit, tscinv

Memory: 4k page, physical 8258576k(2061060k free), swap 10306576k(5236k free)

vm_info: Java HotSpot(TM) 64-Bit Server VM (25.20-b23) for windows-amd64 JRE (1.8.0_20-b26), built on Jul 30 2014 13:51:23 by "java_re" with MS VC++ 10.0 (VS2010)

time: Thu Sep 08 20:10:36 2016
elapsed time: 4 seconds (0d 0h 0m 4s)

