#
# There is insufficient memory for the Java Runtime Environment to continue.
# Native memory allocation (malloc) failed to allocate 131088 bytes for Chunk::new
# Possible reasons:
#   The system is out of physical RAM or swap space
#   In 32 bit mode, the process size limit was hit
# Possible solutions:
#   Reduce memory load on the system
#   Increase physical memory or swap space
#   Check if swap backing store is full
#   Use 64 bit Java on a 64 bit OS
#   Decrease Java heap size (-Xmx/-Xms)
#   Decrease number of Java threads
#   Decrease Java thread stack sizes (-Xss)
#   Set larger code cache with -XX:ReservedCodeCacheSize=
# This output file may be truncated or incomplete.
#
#  Out of Memory Error (allocation.cpp:390), pid=3632, tid=4080
#
# JRE version: Java(TM) SE Runtime Environment (8.0_20-b26) (build 1.8.0_20-b26)
# Java VM: Java HotSpot(TM) 64-Bit Server VM (25.20-b23 mixed mode windows-amd64 compressed oops)
# Failed to write core dump. Minidumps are not enabled by default on client versions of Windows
#

---------------  T H R E A D  ---------------

Current thread (0x0000000014ade000):  JavaThread "C2 CompilerThread0" daemon [_thread_in_native, id=4080, stack(0x0000000016050000,0x0000000016150000)]

Stack: [0x0000000016050000,0x0000000016150000]
Native frames: (J=compiled Java code, j=interpreted, Vv=VM code, C=native code)
V  [jvm.dll+0x3152fa]


Current CompileTask:
C2:   4146 1927       4       com.android.dx.ssa.SCCP::simulatePhi (169 bytes)


---------------  P R O C E S S  ---------------

Java Threads: ( => current thread )
  0x0000000016dcb000 JavaThread "pool-2-thread-4" [_thread_in_Java, id=232, stack(0x0000000018520000,0x0000000018620000)]
  0x0000000016702800 JavaThread "pool-2-thread-3" [_thread_in_Java, id=14024, stack(0x0000000018420000,0x0000000018520000)]
  0x0000000016701800 JavaThread "pool-2-thread-2" [_thread_in_Java, id=13504, stack(0x0000000018320000,0x0000000018420000)]
  0x0000000016e32000 JavaThread "pool-3-thread-1" [_thread_blocked, id=14004, stack(0x0000000018220000,0x0000000018320000)]
  0x0000000016ea9800 JavaThread "pool-2-thread-1" [_thread_in_Java, id=12472, stack(0x0000000018120000,0x0000000018220000)]
  0x000000001637c800 JavaThread "Service Thread" daemon [_thread_blocked, id=8812, stack(0x0000000016750000,0x0000000016850000)]
  0x0000000014ae7000 JavaThread "C1 CompilerThread2" daemon [_thread_blocked, id=13536, stack(0x0000000016250000,0x0000000016350000)]
  0x0000000014ae0000 JavaThread "C2 CompilerThread1" daemon [_thread_in_native, id=6364, stack(0x0000000016150000,0x0000000016250000)]
=>0x0000000014ade000 JavaThread "C2 CompilerThread0" daemon [_thread_in_native, id=4080, stack(0x0000000016050000,0x0000000016150000)]
  0x0000000014adb800 JavaThread "Attach Listener" daemon [_thread_blocked, id=12884, stack(0x0000000015f50000,0x0000000016050000)]
  0x0000000014ada000 JavaThread "Signal Dispatcher" daemon [_thread_blocked, id=13108, stack(0x0000000015e50000,0x0000000015f50000)]
  0x0000000002295000 JavaThread "Finalizer" daemon [_thread_blocked, id=6832, stack(0x0000000015d50000,0x0000000015e50000)]
  0x0000000014aa8000 JavaThread "Reference Handler" daemon [_thread_blocked, id=5736, stack(0x0000000015c50000,0x0000000015d50000)]
  0x000000000256d800 JavaThread "main" [_thread_in_native, id=11872, stack(0x0000000000970000,0x0000000000a70000)]

Other Threads:
  0x0000000014aa6000 VMThread [stack: 0x0000000015b50000,0x0000000015c50000] [id=7772]
  0x000000001637f800 WatcherThread [stack: 0x0000000016850000,0x0000000016950000] [id=11716]

VM state:not at safepoint (normal execution)

VM Mutex/Monitor currently owned by a thread: None

Heap:
 PSYoungGen      total 283648K, used 61933K [0x00000000eab00000, 0x00000000ffd00000, 0x0000000100000000)
  eden space 251904K, 11% used [0x00000000eab00000,0x00000000ec87b4f0,0x00000000fa100000)
  from space 31744K, 99% used [0x00000000fca00000,0x00000000fe8fff70,0x00000000fe900000)
  to   space 41984K, 0% used [0x00000000fa100000,0x00000000fa100000,0x00000000fca00000)
 ParOldGen       total 87552K, used 44485K [0x00000000c0000000, 0x00000000c5580000, 0x00000000eab00000)
  object space 87552K, 50% used [0x00000000c0000000,0x00000000c2b71738,0x00000000c5580000)
 Metaspace       used 6491K, capacity 7320K, committed 7680K, reserved 1056768K
  class space    used 614K, capacity 656K, committed 768K, reserved 1048576K

Card table byte_map: [0x0000000011930000,0x0000000011b40000] byte_map_base: 0x0000000011330000

Marking Bits: (ParMarkBitMap*) 0x00000000526eb460
 Begin Bits: [0x0000000011f40000, 0x0000000012f40000)
 End Bits:   [0x0000000012f40000, 0x0000000013f40000)

Polling page: 0x00000000001f0000

CodeCache: size=245760Kb used=8567Kb max_used=8574Kb free=237192Kb
 bounds [0x0000000002570000, 0x0000000002de0000, 0x0000000011570000]
 total_blobs=2313 nmethods=2048 adapters=178
 compilation: enabled

Compilation events (10 events):
Event: 4.045 Thread 0x0000000014ade000 nmethod 1946 0x0000000002db27d0 code [0x0000000002db2960, 0x0000000002db2ea8]
Event: 4.045 Thread 0x0000000014ade000 1927       4       com.android.dx.ssa.SCCP::simulatePhi (169 bytes)
Event: 4.050 Thread 0x0000000014ae7000 2125       2       com.android.dx.ssa.SsaConverter::edgeSplitMoveExceptionsAndResults (157 bytes)
Event: 4.051 Thread 0x0000000014ae7000 nmethod 2125 0x0000000002db0a90 code [0x0000000002db0d20, 0x0000000002db15a8]
Event: 4.071 Thread 0x0000000014ae7000 2128       2       com.android.dx.ssa.DomFront::calcDomFronts (154 bytes)
Event: 4.072 Thread 0x0000000014ae7000 nmethod 2128 0x0000000002db43d0 code [0x0000000002db45c0, 0x0000000002db4be8]
Event: 4.094 Thread 0x0000000014ae7000 2129       2       com.android.dx.dex.file.AnnotationsDirectoryItem::addParameterAnnotations (37 bytes)
Event: 4.094 Thread 0x0000000014ae7000 nmethod 2129 0x0000000002db0290 code [0x0000000002db0420, 0x0000000002db07d8]
Event: 4.118 Thread 0x0000000014ae7000 2131       2       java.util.concurrent.ArrayBlockingQueue::dequeue (75 bytes)
Event: 4.119 Thread 0x0000000014ae7000 nmethod 2131 0x0000000002dafbd0 code [0x0000000002dafd60, 0x0000000002db0078]

GC Heap History (10 events):
Event: 1.583 GC heap before
{Heap before GC invocations=4 (full 0):
 PSYoungGen      total 38400K, used 38386K [0x00000000eab00000, 0x00000000ef600000, 0x0000000100000000)
  eden space 33280K, 100% used [0x00000000eab00000,0x00000000ecb80000,0x00000000ecb80000)
  from space 5120K, 99% used [0x00000000ecb80000,0x00000000ed07cb60,0x00000000ed080000)
  to   space 5120K, 0% used [0x00000000ef100000,0x00000000ef100000,0x00000000ef600000)
 ParOldGen       total 87552K, used 5865K [0x00000000c0000000, 0x00000000c5580000, 0x00000000eab00000)
  object space 87552K, 6% used [0x00000000c0000000,0x00000000c05ba580,0x00000000c5580000)
 Metaspace       used 6269K, capacity 7152K, committed 7296K, reserved 1056768K
  class space    used 593K, capacity 616K, committed 640K, reserved 1048576K
Event: 1.603 GC heap after
Heap after GC invocations=4 (full 0):
 PSYoungGen      total 71680K, used 5110K [0x00000000eab00000, 0x00000000ef600000, 0x0000000100000000)
  eden space 66560K, 0% used [0x00000000eab00000,0x00000000eab00000,0x00000000eec00000)
  from space 5120K, 99% used [0x00000000ef100000,0x00000000ef5fda90,0x00000000ef600000)
  to   space 5120K, 0% used [0x00000000eec00000,0x00000000eec00000,0x00000000ef100000)
 ParOldGen       total 87552K, used 11358K [0x00000000c0000000, 0x00000000c5580000, 0x00000000eab00000)
  object space 87552K, 12% used [0x00000000c0000000,0x00000000c0b17838,0x00000000c5580000)
 Metaspace       used 6269K, capacity 7152K, committed 7296K, reserved 1056768K
  class space    used 593K, capacity 616K, committed 640K, reserved 1048576K
}
Event: 2.007 GC heap before
{Heap before GC invocations=5 (full 0):
 PSYoungGen      total 71680K, used 71670K [0x00000000eab00000, 0x00000000ef600000, 0x0000000100000000)
  eden space 66560K, 100% used [0x00000000eab00000,0x00000000eec00000,0x00000000eec00000)
  from space 5120K, 99% used [0x00000000ef100000,0x00000000ef5fda90,0x00000000ef600000)
  to   space 5120K, 0% used [0x00000000eec00000,0x00000000eec00000,0x00000000ef100000)
 ParOldGen       total 87552K, used 11358K [0x00000000c0000000, 0x00000000c5580000, 0x00000000eab00000)
  object space 87552K, 12% used [0x00000000c0000000,0x00000000c0b17838,0x00000000c5580000)
 Metaspace       used 6382K, capacity 7192K, committed 7424K, reserved 1056768K
  class space    used 613K, capacity 656K, committed 768K, reserved 1048576K
Event: 2.030 GC heap after
Heap after GC invocations=5 (full 0):
 PSYoungGen      total 71680K, used 5103K [0x00000000eab00000, 0x00000000f5300000, 0x0000000100000000)
  eden space 66560K, 0% used [0x00000000eab00000,0x00000000eab00000,0x00000000eec00000)
  from space 5120K, 99% used [0x00000000eec00000,0x00000000ef0fbe28,0x00000000ef100000)
  to   space 19456K, 0% used [0x00000000f4000000,0x00000000f4000000,0x00000000f5300000)
 ParOldGen       total 87552K, used 22634K [0x00000000c0000000, 0x00000000c5580000, 0x00000000eab00000)
  object space 87552K, 25% used [0x00000000c0000000,0x00000000c161a820,0x00000000c5580000)
 Metaspace       used 6382K, capacity 7192K, committed 7424K, reserved 1056768K
  class space    used 613K, capacity 656K, committed 768K, reserved 1048576K
}
Event: 2.389 GC heap before
{Heap before GC invocations=6 (full 0):
 PSYoungGen      total 71680K, used 71663K [0x00000000eab00000, 0x00000000f5300000, 0x0000000100000000)
  eden space 66560K, 100% used [0x00000000eab00000,0x00000000eec00000,0x00000000eec00000)
  from space 5120K, 99% used [0x00000000eec00000,0x00000000ef0fbe28,0x00000000ef100000)
  to   space 19456K, 0% used [0x00000000f4000000,0x00000000f4000000,0x00000000f5300000)
 ParOldGen       total 87552K, used 22634K [0x00000000c0000000, 0x00000000c5580000, 0x00000000eab00000)
  object space 87552K, 25% used [0x00000000c0000000,0x00000000c161a820,0x00000000c5580000)
 Metaspace       used 6402K, capacity 7256K, committed 7424K, reserved 1056768K
  class space    used 613K, capacity 656K, committed 768K, reserved 1048576K
Event: 2.414 GC heap after
Heap after GC invocations=6 (full 0):
 PSYoungGen      total 150528K, used 15615K [0x00000000eab00000, 0x00000000f5700000, 0x0000000100000000)
  eden space 131072K, 0% used [0x00000000eab00000,0x00000000eab00000,0x00000000f2b00000)
  from space 19456K, 80% used [0x00000000f4000000,0x00000000f4f3fe08,0x00000000f5300000)
  to   space 21504K, 0% used [0x00000000f2b00000,0x00000000f2b00000,0x00000000f4000000)
 ParOldGen       total 87552K, used 22642K [0x00000000c0000000, 0x00000000c5580000, 0x00000000eab00000)
  object space 87552K, 25% used [0x00000000c0000000,0x00000000c161c820,0x00000000c5580000)
 Metaspace       used 6402K, capacity 7256K, committed 7424K, reserved 1056768K
  class space    used 613K, capacity 656K, committed 768K, reserved 1048576K
}
Event: 3.229 GC heap before
{Heap before GC invocations=7 (full 0):
 PSYoungGen      total 150528K, used 146687K [0x00000000eab00000, 0x00000000f5700000, 0x0000000100000000)
  eden space 131072K, 100% used [0x00000000eab00000,0x00000000f2b00000,0x00000000f2b00000)
  from space 19456K, 80% used [0x00000000f4000000,0x00000000f4f3fe08,0x00000000f5300000)
  to   space 21504K, 0% used [0x00000000f2b00000,0x00000000f2b00000,0x00000000f4000000)
 ParOldGen       total 87552K, used 22642K [0x00000000c0000000, 0x00000000c5580000, 0x00000000eab00000)
  object space 87552K, 25% used [0x00000000c0000000,0x00000000c161c820,0x00000000c5580000)
 Metaspace       used 6464K, capacity 7256K, committed 7424K, reserved 1056768K
  class space    used 614K, capacity 656K, committed 768K, reserved 1048576K
Event: 3.293 GC heap after
Heap after GC invocations=7 (full 0):
 PSYoungGen      total 152576K, used 21503K [0x00000000eab00000, 0x00000000fe900000, 0x0000000100000000)
  eden space 131072K, 0% used [0x00000000eab00000,0x00000000eab00000,0x00000000f2b00000)
  from space 21504K, 99% used [0x00000000f2b00000,0x00000000f3fffc58,0x00000000f4000000)
  to   space 31744K, 0% used [0x00000000fca00000,0x00000000fca00000,0x00000000fe900000)
 ParOldGen       total 87552K, used 35015K [0x00000000c0000000, 0x00000000c5580000, 0x00000000eab00000)
  object space 87552K, 39% used [0x00000000c0000000,0x00000000c2231cc8,0x00000000c5580000)
 Metaspace       used 6464K, capacity 7256K, committed 7424K, reserved 1056768K
  class space    used 614K, capacity 656K, committed 768K, reserved 1048576K
}
Event: 3.949 GC heap before
{Heap before GC invocations=8 (full 0):
 PSYoungGen      total 152576K, used 152575K [0x00000000eab00000, 0x00000000fe900000, 0x0000000100000000)
  eden space 131072K, 100% used [0x00000000eab00000,0x00000000f2b00000,0x00000000f2b00000)
  from space 21504K, 99% used [0x00000000f2b00000,0x00000000f3fffc58,0x00000000f4000000)
  to   space 31744K, 0% used [0x00000000fca00000,0x00000000fca00000,0x00000000fe900000)
 ParOldGen       total 87552K, used 35015K [0x00000000c0000000, 0x00000000c5580000, 0x00000000eab00000)
  object space 87552K, 39% used [0x00000000c0000000,0x00000000c2231cc8,0x00000000c5580000)
 Metaspace       used 6491K, capacity 7320K, committed 7680K, reserved 1056768K
  class space    used 614K, capacity 656K, committed 768K, reserved 1048576K
Event: 4.020 GC heap after
Heap after GC invocations=8 (full 0):
 PSYoungGen      total 283648K, used 31743K [0x00000000eab00000, 0x00000000ffd00000, 0x0000000100000000)
  eden space 251904K, 0% used [0x00000000eab00000,0x00000000eab00000,0x00000000fa100000)
  from space 31744K, 99% used [0x00000000fca00000,0x00000000fe8fff70,0x00000000fe900000)
  to   space 41984K, 0% used [0x00000000fa100000,0x00000000fa100000,0x00000000fca00000)
 ParOldGen       total 87552K, used 44485K [0x00000000c0000000, 0x00000000c5580000, 0x00000000eab00000)
  object space 87552K, 50% used [0x00000000c0000000,0x00000000c2b71738,0x00000000c5580000)
 Metaspace       used 6491K, capacity 7320K, committed 7680K, reserved 1056768K
  class space    used 614K, capacity 656K, committed 768K, reserved 1048576K
}

Deoptimization events (10 events):
Event: 2.058 Thread 0x0000000016702800 Uncommon trap: reason=bimorphic action=maybe_recompile pc=0x0000000002c993f8 method=com.android.dx.rop.code.RegisterSpec.withSimpleType()Lcom/android/dx/rop/code/RegisterSpec; @ 21
Event: 2.196 Thread 0x0000000016702800 Uncommon trap: reason=unreached action=reinterpret pc=0x0000000002c8e1d8 method=com.android.dx.ssa.SCCP.simulateBranch(Lcom/android/dx/ssa/SsaInsn;)V @ 132
Event: 2.302 Thread 0x0000000016ea9800 Uncommon trap: reason=bimorphic action=maybe_recompile pc=0x0000000002c4b314 method=com.android.dx.cf.code.BytecodeArray.parseInstruction(ILcom/android/dx/cf/code/BytecodeArray$Visitor;)I @ 1501
Event: 2.304 Thread 0x0000000016ea9800 Uncommon trap: reason=bimorphic action=maybe_recompile pc=0x0000000002c4b314 method=com.android.dx.cf.code.BytecodeArray.parseInstruction(ILcom/android/dx/cf/code/BytecodeArray$Visitor;)I @ 1501
Event: 2.335 Thread 0x000000000256d800 Uncommon trap: reason=bimorphic action=maybe_recompile pc=0x0000000002c993f8 method=com.android.dx.rop.code.RegisterSpec.withSimpleType()Lcom/android/dx/rop/code/RegisterSpec; @ 21
Event: 2.335 Thread 0x000000000256d800 Uncommon trap: reason=bimorphic action=maybe_recompile pc=0x0000000002c993f8 method=com.android.dx.rop.code.RegisterSpec.withSimpleType()Lcom/android/dx/rop/code/RegisterSpec; @ 21
Event: 2.625 Thread 0x0000000016701800 Uncommon trap: reason=unreached action=reinterpret pc=0x00000000029fd61c method=com.android.dx.ssa.SsaMethod.updateOneDefinition(Lcom/android/dx/ssa/SsaInsn;Lcom/android/dx/rop/code/RegisterSpec;)V @ 4
Event: 3.021 Thread 0x0000000016dcb000 Uncommon trap: reason=bimorphic action=maybe_recompile pc=0x0000000002d3be88 method=com.android.dx.cf.code.BytecodeArray.parseInstruction(ILcom/android/dx/cf/code/BytecodeArray$Visitor;)I @ 1161
Event: 3.021 Thread 0x0000000016dcb000 Uncommon trap: reason=bimorphic action=maybe_recompile pc=0x0000000002d3bc58 method=com.android.dx.cf.code.BytecodeArray.parseInstruction(ILcom/android/dx/cf/code/BytecodeArray$Visitor;)I @ 1035
Event: 3.021 Thread 0x0000000016dcb000 Uncommon trap: reason=bimorphic action=maybe_recompile pc=0x0000000002d3be88 method=com.android.dx.cf.code.BytecodeArray.parseInstruction(ILcom/android/dx/cf/code/BytecodeArray$Visitor;)I @ 1161

Internal exceptions (10 events):
Event: 0.822 Thread 0x0000000016701800 Implicit null exception at 0x0000000002952ae2 to 0x0000000002952be1
Event: 0.844 Thread 0x0000000016ea9800 Exception <a 'java/security/PrivilegedActionException'> (0x00000000ec9158b8) thrown at [D:\re\workspace\8-2-build-windows-amd64-cygwin\jdk8u20\1074\hotspot\src\share\vm\prims\jvm.cpp, line 1275]
Event: 1.013 Thread 0x000000000256d800 Exception <a 'java/security/PrivilegedActionException'> (0x00000000eb3cd360) thrown at [D:\re\workspace\8-2-build-windows-amd64-cygwin\jdk8u20\1074\hotspot\src\share\vm\prims\jvm.cpp, line 1275]
Event: 1.420 Thread 0x0000000016ea9800 Implicit null exception at 0x0000000002942676 to 0x0000000002944a5d
Event: 1.644 Thread 0x0000000016dcb000 Implicit null exception at 0x0000000002b4eb18 to 0x0000000002b4ec85
Event: 1.668 Thread 0x000000000256d800 Exception <a 'java/security/PrivilegedActionException'> (0x00000000eb6a1620) thrown at [D:\re\workspace\8-2-build-windows-amd64-cygwin\jdk8u20\1074\hotspot\src\share\vm\prims\jvm.cpp, line 1275]
Event: 1.695 Thread 0x0000000016701800 Exception <a 'java/lang/ArrayIndexOutOfBoundsException': 18> (0x00000000ebb9ad40) thrown at [D:\re\workspace\8-2-build-windows-amd64-cygwin\jdk8u20\1074\hotspot\src\share\vm\interpreter\interpreterRuntime.cpp, line 366]
Event: 1.695 Thread 0x0000000016701800 Exception <a 'java/lang/ArrayIndexOutOfBoundsException': 145> (0x00000000ebb9c7d8) thrown at [D:\re\workspace\8-2-build-windows-amd64-cygwin\jdk8u20\1074\hotspot\src\share\vm\interpreter\interpreterRuntime.cpp, line 366]
Event: 1.696 Thread 0x0000000016701800 Exception <a 'java/lang/ArrayIndexOutOfBoundsException'> (0x00000000ebb9d9f0) thrown at [D:\re\workspace\8-2-build-windows-amd64-cygwin\jdk8u20\1074\hotspot\src\share\vm\runtime\sharedRuntime.cpp, line 604]
Event: 2.625 Thread 0x0000000016701800 Exception <a 'java/security/PrivilegedActionException'> (0x00000000ecf376b8) thrown at [D:\re\workspace\8-2-build-windows-amd64-cygwin\jdk8u20\1074\hotspot\src\share\vm\prims\jvm.cpp, line 1275]

Events (10 events):
Event: 3.229 Executing VM operation: ParallelGCFailedAllocation
Event: 3.293 Executing VM operation: ParallelGCFailedAllocation done
Event: 3.949 Executing VM operation: ParallelGCFailedAllocation
Event: 4.020 Executing VM operation: ParallelGCFailedAllocation done
Event: 4.051 Thread 0x0000000016dcb000 DEOPT PACKING pc=0x0000000002a4bc65 sp=0x000000001861eae0
Event: 4.051 Thread 0x0000000016dcb000 DEOPT UNPACKING pc=0x00000000025b75bf sp=0x000000001861e818 mode 0
Event: 4.072 Thread 0x0000000016702800 DEOPT PACKING pc=0x0000000002ae9724 sp=0x000000001851e780
Event: 4.072 Thread 0x0000000016702800 DEOPT UNPACKING pc=0x00000000025b75bf sp=0x000000001851e490 mode 0
Event: 4.076 Executing VM operation: EnableBiasedLocking
Event: 4.077 Executing VM operation: EnableBiasedLocking done


Dynamic libraries:
0x00007ff6f3f70000 - 0x00007ff6f3fa4000 	C:\Program Files\Java\jdk1.8.0_20\bin\java.exe
0x00007ff93f900000 - 0x00007ff93fac1000 	C:\WINDOWS\SYSTEM32\ntdll.dll
0x00007ff93ef20000 - 0x00007ff93efcd000 	C:\WINDOWS\system32\KERNEL32.DLL
0x00007ff93c890000 - 0x00007ff93ca78000 	C:\WINDOWS\system32\KERNELBASE.dll
0x00007ff93e580000 - 0x00007ff93e627000 	C:\WINDOWS\system32\ADVAPI32.dll
0x00007ff93f5c0000 - 0x00007ff93f65d000 	C:\WINDOWS\system32\msvcrt.dll
0x00007ff93cce0000 - 0x00007ff93cd3b000 	C:\WINDOWS\system32\sechost.dll
0x00007ff93f3c0000 - 0x00007ff93f4dc000 	C:\WINDOWS\system32\RPCRT4.dll
0x00007ff93f7a0000 - 0x00007ff93f8f6000 	C:\WINDOWS\system32\USER32.dll
0x00007ff93ce90000 - 0x00007ff93d016000 	C:\WINDOWS\system32\GDI32.dll
0x00007ff930e40000 - 0x00007ff9310b4000 	C:\WINDOWS\WinSxS\amd64_microsoft.windows.common-controls_6595b64144ccf1df_6.0.10586.0_none_8c15ae12515e1c22\COMCTL32.dll
0x00007ff93efd0000 - 0x00007ff93f24d000 	C:\WINDOWS\system32\combase.dll
0x00007ff93cae0000 - 0x00007ff93cb4a000 	C:\WINDOWS\system32\bcryptPrimitives.dll
0x00007ff93eee0000 - 0x00007ff93ef1b000 	C:\WINDOWS\system32\IMM32.DLL
0x0000000052770000 - 0x0000000052842000 	C:\Program Files\Java\jdk1.8.0_20\jre\bin\msvcr100.dll
0x0000000051f10000 - 0x0000000052768000 	C:\Program Files\Java\jdk1.8.0_20\jre\bin\server\jvm.dll
0x00007ff93ebe0000 - 0x00007ff93ebe8000 	C:\WINDOWS\system32\PSAPI.DLL
0x00007ff93a630000 - 0x00007ff93a653000 	C:\WINDOWS\SYSTEM32\WINMM.dll
0x00007ff92eb70000 - 0x00007ff92eb79000 	C:\WINDOWS\SYSTEM32\WSOCK32.dll
0x00007ff93f4e0000 - 0x00007ff93f54b000 	C:\WINDOWS\system32\WS2_32.dll
0x00007ff93a600000 - 0x00007ff93a62c000 	C:\WINDOWS\SYSTEM32\WINMMBASE.dll
0x00007ff93cc90000 - 0x00007ff93ccd3000 	C:\WINDOWS\system32\cfgmgr32.dll
0x0000000051f00000 - 0x0000000051f0f000 	C:\Program Files\Java\jdk1.8.0_20\jre\bin\verify.dll
0x0000000051ed0000 - 0x0000000051ef8000 	C:\Program Files\Java\jdk1.8.0_20\jre\bin\java.dll
0x0000000051eb0000 - 0x0000000051ec6000 	C:\Program Files\Java\jdk1.8.0_20\jre\bin\zip.dll
0x00007ff93d020000 - 0x00007ff93e57c000 	C:\WINDOWS\system32\SHELL32.dll
0x00007ff93c240000 - 0x00007ff93c885000 	C:\WINDOWS\system32\windows.storage.dll
0x00007ff93f250000 - 0x00007ff93f2a2000 	C:\WINDOWS\system32\shlwapi.dll
0x00007ff93bf00000 - 0x00007ff93bf0f000 	C:\WINDOWS\system32\kernel.appcore.dll
0x00007ff93c160000 - 0x00007ff93c215000 	C:\WINDOWS\system32\shcore.dll
0x00007ff93bf20000 - 0x00007ff93bf6b000 	C:\WINDOWS\system32\powrprof.dll
0x00007ff93bf70000 - 0x00007ff93bf84000 	C:\WINDOWS\system32\profapi.dll
0x00007ff92e2a0000 - 0x00007ff92e42c000 	C:\WINDOWS\SYSTEM32\dbghelp.dll

VM Arguments:
jvm_args: -Djava.awt.headless=true -Xmx1024M -Dfile.encoding=windows-1252 -Duser.country=US -Duser.language=en -Duser.variant 
java_command: com.android.dx.command.Main --dex --num-threads=4 --multi-dex --main-dex-list C:\Users\admin\Documents\GitHub\ShaneelSD\SoftwareDesign\FindMeTutor\FindMeTutor\tutor_app\build\intermediates\multi-dex\debug\maindexlist.txt --output C:\Users\admin\Documents\GitHub\ShaneelSD\SoftwareDesign\FindMeTutor\FindMeTutor\tutor_app\build\intermediates\transforms\dex\debug\folders\1000\1f\main C:\Users\admin\Documents\GitHub\ShaneelSD\SoftwareDesign\FindMeTutor\FindMeTutor\tutor_app\build\intermediates\transforms\jarMerging\debug\jars\1\1f\combined.jar
java_class_path (initial): C:\Users\admin\AppData\Local\Android\sdk\build-tools\24.0.1\lib\dx.jar
Launcher Type: SUN_STANDARD

Environment Variables:
PATH=C:\ProgramData\Oracle\Java\javapath;C:\Program Files (x86)\Intel\iCLS Client\;C:\Program Files\Intel\iCLS Client\;C:\WINDOWS\system32;C:\WINDOWS;C:\WINDOWS\System32\Wbem;C:\WINDOWS\System32\WindowsPowerShell\v1.0\;C:\Program Files\Intel\Intel(R) Management Engine Components\DAL;C:\Program Files\Intel\Intel(R) Management Engine Components\IPT;C:\Program Files (x86)\Intel\Intel(R) Management Engine Components\DAL;C:\Program Files (x86)\Intel\Intel(R) Management Engine Components\IPT;C:\Program Files\WIDCOMM\Bluetooth Software\;C:\Program Files\WIDCOMM\Bluetooth Software\syswow64;C:\Program Files (x86)\Intel\OpenCL SDK\2.0\bin\x86;C:\Program Files (x86)\Intel\OpenCL SDK\2.0\bin\x64;C:\Program Files\Intel\WiFi\bin\;C:\Program Files\Common Files\Intel\WirelessCommon\;c:\Program Files (x86)\Microsoft SQL Server\100\Tools\Binn\;c:\Program Files\Microsoft SQL Server\100\Tools\Binn\;c:\Program Files\Microsoft SQL Server\100\DTS\Binn\;C:\Program Files (x86)\MySQL\MySQL Fabric 1.5.4 & MySQL Utilities 1.5.4 1.5\;C:\Program Files (x86)\MySQL\MySQL Fabric 1.5.4 & MySQL Utilities 1.5.4 1.5\Doctrine extensions for PHP\;C:\Program Files (x86)\Borland\Delphi7\Bin;C:\Program Files (x86)\Borland\Delphi7\Projects\Bpl;C:\Program Files (x86)\Borland\Delphi7\Rave5;C:\Program Files\Git\cmd;C:\Program Files\Intel\WiFi\bin\;C:\Program Files\Common Files\Intel\WirelessCommon\
USERNAME=admin
OS=Windows_NT
PROCESSOR_IDENTIFIER=Intel64 Family 6 Model 58 Stepping 9, GenuineIntel



---------------  S Y S T E M  ---------------

OS: Windows 8.1 , 64 bit Build 9600 

CPU:total 4 (2 cores per cpu, 2 threads per core) family 6 model 58 stepping 9, cmov, cx8, fxsr, mmx, sse, sse2, sse3, ssse3, sse4.1, sse4.2, popcnt, avx, aes, clmul, erms, ht, tsc, tscinvbit, tscinv

Memory: 4k page, physical 8258576k(1975600k free), swap 10306576k(4108k free)

vm_info: Java HotSpot(TM) 64-Bit Server VM (25.20-b23) for windows-amd64 JRE (1.8.0_20-b26), built on Jul 30 2014 13:51:23 by "java_re" with MS VC++ 10.0 (VS2010)

time: Sat Sep 10 20:36:21 2016
elapsed time: 4 seconds (0d 0h 0m 4s)

