#
# There is insufficient memory for the Java Runtime Environment to continue.
# Native memory allocation (malloc) failed to allocate 1114976 bytes for Chunk::new
# Possible reasons:
#   The system is out of physical RAM or swap space
#   In 32 bit mode, the process size limit was hit
# Possible solutions:
#   Reduce memory load on the system
#   Increase physical memory or swap space
#   Check if swap backing store is full
#   Use 64 bit Java on a 64 bit OS
#   Decrease Java heap size (-Xmx/-Xms)
#   Decrease number of Java threads
#   Decrease Java thread stack sizes (-Xss)
#   Set larger code cache with -XX:ReservedCodeCacheSize=
# This output file may be truncated or incomplete.
#
#  Out of Memory Error (allocation.cpp:390), pid=12304, tid=12964
#
# JRE version: Java(TM) SE Runtime Environment (8.0_20-b26) (build 1.8.0_20-b26)
# Java VM: Java HotSpot(TM) 64-Bit Server VM (25.20-b23 mixed mode windows-amd64 compressed oops)
# Failed to write core dump. Minidumps are not enabled by default on client versions of Windows
#

---------------  T H R E A D  ---------------

Current thread (0x000000001569c000):  JavaThread "C2 CompilerThread1" daemon [_thread_in_native, id=12964, stack(0x0000000016d20000,0x0000000016e20000)]

Stack: [0x0000000016d20000,0x0000000016e20000]
Native frames: (J=compiled Java code, j=interpreted, Vv=VM code, C=native code)
V  [jvm.dll+0x3152fa]


Current CompileTask:
C2:   1914 1223       4       com.android.dx.ssa.SCCP::simulateBranch (666 bytes)


---------------  P R O C E S S  ---------------

Java Threads: ( => current thread )
  0x00000000172a0800 JavaThread "pool-2-thread-4" [_thread_blocked, id=10352, stack(0x0000000018120000,0x0000000018220000)]
  0x00000000171ab800 JavaThread "pool-2-thread-3" [_thread_in_Java, id=876, stack(0x0000000018020000,0x0000000018120000)]
  0x00000000171aa800 JavaThread "pool-2-thread-2" [_thread_blocked, id=7896, stack(0x0000000017f20000,0x0000000018020000)]
  0x00000000171a9800 JavaThread "pool-3-thread-1" [_thread_blocked, id=13920, stack(0x0000000017e20000,0x0000000017f20000)]
  0x00000000172a4000 JavaThread "pool-2-thread-1" [_thread_in_Java, id=13292, stack(0x0000000017d20000,0x0000000017e20000)]
  0x0000000016f24800 JavaThread "Service Thread" daemon [_thread_blocked, id=13872, stack(0x0000000017320000,0x0000000017420000)]
  0x00000000156f4000 JavaThread "C1 CompilerThread2" daemon [_thread_blocked, id=6612, stack(0x0000000016e20000,0x0000000016f20000)]
=>0x000000001569c000 JavaThread "C2 CompilerThread1" daemon [_thread_in_native, id=12964, stack(0x0000000016d20000,0x0000000016e20000)]
  0x00000000156a9800 JavaThread "C2 CompilerThread0" daemon [_thread_in_native, id=5480, stack(0x0000000016c20000,0x0000000016d20000)]
  0x00000000156a7000 JavaThread "Attach Listener" daemon [_thread_blocked, id=10300, stack(0x0000000016b20000,0x0000000016c20000)]
  0x00000000156a5800 JavaThread "Signal Dispatcher" daemon [_thread_blocked, id=11740, stack(0x0000000016a20000,0x0000000016b20000)]
  0x0000000002fbf000 JavaThread "Finalizer" daemon [_thread_blocked, id=7820, stack(0x0000000016920000,0x0000000016a20000)]
  0x0000000002fbd800 JavaThread "Reference Handler" daemon [_thread_blocked, id=5224, stack(0x0000000016820000,0x0000000016920000)]
  0x0000000002dcd800 JavaThread "main" [_thread_in_Java, id=8560, stack(0x0000000002dd0000,0x0000000002ed0000)]

Other Threads:
  0x0000000015665800 VMThread [stack: 0x0000000016720000,0x0000000016820000] [id=13524]
  0x0000000016f27000 WatcherThread [stack: 0x0000000017420000,0x0000000017520000] [id=10768]

VM state:not at safepoint (normal execution)

VM Mutex/Monitor currently owned by a thread: None

Heap:
 PSYoungGen      total 38400K, used 30383K [0x00000000eab00000, 0x00000000ef600000, 0x0000000100000000)
  eden space 33280K, 75% used [0x00000000eab00000,0x00000000ec3b31a8,0x00000000ecb80000)
  from space 5120K, 99% used [0x00000000ecb80000,0x00000000ed078d40,0x00000000ed080000)
  to   space 5120K, 0% used [0x00000000ef100000,0x00000000ef100000,0x00000000ef600000)
 ParOldGen       total 87552K, used 685K [0x00000000c0000000, 0x00000000c5580000, 0x00000000eab00000)
  object space 87552K, 0% used [0x00000000c0000000,0x00000000c00ab4c8,0x00000000c5580000)
 Metaspace       used 6042K, capacity 6960K, committed 7040K, reserved 1056768K
  class space    used 584K, capacity 616K, committed 640K, reserved 1048576K

Card table byte_map: [0x0000000012390000,0x00000000125a0000] byte_map_base: 0x0000000011d90000

Marking Bits: (ParMarkBitMap*) 0x000000006451b460
 Begin Bits: [0x0000000012b00000, 0x0000000013b00000)
 End Bits:   [0x0000000013b00000, 0x0000000014b00000)

Polling page: 0x0000000002b40000

CodeCache: size=245760Kb used=5792Kb max_used=5792Kb free=239967Kb
 bounds [0x0000000002fd0000, 0x0000000003580000, 0x0000000011fd0000]
 total_blobs=1733 nmethods=1467 adapters=178
 compilation: enabled

Compilation events (10 events):
Event: 1.900 Thread 0x00000000156f4000 1478       2       com.android.dx.ssa.PhiInsn::mapSourceRegisters (78 bytes)
Event: 1.900 Thread 0x00000000156f4000 nmethod 1478 0x0000000003571d90 code [0x0000000003571f20, 0x00000000035722c8]
Event: 1.901 Thread 0x00000000156f4000 1479       2       java.util.concurrent.ThreadPoolExecutor::isRunning (10 bytes)
Event: 1.901 Thread 0x00000000156f4000 nmethod 1479 0x0000000003572590 code [0x00000000035726e0, 0x0000000003572810]
Event: 1.904 Thread 0x00000000156f4000 1480       2       com.android.dx.rop.type.Type::asUninitialized (140 bytes)
Event: 1.905 Thread 0x00000000156f4000 nmethod 1480 0x0000000003572890 code [0x0000000003572ae0, 0x0000000003573538]
Event: 1.905 Thread 0x00000000156f4000 1481       2       com.android.dx.cf.code.ExecutionStack::makeInitialized (51 bytes)
Event: 1.906 Thread 0x00000000156f4000 nmethod 1481 0x0000000003573c10 code [0x0000000003573da0, 0x0000000003574118]
Event: 1.906 Thread 0x00000000156f4000 1482       2       com.android.dx.ssa.LiteralOpUpgrader$1::visitPhiInsn (1 bytes)
Event: 1.906 Thread 0x00000000156f4000 nmethod 1482 0x0000000003574390 code [0x00000000035744e0, 0x0000000003574630]

GC Heap History (2 events):
Event: 1.270 GC heap before
{Heap before GC invocations=1 (full 0):
 PSYoungGen      total 38400K, used 33280K [0x00000000eab00000, 0x00000000ed580000, 0x0000000100000000)
  eden space 33280K, 100% used [0x00000000eab00000,0x00000000ecb80000,0x00000000ecb80000)
  from space 5120K, 0% used [0x00000000ed080000,0x00000000ed080000,0x00000000ed580000)
  to   space 5120K, 0% used [0x00000000ecb80000,0x00000000ecb80000,0x00000000ed080000)
 ParOldGen       total 87552K, used 0K [0x00000000c0000000, 0x00000000c5580000, 0x00000000eab00000)
  object space 87552K, 0% used [0x00000000c0000000,0x00000000c0000000,0x00000000c5580000)
 Metaspace       used 5893K, capacity 6896K, committed 7040K, reserved 1056768K
  class space    used 582K, capacity 616K, committed 640K, reserved 1048576K
Event: 1.361 GC heap after
Heap after GC invocations=1 (full 0):
 PSYoungGen      total 38400K, used 5091K [0x00000000eab00000, 0x00000000ef600000, 0x0000000100000000)
  eden space 33280K, 0% used [0x00000000eab00000,0x00000000eab00000,0x00000000ecb80000)
  from space 5120K, 99% used [0x00000000ecb80000,0x00000000ed078d40,0x00000000ed080000)
  to   space 5120K, 0% used [0x00000000ef100000,0x00000000ef100000,0x00000000ef600000)
 ParOldGen       total 87552K, used 685K [0x00000000c0000000, 0x00000000c5580000, 0x00000000eab00000)
  object space 87552K, 0% used [0x00000000c0000000,0x00000000c00ab4c8,0x00000000c5580000)
 Metaspace       used 5893K, capacity 6896K, committed 7040K, reserved 1056768K
  class space    used 582K, capacity 616K, committed 640K, reserved 1048576K
}

Deoptimization events (10 events):
Event: 0.682 Thread 0x00000000172a0800 Uncommon trap: reason=class_check action=maybe_recompile pc=0x00000000032379b0 method=com.android.dx.ssa.NormalSsaInsn.accept(Lcom/android/dx/ssa/SsaInsn$Visitor;)V @ 9
Event: 0.792 Thread 0x00000000172a4000 Uncommon trap: reason=null_check action=make_not_entrant pc=0x00000000032e4860 method=com.android.dx.rop.type.Type.equals(Ljava/lang/Object;)Z @ 8
Event: 1.448 Thread 0x00000000172a0800 Uncommon trap: reason=bimorphic action=maybe_recompile pc=0x00000000031e90c8 method=java.util.HashMap.getNode(ILjava/lang/Object;)Ljava/util/HashMap$Node; @ 126
Event: 1.448 Thread 0x00000000172a0800 Uncommon trap: reason=class_check action=maybe_recompile pc=0x00000000034379b4 method=java.util.HashMap.putVal(ILjava/lang/Object;Ljava/lang/Object;ZZ)Ljava/lang/Object; @ 203
Event: 1.448 Thread 0x00000000172a0800 Uncommon trap: reason=bimorphic action=maybe_recompile pc=0x0000000003210860 method=java.util.HashMap.getNode(ILjava/lang/Object;)Ljava/util/HashMap$Node; @ 126
Event: 1.473 Thread 0x00000000172a0800 Uncommon trap: reason=unreached action=reinterpret pc=0x00000000033370dc method=com.android.dx.rop.cst.Constant.compareTo(Lcom/android/dx/rop/cst/Constant;)I @ 12
Event: 1.520 Thread 0x00000000172a4000 Uncommon trap: reason=bimorphic action=maybe_recompile pc=0x00000000031e90c8 method=java.util.HashMap.getNode(ILjava/lang/Object;)Ljava/util/HashMap$Node; @ 126
Event: 1.520 Thread 0x00000000172a4000 Uncommon trap: reason=class_check action=maybe_recompile pc=0x00000000034379b4 method=java.util.HashMap.putVal(ILjava/lang/Object;Ljava/lang/Object;ZZ)Ljava/lang/Object; @ 203
Event: 1.521 Thread 0x00000000172a4000 Uncommon trap: reason=bimorphic action=maybe_recompile pc=0x00000000031e90c8 method=java.util.HashMap.getNode(ILjava/lang/Object;)Ljava/util/HashMap$Node; @ 126
Event: 1.521 Thread 0x00000000172a4000 Uncommon trap: reason=class_check action=maybe_recompile pc=0x00000000034379b4 method=java.util.HashMap.putVal(ILjava/lang/Object;Ljava/lang/Object;ZZ)Ljava/lang/Object; @ 203

Internal exceptions (10 events):
Event: 0.604 Thread 0x00000000171ab800 Exception <a 'java/security/PrivilegedActionException'> (0x00000000eb8f66e0) thrown at [D:\re\workspace\8-2-build-windows-amd64-cygwin\jdk8u20\1074\hotspot\src\share\vm\prims\jvm.cpp, line 1275]
Event: 0.604 Thread 0x00000000171ab800 Exception <a 'java/security/PrivilegedActionException'> (0x00000000eb8faca0) thrown at [D:\re\workspace\8-2-build-windows-amd64-cygwin\jdk8u20\1074\hotspot\src\share\vm\prims\jvm.cpp, line 1275]
Event: 0.685 Thread 0x00000000172a0800 Exception <a 'java/security/PrivilegedActionException'> (0x00000000ebb143a8) thrown at [D:\re\workspace\8-2-build-windows-amd64-cygwin\jdk8u20\1074\hotspot\src\share\vm\prims\jvm.cpp, line 1275]
Event: 0.792 Thread 0x00000000172a4000 Implicit null exception at 0x00000000032e4762 to 0x00000000032e4852
Event: 0.853 Thread 0x0000000002dcd800 Exception <a 'java/security/PrivilegedActionException'> (0x00000000ec0ba278) thrown at [D:\re\workspace\8-2-build-windows-amd64-cygwin\jdk8u20\1074\hotspot\src\share\vm\prims\jvm.cpp, line 1275]
Event: 1.076 Thread 0x00000000171aa800 Exception <a 'java/security/PrivilegedActionException'> (0x00000000ec3a1b98) thrown at [D:\re\workspace\8-2-build-windows-amd64-cygwin\jdk8u20\1074\hotspot\src\share\vm\prims\jvm.cpp, line 1275]
Event: 1.248 Thread 0x0000000002dcd800 Exception <a 'java/security/PrivilegedActionException'> (0x00000000eca47978) thrown at [D:\re\workspace\8-2-build-windows-amd64-cygwin\jdk8u20\1074\hotspot\src\share\vm\prims\jvm.cpp, line 1275]
Event: 1.249 Thread 0x0000000002dcd800 Exception <a 'java/security/PrivilegedActionException'> (0x00000000eca4a598) thrown at [D:\re\workspace\8-2-build-windows-amd64-cygwin\jdk8u20\1074\hotspot\src\share\vm\prims\jvm.cpp, line 1275]
Event: 1.249 Thread 0x0000000002dcd800 Exception <a 'java/security/PrivilegedActionException'> (0x00000000eca4d608) thrown at [D:\re\workspace\8-2-build-windows-amd64-cygwin\jdk8u20\1074\hotspot\src\share\vm\prims\jvm.cpp, line 1275]
Event: 1.264 Thread 0x0000000002dcd800 Exception <a 'java/security/PrivilegedActionException'> (0x00000000eca54f78) thrown at [D:\re\workspace\8-2-build-windows-amd64-cygwin\jdk8u20\1074\hotspot\src\share\vm\prims\jvm.cpp, line 1275]

Events (10 events):
Event: 1.521 Thread 0x00000000172a4000 DEOPT PACKING pc=0x00000000034379b4 sp=0x0000000017e1e5a0
Event: 1.521 Thread 0x00000000172a4000 DEOPT UNPACKING pc=0x000000000301556a sp=0x0000000017e1e518 mode 2
Event: 1.756 loading class java/util/TreeMap$EntrySet
Event: 1.756 loading class java/util/TreeMap$EntrySet done
Event: 1.757 loading class java/util/TreeMap$EntryIterator
Event: 1.757 loading class java/util/TreeMap$EntryIterator done
Event: 1.757 Executing VM operation: Deoptimize
Event: 1.855 Executing VM operation: Deoptimize done
Event: 1.888 Thread 0x00000000172a4000 DEOPT PACKING pc=0x0000000003523ec4 sp=0x0000000017e1e660
Event: 1.888 Thread 0x00000000172a4000 DEOPT UNPACKING pc=0x00000000030175bf sp=0x0000000017e1e280 mode 0


Dynamic libraries:
0x00007ff79b830000 - 0x00007ff79b864000 	C:\Program Files\Java\jdk1.8.0_20\bin\java.exe
0x00007ffc6b1c0000 - 0x00007ffc6b381000 	C:\WINDOWS\SYSTEM32\ntdll.dll
0x00007ffc68920000 - 0x00007ffc689cd000 	C:\WINDOWS\system32\KERNEL32.DLL
0x00007ffc67a70000 - 0x00007ffc67c58000 	C:\WINDOWS\system32\KERNELBASE.dll
0x00007ffc6b110000 - 0x00007ffc6b1b7000 	C:\WINDOWS\system32\ADVAPI32.dll
0x00007ffc6af30000 - 0x00007ffc6afcd000 	C:\WINDOWS\system32\msvcrt.dll
0x00007ffc6b040000 - 0x00007ffc6b09b000 	C:\WINDOWS\system32\sechost.dll
0x00007ffc689d0000 - 0x00007ffc68aec000 	C:\WINDOWS\system32\RPCRT4.dll
0x00007ffc6ac30000 - 0x00007ffc6ad86000 	C:\WINDOWS\system32\USER32.dll
0x00007ffc6ad90000 - 0x00007ffc6af16000 	C:\WINDOWS\system32\GDI32.dll
0x00007ffc5dcb0000 - 0x00007ffc5df24000 	C:\WINDOWS\WinSxS\amd64_microsoft.windows.common-controls_6595b64144ccf1df_6.0.10586.589_none_a2ddb3caa539acce\COMCTL32.dll
0x00007ffc6a5e0000 - 0x00007ffc6a85d000 	C:\WINDOWS\system32\combase.dll
0x00007ffc67c80000 - 0x00007ffc67cea000 	C:\WINDOWS\system32\bcryptPrimitives.dll
0x00007ffc68770000 - 0x00007ffc687ab000 	C:\WINDOWS\system32\IMM32.DLL
0x00000000645a0000 - 0x0000000064672000 	C:\Program Files\Java\jdk1.8.0_20\jre\bin\msvcr100.dll
0x0000000063d40000 - 0x0000000064598000 	C:\Program Files\Java\jdk1.8.0_20\jre\bin\server\jvm.dll
0x00007ffc6b0a0000 - 0x00007ffc6b0a8000 	C:\WINDOWS\system32\PSAPI.DLL
0x00007ffc5c500000 - 0x00007ffc5c509000 	C:\WINDOWS\SYSTEM32\WSOCK32.dll
0x00007ffc68700000 - 0x00007ffc6876b000 	C:\WINDOWS\system32\WS2_32.dll
0x00007ffc65ad0000 - 0x00007ffc65af3000 	C:\WINDOWS\SYSTEM32\WINMM.dll
0x00007ffc65aa0000 - 0x00007ffc65acc000 	C:\WINDOWS\SYSTEM32\WINMMBASE.dll
0x00007ffc679c0000 - 0x00007ffc67a03000 	C:\WINDOWS\system32\cfgmgr32.dll
0x0000000063d30000 - 0x0000000063d3f000 	C:\Program Files\Java\jdk1.8.0_20\jre\bin\verify.dll
0x0000000063d00000 - 0x0000000063d28000 	C:\Program Files\Java\jdk1.8.0_20\jre\bin\java.dll
0x0000000063ce0000 - 0x0000000063cf6000 	C:\Program Files\Java\jdk1.8.0_20\jre\bin\zip.dll
0x00007ffc68af0000 - 0x00007ffc6a04c000 	C:\WINDOWS\system32\SHELL32.dll
0x00007ffc67f50000 - 0x00007ffc68595000 	C:\WINDOWS\system32\windows.storage.dll
0x00007ffc688c0000 - 0x00007ffc68912000 	C:\WINDOWS\system32\shlwapi.dll
0x00007ffc67830000 - 0x00007ffc6783f000 	C:\WINDOWS\system32\kernel.appcore.dll
0x00007ffc67900000 - 0x00007ffc679b5000 	C:\WINDOWS\system32\shcore.dll
0x00007ffc677c0000 - 0x00007ffc6780b000 	C:\WINDOWS\system32\powrprof.dll
0x00007ffc67810000 - 0x00007ffc67824000 	C:\WINDOWS\system32\profapi.dll

VM Arguments:
jvm_args: -Djava.awt.headless=true -Xmx1024M -Dfile.encoding=windows-1252 -Duser.country=US -Duser.language=en -Duser.variant 
java_command: com.android.dx.command.Main --dex --force-jumbo --num-threads=4 --multi-dex --output C:\Users\admin\Documents\GitHub\ShaneelSD\SoftwareDesign\FindMeTutor\FindMeTutor\tutor_app\build\intermediates\transforms\dex\debug\folders\1000\2\mail_4ecf32e7c9c6febc1145e6fa3a100181b880efab C:\Users\admin\Documents\GitHub\ShaneelSD\SoftwareDesign\FindMeTutor\FindMeTutor\tutor_app\src\main\libs\mail.jar
java_class_path (initial): C:\Users\admin\AppData\Local\Android\sdk\build-tools\24.0.1\lib\dx.jar
Launcher Type: SUN_STANDARD

Environment Variables:
PATH=C:\ProgramData\Oracle\Java\javapath;C:\Program Files (x86)\Intel\iCLS Client\;C:\Program Files\Intel\iCLS Client\;C:\WINDOWS\system32;C:\WINDOWS;C:\WINDOWS\System32\Wbem;C:\WINDOWS\System32\WindowsPowerShell\v1.0\;C:\Program Files\Intel\Intel(R) Management Engine Components\DAL;C:\Program Files\Intel\Intel(R) Management Engine Components\IPT;C:\Program Files (x86)\Intel\Intel(R) Management Engine Components\DAL;C:\Program Files (x86)\Intel\Intel(R) Management Engine Components\IPT;C:\Program Files\WIDCOMM\Bluetooth Software\;C:\Program Files\WIDCOMM\Bluetooth Software\syswow64;C:\Program Files (x86)\Intel\OpenCL SDK\2.0\bin\x86;C:\Program Files (x86)\Intel\OpenCL SDK\2.0\bin\x64;C:\Program Files\Intel\WiFi\bin\;C:\Program Files\Common Files\Intel\WirelessCommon\;c:\Program Files (x86)\Microsoft SQL Server\100\Tools\Binn\;c:\Program Files\Microsoft SQL Server\100\Tools\Binn\;c:\Program Files\Microsoft SQL Server\100\DTS\Binn\;C:\Program Files (x86)\MySQL\MySQL Fabric 1.5.4 & MySQL Utilities 1.5.4 1.5\;C:\Program Files (x86)\MySQL\MySQL Fabric 1.5.4 & MySQL Utilities 1.5.4 1.5\Doctrine extensions for PHP\;C:\Program Files (x86)\Borland\Delphi7\Bin;C:\Program Files (x86)\Borland\Delphi7\Projects\Bpl;C:\Program Files (x86)\Borland\Delphi7\Rave5;C:\Program Files\Git\cmd;C:\Program Files (x86)\OpenVPN\bin;C:\Program Files\Intel\WiFi\bin\;C:\Program Files\Common Files\Intel\WirelessCommon\
USERNAME=admin
OS=Windows_NT
PROCESSOR_IDENTIFIER=Intel64 Family 6 Model 58 Stepping 9, GenuineIntel



---------------  S Y S T E M  ---------------

OS: Windows 8.1 , 64 bit Build 9600 

CPU:total 4 (2 cores per cpu, 2 threads per core) family 6 model 58 stepping 9, cmov, cx8, fxsr, mmx, sse, sse2, sse3, ssse3, sse4.1, sse4.2, popcnt, avx, aes, clmul, erms, ht, tsc, tscinvbit, tscinv

Memory: 4k page, physical 8258576k(2015248k free), swap 10306576k(5136k free)

vm_info: Java HotSpot(TM) 64-Bit Server VM (25.20-b23) for windows-amd64 JRE (1.8.0_20-b26), built on Jul 30 2014 13:51:23 by "java_re" with MS VC++ 10.0 (VS2010)

time: Fri Oct 28 00:09:36 2016
elapsed time: 1 seconds (0d 0h 0m 1s)

