#
# There is insufficient memory for the Java Runtime Environment to continue.
# Native memory allocation (malloc) failed to allocate 349296 bytes for Chunk::new
# Possible reasons:
#   The system is out of physical RAM or swap space
#   In 32 bit mode, the process size limit was hit
# Possible solutions:
#   Reduce memory load on the system
#   Increase physical memory or swap space
#   Check if swap backing store is full
#   Use 64 bit Java on a 64 bit OS
#   Decrease Java heap size (-Xmx/-Xms)
#   Decrease number of Java threads
#   Decrease Java thread stack sizes (-Xss)
#   Set larger code cache with -XX:ReservedCodeCacheSize=
# This output file may be truncated or incomplete.
#
#  Out of Memory Error (allocation.cpp:390), pid=11452, tid=4720
#
# JRE version: Java(TM) SE Runtime Environment (8.0_20-b26) (build 1.8.0_20-b26)
# Java VM: Java HotSpot(TM) 64-Bit Server VM (25.20-b23 mixed mode windows-amd64 compressed oops)
# Failed to write core dump. Minidumps are not enabled by default on client versions of Windows
#

---------------  T H R E A D  ---------------

Current thread (0x0000000014951800):  JavaThread "C2 CompilerThread1" daemon [_thread_in_native, id=4720, stack(0x0000000015f50000,0x0000000016050000)]

Stack: [0x0000000015f50000,0x0000000016050000]
Native frames: (J=compiled Java code, j=interpreted, Vv=VM code, C=native code)
V  [jvm.dll+0x3152fa]


Current CompileTask:
C2:   2219 1480 %     4       com.android.dx.ssa.SsaMethod::computeReachability @ 8 (131 bytes)


---------------  P R O C E S S  ---------------

Java Threads: ( => current thread )
  0x00000000165e1000 JavaThread "pool-2-thread-4" [_thread_blocked, id=12564, stack(0x0000000016b50000,0x0000000016c50000)]
  0x00000000165e0000 JavaThread "pool-2-thread-3" [_thread_in_Java, id=8076, stack(0x0000000016a50000,0x0000000016b50000)]
  0x00000000165de800 JavaThread "pool-2-thread-2" [_thread_blocked, id=13980, stack(0x0000000016950000,0x0000000016a50000)]
  0x0000000016485000 JavaThread "pool-3-thread-1" [_thread_blocked, id=12932, stack(0x0000000016850000,0x0000000016950000)]
  0x0000000016484800 JavaThread "pool-2-thread-1" [_thread_blocked, id=14108, stack(0x0000000016750000,0x0000000016850000)]
  0x000000001495b800 JavaThread "Service Thread" daemon [_thread_blocked, id=1920, stack(0x0000000016150000,0x0000000016250000)]
  0x0000000014954800 JavaThread "C1 CompilerThread2" daemon [_thread_blocked, id=7084, stack(0x0000000016050000,0x0000000016150000)]
=>0x0000000014951800 JavaThread "C2 CompilerThread1" daemon [_thread_in_native, id=4720, stack(0x0000000015f50000,0x0000000016050000)]
  0x00000000148f9000 JavaThread "C2 CompilerThread0" daemon [_thread_in_native, id=9576, stack(0x0000000015e50000,0x0000000015f50000)]
  0x0000000014907800 JavaThread "Attach Listener" daemon [_thread_blocked, id=3104, stack(0x0000000015d50000,0x0000000015e50000)]
  0x0000000014906000 JavaThread "Signal Dispatcher" daemon [_thread_blocked, id=9412, stack(0x0000000015c50000,0x0000000015d50000)]
  0x0000000002225000 JavaThread "Finalizer" daemon [_thread_blocked, id=9580, stack(0x0000000015b50000,0x0000000015c50000)]
  0x000000000221c000 JavaThread "Reference Handler" daemon [_thread_blocked, id=10672, stack(0x0000000015a50000,0x0000000015b50000)]
  0x000000000212d800 JavaThread "main" [_thread_in_Java, id=4872, stack(0x0000000001fe0000,0x00000000020e0000)]

Other Threads:
  0x00000000148c6000 VMThread [stack: 0x0000000015950000,0x0000000015a50000] [id=2220]
  0x000000001495e000 WatcherThread [stack: 0x0000000016250000,0x0000000016350000] [id=3216]

VM state:not at safepoint (normal execution)

VM Mutex/Monitor currently owned by a thread: None

Heap:
 PSYoungGen      total 71680K, used 42426K [0x00000000eab00000, 0x00000000f3700000, 0x0000000100000000)
  eden space 66560K, 56% used [0x00000000eab00000,0x00000000ecf70730,0x00000000eec00000)
  from space 5120K, 99% used [0x00000000eec00000,0x00000000ef0fe158,0x00000000ef100000)
  to   space 5120K, 0% used [0x00000000f3200000,0x00000000f3200000,0x00000000f3700000)
 ParOldGen       total 87552K, used 35312K [0x00000000c0000000, 0x00000000c5580000, 0x00000000eab00000)
  object space 87552K, 40% used [0x00000000c0000000,0x00000000c227c368,0x00000000c5580000)
 Metaspace       used 5980K, capacity 7024K, committed 7296K, reserved 1056768K
  class space    used 588K, capacity 616K, committed 640K, reserved 1048576K

Card table byte_map: [0x00000000115f0000,0x0000000011800000] byte_map_base: 0x0000000010ff0000

Marking Bits: (ParMarkBitMap*) 0x0000000068dfb460
 Begin Bits: [0x0000000011d60000, 0x0000000012d60000)
 End Bits:   [0x0000000012d60000, 0x0000000013d60000)

Polling page: 0x00000000001f0000

CodeCache: size=245760Kb used=6202Kb max_used=6214Kb free=239557Kb
 bounds [0x0000000002230000, 0x0000000002850000, 0x0000000011230000]
 total_blobs=1736 nmethods=1472 adapters=178
 compilation: enabled

Compilation events (10 events):
Event: 2.177 Thread 0x0000000014954800 1508 %     3       com.android.dx.ssa.SCCP::replaceConstants @ 2 (209 bytes)
Event: 2.178 Thread 0x0000000014954800 nmethod 1508% 0x000000000282f950 code [0x000000000282fc60, 0x0000000002831818]
Event: 2.183 Thread 0x0000000014951800 nmethod 1302 0x00000000028401d0 code [0x00000000028405a0, 0x0000000002842b78]
Event: 2.184 Thread 0x0000000014951800 1480 %     4       com.android.dx.ssa.SsaMethod::computeReachability @ 8 (131 bytes)
Event: 2.190 Thread 0x00000000148f9000 nmethod 1490 0x000000000283ba50 code [0x000000000283bbe0, 0x000000000283c388]
Event: 2.190 Thread 0x00000000148f9000 1502 %     4       com.android.dx.rop.code.RopMethod::calcPredecessors @ 157 (227 bytes)
Event: 2.195 Thread 0x00000000148f9000 nmethod 1502% 0x000000000283b150 code [0x000000000283b2c0, 0x000000000283b618]
Event: 2.195 Thread 0x00000000148f9000 1467       4       com.android.dx.rop.code.PlainInsn::withNewRegisters (18 bytes)
Event: 2.197 Thread 0x00000000148f9000 nmethod 1467 0x000000000283ce10 code [0x000000000283cf60, 0x000000000283d138]
Event: 2.197 Thread 0x00000000148f9000 1510 %     4       com.android.dx.rop.code.RopMethod::calcPredecessors @ 91 (227 bytes)

GC Heap History (6 events):
Event: 1.034 GC heap before
{Heap before GC invocations=1 (full 0):
 PSYoungGen      total 38400K, used 33280K [0x00000000eab00000, 0x00000000ed580000, 0x0000000100000000)
  eden space 33280K, 100% used [0x00000000eab00000,0x00000000ecb80000,0x00000000ecb80000)
  from space 5120K, 0% used [0x00000000ed080000,0x00000000ed080000,0x00000000ed580000)
  to   space 5120K, 0% used [0x00000000ecb80000,0x00000000ecb80000,0x00000000ed080000)
 ParOldGen       total 87552K, used 0K [0x00000000c0000000, 0x00000000c5580000, 0x00000000eab00000)
  object space 87552K, 0% used [0x00000000c0000000,0x00000000c0000000,0x00000000c5580000)
 Metaspace       used 5796K, capacity 6832K, committed 7040K, reserved 1056768K
  class space    used 584K, capacity 616K, committed 640K, reserved 1048576K
Event: 1.047 GC heap after
Heap after GC invocations=1 (full 0):
 PSYoungGen      total 38400K, used 5090K [0x00000000eab00000, 0x00000000ef600000, 0x0000000100000000)
  eden space 33280K, 0% used [0x00000000eab00000,0x00000000eab00000,0x00000000ecb80000)
  from space 5120K, 99% used [0x00000000ecb80000,0x00000000ed078b50,0x00000000ed080000)
  to   space 5120K, 0% used [0x00000000ef100000,0x00000000ef100000,0x00000000ef600000)
 ParOldGen       total 87552K, used 3522K [0x00000000c0000000, 0x00000000c5580000, 0x00000000eab00000)
  object space 87552K, 4% used [0x00000000c0000000,0x00000000c0370940,0x00000000c5580000)
 Metaspace       used 5796K, capacity 6832K, committed 7040K, reserved 1056768K
  class space    used 584K, capacity 616K, committed 640K, reserved 1048576K
}
Event: 1.233 GC heap before
{Heap before GC invocations=2 (full 0):
 PSYoungGen      total 38400K, used 38370K [0x00000000eab00000, 0x00000000ef600000, 0x0000000100000000)
  eden space 33280K, 100% used [0x00000000eab00000,0x00000000ecb80000,0x00000000ecb80000)
  from space 5120K, 99% used [0x00000000ecb80000,0x00000000ed078b50,0x00000000ed080000)
  to   space 5120K, 0% used [0x00000000ef100000,0x00000000ef100000,0x00000000ef600000)
 ParOldGen       total 87552K, used 3522K [0x00000000c0000000, 0x00000000c5580000, 0x00000000eab00000)
  object space 87552K, 4% used [0x00000000c0000000,0x00000000c0370940,0x00000000c5580000)
 Metaspace       used 5834K, capacity 6896K, committed 7040K, reserved 1056768K
  class space    used 585K, capacity 616K, committed 640K, reserved 1048576K
Event: 1.252 GC heap after
Heap after GC invocations=2 (full 0):
 PSYoungGen      total 71680K, used 5112K [0x00000000eab00000, 0x00000000ef600000, 0x0000000100000000)
  eden space 66560K, 0% used [0x00000000eab00000,0x00000000eab00000,0x00000000eec00000)
  from space 5120K, 99% used [0x00000000ef100000,0x00000000ef5fe098,0x00000000ef600000)
  to   space 5120K, 0% used [0x00000000eec00000,0x00000000eec00000,0x00000000ef100000)
 ParOldGen       total 87552K, used 16475K [0x00000000c0000000, 0x00000000c5580000, 0x00000000eab00000)
  object space 87552K, 18% used [0x00000000c0000000,0x00000000c1016ff8,0x00000000c5580000)
 Metaspace       used 5834K, capacity 6896K, committed 7040K, reserved 1056768K
  class space    used 585K, capacity 616K, committed 640K, reserved 1048576K
}
Event: 1.862 GC heap before
{Heap before GC invocations=3 (full 0):
 PSYoungGen      total 71680K, used 71672K [0x00000000eab00000, 0x00000000ef600000, 0x0000000100000000)
  eden space 66560K, 100% used [0x00000000eab00000,0x00000000eec00000,0x00000000eec00000)
  from space 5120K, 99% used [0x00000000ef100000,0x00000000ef5fe098,0x00000000ef600000)
  to   space 5120K, 0% used [0x00000000eec00000,0x00000000eec00000,0x00000000ef100000)
 ParOldGen       total 87552K, used 16475K [0x00000000c0000000, 0x00000000c5580000, 0x00000000eab00000)
  object space 87552K, 18% used [0x00000000c0000000,0x00000000c1016ff8,0x00000000c5580000)
 Metaspace       used 5977K, capacity 7024K, committed 7296K, reserved 1056768K
  class space    used 588K, capacity 616K, committed 640K, reserved 1048576K
Event: 1.906 GC heap after
Heap after GC invocations=3 (full 0):
 PSYoungGen      total 71680K, used 5112K [0x00000000eab00000, 0x00000000f3700000, 0x0000000100000000)
  eden space 66560K, 0% used [0x00000000eab00000,0x00000000eab00000,0x00000000eec00000)
  from space 5120K, 99% used [0x00000000eec00000,0x00000000ef0fe158,0x00000000ef100000)
  to   space 5120K, 0% used [0x00000000f3200000,0x00000000f3200000,0x00000000f3700000)
 ParOldGen       total 87552K, used 35312K [0x00000000c0000000, 0x00000000c5580000, 0x00000000eab00000)
  object space 87552K, 40% used [0x00000000c0000000,0x00000000c227c368,0x00000000c5580000)
 Metaspace       used 5977K, capacity 7024K, committed 7296K, reserved 1056768K
  class space    used 588K, capacity 616K, committed 640K, reserved 1048576K
}

Deoptimization events (7 events):
Event: 0.836 Thread 0x00000000165de800 Uncommon trap: reason=class_check action=maybe_recompile pc=0x0000000002597024 method=com.android.dx.ssa.NormalSsaInsn.accept(Lcom/android/dx/ssa/SsaInsn$Visitor;)V @ 9
Event: 0.895 Thread 0x00000000165e1000 Uncommon trap: reason=class_check action=maybe_recompile pc=0x0000000002597024 method=com.android.dx.ssa.NormalSsaInsn.accept(Lcom/android/dx/ssa/SsaInsn$Visitor;)V @ 9
Event: 0.900 Thread 0x00000000165e1000 Uncommon trap: reason=class_check action=maybe_recompile pc=0x0000000002597024 method=com.android.dx.ssa.NormalSsaInsn.accept(Lcom/android/dx/ssa/SsaInsn$Visitor;)V @ 9
Event: 0.954 Thread 0x000000000212d800 Uncommon trap: reason=class_check action=maybe_recompile pc=0x0000000002597024 method=com.android.dx.ssa.NormalSsaInsn.accept(Lcom/android/dx/ssa/SsaInsn$Visitor;)V @ 9
Event: 1.330 Thread 0x00000000165e0000 Uncommon trap: reason=uninitialized action=reinterpret pc=0x00000000026b8da0 method=com.android.dx.cf.code.BytecodeArray.parseInstruction(ILcom/android/dx/cf/code/BytecodeArray$Visitor;)I @ 1047
Event: 1.360 Thread 0x000000000212d800 Uncommon trap: reason=unloaded action=reinterpret pc=0x00000000023ecfd0 method=com.android.dx.cf.cst.ConstantPoolParser.parse0(ILjava/util/BitSet;)Lcom/android/dx/rop/cst/Constant; @ 220
Event: 1.664 Thread 0x00000000165e0000 Uncommon trap: reason=null_check action=make_not_entrant pc=0x00000000025b41e0 method=com.android.dx.rop.type.Type.equals(Ljava/lang/Object;)Z @ 8

Internal exceptions (10 events):
Event: 0.676 Thread 0x00000000165de800 Exception <a 'java/security/PrivilegedActionException'> (0x00000000eba055f8) thrown at [D:\re\workspace\8-2-build-windows-amd64-cygwin\jdk8u20\1074\hotspot\src\share\vm\prims\jvm.cpp, line 1275]
Event: 0.725 Thread 0x00000000165e0000 Exception <a 'java/security/PrivilegedActionException'> (0x00000000ebc09638) thrown at [D:\re\workspace\8-2-build-windows-amd64-cygwin\jdk8u20\1074\hotspot\src\share\vm\prims\jvm.cpp, line 1275]
Event: 0.904 Thread 0x00000000165e0000 Exception <a 'java/security/PrivilegedActionException'> (0x00000000ebd0fd80) thrown at [D:\re\workspace\8-2-build-windows-amd64-cygwin\jdk8u20\1074\hotspot\src\share\vm\prims\jvm.cpp, line 1275]
Event: 1.163 Thread 0x0000000016484800 Exception <a 'java/security/PrivilegedActionException'> (0x00000000ec0b9158) thrown at [D:\re\workspace\8-2-build-windows-amd64-cygwin\jdk8u20\1074\hotspot\src\share\vm\prims\jvm.cpp, line 1275]
Event: 1.253 Thread 0x00000000165de800 Exception <a 'java/security/PrivilegedActionException'> (0x00000000eac315f8) thrown at [D:\re\workspace\8-2-build-windows-amd64-cygwin\jdk8u20\1074\hotspot\src\share\vm\prims\jvm.cpp, line 1275]
Event: 1.358 Thread 0x000000000212d800 Exception <a 'java/security/PrivilegedActionException'> (0x00000000eb696e70) thrown at [D:\re\workspace\8-2-build-windows-amd64-cygwin\jdk8u20\1074\hotspot\src\share\vm\prims\jvm.cpp, line 1275]
Event: 1.606 Thread 0x000000000212d800 Exception <a 'java/security/PrivilegedActionException'> (0x00000000ec46cec8) thrown at [D:\re\workspace\8-2-build-windows-amd64-cygwin\jdk8u20\1074\hotspot\src\share\vm\prims\jvm.cpp, line 1275]
Event: 1.608 Thread 0x000000000212d800 Exception <a 'java/security/PrivilegedActionException'> (0x00000000ec4771f0) thrown at [D:\re\workspace\8-2-build-windows-amd64-cygwin\jdk8u20\1074\hotspot\src\share\vm\prims\jvm.cpp, line 1275]
Event: 1.608 Thread 0x000000000212d800 Exception <a 'java/security/PrivilegedActionException'> (0x00000000ed2639e8) thrown at [D:\re\workspace\8-2-build-windows-amd64-cygwin\jdk8u20\1074\hotspot\src\share\vm\prims\jvm.cpp, line 1275]
Event: 1.664 Thread 0x00000000165e0000 Implicit null exception at 0x00000000025b40e2 to 0x00000000025b41d2

Events (10 events):
Event: 2.178 Thread 0x00000000165e0000 DEOPT PACKING pc=0x000000000261ed83 sp=0x0000000016b4e6c0
Event: 2.178 Thread 0x00000000165e0000 DEOPT UNPACKING pc=0x00000000022775bf sp=0x0000000016b4e488 mode 0
Event: 2.179 Thread 0x000000000212d800 DEOPT PACKING pc=0x00000000025c9878 sp=0x00000000020de210
Event: 2.179 Thread 0x000000000212d800 DEOPT UNPACKING pc=0x00000000022775bf sp=0x00000000020ddf38 mode 0
Event: 2.190 Thread 0x000000000212d800 DEOPT PACKING pc=0x000000000261ed83 sp=0x00000000020de3f0
Event: 2.190 Thread 0x000000000212d800 DEOPT UNPACKING pc=0x00000000022775bf sp=0x00000000020de1b8 mode 0
Event: 2.195 Thread 0x000000000212d800 DEOPT PACKING pc=0x000000000265f6a5 sp=0x00000000020de370
Event: 2.195 Thread 0x000000000212d800 DEOPT UNPACKING pc=0x00000000022775bf sp=0x00000000020de108 mode 0
Event: 2.208 Thread 0x00000000165e0000 DEOPT PACKING pc=0x000000000261ed83 sp=0x0000000016b4e6c0
Event: 2.208 Thread 0x00000000165e0000 DEOPT UNPACKING pc=0x00000000022775bf sp=0x0000000016b4e488 mode 0


Dynamic libraries:
0x00007ff78c3b0000 - 0x00007ff78c3e4000 	C:\Program Files\Java\jdk1.8.0_20\bin\java.exe
0x00007fff5ffe0000 - 0x00007fff601a1000 	C:\WINDOWS\SYSTEM32\ntdll.dll
0x00007fff5d4e0000 - 0x00007fff5d58d000 	C:\WINDOWS\system32\KERNEL32.DLL
0x00007fff5c950000 - 0x00007fff5cb38000 	C:\WINDOWS\system32\KERNELBASE.dll
0x00007fff5fcd0000 - 0x00007fff5fd77000 	C:\WINDOWS\system32\ADVAPI32.dll
0x00007fff5f5f0000 - 0x00007fff5f68d000 	C:\WINDOWS\system32\msvcrt.dll
0x00007fff5f2b0000 - 0x00007fff5f30b000 	C:\WINDOWS\system32\sechost.dll
0x00007fff5fe00000 - 0x00007fff5ff1c000 	C:\WINDOWS\system32\RPCRT4.dll
0x00007fff5ec30000 - 0x00007fff5ed86000 	C:\WINDOWS\system32\USER32.dll
0x00007fff5efa0000 - 0x00007fff5f126000 	C:\WINDOWS\system32\GDI32.dll
0x00007fff50340000 - 0x00007fff505b4000 	C:\WINDOWS\WinSxS\amd64_microsoft.windows.common-controls_6595b64144ccf1df_6.0.10586.0_none_8c15ae12515e1c22\COMCTL32.dll
0x00007fff5f310000 - 0x00007fff5f58d000 	C:\WINDOWS\system32\combase.dll
0x00007fff5d190000 - 0x00007fff5d1fa000 	C:\WINDOWS\system32\bcryptPrimitives.dll
0x00007fff5ff20000 - 0x00007fff5ff5b000 	C:\WINDOWS\system32\IMM32.DLL
0x00000000697d0000 - 0x00000000698a2000 	C:\Program Files\Java\jdk1.8.0_20\jre\bin\msvcr100.dll
0x0000000068620000 - 0x0000000068e78000 	C:\Program Files\Java\jdk1.8.0_20\jre\bin\server\jvm.dll
0x00007fff5d4d0000 - 0x00007fff5d4d8000 	C:\WINDOWS\system32\PSAPI.DLL
0x00007fff50870000 - 0x00007fff50879000 	C:\WINDOWS\SYSTEM32\WSOCK32.dll
0x00007fff5ff70000 - 0x00007fff5ffdb000 	C:\WINDOWS\system32\WS2_32.dll
0x00007fff5a860000 - 0x00007fff5a883000 	C:\WINDOWS\SYSTEM32\WINMM.dll
0x00007fff5a830000 - 0x00007fff5a85c000 	C:\WINDOWS\SYSTEM32\WINMMBASE.dll
0x00007fff5c670000 - 0x00007fff5c6b3000 	C:\WINDOWS\system32\cfgmgr32.dll
0x0000000069cc0000 - 0x0000000069ccf000 	C:\Program Files\Java\jdk1.8.0_20\jre\bin\verify.dll
0x00000000697a0000 - 0x00000000697c8000 	C:\Program Files\Java\jdk1.8.0_20\jre\bin\java.dll
0x0000000068600000 - 0x0000000068616000 	C:\Program Files\Java\jdk1.8.0_20\jre\bin\zip.dll
0x00007fff5d600000 - 0x00007fff5eb5c000 	C:\WINDOWS\system32\SHELL32.dll
0x00007fff5cb40000 - 0x00007fff5d185000 	C:\WINDOWS\system32\windows.storage.dll
0x00007fff5f590000 - 0x00007fff5f5e2000 	C:\WINDOWS\system32\shlwapi.dll
0x00007fff5c600000 - 0x00007fff5c60f000 	C:\WINDOWS\system32\kernel.appcore.dll
0x00007fff5c6c0000 - 0x00007fff5c775000 	C:\WINDOWS\system32\shcore.dll
0x00007fff5c620000 - 0x00007fff5c66b000 	C:\WINDOWS\system32\powrprof.dll
0x00007fff5c5e0000 - 0x00007fff5c5f4000 	C:\WINDOWS\system32\profapi.dll
0x00007fff514c0000 - 0x00007fff5164c000 	C:\WINDOWS\SYSTEM32\dbghelp.dll

VM Arguments:
jvm_args: -Djava.awt.headless=true -Xmx1024M -Dfile.encoding=windows-1252 -Duser.country=US -Duser.language=en -Duser.variant 
java_command: com.android.dx.command.Main --dex --force-jumbo --num-threads=4 --multi-dex --output C:\Users\admin\Documents\GitHub\ShaneelSD\SoftwareDesign\FindMeTutor\FindMeTutor\tutor_app\build\intermediates\transforms\dex\debug\folders\1000\5\slice_3 C:\Users\admin\Documents\GitHub\ShaneelSD\SoftwareDesign\FindMeTutor\FindMeTutor\tutor_app\build\intermediates\transforms\instantRunSlicer\debug\folders\1\5\slice_3
java_class_path (initial): C:\Users\admin\AppData\Local\Android\sdk\build-tools\24.0.1\lib\dx.jar
Launcher Type: SUN_STANDARD

Environment Variables:
PATH=C:\ProgramData\Oracle\Java\javapath;C:\Program Files (x86)\Intel\iCLS Client\;C:\Program Files\Intel\iCLS Client\;C:\WINDOWS\system32;C:\WINDOWS;C:\WINDOWS\System32\Wbem;C:\WINDOWS\System32\WindowsPowerShell\v1.0\;C:\Program Files\Intel\Intel(R) Management Engine Components\DAL;C:\Program Files\Intel\Intel(R) Management Engine Components\IPT;C:\Program Files (x86)\Intel\Intel(R) Management Engine Components\DAL;C:\Program Files (x86)\Intel\Intel(R) Management Engine Components\IPT;C:\Program Files\WIDCOMM\Bluetooth Software\;C:\Program Files\WIDCOMM\Bluetooth Software\syswow64;C:\Program Files (x86)\Intel\OpenCL SDK\2.0\bin\x86;C:\Program Files (x86)\Intel\OpenCL SDK\2.0\bin\x64;C:\Program Files\Intel\WiFi\bin\;C:\Program Files\Common Files\Intel\WirelessCommon\;c:\Program Files (x86)\Microsoft SQL Server\100\Tools\Binn\;c:\Program Files\Microsoft SQL Server\100\Tools\Binn\;c:\Program Files\Microsoft SQL Server\100\DTS\Binn\;C:\Program Files (x86)\MySQL\MySQL Fabric 1.5.4 & MySQL Utilities 1.5.4 1.5\;C:\Program Files (x86)\MySQL\MySQL Fabric 1.5.4 & MySQL Utilities 1.5.4 1.5\Doctrine extensions for PHP\;C:\Program Files (x86)\Borland\Delphi7\Bin;C:\Program Files (x86)\Borland\Delphi7\Projects\Bpl;C:\Program Files (x86)\Borland\Delphi7\Rave5;C:\Program Files\Git\cmd;C:\Program Files\Intel\WiFi\bin\;C:\Program Files\Common Files\Intel\WirelessCommon\
USERNAME=admin
OS=Windows_NT
PROCESSOR_IDENTIFIER=Intel64 Family 6 Model 58 Stepping 9, GenuineIntel



---------------  S Y S T E M  ---------------

OS: Windows 8.1 , 64 bit Build 9600 

CPU:total 4 (2 cores per cpu, 2 threads per core) family 6 model 58 stepping 9, cmov, cx8, fxsr, mmx, sse, sse2, sse3, ssse3, sse4.1, sse4.2, popcnt, avx, aes, clmul, erms, ht, tsc, tscinvbit, tscinv

Memory: 4k page, physical 8258576k(1944588k free), swap 10306576k(5120k free)

vm_info: Java HotSpot(TM) 64-Bit Server VM (25.20-b23) for windows-amd64 JRE (1.8.0_20-b26), built on Jul 30 2014 13:51:23 by "java_re" with MS VC++ 10.0 (VS2010)

time: Tue Sep 27 12:06:30 2016
elapsed time: 2 seconds (0d 0h 0m 2s)

