#
# There is insufficient memory for the Java Runtime Environment to continue.
# Native memory allocation (malloc) failed to allocate 1635776 bytes for Chunk::new
# Possible reasons:
#   The system is out of physical RAM or swap space
#   In 32 bit mode, the process size limit was hit
# Possible solutions:
#   Reduce memory load on the system
#   Increase physical memory or swap space
#   Check if swap backing store is full
#   Use 64 bit Java on a 64 bit OS
#   Decrease Java heap size (-Xmx/-Xms)
#   Decrease number of Java threads
#   Decrease Java thread stack sizes (-Xss)
#   Set larger code cache with -XX:ReservedCodeCacheSize=
# This output file may be truncated or incomplete.
#
#  Out of Memory Error (allocation.cpp:390), pid=10412, tid=13712
#
# JRE version: Java(TM) SE Runtime Environment (8.0_20-b26) (build 1.8.0_20-b26)
# Java VM: Java HotSpot(TM) 64-Bit Server VM (25.20-b23 mixed mode windows-amd64 compressed oops)
# Failed to write core dump. Minidumps are not enabled by default on client versions of Windows
#

---------------  T H R E A D  ---------------

Current thread (0x000000001498a800):  JavaThread "C2 CompilerThread1" daemon [_thread_in_native, id=13712, stack(0x0000000015fe0000,0x00000000160e0000)]

Stack: [0x0000000015fe0000,0x00000000160e0000]
Native frames: (J=compiled Java code, j=interpreted, Vv=VM code, C=native code)
V  [jvm.dll+0x3152fa]
V  [jvm.dll+0x265d03]
V  [jvm.dll+0x266943]
V  [jvm.dll+0x25e265]
V  [jvm.dll+0xbe255]
V  [jvm.dll+0xbe6fc]
V  [jvm.dll+0x45c472]
V  [jvm.dll+0x49d76f]
V  [jvm.dll+0x451438]
V  [jvm.dll+0x452634]
V  [jvm.dll+0x435fc2]
V  [jvm.dll+0x97b62]
V  [jvm.dll+0x98353]
V  [jvm.dll+0x22aac4]
V  [jvm.dll+0x283f5a]
C  [msvcr100.dll+0x21d9f]
C  [msvcr100.dll+0x21e3b]
C  [KERNEL32.DLL+0x18102]
C  [ntdll.dll+0x5c5b4]


Current CompileTask:
C2:   2642 1288   !   4       com.android.dx.cf.code.BytecodeArray::parseInstruction (2764 bytes)


---------------  P R O C E S S  ---------------

Java Threads: ( => current thread )
  0x000000001642a000 JavaThread "pool-1-thread-4" [_thread_blocked, id=3420, stack(0x0000000016be0000,0x0000000016ce0000)]
  0x0000000016424000 JavaThread "pool-1-thread-3" [_thread_in_Java, id=5360, stack(0x0000000016ae0000,0x0000000016be0000)]
  0x00000000164e0000 JavaThread "pool-1-thread-2" [_thread_in_Java, id=4980, stack(0x00000000169e0000,0x0000000016ae0000)]
  0x0000000016440800 JavaThread "pool-2-thread-1" [_thread_blocked, id=12372, stack(0x00000000168e0000,0x00000000169e0000)]
  0x0000000016440000 JavaThread "pool-1-thread-1" [_thread_blocked, id=4068, stack(0x00000000167e0000,0x00000000168e0000)]
  0x00000000161f4800 JavaThread "Service Thread" daemon [_thread_blocked, id=12004, stack(0x00000000165e0000,0x00000000166e0000)]
  0x00000000149dc800 JavaThread "C1 CompilerThread2" daemon [_thread_blocked, id=11804, stack(0x00000000160e0000,0x00000000161e0000)]
=>0x000000001498a800 JavaThread "C2 CompilerThread1" daemon [_thread_in_native, id=13712, stack(0x0000000015fe0000,0x00000000160e0000)]
  0x0000000014999800 JavaThread "C2 CompilerThread0" daemon [_thread_in_native, id=928, stack(0x0000000015ee0000,0x0000000015fe0000)]
  0x0000000014997000 JavaThread "Attach Listener" daemon [_thread_blocked, id=4704, stack(0x0000000015de0000,0x0000000015ee0000)]
  0x0000000014996000 JavaThread "Signal Dispatcher" daemon [_thread_blocked, id=10208, stack(0x0000000015ce0000,0x0000000015de0000)]
  0x00000000022af000 JavaThread "Finalizer" daemon [_thread_blocked, id=5376, stack(0x0000000015be0000,0x0000000015ce0000)]
  0x0000000014958000 JavaThread "Reference Handler" daemon [_thread_blocked, id=13660, stack(0x0000000015ae0000,0x0000000015be0000)]
  0x00000000020bd800 JavaThread "main" [_thread_in_native, id=8856, stack(0x0000000001f90000,0x0000000002090000)]

Other Threads:
  0x0000000014956000 VMThread [stack: 0x00000000159e0000,0x0000000015ae0000] [id=13452]
  0x00000000161f7000 WatcherThread [stack: 0x00000000166e0000,0x00000000167e0000] [id=14144]

VM state:not at safepoint (normal execution)

VM Mutex/Monitor currently owned by a thread: None

Heap:
 PSYoungGen      total 38400K, used 15649K [0x00000000eab00000, 0x00000000ed580000, 0x0000000100000000)
  eden space 33280K, 31% used [0x00000000eab00000,0x00000000eb54f188,0x00000000ecb80000)
  from space 5120K, 99% used [0x00000000ecb80000,0x00000000ed0792a0,0x00000000ed080000)
  to   space 5120K, 0% used [0x00000000ed080000,0x00000000ed080000,0x00000000ed580000)
 ParOldGen       total 87552K, used 1208K [0x00000000c0000000, 0x00000000c5580000, 0x00000000eab00000)
  object space 87552K, 1% used [0x00000000c0000000,0x00000000c012e310,0x00000000c5580000)
 Metaspace       used 5987K, capacity 6960K, committed 7040K, reserved 1056768K
  class space    used 589K, capacity 616K, committed 640K, reserved 1048576K

Card table byte_map: [0x0000000011680000,0x0000000011890000] byte_map_base: 0x0000000011080000

Marking Bits: (ParMarkBitMap*) 0x0000000070fdb460
 Begin Bits: [0x0000000011df0000, 0x0000000012df0000)
 End Bits:   [0x0000000012df0000, 0x0000000013df0000)

Polling page: 0x00000000001f0000

CodeCache: size=245760Kb used=5113Kb max_used=5113Kb free=240646Kb
 bounds [0x00000000022c0000, 0x00000000027d0000, 0x00000000112c0000]
 total_blobs=1574 nmethods=1310 adapters=178
 compilation: enabled

Compilation events (10 events):
Event: 2.268 Thread 0x000000001498a800 nmethod 1278 0x00000000027b1d10 code [0x00000000027b1e60, 0x00000000027b1f18]
Event: 2.268 Thread 0x000000001498a800 1271       4       com.android.dx.ssa.SsaMethod$2::visitNonMoveInsn (6 bytes)
Event: 2.269 Thread 0x000000001498a800 nmethod 1271 0x000000000278d850 code [0x000000000278d9a0, 0x000000000278da28]
Event: 2.269 Thread 0x000000001498a800 1272       4       com.android.dx.rop.code.PlainInsn::withNewRegisters (18 bytes)
Event: 2.271 Thread 0x000000001498a800 nmethod 1272 0x00000000027b3250 code [0x00000000027b33a0, 0x00000000027b3578]
Event: 2.271 Thread 0x000000001498a800 1262       4       com.android.dx.ssa.SCCP::addBlockToWorklist (47 bytes)
Event: 2.286 Thread 0x000000001498a800 nmethod 1262 0x00000000027b4310 code [0x00000000027b44a0, 0x00000000027b4da8]
Event: 2.286 Thread 0x000000001498a800 1257       4       com.android.dx.rop.code.BasicBlockList::set (12 bytes)
Event: 2.300 Thread 0x000000001498a800 nmethod 1257 0x00000000027b22d0 code [0x00000000027b2440, 0x00000000027b2a88]
Event: 2.497 Thread 0x000000001498a800 1288   !   4       com.android.dx.cf.code.BytecodeArray::parseInstruction (2764 bytes)

GC Heap History (2 events):
Event: 2.076 GC heap before
{Heap before GC invocations=1 (full 0):
 PSYoungGen      total 38400K, used 33280K [0x00000000eab00000, 0x00000000ed580000, 0x0000000100000000)
  eden space 33280K, 100% used [0x00000000eab00000,0x00000000ecb80000,0x00000000ecb80000)
  from space 5120K, 0% used [0x00000000ed080000,0x00000000ed080000,0x00000000ed580000)
  to   space 5120K, 0% used [0x00000000ecb80000,0x00000000ecb80000,0x00000000ed080000)
 ParOldGen       total 87552K, used 0K [0x00000000c0000000, 0x00000000c5580000, 0x00000000eab00000)
  object space 87552K, 0% used [0x00000000c0000000,0x00000000c0000000,0x00000000c5580000)
 Metaspace       used 5947K, capacity 6960K, committed 7040K, reserved 1056768K
  class space    used 589K, capacity 616K, committed 640K, reserved 1048576K
Event: 2.153 GC heap after
Heap after GC invocations=1 (full 0):
 PSYoungGen      total 38400K, used 5092K [0x00000000eab00000, 0x00000000ed580000, 0x0000000100000000)
  eden space 33280K, 0% used [0x00000000eab00000,0x00000000eab00000,0x00000000ecb80000)
  from space 5120K, 99% used [0x00000000ecb80000,0x00000000ed0792a0,0x00000000ed080000)
  to   space 5120K, 0% used [0x00000000ed080000,0x00000000ed080000,0x00000000ed580000)
 ParOldGen       total 87552K, used 1208K [0x00000000c0000000, 0x00000000c5580000, 0x00000000eab00000)
  object space 87552K, 1% used [0x00000000c0000000,0x00000000c012e310,0x00000000c5580000)
 Metaspace       used 5947K, capacity 6960K, committed 7040K, reserved 1056768K
  class space    used 589K, capacity 616K, committed 640K, reserved 1048576K
}

Deoptimization events (10 events):
Event: 1.657 Thread 0x000000001642a000 Uncommon trap: reason=class_check action=maybe_recompile pc=0x00000000025aac2c method=com.android.dx.rop.type.Type.equals(Ljava/lang/Object;)Z @ 8
Event: 1.657 Thread 0x000000001642a000 Uncommon trap: reason=class_check action=maybe_recompile pc=0x00000000025aac2c method=com.android.dx.rop.type.Type.equals(Ljava/lang/Object;)Z @ 8
Event: 1.657 Thread 0x000000001642a000 Uncommon trap: reason=class_check action=maybe_recompile pc=0x00000000025aac2c method=com.android.dx.rop.type.Type.equals(Ljava/lang/Object;)Z @ 8
Event: 1.673 Thread 0x000000001642a000 Uncommon trap: reason=null_check action=make_not_entrant pc=0x000000000263ad74 method=com.android.dx.ssa.SsaRenamer.getLocalForNewReg(I)Lcom/android/dx/rop/code/LocalItem; @ 19
Event: 2.226 Thread 0x000000001642a000 Uncommon trap: reason=bimorphic action=maybe_recompile pc=0x0000000002523924 method=java.util.HashMap.getNode(ILjava/lang/Object;)Ljava/util/HashMap$Node; @ 126
Event: 2.229 Thread 0x000000001642a000 Uncommon trap: reason=bimorphic action=maybe_recompile pc=0x0000000002523924 method=java.util.HashMap.getNode(ILjava/lang/Object;)Ljava/util/HashMap$Node; @ 126
Event: 2.229 Thread 0x000000001642a000 Uncommon trap: reason=bimorphic action=maybe_recompile pc=0x0000000002523924 method=java.util.HashMap.getNode(ILjava/lang/Object;)Ljava/util/HashMap$Node; @ 126
Event: 2.229 Thread 0x000000001642a000 Uncommon trap: reason=bimorphic action=maybe_recompile pc=0x0000000002523924 method=java.util.HashMap.getNode(ILjava/lang/Object;)Ljava/util/HashMap$Node; @ 126
Event: 2.229 Thread 0x000000001642a000 Uncommon trap: reason=bimorphic action=maybe_recompile pc=0x00000000024d51cc method=java.util.HashMap.getNode(ILjava/lang/Object;)Ljava/util/HashMap$Node; @ 126
Event: 2.229 Thread 0x000000001642a000 Uncommon trap: reason=unreached action=reinterpret pc=0x0000000002607c9c method=com.android.dx.rop.cst.Constant.compareTo(Lcom/android/dx/rop/cst/Constant;)I @ 12

Internal exceptions (10 events):
Event: 0.949 Thread 0x0000000016424000 Exception <a 'java/security/PrivilegedActionException'> (0x00000000eb704428) thrown at [D:\re\workspace\8-2-build-windows-amd64-cygwin\jdk8u20\1074\hotspot\src\share\vm\prims\jvm.cpp, line 1275]
Event: 0.952 Thread 0x00000000164e0000 Exception <a 'java/security/PrivilegedActionException'> (0x00000000eb3df4f0) thrown at [D:\re\workspace\8-2-build-windows-amd64-cygwin\jdk8u20\1074\hotspot\src\share\vm\prims\jvm.cpp, line 1275]
Event: 0.959 Thread 0x0000000016440000 Exception <a 'java/security/PrivilegedActionException'> (0x00000000eb786120) thrown at [D:\re\workspace\8-2-build-windows-amd64-cygwin\jdk8u20\1074\hotspot\src\share\vm\prims\jvm.cpp, line 1275]
Event: 0.994 Thread 0x00000000164e0000 Exception <a 'java/security/PrivilegedActionException'> (0x00000000eb900298) thrown at [D:\re\workspace\8-2-build-windows-amd64-cygwin\jdk8u20\1074\hotspot\src\share\vm\prims\jvm.cpp, line 1275]
Event: 1.047 Thread 0x0000000016440000 Exception <a 'java/security/PrivilegedActionException'> (0x00000000eb7cc5c8) thrown at [D:\re\workspace\8-2-build-windows-amd64-cygwin\jdk8u20\1074\hotspot\src\share\vm\prims\jvm.cpp, line 1275]
Event: 1.656 Thread 0x000000001642a000 Exception <a 'java/security/PrivilegedActionException'> (0x00000000ec0ee0b8) thrown at [D:\re\workspace\8-2-build-windows-amd64-cygwin\jdk8u20\1074\hotspot\src\share\vm\prims\jvm.cpp, line 1275]
Event: 1.672 Thread 0x000000001642a000 Implicit null exception at 0x0000000002638e39 to 0x000000000263ad4d
Event: 1.700 Thread 0x00000000020bd800 Exception <a 'java/security/PrivilegedActionException'> (0x00000000ebb5eb30) thrown at [D:\re\workspace\8-2-build-windows-amd64-cygwin\jdk8u20\1074\hotspot\src\share\vm\prims\jvm.cpp, line 1275]
Event: 1.908 Thread 0x00000000020bd800 Exception <a 'java/security/PrivilegedActionException'> (0x00000000ec347528) thrown at [D:\re\workspace\8-2-build-windows-amd64-cygwin\jdk8u20\1074\hotspot\src\share\vm\prims\jvm.cpp, line 1275]
Event: 1.909 Thread 0x00000000020bd800 Exception <a 'java/security/PrivilegedActionException'> (0x00000000ec349e70) thrown at [D:\re\workspace\8-2-build-windows-amd64-cygwin\jdk8u20\1074\hotspot\src\share\vm\prims\jvm.cpp, line 1275]

Events (10 events):
Event: 2.229 Thread 0x000000001642a000 DEOPT UNPACKING pc=0x000000000230556a sp=0x0000000016cde9e8 mode 2
Event: 2.229 Thread 0x000000001642a000 Uncommon trap: trap_request=0xffffffc6 fr.pc=0x0000000002523924
Event: 2.229 Thread 0x000000001642a000 DEOPT PACKING pc=0x0000000002523924 sp=0x0000000016cdeac0
Event: 2.229 Thread 0x000000001642a000 DEOPT UNPACKING pc=0x000000000230556a sp=0x0000000016cde9e8 mode 2
Event: 2.229 Thread 0x000000001642a000 Uncommon trap: trap_request=0xffffffc6 fr.pc=0x00000000024d51cc
Event: 2.229 Thread 0x000000001642a000 DEOPT PACKING pc=0x00000000024d51cc sp=0x0000000016cde730
Event: 2.229 Thread 0x000000001642a000 DEOPT UNPACKING pc=0x000000000230556a sp=0x0000000016cde6b8 mode 2
Event: 2.229 Thread 0x000000001642a000 Uncommon trap: trap_request=0xffffffad fr.pc=0x0000000002607c9c
Event: 2.229 Thread 0x000000001642a000 DEOPT PACKING pc=0x0000000002607c9c sp=0x0000000016cde7a0
Event: 2.229 Thread 0x000000001642a000 DEOPT UNPACKING pc=0x000000000230556a sp=0x0000000016cde740 mode 2


Dynamic libraries:
0x00007ff684e90000 - 0x00007ff684ec4000 	C:\Program Files\Java\jdk1.8.0_20\bin\java.exe
0x00007ffb659a0000 - 0x00007ffb65b61000 	C:\WINDOWS\SYSTEM32\ntdll.dll
0x00007ffb633d0000 - 0x00007ffb6347d000 	C:\WINDOWS\system32\KERNEL32.DLL
0x00007ffb626f0000 - 0x00007ffb628d8000 	C:\WINDOWS\system32\KERNELBASE.dll
0x00007ffb606a0000 - 0x00007ffb60719000 	C:\WINDOWS\system32\apphelp.dll
0x00007ffb658f0000 - 0x00007ffb65997000 	C:\WINDOWS\system32\ADVAPI32.dll
0x00007ffb65420000 - 0x00007ffb654bd000 	C:\WINDOWS\system32\msvcrt.dll
0x00007ffb62d80000 - 0x00007ffb62ddb000 	C:\WINDOWS\system32\sechost.dll
0x00007ffb63750000 - 0x00007ffb6386c000 	C:\WINDOWS\system32\RPCRT4.dll
0x00007ffb652c0000 - 0x00007ffb65416000 	C:\WINDOWS\system32\USER32.dll
0x00007ffb63550000 - 0x00007ffb636d6000 	C:\WINDOWS\system32\GDI32.dll
0x00007ffb57250000 - 0x00007ffb574c4000 	C:\WINDOWS\WinSxS\amd64_microsoft.windows.common-controls_6595b64144ccf1df_6.0.10586.0_none_8c15ae12515e1c22\COMCTL32.dll
0x00007ffb65040000 - 0x00007ffb652bd000 	C:\WINDOWS\system32\combase.dll
0x00007ffb62680000 - 0x00007ffb626ea000 	C:\WINDOWS\system32\bcryptPrimitives.dll
0x00007ffb63870000 - 0x00007ffb638ab000 	C:\WINDOWS\system32\IMM32.DLL
0x0000000071060000 - 0x0000000071132000 	C:\Program Files\Java\jdk1.8.0_20\jre\bin\msvcr100.dll
0x0000000070800000 - 0x0000000071058000 	C:\Program Files\Java\jdk1.8.0_20\jre\bin\server\jvm.dll
0x00007ffb64f70000 - 0x00007ffb64f78000 	C:\WINDOWS\system32\PSAPI.DLL
0x00007ffb58000000 - 0x00007ffb58009000 	C:\WINDOWS\SYSTEM32\WSOCK32.dll
0x00007ffb631e0000 - 0x00007ffb6324b000 	C:\WINDOWS\system32\WS2_32.dll
0x00007ffb60720000 - 0x00007ffb60743000 	C:\WINDOWS\SYSTEM32\WINMM.dll
0x00007ffb60670000 - 0x00007ffb6069c000 	C:\WINDOWS\SYSTEM32\WINMMBASE.dll
0x00007ffb62d10000 - 0x00007ffb62d53000 	C:\WINDOWS\system32\cfgmgr32.dll
0x00000000707f0000 - 0x00000000707ff000 	C:\Program Files\Java\jdk1.8.0_20\jre\bin\verify.dll
0x00000000707c0000 - 0x00000000707e8000 	C:\Program Files\Java\jdk1.8.0_20\jre\bin\java.dll
0x00000000707a0000 - 0x00000000707b6000 	C:\Program Files\Java\jdk1.8.0_20\jre\bin\zip.dll
0x00007ffb638b0000 - 0x00007ffb64e0c000 	C:\WINDOWS\system32\SHELL32.dll
0x00007ffb62030000 - 0x00007ffb62675000 	C:\WINDOWS\system32\windows.storage.dll
0x00007ffb64f80000 - 0x00007ffb64fd2000 	C:\WINDOWS\system32\shlwapi.dll
0x00007ffb61fc0000 - 0x00007ffb61fcf000 	C:\WINDOWS\system32\kernel.appcore.dll
0x00007ffb62ba0000 - 0x00007ffb62c55000 	C:\WINDOWS\system32\shcore.dll
0x00007ffb61fe0000 - 0x00007ffb6202b000 	C:\WINDOWS\system32\powrprof.dll
0x00007ffb61fa0000 - 0x00007ffb61fb4000 	C:\WINDOWS\system32\profapi.dll
0x00007ffb555c0000 - 0x00007ffb5574c000 	C:\WINDOWS\SYSTEM32\dbghelp.dll

VM Arguments:
jvm_args: -Djava.awt.headless=true -Xmx1024M -Dfile.encoding=windows-1252 -Duser.country=US -Duser.language=en -Duser.variant 
java_command: com.android.dx.command.Main --dex --num-threads=4 --output C:\Users\admin\Documents\GitHub\ShaneelSD\SoftwareDesign\FindMeTutor\FindMeTutor\tutor_app\build\intermediates\pre-dexed\debug\com.android.support-recyclerview-v7-24.2.0_34c97a3f751a25488ed5cd3b211e7acf74275383.jar C:\Users\admin\Documents\GitHub\ShaneelSD\SoftwareDesign\FindMeTutor\FindMeTutor\tutor_app\build\intermediates\exploded-aar\com.android.support\recyclerview-v7\24.2.0\jars\classes.jar
java_class_path (initial): C:\Users\admin\AppData\Local\Android\sdk\build-tools\24.0.1\lib\dx.jar
Launcher Type: SUN_STANDARD

Environment Variables:
PATH=C:\ProgramData\Oracle\Java\javapath;C:\Program Files (x86)\Intel\iCLS Client\;C:\Program Files\Intel\iCLS Client\;C:\WINDOWS\system32;C:\WINDOWS;C:\WINDOWS\System32\Wbem;C:\WINDOWS\System32\WindowsPowerShell\v1.0\;C:\Program Files\Intel\Intel(R) Management Engine Components\DAL;C:\Program Files\Intel\Intel(R) Management Engine Components\IPT;C:\Program Files (x86)\Intel\Intel(R) Management Engine Components\DAL;C:\Program Files (x86)\Intel\Intel(R) Management Engine Components\IPT;C:\Program Files\WIDCOMM\Bluetooth Software\;C:\Program Files\WIDCOMM\Bluetooth Software\syswow64;C:\Program Files (x86)\Intel\OpenCL SDK\2.0\bin\x86;C:\Program Files (x86)\Intel\OpenCL SDK\2.0\bin\x64;C:\Program Files\Intel\WiFi\bin\;C:\Program Files\Common Files\Intel\WirelessCommon\;c:\Program Files (x86)\Microsoft SQL Server\100\Tools\Binn\;c:\Program Files\Microsoft SQL Server\100\Tools\Binn\;c:\Program Files\Microsoft SQL Server\100\DTS\Binn\;C:\Program Files (x86)\MySQL\MySQL Fabric 1.5.4 & MySQL Utilities 1.5.4 1.5\;C:\Program Files (x86)\MySQL\MySQL Fabric 1.5.4 & MySQL Utilities 1.5.4 1.5\Doctrine extensions for PHP\;C:\Program Files (x86)\Borland\Delphi7\Bin;C:\Program Files (x86)\Borland\Delphi7\Projects\Bpl;C:\Program Files (x86)\Borland\Delphi7\Rave5;C:\Program Files\Git\cmd;
USERNAME=admin
OS=Windows_NT
PROCESSOR_IDENTIFIER=Intel64 Family 6 Model 58 Stepping 9, GenuineIntel



---------------  S Y S T E M  ---------------

OS: Windows 8.1 , 64 bit Build 9600 

CPU:total 4 (2 cores per cpu, 2 threads per core) family 6 model 58 stepping 9, cmov, cx8, fxsr, mmx, sse, sse2, sse3, ssse3, sse4.1, sse4.2, popcnt, avx, aes, clmul, erms, ht, tsc, tscinvbit, tscinv

Memory: 4k page, physical 8258576k(1923544k free), swap 10306576k(6856k free)

vm_info: Java HotSpot(TM) 64-Bit Server VM (25.20-b23) for windows-amd64 JRE (1.8.0_20-b26), built on Jul 30 2014 13:51:23 by "java_re" with MS VC++ 10.0 (VS2010)

time: Thu Sep 08 21:23:55 2016
elapsed time: 2 seconds (0d 0h 0m 2s)

