#
# There is insufficient memory for the Java Runtime Environment to continue.
# Native memory allocation (malloc) failed to allocate 1048576 bytes for AllocateHeap
# Possible reasons:
#   The system is out of physical RAM or swap space
#   In 32 bit mode, the process size limit was hit
# Possible solutions:
#   Reduce memory load on the system
#   Increase physical memory or swap space
#   Check if swap backing store is full
#   Use 64 bit Java on a 64 bit OS
#   Decrease Java heap size (-Xmx/-Xms)
#   Decrease number of Java threads
#   Decrease Java thread stack sizes (-Xss)
#   Set larger code cache with -XX:ReservedCodeCacheSize=
# This output file may be truncated or incomplete.
#
#  Out of Memory Error (memory/allocation.inline.hpp:62), pid=9812, tid=14836
#
# JRE version:  (8.0_20-b26) (build )
# Java VM: Java HotSpot(TM) 64-Bit Server VM (25.20-b23 mixed mode windows-amd64 compressed oops)
# Failed to write core dump. Minidumps are not enabled by default on client versions of Windows
#

---------------  T H R E A D  ---------------

Current thread (0x0000000002c1d800):  JavaThread "Unknown thread" [_thread_in_vm, id=14836, stack(0x0000000002b00000,0x0000000002c00000)]

Stack: [0x0000000002b00000,0x0000000002c00000]
Native frames: (J=compiled Java code, j=interpreted, Vv=VM code, C=native code)
V  [jvm.dll+0x3152fa]
V  [jvm.dll+0x265d03]
V  [jvm.dll+0x266943]
V  [jvm.dll+0x25e265]
V  [jvm.dll+0x38b06f]
V  [jvm.dll+0x3d4b92]
V  [jvm.dll+0x3d4f1a]
V  [jvm.dll+0x3d0637]
V  [jvm.dll+0xe4472]
V  [jvm.dll+0x1f8a09]
V  [jvm.dll+0x229fc4]
V  [jvm.dll+0x14c6f1]
C  [java.exe+0x20b6]
C  [java.exe+0xc9bb]
C  [java.exe+0xca4f]
C  [KERNEL32.DLL+0x18102]
C  [ntdll.dll+0x5c5b4]


---------------  P R O C E S S  ---------------

Java Threads: ( => current thread )

Other Threads:

=>0x0000000002c1d800 (exited) JavaThread "Unknown thread" [_thread_in_vm, id=14836, stack(0x0000000002b00000,0x0000000002c00000)]

VM state:not at safepoint (normal execution)

VM Mutex/Monitor currently owned by a thread: None

Heap:
 PSYoungGen      total 38400K, used 665K [0x00000000eab00000, 0x00000000ed580000, 0x0000000100000000)
  eden space 33280K, 2% used [0x00000000eab00000,0x00000000eaba6670,0x00000000ecb80000)
  from space 5120K, 0% used [0x00000000ed080000,0x00000000ed080000,0x00000000ed580000)
  to   space 5120K, 0% used [0x00000000ecb80000,0x00000000ecb80000,0x00000000ed080000)
 ParOldGen       total 87552K, used 0K [0x00000000c0000000, 0x00000000c5580000, 0x00000000eab00000)
  object space 87552K, 0% used [0x00000000c0000000,0x00000000c0000000,0x00000000c5580000)
 Metaspace       used 674K, capacity 4480K, committed 4480K, reserved 1056768K
  class space    used 66K, capacity 384K, committed 384K, reserved 1048576K

Card table byte_map: [0x00000000120e0000,0x00000000122f0000] byte_map_base: 0x0000000011ae0000

Marking Bits: (ParMarkBitMap*) 0x000000006451b460
 Begin Bits: [0x0000000012850000, 0x0000000013850000)
 End Bits:   [0x0000000013850000, 0x0000000014850000)

Polling page: 0x0000000001280000

CodeCache: size=245760Kb used=327Kb max_used=327Kb free=245432Kb
 bounds [0x0000000002d20000, 0x0000000002f90000, 0x0000000011d20000]
 total_blobs=56 nmethods=0 adapters=37
 compilation: enabled

Compilation events (0 events):
No events

GC Heap History (0 events):
No events

Deoptimization events (0 events):
No events

Internal exceptions (0 events):
No events

Events (10 events):
Event: 0.650 loading class java/lang/Short
Event: 0.650 loading class java/lang/Short done
Event: 0.650 loading class java/lang/Integer
Event: 0.650 loading class java/lang/Integer done
Event: 0.650 loading class java/lang/Long
Event: 0.650 loading class java/lang/Long done
Event: 0.651 loading class java/lang/NullPointerException
Event: 0.652 loading class java/lang/NullPointerException done
Event: 0.652 loading class java/lang/ArithmeticException
Event: 0.652 loading class java/lang/ArithmeticException done


Dynamic libraries:
0x00007ff79b830000 - 0x00007ff79b864000 	C:\Program Files\Java\jdk1.8.0_20\bin\java.exe
0x00007ffc6b1c0000 - 0x00007ffc6b381000 	C:\WINDOWS\SYSTEM32\ntdll.dll
0x00007ffc68920000 - 0x00007ffc689cd000 	C:\WINDOWS\system32\KERNEL32.DLL
0x00007ffc67a70000 - 0x00007ffc67c58000 	C:\WINDOWS\system32\KERNELBASE.dll
0x00007ffc6b110000 - 0x00007ffc6b1b7000 	C:\WINDOWS\system32\ADVAPI32.dll
0x00007ffc6af30000 - 0x00007ffc6afcd000 	C:\WINDOWS\system32\msvcrt.dll
0x00007ffc6b040000 - 0x00007ffc6b09b000 	C:\WINDOWS\system32\sechost.dll
0x00007ffc689d0000 - 0x00007ffc68aec000 	C:\WINDOWS\system32\RPCRT4.dll
0x00007ffc6ac30000 - 0x00007ffc6ad86000 	C:\WINDOWS\system32\USER32.dll
0x00007ffc6ad90000 - 0x00007ffc6af16000 	C:\WINDOWS\system32\GDI32.dll
0x00007ffc5dcb0000 - 0x00007ffc5df24000 	C:\WINDOWS\WinSxS\amd64_microsoft.windows.common-controls_6595b64144ccf1df_6.0.10586.589_none_a2ddb3caa539acce\COMCTL32.dll
0x00007ffc6a5e0000 - 0x00007ffc6a85d000 	C:\WINDOWS\system32\combase.dll
0x00007ffc67c80000 - 0x00007ffc67cea000 	C:\WINDOWS\system32\bcryptPrimitives.dll
0x00007ffc68770000 - 0x00007ffc687ab000 	C:\WINDOWS\system32\IMM32.DLL
0x00000000645a0000 - 0x0000000064672000 	C:\Program Files\Java\jdk1.8.0_20\jre\bin\msvcr100.dll
0x0000000063d40000 - 0x0000000064598000 	C:\Program Files\Java\jdk1.8.0_20\jre\bin\server\jvm.dll
0x00007ffc6b0a0000 - 0x00007ffc6b0a8000 	C:\WINDOWS\system32\PSAPI.DLL
0x00007ffc5c500000 - 0x00007ffc5c509000 	C:\WINDOWS\SYSTEM32\WSOCK32.dll
0x00007ffc68700000 - 0x00007ffc6876b000 	C:\WINDOWS\system32\WS2_32.dll
0x00007ffc65ad0000 - 0x00007ffc65af3000 	C:\WINDOWS\SYSTEM32\WINMM.dll
0x00007ffc65aa0000 - 0x00007ffc65acc000 	C:\WINDOWS\SYSTEM32\WINMMBASE.dll
0x00007ffc679c0000 - 0x00007ffc67a03000 	C:\WINDOWS\system32\cfgmgr32.dll
0x0000000063d30000 - 0x0000000063d3f000 	C:\Program Files\Java\jdk1.8.0_20\jre\bin\verify.dll
0x0000000063d00000 - 0x0000000063d28000 	C:\Program Files\Java\jdk1.8.0_20\jre\bin\java.dll
0x0000000063ce0000 - 0x0000000063cf6000 	C:\Program Files\Java\jdk1.8.0_20\jre\bin\zip.dll
0x00007ffc5c290000 - 0x00007ffc5c41c000 	C:\WINDOWS\SYSTEM32\dbghelp.dll

VM Arguments:
jvm_args: -Djava.awt.headless=true -Xmx1024M -Dfile.encoding=windows-1252 -Duser.country=US -Duser.language=en -Duser.variant 
java_command: com.android.dx.command.Main --dex --force-jumbo --num-threads=4 --multi-dex --output C:\Users\admin\Documents\GitHub\ShaneelSD\SoftwareDesign\FindMeTutor\FindMeTutor\tutor_app\build\intermediates\transforms\dex\debug\folders\1000\2\picasso-2.5.2_d5fc532d534bacdd8cf10be947d6ceda4d00d4c1 C:\Users\admin\Documents\GitHub\ShaneelSD\SoftwareDesign\FindMeTutor\FindMeTutor\tutor_app\src\main\libs\picasso-2.5.2.jar
java_class_path (initial): C:\Users\admin\AppData\Local\Android\sdk\build-tools\24.0.1\lib\dx.jar
Launcher Type: SUN_STANDARD

Environment Variables:
PATH=C:\ProgramData\Oracle\Java\javapath;C:\Program Files (x86)\Intel\iCLS Client\;C:\Program Files\Intel\iCLS Client\;C:\WINDOWS\system32;C:\WINDOWS;C:\WINDOWS\System32\Wbem;C:\WINDOWS\System32\WindowsPowerShell\v1.0\;C:\Program Files\Intel\Intel(R) Management Engine Components\DAL;C:\Program Files\Intel\Intel(R) Management Engine Components\IPT;C:\Program Files (x86)\Intel\Intel(R) Management Engine Components\DAL;C:\Program Files (x86)\Intel\Intel(R) Management Engine Components\IPT;C:\Program Files\WIDCOMM\Bluetooth Software\;C:\Program Files\WIDCOMM\Bluetooth Software\syswow64;C:\Program Files (x86)\Intel\OpenCL SDK\2.0\bin\x86;C:\Program Files (x86)\Intel\OpenCL SDK\2.0\bin\x64;C:\Program Files\Intel\WiFi\bin\;C:\Program Files\Common Files\Intel\WirelessCommon\;c:\Program Files (x86)\Microsoft SQL Server\100\Tools\Binn\;c:\Program Files\Microsoft SQL Server\100\Tools\Binn\;c:\Program Files\Microsoft SQL Server\100\DTS\Binn\;C:\Program Files (x86)\MySQL\MySQL Fabric 1.5.4 & MySQL Utilities 1.5.4 1.5\;C:\Program Files (x86)\MySQL\MySQL Fabric 1.5.4 & MySQL Utilities 1.5.4 1.5\Doctrine extensions for PHP\;C:\Program Files (x86)\Borland\Delphi7\Bin;C:\Program Files (x86)\Borland\Delphi7\Projects\Bpl;C:\Program Files (x86)\Borland\Delphi7\Rave5;C:\Program Files\Git\cmd;C:\Program Files (x86)\OpenVPN\bin;C:\Program Files\Intel\WiFi\bin\;C:\Program Files\Common Files\Intel\WirelessCommon\
USERNAME=admin
OS=Windows_NT
PROCESSOR_IDENTIFIER=Intel64 Family 6 Model 58 Stepping 9, GenuineIntel



---------------  S Y S T E M  ---------------

OS: Windows 8.1 , 64 bit Build 9600 

CPU:total 4 (2 cores per cpu, 2 threads per core) family 6 model 58 stepping 9, cmov, cx8, fxsr, mmx, sse, sse2, sse3, ssse3, sse4.1, sse4.2, popcnt, avx, aes, clmul, erms, ht, tsc, tscinvbit, tscinv

Memory: 4k page, physical 8258576k(2555576k free), swap 10306576k(653820k free)

vm_info: Java HotSpot(TM) 64-Bit Server VM (25.20-b23) for windows-amd64 JRE (1.8.0_20-b26), built on Jul 30 2014 13:51:23 by "java_re" with MS VC++ 10.0 (VS2010)

time: Fri Oct 28 12:10:11 2016
elapsed time: 0 seconds (0d 0h 0m 0s)

