#
# There is insufficient memory for the Java Runtime Environment to continue.
# Native memory allocation (malloc) failed to allocate 298320 bytes for Chunk::new
# Possible reasons:
#   The system is out of physical RAM or swap space
#   In 32 bit mode, the process size limit was hit
# Possible solutions:
#   Reduce memory load on the system
#   Increase physical memory or swap space
#   Check if swap backing store is full
#   Use 64 bit Java on a 64 bit OS
#   Decrease Java heap size (-Xmx/-Xms)
#   Decrease number of Java threads
#   Decrease Java thread stack sizes (-Xss)
#   Set larger code cache with -XX:ReservedCodeCacheSize=
# This output file may be truncated or incomplete.
#
#  Out of Memory Error (allocation.cpp:390), pid=6544, tid=8636
#
# JRE version: Java(TM) SE Runtime Environment (8.0_20-b26) (build 1.8.0_20-b26)
# Java VM: Java HotSpot(TM) 64-Bit Server VM (25.20-b23 mixed mode windows-amd64 compressed oops)
# Failed to write core dump. Minidumps are not enabled by default on client versions of Windows
#

---------------  T H R E A D  ---------------

Current thread (0x0000000014989800):  JavaThread "C2 CompilerThread1" daemon [_thread_in_native, id=8636, stack(0x0000000016000000,0x0000000016100000)]

Stack: [0x0000000016000000,0x0000000016100000]
Native frames: (J=compiled Java code, j=interpreted, Vv=VM code, C=native code)
V  [jvm.dll+0x3152fa]
V  [jvm.dll+0x265d03]
V  [jvm.dll+0x266943]
V  [jvm.dll+0x25e265]
V  [jvm.dll+0xbe255]
V  [jvm.dll+0xbe6fc]
V  [jvm.dll+0x449d02]
V  [jvm.dll+0x4bd300]
V  [jvm.dll+0x4bff50]
V  [jvm.dll+0x44fef1]
V  [jvm.dll+0x4526c8]
V  [jvm.dll+0x435fc2]
V  [jvm.dll+0x97b62]
V  [jvm.dll+0x98353]
V  [jvm.dll+0x22aac4]
V  [jvm.dll+0x283f5a]
C  [msvcr100.dll+0x21d9f]
C  [msvcr100.dll+0x21e3b]
C  [KERNEL32.DLL+0x18102]
C  [ntdll.dll+0x5c5b4]


Current CompileTask:
C2:   8253  671       4       com.android.dx.ssa.SsaBasicBlock::forEachInsn (37 bytes)


---------------  P R O C E S S  ---------------

Java Threads: ( => current thread )
  0x000000001665d800 JavaThread "pool-2-thread-4" [_thread_blocked, id=5040, stack(0x0000000016c00000,0x0000000016d00000)]
  0x000000001665c800 JavaThread "pool-2-thread-3" [_thread_in_vm, id=10344, stack(0x0000000016b00000,0x0000000016c00000)]
  0x0000000016561800 JavaThread "pool-2-thread-2" [_thread_blocked, id=11336, stack(0x0000000016a00000,0x0000000016b00000)]
  0x000000001655a000 JavaThread "pool-3-thread-1" [_thread_blocked, id=13436, stack(0x0000000016900000,0x0000000016a00000)]
  0x0000000016557000 JavaThread "pool-2-thread-1" [_thread_blocked, id=11716, stack(0x0000000016800000,0x0000000016900000)]
  0x00000000149e4800 JavaThread "Service Thread" daemon [_thread_blocked, id=11384, stack(0x0000000016200000,0x0000000016300000)]
  0x0000000014992800 JavaThread "C1 CompilerThread2" daemon [_thread_in_native, id=12976, stack(0x0000000016100000,0x0000000016200000)]
=>0x0000000014989800 JavaThread "C2 CompilerThread1" daemon [_thread_in_native, id=8636, stack(0x0000000016000000,0x0000000016100000)]
  0x0000000014999800 JavaThread "C2 CompilerThread0" daemon [_thread_in_native, id=3064, stack(0x0000000015f00000,0x0000000016000000)]
  0x0000000014997000 JavaThread "Attach Listener" daemon [_thread_blocked, id=13168, stack(0x0000000015e00000,0x0000000015f00000)]
  0x0000000014996000 JavaThread "Signal Dispatcher" daemon [_thread_blocked, id=3312, stack(0x0000000015d00000,0x0000000015e00000)]
  0x00000000022af000 JavaThread "Finalizer" daemon [_thread_blocked, id=12800, stack(0x0000000015c00000,0x0000000015d00000)]
  0x00000000022ac000 JavaThread "Reference Handler" daemon [_thread_blocked, id=13812, stack(0x0000000015b00000,0x0000000015c00000)]
  0x00000000020bd800 JavaThread "main" [_thread_blocked, id=12012, stack(0x00000000020c0000,0x00000000021c0000)]

Other Threads:
  0x0000000014956000 VMThread [stack: 0x0000000015a00000,0x0000000015b00000] [id=12768]
  0x00000000149e7800 WatcherThread [stack: 0x0000000016300000,0x0000000016400000] [id=4348]

VM state:synchronizing (normal execution)

VM Mutex/Monitor currently owned by a thread:  ([mutex/lock_event])
[0x00000000020bd1f0] Threads_lock - owner thread: 0x0000000014956000
[0x00000000020bc8f0] CompiledIC_lock - owner thread: 0x00000000020bd800

Heap:
 PSYoungGen      total 38400K, used 17354K [0x00000000eab00000, 0x00000000ed580000, 0x0000000100000000)
  eden space 33280K, 52% used [0x00000000eab00000,0x00000000ebbf2bf0,0x00000000ecb80000)
  from space 5120K, 0% used [0x00000000ed080000,0x00000000ed080000,0x00000000ed580000)
  to   space 5120K, 0% used [0x00000000ecb80000,0x00000000ecb80000,0x00000000ed080000)
 ParOldGen       total 87552K, used 0K [0x00000000c0000000, 0x00000000c5580000, 0x00000000eab00000)
  object space 87552K, 0% used [0x00000000c0000000,0x00000000c0000000,0x00000000c5580000)
 Metaspace       used 5682K, capacity 6704K, committed 6784K, reserved 1056768K
  class space    used 582K, capacity 616K, committed 640K, reserved 1048576K

Card table byte_map: [0x0000000011680000,0x0000000011890000] byte_map_base: 0x0000000011080000

Marking Bits: (ParMarkBitMap*) 0x0000000068dfb460
 Begin Bits: [0x0000000011df0000, 0x0000000012df0000)
 End Bits:   [0x0000000012df0000, 0x0000000013df0000)

Polling page: 0x00000000001f0000

CodeCache: size=245760Kb used=2878Kb max_used=2878Kb free=242881Kb
 bounds [0x00000000022c0000, 0x00000000025a0000, 0x00000000112c0000]
 total_blobs=999 nmethods=735 adapters=178
 compilation: enabled

Compilation events (10 events):
Event: 4.735 Thread 0x0000000014992800 nmethod 716 0x000000000257df90 code [0x000000000257e0e0, 0x000000000257e230]
Event: 4.735 Thread 0x0000000014992800  706       3       com.android.dx.rop.code.SourcePosition::<init> (50 bytes)
Event: 4.735 Thread 0x0000000014992800 nmethod 706 0x000000000257d950 code [0x000000000257dae0, 0x000000000257de58]
Event: 4.735 Thread 0x0000000014992800  751       3       com.android.dx.ssa.Dominators::compress (229 bytes)
Event: 4.737 Thread 0x0000000014999800 nmethod 748 0x0000000002588cd0 code [0x0000000002588e20, 0x0000000002589158]
Event: 4.737 Thread 0x0000000014999800  749   !   4       com.android.dx.rop.code.RegisterSpec::intern (70 bytes)
Event: 4.738 Thread 0x0000000014992800 nmethod 751 0x0000000002589590 code [0x0000000002589900, 0x000000000258b808]
Event: 4.738 Thread 0x0000000014992800  754       3       com.android.dx.cf.code.RopperMachine::getSources (264 bytes)
Event: 4.741 Thread 0x0000000014992800 nmethod 754 0x000000000258d150 code [0x000000000258d700, 0x0000000002591e98]
Event: 4.742 Thread 0x0000000014992800  753   !   3       com.android.dx.cf.code.RopperMachine::run (1550 bytes)

GC Heap History (0 events):
No events

Deoptimization events (0 events):
No events

Internal exceptions (10 events):
Event: 4.626 Thread 0x000000001665c800 Exception <a 'java/security/PrivilegedActionException'> (0x00000000eb202368) thrown at [D:\re\workspace\8-2-build-windows-amd64-cygwin\jdk8u20\1074\hotspot\src\share\vm\prims\jvm.cpp, line 1275]
Event: 4.627 Thread 0x000000001665c800 Exception <a 'java/security/PrivilegedActionException'> (0x00000000eb2078e0) thrown at [D:\re\workspace\8-2-build-windows-amd64-cygwin\jdk8u20\1074\hotspot\src\share\vm\prims\jvm.cpp, line 1275]
Event: 4.627 Thread 0x000000001665c800 Exception <a 'java/security/PrivilegedActionException'> (0x00000000eb20ab28) thrown at [D:\re\workspace\8-2-build-windows-amd64-cygwin\jdk8u20\1074\hotspot\src\share\vm\prims\jvm.cpp, line 1275]
Event: 4.628 Thread 0x000000001665c800 Exception <a 'java/security/PrivilegedActionException'> (0x00000000eb20dff0) thrown at [D:\re\workspace\8-2-build-windows-amd64-cygwin\jdk8u20\1074\hotspot\src\share\vm\prims\jvm.cpp, line 1275]
Event: 4.629 Thread 0x000000001665c800 Exception <a 'java/security/PrivilegedActionException'> (0x00000000eb212c88) thrown at [D:\re\workspace\8-2-build-windows-amd64-cygwin\jdk8u20\1074\hotspot\src\share\vm\prims\jvm.cpp, line 1275]
Event: 4.645 Thread 0x000000001665c800 Exception <a 'java/security/PrivilegedActionException'> (0x00000000eb218df0) thrown at [D:\re\workspace\8-2-build-windows-amd64-cygwin\jdk8u20\1074\hotspot\src\share\vm\prims\jvm.cpp, line 1275]
Event: 4.646 Thread 0x000000001665c800 Exception <a 'java/security/PrivilegedActionException'> (0x00000000eb21bbd8) thrown at [D:\re\workspace\8-2-build-windows-amd64-cygwin\jdk8u20\1074\hotspot\src\share\vm\prims\jvm.cpp, line 1275]
Event: 4.646 Thread 0x000000001665c800 Exception <a 'java/security/PrivilegedActionException'> (0x00000000eb21eef8) thrown at [D:\re\workspace\8-2-build-windows-amd64-cygwin\jdk8u20\1074\hotspot\src\share\vm\prims\jvm.cpp, line 1275]
Event: 4.647 Thread 0x000000001665c800 Exception <a 'java/security/PrivilegedActionException'> (0x00000000eb228120) thrown at [D:\re\workspace\8-2-build-windows-amd64-cygwin\jdk8u20\1074\hotspot\src\share\vm\prims\jvm.cpp, line 1275]
Event: 4.648 Thread 0x000000001665c800 Exception <a 'java/security/PrivilegedActionException'> (0x00000000eb22c6e0) thrown at [D:\re\workspace\8-2-build-windows-amd64-cygwin\jdk8u20\1074\hotspot\src\share\vm\prims\jvm.cpp, line 1275]

Events (10 events):
Event: 4.646 loading class com/android/dx/dex/file/TypeIdItem
Event: 4.646 loading class com/android/dx/dex/file/TypeIdItem done
Event: 4.646 loading class com/android/dx/dex/file/ValueEncoder
Event: 4.646 loading class com/android/dx/dex/file/ValueEncoder done
Event: 4.647 loading class com/android/dx/dex/file/StringIdItem
Event: 4.647 loading class com/android/dx/dex/file/StringIdItem done
Event: 4.648 loading class com/android/dx/dex/file/StringDataItem
Event: 4.648 loading class com/android/dx/dex/file/StringDataItem done
Event: 4.699 loading class java/util/ArrayList$1
Event: 4.699 loading class java/util/ArrayList$1 done


Dynamic libraries:
0x00007ff78c3b0000 - 0x00007ff78c3e4000 	C:\Program Files\Java\jdk1.8.0_20\bin\java.exe
0x00007fff5ffe0000 - 0x00007fff601a1000 	C:\WINDOWS\SYSTEM32\ntdll.dll
0x00007fff5d4e0000 - 0x00007fff5d58d000 	C:\WINDOWS\system32\KERNEL32.DLL
0x00007fff5c950000 - 0x00007fff5cb38000 	C:\WINDOWS\system32\KERNELBASE.dll
0x00007fff5fcd0000 - 0x00007fff5fd77000 	C:\WINDOWS\system32\ADVAPI32.dll
0x00007fff5f5f0000 - 0x00007fff5f68d000 	C:\WINDOWS\system32\msvcrt.dll
0x00007fff5f2b0000 - 0x00007fff5f30b000 	C:\WINDOWS\system32\sechost.dll
0x00007fff5fe00000 - 0x00007fff5ff1c000 	C:\WINDOWS\system32\RPCRT4.dll
0x00007fff5ec30000 - 0x00007fff5ed86000 	C:\WINDOWS\system32\USER32.dll
0x00007fff5efa0000 - 0x00007fff5f126000 	C:\WINDOWS\system32\GDI32.dll
0x00007fff50340000 - 0x00007fff505b4000 	C:\WINDOWS\WinSxS\amd64_microsoft.windows.common-controls_6595b64144ccf1df_6.0.10586.0_none_8c15ae12515e1c22\COMCTL32.dll
0x00007fff5f310000 - 0x00007fff5f58d000 	C:\WINDOWS\system32\combase.dll
0x00007fff5d190000 - 0x00007fff5d1fa000 	C:\WINDOWS\system32\bcryptPrimitives.dll
0x00007fff5ff20000 - 0x00007fff5ff5b000 	C:\WINDOWS\system32\IMM32.DLL
0x00000000697d0000 - 0x00000000698a2000 	C:\Program Files\Java\jdk1.8.0_20\jre\bin\msvcr100.dll
0x0000000068620000 - 0x0000000068e78000 	C:\Program Files\Java\jdk1.8.0_20\jre\bin\server\jvm.dll
0x00007fff5d4d0000 - 0x00007fff5d4d8000 	C:\WINDOWS\system32\PSAPI.DLL
0x00007fff50870000 - 0x00007fff50879000 	C:\WINDOWS\SYSTEM32\WSOCK32.dll
0x00007fff5ff70000 - 0x00007fff5ffdb000 	C:\WINDOWS\system32\WS2_32.dll
0x00007fff5a860000 - 0x00007fff5a883000 	C:\WINDOWS\SYSTEM32\WINMM.dll
0x00007fff5a830000 - 0x00007fff5a85c000 	C:\WINDOWS\SYSTEM32\WINMMBASE.dll
0x00007fff5c670000 - 0x00007fff5c6b3000 	C:\WINDOWS\system32\cfgmgr32.dll
0x0000000069cc0000 - 0x0000000069ccf000 	C:\Program Files\Java\jdk1.8.0_20\jre\bin\verify.dll
0x00000000697a0000 - 0x00000000697c8000 	C:\Program Files\Java\jdk1.8.0_20\jre\bin\java.dll
0x0000000068600000 - 0x0000000068616000 	C:\Program Files\Java\jdk1.8.0_20\jre\bin\zip.dll
0x00007fff5d600000 - 0x00007fff5eb5c000 	C:\WINDOWS\system32\SHELL32.dll
0x00007fff5cb40000 - 0x00007fff5d185000 	C:\WINDOWS\system32\windows.storage.dll
0x00007fff5f590000 - 0x00007fff5f5e2000 	C:\WINDOWS\system32\shlwapi.dll
0x00007fff5c600000 - 0x00007fff5c60f000 	C:\WINDOWS\system32\kernel.appcore.dll
0x00007fff5c6c0000 - 0x00007fff5c775000 	C:\WINDOWS\system32\shcore.dll
0x00007fff5c620000 - 0x00007fff5c66b000 	C:\WINDOWS\system32\powrprof.dll
0x00007fff5c5e0000 - 0x00007fff5c5f4000 	C:\WINDOWS\system32\profapi.dll
0x00007fff514c0000 - 0x00007fff5164c000 	C:\WINDOWS\SYSTEM32\dbghelp.dll

VM Arguments:
jvm_args: -Djava.awt.headless=true -Xmx1024M -Dfile.encoding=windows-1252 -Duser.country=US -Duser.language=en -Duser.variant 
java_command: com.android.dx.command.Main --dex --force-jumbo --num-threads=4 --multi-dex --output C:\Users\admin\Documents\GitHub\ShaneelSD\SoftwareDesign\FindMeTutor\FindMeTutor\tutor_app\build\intermediates\transforms\dex\debug\folders\1000\2\activation_d4b5ae1b1dcb736593282fca59a2774e2d96105a C:\Users\admin\Documents\GitHub\ShaneelSD\SoftwareDesign\FindMeTutor\FindMeTutor\tutor_app\src\main\libs\activation.jar
java_class_path (initial): C:\Users\admin\AppData\Local\Android\sdk\build-tools\24.0.1\lib\dx.jar
Launcher Type: SUN_STANDARD

Environment Variables:
PATH=C:\ProgramData\Oracle\Java\javapath;C:\Program Files (x86)\Intel\iCLS Client\;C:\Program Files\Intel\iCLS Client\;C:\WINDOWS\system32;C:\WINDOWS;C:\WINDOWS\System32\Wbem;C:\WINDOWS\System32\WindowsPowerShell\v1.0\;C:\Program Files\Intel\Intel(R) Management Engine Components\DAL;C:\Program Files\Intel\Intel(R) Management Engine Components\IPT;C:\Program Files (x86)\Intel\Intel(R) Management Engine Components\DAL;C:\Program Files (x86)\Intel\Intel(R) Management Engine Components\IPT;C:\Program Files\WIDCOMM\Bluetooth Software\;C:\Program Files\WIDCOMM\Bluetooth Software\syswow64;C:\Program Files (x86)\Intel\OpenCL SDK\2.0\bin\x86;C:\Program Files (x86)\Intel\OpenCL SDK\2.0\bin\x64;C:\Program Files\Intel\WiFi\bin\;C:\Program Files\Common Files\Intel\WirelessCommon\;c:\Program Files (x86)\Microsoft SQL Server\100\Tools\Binn\;c:\Program Files\Microsoft SQL Server\100\Tools\Binn\;c:\Program Files\Microsoft SQL Server\100\DTS\Binn\;C:\Program Files (x86)\MySQL\MySQL Fabric 1.5.4 & MySQL Utilities 1.5.4 1.5\;C:\Program Files (x86)\MySQL\MySQL Fabric 1.5.4 & MySQL Utilities 1.5.4 1.5\Doctrine extensions for PHP\;C:\Program Files (x86)\Borland\Delphi7\Bin;C:\Program Files (x86)\Borland\Delphi7\Projects\Bpl;C:\Program Files (x86)\Borland\Delphi7\Rave5;C:\Program Files\Git\cmd;C:\Program Files\Intel\WiFi\bin\;C:\Program Files\Common Files\Intel\WirelessCommon\
USERNAME=admin
OS=Windows_NT
PROCESSOR_IDENTIFIER=Intel64 Family 6 Model 58 Stepping 9, GenuineIntel



---------------  S Y S T E M  ---------------

OS: Windows 8.1 , 64 bit Build 9600 

CPU:total 4 (2 cores per cpu, 2 threads per core) family 6 model 58 stepping 9, cmov, cx8, fxsr, mmx, sse, sse2, sse3, ssse3, sse4.1, sse4.2, popcnt, avx, aes, clmul, erms, ht, tsc, tscinvbit, tscinv

Memory: 4k page, physical 8258576k(1959092k free), swap 10306576k(53100k free)

vm_info: Java HotSpot(TM) 64-Bit Server VM (25.20-b23) for windows-amd64 JRE (1.8.0_20-b26), built on Jul 30 2014 13:51:23 by "java_re" with MS VC++ 10.0 (VS2010)

time: Tue Sep 27 12:06:27 2016
elapsed time: 8 seconds (0d 0h 0m 8s)

