#
# There is insufficient memory for the Java Runtime Environment to continue.
# Native memory allocation (malloc) failed to allocate 1546576 bytes for Chunk::new
# Possible reasons:
#   The system is out of physical RAM or swap space
#   In 32 bit mode, the process size limit was hit
# Possible solutions:
#   Reduce memory load on the system
#   Increase physical memory or swap space
#   Check if swap backing store is full
#   Use 64 bit Java on a 64 bit OS
#   Decrease Java heap size (-Xmx/-Xms)
#   Decrease number of Java threads
#   Decrease Java thread stack sizes (-Xss)
#   Set larger code cache with -XX:ReservedCodeCacheSize=
# This output file may be truncated or incomplete.
#
#  Out of Memory Error (allocation.cpp:390), pid=7756, tid=8456
#
# JRE version: Java(TM) SE Runtime Environment (8.0_20-b26) (build 1.8.0_20-b26)
# Java VM: Java HotSpot(TM) 64-Bit Server VM (25.20-b23 mixed mode windows-amd64 compressed oops)
# Failed to write core dump. Minidumps are not enabled by default on client versions of Windows
#

---------------  T H R E A D  ---------------

Current thread (0x000000001512c800):  JavaThread "C2 CompilerThread1" daemon [_thread_in_native, id=8456, stack(0x00000000167a0000,0x00000000168a0000)]

Stack: [0x00000000167a0000,0x00000000168a0000]
Native frames: (J=compiled Java code, j=interpreted, Vv=VM code, C=native code)
V  [jvm.dll+0x3152fa]
V  [jvm.dll+0x265d03]
V  [jvm.dll+0x266943]
V  [jvm.dll+0x25e265]
V  [jvm.dll+0xbe255]
V  [jvm.dll+0xbe6fc]
V  [jvm.dll+0x45c472]
V  [jvm.dll+0x49d76f]
V  [jvm.dll+0x451911]
V  [jvm.dll+0x452634]
V  [jvm.dll+0x435fc2]
V  [jvm.dll+0x97b62]
V  [jvm.dll+0x98353]
V  [jvm.dll+0x22aac4]
V  [jvm.dll+0x283f5a]
C  [msvcr100.dll+0x21d9f]
C  [msvcr100.dll+0x21e3b]
C  [KERNEL32.DLL+0x18102]
C  [ntdll.dll+0x5c5b4]


Current CompileTask:
C2:   4135 1283   !   4       com.android.dx.cf.code.BytecodeArray::parseInstruction (2764 bytes)


---------------  P R O C E S S  ---------------

Java Threads: ( => current thread )
  0x0000000016e02000 JavaThread "pool-2-thread-4" [_thread_blocked, id=8916, stack(0x00000000173a0000,0x00000000174a0000)]
  0x0000000016e01800 JavaThread "pool-2-thread-3" [_thread_in_Java, id=10412, stack(0x00000000172a0000,0x00000000173a0000)]
  0x0000000016e00800 JavaThread "pool-2-thread-2" [_thread_in_Java, id=11816, stack(0x00000000171a0000,0x00000000172a0000)]
  0x0000000016deb800 JavaThread "pool-3-thread-1" [_thread_blocked, id=11984, stack(0x00000000170a0000,0x00000000171a0000)]
  0x0000000016e1a000 JavaThread "pool-2-thread-1" [_thread_in_Java, id=6204, stack(0x0000000016fa0000,0x00000000170a0000)]
  0x0000000015185800 JavaThread "Service Thread" daemon [_thread_blocked, id=7616, stack(0x00000000169a0000,0x0000000016aa0000)]
  0x0000000015134000 JavaThread "C1 CompilerThread2" daemon [_thread_blocked, id=6280, stack(0x00000000168a0000,0x00000000169a0000)]
=>0x000000001512c800 JavaThread "C2 CompilerThread1" daemon [_thread_in_native, id=8456, stack(0x00000000167a0000,0x00000000168a0000)]
  0x000000001513c000 JavaThread "C2 CompilerThread0" daemon [_thread_in_native, id=1004, stack(0x00000000166a0000,0x00000000167a0000)]
  0x000000001513a000 JavaThread "Attach Listener" daemon [_thread_blocked, id=10208, stack(0x00000000165a0000,0x00000000166a0000)]
  0x0000000015138800 JavaThread "Signal Dispatcher" daemon [_thread_blocked, id=9516, stack(0x00000000164a0000,0x00000000165a0000)]
  0x0000000002a50000 JavaThread "Finalizer" daemon [_thread_blocked, id=12404, stack(0x00000000163a0000,0x00000000164a0000)]
  0x0000000002a4d000 JavaThread "Reference Handler" daemon [_thread_blocked, id=8600, stack(0x00000000162a0000,0x00000000163a0000)]
  0x000000000285d800 JavaThread "main" [_thread_in_vm, id=6088, stack(0x0000000002860000,0x0000000002960000)]

Other Threads:
  0x00000000150f6000 VMThread [stack: 0x00000000161a0000,0x00000000162a0000] [id=11916]
  0x0000000015188000 WatcherThread [stack: 0x0000000016aa0000,0x0000000016ba0000] [id=8936]

VM state:not at safepoint (normal execution)

VM Mutex/Monitor currently owned by a thread: None

Heap:
 PSYoungGen      total 38400K, used 20146K [0x00000000eab00000, 0x00000000ef600000, 0x0000000100000000)
  eden space 33280K, 45% used [0x00000000eab00000,0x00000000eb9b45e8,0x00000000ecb80000)
  from space 5120K, 99% used [0x00000000ecb80000,0x00000000ed078490,0x00000000ed080000)
  to   space 5120K, 0% used [0x00000000ef100000,0x00000000ef100000,0x00000000ef600000)
 ParOldGen       total 87552K, used 1508K [0x00000000c0000000, 0x00000000c5580000, 0x00000000eab00000)
  object space 87552K, 1% used [0x00000000c0000000,0x00000000c01792c0,0x00000000c5580000)
 Metaspace       used 6044K, capacity 7024K, committed 7296K, reserved 1056768K
  class space    used 594K, capacity 616K, committed 640K, reserved 1048576K

Card table byte_map: [0x0000000011e20000,0x0000000012030000] byte_map_base: 0x0000000011820000

Marking Bits: (ParMarkBitMap*) 0x000000006219b460
 Begin Bits: [0x0000000012590000, 0x0000000013590000)
 End Bits:   [0x0000000013590000, 0x0000000014590000)

Polling page: 0x0000000000b30000

CodeCache: size=245760Kb used=5412Kb max_used=5430Kb free=240347Kb
 bounds [0x0000000002a60000, 0x0000000002fc0000, 0x0000000011a60000]
 total_blobs=1618 nmethods=1353 adapters=179
 compilation: enabled

Compilation events (10 events):
Event: 4.005 Thread 0x0000000015134000 1353       3       com.android.dx.ssa.PhiInsn::getOpcode (2 bytes)
Event: 4.005 Thread 0x0000000015134000 nmethod 1353 0x0000000002fa4750 code [0x0000000002fa48a0, 0x0000000002fa49f0]
Event: 4.006 Thread 0x0000000015134000 1355       3       com.android.dx.rop.code.AccessFlags::isNative (14 bytes)
Event: 4.007 Thread 0x0000000015134000 nmethod 1355 0x0000000002fa4a90 code [0x0000000002fa4be0, 0x0000000002fa4d70]
Event: 4.007 Thread 0x0000000015134000 1356       3       com.android.dx.rop.code.AccessFlags::isAbstract (14 bytes)
Event: 4.007 Thread 0x0000000015134000 nmethod 1356 0x0000000002fa4e10 code [0x0000000002fa4f60, 0x0000000002fa50f0]
Event: 4.019 Thread 0x000000001513c000 nmethod 1323% 0x0000000002fa8c10 code [0x0000000002fa8e00, 0x0000000002fa9c38]
Event: 4.019 Thread 0x000000001513c000 1329 %     4       com.android.dx.rop.code.RopMethod::calcPredecessors @ 35 (227 bytes)
Event: 4.056 Thread 0x000000001513c000 nmethod 1329% 0x0000000002fa58d0 code [0x0000000002fa5aa0, 0x0000000002fa6998]
Event: 4.056 Thread 0x000000001513c000 1369       4       com.android.dx.ssa.SsaBasicBlock::forEachInsn (37 bytes)

GC Heap History (2 events):
Event: 3.812 GC heap before
{Heap before GC invocations=1 (full 0):
 PSYoungGen      total 38400K, used 33280K [0x00000000eab00000, 0x00000000ed580000, 0x0000000100000000)
  eden space 33280K, 100% used [0x00000000eab00000,0x00000000ecb80000,0x00000000ecb80000)
  from space 5120K, 0% used [0x00000000ed080000,0x00000000ed080000,0x00000000ed580000)
  to   space 5120K, 0% used [0x00000000ecb80000,0x00000000ecb80000,0x00000000ed080000)
 ParOldGen       total 87552K, used 0K [0x00000000c0000000, 0x00000000c5580000, 0x00000000eab00000)
  object space 87552K, 0% used [0x00000000c0000000,0x00000000c0000000,0x00000000c5580000)
 Metaspace       used 6008K, capacity 6960K, committed 7040K, reserved 1056768K
  class space    used 593K, capacity 616K, committed 640K, reserved 1048576K
Event: 3.954 GC heap after
Heap after GC invocations=1 (full 0):
 PSYoungGen      total 38400K, used 5089K [0x00000000eab00000, 0x00000000ef600000, 0x0000000100000000)
  eden space 33280K, 0% used [0x00000000eab00000,0x00000000eab00000,0x00000000ecb80000)
  from space 5120K, 99% used [0x00000000ecb80000,0x00000000ed078490,0x00000000ed080000)
  to   space 5120K, 0% used [0x00000000ef100000,0x00000000ef100000,0x00000000ef600000)
 ParOldGen       total 87552K, used 1508K [0x00000000c0000000, 0x00000000c5580000, 0x00000000eab00000)
  object space 87552K, 1% used [0x00000000c0000000,0x00000000c01792c0,0x00000000c5580000)
 Metaspace       used 6008K, capacity 6960K, committed 7040K, reserved 1056768K
  class space    used 593K, capacity 616K, committed 640K, reserved 1048576K
}

Deoptimization events (10 events):
Event: 4.012 Thread 0x0000000016e00800 Uncommon trap: reason=bimorphic action=maybe_recompile pc=0x0000000002c8e9d0 method=java.util.HashMap.getNode(ILjava/lang/Object;)Ljava/util/HashMap$Node; @ 126
Event: 4.012 Thread 0x0000000016e00800 Uncommon trap: reason=class_check action=maybe_recompile pc=0x0000000002f12174 method=java.util.HashMap.putVal(ILjava/lang/Object;Ljava/lang/Object;ZZ)Ljava/lang/Object; @ 203
Event: 4.012 Thread 0x0000000016e00800 Uncommon trap: reason=bimorphic action=maybe_recompile pc=0x0000000002c8e9d0 method=java.util.HashMap.getNode(ILjava/lang/Object;)Ljava/util/HashMap$Node; @ 126
Event: 4.012 Thread 0x0000000016e00800 Uncommon trap: reason=class_check action=maybe_recompile pc=0x0000000002f12174 method=java.util.HashMap.putVal(ILjava/lang/Object;Ljava/lang/Object;ZZ)Ljava/lang/Object; @ 203
Event: 4.012 Thread 0x0000000016e00800 Uncommon trap: reason=bimorphic action=maybe_recompile pc=0x0000000002c8e9d0 method=java.util.HashMap.getNode(ILjava/lang/Object;)Ljava/util/HashMap$Node; @ 126
Event: 4.012 Thread 0x0000000016e00800 Uncommon trap: reason=class_check action=maybe_recompile pc=0x0000000002f12174 method=java.util.HashMap.putVal(ILjava/lang/Object;Ljava/lang/Object;ZZ)Ljava/lang/Object; @ 203
Event: 4.036 Thread 0x0000000016e00800 Uncommon trap: reason=null_check action=make_not_entrant pc=0x0000000002e31a64 method=com.android.dx.ssa.SsaRenamer.getLocalForNewReg(I)Lcom/android/dx/rop/code/LocalItem; @ 19
Event: 4.070 Thread 0x000000000285d800 Uncommon trap: reason=bimorphic action=maybe_recompile pc=0x0000000002c8e9d0 method=java.util.HashMap.getNode(ILjava/lang/Object;)Ljava/util/HashMap$Node; @ 126
Event: 4.070 Thread 0x000000000285d800 Uncommon trap: reason=class_check action=maybe_recompile pc=0x0000000002f12174 method=java.util.HashMap.putVal(ILjava/lang/Object;Ljava/lang/Object;ZZ)Ljava/lang/Object; @ 203
Event: 4.070 Thread 0x000000000285d800 Uncommon trap: reason=bimorphic action=maybe_recompile pc=0x0000000002cb73e8 method=java.util.HashMap.getNode(ILjava/lang/Object;)Ljava/util/HashMap$Node; @ 126

Internal exceptions (10 events):
Event: 2.709 Thread 0x0000000016e1a000 Exception <a 'java/security/PrivilegedActionException'> (0x00000000eb85d340) thrown at [D:\re\workspace\8-2-build-windows-amd64-cygwin\jdk8u20\1074\hotspot\src\share\vm\prims\jvm.cpp, line 1275]
Event: 2.710 Thread 0x0000000016e1a000 Exception <a 'java/security/PrivilegedActionException'> (0x00000000eb862d30) thrown at [D:\re\workspace\8-2-build-windows-amd64-cygwin\jdk8u20\1074\hotspot\src\share\vm\prims\jvm.cpp, line 1275]
Event: 2.711 Thread 0x0000000016e1a000 Exception <a 'java/security/PrivilegedActionException'> (0x00000000eb8683d8) thrown at [D:\re\workspace\8-2-build-windows-amd64-cygwin\jdk8u20\1074\hotspot\src\share\vm\prims\jvm.cpp, line 1275]
Event: 2.765 Thread 0x0000000016e01800 Exception <a 'java/security/PrivilegedActionException'> (0x00000000eb7e35c0) thrown at [D:\re\workspace\8-2-build-windows-amd64-cygwin\jdk8u20\1074\hotspot\src\share\vm\prims\jvm.cpp, line 1275]
Event: 2.848 Thread 0x000000000285d800 Exception <a 'java/security/PrivilegedActionException'> (0x00000000eb75ead0) thrown at [D:\re\workspace\8-2-build-windows-amd64-cygwin\jdk8u20\1074\hotspot\src\share\vm\prims\jvm.cpp, line 1275]
Event: 3.017 Thread 0x0000000016e01800 Exception <a 'java/security/PrivilegedActionException'> (0x00000000eb9ed1e8) thrown at [D:\re\workspace\8-2-build-windows-amd64-cygwin\jdk8u20\1074\hotspot\src\share\vm\prims\jvm.cpp, line 1275]
Event: 3.034 Thread 0x0000000016e02000 Exception <a 'java/security/PrivilegedActionException'> (0x00000000ebd04d30) thrown at [D:\re\workspace\8-2-build-windows-amd64-cygwin\jdk8u20\1074\hotspot\src\share\vm\prims\jvm.cpp, line 1275]
Event: 3.072 Thread 0x000000000285d800 Exception <a 'java/security/PrivilegedActionException'> (0x00000000ebdddb08) thrown at [D:\re\workspace\8-2-build-windows-amd64-cygwin\jdk8u20\1074\hotspot\src\share\vm\prims\jvm.cpp, line 1275]
Event: 3.322 Thread 0x000000000285d800 Exception <a 'java/security/PrivilegedActionException'> (0x00000000ec163ec8) thrown at [D:\re\workspace\8-2-build-windows-amd64-cygwin\jdk8u20\1074\hotspot\src\share\vm\prims\jvm.cpp, line 1275]
Event: 4.036 Thread 0x0000000016e00800 Implicit null exception at 0x0000000002e2f42f to 0x0000000002e31a3d

Events (10 events):
Event: 4.067 Thread 0x0000000016e01800 DEOPT UNPACKING pc=0x0000000002aa75bf sp=0x000000001739e798 mode 0
Event: 4.070 Thread 0x000000000285d800 Uncommon trap: trap_request=0xffffffc6 fr.pc=0x0000000002c8e9d0
Event: 4.070 Thread 0x000000000285d800 DEOPT PACKING pc=0x0000000002c8e9d0 sp=0x000000000295e300
Event: 4.070 Thread 0x000000000285d800 DEOPT UNPACKING pc=0x0000000002aa556a sp=0x000000000295e270 mode 2
Event: 4.070 Thread 0x000000000285d800 Uncommon trap: trap_request=0xffffffde fr.pc=0x0000000002f12174
Event: 4.070 Thread 0x000000000285d800 DEOPT PACKING pc=0x0000000002f12174 sp=0x000000000295e2d0
Event: 4.070 Thread 0x000000000285d800 DEOPT UNPACKING pc=0x0000000002aa556a sp=0x000000000295e248 mode 2
Event: 4.070 Thread 0x000000000285d800 Uncommon trap: trap_request=0xffffffc6 fr.pc=0x0000000002cb73e8
Event: 4.070 Thread 0x000000000285d800 DEOPT PACKING pc=0x0000000002cb73e8 sp=0x000000000295e330
Event: 4.070 Thread 0x000000000285d800 DEOPT UNPACKING pc=0x0000000002aa556a sp=0x000000000295e238 mode 2


Dynamic libraries:
0x00007ff7b3920000 - 0x00007ff7b3954000 	C:\Program Files\Java\jdk1.8.0_20\bin\java.exe
0x00007ffd0d350000 - 0x00007ffd0d511000 	C:\WINDOWS\SYSTEM32\ntdll.dll
0x00007ffd0ca30000 - 0x00007ffd0cadd000 	C:\WINDOWS\system32\KERNEL32.DLL
0x00007ffd09c60000 - 0x00007ffd09e48000 	C:\WINDOWS\system32\KERNELBASE.dll
0x00007ffd0d0b0000 - 0x00007ffd0d157000 	C:\WINDOWS\system32\ADVAPI32.dll
0x00007ffd0c750000 - 0x00007ffd0c7ed000 	C:\WINDOWS\system32\msvcrt.dll
0x00007ffd0d1a0000 - 0x00007ffd0d1fb000 	C:\WINDOWS\system32\sechost.dll
0x00007ffd0c510000 - 0x00007ffd0c62c000 	C:\WINDOWS\system32\RPCRT4.dll
0x00007ffd0c850000 - 0x00007ffd0c9a6000 	C:\WINDOWS\system32\USER32.dll
0x00007ffd0caf0000 - 0x00007ffd0cc76000 	C:\WINDOWS\system32\GDI32.dll
0x00007ffcfda20000 - 0x00007ffcfdc94000 	C:\WINDOWS\WinSxS\amd64_microsoft.windows.common-controls_6595b64144ccf1df_6.0.10586.589_none_a2ddb3caa539acce\COMCTL32.dll
0x00007ffd0ad30000 - 0x00007ffd0afad000 	C:\WINDOWS\system32\combase.dll
0x00007ffd09f90000 - 0x00007ffd09ffa000 	C:\WINDOWS\system32\bcryptPrimitives.dll
0x00007ffd0d160000 - 0x00007ffd0d19b000 	C:\WINDOWS\system32\IMM32.DLL
0x0000000062220000 - 0x00000000622f2000 	C:\Program Files\Java\jdk1.8.0_20\jre\bin\msvcr100.dll
0x00000000619c0000 - 0x0000000062218000 	C:\Program Files\Java\jdk1.8.0_20\jre\bin\server\jvm.dll
0x00007ffd0cae0000 - 0x00007ffd0cae8000 	C:\WINDOWS\system32\PSAPI.DLL
0x00007ffcff5e0000 - 0x00007ffcff5e9000 	C:\WINDOWS\SYSTEM32\WSOCK32.dll
0x00007ffd0c9b0000 - 0x00007ffd0ca1b000 	C:\WINDOWS\system32\WS2_32.dll
0x00007ffd07de0000 - 0x00007ffd07e03000 	C:\WINDOWS\SYSTEM32\WINMM.dll
0x00007ffd07d80000 - 0x00007ffd07dac000 	C:\WINDOWS\SYSTEM32\WINMMBASE.dll
0x00007ffd09e50000 - 0x00007ffd09e93000 	C:\WINDOWS\system32\cfgmgr32.dll
0x00000000619b0000 - 0x00000000619bf000 	C:\Program Files\Java\jdk1.8.0_20\jre\bin\verify.dll
0x0000000061980000 - 0x00000000619a8000 	C:\Program Files\Java\jdk1.8.0_20\jre\bin\java.dll
0x0000000061960000 - 0x0000000061976000 	C:\Program Files\Java\jdk1.8.0_20\jre\bin\zip.dll
0x00007ffd0afb0000 - 0x00007ffd0c50c000 	C:\WINDOWS\system32\SHELL32.dll
0x00007ffd0a020000 - 0x00007ffd0a665000 	C:\WINDOWS\system32\windows.storage.dll
0x00007ffd0c7f0000 - 0x00007ffd0c842000 	C:\WINDOWS\system32\shlwapi.dll
0x00007ffd099d0000 - 0x00007ffd099df000 	C:\WINDOWS\system32\kernel.appcore.dll
0x00007ffd0a670000 - 0x00007ffd0a725000 	C:\WINDOWS\system32\shcore.dll
0x00007ffd09980000 - 0x00007ffd099cb000 	C:\WINDOWS\system32\powrprof.dll
0x00007ffd09960000 - 0x00007ffd09974000 	C:\WINDOWS\system32\profapi.dll
0x00007ffd00650000 - 0x00007ffd007dc000 	C:\WINDOWS\SYSTEM32\dbghelp.dll

VM Arguments:
jvm_args: -Djava.awt.headless=true -Xmx1024M -Dfile.encoding=windows-1252 -Duser.country=US -Duser.language=en -Duser.variant 
java_command: com.android.dx.command.Main --dex --force-jumbo --num-threads=4 --multi-dex --output C:\Users\admin\Documents\GitHub\ShaneelSD\SoftwareDesign\FindMeTutor\FindMeTutor\tutor_app\build\intermediates\transforms\dex\debug\folders\1000\10\com.android.support-support-core-ui-24.2.1_ff951d57f90bf97f0df119abae1b8c421b2b54a8 C:\Users\admin\Documents\GitHub\ShaneelSD\SoftwareDesign\FindMeTutor\FindMeTutor\tutor_app\build\intermediates\exploded-aar\com.android.support\support-core-ui\24.2.1\jars\classes.jar
java_class_path (initial): C:\Users\admin\AppData\Local\Android\sdk\build-tools\24.0.1\lib\dx.jar
Launcher Type: SUN_STANDARD

Environment Variables:
PATH=C:\ProgramData\Oracle\Java\javapath;C:\Program Files (x86)\Intel\iCLS Client\;C:\Program Files\Intel\iCLS Client\;C:\WINDOWS\system32;C:\WINDOWS;C:\WINDOWS\System32\Wbem;C:\WINDOWS\System32\WindowsPowerShell\v1.0\;C:\Program Files\Intel\Intel(R) Management Engine Components\DAL;C:\Program Files\Intel\Intel(R) Management Engine Components\IPT;C:\Program Files (x86)\Intel\Intel(R) Management Engine Components\DAL;C:\Program Files (x86)\Intel\Intel(R) Management Engine Components\IPT;C:\Program Files\WIDCOMM\Bluetooth Software\;C:\Program Files\WIDCOMM\Bluetooth Software\syswow64;C:\Program Files (x86)\Intel\OpenCL SDK\2.0\bin\x86;C:\Program Files (x86)\Intel\OpenCL SDK\2.0\bin\x64;C:\Program Files\Intel\WiFi\bin\;C:\Program Files\Common Files\Intel\WirelessCommon\;c:\Program Files (x86)\Microsoft SQL Server\100\Tools\Binn\;c:\Program Files\Microsoft SQL Server\100\Tools\Binn\;c:\Program Files\Microsoft SQL Server\100\DTS\Binn\;C:\Program Files (x86)\MySQL\MySQL Fabric 1.5.4 & MySQL Utilities 1.5.4 1.5\;C:\Program Files (x86)\MySQL\MySQL Fabric 1.5.4 & MySQL Utilities 1.5.4 1.5\Doctrine extensions for PHP\;C:\Program Files (x86)\Borland\Delphi7\Bin;C:\Program Files (x86)\Borland\Delphi7\Projects\Bpl;C:\Program Files (x86)\Borland\Delphi7\Rave5;C:\Program Files\Git\cmd;C:\Program Files\Intel\WiFi\bin\;C:\Program Files\Common Files\Intel\WirelessCommon\
USERNAME=admin
OS=Windows_NT
PROCESSOR_IDENTIFIER=Intel64 Family 6 Model 58 Stepping 9, GenuineIntel



---------------  S Y S T E M  ---------------

OS: Windows 8.1 , 64 bit Build 9600 

CPU:total 4 (2 cores per cpu, 2 threads per core) family 6 model 58 stepping 9, cmov, cx8, fxsr, mmx, sse, sse2, sse3, ssse3, sse4.1, sse4.2, popcnt, avx, aes, clmul, erms, ht, tsc, tscinvbit, tscinv

Memory: 4k page, physical 8258576k(1535904k free), swap 10306576k(6284k free)

vm_info: Java HotSpot(TM) 64-Bit Server VM (25.20-b23) for windows-amd64 JRE (1.8.0_20-b26), built on Jul 30 2014 13:51:23 by "java_re" with MS VC++ 10.0 (VS2010)

time: Mon Oct 03 15:09:20 2016
elapsed time: 4 seconds (0d 0h 0m 4s)

