#
# There is insufficient memory for the Java Runtime Environment to continue.
# Native memory allocation (malloc) failed to allocate 1420496 bytes for Chunk::new
# Possible reasons:
#   The system is out of physical RAM or swap space
#   In 32 bit mode, the process size limit was hit
# Possible solutions:
#   Reduce memory load on the system
#   Increase physical memory or swap space
#   Check if swap backing store is full
#   Use 64 bit Java on a 64 bit OS
#   Decrease Java heap size (-Xmx/-Xms)
#   Decrease number of Java threads
#   Decrease Java thread stack sizes (-Xss)
#   Set larger code cache with -XX:ReservedCodeCacheSize=
# This output file may be truncated or incomplete.
#
#  Out of Memory Error (allocation.cpp:390), pid=2544, tid=3080
#
# JRE version: Java(TM) SE Runtime Environment (8.0_20-b26) (build 1.8.0_20-b26)
# Java VM: Java HotSpot(TM) 64-Bit Server VM (25.20-b23 mixed mode windows-amd64 compressed oops)
# Failed to write core dump. Minidumps are not enabled by default on client versions of Windows
#

---------------  T H R E A D  ---------------

Current thread (0x0000000014a69800):  JavaThread "C2 CompilerThread0" daemon [_thread_in_native, id=3080, stack(0x0000000015fb0000,0x00000000160b0000)]

Stack: [0x0000000015fb0000,0x00000000160b0000]
Native frames: (J=compiled Java code, j=interpreted, Vv=VM code, C=native code)
V  [jvm.dll+0x3152fa]


Current CompileTask:
C2:   3244 1443       4       com.android.dx.dex.code.RopToDop::dopFor (792 bytes)


---------------  P R O C E S S  ---------------

Java Threads: ( => current thread )
  0x0000000016513000 JavaThread "pool-1-thread-2" [_thread_in_vm, id=1368, stack(0x0000000016ab0000,0x0000000016bb0000)]
  0x000000001643f000 JavaThread "pool-2-thread-1" [_thread_blocked, id=11792, stack(0x00000000169b0000,0x0000000016ab0000)]
  0x00000000162b4800 JavaThread "Service Thread" daemon [_thread_blocked, id=792, stack(0x00000000166b0000,0x00000000167b0000)]
  0x0000000014abc000 JavaThread "C1 CompilerThread2" daemon [_thread_blocked, id=5624, stack(0x00000000161b0000,0x00000000162b0000)]
  0x0000000014a59800 JavaThread "C2 CompilerThread1" daemon [_thread_in_native, id=7768, stack(0x00000000160b0000,0x00000000161b0000)]
=>0x0000000014a69800 JavaThread "C2 CompilerThread0" daemon [_thread_in_native, id=3080, stack(0x0000000015fb0000,0x00000000160b0000)]
  0x0000000014a67800 JavaThread "Attach Listener" daemon [_thread_blocked, id=1312, stack(0x0000000015eb0000,0x0000000015fb0000)]
  0x0000000014a66000 JavaThread "Signal Dispatcher" daemon [_thread_blocked, id=4980, stack(0x0000000015db0000,0x0000000015eb0000)]
  0x0000000002385000 JavaThread "Finalizer" daemon [_thread_blocked, id=8500, stack(0x0000000015cb0000,0x0000000015db0000)]
  0x000000000237c000 JavaThread "Reference Handler" daemon [_thread_blocked, id=5788, stack(0x0000000015bb0000,0x0000000015cb0000)]
  0x000000000221d800 JavaThread "main" [_thread_blocked, id=11572, stack(0x0000000002110000,0x0000000002210000)]

Other Threads:
  0x0000000014a26000 VMThread [stack: 0x0000000015ab0000,0x0000000015bb0000] [id=11464]
  0x00000000162b7000 WatcherThread [stack: 0x00000000167b0000,0x00000000168b0000] [id=12256]

VM state:not at safepoint (normal execution)

VM Mutex/Monitor currently owned by a thread: None

Heap:
 PSYoungGen      total 38400K, used 15844K [0x00000000eab00000, 0x00000000ef600000, 0x0000000100000000)
  eden space 33280K, 32% used [0x00000000eab00000,0x00000000eb57dd88,0x00000000ecb80000)
  from space 5120K, 99% used [0x00000000ecb80000,0x00000000ed07b500,0x00000000ed080000)
  to   space 5120K, 0% used [0x00000000ef100000,0x00000000ef100000,0x00000000ef600000)
 ParOldGen       total 87552K, used 1896K [0x00000000c0000000, 0x00000000c5580000, 0x00000000eab00000)
  object space 87552K, 2% used [0x00000000c0000000,0x00000000c01da300,0x00000000c5580000)
 Metaspace       used 6096K, capacity 7024K, committed 7296K, reserved 1056768K
  class space    used 593K, capacity 616K, committed 640K, reserved 1048576K

Card table byte_map: [0x0000000011750000,0x0000000011960000] byte_map_base: 0x0000000011150000

Marking Bits: (ParMarkBitMap*) 0x000000006935b460
 Begin Bits: [0x0000000011ec0000, 0x0000000012ec0000)
 End Bits:   [0x0000000012ec0000, 0x0000000013ec0000)

Polling page: 0x00000000001f0000

CodeCache: size=245760Kb used=5922Kb max_used=5936Kb free=239837Kb
 bounds [0x0000000002390000, 0x0000000002970000, 0x0000000011390000]
 total_blobs=1709 nmethods=1445 adapters=178
 compilation: enabled

Compilation events (10 events):
Event: 3.172 Thread 0x0000000014abc000 nmethod 1442 0x000000000292fe50 code [0x000000000292ffa0, 0x0000000002930110]
Event: 3.172 Thread 0x0000000014a69800 1443       4       com.android.dx.dex.code.RopToDop::dopFor (792 bytes)
Event: 3.173 Thread 0x0000000014a59800 nmethod 1440 0x000000000292f410 code [0x000000000292f580, 0x000000000292f958]
Event: 3.173 Thread 0x0000000014a59800 1444       4       java.util.HashMap::getNode (148 bytes)
Event: 3.176 Thread 0x0000000014a59800 nmethod 1444 0x000000000292eed0 code [0x000000000292f020, 0x000000000292f238]
Event: 3.176 Thread 0x0000000014a59800 1445       4       java.util.HashMap::get (23 bytes)
Event: 3.180 Thread 0x0000000014a59800 nmethod 1445 0x000000000295e710 code [0x000000000295e860, 0x000000000295ea98]
Event: 3.181 Thread 0x0000000014a59800 1446       4       com.android.dx.cf.code.RopperMachine::getSources (264 bytes)
Event: 3.202 Thread 0x0000000014a59800 nmethod 1446 0x0000000002960f10 code [0x0000000002961100, 0x0000000002961bf8]
Event: 3.203 Thread 0x0000000014a59800 1447   !   4       com.android.dx.cf.code.RopperMachine::run (1550 bytes)

GC Heap History (2 events):
Event: 2.493 GC heap before
{Heap before GC invocations=1 (full 0):
 PSYoungGen      total 38400K, used 33280K [0x00000000eab00000, 0x00000000ed580000, 0x0000000100000000)
  eden space 33280K, 100% used [0x00000000eab00000,0x00000000ecb80000,0x00000000ecb80000)
  from space 5120K, 0% used [0x00000000ed080000,0x00000000ed080000,0x00000000ed580000)
  to   space 5120K, 0% used [0x00000000ecb80000,0x00000000ecb80000,0x00000000ed080000)
 ParOldGen       total 87552K, used 0K [0x00000000c0000000, 0x00000000c5580000, 0x00000000eab00000)
  object space 87552K, 0% used [0x00000000c0000000,0x00000000c0000000,0x00000000c5580000)
 Metaspace       used 6066K, capacity 7024K, committed 7296K, reserved 1056768K
  class space    used 591K, capacity 616K, committed 640K, reserved 1048576K
Event: 2.755 GC heap after
Heap after GC invocations=1 (full 0):
 PSYoungGen      total 38400K, used 5101K [0x00000000eab00000, 0x00000000ef600000, 0x0000000100000000)
  eden space 33280K, 0% used [0x00000000eab00000,0x00000000eab00000,0x00000000ecb80000)
  from space 5120K, 99% used [0x00000000ecb80000,0x00000000ed07b500,0x00000000ed080000)
  to   space 5120K, 0% used [0x00000000ef100000,0x00000000ef100000,0x00000000ef600000)
 ParOldGen       total 87552K, used 1896K [0x00000000c0000000, 0x00000000c5580000, 0x00000000eab00000)
  object space 87552K, 2% used [0x00000000c0000000,0x00000000c01da300,0x00000000c5580000)
 Metaspace       used 6066K, capacity 7024K, committed 7296K, reserved 1056768K
  class space    used 591K, capacity 616K, committed 640K, reserved 1048576K
}

Deoptimization events (10 events):
Event: 2.793 Thread 0x00000000164f7000 Uncommon trap: reason=bimorphic action=maybe_recompile pc=0x00000000025af290 method=java.util.HashMap.getNode(ILjava/lang/Object;)Ljava/util/HashMap$Node; @ 126
Event: 2.793 Thread 0x00000000164f7000 Uncommon trap: reason=class_check action=maybe_recompile pc=0x000000000280edfc method=java.util.HashMap.putVal(ILjava/lang/Object;Ljava/lang/Object;ZZ)Ljava/lang/Object; @ 203
Event: 2.793 Thread 0x00000000164f7000 Uncommon trap: reason=bimorphic action=maybe_recompile pc=0x00000000025af290 method=java.util.HashMap.getNode(ILjava/lang/Object;)Ljava/util/HashMap$Node; @ 126
Event: 2.793 Thread 0x00000000164f7000 Uncommon trap: reason=class_check action=maybe_recompile pc=0x000000000280edfc method=java.util.HashMap.putVal(ILjava/lang/Object;Ljava/lang/Object;ZZ)Ljava/lang/Object; @ 203
Event: 2.793 Thread 0x00000000164f7000 Uncommon trap: reason=bimorphic action=maybe_recompile pc=0x00000000025af290 method=java.util.HashMap.getNode(ILjava/lang/Object;)Ljava/util/HashMap$Node; @ 126
Event: 2.793 Thread 0x00000000164f7000 Uncommon trap: reason=class_check action=maybe_recompile pc=0x000000000280edfc method=java.util.HashMap.putVal(ILjava/lang/Object;Ljava/lang/Object;ZZ)Ljava/lang/Object; @ 203
Event: 2.793 Thread 0x00000000164f7000 Uncommon trap: reason=bimorphic action=maybe_recompile pc=0x00000000025af290 method=java.util.HashMap.getNode(ILjava/lang/Object;)Ljava/util/HashMap$Node; @ 126
Event: 2.793 Thread 0x00000000164f7000 Uncommon trap: reason=class_check action=maybe_recompile pc=0x000000000280edfc method=java.util.HashMap.putVal(ILjava/lang/Object;Ljava/lang/Object;ZZ)Ljava/lang/Object; @ 203
Event: 2.793 Thread 0x00000000164f7000 Uncommon trap: reason=bimorphic action=maybe_recompile pc=0x00000000025b3128 method=java.util.HashMap.getNode(ILjava/lang/Object;)Ljava/util/HashMap$Node; @ 126
Event: 2.874 Thread 0x0000000016513000 Uncommon trap: reason=unreached action=reinterpret pc=0x00000000025d9b1c method=com.android.dx.rop.cst.Constant.compareTo(Lcom/android/dx/rop/cst/Constant;)I @ 12

Internal exceptions (10 events):
Event: 0.933 Thread 0x0000000016513000 Exception <a 'java/security/PrivilegedActionException'> (0x00000000eba7afe0) thrown at [D:\re\workspace\8-2-build-windows-amd64-cygwin\jdk8u20\1074\hotspot\src\share\vm\prims\jvm.cpp, line 1275]
Event: 0.936 Thread 0x000000000221d800 Exception <a 'java/security/PrivilegedActionException'> (0x00000000ebba3d58) thrown at [D:\re\workspace\8-2-build-windows-amd64-cygwin\jdk8u20\1074\hotspot\src\share\vm\prims\jvm.cpp, line 1275]
Event: 0.943 Thread 0x000000000221d800 Exception <a 'java/security/PrivilegedActionException'> (0x00000000ebbdbc68) thrown at [D:\re\workspace\8-2-build-windows-amd64-cygwin\jdk8u20\1074\hotspot\src\share\vm\prims\jvm.cpp, line 1275]
Event: 1.798 Thread 0x00000000164f5800 Exception <a 'java/security/PrivilegedActionException'> (0x00000000ebc83450) thrown at [D:\re\workspace\8-2-build-windows-amd64-cygwin\jdk8u20\1074\hotspot\src\share\vm\prims\jvm.cpp, line 1275]
Event: 1.844 Thread 0x00000000164f7000 Implicit null exception at 0x00000000027c7324 to 0x00000000027c9681
Event: 1.853 Thread 0x000000000221d800 Exception <a 'java/security/PrivilegedActionException'> (0x00000000ec206718) thrown at [D:\re\workspace\8-2-build-windows-amd64-cygwin\jdk8u20\1074\hotspot\src\share\vm\prims\jvm.cpp, line 1275]
Event: 1.872 Thread 0x0000000016438000 Exception <a 'java/security/PrivilegedActionException'> (0x00000000ec514a60) thrown at [D:\re\workspace\8-2-build-windows-amd64-cygwin\jdk8u20\1074\hotspot\src\share\vm\prims\jvm.cpp, line 1275]
Event: 1.873 Thread 0x0000000016438000 Exception <a 'java/security/PrivilegedActionException'> (0x00000000ec51a450) thrown at [D:\re\workspace\8-2-build-windows-amd64-cygwin\jdk8u20\1074\hotspot\src\share\vm\prims\jvm.cpp, line 1275]
Event: 1.874 Thread 0x0000000016438000 Exception <a 'java/security/PrivilegedActionException'> (0x00000000ec51faf8) thrown at [D:\re\workspace\8-2-build-windows-amd64-cygwin\jdk8u20\1074\hotspot\src\share\vm\prims\jvm.cpp, line 1275]
Event: 2.079 Thread 0x0000000016513000 Exception <a 'java/security/PrivilegedActionException'> (0x00000000ec87baa0) thrown at [D:\re\workspace\8-2-build-windows-amd64-cygwin\jdk8u20\1074\hotspot\src\share\vm\prims\jvm.cpp, line 1275]

Events (10 events):
Event: 2.818 loading class java/util/HashMap$KeySet
Event: 2.819 loading class java/util/HashMap$KeySet done
Event: 2.819 loading class java/util/HashMap$KeyIterator
Event: 2.819 loading class java/util/HashMap$KeyIterator done
Event: 2.835 Thread 0x0000000016438000 Thread exited: 0x0000000016438000
Event: 2.874 Thread 0x0000000016513000 Uncommon trap: trap_request=0xffffffad fr.pc=0x00000000025d9b1c
Event: 2.874 Thread 0x0000000016513000 DEOPT PACKING pc=0x00000000025d9b1c sp=0x0000000016bae6e0
Event: 2.874 Thread 0x0000000016513000 DEOPT UNPACKING pc=0x00000000023d556a sp=0x0000000016bae680 mode 2
Event: 2.884 Thread 0x00000000164f5800 Thread exited: 0x00000000164f5800
Event: 2.890 Thread 0x00000000164f7000 Thread exited: 0x00000000164f7000


Dynamic libraries:
0x00007ff699e80000 - 0x00007ff699eb4000 	C:\Program Files\Java\jdk1.8.0_20\bin\java.exe
0x00007ffdfc2f0000 - 0x00007ffdfc4b1000 	C:\WINDOWS\SYSTEM32\ntdll.dll
0x00007ffdfba20000 - 0x00007ffdfbacd000 	C:\WINDOWS\system32\KERNEL32.DLL
0x00007ffdf8d70000 - 0x00007ffdf8f58000 	C:\WINDOWS\system32\KERNELBASE.dll
0x00007ffdfb640000 - 0x00007ffdfb6e7000 	C:\WINDOWS\system32\ADVAPI32.dll
0x00007ffdfb330000 - 0x00007ffdfb3cd000 	C:\WINDOWS\system32\msvcrt.dll
0x00007ffdfb2d0000 - 0x00007ffdfb32b000 	C:\WINDOWS\system32\sechost.dll
0x00007ffdfb1b0000 - 0x00007ffdfb2cc000 	C:\WINDOWS\system32\RPCRT4.dll
0x00007ffdfb4e0000 - 0x00007ffdfb636000 	C:\WINDOWS\system32\USER32.dll
0x00007ffdf98f0000 - 0x00007ffdf9a76000 	C:\WINDOWS\system32\GDI32.dll
0x00007ffded5c0000 - 0x00007ffded834000 	C:\WINDOWS\WinSxS\amd64_microsoft.windows.common-controls_6595b64144ccf1df_6.0.10586.0_none_8c15ae12515e1c22\COMCTL32.dll
0x00007ffdfb7a0000 - 0x00007ffdfba1d000 	C:\WINDOWS\system32\combase.dll
0x00007ffdf9660000 - 0x00007ffdf96ca000 	C:\WINDOWS\system32\bcryptPrimitives.dll
0x00007ffdfb6f0000 - 0x00007ffdfb72b000 	C:\WINDOWS\system32\IMM32.DLL
0x00000000693e0000 - 0x00000000694b2000 	C:\Program Files\Java\jdk1.8.0_20\jre\bin\msvcr100.dll
0x0000000068b80000 - 0x00000000693d8000 	C:\Program Files\Java\jdk1.8.0_20\jre\bin\server\jvm.dll
0x00007ffdfc050000 - 0x00007ffdfc058000 	C:\WINDOWS\system32\PSAPI.DLL
0x00007ffdee310000 - 0x00007ffdee319000 	C:\WINDOWS\SYSTEM32\WSOCK32.dll
0x00007ffdf6fd0000 - 0x00007ffdf6ff3000 	C:\WINDOWS\SYSTEM32\WINMM.dll
0x00007ffdfafe0000 - 0x00007ffdfb04b000 	C:\WINDOWS\system32\WS2_32.dll
0x00007ffdf6d90000 - 0x00007ffdf6dbc000 	C:\WINDOWS\SYSTEM32\WINMMBASE.dll
0x00007ffdf9610000 - 0x00007ffdf9653000 	C:\WINDOWS\system32\cfgmgr32.dll
0x0000000068b70000 - 0x0000000068b7f000 	C:\Program Files\Java\jdk1.8.0_20\jre\bin\verify.dll
0x0000000068b40000 - 0x0000000068b68000 	C:\Program Files\Java\jdk1.8.0_20\jre\bin\java.dll
0x0000000068b20000 - 0x0000000068b36000 	C:\Program Files\Java\jdk1.8.0_20\jre\bin\zip.dll
0x00007ffdf9a80000 - 0x00007ffdfafdc000 	C:\WINDOWS\system32\SHELL32.dll
0x00007ffdf8f60000 - 0x00007ffdf95a5000 	C:\WINDOWS\system32\windows.storage.dll
0x00007ffdfb480000 - 0x00007ffdfb4d2000 	C:\WINDOWS\system32\shlwapi.dll
0x00007ffdf88f0000 - 0x00007ffdf88ff000 	C:\WINDOWS\system32\kernel.appcore.dll
0x00007ffdf8b50000 - 0x00007ffdf8c05000 	C:\WINDOWS\system32\shcore.dll
0x00007ffdf8920000 - 0x00007ffdf896b000 	C:\WINDOWS\system32\powrprof.dll
0x00007ffdf8900000 - 0x00007ffdf8914000 	C:\WINDOWS\system32\profapi.dll
0x00007ffdeceb0000 - 0x00007ffded03c000 	C:\WINDOWS\SYSTEM32\dbghelp.dll

VM Arguments:
jvm_args: -Djava.awt.headless=true -Xmx1024M -Dfile.encoding=windows-1252 -Duser.country=US -Duser.language=en -Duser.variant 
java_command: com.android.dx.command.Main --dex --num-threads=4 --output C:\Users\admin\Documents\GitHub\SoftwareDesign\FindMeTutor\FindMeTutor\tutor_app\build\intermediates\pre-dexed\debug\com.github.arimorty-floatingsearchview-2.0.3_969679a708635d45160ea898eeac5271445bfa36.jar C:\Users\admin\Documents\GitHub\SoftwareDesign\FindMeTutor\FindMeTutor\tutor_app\build\intermediates\exploded-aar\com.github.arimorty\floatingsearchview\2.0.3\jars\classes.jar
java_class_path (initial): C:\Users\admin\AppData\Local\Android\sdk\build-tools\24.0.1\lib\dx.jar
Launcher Type: SUN_STANDARD

Environment Variables:
PATH=C:\ProgramData\Oracle\Java\javapath;C:\Program Files (x86)\Intel\iCLS Client\;C:\Program Files\Intel\iCLS Client\;C:\WINDOWS\system32;C:\WINDOWS;C:\WINDOWS\System32\Wbem;C:\WINDOWS\System32\WindowsPowerShell\v1.0\;C:\Program Files\Intel\Intel(R) Management Engine Components\DAL;C:\Program Files\Intel\Intel(R) Management Engine Components\IPT;C:\Program Files (x86)\Intel\Intel(R) Management Engine Components\DAL;C:\Program Files (x86)\Intel\Intel(R) Management Engine Components\IPT;C:\Program Files\WIDCOMM\Bluetooth Software\;C:\Program Files\WIDCOMM\Bluetooth Software\syswow64;C:\Program Files (x86)\Intel\OpenCL SDK\2.0\bin\x86;C:\Program Files (x86)\Intel\OpenCL SDK\2.0\bin\x64;C:\Program Files\Intel\WiFi\bin\;C:\Program Files\Common Files\Intel\WirelessCommon\;c:\Program Files (x86)\Microsoft SQL Server\100\Tools\Binn\;c:\Program Files\Microsoft SQL Server\100\Tools\Binn\;c:\Program Files\Microsoft SQL Server\100\DTS\Binn\;C:\Program Files (x86)\MySQL\MySQL Fabric 1.5.4 & MySQL Utilities 1.5.4 1.5\;C:\Program Files (x86)\MySQL\MySQL Fabric 1.5.4 & MySQL Utilities 1.5.4 1.5\Doctrine extensions for PHP\;C:\Program Files (x86)\Borland\Delphi7\Bin;C:\Program Files (x86)\Borland\Delphi7\Projects\Bpl;C:\Program Files (x86)\Borland\Delphi7\Rave5;C:\Program Files\Git\cmd;C:\Program Files\Intel\WiFi\bin\;C:\Program Files\Common Files\Intel\WirelessCommon\
USERNAME=admin
OS=Windows_NT
PROCESSOR_IDENTIFIER=Intel64 Family 6 Model 58 Stepping 9, GenuineIntel



---------------  S Y S T E M  ---------------

OS: Windows 8.1 , 64 bit Build 9600 

CPU:total 4 (2 cores per cpu, 2 threads per core) family 6 model 58 stepping 9, cmov, cx8, fxsr, mmx, sse, sse2, sse3, ssse3, sse4.1, sse4.2, popcnt, avx, aes, clmul, erms, ht, tsc, tscinvbit, tscinv

Memory: 4k page, physical 8258576k(1755032k free), swap 10306576k(5128k free)

vm_info: Java HotSpot(TM) 64-Bit Server VM (25.20-b23) for windows-amd64 JRE (1.8.0_20-b26), built on Jul 30 2014 13:51:23 by "java_re" with MS VC++ 10.0 (VS2010)

time: Sat Sep 03 18:13:46 2016
elapsed time: 3 seconds (0d 0h 0m 3s)

