#
# There is insufficient memory for the Java Runtime Environment to continue.
# Native memory allocation (malloc) failed to allocate 1454256 bytes for Chunk::new
# Possible reasons:
#   The system is out of physical RAM or swap space
#   In 32 bit mode, the process size limit was hit
# Possible solutions:
#   Reduce memory load on the system
#   Increase physical memory or swap space
#   Check if swap backing store is full
#   Use 64 bit Java on a 64 bit OS
#   Decrease Java heap size (-Xmx/-Xms)
#   Decrease number of Java threads
#   Decrease Java thread stack sizes (-Xss)
#   Set larger code cache with -XX:ReservedCodeCacheSize=
# This output file may be truncated or incomplete.
#
#  Out of Memory Error (allocation.cpp:390), pid=12796, tid=3800
#
# JRE version: Java(TM) SE Runtime Environment (8.0_20-b26) (build 1.8.0_20-b26)
# Java VM: Java HotSpot(TM) 64-Bit Server VM (25.20-b23 mixed mode windows-amd64 compressed oops)
# Failed to write core dump. Minidumps are not enabled by default on client versions of Windows
#

---------------  T H R E A D  ---------------

Current thread (0x000000001510d800):  JavaThread "C2 CompilerThread0" daemon [_thread_in_native, id=3800, stack(0x0000000016680000,0x0000000016780000)]

Stack: [0x0000000016680000,0x0000000016780000]
Native frames: (J=compiled Java code, j=interpreted, Vv=VM code, C=native code)
V  [jvm.dll+0x3152fa]


Current CompileTask:
C2:   3900 1697       4       com.android.dx.dex.code.OutputFinisher::addConstants (93 bytes)


---------------  P R O C E S S  ---------------

Java Threads: ( => current thread )
  0x0000000016b3b800 JavaThread "pool-1-thread-1" [_thread_in_Java, id=13472, stack(0x0000000018c50000,0x0000000018d50000)]
  0x0000000016984800 JavaThread "Service Thread" daemon [_thread_blocked, id=5852, stack(0x0000000016d80000,0x0000000016e80000)]
  0x000000001516c000 JavaThread "C1 CompilerThread2" daemon [_thread_blocked, id=7060, stack(0x0000000016880000,0x0000000016980000)]
  0x0000000015110000 JavaThread "C2 CompilerThread1" daemon [_thread_in_native, id=8576, stack(0x0000000016780000,0x0000000016880000)]
=>0x000000001510d800 JavaThread "C2 CompilerThread0" daemon [_thread_in_native, id=3800, stack(0x0000000016680000,0x0000000016780000)]
  0x000000001510b800 JavaThread "Attach Listener" daemon [_thread_blocked, id=10224, stack(0x0000000016580000,0x0000000016680000)]
  0x000000001510a000 JavaThread "Signal Dispatcher" daemon [_thread_blocked, id=15328, stack(0x0000000016480000,0x0000000016580000)]
  0x0000000002a2f000 JavaThread "Finalizer" daemon [_thread_blocked, id=15008, stack(0x0000000016370000,0x0000000016470000)]
  0x00000000150d8000 JavaThread "Reference Handler" daemon [_thread_blocked, id=8344, stack(0x0000000016270000,0x0000000016370000)]
  0x0000000000fdd800 JavaThread "main" [_thread_blocked, id=9816, stack(0x0000000002740000,0x0000000002840000)]

Other Threads:
  0x00000000150d6000 VMThread [stack: 0x0000000016170000,0x0000000016270000] [id=8940]
  0x0000000016987000 WatcherThread [stack: 0x0000000016e80000,0x0000000016f80000] [id=6980]

VM state:not at safepoint (normal execution)

VM Mutex/Monitor currently owned by a thread: None

Heap:
 PSYoungGen      total 38400K, used 13697K [0x00000000eab00000, 0x00000000ef600000, 0x0000000100000000)
  eden space 33280K, 25% used [0x00000000eab00000,0x00000000eb363fc0,0x00000000ecb80000)
  from space 5120K, 99% used [0x00000000ecb80000,0x00000000ed07c6c8,0x00000000ed080000)
  to   space 5120K, 0% used [0x00000000ef100000,0x00000000ef100000,0x00000000ef600000)
 ParOldGen       total 87552K, used 10571K [0x00000000c0000000, 0x00000000c5580000, 0x00000000eab00000)
  object space 87552K, 12% used [0x00000000c0000000,0x00000000c0a52c58,0x00000000c5580000)
 Metaspace       used 6221K, capacity 7152K, committed 7296K, reserved 1056768K
  class space    used 599K, capacity 616K, committed 640K, reserved 1048576K

Card table byte_map: [0x0000000011e00000,0x0000000012010000] byte_map_base: 0x0000000011800000

Marking Bits: (ParMarkBitMap*) 0x000000006451b460
 Begin Bits: [0x0000000012570000, 0x0000000013570000)
 End Bits:   [0x0000000013570000, 0x0000000014570000)

Polling page: 0x0000000000fb0000

CodeCache: size=245760Kb used=6644Kb max_used=6644Kb free=239115Kb
 bounds [0x0000000002a40000, 0x00000000030d0000, 0x0000000011a40000]
 total_blobs=1953 nmethods=1688 adapters=179
 compilation: enabled

Compilation events (10 events):
Event: 3.816 Thread 0x000000001516c000 1705       3       com.android.dx.dex.file.CodeItem::addContents (174 bytes)
Event: 3.816 Thread 0x000000001510d800 nmethod 1686 0x00000000030c2b90 code [0x00000000030c2d60, 0x00000000030c34a8]
Event: 3.816 Thread 0x000000001510d800 1697       4       com.android.dx.dex.code.OutputFinisher::addConstants (93 bytes)
Event: 3.817 Thread 0x000000001516c000 nmethod 1705 0x00000000030c0410 code [0x00000000030c0720, 0x00000000030c20c8]
Event: 3.817 Thread 0x000000001516c000 1703       3       java.util.HashMap::keySet (27 bytes)
Event: 3.818 Thread 0x000000001516c000 nmethod 1703 0x00000000030bfd10 code [0x00000000030bfea0, 0x00000000030c0250]
Event: 3.818 Thread 0x000000001516c000 1704       3       java.util.HashMap$KeyIterator::<init> (11 bytes)
Event: 3.818 Thread 0x000000001516c000 nmethod 1704 0x00000000030bf950 code [0x00000000030bfac0, 0x00000000030bfc68]
Event: 3.819 Thread 0x000000001516c000 1708       3       java.util.HashMap$KeySet::iterator (12 bytes)
Event: 3.820 Thread 0x000000001516c000 nmethod 1708 0x00000000030bcb10 code [0x00000000030bcc80, 0x00000000030bcee8]

GC Heap History (6 events):
Event: 2.610 GC heap before
{Heap before GC invocations=1 (full 0):
 PSYoungGen      total 38400K, used 33280K [0x00000000eab00000, 0x00000000ed580000, 0x0000000100000000)
  eden space 33280K, 100% used [0x00000000eab00000,0x00000000ecb80000,0x00000000ecb80000)
  from space 5120K, 0% used [0x00000000ed080000,0x00000000ed080000,0x00000000ed580000)
  to   space 5120K, 0% used [0x00000000ecb80000,0x00000000ecb80000,0x00000000ed080000)
 ParOldGen       total 87552K, used 0K [0x00000000c0000000, 0x00000000c5580000, 0x00000000eab00000)
  object space 87552K, 0% used [0x00000000c0000000,0x00000000c0000000,0x00000000c5580000)
 Metaspace       used 5932K, capacity 6896K, committed 7040K, reserved 1056768K
  class space    used 592K, capacity 616K, committed 640K, reserved 1048576K
Event: 2.635 GC heap after
Heap after GC invocations=1 (full 0):
 PSYoungGen      total 38400K, used 5097K [0x00000000eab00000, 0x00000000ed580000, 0x0000000100000000)
  eden space 33280K, 0% used [0x00000000eab00000,0x00000000eab00000,0x00000000ecb80000)
  from space 5120K, 99% used [0x00000000ecb80000,0x00000000ed07a6a8,0x00000000ed080000)
  to   space 5120K, 0% used [0x00000000ed080000,0x00000000ed080000,0x00000000ed580000)
 ParOldGen       total 87552K, used 1813K [0x00000000c0000000, 0x00000000c5580000, 0x00000000eab00000)
  object space 87552K, 2% used [0x00000000c0000000,0x00000000c01c5520,0x00000000c5580000)
 Metaspace       used 5932K, capacity 6896K, committed 7040K, reserved 1056768K
  class space    used 592K, capacity 616K, committed 640K, reserved 1048576K
}
Event: 3.042 GC heap before
{Heap before GC invocations=2 (full 0):
 PSYoungGen      total 38400K, used 38377K [0x00000000eab00000, 0x00000000ed580000, 0x0000000100000000)
  eden space 33280K, 100% used [0x00000000eab00000,0x00000000ecb80000,0x00000000ecb80000)
  from space 5120K, 99% used [0x00000000ecb80000,0x00000000ed07a6a8,0x00000000ed080000)
  to   space 5120K, 0% used [0x00000000ed080000,0x00000000ed080000,0x00000000ed580000)
 ParOldGen       total 87552K, used 1813K [0x00000000c0000000, 0x00000000c5580000, 0x00000000eab00000)
  object space 87552K, 2% used [0x00000000c0000000,0x00000000c01c5520,0x00000000c5580000)
 Metaspace       used 6095K, capacity 7088K, committed 7296K, reserved 1056768K
  class space    used 593K, capacity 616K, committed 640K, reserved 1048576K
Event: 3.058 GC heap after
Heap after GC invocations=2 (full 0):
 PSYoungGen      total 38400K, used 5089K [0x00000000eab00000, 0x00000000ef600000, 0x0000000100000000)
  eden space 33280K, 0% used [0x00000000eab00000,0x00000000eab00000,0x00000000ecb80000)
  from space 5120K, 99% used [0x00000000ed080000,0x00000000ed5786b8,0x00000000ed580000)
  to   space 5120K, 0% used [0x00000000ecb80000,0x00000000ecb80000,0x00000000ed080000)
 ParOldGen       total 87552K, used 6544K [0x00000000c0000000, 0x00000000c5580000, 0x00000000eab00000)
  object space 87552K, 7% used [0x00000000c0000000,0x00000000c0664258,0x00000000c5580000)
 Metaspace       used 6095K, capacity 7088K, committed 7296K, reserved 1056768K
  class space    used 593K, capacity 616K, committed 640K, reserved 1048576K
}
Event: 3.503 GC heap before
{Heap before GC invocations=3 (full 0):
 PSYoungGen      total 38400K, used 38369K [0x00000000eab00000, 0x00000000ef600000, 0x0000000100000000)
  eden space 33280K, 100% used [0x00000000eab00000,0x00000000ecb80000,0x00000000ecb80000)
  from space 5120K, 99% used [0x00000000ed080000,0x00000000ed5786b8,0x00000000ed580000)
  to   space 5120K, 0% used [0x00000000ecb80000,0x00000000ecb80000,0x00000000ed080000)
 ParOldGen       total 87552K, used 6544K [0x00000000c0000000, 0x00000000c5580000, 0x00000000eab00000)
  object space 87552K, 7% used [0x00000000c0000000,0x00000000c0664258,0x00000000c5580000)
 Metaspace       used 6146K, capacity 7088K, committed 7296K, reserved 1056768K
  class space    used 594K, capacity 616K, committed 640K, reserved 1048576K
Event: 3.517 GC heap after
Heap after GC invocations=3 (full 0):
 PSYoungGen      total 38400K, used 5105K [0x00000000eab00000, 0x00000000ef600000, 0x0000000100000000)
  eden space 33280K, 0% used [0x00000000eab00000,0x00000000eab00000,0x00000000ecb80000)
  from space 5120K, 99% used [0x00000000ecb80000,0x00000000ed07c6c8,0x00000000ed080000)
  to   space 5120K, 0% used [0x00000000ef100000,0x00000000ef100000,0x00000000ef600000)
 ParOldGen       total 87552K, used 10571K [0x00000000c0000000, 0x00000000c5580000, 0x00000000eab00000)
  object space 87552K, 12% used [0x00000000c0000000,0x00000000c0a52c58,0x00000000c5580000)
 Metaspace       used 6146K, capacity 7088K, committed 7296K, reserved 1056768K
  class space    used 594K, capacity 616K, committed 640K, reserved 1048576K
}

Deoptimization events (10 events):
Event: 3.134 Thread 0x0000000016b35000 Uncommon trap: reason=bimorphic action=maybe_recompile pc=0x0000000002c6f60c method=java.util.HashMap.getNode(ILjava/lang/Object;)Ljava/util/HashMap$Node; @ 126
Event: 3.784 Thread 0x0000000016b3b800 Uncommon trap: reason=class_check action=maybe_recompile pc=0x0000000002e95ca4 method=java.util.Arrays.hashCode([Ljava/lang/Object;)I @ 43
Event: 3.784 Thread 0x0000000016b3b800 Uncommon trap: reason=class_check action=maybe_recompile pc=0x0000000002e95ca4 method=java.util.Arrays.hashCode([Ljava/lang/Object;)I @ 43
Event: 3.784 Thread 0x0000000016b3b800 Uncommon trap: reason=class_check action=maybe_recompile pc=0x0000000002e95ca4 method=java.util.Arrays.hashCode([Ljava/lang/Object;)I @ 43
Event: 3.784 Thread 0x0000000016b3b800 Uncommon trap: reason=class_check action=maybe_recompile pc=0x0000000002e95ca4 method=java.util.Arrays.hashCode([Ljava/lang/Object;)I @ 43
Event: 3.791 Thread 0x0000000016b3b800 Uncommon trap: reason=bimorphic action=maybe_recompile pc=0x0000000002f9e45c method=java.util.HashMap.putVal(ILjava/lang/Object;Ljava/lang/Object;ZZ)Ljava/lang/Object; @ 91
Event: 3.791 Thread 0x0000000016b3b800 Uncommon trap: reason=bimorphic action=maybe_recompile pc=0x0000000002f9e45c method=java.util.HashMap.putVal(ILjava/lang/Object;Ljava/lang/Object;ZZ)Ljava/lang/Object; @ 91
Event: 3.791 Thread 0x0000000016b3b800 Uncommon trap: reason=bimorphic action=maybe_recompile pc=0x0000000002f9e45c method=java.util.HashMap.putVal(ILjava/lang/Object;Ljava/lang/Object;ZZ)Ljava/lang/Object; @ 91
Event: 3.792 Thread 0x0000000016b3b800 Uncommon trap: reason=bimorphic action=maybe_recompile pc=0x0000000002f9e45c method=java.util.HashMap.putVal(ILjava/lang/Object;Ljava/lang/Object;ZZ)Ljava/lang/Object; @ 91
Event: 3.792 Thread 0x0000000016b3b800 Uncommon trap: reason=bimorphic action=maybe_recompile pc=0x0000000002fb8f64 method=java.util.HashMap.putVal(ILjava/lang/Object;Ljava/lang/Object;ZZ)Ljava/lang/Object; @ 91

Internal exceptions (10 events):
Event: 2.160 Thread 0x0000000016bbb000 Exception <a 'java/security/PrivilegedActionException'> (0x00000000eb95b858) thrown at [D:\re\workspace\8-2-build-windows-amd64-cygwin\jdk8u20\1074\hotspot\src\share\vm\prims\jvm.cpp, line 1275]
Event: 2.161 Thread 0x0000000016bbb000 Exception <a 'java/security/PrivilegedActionException'> (0x00000000eb961248) thrown at [D:\re\workspace\8-2-build-windows-amd64-cygwin\jdk8u20\1074\hotspot\src\share\vm\prims\jvm.cpp, line 1275]
Event: 2.180 Thread 0x0000000016b35000 Exception <a 'java/security/PrivilegedActionException'> (0x00000000eba59118) thrown at [D:\re\workspace\8-2-build-windows-amd64-cygwin\jdk8u20\1074\hotspot\src\share\vm\prims\jvm.cpp, line 1275]
Event: 2.269 Thread 0x0000000000fdd800 Exception <a 'java/security/PrivilegedActionException'> (0x00000000ebbf0688) thrown at [D:\re\workspace\8-2-build-windows-amd64-cygwin\jdk8u20\1074\hotspot\src\share\vm\prims\jvm.cpp, line 1275]
Event: 2.271 Thread 0x0000000016bba800 Exception <a 'java/security/PrivilegedActionException'> (0x00000000eb9eb8f8) thrown at [D:\re\workspace\8-2-build-windows-amd64-cygwin\jdk8u20\1074\hotspot\src\share\vm\prims\jvm.cpp, line 1275]
Event: 2.304 Thread 0x0000000016bbb000 Exception <a 'java/security/PrivilegedActionException'> (0x00000000eb9668f0) thrown at [D:\re\workspace\8-2-build-windows-amd64-cygwin\jdk8u20\1074\hotspot\src\share\vm\prims\jvm.cpp, line 1275]
Event: 2.874 Thread 0x0000000016bb9800 Implicit null exception at 0x0000000002deabd3 to 0x0000000002debf11
Event: 3.619 Thread 0x0000000000fdd800 Exception <a 'java/security/PrivilegedActionException'> (0x00000000eb2a9558) thrown at [D:\re\workspace\8-2-build-windows-amd64-cygwin\jdk8u20\1074\hotspot\src\share\vm\prims\jvm.cpp, line 1275]
Event: 3.784 Thread 0x0000000016b3b800 Exception <a 'java/security/PrivilegedActionException'> (0x00000000eb2e01a0) thrown at [D:\re\workspace\8-2-build-windows-amd64-cygwin\jdk8u20\1074\hotspot\src\share\vm\prims\jvm.cpp, line 1275]
Event: 3.809 Thread 0x0000000016b3b800 Exception <a 'java/security/PrivilegedActionException'> (0x00000000eb30f4c0) thrown at [D:\re\workspace\8-2-build-windows-amd64-cygwin\jdk8u20\1074\hotspot\src\share\vm\prims\jvm.cpp, line 1275]

Events (10 events):
Event: 3.791 Thread 0x0000000016b3b800 DEOPT PACKING pc=0x0000000002f9e45c sp=0x0000000018d4eea0
Event: 3.791 Thread 0x0000000016b3b800 DEOPT UNPACKING pc=0x0000000002a8556a sp=0x0000000018d4edc8 mode 2
Event: 3.792 Thread 0x0000000016b3b800 Uncommon trap: trap_request=0xffffffc6 fr.pc=0x0000000002f9e45c
Event: 3.792 Thread 0x0000000016b3b800 DEOPT PACKING pc=0x0000000002f9e45c sp=0x0000000018d4eea0
Event: 3.792 Thread 0x0000000016b3b800 DEOPT UNPACKING pc=0x0000000002a8556a sp=0x0000000018d4edc8 mode 2
Event: 3.792 Thread 0x0000000016b3b800 Uncommon trap: trap_request=0xffffffc6 fr.pc=0x0000000002fb8f64
Event: 3.792 Thread 0x0000000016b3b800 DEOPT PACKING pc=0x0000000002fb8f64 sp=0x0000000018d4ee20
Event: 3.792 Thread 0x0000000016b3b800 DEOPT UNPACKING pc=0x0000000002a8556a sp=0x0000000018d4edc8 mode 2
Event: 3.809 loading class com/android/dx/dex/file/CatchStructs
Event: 3.809 loading class com/android/dx/dex/file/CatchStructs done


Dynamic libraries:
0x00007ff79b830000 - 0x00007ff79b864000 	C:\Program Files\Java\jdk1.8.0_20\bin\java.exe
0x00007ffc6b1c0000 - 0x00007ffc6b381000 	C:\WINDOWS\SYSTEM32\ntdll.dll
0x00007ffc68920000 - 0x00007ffc689cd000 	C:\WINDOWS\system32\KERNEL32.DLL
0x00007ffc67a70000 - 0x00007ffc67c58000 	C:\WINDOWS\system32\KERNELBASE.dll
0x00007ffc6b110000 - 0x00007ffc6b1b7000 	C:\WINDOWS\system32\ADVAPI32.dll
0x00007ffc6af30000 - 0x00007ffc6afcd000 	C:\WINDOWS\system32\msvcrt.dll
0x00007ffc6b040000 - 0x00007ffc6b09b000 	C:\WINDOWS\system32\sechost.dll
0x00007ffc689d0000 - 0x00007ffc68aec000 	C:\WINDOWS\system32\RPCRT4.dll
0x00007ffc6ac30000 - 0x00007ffc6ad86000 	C:\WINDOWS\system32\USER32.dll
0x00007ffc6ad90000 - 0x00007ffc6af16000 	C:\WINDOWS\system32\GDI32.dll
0x00007ffc5dcb0000 - 0x00007ffc5df24000 	C:\WINDOWS\WinSxS\amd64_microsoft.windows.common-controls_6595b64144ccf1df_6.0.10586.589_none_a2ddb3caa539acce\COMCTL32.dll
0x00007ffc6a5e0000 - 0x00007ffc6a85d000 	C:\WINDOWS\system32\combase.dll
0x00007ffc67c80000 - 0x00007ffc67cea000 	C:\WINDOWS\system32\bcryptPrimitives.dll
0x00007ffc68770000 - 0x00007ffc687ab000 	C:\WINDOWS\system32\IMM32.DLL
0x00000000645a0000 - 0x0000000064672000 	C:\Program Files\Java\jdk1.8.0_20\jre\bin\msvcr100.dll
0x0000000063d40000 - 0x0000000064598000 	C:\Program Files\Java\jdk1.8.0_20\jre\bin\server\jvm.dll
0x00007ffc6b0a0000 - 0x00007ffc6b0a8000 	C:\WINDOWS\system32\PSAPI.DLL
0x00007ffc5c500000 - 0x00007ffc5c509000 	C:\WINDOWS\SYSTEM32\WSOCK32.dll
0x00007ffc68700000 - 0x00007ffc6876b000 	C:\WINDOWS\system32\WS2_32.dll
0x00007ffc65ad0000 - 0x00007ffc65af3000 	C:\WINDOWS\SYSTEM32\WINMM.dll
0x00007ffc65aa0000 - 0x00007ffc65acc000 	C:\WINDOWS\SYSTEM32\WINMMBASE.dll
0x00007ffc679c0000 - 0x00007ffc67a03000 	C:\WINDOWS\system32\cfgmgr32.dll
0x0000000063d30000 - 0x0000000063d3f000 	C:\Program Files\Java\jdk1.8.0_20\jre\bin\verify.dll
0x0000000063d00000 - 0x0000000063d28000 	C:\Program Files\Java\jdk1.8.0_20\jre\bin\java.dll
0x0000000063ce0000 - 0x0000000063cf6000 	C:\Program Files\Java\jdk1.8.0_20\jre\bin\zip.dll
0x00007ffc68af0000 - 0x00007ffc6a04c000 	C:\WINDOWS\system32\SHELL32.dll
0x00007ffc67f50000 - 0x00007ffc68595000 	C:\WINDOWS\system32\windows.storage.dll
0x00007ffc688c0000 - 0x00007ffc68912000 	C:\WINDOWS\system32\shlwapi.dll
0x00007ffc67830000 - 0x00007ffc6783f000 	C:\WINDOWS\system32\kernel.appcore.dll
0x00007ffc67900000 - 0x00007ffc679b5000 	C:\WINDOWS\system32\shcore.dll
0x00007ffc677c0000 - 0x00007ffc6780b000 	C:\WINDOWS\system32\powrprof.dll
0x00007ffc67810000 - 0x00007ffc67824000 	C:\WINDOWS\system32\profapi.dll
0x00007ffc5c290000 - 0x00007ffc5c41c000 	C:\WINDOWS\SYSTEM32\dbghelp.dll

VM Arguments:
jvm_args: -Djava.awt.headless=true -Xmx1024M -Dfile.encoding=windows-1252 -Duser.country=US -Duser.language=en -Duser.variant 
java_command: com.android.dx.command.Main --dex --force-jumbo --num-threads=4 --multi-dex --output C:\Users\admin\Documents\GitHub\ShaneelSD\SoftwareDesign\FindMeTutor\FindMeTutor\tutor_app\build\intermediates\transforms\dex\debug\folders\1000\10\com.android.support-support-fragment-24.2.1_74d430202bfca0fcc0374d10c1d8dfc2f7ab9acd C:\Users\admin\Documents\GitHub\ShaneelSD\SoftwareDesign\FindMeTutor\FindMeTutor\tutor_app\build\intermediates\exploded-aar\com.android.support\support-fragment\24.2.1\jars\classes.jar
java_class_path (initial): C:\Users\admin\AppData\Local\Android\sdk\build-tools\24.0.1\lib\dx.jar
Launcher Type: SUN_STANDARD

Environment Variables:
PATH=C:\ProgramData\Oracle\Java\javapath;C:\Program Files (x86)\Intel\iCLS Client\;C:\Program Files\Intel\iCLS Client\;C:\WINDOWS\system32;C:\WINDOWS;C:\WINDOWS\System32\Wbem;C:\WINDOWS\System32\WindowsPowerShell\v1.0\;C:\Program Files\Intel\Intel(R) Management Engine Components\DAL;C:\Program Files\Intel\Intel(R) Management Engine Components\IPT;C:\Program Files (x86)\Intel\Intel(R) Management Engine Components\DAL;C:\Program Files (x86)\Intel\Intel(R) Management Engine Components\IPT;C:\Program Files\WIDCOMM\Bluetooth Software\;C:\Program Files\WIDCOMM\Bluetooth Software\syswow64;C:\Program Files (x86)\Intel\OpenCL SDK\2.0\bin\x86;C:\Program Files (x86)\Intel\OpenCL SDK\2.0\bin\x64;C:\Program Files\Intel\WiFi\bin\;C:\Program Files\Common Files\Intel\WirelessCommon\;c:\Program Files (x86)\Microsoft SQL Server\100\Tools\Binn\;c:\Program Files\Microsoft SQL Server\100\Tools\Binn\;c:\Program Files\Microsoft SQL Server\100\DTS\Binn\;C:\Program Files (x86)\MySQL\MySQL Fabric 1.5.4 & MySQL Utilities 1.5.4 1.5\;C:\Program Files (x86)\MySQL\MySQL Fabric 1.5.4 & MySQL Utilities 1.5.4 1.5\Doctrine extensions for PHP\;C:\Program Files (x86)\Borland\Delphi7\Bin;C:\Program Files (x86)\Borland\Delphi7\Projects\Bpl;C:\Program Files (x86)\Borland\Delphi7\Rave5;C:\Program Files\Git\cmd;C:\Program Files (x86)\OpenVPN\bin;C:\Program Files\Intel\WiFi\bin\;C:\Program Files\Common Files\Intel\WirelessCommon\
USERNAME=admin
OS=Windows_NT
PROCESSOR_IDENTIFIER=Intel64 Family 6 Model 58 Stepping 9, GenuineIntel



---------------  S Y S T E M  ---------------

OS: Windows 8.1 , 64 bit Build 9600 

CPU:total 4 (2 cores per cpu, 2 threads per core) family 6 model 58 stepping 9, cmov, cx8, fxsr, mmx, sse, sse2, sse3, ssse3, sse4.1, sse4.2, popcnt, avx, aes, clmul, erms, ht, tsc, tscinvbit, tscinv

Memory: 4k page, physical 8258576k(2407288k free), swap 10306576k(4112k free)

vm_info: Java HotSpot(TM) 64-Bit Server VM (25.20-b23) for windows-amd64 JRE (1.8.0_20-b26), built on Jul 30 2014 13:51:23 by "java_re" with MS VC++ 10.0 (VS2010)

time: Fri Oct 28 12:10:32 2016
elapsed time: 3 seconds (0d 0h 0m 3s)

