#
# There is insufficient memory for the Java Runtime Environment to continue.
# Native memory allocation (malloc) failed to allocate 32744 bytes for ChunkPool::allocate
# Possible reasons:
#   The system is out of physical RAM or swap space
#   In 32 bit mode, the process size limit was hit
# Possible solutions:
#   Reduce memory load on the system
#   Increase physical memory or swap space
#   Check if swap backing store is full
#   Use 64 bit Java on a 64 bit OS
#   Decrease Java heap size (-Xmx/-Xms)
#   Decrease number of Java threads
#   Decrease Java thread stack sizes (-Xss)
#   Set larger code cache with -XX:ReservedCodeCacheSize=
# This output file may be truncated or incomplete.
#
#  Out of Memory Error (allocation.cpp:273), pid=5448, tid=4872
#
# JRE version: Java(TM) SE Runtime Environment (8.0_20-b26) (build 1.8.0_20-b26)
# Java VM: Java HotSpot(TM) 64-Bit Server VM (25.20-b23 mixed mode windows-amd64 compressed oops)
# Failed to write core dump. Minidumps are not enabled by default on client versions of Windows
#

---------------  T H R E A D  ---------------

Current thread (0x0000000015799000):  JavaThread "C1 CompilerThread2" daemon [_thread_in_native, id=4872, stack(0x0000000016eb0000,0x0000000016fb0000)]

Stack: [0x0000000016eb0000,0x0000000016fb0000]
Native frames: (J=compiled Java code, j=interpreted, Vv=VM code, C=native code)
V  [jvm.dll+0x3152fa]
V  [jvm.dll+0x265d03]
V  [jvm.dll+0x266943]
V  [jvm.dll+0x25e265]
V  [jvm.dll+0xbdfb1]
V  [jvm.dll+0xbe6fc]
V  [jvm.dll+0x403f3f]
V  [jvm.dll+0x40943a]
V  [jvm.dll+0x40b653]
V  [jvm.dll+0x40cdd9]
V  [jvm.dll+0x40d264]
V  [jvm.dll+0x3ebe90]
V  [jvm.dll+0x3ec260]
V  [jvm.dll+0x3ec392]
V  [jvm.dll+0x3ec55e]
V  [jvm.dll+0x3ec75f]
V  [jvm.dll+0x97b62]
V  [jvm.dll+0x98353]
V  [jvm.dll+0x22aac4]
V  [jvm.dll+0x283f5a]
C  [msvcr100.dll+0x21d9f]
C  [msvcr100.dll+0x21e3b]
C  [KERNEL32.DLL+0x18102]
C  [ntdll.dll+0x5c5b4]


Current CompileTask:
C1:   2093  481   !   3       com.android.dx.cf.code.BytecodeArray::parseInstruction (2764 bytes)


---------------  P R O C E S S  ---------------

Java Threads: ( => current thread )
  0x00000000171ee800 JavaThread "pool-2-thread-4" [_thread_in_vm, id=1388, stack(0x00000000179b0000,0x0000000017ab0000)]
  0x000000001710e000 JavaThread "pool-2-thread-3" [_thread_blocked, id=1004, stack(0x00000000178b0000,0x00000000179b0000)]
  0x000000001710a000 JavaThread "pool-3-thread-1" [_thread_blocked, id=7376, stack(0x00000000176b0000,0x00000000177b0000)]
  0x0000000017101800 JavaThread "pool-2-thread-1" [_thread_blocked, id=10400, stack(0x00000000175b0000,0x00000000176b0000)]
  0x0000000016fb4800 JavaThread "Service Thread" daemon [_thread_blocked, id=4044, stack(0x00000000173b0000,0x00000000174b0000)]
=>0x0000000015799000 JavaThread "C1 CompilerThread2" daemon [_thread_in_native, id=4872, stack(0x0000000016eb0000,0x0000000016fb0000)]
  0x0000000015750000 JavaThread "C2 CompilerThread1" daemon [_thread_blocked, id=14708, stack(0x0000000016db0000,0x0000000016eb0000)]
  0x000000001574d800 JavaThread "C2 CompilerThread0" daemon [_thread_in_native, id=11860, stack(0x0000000016cb0000,0x0000000016db0000)]
  0x000000001574b800 JavaThread "Attach Listener" daemon [_thread_blocked, id=12892, stack(0x0000000016bb0000,0x0000000016cb0000)]
  0x000000001574a000 JavaThread "Signal Dispatcher" daemon [_thread_blocked, id=5228, stack(0x0000000016ab0000,0x0000000016bb0000)]
  0x000000000306f000 JavaThread "Finalizer" daemon [_thread_blocked, id=8120, stack(0x00000000169b0000,0x0000000016ab0000)]
  0x0000000015718000 JavaThread "Reference Handler" daemon [_thread_blocked, id=4436, stack(0x00000000168b0000,0x00000000169b0000)]
  0x0000000002f7d800 JavaThread "main" [_thread_blocked, id=14376, stack(0x0000000002db0000,0x0000000002eb0000)]

Other Threads:
  0x0000000015716000 VMThread [stack: 0x00000000167b0000,0x00000000168b0000] [id=2900]
  0x0000000016fb7000 WatcherThread [stack: 0x00000000174b0000,0x00000000175b0000] [id=9900]

VM state:not at safepoint (normal execution)

VM Mutex/Monitor currently owned by a thread: None

Heap:
 PSYoungGen      total 38400K, used 13448K [0x00000000eab00000, 0x00000000ed580000, 0x0000000100000000)
  eden space 33280K, 40% used [0x00000000eab00000,0x00000000eb822110,0x00000000ecb80000)
  from space 5120K, 0% used [0x00000000ed080000,0x00000000ed080000,0x00000000ed580000)
  to   space 5120K, 0% used [0x00000000ecb80000,0x00000000ecb80000,0x00000000ed080000)
 ParOldGen       total 87552K, used 0K [0x00000000c0000000, 0x00000000c5580000, 0x00000000eab00000)
  object space 87552K, 0% used [0x00000000c0000000,0x00000000c0000000,0x00000000c5580000)
 Metaspace       used 5447K, capacity 6512K, committed 6784K, reserved 1058816K
  class space    used 586K, capacity 616K, committed 640K, reserved 1048576K

Card table byte_map: [0x0000000012440000,0x0000000012650000] byte_map_base: 0x0000000011e40000

Marking Bits: (ParMarkBitMap*) 0x000000006451b460
 Begin Bits: [0x0000000012bb0000, 0x0000000013bb0000)
 End Bits:   [0x0000000013bb0000, 0x0000000014bb0000)

Polling page: 0x0000000002eb0000

CodeCache: size=245760Kb used=2010Kb max_used=2022Kb free=243749Kb
 bounds [0x0000000003080000, 0x00000000032f0000, 0x0000000012080000]
 total_blobs=761 nmethods=496 adapters=179
 compilation: enabled

Compilation events (10 events):
Event: 2.019 Thread 0x0000000015799000 nmethod 479 0x0000000003275590 code [0x00000000032756e0, 0x00000000032757f0]
Event: 2.019 Thread 0x0000000015799000  480       1       com.android.dx.rop.code.RegisterSpec::getTypeBearer (5 bytes)
Event: 2.019 Thread 0x0000000015799000 nmethod 480 0x00000000032752d0 code [0x0000000003275420, 0x0000000003275530]
Event: 2.019 Thread 0x0000000015799000  481   !   3       com.android.dx.cf.code.BytecodeArray::parseInstruction (2764 bytes)
Event: 2.021 Thread 0x000000001574d800  486       4       java.util.ArrayList$Itr::hasNext (20 bytes)
Event: 2.021 Thread 0x000000001574d800 nmethod 486 0x0000000003273b50 code [0x0000000003273c80, 0x0000000003273d18]
Event: 2.025 Thread 0x0000000015750000  495   !   4       com.android.dx.util.FixedSizeList::get0 (47 bytes)
Event: 2.026 Thread 0x0000000015750000 nmethod 495 0x0000000003273890 code [0x00000000032739c0, 0x0000000003273a78]
Event: 2.030 Thread 0x000000001574d800  500       4       java.util.ArrayList$Itr::next (66 bytes)
Event: 2.032 Thread 0x000000001574d800 nmethod 500 0x0000000003273510 code [0x0000000003273660, 0x0000000003273758]

GC Heap History (0 events):
No events

Deoptimization events (0 events):
No events

Internal exceptions (10 events):
Event: 1.985 Thread 0x000000001710d000 Exception <a 'java/security/PrivilegedActionException'> (0x00000000eb4af568) thrown at [D:\re\workspace\8-2-build-windows-amd64-cygwin\jdk8u20\1074\hotspot\src\share\vm\prims\jvm.cpp, line 1275]
Event: 1.985 Thread 0x000000001710d000 Exception <a 'java/security/PrivilegedActionException'> (0x00000000eb4b2350) thrown at [D:\re\workspace\8-2-build-windows-amd64-cygwin\jdk8u20\1074\hotspot\src\share\vm\prims\jvm.cpp, line 1275]
Event: 1.986 Thread 0x000000001710d000 Exception <a 'java/security/PrivilegedActionException'> (0x00000000eb4b5670) thrown at [D:\re\workspace\8-2-build-windows-amd64-cygwin\jdk8u20\1074\hotspot\src\share\vm\prims\jvm.cpp, line 1275]
Event: 1.987 Thread 0x000000001710d000 Exception <a 'java/security/PrivilegedActionException'> (0x00000000eb4be898) thrown at [D:\re\workspace\8-2-build-windows-amd64-cygwin\jdk8u20\1074\hotspot\src\share\vm\prims\jvm.cpp, line 1275]
Event: 1.988 Thread 0x000000001710d000 Exception <a 'java/security/PrivilegedActionException'> (0x00000000eb4c2e58) thrown at [D:\re\workspace\8-2-build-windows-amd64-cygwin\jdk8u20\1074\hotspot\src\share\vm\prims\jvm.cpp, line 1275]
Event: 2.014 Thread 0x0000000017101800 Exception <a 'java/security/PrivilegedActionException'> (0x00000000eb64df10) thrown at [D:\re\workspace\8-2-build-windows-amd64-cygwin\jdk8u20\1074\hotspot\src\share\vm\prims\jvm.cpp, line 1275]
Event: 2.014 Thread 0x0000000017101800 Exception <a 'java/security/PrivilegedActionException'> (0x00000000eb650ea8) thrown at [D:\re\workspace\8-2-build-windows-amd64-cygwin\jdk8u20\1074\hotspot\src\share\vm\prims\jvm.cpp, line 1275]
Event: 2.015 Thread 0x0000000017101800 Exception <a 'java/security/PrivilegedActionException'> (0x00000000eb655dd0) thrown at [D:\re\workspace\8-2-build-windows-amd64-cygwin\jdk8u20\1074\hotspot\src\share\vm\prims\jvm.cpp, line 1275]
Event: 2.016 Thread 0x0000000017101800 Exception <a 'java/security/PrivilegedActionException'> (0x00000000eb65b7f8) thrown at [D:\re\workspace\8-2-build-windows-amd64-cygwin\jdk8u20\1074\hotspot\src\share\vm\prims\jvm.cpp, line 1275]
Event: 2.017 Thread 0x0000000017101800 Exception <a 'java/security/PrivilegedActionException'> (0x00000000eb660eb0) thrown at [D:\re\workspace\8-2-build-windows-amd64-cygwin\jdk8u20\1074\hotspot\src\share\vm\prims\jvm.cpp, line 1275]

Events (10 events):
Event: 2.013 loading class com/android/dx/rop/cst/CstArray$List
Event: 2.013 loading class com/android/dx/rop/cst/CstArray$List done
Event: 2.014 loading class com/android/dx/dex/file/MethodAnnotationStruct
Event: 2.014 loading class com/android/dx/dex/file/MethodAnnotationStruct done
Event: 2.015 loading class com/android/dx/dex/file/ParameterAnnotationStruct
Event: 2.015 loading class com/android/dx/dex/file/ParameterAnnotationStruct done
Event: 2.016 loading class com/android/dx/dex/file/UniformListItem
Event: 2.016 loading class com/android/dx/dex/file/UniformListItem done
Event: 2.017 loading class com/android/dx/dex/file/AnnotationSetRefItem
Event: 2.017 loading class com/android/dx/dex/file/AnnotationSetRefItem done


Dynamic libraries:
0x00007ff79b830000 - 0x00007ff79b864000 	C:\Program Files\Java\jdk1.8.0_20\bin\java.exe
0x00007ffc6b1c0000 - 0x00007ffc6b381000 	C:\WINDOWS\SYSTEM32\ntdll.dll
0x00007ffc68920000 - 0x00007ffc689cd000 	C:\WINDOWS\system32\KERNEL32.DLL
0x00007ffc67a70000 - 0x00007ffc67c58000 	C:\WINDOWS\system32\KERNELBASE.dll
0x00007ffc6b110000 - 0x00007ffc6b1b7000 	C:\WINDOWS\system32\ADVAPI32.dll
0x00007ffc6af30000 - 0x00007ffc6afcd000 	C:\WINDOWS\system32\msvcrt.dll
0x00007ffc6b040000 - 0x00007ffc6b09b000 	C:\WINDOWS\system32\sechost.dll
0x00007ffc689d0000 - 0x00007ffc68aec000 	C:\WINDOWS\system32\RPCRT4.dll
0x00007ffc6ac30000 - 0x00007ffc6ad86000 	C:\WINDOWS\system32\USER32.dll
0x00007ffc6ad90000 - 0x00007ffc6af16000 	C:\WINDOWS\system32\GDI32.dll
0x00007ffc5dcb0000 - 0x00007ffc5df24000 	C:\WINDOWS\WinSxS\amd64_microsoft.windows.common-controls_6595b64144ccf1df_6.0.10586.589_none_a2ddb3caa539acce\COMCTL32.dll
0x00007ffc6a5e0000 - 0x00007ffc6a85d000 	C:\WINDOWS\system32\combase.dll
0x00007ffc67c80000 - 0x00007ffc67cea000 	C:\WINDOWS\system32\bcryptPrimitives.dll
0x00007ffc68770000 - 0x00007ffc687ab000 	C:\WINDOWS\system32\IMM32.DLL
0x00000000645a0000 - 0x0000000064672000 	C:\Program Files\Java\jdk1.8.0_20\jre\bin\msvcr100.dll
0x0000000063d40000 - 0x0000000064598000 	C:\Program Files\Java\jdk1.8.0_20\jre\bin\server\jvm.dll
0x00007ffc6b0a0000 - 0x00007ffc6b0a8000 	C:\WINDOWS\system32\PSAPI.DLL
0x00007ffc5c500000 - 0x00007ffc5c509000 	C:\WINDOWS\SYSTEM32\WSOCK32.dll
0x00007ffc68700000 - 0x00007ffc6876b000 	C:\WINDOWS\system32\WS2_32.dll
0x00007ffc65ad0000 - 0x00007ffc65af3000 	C:\WINDOWS\SYSTEM32\WINMM.dll
0x00007ffc65aa0000 - 0x00007ffc65acc000 	C:\WINDOWS\SYSTEM32\WINMMBASE.dll
0x00007ffc679c0000 - 0x00007ffc67a03000 	C:\WINDOWS\system32\cfgmgr32.dll
0x0000000063d30000 - 0x0000000063d3f000 	C:\Program Files\Java\jdk1.8.0_20\jre\bin\verify.dll
0x0000000063d00000 - 0x0000000063d28000 	C:\Program Files\Java\jdk1.8.0_20\jre\bin\java.dll
0x0000000063ce0000 - 0x0000000063cf6000 	C:\Program Files\Java\jdk1.8.0_20\jre\bin\zip.dll
0x00007ffc68af0000 - 0x00007ffc6a04c000 	C:\WINDOWS\system32\SHELL32.dll
0x00007ffc67f50000 - 0x00007ffc68595000 	C:\WINDOWS\system32\windows.storage.dll
0x00007ffc688c0000 - 0x00007ffc68912000 	C:\WINDOWS\system32\shlwapi.dll
0x00007ffc67830000 - 0x00007ffc6783f000 	C:\WINDOWS\system32\kernel.appcore.dll
0x00007ffc67900000 - 0x00007ffc679b5000 	C:\WINDOWS\system32\shcore.dll
0x00007ffc677c0000 - 0x00007ffc6780b000 	C:\WINDOWS\system32\powrprof.dll
0x00007ffc67810000 - 0x00007ffc67824000 	C:\WINDOWS\system32\profapi.dll
0x00007ffc5c290000 - 0x00007ffc5c41c000 	C:\WINDOWS\SYSTEM32\dbghelp.dll

VM Arguments:
jvm_args: -Djava.awt.headless=true -Xmx1024M -Dfile.encoding=windows-1252 -Duser.country=US -Duser.language=en -Duser.variant 
java_command: com.android.dx.command.Main --dex --force-jumbo --num-threads=4 --multi-dex --output C:\Users\admin\Documents\GitHub\ShaneelSD\SoftwareDesign\FindMeTutor\FindMeTutor\tutor_app\build\intermediates\transforms\dex\debug\folders\1000\10\internal_impl-24.2.1_03a9cd1a2bfb661185b14b54e7d54dc716897f38 C:\Users\admin\Documents\GitHub\ShaneelSD\SoftwareDesign\FindMeTutor\FindMeTutor\tutor_app\build\intermediates\exploded-aar\com.android.support\support-fragment\24.2.1\jars\libs\internal_impl-24.2.1.jar
java_class_path (initial): C:\Users\admin\AppData\Local\Android\sdk\build-tools\24.0.1\lib\dx.jar
Launcher Type: SUN_STANDARD

Environment Variables:
PATH=C:\ProgramData\Oracle\Java\javapath;C:\Program Files (x86)\Intel\iCLS Client\;C:\Program Files\Intel\iCLS Client\;C:\WINDOWS\system32;C:\WINDOWS;C:\WINDOWS\System32\Wbem;C:\WINDOWS\System32\WindowsPowerShell\v1.0\;C:\Program Files\Intel\Intel(R) Management Engine Components\DAL;C:\Program Files\Intel\Intel(R) Management Engine Components\IPT;C:\Program Files (x86)\Intel\Intel(R) Management Engine Components\DAL;C:\Program Files (x86)\Intel\Intel(R) Management Engine Components\IPT;C:\Program Files\WIDCOMM\Bluetooth Software\;C:\Program Files\WIDCOMM\Bluetooth Software\syswow64;C:\Program Files (x86)\Intel\OpenCL SDK\2.0\bin\x86;C:\Program Files (x86)\Intel\OpenCL SDK\2.0\bin\x64;C:\Program Files\Intel\WiFi\bin\;C:\Program Files\Common Files\Intel\WirelessCommon\;c:\Program Files (x86)\Microsoft SQL Server\100\Tools\Binn\;c:\Program Files\Microsoft SQL Server\100\Tools\Binn\;c:\Program Files\Microsoft SQL Server\100\DTS\Binn\;C:\Program Files (x86)\MySQL\MySQL Fabric 1.5.4 & MySQL Utilities 1.5.4 1.5\;C:\Program Files (x86)\MySQL\MySQL Fabric 1.5.4 & MySQL Utilities 1.5.4 1.5\Doctrine extensions for PHP\;C:\Program Files (x86)\Borland\Delphi7\Bin;C:\Program Files (x86)\Borland\Delphi7\Projects\Bpl;C:\Program Files (x86)\Borland\Delphi7\Rave5;C:\Program Files\Git\cmd;C:\Program Files (x86)\OpenVPN\bin;C:\Program Files\Intel\WiFi\bin\;C:\Program Files\Common Files\Intel\WirelessCommon\
USERNAME=admin
OS=Windows_NT
PROCESSOR_IDENTIFIER=Intel64 Family 6 Model 58 Stepping 9, GenuineIntel



---------------  S Y S T E M  ---------------

OS: Windows 8.1 , 64 bit Build 9600 

CPU:total 4 (2 cores per cpu, 2 threads per core) family 6 model 58 stepping 9, cmov, cx8, fxsr, mmx, sse, sse2, sse3, ssse3, sse4.1, sse4.2, popcnt, avx, aes, clmul, erms, ht, tsc, tscinvbit, tscinv

Memory: 4k page, physical 8258576k(2403672k free), swap 10306576k(2120k free)

vm_info: Java HotSpot(TM) 64-Bit Server VM (25.20-b23) for windows-amd64 JRE (1.8.0_20-b26), built on Jul 30 2014 13:51:23 by "java_re" with MS VC++ 10.0 (VS2010)

time: Fri Oct 28 12:10:32 2016
elapsed time: 2 seconds (0d 0h 0m 2s)

