#
# There is insufficient memory for the Java Runtime Environment to continue.
# Native memory allocation (malloc) failed to allocate 32784 bytes for Chunk::new
# Possible reasons:
#   The system is out of physical RAM or swap space
#   In 32 bit mode, the process size limit was hit
# Possible solutions:
#   Reduce memory load on the system
#   Increase physical memory or swap space
#   Check if swap backing store is full
#   Use 64 bit Java on a 64 bit OS
#   Decrease Java heap size (-Xmx/-Xms)
#   Decrease number of Java threads
#   Decrease Java thread stack sizes (-Xss)
#   Set larger code cache with -XX:ReservedCodeCacheSize=
# This output file may be truncated or incomplete.
#
#  Out of Memory Error (allocation.cpp:390), pid=3544, tid=11780
#
# JRE version: Java(TM) SE Runtime Environment (8.0_20-b26) (build 1.8.0_20-b26)
# Java VM: Java HotSpot(TM) 64-Bit Server VM (25.20-b23 mixed mode windows-amd64 compressed oops)
# Failed to write core dump. Minidumps are not enabled by default on client versions of Windows
#

---------------  T H R E A D  ---------------

Current thread (0x00000000148de800):  JavaThread "C2 CompilerThread1" daemon [_thread_in_native, id=11780, stack(0x0000000015f20000,0x0000000016020000)]

Stack: [0x0000000015f20000,0x0000000016020000]
Native frames: (J=compiled Java code, j=interpreted, Vv=VM code, C=native code)
V  [jvm.dll+0x3152fa]
V  [jvm.dll+0x265d03]
V  [jvm.dll+0x266943]
V  [jvm.dll+0x25e265]
V  [jvm.dll+0xbe255]
V  [jvm.dll+0xbe6fc]
V  [jvm.dll+0xbe9a4]
V  [jvm.dll+0x4e4e30]
V  [jvm.dll+0x49d46f]
V  [jvm.dll+0x451911]
V  [jvm.dll+0x452634]
V  [jvm.dll+0x435fc2]
V  [jvm.dll+0x97b62]
V  [jvm.dll+0x98353]
V  [jvm.dll+0x22aac4]
V  [jvm.dll+0x283f5a]
C  [msvcr100.dll+0x21d9f]
C  [msvcr100.dll+0x21e3b]
C  [KERNEL32.DLL+0x18102]
C  [ntdll.dll+0x5c5b4]


Current CompileTask:
C2:  10102 2260       4       com.android.dx.dex.file.DexFile::findItemOrNull (66 bytes)


---------------  P R O C E S S  ---------------

Java Threads: ( => current thread )
  0x000000000076d800 JavaThread "DestroyJavaVM" [_thread_blocked, id=932, stack(0x0000000001ea0000,0x0000000001fa0000)]
  0x00000000148e4800 JavaThread "Service Thread" daemon [_thread_blocked, id=5704, stack(0x0000000016120000,0x0000000016220000)]
  0x00000000148e1800 JavaThread "C1 CompilerThread2" daemon [_thread_blocked, id=928, stack(0x0000000016020000,0x0000000016120000)]
=>0x00000000148de800 JavaThread "C2 CompilerThread1" daemon [_thread_in_native, id=11780, stack(0x0000000015f20000,0x0000000016020000)]
  0x0000000014899800 JavaThread "C2 CompilerThread0" daemon [_thread_blocked, id=10520, stack(0x0000000015e20000,0x0000000015f20000)]
  0x0000000014897000 JavaThread "Attach Listener" daemon [_thread_blocked, id=10776, stack(0x0000000015d20000,0x0000000015e20000)]
  0x0000000014896000 JavaThread "Signal Dispatcher" daemon [_thread_blocked, id=5024, stack(0x0000000015c20000,0x0000000015d20000)]
  0x00000000021af000 JavaThread "Finalizer" daemon [_thread_blocked, id=12524, stack(0x0000000015b20000,0x0000000015c20000)]
  0x00000000021ac000 JavaThread "Reference Handler" daemon [_thread_blocked, id=4916, stack(0x0000000015a20000,0x0000000015b20000)]

Other Threads:
  0x0000000014856000 VMThread [stack: 0x0000000015920000,0x0000000015a20000] [id=2136]
  0x00000000148e7800 WatcherThread [stack: 0x0000000016220000,0x0000000016320000] [id=10588]

VM state:not at safepoint (normal execution)

VM Mutex/Monitor currently owned by a thread: None

Heap:
 PSYoungGen      total 71680K, used 26191K [0x00000000eab00000, 0x00000000ef600000, 0x0000000100000000)
  eden space 66560K, 31% used [0x00000000eab00000,0x00000000ebf9aa20,0x00000000eec00000)
  from space 5120K, 99% used [0x00000000eec00000,0x00000000ef0f94a0,0x00000000ef100000)
  to   space 5120K, 0% used [0x00000000ef100000,0x00000000ef100000,0x00000000ef600000)
 ParOldGen       total 87552K, used 24623K [0x00000000c0000000, 0x00000000c5580000, 0x00000000eab00000)
  object space 87552K, 28% used [0x00000000c0000000,0x00000000c180be70,0x00000000c5580000)
 Metaspace       used 7116K, capacity 7736K, committed 7936K, reserved 1056768K
  class space    used 648K, capacity 688K, committed 768K, reserved 1048576K

Card table byte_map: [0x0000000011580000,0x0000000011790000] byte_map_base: 0x0000000010f80000

Marking Bits: (ParMarkBitMap*) 0x0000000068dfb460
 Begin Bits: [0x0000000011cf0000, 0x0000000012cf0000)
 End Bits:   [0x0000000012cf0000, 0x0000000013cf0000)

Polling page: 0x00000000001f0000

CodeCache: size=245760Kb used=9735Kb max_used=9748Kb free=236024Kb
 bounds [0x00000000021c0000, 0x0000000002b50000, 0x00000000111c0000]
 total_blobs=2774 nmethods=2500 adapters=187
 compilation: enabled

Compilation events (10 events):
Event: 6.607 Thread 0x0000000014899800 2266       4       com.android.dx.util.FixedSizeList::equals (41 bytes)
Event: 6.608 Thread 0x00000000148e1800 nmethod 2265 0x0000000002a5b690 code [0x0000000002a5b920, 0x0000000002a5ca38]
Event: 6.612 Thread 0x00000000148e1800 2267       3       com.android.dx.dex.code.InsnFormat::signedFitsInByte (12 bytes)
Event: 6.612 Thread 0x00000000148e1800 nmethod 2267 0x0000000002a57bd0 code [0x0000000002a57d20, 0x0000000002a57eb0]
Event: 6.613 Thread 0x00000000148e1800 2268       3       com.android.dx.dex.code.form.Form10x::codeSize (2 bytes)
Event: 6.613 Thread 0x00000000148e1800 nmethod 2268 0x0000000002a57890 code [0x0000000002a579e0, 0x0000000002a57b30]
Event: 6.613 Thread 0x00000000148e1800 2269       3       com.android.dx.dex.code.form.Form10x::isCompatible (23 bytes)
Event: 6.613 Thread 0x00000000148e1800 nmethod 2269 0x0000000002a57190 code [0x0000000002a57300, 0x0000000002a57770]
Event: 6.614 Thread 0x00000000148e1800 2270       1       com.android.dx.dex.code.form.Form35c::codeSize (2 bytes)
Event: 6.614 Thread 0x00000000148e1800 nmethod 2270 0x0000000002a59650 code [0x0000000002a597a0, 0x0000000002a598b0]

GC Heap History (10 events):
Event: 2.256 GC heap before
{Heap before GC invocations=1 (full 0):
 PSYoungGen      total 38400K, used 33280K [0x00000000eab00000, 0x00000000ed580000, 0x0000000100000000)
  eden space 33280K, 100% used [0x00000000eab00000,0x00000000ecb80000,0x00000000ecb80000)
  from space 5120K, 0% used [0x00000000ed080000,0x00000000ed080000,0x00000000ed580000)
  to   space 5120K, 0% used [0x00000000ecb80000,0x00000000ecb80000,0x00000000ed080000)
 ParOldGen       total 87552K, used 0K [0x00000000c0000000, 0x00000000c5580000, 0x00000000eab00000)
  object space 87552K, 0% used [0x00000000c0000000,0x00000000c0000000,0x00000000c5580000)
 Metaspace       used 5978K, capacity 6896K, committed 7040K, reserved 1056768K
  class space    used 593K, capacity 616K, committed 640K, reserved 1048576K
Event: 2.269 GC heap after
Heap after GC invocations=1 (full 0):
 PSYoungGen      total 38400K, used 5091K [0x00000000eab00000, 0x00000000ed580000, 0x0000000100000000)
  eden space 33280K, 0% used [0x00000000eab00000,0x00000000eab00000,0x00000000ecb80000)
  from space 5120K, 99% used [0x00000000ecb80000,0x00000000ed078eb8,0x00000000ed080000)
  to   space 5120K, 0% used [0x00000000ed080000,0x00000000ed080000,0x00000000ed580000)
 ParOldGen       total 87552K, used 752K [0x00000000c0000000, 0x00000000c5580000, 0x00000000eab00000)
  object space 87552K, 0% used [0x00000000c0000000,0x00000000c00bc2e0,0x00000000c5580000)
 Metaspace       used 5978K, capacity 6896K, committed 7040K, reserved 1056768K
  class space    used 593K, capacity 616K, committed 640K, reserved 1048576K
}
Event: 2.877 GC heap before
{Heap before GC invocations=2 (full 0):
 PSYoungGen      total 38400K, used 38371K [0x00000000eab00000, 0x00000000ed580000, 0x0000000100000000)
  eden space 33280K, 100% used [0x00000000eab00000,0x00000000ecb80000,0x00000000ecb80000)
  from space 5120K, 99% used [0x00000000ecb80000,0x00000000ed078eb8,0x00000000ed080000)
  to   space 5120K, 0% used [0x00000000ed080000,0x00000000ed080000,0x00000000ed580000)
 ParOldGen       total 87552K, used 752K [0x00000000c0000000, 0x00000000c5580000, 0x00000000eab00000)
  object space 87552K, 0% used [0x00000000c0000000,0x00000000c00bc2e0,0x00000000c5580000)
 Metaspace       used 6198K, capacity 7088K, committed 7296K, reserved 1056768K
  class space    used 593K, capacity 616K, committed 640K, reserved 1048576K
Event: 2.942 GC heap after
Heap after GC invocations=2 (full 0):
 PSYoungGen      total 38400K, used 5098K [0x00000000eab00000, 0x00000000ef600000, 0x0000000100000000)
  eden space 33280K, 0% used [0x00000000eab00000,0x00000000eab00000,0x00000000ecb80000)
  from space 5120K, 99% used [0x00000000ed080000,0x00000000ed57aab8,0x00000000ed580000)
  to   space 5120K, 0% used [0x00000000ecb80000,0x00000000ecb80000,0x00000000ed080000)
 ParOldGen       total 87552K, used 4520K [0x00000000c0000000, 0x00000000c5580000, 0x00000000eab00000)
  object space 87552K, 5% used [0x00000000c0000000,0x00000000c046a1c8,0x00000000c5580000)
 Metaspace       used 6198K, capacity 7088K, committed 7296K, reserved 1056768K
  class space    used 593K, capacity 616K, committed 640K, reserved 1048576K
}
Event: 3.363 GC heap before
{Heap before GC invocations=3 (full 0):
 PSYoungGen      total 38400K, used 38378K [0x00000000eab00000, 0x00000000ef600000, 0x0000000100000000)
  eden space 33280K, 100% used [0x00000000eab00000,0x00000000ecb80000,0x00000000ecb80000)
  from space 5120K, 99% used [0x00000000ed080000,0x00000000ed57aab8,0x00000000ed580000)
  to   space 5120K, 0% used [0x00000000ecb80000,0x00000000ecb80000,0x00000000ed080000)
 ParOldGen       total 87552K, used 4520K [0x00000000c0000000, 0x00000000c5580000, 0x00000000eab00000)
  object space 87552K, 5% used [0x00000000c0000000,0x00000000c046a1c8,0x00000000c5580000)
 Metaspace       used 6266K, capacity 7152K, committed 7296K, reserved 1056768K
  class space    used 593K, capacity 616K, committed 640K, reserved 1048576K
Event: 3.409 GC heap after
Heap after GC invocations=3 (full 0):
 PSYoungGen      total 38400K, used 5104K [0x00000000eab00000, 0x00000000ef600000, 0x0000000100000000)
  eden space 33280K, 0% used [0x00000000eab00000,0x00000000eab00000,0x00000000ecb80000)
  from space 5120K, 99% used [0x00000000ecb80000,0x00000000ed07c020,0x00000000ed080000)
  to   space 5120K, 0% used [0x00000000ef100000,0x00000000ef100000,0x00000000ef600000)
 ParOldGen       total 87552K, used 9661K [0x00000000c0000000, 0x00000000c5580000, 0x00000000eab00000)
  object space 87552K, 11% used [0x00000000c0000000,0x00000000c096f470,0x00000000c5580000)
 Metaspace       used 6266K, capacity 7152K, committed 7296K, reserved 1056768K
  class space    used 593K, capacity 616K, committed 640K, reserved 1048576K
}
Event: 3.825 GC heap before
{Heap before GC invocations=4 (full 0):
 PSYoungGen      total 38400K, used 38384K [0x00000000eab00000, 0x00000000ef600000, 0x0000000100000000)
  eden space 33280K, 100% used [0x00000000eab00000,0x00000000ecb80000,0x00000000ecb80000)
  from space 5120K, 99% used [0x00000000ecb80000,0x00000000ed07c020,0x00000000ed080000)
  to   space 5120K, 0% used [0x00000000ef100000,0x00000000ef100000,0x00000000ef600000)
 ParOldGen       total 87552K, used 9661K [0x00000000c0000000, 0x00000000c5580000, 0x00000000eab00000)
  object space 87552K, 11% used [0x00000000c0000000,0x00000000c096f470,0x00000000c5580000)
 Metaspace       used 6311K, capacity 7152K, committed 7296K, reserved 1056768K
  class space    used 593K, capacity 616K, committed 640K, reserved 1048576K
Event: 3.874 GC heap after
Heap after GC invocations=4 (full 0):
 PSYoungGen      total 71680K, used 5100K [0x00000000eab00000, 0x00000000ef600000, 0x0000000100000000)
  eden space 66560K, 0% used [0x00000000eab00000,0x00000000eab00000,0x00000000eec00000)
  from space 5120K, 99% used [0x00000000ef100000,0x00000000ef5fb090,0x00000000ef600000)
  to   space 5120K, 0% used [0x00000000eec00000,0x00000000eec00000,0x00000000ef100000)
 ParOldGen       total 87552K, used 14800K [0x00000000c0000000, 0x00000000c5580000, 0x00000000eab00000)
  object space 87552K, 16% used [0x00000000c0000000,0x00000000c0e74280,0x00000000c5580000)
 Metaspace       used 6311K, capacity 7152K, committed 7296K, reserved 1056768K
  class space    used 593K, capacity 616K, committed 640K, reserved 1048576K
}
Event: 4.787 GC heap before
{Heap before GC invocations=5 (full 0):
 PSYoungGen      total 71680K, used 71660K [0x00000000eab00000, 0x00000000ef600000, 0x0000000100000000)
  eden space 66560K, 100% used [0x00000000eab00000,0x00000000eec00000,0x00000000eec00000)
  from space 5120K, 99% used [0x00000000ef100000,0x00000000ef5fb090,0x00000000ef600000)
  to   space 5120K, 0% used [0x00000000eec00000,0x00000000eec00000,0x00000000ef100000)
 ParOldGen       total 87552K, used 14800K [0x00000000c0000000, 0x00000000c5580000, 0x00000000eab00000)
  object space 87552K, 16% used [0x00000000c0000000,0x00000000c0e74280,0x00000000c5580000)
 Metaspace       used 6361K, capacity 7216K, committed 7296K, reserved 1056768K
  class space    used 593K, capacity 616K, committed 640K, reserved 1048576K
Event: 4.811 GC heap after
Heap after GC invocations=5 (full 0):
 PSYoungGen      total 71680K, used 5093K [0x00000000eab00000, 0x00000000ef600000, 0x0000000100000000)
  eden space 66560K, 0% used [0x00000000eab00000,0x00000000eab00000,0x00000000eec00000)
  from space 5120K, 99% used [0x00000000eec00000,0x00000000ef0f94a0,0x00000000ef100000)
  to   space 5120K, 0% used [0x00000000ef100000,0x00000000ef100000,0x00000000ef600000)
 ParOldGen       total 87552K, used 24623K [0x00000000c0000000, 0x00000000c5580000, 0x00000000eab00000)
  object space 87552K, 28% used [0x00000000c0000000,0x00000000c180be70,0x00000000c5580000)
 Metaspace       used 6361K, capacity 7216K, committed 7296K, reserved 1056768K
  class space    used 593K, capacity 616K, committed 640K, reserved 1048576K
}

Deoptimization events (10 events):
Event: 6.286 Thread 0x00000000166a1000 Uncommon trap: reason=speculate_class_check action=maybe_recompile pc=0x00000000025d78bc method=com.android.dx.util.FixedSizeList.equals(Ljava/lang/Object;)Z @ 25
Event: 6.286 Thread 0x00000000166a1000 Uncommon trap: reason=class_check action=maybe_recompile pc=0x000000000251a700 method=java.util.Arrays.equals([Ljava/lang/Object;[Ljava/lang/Object;)Z @ 62
Event: 6.286 Thread 0x00000000166a1000 Uncommon trap: reason=speculate_class_check action=maybe_recompile pc=0x00000000025d78bc method=com.android.dx.util.FixedSizeList.equals(Ljava/lang/Object;)Z @ 25
Event: 6.286 Thread 0x00000000166a1000 Uncommon trap: reason=class_check action=maybe_recompile pc=0x000000000251a700 method=java.util.Arrays.equals([Ljava/lang/Object;[Ljava/lang/Object;)Z @ 62
Event: 6.286 Thread 0x00000000166a1000 Uncommon trap: reason=speculate_class_check action=maybe_recompile pc=0x00000000025d78bc method=com.android.dx.util.FixedSizeList.equals(Ljava/lang/Object;)Z @ 25
Event: 6.286 Thread 0x00000000166a1000 Uncommon trap: reason=speculate_class_check action=maybe_recompile pc=0x00000000025d78bc method=com.android.dx.util.FixedSizeList.equals(Ljava/lang/Object;)Z @ 25
Event: 6.287 Thread 0x00000000166a1000 Uncommon trap: reason=class_check action=maybe_recompile pc=0x000000000251a700 method=java.util.Arrays.equals([Ljava/lang/Object;[Ljava/lang/Object;)Z @ 62
Event: 6.287 Thread 0x00000000166a1000 Uncommon trap: reason=class_check action=maybe_recompile pc=0x000000000251a700 method=java.util.Arrays.equals([Ljava/lang/Object;[Ljava/lang/Object;)Z @ 62
Event: 6.379 Thread 0x00000000166a1000 Uncommon trap: reason=unreached action=reinterpret pc=0x0000000002a080f8 method=com.android.dx.dex.code.OutputFinisher.findOpcodeForInsn(Lcom/android/dx/dex/code/DalvInsn;Lcom/android/dx/dex/code/Dop;)Lcom/android/dx/dex/code/Dop; @ 1
Event: 6.606 Thread 0x00000000166a1000 Uncommon trap: reason=unreached action=reinterpret pc=0x0000000002a4a228 method=com.android.dx.dex.code.LocalList$MakeState.filterSpec(Lcom/android/dx/rop/code/RegisterSpec;)Lcom/android/dx/rop/code/RegisterSpec; @ 11

Internal exceptions (10 events):
Event: 6.251 Thread 0x00000000166a1000 Exception <a 'java/security/PrivilegedActionException'> (0x00000000eb3f62f0) thrown at [D:\re\workspace\8-2-build-windows-amd64-cygwin\jdk8u20\1074\hotspot\src\share\vm\prims\jvm.cpp, line 1275]
Event: 6.252 Thread 0x00000000166a1000 Exception <a 'java/security/PrivilegedActionException'> (0x00000000eb3fb5c8) thrown at [D:\re\workspace\8-2-build-windows-amd64-cygwin\jdk8u20\1074\hotspot\src\share\vm\prims\jvm.cpp, line 1275]
Event: 6.256 Thread 0x00000000166a1000 Exception <a 'java/security/PrivilegedActionException'> (0x00000000eb4022e8) thrown at [D:\re\workspace\8-2-build-windows-amd64-cygwin\jdk8u20\1074\hotspot\src\share\vm\prims\jvm.cpp, line 1275]
Event: 6.258 Thread 0x00000000166a1000 Exception <a 'java/security/PrivilegedActionException'> (0x00000000eb4052c0) thrown at [D:\re\workspace\8-2-build-windows-amd64-cygwin\jdk8u20\1074\hotspot\src\share\vm\prims\jvm.cpp, line 1275]
Event: 6.273 Thread 0x00000000166a1000 Exception <a 'java/security/PrivilegedActionException'> (0x00000000eb40a1a0) thrown at [D:\re\workspace\8-2-build-windows-amd64-cygwin\jdk8u20\1074\hotspot\src\share\vm\prims\jvm.cpp, line 1275]
Event: 6.273 Thread 0x00000000166a1000 Exception <a 'java/security/PrivilegedActionException'> (0x00000000eb40e900) thrown at [D:\re\workspace\8-2-build-windows-amd64-cygwin\jdk8u20\1074\hotspot\src\share\vm\prims\jvm.cpp, line 1275]
Event: 6.285 Thread 0x00000000166a1000 Exception <a 'java/security/PrivilegedActionException'> (0x00000000eb424328) thrown at [D:\re\workspace\8-2-build-windows-amd64-cygwin\jdk8u20\1074\hotspot\src\share\vm\prims\jvm.cpp, line 1275]
Event: 6.286 Thread 0x00000000166a1000 Exception <a 'java/security/PrivilegedActionException'> (0x00000000eb427458) thrown at [D:\re\workspace\8-2-build-windows-amd64-cygwin\jdk8u20\1074\hotspot\src\share\vm\prims\jvm.cpp, line 1275]
Event: 6.287 Thread 0x00000000166a1000 Exception <a 'java/security/PrivilegedActionException'> (0x00000000eb42aa10) thrown at [D:\re\workspace\8-2-build-windows-amd64-cygwin\jdk8u20\1074\hotspot\src\share\vm\prims\jvm.cpp, line 1275]
Event: 6.379 Thread 0x00000000166a1000 Exception <a 'java/security/PrivilegedActionException'> (0x00000000eb492ff8) thrown at [D:\re\workspace\8-2-build-windows-amd64-cygwin\jdk8u20\1074\hotspot\src\share\vm\prims\jvm.cpp, line 1275]

Events (10 events):
Event: 6.287 loading class com/android/dx/util/ByteArrayAnnotatedOutput
Event: 6.287 loading class com/android/dx/util/ByteArrayAnnotatedOutput done
Event: 6.379 Thread 0x00000000166a1000 Uncommon trap: trap_request=0xffffffad fr.pc=0x0000000002a080f8
Event: 6.379 Thread 0x00000000166a1000 DEOPT PACKING pc=0x0000000002a080f8 sp=0x00000000194bed90
Event: 6.379 Thread 0x00000000166a1000 DEOPT UNPACKING pc=0x000000000220556a sp=0x00000000194bed30 mode 2
Event: 6.379 loading class com/android/dx/rop/code/RegisterSpecList$Expander
Event: 6.379 loading class com/android/dx/rop/code/RegisterSpecList$Expander done
Event: 6.606 Thread 0x00000000166a1000 Uncommon trap: trap_request=0xffffffad fr.pc=0x0000000002a4a228
Event: 6.606 Thread 0x00000000166a1000 DEOPT PACKING pc=0x0000000002a4a228 sp=0x00000000194bed10
Event: 6.606 Thread 0x00000000166a1000 DEOPT UNPACKING pc=0x000000000220556a sp=0x00000000194bec80 mode 2


Dynamic libraries:
0x00007ff78c3b0000 - 0x00007ff78c3e4000 	C:\Program Files\Java\jdk1.8.0_20\bin\java.exe
0x00007fff5ffe0000 - 0x00007fff601a1000 	C:\WINDOWS\SYSTEM32\ntdll.dll
0x00007fff5d4e0000 - 0x00007fff5d58d000 	C:\WINDOWS\system32\KERNEL32.DLL
0x00007fff5c950000 - 0x00007fff5cb38000 	C:\WINDOWS\system32\KERNELBASE.dll
0x00007fff5fcd0000 - 0x00007fff5fd77000 	C:\WINDOWS\system32\ADVAPI32.dll
0x00007fff5f5f0000 - 0x00007fff5f68d000 	C:\WINDOWS\system32\msvcrt.dll
0x00007fff5f2b0000 - 0x00007fff5f30b000 	C:\WINDOWS\system32\sechost.dll
0x00007fff5fe00000 - 0x00007fff5ff1c000 	C:\WINDOWS\system32\RPCRT4.dll
0x00007fff5ec30000 - 0x00007fff5ed86000 	C:\WINDOWS\system32\USER32.dll
0x00007fff5efa0000 - 0x00007fff5f126000 	C:\WINDOWS\system32\GDI32.dll
0x00007fff50340000 - 0x00007fff505b4000 	C:\WINDOWS\WinSxS\amd64_microsoft.windows.common-controls_6595b64144ccf1df_6.0.10586.0_none_8c15ae12515e1c22\COMCTL32.dll
0x00007fff5f310000 - 0x00007fff5f58d000 	C:\WINDOWS\system32\combase.dll
0x00007fff5d190000 - 0x00007fff5d1fa000 	C:\WINDOWS\system32\bcryptPrimitives.dll
0x00007fff5ff20000 - 0x00007fff5ff5b000 	C:\WINDOWS\system32\IMM32.DLL
0x00000000697d0000 - 0x00000000698a2000 	C:\Program Files\Java\jdk1.8.0_20\jre\bin\msvcr100.dll
0x0000000068620000 - 0x0000000068e78000 	C:\Program Files\Java\jdk1.8.0_20\jre\bin\server\jvm.dll
0x00007fff5d4d0000 - 0x00007fff5d4d8000 	C:\WINDOWS\system32\PSAPI.DLL
0x00007fff50870000 - 0x00007fff50879000 	C:\WINDOWS\SYSTEM32\WSOCK32.dll
0x00007fff5ff70000 - 0x00007fff5ffdb000 	C:\WINDOWS\system32\WS2_32.dll
0x00007fff5a860000 - 0x00007fff5a883000 	C:\WINDOWS\SYSTEM32\WINMM.dll
0x00007fff5a830000 - 0x00007fff5a85c000 	C:\WINDOWS\SYSTEM32\WINMMBASE.dll
0x00007fff5c670000 - 0x00007fff5c6b3000 	C:\WINDOWS\system32\cfgmgr32.dll
0x0000000069cc0000 - 0x0000000069ccf000 	C:\Program Files\Java\jdk1.8.0_20\jre\bin\verify.dll
0x00000000697a0000 - 0x00000000697c8000 	C:\Program Files\Java\jdk1.8.0_20\jre\bin\java.dll
0x0000000068600000 - 0x0000000068616000 	C:\Program Files\Java\jdk1.8.0_20\jre\bin\zip.dll
0x00007fff5d600000 - 0x00007fff5eb5c000 	C:\WINDOWS\system32\SHELL32.dll
0x00007fff5cb40000 - 0x00007fff5d185000 	C:\WINDOWS\system32\windows.storage.dll
0x00007fff5f590000 - 0x00007fff5f5e2000 	C:\WINDOWS\system32\shlwapi.dll
0x00007fff5c600000 - 0x00007fff5c60f000 	C:\WINDOWS\system32\kernel.appcore.dll
0x00007fff5c6c0000 - 0x00007fff5c775000 	C:\WINDOWS\system32\shcore.dll
0x00007fff5c620000 - 0x00007fff5c66b000 	C:\WINDOWS\system32\powrprof.dll
0x00007fff5c5e0000 - 0x00007fff5c5f4000 	C:\WINDOWS\system32\profapi.dll
0x00007fff514c0000 - 0x00007fff5164c000 	C:\WINDOWS\SYSTEM32\dbghelp.dll

VM Arguments:
jvm_args: -Djava.awt.headless=true -Xmx1024M -Dfile.encoding=windows-1252 -Duser.country=US -Duser.language=en -Duser.variant 
java_command: com.android.dx.command.Main --dex --force-jumbo --num-threads=4 --multi-dex --output C:\Users\admin\Documents\GitHub\ShaneelSD\SoftwareDesign\FindMeTutor\FindMeTutor\tutor_app\build\intermediates\transforms\dex\debug\folders\1000\10\com.android.support-support-compat-24.2.1_8311e04365453e68ba119eb9a2b0f03372a26432 C:\Users\admin\Documents\GitHub\ShaneelSD\SoftwareDesign\FindMeTutor\FindMeTutor\tutor_app\build\intermediates\exploded-aar\com.android.support\support-compat\24.2.1\jars\classes.jar
java_class_path (initial): C:\Users\admin\AppData\Local\Android\sdk\build-tools\24.0.1\lib\dx.jar
Launcher Type: SUN_STANDARD

Environment Variables:
PATH=C:\ProgramData\Oracle\Java\javapath;C:\Program Files (x86)\Intel\iCLS Client\;C:\Program Files\Intel\iCLS Client\;C:\WINDOWS\system32;C:\WINDOWS;C:\WINDOWS\System32\Wbem;C:\WINDOWS\System32\WindowsPowerShell\v1.0\;C:\Program Files\Intel\Intel(R) Management Engine Components\DAL;C:\Program Files\Intel\Intel(R) Management Engine Components\IPT;C:\Program Files (x86)\Intel\Intel(R) Management Engine Components\DAL;C:\Program Files (x86)\Intel\Intel(R) Management Engine Components\IPT;C:\Program Files\WIDCOMM\Bluetooth Software\;C:\Program Files\WIDCOMM\Bluetooth Software\syswow64;C:\Program Files (x86)\Intel\OpenCL SDK\2.0\bin\x86;C:\Program Files (x86)\Intel\OpenCL SDK\2.0\bin\x64;C:\Program Files\Intel\WiFi\bin\;C:\Program Files\Common Files\Intel\WirelessCommon\;c:\Program Files (x86)\Microsoft SQL Server\100\Tools\Binn\;c:\Program Files\Microsoft SQL Server\100\Tools\Binn\;c:\Program Files\Microsoft SQL Server\100\DTS\Binn\;C:\Program Files (x86)\MySQL\MySQL Fabric 1.5.4 & MySQL Utilities 1.5.4 1.5\;C:\Program Files (x86)\MySQL\MySQL Fabric 1.5.4 & MySQL Utilities 1.5.4 1.5\Doctrine extensions for PHP\;C:\Program Files (x86)\Borland\Delphi7\Bin;C:\Program Files (x86)\Borland\Delphi7\Projects\Bpl;C:\Program Files (x86)\Borland\Delphi7\Rave5;C:\Program Files\Git\cmd;C:\Program Files\Intel\WiFi\bin\;C:\Program Files\Common Files\Intel\WirelessCommon\
USERNAME=admin
OS=Windows_NT
PROCESSOR_IDENTIFIER=Intel64 Family 6 Model 58 Stepping 9, GenuineIntel



---------------  S Y S T E M  ---------------

OS: Windows 8.1 , 64 bit Build 9600 

CPU:total 4 (2 cores per cpu, 2 threads per core) family 6 model 58 stepping 9, cmov, cx8, fxsr, mmx, sse, sse2, sse3, ssse3, sse4.1, sse4.2, popcnt, avx, aes, clmul, erms, ht, tsc, tscinvbit, tscinv

Memory: 4k page, physical 8258576k(1959084k free), swap 10306576k(53100k free)

vm_info: Java HotSpot(TM) 64-Bit Server VM (25.20-b23) for windows-amd64 JRE (1.8.0_20-b26), built on Jul 30 2014 13:51:23 by "java_re" with MS VC++ 10.0 (VS2010)

time: Tue Sep 27 12:06:27 2016
elapsed time: 10 seconds (0d 0h 0m 10s)

