#
# There is insufficient memory for the Java Runtime Environment to continue.
# Native memory allocation (malloc) failed to allocate 795536 bytes for Chunk::new
# Possible reasons:
#   The system is out of physical RAM or swap space
#   In 32 bit mode, the process size limit was hit
# Possible solutions:
#   Reduce memory load on the system
#   Increase physical memory or swap space
#   Check if swap backing store is full
#   Use 64 bit Java on a 64 bit OS
#   Decrease Java heap size (-Xmx/-Xms)
#   Decrease number of Java threads
#   Decrease Java thread stack sizes (-Xss)
#   Set larger code cache with -XX:ReservedCodeCacheSize=
# This output file may be truncated or incomplete.
#
#  Out of Memory Error (allocation.cpp:390), pid=13684, tid=9816
#
# JRE version: Java(TM) SE Runtime Environment (8.0_20-b26) (build 1.8.0_20-b26)
# Java VM: Java HotSpot(TM) 64-Bit Server VM (25.20-b23 mixed mode windows-amd64 compressed oops)
# Failed to write core dump. Minidumps are not enabled by default on client versions of Windows
#

---------------  T H R E A D  ---------------

Current thread (0x0000000015160000):  JavaThread "C2 CompilerThread1" daemon [_thread_in_native, id=9816, stack(0x00000000167b0000,0x00000000168b0000)]

Stack: [0x00000000167b0000,0x00000000168b0000]
Native frames: (J=compiled Java code, j=interpreted, Vv=VM code, C=native code)
V  [jvm.dll+0x3152fa]
V  [jvm.dll+0x265d03]
V  [jvm.dll+0x266943]
V  [jvm.dll+0x25e265]
V  [jvm.dll+0xbe255]
V  [jvm.dll+0xbe6fc]
V  [jvm.dll+0x45c472]
V  [jvm.dll+0x49d76f]
V  [jvm.dll+0x451045]
V  [jvm.dll+0x452634]
V  [jvm.dll+0x435fc2]
V  [jvm.dll+0x97b62]
V  [jvm.dll+0x98353]
V  [jvm.dll+0x22aac4]
V  [jvm.dll+0x283f5a]
C  [msvcr100.dll+0x21d9f]
C  [msvcr100.dll+0x21e3b]
C  [KERNEL32.DLL+0x18102]
C  [ntdll.dll+0x5c5b4]


Current CompileTask:
C2:   2927 1343       4       com.android.dx.ssa.SsaBasicBlock::newFromRop (183 bytes)


---------------  P R O C E S S  ---------------

Java Threads: ( => current thread )
  0x0000000016df9800 JavaThread "pool-2-thread-4" [_thread_in_Java, id=5164, stack(0x00000000173b0000,0x00000000174b0000)]
  0x0000000016d3e000 JavaThread "pool-3-thread-1" [_thread_blocked, id=13432, stack(0x00000000170b0000,0x00000000171b0000)]
  0x00000000151bb000 JavaThread "Service Thread" daemon [_thread_blocked, id=4756, stack(0x00000000169b0000,0x0000000016ab0000)]
  0x00000000151b4000 JavaThread "C1 CompilerThread2" daemon [_thread_blocked, id=14892, stack(0x00000000168b0000,0x00000000169b0000)]
=>0x0000000015160000 JavaThread "C2 CompilerThread1" daemon [_thread_in_native, id=9816, stack(0x00000000167b0000,0x00000000168b0000)]
  0x000000001515d800 JavaThread "C2 CompilerThread0" daemon [_thread_in_native, id=1064, stack(0x00000000166b0000,0x00000000167b0000)]
  0x000000001515b800 JavaThread "Attach Listener" daemon [_thread_blocked, id=11360, stack(0x00000000165b0000,0x00000000166b0000)]
  0x000000001515a000 JavaThread "Signal Dispatcher" daemon [_thread_blocked, id=14352, stack(0x00000000164b0000,0x00000000165b0000)]
  0x0000000002a7f000 JavaThread "Finalizer" daemon [_thread_blocked, id=11108, stack(0x00000000163b0000,0x00000000164b0000)]
  0x0000000015128000 JavaThread "Reference Handler" daemon [_thread_blocked, id=13428, stack(0x00000000162b0000,0x00000000163b0000)]
  0x000000000298d800 JavaThread "main" [_thread_blocked, id=12644, stack(0x0000000002800000,0x0000000002900000)]

Other Threads:
  0x0000000015126000 VMThread [stack: 0x00000000161b0000,0x00000000162b0000] [id=14112]
  0x00000000151be000 WatcherThread [stack: 0x0000000016ab0000,0x0000000016bb0000] [id=8392]

VM state:not at safepoint (normal execution)

VM Mutex/Monitor currently owned by a thread: None

Heap:
 PSYoungGen      total 38400K, used 16595K [0x00000000eab00000, 0x00000000ed580000, 0x0000000100000000)
  eden space 33280K, 34% used [0x00000000eab00000,0x00000000eb6393c0,0x00000000ecb80000)
  from space 5120K, 99% used [0x00000000ecb80000,0x00000000ed07ba00,0x00000000ed080000)
  to   space 5120K, 0% used [0x00000000ed080000,0x00000000ed080000,0x00000000ed580000)
 ParOldGen       total 87552K, used 1283K [0x00000000c0000000, 0x00000000c5580000, 0x00000000eab00000)
  object space 87552K, 1% used [0x00000000c0000000,0x00000000c0140ca8,0x00000000c5580000)
 Metaspace       used 5948K, capacity 6960K, committed 7040K, reserved 1056768K
  class space    used 584K, capacity 616K, committed 640K, reserved 1048576K

Card table byte_map: [0x0000000011e50000,0x0000000012060000] byte_map_base: 0x0000000011850000

Marking Bits: (ParMarkBitMap*) 0x000000006451b460
 Begin Bits: [0x00000000125c0000, 0x00000000135c0000)
 End Bits:   [0x00000000135c0000, 0x00000000145c0000)

Polling page: 0x0000000000bf0000

CodeCache: size=245760Kb used=5390Kb max_used=5403Kb free=240369Kb
 bounds [0x0000000002a90000, 0x0000000002fe0000, 0x0000000011a90000]
 total_blobs=1609 nmethods=1345 adapters=178
 compilation: enabled

Compilation events (10 events):
Event: 2.726 Thread 0x0000000015160000 nmethod 1326 0x0000000002eab190 code [0x0000000002eab2c0, 0x0000000002eab338]
Event: 2.800 Thread 0x000000001515d800 nmethod 1317 0x0000000002fd8290 code [0x0000000002fd8600, 0x0000000002fdaf10]
Event: 2.883 Thread 0x00000000151b4000 1342       3       com.android.dx.dex.code.SimpleInsn::<init> (8 bytes)
Event: 2.883 Thread 0x00000000151b4000 nmethod 1342 0x0000000002fae490 code [0x0000000002fae600, 0x0000000002fae7e8]
Event: 2.884 Thread 0x0000000015160000 1343       4       com.android.dx.ssa.SsaBasicBlock::newFromRop (183 bytes)
Event: 2.886 Thread 0x000000001515d800 1344       4       com.android.dx.ssa.SsaMethod::indexListFromLabelList (47 bytes)
Event: 2.898 Thread 0x000000001515d800 nmethod 1344 0x0000000002fd55d0 code [0x0000000002fd5740, 0x0000000002fd5e98]
Event: 2.898 Thread 0x000000001515d800 1345       4       com.android.dx.rop.code.RegisterSpecSet::equals (106 bytes)
Event: 2.898 Thread 0x00000000151b4000 1346       1       com.android.dx.rop.cst.TypedConstant::isConstant (2 bytes)
Event: 2.899 Thread 0x00000000151b4000 nmethod 1346 0x0000000002fb1710 code [0x0000000002fb1860, 0x0000000002fb1970]

GC Heap History (2 events):
Event: 2.236 GC heap before
{Heap before GC invocations=1 (full 0):
 PSYoungGen      total 38400K, used 33280K [0x00000000eab00000, 0x00000000ed580000, 0x0000000100000000)
  eden space 33280K, 100% used [0x00000000eab00000,0x00000000ecb80000,0x00000000ecb80000)
  from space 5120K, 0% used [0x00000000ed080000,0x00000000ed080000,0x00000000ed580000)
  to   space 5120K, 0% used [0x00000000ecb80000,0x00000000ecb80000,0x00000000ed080000)
 ParOldGen       total 87552K, used 0K [0x00000000c0000000, 0x00000000c5580000, 0x00000000eab00000)
  object space 87552K, 0% used [0x00000000c0000000,0x00000000c0000000,0x00000000c5580000)
 Metaspace       used 5927K, capacity 6960K, committed 7040K, reserved 1056768K
  class space    used 584K, capacity 616K, committed 640K, reserved 1048576K
Event: 2.512 GC heap after
Heap after GC invocations=1 (full 0):
 PSYoungGen      total 38400K, used 5102K [0x00000000eab00000, 0x00000000ed580000, 0x0000000100000000)
  eden space 33280K, 0% used [0x00000000eab00000,0x00000000eab00000,0x00000000ecb80000)
  from space 5120K, 99% used [0x00000000ecb80000,0x00000000ed07ba00,0x00000000ed080000)
  to   space 5120K, 0% used [0x00000000ed080000,0x00000000ed080000,0x00000000ed580000)
 ParOldGen       total 87552K, used 1283K [0x00000000c0000000, 0x00000000c5580000, 0x00000000eab00000)
  object space 87552K, 1% used [0x00000000c0000000,0x00000000c0140ca8,0x00000000c5580000)
 Metaspace       used 5927K, capacity 6960K, committed 7040K, reserved 1056768K
  class space    used 584K, capacity 616K, committed 640K, reserved 1048576K
}

Deoptimization events (6 events):
Event: 1.152 Thread 0x000000000298d800 Uncommon trap: reason=class_check action=maybe_recompile pc=0x0000000002d2ca30 method=com.android.dx.ssa.NormalSsaInsn.accept(Lcom/android/dx/ssa/SsaInsn$Visitor;)V @ 9
Event: 1.152 Thread 0x000000000298d800 Uncommon trap: reason=class_check action=maybe_recompile pc=0x0000000002d2ca30 method=com.android.dx.ssa.NormalSsaInsn.accept(Lcom/android/dx/ssa/SsaInsn$Visitor;)V @ 9
Event: 1.152 Thread 0x000000000298d800 Uncommon trap: reason=class_check action=maybe_recompile pc=0x0000000002d2ca30 method=com.android.dx.ssa.NormalSsaInsn.accept(Lcom/android/dx/ssa/SsaInsn$Visitor;)V @ 9
Event: 1.152 Thread 0x000000000298d800 Uncommon trap: reason=class_check action=maybe_recompile pc=0x0000000002d2ca30 method=com.android.dx.ssa.NormalSsaInsn.accept(Lcom/android/dx/ssa/SsaInsn$Visitor;)V @ 9
Event: 1.269 Thread 0x0000000016d3b000 Uncommon trap: reason=class_check action=maybe_recompile pc=0x0000000002dd2368 method=com.android.dx.ssa.NormalSsaInsn.accept(Lcom/android/dx/ssa/SsaInsn$Visitor;)V @ 9
Event: 1.515 Thread 0x000000000298d800 Uncommon trap: reason=null_check action=make_not_entrant pc=0x0000000002e9ce00 method=com.android.dx.ssa.SsaRenamer.getLocalForNewReg(I)Lcom/android/dx/rop/code/LocalItem; @ 19

Internal exceptions (10 events):
Event: 0.887 Thread 0x0000000016df8000 Exception <a 'java/security/PrivilegedActionException'> (0x00000000eb53b128) thrown at [D:\re\workspace\8-2-build-windows-amd64-cygwin\jdk8u20\1074\hotspot\src\share\vm\prims\jvm.cpp, line 1275]
Event: 0.888 Thread 0x0000000016df8000 Exception <a 'java/security/PrivilegedActionException'> (0x00000000eb541290) thrown at [D:\re\workspace\8-2-build-windows-amd64-cygwin\jdk8u20\1074\hotspot\src\share\vm\prims\jvm.cpp, line 1275]
Event: 0.889 Thread 0x0000000016df8000 Exception <a 'java/security/PrivilegedActionException'> (0x00000000eb544078) thrown at [D:\re\workspace\8-2-build-windows-amd64-cygwin\jdk8u20\1074\hotspot\src\share\vm\prims\jvm.cpp, line 1275]
Event: 0.889 Thread 0x0000000016df8000 Exception <a 'java/security/PrivilegedActionException'> (0x00000000eb547398) thrown at [D:\re\workspace\8-2-build-windows-amd64-cygwin\jdk8u20\1074\hotspot\src\share\vm\prims\jvm.cpp, line 1275]
Event: 0.960 Thread 0x0000000016d3e800 Exception <a 'java/security/PrivilegedActionException'> (0x00000000eb68a740) thrown at [D:\re\workspace\8-2-build-windows-amd64-cygwin\jdk8u20\1074\hotspot\src\share\vm\prims\jvm.cpp, line 1275]
Event: 1.280 Thread 0x0000000016df8000 Exception <a 'java/security/PrivilegedActionException'> (0x00000000eb5505c0) thrown at [D:\re\workspace\8-2-build-windows-amd64-cygwin\jdk8u20\1074\hotspot\src\share\vm\prims\jvm.cpp, line 1275]
Event: 1.280 Thread 0x0000000016df8000 Exception <a 'java/security/PrivilegedActionException'> (0x00000000eb554b80) thrown at [D:\re\workspace\8-2-build-windows-amd64-cygwin\jdk8u20\1074\hotspot\src\share\vm\prims\jvm.cpp, line 1275]
Event: 1.425 Thread 0x000000000298d800 Exception <a 'java/security/PrivilegedActionException'> (0x00000000eba1b758) thrown at [D:\re\workspace\8-2-build-windows-amd64-cygwin\jdk8u20\1074\hotspot\src\share\vm\prims\jvm.cpp, line 1275]
Event: 1.515 Thread 0x000000000298d800 Implicit null exception at 0x0000000002e9ba0c to 0x0000000002e9cdc5
Event: 1.814 Thread 0x000000000298d800 Exception <a 'java/security/PrivilegedActionException'> (0x00000000ec2c23d0) thrown at [D:\re\workspace\8-2-build-windows-amd64-cygwin\jdk8u20\1074\hotspot\src\share\vm\prims\jvm.cpp, line 1275]

Events (10 events):
Event: 1.955 loading class java/util/HashMap$KeySet
Event: 1.955 loading class java/util/HashMap$KeySet done
Event: 1.955 loading class java/util/HashMap$KeyIterator
Event: 1.955 loading class java/util/HashMap$KeyIterator done
Event: 1.981 Executing VM operation: ParallelGCFailedAllocation
Event: 2.512 Executing VM operation: ParallelGCFailedAllocation done
Event: 2.518 loading class sun/misc/Cleaner
Event: 2.518 loading class sun/misc/Cleaner done
Event: 2.603 Thread 0x0000000016d3b000 Thread exited: 0x0000000016d3b000
Event: 2.612 Thread 0x0000000016df8000 Thread exited: 0x0000000016df8000


Dynamic libraries:
0x00007ff79b830000 - 0x00007ff79b864000 	C:\Program Files\Java\jdk1.8.0_20\bin\java.exe
0x00007ffc6b1c0000 - 0x00007ffc6b381000 	C:\WINDOWS\SYSTEM32\ntdll.dll
0x00007ffc68920000 - 0x00007ffc689cd000 	C:\WINDOWS\system32\KERNEL32.DLL
0x00007ffc67a70000 - 0x00007ffc67c58000 	C:\WINDOWS\system32\KERNELBASE.dll
0x00007ffc6b110000 - 0x00007ffc6b1b7000 	C:\WINDOWS\system32\ADVAPI32.dll
0x00007ffc6af30000 - 0x00007ffc6afcd000 	C:\WINDOWS\system32\msvcrt.dll
0x00007ffc6b040000 - 0x00007ffc6b09b000 	C:\WINDOWS\system32\sechost.dll
0x00007ffc689d0000 - 0x00007ffc68aec000 	C:\WINDOWS\system32\RPCRT4.dll
0x00007ffc6ac30000 - 0x00007ffc6ad86000 	C:\WINDOWS\system32\USER32.dll
0x00007ffc6ad90000 - 0x00007ffc6af16000 	C:\WINDOWS\system32\GDI32.dll
0x00007ffc5dcb0000 - 0x00007ffc5df24000 	C:\WINDOWS\WinSxS\amd64_microsoft.windows.common-controls_6595b64144ccf1df_6.0.10586.589_none_a2ddb3caa539acce\COMCTL32.dll
0x00007ffc6a5e0000 - 0x00007ffc6a85d000 	C:\WINDOWS\system32\combase.dll
0x00007ffc67c80000 - 0x00007ffc67cea000 	C:\WINDOWS\system32\bcryptPrimitives.dll
0x00007ffc68770000 - 0x00007ffc687ab000 	C:\WINDOWS\system32\IMM32.DLL
0x00000000645a0000 - 0x0000000064672000 	C:\Program Files\Java\jdk1.8.0_20\jre\bin\msvcr100.dll
0x0000000063d40000 - 0x0000000064598000 	C:\Program Files\Java\jdk1.8.0_20\jre\bin\server\jvm.dll
0x00007ffc6b0a0000 - 0x00007ffc6b0a8000 	C:\WINDOWS\system32\PSAPI.DLL
0x00007ffc5c500000 - 0x00007ffc5c509000 	C:\WINDOWS\SYSTEM32\WSOCK32.dll
0x00007ffc68700000 - 0x00007ffc6876b000 	C:\WINDOWS\system32\WS2_32.dll
0x00007ffc65ad0000 - 0x00007ffc65af3000 	C:\WINDOWS\SYSTEM32\WINMM.dll
0x00007ffc65aa0000 - 0x00007ffc65acc000 	C:\WINDOWS\SYSTEM32\WINMMBASE.dll
0x00007ffc679c0000 - 0x00007ffc67a03000 	C:\WINDOWS\system32\cfgmgr32.dll
0x0000000063d30000 - 0x0000000063d3f000 	C:\Program Files\Java\jdk1.8.0_20\jre\bin\verify.dll
0x0000000063d00000 - 0x0000000063d28000 	C:\Program Files\Java\jdk1.8.0_20\jre\bin\java.dll
0x0000000063ce0000 - 0x0000000063cf6000 	C:\Program Files\Java\jdk1.8.0_20\jre\bin\zip.dll
0x00007ffc68af0000 - 0x00007ffc6a04c000 	C:\WINDOWS\system32\SHELL32.dll
0x00007ffc67f50000 - 0x00007ffc68595000 	C:\WINDOWS\system32\windows.storage.dll
0x00007ffc688c0000 - 0x00007ffc68912000 	C:\WINDOWS\system32\shlwapi.dll
0x00007ffc67830000 - 0x00007ffc6783f000 	C:\WINDOWS\system32\kernel.appcore.dll
0x00007ffc67900000 - 0x00007ffc679b5000 	C:\WINDOWS\system32\shcore.dll
0x00007ffc677c0000 - 0x00007ffc6780b000 	C:\WINDOWS\system32\powrprof.dll
0x00007ffc67810000 - 0x00007ffc67824000 	C:\WINDOWS\system32\profapi.dll
0x00007ffc5c290000 - 0x00007ffc5c41c000 	C:\WINDOWS\SYSTEM32\dbghelp.dll

VM Arguments:
jvm_args: -Djava.awt.headless=true -Xmx1024M -Dfile.encoding=windows-1252 -Duser.country=US -Duser.language=en -Duser.variant 
java_command: com.android.dx.command.Main --dex --force-jumbo --num-threads=4 --multi-dex --output C:\Users\admin\Documents\GitHub\ShaneelSD\SoftwareDesign\FindMeTutor\FindMeTutor\tutor_app\build\intermediates\transforms\dex\debug\folders\1000\2\activation_d4b5ae1b1dcb736593282fca59a2774e2d96105a C:\Users\admin\Documents\GitHub\ShaneelSD\SoftwareDesign\FindMeTutor\FindMeTutor\tutor_app\src\main\libs\activation.jar
java_class_path (initial): C:\Users\admin\AppData\Local\Android\sdk\build-tools\24.0.1\lib\dx.jar
Launcher Type: SUN_STANDARD

Environment Variables:
PATH=C:\ProgramData\Oracle\Java\javapath;C:\Program Files (x86)\Intel\iCLS Client\;C:\Program Files\Intel\iCLS Client\;C:\WINDOWS\system32;C:\WINDOWS;C:\WINDOWS\System32\Wbem;C:\WINDOWS\System32\WindowsPowerShell\v1.0\;C:\Program Files\Intel\Intel(R) Management Engine Components\DAL;C:\Program Files\Intel\Intel(R) Management Engine Components\IPT;C:\Program Files (x86)\Intel\Intel(R) Management Engine Components\DAL;C:\Program Files (x86)\Intel\Intel(R) Management Engine Components\IPT;C:\Program Files\WIDCOMM\Bluetooth Software\;C:\Program Files\WIDCOMM\Bluetooth Software\syswow64;C:\Program Files (x86)\Intel\OpenCL SDK\2.0\bin\x86;C:\Program Files (x86)\Intel\OpenCL SDK\2.0\bin\x64;C:\Program Files\Intel\WiFi\bin\;C:\Program Files\Common Files\Intel\WirelessCommon\;c:\Program Files (x86)\Microsoft SQL Server\100\Tools\Binn\;c:\Program Files\Microsoft SQL Server\100\Tools\Binn\;c:\Program Files\Microsoft SQL Server\100\DTS\Binn\;C:\Program Files (x86)\MySQL\MySQL Fabric 1.5.4 & MySQL Utilities 1.5.4 1.5\;C:\Program Files (x86)\MySQL\MySQL Fabric 1.5.4 & MySQL Utilities 1.5.4 1.5\Doctrine extensions for PHP\;C:\Program Files (x86)\Borland\Delphi7\Bin;C:\Program Files (x86)\Borland\Delphi7\Projects\Bpl;C:\Program Files (x86)\Borland\Delphi7\Rave5;C:\Program Files\Git\cmd;C:\Program Files (x86)\OpenVPN\bin;C:\Program Files\Intel\WiFi\bin\;C:\Program Files\Common Files\Intel\WirelessCommon\
USERNAME=admin
OS=Windows_NT
PROCESSOR_IDENTIFIER=Intel64 Family 6 Model 58 Stepping 9, GenuineIntel



---------------  S Y S T E M  ---------------

OS: Windows 8.1 , 64 bit Build 9600 

CPU:total 4 (2 cores per cpu, 2 threads per core) family 6 model 58 stepping 9, cmov, cx8, fxsr, mmx, sse, sse2, sse3, ssse3, sse4.1, sse4.2, popcnt, avx, aes, clmul, erms, ht, tsc, tscinvbit, tscinv

Memory: 4k page, physical 8258576k(2237724k free), swap 10306576k(4236k free)

vm_info: Java HotSpot(TM) 64-Bit Server VM (25.20-b23) for windows-amd64 JRE (1.8.0_20-b26), built on Jul 30 2014 13:51:23 by "java_re" with MS VC++ 10.0 (VS2010)

time: Fri Oct 28 12:09:23 2016
elapsed time: 2 seconds (0d 0h 0m 2s)

