#
# There is insufficient memory for the Java Runtime Environment to continue.
# Native memory allocation (malloc) failed to allocate 230496 bytes for Chunk::new
# Possible reasons:
#   The system is out of physical RAM or swap space
#   In 32 bit mode, the process size limit was hit
# Possible solutions:
#   Reduce memory load on the system
#   Increase physical memory or swap space
#   Check if swap backing store is full
#   Use 64 bit Java on a 64 bit OS
#   Decrease Java heap size (-Xmx/-Xms)
#   Decrease number of Java threads
#   Decrease Java thread stack sizes (-Xss)
#   Set larger code cache with -XX:ReservedCodeCacheSize=
# This output file may be truncated or incomplete.
#
#  Out of Memory Error (allocation.cpp:390), pid=2660, tid=12456
#
# JRE version: Java(TM) SE Runtime Environment (8.0_20-b26) (build 1.8.0_20-b26)
# Java VM: Java HotSpot(TM) 64-Bit Server VM (25.20-b23 mixed mode windows-amd64 compressed oops)
# Failed to write core dump. Minidumps are not enabled by default on client versions of Windows
#

---------------  T H R E A D  ---------------

Current thread (0x00000000150ad800):  JavaThread "C2 CompilerThread0" daemon [_thread_in_native, id=12456, stack(0x0000000016600000,0x0000000016700000)]

Stack: [0x0000000016600000,0x0000000016700000]
Native frames: (J=compiled Java code, j=interpreted, Vv=VM code, C=native code)
V  [jvm.dll+0x3152fa]


Current CompileTask:
C2:   1975  873       4       com.android.dx.ssa.NormalSsaInsn::mapSourceRegisters (48 bytes)


---------------  P R O C E S S  ---------------

Java Threads: ( => current thread )
  0x0000000016c47000 JavaThread "pool-2-thread-4" [_thread_in_Java, id=4268, stack(0x0000000017300000,0x0000000017400000)]
  0x0000000016c46000 JavaThread "pool-2-thread-3" [_thread_blocked, id=14996, stack(0x0000000017200000,0x0000000017300000)]
  0x0000000016b4e800 JavaThread "pool-2-thread-2" [_thread_in_Java, id=10448, stack(0x0000000017100000,0x0000000017200000)]
  0x0000000016b4d000 JavaThread "pool-3-thread-1" [_thread_blocked, id=10148, stack(0x0000000017000000,0x0000000017100000)]
  0x0000000016b47800 JavaThread "pool-2-thread-1" [_thread_in_vm, id=9780, stack(0x0000000016f00000,0x0000000017000000)]
  0x000000001510b000 JavaThread "Service Thread" daemon [_thread_blocked, id=5180, stack(0x0000000016900000,0x0000000016a00000)]
  0x0000000015104000 JavaThread "C1 CompilerThread2" daemon [_thread_blocked, id=12644, stack(0x0000000016800000,0x0000000016900000)]
  0x00000000150fe000 JavaThread "C2 CompilerThread1" daemon [_thread_in_native, id=10008, stack(0x0000000016700000,0x0000000016800000)]
=>0x00000000150ad800 JavaThread "C2 CompilerThread0" daemon [_thread_in_native, id=12456, stack(0x0000000016600000,0x0000000016700000)]
  0x00000000150ab800 JavaThread "Attach Listener" daemon [_thread_blocked, id=1896, stack(0x0000000016500000,0x0000000016600000)]
  0x00000000150aa800 JavaThread "Signal Dispatcher" daemon [_thread_blocked, id=13792, stack(0x0000000016400000,0x0000000016500000)]
  0x00000000029cf000 JavaThread "Finalizer" daemon [_thread_blocked, id=14368, stack(0x0000000016300000,0x0000000016400000)]
  0x0000000015078000 JavaThread "Reference Handler" daemon [_thread_blocked, id=9868, stack(0x0000000016200000,0x0000000016300000)]
  0x00000000026ed800 JavaThread "main" [_thread_in_Java, id=6996, stack(0x00000000027e0000,0x00000000028e0000)]

Other Threads:
  0x0000000015076000 VMThread [stack: 0x0000000016100000,0x0000000016200000] [id=9384]
  0x0000000016a01800 WatcherThread [stack: 0x0000000016e00000,0x0000000016f00000] [id=12880]

VM state:not at safepoint (normal execution)

VM Mutex/Monitor currently owned by a thread: None

Heap:
 PSYoungGen      total 38400K, used 19351K [0x00000000eab00000, 0x00000000ed580000, 0x0000000100000000)
  eden space 33280K, 58% used [0x00000000eab00000,0x00000000ebde5eb0,0x00000000ecb80000)
  from space 5120K, 0% used [0x00000000ed080000,0x00000000ed080000,0x00000000ed580000)
  to   space 5120K, 0% used [0x00000000ecb80000,0x00000000ecb80000,0x00000000ed080000)
 ParOldGen       total 87552K, used 0K [0x00000000c0000000, 0x00000000c5580000, 0x00000000eab00000)
  object space 87552K, 0% used [0x00000000c0000000,0x00000000c0000000,0x00000000c5580000)
 Metaspace       used 5696K, capacity 6768K, committed 7040K, reserved 1056768K
  class space    used 578K, capacity 616K, committed 640K, reserved 1048576K

Card table byte_map: [0x0000000011da0000,0x0000000011fb0000] byte_map_base: 0x00000000117a0000

Marking Bits: (ParMarkBitMap*) 0x000000006451b460
 Begin Bits: [0x0000000012510000, 0x0000000013510000)
 End Bits:   [0x0000000013510000, 0x0000000014510000)

Polling page: 0x0000000000ea0000

CodeCache: size=245760Kb used=3616Kb max_used=3616Kb free=242143Kb
 bounds [0x00000000029e0000, 0x0000000002d70000, 0x00000000119e0000]
 total_blobs=1149 nmethods=886 adapters=177
 compilation: enabled

Compilation events (10 events):
Event: 1.959 Thread 0x0000000015104000 nmethod 882 0x0000000002d55790 code [0x0000000002d55900, 0x0000000002d55cb0]
Event: 1.960 Thread 0x00000000150ad800 nmethod 869 0x0000000002d55dd0 code [0x0000000002d55f60, 0x0000000002d56628]
Event: 1.960 Thread 0x00000000150ad800  873       4       com.android.dx.ssa.NormalSsaInsn::mapSourceRegisters (48 bytes)
Event: 1.960 Thread 0x0000000015104000  884       3       com.android.dx.cf.code.LocalVariableList::pcAndIndexToLocal (51 bytes)
Event: 1.961 Thread 0x0000000015104000 nmethod 884 0x0000000002d4db50 code [0x0000000002d4dd00, 0x0000000002d4e388]
Event: 1.961 Thread 0x0000000015104000  885       3       java.util.ArrayList::clear (39 bytes)
Event: 1.961 Thread 0x0000000015104000 nmethod 885 0x0000000002d4d510 code [0x0000000002d4d680, 0x0000000002d4d9f0]
Event: 1.962 Thread 0x0000000015104000  886   !   3       com.android.dx.cf.code.BaseMachine::result (36 bytes)
Event: 1.962 Thread 0x0000000015104000 nmethod 886 0x0000000002d4ce90 code [0x0000000002d4d020, 0x0000000002d4d338]
Event: 1.962 Thread 0x0000000015104000  887       3       com.android.dx.cf.code.Simulator$SimVisitor::visitNoArgs (2136 bytes)

GC Heap History (0 events):
No events

Deoptimization events (10 events):
Event: 0.951 Thread 0x0000000016b47800 Uncommon trap: reason=class_check action=maybe_recompile pc=0x0000000002b97ba8 method=com.android.dx.rop.cst.Constant.compareTo(Ljava/lang/Object;)I @ 2
Event: 1.233 Thread 0x0000000016c46000 Uncommon trap: reason=speculate_class_check action=maybe_recompile pc=0x0000000002bb8544 method=com.android.dx.rop.cst.Constant.compareTo(Lcom/android/dx/rop/cst/Constant;)I @ 29
Event: 1.233 Thread 0x0000000016c46000 Uncommon trap: reason=speculate_class_check action=maybe_recompile pc=0x0000000002bb8544 method=com.android.dx.rop.cst.Constant.compareTo(Lcom/android/dx/rop/cst/Constant;)I @ 29
Event: 1.233 Thread 0x0000000016c46000 Uncommon trap: reason=speculate_class_check action=maybe_recompile pc=0x0000000002bb8544 method=com.android.dx.rop.cst.Constant.compareTo(Lcom/android/dx/rop/cst/Constant;)I @ 29
Event: 1.233 Thread 0x0000000016c46000 Uncommon trap: reason=speculate_class_check action=maybe_recompile pc=0x0000000002bb8544 method=com.android.dx.rop.cst.Constant.compareTo(Lcom/android/dx/rop/cst/Constant;)I @ 29
Event: 1.392 Thread 0x0000000016b4e800 Uncommon trap: reason=class_check action=maybe_recompile pc=0x0000000002ba0d10 method=com.android.dx.rop.cst.CstMemberRef.compareTo0(Lcom/android/dx/rop/cst/Constant;)I @ 1
Event: 1.392 Thread 0x0000000016c46000 Uncommon trap: reason=class_check action=maybe_recompile pc=0x0000000002ba0d10 method=com.android.dx.rop.cst.CstMemberRef.compareTo0(Lcom/android/dx/rop/cst/Constant;)I @ 1
Event: 1.392 Thread 0x0000000016c46000 Uncommon trap: reason=class_check action=maybe_recompile pc=0x0000000002ba0d10 method=com.android.dx.rop.cst.CstMemberRef.compareTo0(Lcom/android/dx/rop/cst/Constant;)I @ 1
Event: 1.392 Thread 0x00000000026ed800 Uncommon trap: reason=class_check action=maybe_recompile pc=0x0000000002ba0d10 method=com.android.dx.rop.cst.CstMemberRef.compareTo0(Lcom/android/dx/rop/cst/Constant;)I @ 1
Event: 1.417 Thread 0x0000000016b47800 Uncommon trap: reason=unreached action=reinterpret pc=0x0000000002c2445c method=java.util.HashMap.getNode(ILjava/lang/Object;)Ljava/util/HashMap$Node; @ 143

Internal exceptions (10 events):
Event: 1.386 Thread 0x0000000016b4e800 Exception <a 'java/security/PrivilegedActionException'> (0x00000000eb5625e0) thrown at [D:\re\workspace\8-2-build-windows-amd64-cygwin\jdk8u20\1074\hotspot\src\share\vm\prims\jvm.cpp, line 1275]
Event: 1.387 Thread 0x0000000016b4e800 Exception <a 'java/security/PrivilegedActionException'> (0x00000000eb568848) thrown at [D:\re\workspace\8-2-build-windows-amd64-cygwin\jdk8u20\1074\hotspot\src\share\vm\prims\jvm.cpp, line 1275]
Event: 1.388 Thread 0x0000000016b4e800 Exception <a 'java/security/PrivilegedActionException'> (0x00000000eb56cf00) thrown at [D:\re\workspace\8-2-build-windows-amd64-cygwin\jdk8u20\1074\hotspot\src\share\vm\prims\jvm.cpp, line 1275]
Event: 1.389 Thread 0x0000000016b4e800 Exception <a 'java/security/PrivilegedActionException'> (0x00000000eb765d60) thrown at [D:\re\workspace\8-2-build-windows-amd64-cygwin\jdk8u20\1074\hotspot\src\share\vm\prims\jvm.cpp, line 1275]
Event: 1.390 Thread 0x0000000016b4e800 Exception <a 'java/security/PrivilegedActionException'> (0x00000000eb76e9e0) thrown at [D:\re\workspace\8-2-build-windows-amd64-cygwin\jdk8u20\1074\hotspot\src\share\vm\prims\jvm.cpp, line 1275]
Event: 1.391 Thread 0x0000000016b4e800 Exception <a 'java/security/PrivilegedActionException'> (0x00000000eb773e68) thrown at [D:\re\workspace\8-2-build-windows-amd64-cygwin\jdk8u20\1074\hotspot\src\share\vm\prims\jvm.cpp, line 1275]
Event: 1.392 Thread 0x0000000016b4e800 Exception <a 'java/security/PrivilegedActionException'> (0x00000000eb776e50) thrown at [D:\re\workspace\8-2-build-windows-amd64-cygwin\jdk8u20\1074\hotspot\src\share\vm\prims\jvm.cpp, line 1275]
Event: 1.392 Thread 0x0000000016b4e800 Exception <a 'java/security/PrivilegedActionException'> (0x00000000eb77a4a8) thrown at [D:\re\workspace\8-2-build-windows-amd64-cygwin\jdk8u20\1074\hotspot\src\share\vm\prims\jvm.cpp, line 1275]
Event: 1.393 Thread 0x00000000026ed800 Exception <a 'java/security/PrivilegedActionException'> (0x00000000eb628f50) thrown at [D:\re\workspace\8-2-build-windows-amd64-cygwin\jdk8u20\1074\hotspot\src\share\vm\prims\jvm.cpp, line 1275]
Event: 1.420 Thread 0x0000000016b47800 Exception <a 'java/security/PrivilegedActionException'> (0x00000000eb71f708) thrown at [D:\re\workspace\8-2-build-windows-amd64-cygwin\jdk8u20\1074\hotspot\src\share\vm\prims\jvm.cpp, line 1275]

Events (10 events):
Event: 1.392 Thread 0x00000000026ed800 DEOPT UNPACKING pc=0x0000000002a2556a sp=0x00000000028de068 mode 2
Event: 1.393 loading class com/android/dx/cf/code/BytecodeArray$ConstantParserVisitor
Event: 1.393 loading class com/android/dx/cf/code/BytecodeArray$ConstantParserVisitor done
Event: 1.417 Thread 0x0000000016b47800 Uncommon trap: trap_request=0xffffffad fr.pc=0x0000000002c2445c
Event: 1.417 Thread 0x0000000016b47800 DEOPT PACKING pc=0x0000000002c2445c sp=0x0000000016ffe980
Event: 1.417 Thread 0x0000000016b47800 DEOPT UNPACKING pc=0x0000000002a2556a sp=0x0000000016ffe8f8 mode 2
Event: 1.420 loading class com/android/dx/ssa/back/FirstFitLocalCombiningAllocator$Multiset
Event: 1.420 loading class com/android/dx/ssa/back/FirstFitLocalCombiningAllocator$Multiset done
Event: 1.422 loading class java/util/DualPivotQuicksort
Event: 1.423 loading class java/util/DualPivotQuicksort done


Dynamic libraries:
0x00007ff79b830000 - 0x00007ff79b864000 	C:\Program Files\Java\jdk1.8.0_20\bin\java.exe
0x00007ffc6b1c0000 - 0x00007ffc6b381000 	C:\WINDOWS\SYSTEM32\ntdll.dll
0x00007ffc68920000 - 0x00007ffc689cd000 	C:\WINDOWS\system32\KERNEL32.DLL
0x00007ffc67a70000 - 0x00007ffc67c58000 	C:\WINDOWS\system32\KERNELBASE.dll
0x00007ffc6b110000 - 0x00007ffc6b1b7000 	C:\WINDOWS\system32\ADVAPI32.dll
0x00007ffc6af30000 - 0x00007ffc6afcd000 	C:\WINDOWS\system32\msvcrt.dll
0x00007ffc6b040000 - 0x00007ffc6b09b000 	C:\WINDOWS\system32\sechost.dll
0x00007ffc689d0000 - 0x00007ffc68aec000 	C:\WINDOWS\system32\RPCRT4.dll
0x00007ffc6ac30000 - 0x00007ffc6ad86000 	C:\WINDOWS\system32\USER32.dll
0x00007ffc6ad90000 - 0x00007ffc6af16000 	C:\WINDOWS\system32\GDI32.dll
0x00007ffc5dcb0000 - 0x00007ffc5df24000 	C:\WINDOWS\WinSxS\amd64_microsoft.windows.common-controls_6595b64144ccf1df_6.0.10586.589_none_a2ddb3caa539acce\COMCTL32.dll
0x00007ffc6a5e0000 - 0x00007ffc6a85d000 	C:\WINDOWS\system32\combase.dll
0x00007ffc67c80000 - 0x00007ffc67cea000 	C:\WINDOWS\system32\bcryptPrimitives.dll
0x00007ffc68770000 - 0x00007ffc687ab000 	C:\WINDOWS\system32\IMM32.DLL
0x00000000645a0000 - 0x0000000064672000 	C:\Program Files\Java\jdk1.8.0_20\jre\bin\msvcr100.dll
0x0000000063d40000 - 0x0000000064598000 	C:\Program Files\Java\jdk1.8.0_20\jre\bin\server\jvm.dll
0x00007ffc6b0a0000 - 0x00007ffc6b0a8000 	C:\WINDOWS\system32\PSAPI.DLL
0x00007ffc5c500000 - 0x00007ffc5c509000 	C:\WINDOWS\SYSTEM32\WSOCK32.dll
0x00007ffc68700000 - 0x00007ffc6876b000 	C:\WINDOWS\system32\WS2_32.dll
0x00007ffc65ad0000 - 0x00007ffc65af3000 	C:\WINDOWS\SYSTEM32\WINMM.dll
0x00007ffc65aa0000 - 0x00007ffc65acc000 	C:\WINDOWS\SYSTEM32\WINMMBASE.dll
0x00007ffc679c0000 - 0x00007ffc67a03000 	C:\WINDOWS\system32\cfgmgr32.dll
0x0000000063d30000 - 0x0000000063d3f000 	C:\Program Files\Java\jdk1.8.0_20\jre\bin\verify.dll
0x0000000063d00000 - 0x0000000063d28000 	C:\Program Files\Java\jdk1.8.0_20\jre\bin\java.dll
0x0000000063ce0000 - 0x0000000063cf6000 	C:\Program Files\Java\jdk1.8.0_20\jre\bin\zip.dll
0x00007ffc68af0000 - 0x00007ffc6a04c000 	C:\WINDOWS\system32\SHELL32.dll
0x00007ffc67f50000 - 0x00007ffc68595000 	C:\WINDOWS\system32\windows.storage.dll
0x00007ffc688c0000 - 0x00007ffc68912000 	C:\WINDOWS\system32\shlwapi.dll
0x00007ffc67830000 - 0x00007ffc6783f000 	C:\WINDOWS\system32\kernel.appcore.dll
0x00007ffc67900000 - 0x00007ffc679b5000 	C:\WINDOWS\system32\shcore.dll
0x00007ffc677c0000 - 0x00007ffc6780b000 	C:\WINDOWS\system32\powrprof.dll
0x00007ffc67810000 - 0x00007ffc67824000 	C:\WINDOWS\system32\profapi.dll
0x00007ffc5c290000 - 0x00007ffc5c41c000 	C:\WINDOWS\SYSTEM32\dbghelp.dll

VM Arguments:
jvm_args: -Djava.awt.headless=true -Xmx1024M -Dfile.encoding=windows-1252 -Duser.country=US -Duser.language=en -Duser.variant 
java_command: com.android.dx.command.Main --dex --force-jumbo --num-threads=4 --multi-dex --output C:\Users\admin\Documents\GitHub\ShaneelSD\SoftwareDesign\FindMeTutor\FindMeTutor\tutor_app\build\intermediates\transforms\dex\debug\folders\1000\5\slice_0 C:\Users\admin\Documents\GitHub\ShaneelSD\SoftwareDesign\FindMeTutor\FindMeTutor\tutor_app\build\intermediates\transforms\instantRunSlicer\debug\folders\1\5\slice_0
java_class_path (initial): C:\Users\admin\AppData\Local\Android\sdk\build-tools\24.0.1\lib\dx.jar
Launcher Type: SUN_STANDARD

Environment Variables:
PATH=C:\ProgramData\Oracle\Java\javapath;C:\Program Files (x86)\Intel\iCLS Client\;C:\Program Files\Intel\iCLS Client\;C:\WINDOWS\system32;C:\WINDOWS;C:\WINDOWS\System32\Wbem;C:\WINDOWS\System32\WindowsPowerShell\v1.0\;C:\Program Files\Intel\Intel(R) Management Engine Components\DAL;C:\Program Files\Intel\Intel(R) Management Engine Components\IPT;C:\Program Files (x86)\Intel\Intel(R) Management Engine Components\DAL;C:\Program Files (x86)\Intel\Intel(R) Management Engine Components\IPT;C:\Program Files\WIDCOMM\Bluetooth Software\;C:\Program Files\WIDCOMM\Bluetooth Software\syswow64;C:\Program Files (x86)\Intel\OpenCL SDK\2.0\bin\x86;C:\Program Files (x86)\Intel\OpenCL SDK\2.0\bin\x64;C:\Program Files\Intel\WiFi\bin\;C:\Program Files\Common Files\Intel\WirelessCommon\;c:\Program Files (x86)\Microsoft SQL Server\100\Tools\Binn\;c:\Program Files\Microsoft SQL Server\100\Tools\Binn\;c:\Program Files\Microsoft SQL Server\100\DTS\Binn\;C:\Program Files (x86)\MySQL\MySQL Fabric 1.5.4 & MySQL Utilities 1.5.4 1.5\;C:\Program Files (x86)\MySQL\MySQL Fabric 1.5.4 & MySQL Utilities 1.5.4 1.5\Doctrine extensions for PHP\;C:\Program Files (x86)\Borland\Delphi7\Bin;C:\Program Files (x86)\Borland\Delphi7\Projects\Bpl;C:\Program Files (x86)\Borland\Delphi7\Rave5;C:\Program Files\Git\cmd;C:\Program Files (x86)\OpenVPN\bin;C:\Program Files\Intel\WiFi\bin\;C:\Program Files\Common Files\Intel\WirelessCommon\
USERNAME=admin
OS=Windows_NT
PROCESSOR_IDENTIFIER=Intel64 Family 6 Model 58 Stepping 9, GenuineIntel



---------------  S Y S T E M  ---------------

OS: Windows 8.1 , 64 bit Build 9600 

CPU:total 4 (2 cores per cpu, 2 threads per core) family 6 model 58 stepping 9, cmov, cx8, fxsr, mmx, sse, sse2, sse3, ssse3, sse4.1, sse4.2, popcnt, avx, aes, clmul, erms, ht, tsc, tscinvbit, tscinv

Memory: 4k page, physical 8258576k(2239528k free), swap 10306576k(4448k free)

vm_info: Java HotSpot(TM) 64-Bit Server VM (25.20-b23) for windows-amd64 JRE (1.8.0_20-b26), built on Jul 30 2014 13:51:23 by "java_re" with MS VC++ 10.0 (VS2010)

time: Fri Oct 28 12:04:49 2016
elapsed time: 1 seconds (0d 0h 0m 1s)

