#
# There is insufficient memory for the Java Runtime Environment to continue.
# Native memory allocation (malloc) failed to allocate 1357904 bytes for Chunk::new
# Possible reasons:
#   The system is out of physical RAM or swap space
#   In 32 bit mode, the process size limit was hit
# Possible solutions:
#   Reduce memory load on the system
#   Increase physical memory or swap space
#   Check if swap backing store is full
#   Use 64 bit Java on a 64 bit OS
#   Decrease Java heap size (-Xmx/-Xms)
#   Decrease number of Java threads
#   Decrease Java thread stack sizes (-Xss)
#   Set larger code cache with -XX:ReservedCodeCacheSize=
# This output file may be truncated or incomplete.
#
#  Out of Memory Error (allocation.cpp:390), pid=7784, tid=3460
#
# JRE version: Java(TM) SE Runtime Environment (8.0_20-b26) (build 1.8.0_20-b26)
# Java VM: Java HotSpot(TM) 64-Bit Server VM (25.20-b23 mixed mode windows-amd64 compressed oops)
# Failed to write core dump. Minidumps are not enabled by default on client versions of Windows
#

---------------  T H R E A D  ---------------

Current thread (0x0000000014a80000):  JavaThread "C2 CompilerThread1" daemon [_thread_in_native, id=3460, stack(0x00000000160d0000,0x00000000161d0000)]

Stack: [0x00000000160d0000,0x00000000161d0000]
Native frames: (J=compiled Java code, j=interpreted, Vv=VM code, C=native code)
V  [jvm.dll+0x3152fa]
V  [jvm.dll+0x265d03]
V  [jvm.dll+0x266943]
V  [jvm.dll+0x25e265]
V  [jvm.dll+0xbe255]
V  [jvm.dll+0xbe6fc]
V  [jvm.dll+0x449d02]
V  [jvm.dll+0x4bf4f5]
V  [jvm.dll+0x4c012f]
V  [jvm.dll+0x44fef1]
V  [jvm.dll+0x4526c8]
V  [jvm.dll+0x435fc2]
V  [jvm.dll+0x97b62]
V  [jvm.dll+0x98353]
V  [jvm.dll+0x22aac4]
V  [jvm.dll+0x283f5a]
C  [msvcr100.dll+0x21d9f]
C  [msvcr100.dll+0x21e3b]
C  [KERNEL32.DLL+0x18102]
C  [ntdll.dll+0x5c5b4]


Current CompileTask:
C2:   4224 2111       4       com.android.dx.ssa.SsaBasicBlock::forEachInsn (37 bytes)


---------------  P R O C E S S  ---------------

Java Threads: ( => current thread )
  0x00000000166c0000 JavaThread "pool-2-thread-4" [_thread_in_Java, id=4388, stack(0x00000000184a0000,0x00000000185a0000)]
  0x00000000165f6800 JavaThread "pool-2-thread-3" [_thread_in_Java, id=5240, stack(0x00000000183a0000,0x00000000184a0000)]
  0x00000000165f5800 JavaThread "pool-2-thread-2" [_thread_in_Java, id=6036, stack(0x00000000182a0000,0x00000000183a0000)]
  0x0000000016d5b000 JavaThread "pool-3-thread-1" [_thread_blocked, id=2172, stack(0x00000000181a0000,0x00000000182a0000)]
  0x0000000017006000 JavaThread "pool-2-thread-1" [_thread_in_Java, id=6984, stack(0x00000000180a0000,0x00000000181a0000)]
  0x00000000162fd800 JavaThread "Service Thread" daemon [_thread_blocked, id=1356, stack(0x00000000166d0000,0x00000000167d0000)]
  0x0000000014a86000 JavaThread "C1 CompilerThread2" daemon [_thread_blocked, id=10152, stack(0x00000000161d0000,0x00000000162d0000)]
=>0x0000000014a80000 JavaThread "C2 CompilerThread1" daemon [_thread_in_native, id=3460, stack(0x00000000160d0000,0x00000000161d0000)]
  0x0000000014a7e000 JavaThread "C2 CompilerThread0" daemon [_thread_in_native, id=312, stack(0x0000000015fd0000,0x00000000160d0000)]
  0x0000000014a7d000 JavaThread "Attach Listener" daemon [_thread_blocked, id=10504, stack(0x0000000015ed0000,0x0000000015fd0000)]
  0x0000000014a7c000 JavaThread "Signal Dispatcher" daemon [_thread_blocked, id=2832, stack(0x0000000015dd0000,0x0000000015ed0000)]
  0x00000000023a7000 JavaThread "Finalizer" daemon [_thread_blocked, id=11704, stack(0x0000000015cd0000,0x0000000015dd0000)]
  0x000000000239e000 JavaThread "Reference Handler" daemon [_thread_blocked, id=11964, stack(0x0000000015bd0000,0x0000000015cd0000)]
  0x000000000208d800 JavaThread "main" [_thread_in_native, id=9816, stack(0x00000000021b0000,0x00000000022b0000)]

Other Threads:
  0x0000000014a46800 VMThread [stack: 0x0000000015ad0000,0x0000000015bd0000] [id=9308]
  0x0000000016306000 WatcherThread [stack: 0x00000000167d0000,0x00000000168d0000] [id=1172]

VM state:not at safepoint (normal execution)

VM Mutex/Monitor currently owned by a thread: None

Heap:
 PSYoungGen      total 284160K, used 56602K [0x00000000eab00000, 0x00000000ffa00000, 0x0000000100000000)
  eden space 252928K, 10% used [0x00000000eab00000,0x00000000ec3cacb8,0x00000000fa200000)
  from space 31232K, 99% used [0x00000000fc980000,0x00000000fe7fbee0,0x00000000fe800000)
  to   space 40448K, 0% used [0x00000000fa200000,0x00000000fa200000,0x00000000fc980000)
 ParOldGen       total 87552K, used 41724K [0x00000000c0000000, 0x00000000c5580000, 0x00000000eab00000)
  object space 87552K, 47% used [0x00000000c0000000,0x00000000c28bf268,0x00000000c5580000)
 Metaspace       used 6497K, capacity 7320K, committed 7680K, reserved 1056768K
  class space    used 614K, capacity 656K, committed 768K, reserved 1048576K

Card table byte_map: [0x0000000011770000,0x0000000011980000] byte_map_base: 0x0000000011170000

Marking Bits: (ParMarkBitMap*) 0x000000006f45b460
 Begin Bits: [0x0000000011ee0000, 0x0000000012ee0000)
 End Bits:   [0x0000000012ee0000, 0x0000000013ee0000)

Polling page: 0x00000000001f0000

CodeCache: size=245760Kb used=8201Kb max_used=8213Kb free=237558Kb
 bounds [0x00000000023b0000, 0x0000000002bc0000, 0x00000000113b0000]
 total_blobs=2309 nmethods=2043 adapters=179
 compilation: enabled

Compilation events (10 events):
Event: 3.954 Thread 0x0000000014a80000 nmethod 2110% 0x0000000002ba2910 code [0x0000000002ba2a60, 0x0000000002ba2bd8]
Event: 3.954 Thread 0x0000000014a80000 2111       4       com.android.dx.ssa.SsaBasicBlock::forEachInsn (37 bytes)
Event: 4.121 Thread 0x0000000014a86000 2114       2       java.util.zip.ZipFile$ZipFileInputStream::finalize (5 bytes)
Event: 4.122 Thread 0x0000000014a86000 nmethod 2114 0x0000000002ba2590 code [0x0000000002ba2700, 0x0000000002ba2868]
Event: 4.122 Thread 0x0000000014a86000 2115       2       java.util.zip.ZipFile$ZipFileInflaterInputStream::finalize (5 bytes)
Event: 4.122 Thread 0x0000000014a86000 nmethod 2115 0x0000000002ba2210 code [0x0000000002ba2380, 0x0000000002ba24e8]
Event: 4.127 Thread 0x0000000014a86000 2117       2       com.android.dx.cf.attrib.BaseAnnotations::byteLength (8 bytes)
Event: 4.127 Thread 0x0000000014a86000 nmethod 2117 0x0000000002ba1ed0 code [0x0000000002ba2020, 0x0000000002ba2170]
Event: 4.136 Thread 0x0000000014a86000 2118       2       com.android.dx.ssa.DomFront::calcDomFronts (154 bytes)
Event: 4.137 Thread 0x0000000014a86000 nmethod 2118 0x0000000002ba49d0 code [0x0000000002ba4bc0, 0x0000000002ba51e8]

GC Heap History (10 events):
Event: 1.579 GC heap before
{Heap before GC invocations=4 (full 0):
 PSYoungGen      total 38400K, used 38371K [0x00000000eab00000, 0x00000000ef600000, 0x0000000100000000)
  eden space 33280K, 100% used [0x00000000eab00000,0x00000000ecb80000,0x00000000ecb80000)
  from space 5120K, 99% used [0x00000000ecb80000,0x00000000ed078d50,0x00000000ed080000)
  to   space 5120K, 0% used [0x00000000ef100000,0x00000000ef100000,0x00000000ef600000)
 ParOldGen       total 87552K, used 5609K [0x00000000c0000000, 0x00000000c5580000, 0x00000000eab00000)
  object space 87552K, 6% used [0x00000000c0000000,0x00000000c057a780,0x00000000c5580000)
 Metaspace       used 6263K, capacity 7152K, committed 7296K, reserved 1056768K
  class space    used 593K, capacity 616K, committed 640K, reserved 1048576K
Event: 1.594 GC heap after
Heap after GC invocations=4 (full 0):
 PSYoungGen      total 71680K, used 5108K [0x00000000eab00000, 0x00000000ef600000, 0x0000000100000000)
  eden space 66560K, 0% used [0x00000000eab00000,0x00000000eab00000,0x00000000eec00000)
  from space 5120K, 99% used [0x00000000ef100000,0x00000000ef5fd0b0,0x00000000ef600000)
  to   space 5120K, 0% used [0x00000000eec00000,0x00000000eec00000,0x00000000ef100000)
 ParOldGen       total 87552K, used 10648K [0x00000000c0000000, 0x00000000c5580000, 0x00000000eab00000)
  object space 87552K, 12% used [0x00000000c0000000,0x00000000c0a66070,0x00000000c5580000)
 Metaspace       used 6263K, capacity 7152K, committed 7296K, reserved 1056768K
  class space    used 593K, capacity 616K, committed 640K, reserved 1048576K
}
Event: 2.019 GC heap before
{Heap before GC invocations=5 (full 0):
 PSYoungGen      total 71680K, used 71668K [0x00000000eab00000, 0x00000000ef600000, 0x0000000100000000)
  eden space 66560K, 100% used [0x00000000eab00000,0x00000000eec00000,0x00000000eec00000)
  from space 5120K, 99% used [0x00000000ef100000,0x00000000ef5fd0b0,0x00000000ef600000)
  to   space 5120K, 0% used [0x00000000eec00000,0x00000000eec00000,0x00000000ef100000)
 ParOldGen       total 87552K, used 10648K [0x00000000c0000000, 0x00000000c5580000, 0x00000000eab00000)
  object space 87552K, 12% used [0x00000000c0000000,0x00000000c0a66070,0x00000000c5580000)
 Metaspace       used 6382K, capacity 7192K, committed 7424K, reserved 1056768K
  class space    used 614K, capacity 656K, committed 768K, reserved 1048576K
Event: 2.050 GC heap after
Heap after GC invocations=5 (full 0):
 PSYoungGen      total 71680K, used 5113K [0x00000000eab00000, 0x00000000f5200000, 0x0000000100000000)
  eden space 66560K, 0% used [0x00000000eab00000,0x00000000eab00000,0x00000000eec00000)
  from space 5120K, 99% used [0x00000000eec00000,0x00000000ef0fe4d0,0x00000000ef100000)
  to   space 18944K, 0% used [0x00000000f3f80000,0x00000000f3f80000,0x00000000f5200000)
 ParOldGen       total 87552K, used 21571K [0x00000000c0000000, 0x00000000c5580000, 0x00000000eab00000)
  object space 87552K, 24% used [0x00000000c0000000,0x00000000c1510c90,0x00000000c5580000)
 Metaspace       used 6382K, capacity 7192K, committed 7424K, reserved 1056768K
  class space    used 614K, capacity 656K, committed 768K, reserved 1048576K
}
Event: 2.458 GC heap before
{Heap before GC invocations=6 (full 0):
 PSYoungGen      total 71680K, used 71673K [0x00000000eab00000, 0x00000000f5200000, 0x0000000100000000)
  eden space 66560K, 100% used [0x00000000eab00000,0x00000000eec00000,0x00000000eec00000)
  from space 5120K, 99% used [0x00000000eec00000,0x00000000ef0fe4d0,0x00000000ef100000)
  to   space 18944K, 0% used [0x00000000f3f80000,0x00000000f3f80000,0x00000000f5200000)
 ParOldGen       total 87552K, used 21571K [0x00000000c0000000, 0x00000000c5580000, 0x00000000eab00000)
  object space 87552K, 24% used [0x00000000c0000000,0x00000000c1510c90,0x00000000c5580000)
 Metaspace       used 6451K, capacity 7256K, committed 7424K, reserved 1056768K
  class space    used 614K, capacity 656K, committed 768K, reserved 1048576K
Event: 2.495 GC heap after
Heap after GC invocations=6 (full 0):
 PSYoungGen      total 150016K, used 15199K [0x00000000eab00000, 0x00000000f5600000, 0x0000000100000000)
  eden space 131072K, 0% used [0x00000000eab00000,0x00000000eab00000,0x00000000f2b00000)
  from space 18944K, 80% used [0x00000000f3f80000,0x00000000f4e57c18,0x00000000f5200000)
  to   space 20992K, 0% used [0x00000000f2b00000,0x00000000f2b00000,0x00000000f3f80000)
 ParOldGen       total 87552K, used 21571K [0x00000000c0000000, 0x00000000c5580000, 0x00000000eab00000)
  object space 87552K, 24% used [0x00000000c0000000,0x00000000c1510c90,0x00000000c5580000)
 Metaspace       used 6451K, capacity 7256K, committed 7424K, reserved 1056768K
  class space    used 614K, capacity 656K, committed 768K, reserved 1048576K
}
Event: 3.269 GC heap before
{Heap before GC invocations=7 (full 0):
 PSYoungGen      total 150016K, used 146271K [0x00000000eab00000, 0x00000000f5600000, 0x0000000100000000)
  eden space 131072K, 100% used [0x00000000eab00000,0x00000000f2b00000,0x00000000f2b00000)
  from space 18944K, 80% used [0x00000000f3f80000,0x00000000f4e57c18,0x00000000f5200000)
  to   space 20992K, 0% used [0x00000000f2b00000,0x00000000f2b00000,0x00000000f3f80000)
 ParOldGen       total 87552K, used 21571K [0x00000000c0000000, 0x00000000c5580000, 0x00000000eab00000)
  object space 87552K, 24% used [0x00000000c0000000,0x00000000c1510c90,0x00000000c5580000)
 Metaspace       used 6488K, capacity 7256K, committed 7424K, reserved 1056768K
  class space    used 614K, capacity 656K, committed 768K, reserved 1048576K
Event: 3.330 GC heap after
Heap after GC invocations=7 (full 0):
 PSYoungGen      total 152064K, used 20977K [0x00000000eab00000, 0x00000000fe800000, 0x0000000100000000)
  eden space 131072K, 0% used [0x00000000eab00000,0x00000000eab00000,0x00000000f2b00000)
  from space 20992K, 99% used [0x00000000f2b00000,0x00000000f3f7c560,0x00000000f3f80000)
  to   space 31232K, 0% used [0x00000000fc980000,0x00000000fc980000,0x00000000fe800000)
 ParOldGen       total 87552K, used 33765K [0x00000000c0000000, 0x00000000c5580000, 0x00000000eab00000)
  object space 87552K, 38% used [0x00000000c0000000,0x00000000c20f96a8,0x00000000c5580000)
 Metaspace       used 6488K, capacity 7256K, committed 7424K, reserved 1056768K
  class space    used 614K, capacity 656K, committed 768K, reserved 1048576K
}
Event: 4.029 GC heap before
{Heap before GC invocations=8 (full 0):
 PSYoungGen      total 152064K, used 152049K [0x00000000eab00000, 0x00000000fe800000, 0x0000000100000000)
  eden space 131072K, 100% used [0x00000000eab00000,0x00000000f2b00000,0x00000000f2b00000)
  from space 20992K, 99% used [0x00000000f2b00000,0x00000000f3f7c560,0x00000000f3f80000)
  to   space 31232K, 0% used [0x00000000fc980000,0x00000000fc980000,0x00000000fe800000)
 ParOldGen       total 87552K, used 33765K [0x00000000c0000000, 0x00000000c5580000, 0x00000000eab00000)
  object space 87552K, 38% used [0x00000000c0000000,0x00000000c20f96a8,0x00000000c5580000)
 Metaspace       used 6496K, capacity 7320K, committed 7680K, reserved 1056768K
  class space    used 614K, capacity 656K, committed 768K, reserved 1048576K
Event: 4.121 GC heap after
Heap after GC invocations=8 (full 0):
 PSYoungGen      total 284160K, used 31215K [0x00000000eab00000, 0x00000000ffa00000, 0x0000000100000000)
  eden space 252928K, 0% used [0x00000000eab00000,0x00000000eab00000,0x00000000fa200000)
  from space 31232K, 99% used [0x00000000fc980000,0x00000000fe7fbee0,0x00000000fe800000)
  to   space 40448K, 0% used [0x00000000fa200000,0x00000000fa200000,0x00000000fc980000)
 ParOldGen       total 87552K, used 41724K [0x00000000c0000000, 0x00000000c5580000, 0x00000000eab00000)
  object space 87552K, 47% used [0x00000000c0000000,0x00000000c28bf268,0x00000000c5580000)
 Metaspace       used 6496K, capacity 7320K, committed 7680K, reserved 1056768K
  class space    used 614K, capacity 656K, committed 768K, reserved 1048576K
}

Deoptimization events (10 events):
Event: 1.694 Thread 0x00000000165f5800 Uncommon trap: reason=unreached action=reinterpret pc=0x0000000002a2d29c method=java.util.HashMap.getNode(ILjava/lang/Object;)Ljava/util/HashMap$Node; @ 84
Event: 1.714 Thread 0x000000000208d800 Uncommon trap: reason=unreached action=reinterpret pc=0x000000000264e3e0 method=java.util.HashMap.getNode(ILjava/lang/Object;)Ljava/util/HashMap$Node; @ 84
Event: 1.715 Thread 0x000000000208d800 Uncommon trap: reason=bimorphic action=maybe_recompile pc=0x0000000002a30188 method=java.util.HashMap.putVal(ILjava/lang/Object;Ljava/lang/Object;ZZ)Ljava/lang/Object; @ 203
Event: 1.726 Thread 0x0000000017006000 Uncommon trap: reason=unreached action=reinterpret pc=0x0000000002a300d0 method=java.util.HashMap.putVal(ILjava/lang/Object;Ljava/lang/Object;ZZ)Ljava/lang/Object; @ 109
Event: 2.171 Thread 0x00000000165f5800 Uncommon trap: reason=unreached action=reinterpret pc=0x000000000289e86c method=java.util.HashMap.getNode(ILjava/lang/Object;)Ljava/util/HashMap$Node; @ 84
Event: 2.231 Thread 0x0000000017006000 Uncommon trap: reason=unreached action=reinterpret pc=0x0000000002a7f304 method=com.android.dx.ssa.SCCP.simulateBranch(Lcom/android/dx/ssa/SsaInsn;)V @ 132
Event: 2.232 Thread 0x0000000017006000 Uncommon trap: reason=unreached action=reinterpret pc=0x000000000283691c method=com.android.dx.ssa.SsaMethod.updateOneDefinition(Lcom/android/dx/ssa/SsaInsn;Lcom/android/dx/rop/code/RegisterSpec;)V @ 4
Event: 2.579 Thread 0x00000000166c0000 Uncommon trap: reason=bimorphic action=maybe_recompile pc=0x0000000002a9fcf8 method=com.android.dx.cf.code.BytecodeArray.parseInstruction(ILcom/android/dx/cf/code/BytecodeArray$Visitor;)I @ 1161
Event: 2.580 Thread 0x00000000166c0000 Uncommon trap: reason=bimorphic action=maybe_recompile pc=0x0000000002a9fcf8 method=com.android.dx.cf.code.BytecodeArray.parseInstruction(ILcom/android/dx/cf/code/BytecodeArray$Visitor;)I @ 1161
Event: 3.741 Thread 0x00000000165f6800 Uncommon trap: reason=unreached action=reinterpret pc=0x000000000292500c method=java.util.HashMap.getNode(ILjava/lang/Object;)Ljava/util/HashMap$Node; @ 84

Internal exceptions (10 events):
Event: 0.565 Thread 0x0000000017006000 Exception <a 'java/security/PrivilegedActionException'> (0x00000000ec1b1ac8) thrown at [D:\re\workspace\8-2-build-windows-amd64-cygwin\jdk8u20\1074\hotspot\src\share\vm\prims\jvm.cpp, line 1275]
Event: 0.581 Thread 0x00000000165f6800 Exception <a 'java/security/PrivilegedActionException'> (0x00000000ec21c638) thrown at [D:\re\workspace\8-2-build-windows-amd64-cygwin\jdk8u20\1074\hotspot\src\share\vm\prims\jvm.cpp, line 1275]
Event: 0.771 Thread 0x00000000165f5800 Implicit null exception at 0x00000000026d21e2 to 0x00000000026d22e1
Event: 0.904 Thread 0x00000000166c0000 Exception <a 'java/security/PrivilegedActionException'> (0x00000000eac9db40) thrown at [D:\re\workspace\8-2-build-windows-amd64-cygwin\jdk8u20\1074\hotspot\src\share\vm\prims\jvm.cpp, line 1275]
Event: 0.977 Thread 0x000000000208d800 Exception <a 'java/security/PrivilegedActionException'> (0x00000000eb2fd160) thrown at [D:\re\workspace\8-2-build-windows-amd64-cygwin\jdk8u20\1074\hotspot\src\share\vm\prims\jvm.cpp, line 1275]
Event: 1.616 Thread 0x000000000208d800 Exception <a 'java/security/PrivilegedActionException'> (0x00000000eabcfa38) thrown at [D:\re\workspace\8-2-build-windows-amd64-cygwin\jdk8u20\1074\hotspot\src\share\vm\prims\jvm.cpp, line 1275]
Event: 1.677 Thread 0x000000000208d800 Exception <a 'java/lang/ArrayIndexOutOfBoundsException': 18> (0x00000000eb48c810) thrown at [D:\re\workspace\8-2-build-windows-amd64-cygwin\jdk8u20\1074\hotspot\src\share\vm\interpreter\interpreterRuntime.cpp, line 366]
Event: 1.677 Thread 0x000000000208d800 Exception <a 'java/lang/ArrayIndexOutOfBoundsException': 145> (0x00000000eb48e2a8) thrown at [D:\re\workspace\8-2-build-windows-amd64-cygwin\jdk8u20\1074\hotspot\src\share\vm\interpreter\interpreterRuntime.cpp, line 366]
Event: 1.678 Thread 0x000000000208d800 Exception <a 'java/lang/ArrayIndexOutOfBoundsException'> (0x00000000eb48f4c0) thrown at [D:\re\workspace\8-2-build-windows-amd64-cygwin\jdk8u20\1074\hotspot\src\share\vm\runtime\sharedRuntime.cpp, line 604]
Event: 2.231 Thread 0x0000000017006000 Exception <a 'java/security/PrivilegedActionException'> (0x00000000ec9ed9e0) thrown at [D:\re\workspace\8-2-build-windows-amd64-cygwin\jdk8u20\1074\hotspot\src\share\vm\prims\jvm.cpp, line 1275]

Events (10 events):
Event: 3.330 Executing VM operation: ParallelGCFailedAllocation done
Event: 3.741 Thread 0x00000000165f6800 Uncommon trap: trap_request=0xffffffad fr.pc=0x000000000292500c
Event: 3.741 Thread 0x00000000165f6800 DEOPT PACKING pc=0x000000000292500c sp=0x000000001849ea80
Event: 3.741 Thread 0x00000000165f6800 DEOPT UNPACKING pc=0x00000000023f556a sp=0x000000001849e788 mode 2
Event: 3.981 Thread 0x00000000165f6800 DEOPT PACKING pc=0x000000000277b4c4 sp=0x000000001849ec10
Event: 3.981 Thread 0x00000000165f6800 DEOPT UNPACKING pc=0x00000000023f75bf sp=0x000000001849e928 mode 0
Event: 4.027 Executing VM operation: ParallelGCFailedAllocation
Event: 4.121 Executing VM operation: ParallelGCFailedAllocation done
Event: 4.136 Thread 0x00000000166c0000 DEOPT PACKING pc=0x00000000028c43a4 sp=0x000000001859e4f0
Event: 4.136 Thread 0x00000000166c0000 DEOPT UNPACKING pc=0x00000000023f75bf sp=0x000000001859e200 mode 0


Dynamic libraries:
0x00007ff761560000 - 0x00007ff761594000 	C:\Program Files\Java\jdk1.8.0_20\bin\java.exe
0x00007fff74ae0000 - 0x00007fff74ca1000 	C:\WINDOWS\SYSTEM32\ntdll.dll
0x00007fff74760000 - 0x00007fff7480d000 	C:\WINDOWS\system32\KERNEL32.DLL
0x00007fff71320000 - 0x00007fff71508000 	C:\WINDOWS\system32\KERNELBASE.dll
0x00007fff744f0000 - 0x00007fff74597000 	C:\WINDOWS\system32\ADVAPI32.dll
0x00007fff737e0000 - 0x00007fff7387d000 	C:\WINDOWS\system32\msvcrt.dll
0x00007fff74700000 - 0x00007fff7475b000 	C:\WINDOWS\system32\sechost.dll
0x00007fff736c0000 - 0x00007fff737dc000 	C:\WINDOWS\system32\RPCRT4.dll
0x00007fff745a0000 - 0x00007fff746f6000 	C:\WINDOWS\system32\USER32.dll
0x00007fff74950000 - 0x00007fff74ad6000 	C:\WINDOWS\system32\GDI32.dll
0x00007fff656f0000 - 0x00007fff65964000 	C:\WINDOWS\WinSxS\amd64_microsoft.windows.common-controls_6595b64144ccf1df_6.0.10586.0_none_8c15ae12515e1c22\COMCTL32.dll
0x00007fff73880000 - 0x00007fff73afd000 	C:\WINDOWS\system32\combase.dll
0x00007fff71170000 - 0x00007fff711da000 	C:\WINDOWS\system32\bcryptPrimitives.dll
0x00007fff73be0000 - 0x00007fff73c1b000 	C:\WINDOWS\system32\IMM32.DLL
0x000000006fe30000 - 0x000000006ff02000 	C:\Program Files\Java\jdk1.8.0_20\jre\bin\msvcr100.dll
0x000000006ec80000 - 0x000000006f4d8000 	C:\Program Files\Java\jdk1.8.0_20\jre\bin\server\jvm.dll
0x00007fff73620000 - 0x00007fff73628000 	C:\WINDOWS\system32\PSAPI.DLL
0x00007fff66da0000 - 0x00007fff66da9000 	C:\WINDOWS\SYSTEM32\WSOCK32.dll
0x00007fff6f7e0000 - 0x00007fff6f803000 	C:\WINDOWS\SYSTEM32\WINMM.dll
0x00007fff748e0000 - 0x00007fff7494b000 	C:\WINDOWS\system32\WS2_32.dll
0x00007fff6f780000 - 0x00007fff6f7ac000 	C:\WINDOWS\SYSTEM32\WINMMBASE.dll
0x00007fff71530000 - 0x00007fff71573000 	C:\WINDOWS\system32\cfgmgr32.dll
0x0000000070390000 - 0x000000007039f000 	C:\Program Files\Java\jdk1.8.0_20\jre\bin\verify.dll
0x000000006fe00000 - 0x000000006fe28000 	C:\Program Files\Java\jdk1.8.0_20\jre\bin\java.dll
0x000000006ec60000 - 0x000000006ec76000 	C:\Program Files\Java\jdk1.8.0_20\jre\bin\zip.dll
0x00007fff720c0000 - 0x00007fff7361c000 	C:\WINDOWS\system32\SHELL32.dll
0x00007fff71750000 - 0x00007fff71d95000 	C:\WINDOWS\system32\windows.storage.dll
0x00007fff73660000 - 0x00007fff736b2000 	C:\WINDOWS\system32\shlwapi.dll
0x00007fff710e0000 - 0x00007fff710ef000 	C:\WINDOWS\system32\kernel.appcore.dll
0x00007fff71da0000 - 0x00007fff71e55000 	C:\WINDOWS\system32\shcore.dll
0x00007fff71120000 - 0x00007fff7116b000 	C:\WINDOWS\system32\powrprof.dll
0x00007fff71100000 - 0x00007fff71114000 	C:\WINDOWS\system32\profapi.dll
0x00007fff65a40000 - 0x00007fff65bcc000 	C:\WINDOWS\SYSTEM32\dbghelp.dll

VM Arguments:
jvm_args: -Djava.awt.headless=true -Xmx1024M -Dfile.encoding=windows-1252 -Duser.country=US -Duser.language=en -Duser.variant 
java_command: com.android.dx.command.Main --dex --num-threads=4 --multi-dex --main-dex-list C:\Users\admin\Documents\GitHub\ShaneelSD\SoftwareDesign\FindMeTutor\FindMeTutor\tutor_app\build\intermediates\multi-dex\debug\maindexlist.txt --output C:\Users\admin\Documents\GitHub\ShaneelSD\SoftwareDesign\FindMeTutor\FindMeTutor\tutor_app\build\intermediates\transforms\dex\debug\folders\1000\1f\main C:\Users\admin\Documents\GitHub\ShaneelSD\SoftwareDesign\FindMeTutor\FindMeTutor\tutor_app\build\intermediates\transforms\jarMerging\debug\jars\1\1f\combined.jar
java_class_path (initial): C:\Users\admin\AppData\Local\Android\sdk\build-tools\24.0.1\lib\dx.jar
Launcher Type: SUN_STANDARD

Environment Variables:
PATH=C:\ProgramData\Oracle\Java\javapath;C:\Program Files (x86)\Intel\iCLS Client\;C:\Program Files\Intel\iCLS Client\;C:\WINDOWS\system32;C:\WINDOWS;C:\WINDOWS\System32\Wbem;C:\WINDOWS\System32\WindowsPowerShell\v1.0\;C:\Program Files\Intel\Intel(R) Management Engine Components\DAL;C:\Program Files\Intel\Intel(R) Management Engine Components\IPT;C:\Program Files (x86)\Intel\Intel(R) Management Engine Components\DAL;C:\Program Files (x86)\Intel\Intel(R) Management Engine Components\IPT;C:\Program Files\WIDCOMM\Bluetooth Software\;C:\Program Files\WIDCOMM\Bluetooth Software\syswow64;C:\Program Files (x86)\Intel\OpenCL SDK\2.0\bin\x86;C:\Program Files (x86)\Intel\OpenCL SDK\2.0\bin\x64;C:\Program Files\Intel\WiFi\bin\;C:\Program Files\Common Files\Intel\WirelessCommon\;c:\Program Files (x86)\Microsoft SQL Server\100\Tools\Binn\;c:\Program Files\Microsoft SQL Server\100\Tools\Binn\;c:\Program Files\Microsoft SQL Server\100\DTS\Binn\;C:\Program Files (x86)\MySQL\MySQL Fabric 1.5.4 & MySQL Utilities 1.5.4 1.5\;C:\Program Files (x86)\MySQL\MySQL Fabric 1.5.4 & MySQL Utilities 1.5.4 1.5\Doctrine extensions for PHP\;C:\Program Files (x86)\Borland\Delphi7\Bin;C:\Program Files (x86)\Borland\Delphi7\Projects\Bpl;C:\Program Files (x86)\Borland\Delphi7\Rave5;C:\Program Files\Git\cmd;C:\Program Files\Intel\WiFi\bin\;C:\Program Files\Common Files\Intel\WirelessCommon\
USERNAME=admin
OS=Windows_NT
PROCESSOR_IDENTIFIER=Intel64 Family 6 Model 58 Stepping 9, GenuineIntel



---------------  S Y S T E M  ---------------

OS: Windows 8.1 , 64 bit Build 9600 

CPU:total 4 (2 cores per cpu, 2 threads per core) family 6 model 58 stepping 9, cmov, cx8, fxsr, mmx, sse, sse2, sse3, ssse3, sse4.1, sse4.2, popcnt, avx, aes, clmul, erms, ht, tsc, tscinvbit, tscinv

Memory: 4k page, physical 8258576k(1865172k free), swap 10306576k(5232k free)

vm_info: Java HotSpot(TM) 64-Bit Server VM (25.20-b23) for windows-amd64 JRE (1.8.0_20-b26), built on Jul 30 2014 13:51:23 by "java_re" with MS VC++ 10.0 (VS2010)

time: Fri Sep 23 14:02:04 2016
elapsed time: 4 seconds (0d 0h 0m 4s)

