#
# There is insufficient memory for the Java Runtime Environment to continue.
# Native memory allocation (malloc) failed to allocate 881696 bytes for Chunk::new
# Possible reasons:
#   The system is out of physical RAM or swap space
#   In 32 bit mode, the process size limit was hit
# Possible solutions:
#   Reduce memory load on the system
#   Increase physical memory or swap space
#   Check if swap backing store is full
#   Use 64 bit Java on a 64 bit OS
#   Decrease Java heap size (-Xmx/-Xms)
#   Decrease number of Java threads
#   Decrease Java thread stack sizes (-Xss)
#   Set larger code cache with -XX:ReservedCodeCacheSize=
# This output file may be truncated or incomplete.
#
#  Out of Memory Error (allocation.cpp:390), pid=13340, tid=13888
#
# JRE version: Java(TM) SE Runtime Environment (8.0_20-b26) (build 1.8.0_20-b26)
# Java VM: Java HotSpot(TM) 64-Bit Server VM (25.20-b23 mixed mode windows-amd64 compressed oops)
# Failed to write core dump. Minidumps are not enabled by default on client versions of Windows
#

---------------  T H R E A D  ---------------

Current thread (0x00000000149c1000):  JavaThread "C2 CompilerThread1" daemon [_thread_in_native, id=13888, stack(0x00000000160e0000,0x00000000161e0000)]

Stack: [0x00000000160e0000,0x00000000161e0000]
Native frames: (J=compiled Java code, j=interpreted, Vv=VM code, C=native code)
V  [jvm.dll+0x3152fa]
V  [jvm.dll+0x265d03]
V  [jvm.dll+0x266943]
V  [jvm.dll+0x25e265]
V  [jvm.dll+0xbe255]
V  [jvm.dll+0xbe6fc]
V  [jvm.dll+0x45c472]
V  [jvm.dll+0x49d76f]
V  [jvm.dll+0x451045]
V  [jvm.dll+0x452634]
V  [jvm.dll+0x435fc2]
V  [jvm.dll+0x97b62]
V  [jvm.dll+0x98353]
V  [jvm.dll+0x22aac4]
V  [jvm.dll+0x283f5a]
C  [msvcr100.dll+0x21d9f]
C  [msvcr100.dll+0x21e3b]
C  [KERNEL32.DLL+0x18102]
C  [ntdll.dll+0x5c5b4]


Current CompileTask:
C2:   4764 1157       4       com.android.dx.ssa.SCCP::simulateBranch (666 bytes)


---------------  P R O C E S S  ---------------

Java Threads: ( => current thread )
  0x000000001676c800 JavaThread "pool-1-thread-4" [_thread_in_Java, id=11536, stack(0x0000000016ce0000,0x0000000016de0000)]
  0x0000000016767800 JavaThread "pool-1-thread-3" [_thread_in_vm, id=11172, stack(0x0000000016be0000,0x0000000016ce0000)]
  0x0000000016633000 JavaThread "pool-1-thread-2" [_thread_in_vm, id=4004, stack(0x0000000016ae0000,0x0000000016be0000)]
  0x0000000016632800 JavaThread "pool-2-thread-1" [_thread_blocked, id=14308, stack(0x00000000169e0000,0x0000000016ae0000)]
  0x000000001662f800 JavaThread "pool-1-thread-1" [_thread_in_Java, id=12308, stack(0x00000000168e0000,0x00000000169e0000)]
  0x00000000149c7800 JavaThread "Service Thread" daemon [_thread_blocked, id=8820, stack(0x00000000162e0000,0x00000000163e0000)]
  0x00000000149c4000 JavaThread "C1 CompilerThread2" daemon [_thread_blocked, id=8180, stack(0x00000000161e0000,0x00000000162e0000)]
=>0x00000000149c1000 JavaThread "C2 CompilerThread1" daemon [_thread_in_native, id=13888, stack(0x00000000160e0000,0x00000000161e0000)]
  0x000000001496d800 JavaThread "C2 CompilerThread0" daemon [_thread_in_native, id=8440, stack(0x0000000015fe0000,0x00000000160e0000)]
  0x000000001496b800 JavaThread "Attach Listener" daemon [_thread_blocked, id=10768, stack(0x0000000015ee0000,0x0000000015fe0000)]
  0x000000001496a000 JavaThread "Signal Dispatcher" daemon [_thread_blocked, id=6576, stack(0x0000000015de0000,0x0000000015ee0000)]
  0x000000000228f000 JavaThread "Finalizer" daemon [_thread_blocked, id=12380, stack(0x0000000015be0000,0x0000000015ce0000)]
  0x0000000014938000 JavaThread "Reference Handler" daemon [_thread_blocked, id=3056, stack(0x0000000015ae0000,0x0000000015be0000)]
  0x000000000209d800 JavaThread "main" [_thread_blocked, id=3988, stack(0x00000000020a0000,0x00000000021a0000)]

Other Threads:
  0x0000000014936000 VMThread [stack: 0x00000000159e0000,0x0000000015ae0000] [id=12860]
  0x00000000149ca800 WatcherThread [stack: 0x00000000163e0000,0x00000000164e0000] [id=5160]

VM state:not at safepoint (normal execution)

VM Mutex/Monitor currently owned by a thread: None

Heap:
 PSYoungGen      total 38400K, used 30757K [0x00000000eab00000, 0x00000000ed580000, 0x0000000100000000)
  eden space 33280K, 92% used [0x00000000eab00000,0x00000000ec9095f0,0x00000000ecb80000)
  from space 5120K, 0% used [0x00000000ed080000,0x00000000ed080000,0x00000000ed580000)
  to   space 5120K, 0% used [0x00000000ecb80000,0x00000000ecb80000,0x00000000ed080000)
 ParOldGen       total 87552K, used 0K [0x00000000c0000000, 0x00000000c5580000, 0x00000000eab00000)
  object space 87552K, 0% used [0x00000000c0000000,0x00000000c0000000,0x00000000c5580000)
 Metaspace       used 5903K, capacity 6896K, committed 7040K, reserved 1056768K
  class space    used 593K, capacity 616K, committed 640K, reserved 1048576K

Card table byte_map: [0x0000000011660000,0x0000000011870000] byte_map_base: 0x0000000011060000

Marking Bits: (ParMarkBitMap*) 0x0000000070fdb460
 Begin Bits: [0x0000000011dd0000, 0x0000000012dd0000)
 End Bits:   [0x0000000012dd0000, 0x0000000013dd0000)

Polling page: 0x00000000001f0000

CodeCache: size=245760Kb used=4713Kb max_used=4713Kb free=241046Kb
 bounds [0x00000000022a0000, 0x0000000002740000, 0x00000000112a0000]
 total_blobs=1435 nmethods=1170 adapters=178
 compilation: disabled (not enough contiguous free space left)

Compilation events (10 events):
Event: 4.723 Thread 0x00000000149c4000 nmethod 1167 0x00000000027253d0 code [0x00000000027255a0, 0x0000000002725e58]
Event: 4.723 Thread 0x00000000149c4000 1168       3       com.android.dx.ssa.back.SsaToRop::convertBasicBlocks (151 bytes)
Event: 4.725 Thread 0x00000000149c4000 nmethod 1168 0x00000000027303d0 code [0x00000000027306c0, 0x0000000002731f58]
Event: 4.727 Thread 0x00000000149c4000 1169       3       com.android.dx.rop.type.Type::compareTo (9 bytes)
Event: 4.727 Thread 0x00000000149c4000 nmethod 1169 0x0000000002720710 code [0x0000000002720880, 0x0000000002720c68]
Event: 4.728 Thread 0x00000000149c4000 1170       3       com.android.dx.rop.code.Rops::opGetField (97 bytes)
Event: 4.729 Thread 0x00000000149c4000 nmethod 1170 0x0000000002732c90 code [0x0000000002732ec0, 0x0000000002733af8]
Event: 4.737 Thread 0x00000000149c4000 1172       3       com.android.dx.cf.code.Ropper::addExceptionSetupBlocks (203 bytes)
Event: 4.740 Thread 0x00000000149c4000 nmethod 1172 0x0000000002734050 code [0x0000000002734420, 0x0000000002736768]
Event: 4.740 Thread 0x00000000149c4000 1174       3       com.android.dx.ssa.SsaConverter::edgeSplitMoveExceptionsAndResults (157 bytes)

GC Heap History (0 events):
No events

Deoptimization events (4 events):
Event: 4.250 Thread 0x000000001676c800 Uncommon trap: reason=unreached action=reinterpret pc=0x000000000261011c method=com.android.dx.rop.cst.Constant.compareTo(Lcom/android/dx/rop/cst/Constant;)I @ 12
Event: 4.721 Thread 0x000000001676c800 Uncommon trap: reason=bimorphic action=maybe_recompile pc=0x00000000025224cc method=java.util.HashMap.getNode(ILjava/lang/Object;)Ljava/util/HashMap$Node; @ 126
Event: 4.721 Thread 0x000000001676c800 Uncommon trap: reason=unreached action=reinterpret pc=0x00000000026a6e74 method=java.util.HashMap.putVal(ILjava/lang/Object;Ljava/lang/Object;ZZ)Ljava/lang/Object; @ 193
Event: 4.735 Thread 0x000000001676c800 Uncommon trap: reason=null_check action=make_not_entrant pc=0x0000000002635520 method=com.android.dx.rop.type.Type.equals(Ljava/lang/Object;)Z @ 8

Internal exceptions (10 events):
Event: 3.892 Thread 0x0000000016633000 Exception <a 'java/security/PrivilegedActionException'> (0x00000000eb3a8230) thrown at [D:\re\workspace\8-2-build-windows-amd64-cygwin\jdk8u20\1074\hotspot\src\share\vm\prims\jvm.cpp, line 1275]
Event: 3.893 Thread 0x0000000016633000 Exception <a 'java/security/PrivilegedActionException'> (0x00000000eb3ad630) thrown at [D:\re\workspace\8-2-build-windows-amd64-cygwin\jdk8u20\1074\hotspot\src\share\vm\prims\jvm.cpp, line 1275]
Event: 3.893 Thread 0x000000000209d800 Exception <a 'java/security/PrivilegedActionException'> (0x00000000eb5fe810) thrown at [D:\re\workspace\8-2-build-windows-amd64-cygwin\jdk8u20\1074\hotspot\src\share\vm\prims\jvm.cpp, line 1275]
Event: 3.894 Thread 0x0000000016767800 Exception <a 'java/security/PrivilegedActionException'> (0x00000000eb67efa0) thrown at [D:\re\workspace\8-2-build-windows-amd64-cygwin\jdk8u20\1074\hotspot\src\share\vm\prims\jvm.cpp, line 1275]
Event: 3.905 Thread 0x0000000016767800 Exception <a 'java/security/PrivilegedActionException'> (0x00000000eb6a2a48) thrown at [D:\re\workspace\8-2-build-windows-amd64-cygwin\jdk8u20\1074\hotspot\src\share\vm\prims\jvm.cpp, line 1275]
Event: 3.929 Thread 0x0000000016633000 Exception <a 'java/security/PrivilegedActionException'> (0x00000000eb40bd30) thrown at [D:\re\workspace\8-2-build-windows-amd64-cygwin\jdk8u20\1074\hotspot\src\share\vm\prims\jvm.cpp, line 1275]
Event: 4.111 Thread 0x000000001676c800 Exception <a 'java/security/PrivilegedActionException'> (0x00000000eb98e0e0) thrown at [D:\re\workspace\8-2-build-windows-amd64-cygwin\jdk8u20\1074\hotspot\src\share\vm\prims\jvm.cpp, line 1275]
Event: 4.111 Thread 0x000000001676c800 Exception <a 'java/security/PrivilegedActionException'> (0x00000000eb993ad0) thrown at [D:\re\workspace\8-2-build-windows-amd64-cygwin\jdk8u20\1074\hotspot\src\share\vm\prims\jvm.cpp, line 1275]
Event: 4.112 Thread 0x000000001676c800 Exception <a 'java/security/PrivilegedActionException'> (0x00000000eb999240) thrown at [D:\re\workspace\8-2-build-windows-amd64-cygwin\jdk8u20\1074\hotspot\src\share\vm\prims\jvm.cpp, line 1275]
Event: 4.735 Thread 0x000000001676c800 Implicit null exception at 0x0000000002635422 to 0x0000000002635512

Events (10 events):
Event: 4.577 Thread 0x0000000016767800 DEOPT UNPACKING pc=0x00000000022e75bf sp=0x0000000016cde5a8 mode 0
Event: 4.721 Thread 0x000000001676c800 Uncommon trap: trap_request=0xffffffc6 fr.pc=0x00000000025224cc
Event: 4.721 Thread 0x000000001676c800 DEOPT PACKING pc=0x00000000025224cc sp=0x0000000016dde7b0
Event: 4.721 Thread 0x000000001676c800 DEOPT UNPACKING pc=0x00000000022e556a sp=0x0000000016dde6d8 mode 2
Event: 4.721 Thread 0x000000001676c800 Uncommon trap: trap_request=0xffffffad fr.pc=0x00000000026a6e74
Event: 4.721 Thread 0x000000001676c800 DEOPT PACKING pc=0x00000000026a6e74 sp=0x0000000016dde700
Event: 4.721 Thread 0x000000001676c800 DEOPT UNPACKING pc=0x00000000022e556a sp=0x0000000016dde678 mode 2
Event: 4.735 Thread 0x000000001676c800 Uncommon trap: trap_request=0xfffffff4 fr.pc=0x0000000002635520
Event: 4.735 Thread 0x000000001676c800 DEOPT PACKING pc=0x0000000002635520 sp=0x0000000016dde3f0
Event: 4.735 Thread 0x000000001676c800 DEOPT UNPACKING pc=0x00000000022e556a sp=0x0000000016dde378 mode 2


Dynamic libraries:
0x00007ff684e90000 - 0x00007ff684ec4000 	C:\Program Files\Java\jdk1.8.0_20\bin\java.exe
0x00007ffb659a0000 - 0x00007ffb65b61000 	C:\WINDOWS\SYSTEM32\ntdll.dll
0x00007ffb633d0000 - 0x00007ffb6347d000 	C:\WINDOWS\system32\KERNEL32.DLL
0x00007ffb626f0000 - 0x00007ffb628d8000 	C:\WINDOWS\system32\KERNELBASE.dll
0x00007ffb658f0000 - 0x00007ffb65997000 	C:\WINDOWS\system32\ADVAPI32.dll
0x00007ffb65420000 - 0x00007ffb654bd000 	C:\WINDOWS\system32\msvcrt.dll
0x00007ffb62d80000 - 0x00007ffb62ddb000 	C:\WINDOWS\system32\sechost.dll
0x00007ffb63750000 - 0x00007ffb6386c000 	C:\WINDOWS\system32\RPCRT4.dll
0x00007ffb652c0000 - 0x00007ffb65416000 	C:\WINDOWS\system32\USER32.dll
0x00007ffb63550000 - 0x00007ffb636d6000 	C:\WINDOWS\system32\GDI32.dll
0x00007ffb57250000 - 0x00007ffb574c4000 	C:\WINDOWS\WinSxS\amd64_microsoft.windows.common-controls_6595b64144ccf1df_6.0.10586.0_none_8c15ae12515e1c22\COMCTL32.dll
0x00007ffb65040000 - 0x00007ffb652bd000 	C:\WINDOWS\system32\combase.dll
0x00007ffb62680000 - 0x00007ffb626ea000 	C:\WINDOWS\system32\bcryptPrimitives.dll
0x00007ffb63870000 - 0x00007ffb638ab000 	C:\WINDOWS\system32\IMM32.DLL
0x0000000071060000 - 0x0000000071132000 	C:\Program Files\Java\jdk1.8.0_20\jre\bin\msvcr100.dll
0x0000000070800000 - 0x0000000071058000 	C:\Program Files\Java\jdk1.8.0_20\jre\bin\server\jvm.dll
0x00007ffb64f70000 - 0x00007ffb64f78000 	C:\WINDOWS\system32\PSAPI.DLL
0x00007ffb58000000 - 0x00007ffb58009000 	C:\WINDOWS\SYSTEM32\WSOCK32.dll
0x00007ffb631e0000 - 0x00007ffb6324b000 	C:\WINDOWS\system32\WS2_32.dll
0x00007ffb60720000 - 0x00007ffb60743000 	C:\WINDOWS\SYSTEM32\WINMM.dll
0x00007ffb60670000 - 0x00007ffb6069c000 	C:\WINDOWS\SYSTEM32\WINMMBASE.dll
0x00007ffb62d10000 - 0x00007ffb62d53000 	C:\WINDOWS\system32\cfgmgr32.dll
0x00000000707f0000 - 0x00000000707ff000 	C:\Program Files\Java\jdk1.8.0_20\jre\bin\verify.dll
0x00000000707c0000 - 0x00000000707e8000 	C:\Program Files\Java\jdk1.8.0_20\jre\bin\java.dll
0x00000000707a0000 - 0x00000000707b6000 	C:\Program Files\Java\jdk1.8.0_20\jre\bin\zip.dll
0x00007ffb638b0000 - 0x00007ffb64e0c000 	C:\WINDOWS\system32\SHELL32.dll
0x00007ffb62030000 - 0x00007ffb62675000 	C:\WINDOWS\system32\windows.storage.dll
0x00007ffb64f80000 - 0x00007ffb64fd2000 	C:\WINDOWS\system32\shlwapi.dll
0x00007ffb61fc0000 - 0x00007ffb61fcf000 	C:\WINDOWS\system32\kernel.appcore.dll
0x00007ffb62ba0000 - 0x00007ffb62c55000 	C:\WINDOWS\system32\shcore.dll
0x00007ffb61fe0000 - 0x00007ffb6202b000 	C:\WINDOWS\system32\powrprof.dll
0x00007ffb61fa0000 - 0x00007ffb61fb4000 	C:\WINDOWS\system32\profapi.dll
0x00007ffb555c0000 - 0x00007ffb5574c000 	C:\WINDOWS\SYSTEM32\dbghelp.dll

VM Arguments:
jvm_args: -Djava.awt.headless=true -Xmx1024M -Dfile.encoding=windows-1252 -Duser.country=US -Duser.language=en -Duser.variant 
java_command: com.android.dx.command.Main --dex --num-threads=4 --output C:\Users\admin\Documents\GitHub\ShaneelSD\SoftwareDesign\FindMeTutor\FindMeTutor\tutor_app\build\intermediates\pre-dexed\debug\com.android.support-support-vector-drawable-24.2.0_41821961fac84b7956a3c0546b5a611f58ffc838.jar C:\Users\admin\Documents\GitHub\ShaneelSD\SoftwareDesign\FindMeTutor\FindMeTutor\tutor_app\build\intermediates\exploded-aar\com.android.support\support-vector-drawable\24.2.0\jars\classes.jar
java_class_path (initial): C:\Users\admin\AppData\Local\Android\sdk\build-tools\24.0.1\lib\dx.jar
Launcher Type: SUN_STANDARD

Environment Variables:
PATH=C:\ProgramData\Oracle\Java\javapath;C:\Program Files (x86)\Intel\iCLS Client\;C:\Program Files\Intel\iCLS Client\;C:\WINDOWS\system32;C:\WINDOWS;C:\WINDOWS\System32\Wbem;C:\WINDOWS\System32\WindowsPowerShell\v1.0\;C:\Program Files\Intel\Intel(R) Management Engine Components\DAL;C:\Program Files\Intel\Intel(R) Management Engine Components\IPT;C:\Program Files (x86)\Intel\Intel(R) Management Engine Components\DAL;C:\Program Files (x86)\Intel\Intel(R) Management Engine Components\IPT;C:\Program Files\WIDCOMM\Bluetooth Software\;C:\Program Files\WIDCOMM\Bluetooth Software\syswow64;C:\Program Files (x86)\Intel\OpenCL SDK\2.0\bin\x86;C:\Program Files (x86)\Intel\OpenCL SDK\2.0\bin\x64;C:\Program Files\Intel\WiFi\bin\;C:\Program Files\Common Files\Intel\WirelessCommon\;c:\Program Files (x86)\Microsoft SQL Server\100\Tools\Binn\;c:\Program Files\Microsoft SQL Server\100\Tools\Binn\;c:\Program Files\Microsoft SQL Server\100\DTS\Binn\;C:\Program Files (x86)\MySQL\MySQL Fabric 1.5.4 & MySQL Utilities 1.5.4 1.5\;C:\Program Files (x86)\MySQL\MySQL Fabric 1.5.4 & MySQL Utilities 1.5.4 1.5\Doctrine extensions for PHP\;C:\Program Files (x86)\Borland\Delphi7\Bin;C:\Program Files (x86)\Borland\Delphi7\Projects\Bpl;C:\Program Files (x86)\Borland\Delphi7\Rave5;C:\Program Files\Git\cmd;C:\Program Files\Intel\WiFi\bin\;C:\Program Files\Common Files\Intel\WirelessCommon\
USERNAME=admin
OS=Windows_NT
PROCESSOR_IDENTIFIER=Intel64 Family 6 Model 58 Stepping 9, GenuineIntel



---------------  S Y S T E M  ---------------

OS: Windows 8.1 , 64 bit Build 9600 

CPU:total 4 (2 cores per cpu, 2 threads per core) family 6 model 58 stepping 9, cmov, cx8, fxsr, mmx, sse, sse2, sse3, ssse3, sse4.1, sse4.2, popcnt, avx, aes, clmul, erms, ht, tsc, tscinvbit, tscinv

Memory: 4k page, physical 8258576k(1903604k free), swap 10306576k(4092k free)

vm_info: Java HotSpot(TM) 64-Bit Server VM (25.20-b23) for windows-amd64 JRE (1.8.0_20-b26), built on Jul 30 2014 13:51:23 by "java_re" with MS VC++ 10.0 (VS2010)

time: Thu Sep 08 19:23:28 2016
elapsed time: 4 seconds (0d 0h 0m 4s)

