#
# There is insufficient memory for the Java Runtime Environment to continue.
# Native memory allocation (malloc) failed to allocate 1611536 bytes for Chunk::new
# Possible reasons:
#   The system is out of physical RAM or swap space
#   In 32 bit mode, the process size limit was hit
# Possible solutions:
#   Reduce memory load on the system
#   Increase physical memory or swap space
#   Check if swap backing store is full
#   Use 64 bit Java on a 64 bit OS
#   Decrease Java heap size (-Xmx/-Xms)
#   Decrease number of Java threads
#   Decrease Java thread stack sizes (-Xss)
#   Set larger code cache with -XX:ReservedCodeCacheSize=
# This output file may be truncated or incomplete.
#
#  Out of Memory Error (allocation.cpp:390), pid=8724, tid=7968
#
# JRE version: Java(TM) SE Runtime Environment (8.0_20-b26) (build 1.8.0_20-b26)
# Java VM: Java HotSpot(TM) 64-Bit Server VM (25.20-b23 mixed mode windows-amd64 compressed oops)
# Failed to write core dump. Minidumps are not enabled by default on client versions of Windows
#

---------------  T H R E A D  ---------------

Current thread (0x00000000152da800):  JavaThread "C2 CompilerThread1" daemon [_thread_in_native, id=7968, stack(0x0000000016930000,0x0000000016a30000)]

Stack: [0x0000000016930000,0x0000000016a30000]
Native frames: (J=compiled Java code, j=interpreted, Vv=VM code, C=native code)
V  [jvm.dll+0x3152fa]


Current CompileTask:
C2:   6843 2196   !   4       com.android.dx.cf.code.Ropper::processBlock (1101 bytes)


---------------  P R O C E S S  ---------------

Java Threads: ( => current thread )
  0x0000000017973000 JavaThread "pool-2-thread-4" [_thread_blocked, id=10836, stack(0x0000000018d00000,0x0000000018e00000)]
  0x0000000016dca000 JavaThread "pool-2-thread-3" [_thread_blocked, id=4960, stack(0x0000000018c00000,0x0000000018d00000)]
  0x0000000016dc9000 JavaThread "pool-2-thread-2" [_thread_blocked, id=4964, stack(0x0000000018b00000,0x0000000018c00000)]
  0x0000000016f26000 JavaThread "pool-3-thread-1" [_thread_blocked, id=5496, stack(0x0000000018a00000,0x0000000018b00000)]
  0x000000001755b800 JavaThread "pool-2-thread-1" [_thread_blocked, id=9532, stack(0x0000000018900000,0x0000000018a00000)]
  0x0000000016b57000 JavaThread "Service Thread" daemon [_thread_blocked, id=9080, stack(0x0000000016f30000,0x0000000017030000)]
  0x00000000152dd000 JavaThread "C1 CompilerThread2" daemon [_thread_blocked, id=6212, stack(0x0000000016a30000,0x0000000016b30000)]
=>0x00000000152da800 JavaThread "C2 CompilerThread1" daemon [_thread_in_native, id=7968, stack(0x0000000016930000,0x0000000016a30000)]
  0x00000000152ea800 JavaThread "C2 CompilerThread0" daemon [_thread_in_native, id=10824, stack(0x0000000016830000,0x0000000016930000)]
  0x00000000152e8800 JavaThread "Attach Listener" daemon [_thread_blocked, id=6012, stack(0x0000000016730000,0x0000000016830000)]
  0x00000000152e7800 JavaThread "Signal Dispatcher" daemon [_thread_blocked, id=4596, stack(0x0000000016630000,0x0000000016730000)]
  0x0000000002c06800 JavaThread "Finalizer" daemon [_thread_blocked, id=6716, stack(0x0000000016530000,0x0000000016630000)]
  0x0000000002bfd800 JavaThread "Reference Handler" daemon [_thread_blocked, id=11800, stack(0x0000000016430000,0x0000000016530000)]
  0x000000000127d800 JavaThread "main" [_thread_in_native, id=11372, stack(0x0000000002a10000,0x0000000002b10000)]

Other Threads:
  0x00000000152a6000 VMThread [stack: 0x0000000016330000,0x0000000016430000] [id=12948]
  0x0000000016b59800 WatcherThread [stack: 0x0000000017030000,0x0000000017130000] [id=5840]

VM state:not at safepoint (normal execution)

VM Mutex/Monitor currently owned by a thread: None

Heap:
 PSYoungGen      total 295936K, used 76174K [0x00000000eab00000, 0x0000000100000000, 0x0000000100000000)
  eden space 262656K, 27% used [0x00000000eab00000,0x00000000ef16eb98,0x00000000fab80000)
  from space 33280K, 12% used [0x00000000fab80000,0x00000000faf74d40,0x00000000fcc00000)
  to   space 51200K, 0% used [0x00000000fce00000,0x00000000fce00000,0x0000000100000000)
 ParOldGen       total 169984K, used 87340K [0x00000000c0000000, 0x00000000ca600000, 0x00000000eab00000)
  object space 169984K, 51% used [0x00000000c0000000,0x00000000c554b370,0x00000000ca600000)
 Metaspace       used 6526K, capacity 7320K, committed 7680K, reserved 1056768K
  class space    used 616K, capacity 656K, committed 768K, reserved 1048576K

Card table byte_map: [0x0000000011fd0000,0x00000000121e0000] byte_map_base: 0x00000000119d0000

Marking Bits: (ParMarkBitMap*) 0x000000006219b460
 Begin Bits: [0x0000000012740000, 0x0000000013740000)
 End Bits:   [0x0000000013740000, 0x0000000014740000)

Polling page: 0x00000000009f0000

CodeCache: size=245760Kb used=9123Kb max_used=9123Kb free=236636Kb
 bounds [0x0000000002c10000, 0x0000000003510000, 0x0000000011c10000]
 total_blobs=2400 nmethods=2132 adapters=179
 compilation: enabled

Compilation events (10 events):
Event: 6.483 Thread 0x00000000152dd000 2221       2       java.util.HashMap$TreeNode::balanceInsertion (245 bytes)
Event: 6.484 Thread 0x00000000152dd000 nmethod 2221 0x00000000034eb2d0 code [0x00000000034eb4c0, 0x00000000034eba98]
Event: 6.698 Thread 0x00000000152dd000 2223       2       com.android.dx.dex.code.OddSpacer::<init> (9 bytes)
Event: 6.699 Thread 0x00000000152dd000 nmethod 2223 0x00000000034eaf10 code [0x00000000034eb080, 0x00000000034eb208]
Event: 6.706 Thread 0x00000000152dd000 2224   !   2       java.util.concurrent.locks.AbstractQueuedSynchronizer::doAcquireInterruptibly (97 bytes)
Event: 6.707 Thread 0x00000000152dd000 nmethod 2224 0x00000000034ea250 code [0x00000000034ea440, 0x00000000034ea9d8]
Event: 6.708 Thread 0x00000000152dd000 2225       2       java.util.concurrent.locks.AbstractQueuedSynchronizer::enq (58 bytes)
Event: 6.709 Thread 0x00000000152dd000 nmethod 2225 0x00000000034e9cd0 code [0x00000000034e9e40, 0x00000000034ea130]
Event: 6.799 Thread 0x00000000152dd000 2226 %     3       com.android.dx.cf.iface.StdAttributeList::byteLength @ 9 (35 bytes)
Event: 6.799 Thread 0x00000000152dd000 nmethod 2226% 0x00000000034e9210 code [0x00000000034e93c0, 0x00000000034e9a98]

GC Heap History (10 events):
Event: 2.019 GC heap before
{Heap before GC invocations=4 (full 0):
 PSYoungGen      total 71680K, used 71676K [0x00000000eab00000, 0x00000000f3700000, 0x0000000100000000)
  eden space 66560K, 100% used [0x00000000eab00000,0x00000000eec00000,0x00000000eec00000)
  from space 5120K, 99% used [0x00000000eec00000,0x00000000ef0ff138,0x00000000ef100000)
  to   space 5120K, 0% used [0x00000000f3200000,0x00000000f3200000,0x00000000f3700000)
 ParOldGen       total 87552K, used 9270K [0x00000000c0000000, 0x00000000c5580000, 0x00000000eab00000)
  object space 87552K, 10% used [0x00000000c0000000,0x00000000c090d968,0x00000000c5580000)
 Metaspace       used 6296K, capacity 7152K, committed 7296K, reserved 1056768K
  class space    used 595K, capacity 616K, committed 640K, reserved 1048576K
Event: 2.057 GC heap after
Heap after GC invocations=4 (full 0):
 PSYoungGen      total 138240K, used 5099K [0x00000000eab00000, 0x00000000f3700000, 0x0000000100000000)
  eden space 133120K, 0% used [0x00000000eab00000,0x00000000eab00000,0x00000000f2d00000)
  from space 5120K, 99% used [0x00000000f3200000,0x00000000f36faf28,0x00000000f3700000)
  to   space 5120K, 0% used [0x00000000f2d00000,0x00000000f2d00000,0x00000000f3200000)
 ParOldGen       total 87552K, used 19835K [0x00000000c0000000, 0x00000000c5580000, 0x00000000eab00000)
  object space 87552K, 22% used [0x00000000c0000000,0x00000000c135ee98,0x00000000c5580000)
 Metaspace       used 6296K, capacity 7152K, committed 7296K, reserved 1056768K
  class space    used 595K, capacity 616K, committed 640K, reserved 1048576K
}
Event: 2.894 GC heap before
{Heap before GC invocations=5 (full 0):
 PSYoungGen      total 138240K, used 138219K [0x00000000eab00000, 0x00000000f3700000, 0x0000000100000000)
  eden space 133120K, 100% used [0x00000000eab00000,0x00000000f2d00000,0x00000000f2d00000)
  from space 5120K, 99% used [0x00000000f3200000,0x00000000f36faf28,0x00000000f3700000)
  to   space 5120K, 0% used [0x00000000f2d00000,0x00000000f2d00000,0x00000000f3200000)
 ParOldGen       total 87552K, used 19835K [0x00000000c0000000, 0x00000000c5580000, 0x00000000eab00000)
  object space 87552K, 22% used [0x00000000c0000000,0x00000000c135ee98,0x00000000c5580000)
 Metaspace       used 6457K, capacity 7256K, committed 7424K, reserved 1056768K
  class space    used 615K, capacity 656K, committed 768K, reserved 1048576K
Event: 2.989 GC heap after
Heap after GC invocations=5 (full 0):
 PSYoungGen      total 138240K, used 5117K [0x00000000eab00000, 0x00000000fe900000, 0x0000000100000000)
  eden space 133120K, 0% used [0x00000000eab00000,0x00000000eab00000,0x00000000f2d00000)
  from space 5120K, 99% used [0x00000000f2d00000,0x00000000f31ff4c8,0x00000000f3200000)
  to   space 29696K, 0% used [0x00000000fcc00000,0x00000000fcc00000,0x00000000fe900000)
 ParOldGen       total 87552K, used 40227K [0x00000000c0000000, 0x00000000c5580000, 0x00000000eab00000)
  object space 87552K, 45% used [0x00000000c0000000,0x00000000c2748cc0,0x00000000c5580000)
 Metaspace       used 6457K, capacity 7256K, committed 7424K, reserved 1056768K
  class space    used 615K, capacity 656K, committed 768K, reserved 1048576K
}
Event: 3.899 GC heap before
{Heap before GC invocations=6 (full 0):
 PSYoungGen      total 138240K, used 138237K [0x00000000eab00000, 0x00000000fe900000, 0x0000000100000000)
  eden space 133120K, 100% used [0x00000000eab00000,0x00000000f2d00000,0x00000000f2d00000)
  from space 5120K, 99% used [0x00000000f2d00000,0x00000000f31ff4c8,0x00000000f3200000)
  to   space 29696K, 0% used [0x00000000fcc00000,0x00000000fcc00000,0x00000000fe900000)
 ParOldGen       total 87552K, used 40227K [0x00000000c0000000, 0x00000000c5580000, 0x00000000eab00000)
  object space 87552K, 45% used [0x00000000c0000000,0x00000000c2748cc0,0x00000000c5580000)
 Metaspace       used 6496K, capacity 7320K, committed 7680K, reserved 1056768K
  class space    used 615K, capacity 656K, committed 768K, reserved 1048576K
Event: 3.947 GC heap after
Heap after GC invocations=6 (full 0):
 PSYoungGen      total 292352K, used 23356K [0x00000000eab00000, 0x00000000ff000000, 0x0000000100000000)
  eden space 262656K, 0% used [0x00000000eab00000,0x00000000eab00000,0x00000000fab80000)
  from space 29696K, 78% used [0x00000000fcc00000,0x00000000fe2cf1b0,0x00000000fe900000)
  to   space 33280K, 0% used [0x00000000fab80000,0x00000000fab80000,0x00000000fcc00000)
 ParOldGen       total 87552K, used 40227K [0x00000000c0000000, 0x00000000c5580000, 0x00000000eab00000)
  object space 87552K, 45% used [0x00000000c0000000,0x00000000c2748cc0,0x00000000c5580000)
 Metaspace       used 6496K, capacity 7320K, committed 7680K, reserved 1056768K
  class space    used 615K, capacity 656K, committed 768K, reserved 1048576K
}
Event: 5.151 GC heap before
{Heap before GC invocations=7 (full 0):
 PSYoungGen      total 292352K, used 286012K [0x00000000eab00000, 0x00000000ff000000, 0x0000000100000000)
  eden space 262656K, 100% used [0x00000000eab00000,0x00000000fab80000,0x00000000fab80000)
  from space 29696K, 78% used [0x00000000fcc00000,0x00000000fe2cf1b0,0x00000000fe900000)
  to   space 33280K, 0% used [0x00000000fab80000,0x00000000fab80000,0x00000000fcc00000)
 ParOldGen       total 87552K, used 40227K [0x00000000c0000000, 0x00000000c5580000, 0x00000000eab00000)
  object space 87552K, 45% used [0x00000000c0000000,0x00000000c2748cc0,0x00000000c5580000)
 Metaspace       used 6519K, capacity 7320K, committed 7680K, reserved 1056768K
  class space    used 616K, capacity 656K, committed 768K, reserved 1048576K
Event: 5.293 GC heap after
Heap after GC invocations=7 (full 0):
 PSYoungGen      total 295936K, used 33266K [0x00000000eab00000, 0x0000000100000000, 0x0000000100000000)
  eden space 262656K, 0% used [0x00000000eab00000,0x00000000eab00000,0x00000000fab80000)
  from space 33280K, 99% used [0x00000000fab80000,0x00000000fcbfc990,0x00000000fcc00000)
  to   space 51200K, 0% used [0x00000000fce00000,0x00000000fce00000,0x0000000100000000)
 ParOldGen       total 87552K, used 61975K [0x00000000c0000000, 0x00000000c5580000, 0x00000000eab00000)
  object space 87552K, 70% used [0x00000000c0000000,0x00000000c3c85c48,0x00000000c5580000)
 Metaspace       used 6519K, capacity 7320K, committed 7680K, reserved 1056768K
  class space    used 616K, capacity 656K, committed 768K, reserved 1048576K
}
Event: 5.293 GC heap before
{Heap before GC invocations=8 (full 1):
 PSYoungGen      total 295936K, used 33266K [0x00000000eab00000, 0x0000000100000000, 0x0000000100000000)
  eden space 262656K, 0% used [0x00000000eab00000,0x00000000eab00000,0x00000000fab80000)
  from space 33280K, 99% used [0x00000000fab80000,0x00000000fcbfc990,0x00000000fcc00000)
  to   space 51200K, 0% used [0x00000000fce00000,0x00000000fce00000,0x0000000100000000)
 ParOldGen       total 87552K, used 61975K [0x00000000c0000000, 0x00000000c5580000, 0x00000000eab00000)
  object space 87552K, 70% used [0x00000000c0000000,0x00000000c3c85c48,0x00000000c5580000)
 Metaspace       used 6519K, capacity 7320K, committed 7680K, reserved 1056768K
  class space    used 616K, capacity 656K, committed 768K, reserved 1048576K
Event: 6.067 GC heap after
Heap after GC invocations=8 (full 1):
 PSYoungGen      total 295936K, used 4051K [0x00000000eab00000, 0x0000000100000000, 0x0000000100000000)
  eden space 262656K, 0% used [0x00000000eab00000,0x00000000eab00000,0x00000000fab80000)
  from space 33280K, 12% used [0x00000000fab80000,0x00000000faf74d40,0x00000000fcc00000)
  to   space 51200K, 0% used [0x00000000fce00000,0x00000000fce00000,0x0000000100000000)
 ParOldGen       total 169984K, used 87340K [0x00000000c0000000, 0x00000000ca600000, 0x00000000eab00000)
  object space 169984K, 51% used [0x00000000c0000000,0x00000000c554b370,0x00000000ca600000)
 Metaspace       used 6519K, capacity 7320K, committed 7680K, reserved 1056768K
  class space    used 616K, capacity 656K, committed 768K, reserved 1048576K
}

Deoptimization events (10 events):
Event: 2.212 Thread 0x0000000016dca000 Uncommon trap: reason=unreached action=reinterpret pc=0x0000000002fa911c method=java.util.HashMap.getNode(ILjava/lang/Object;)Ljava/util/HashMap$Node; @ 84
Event: 2.227 Thread 0x0000000017973000 Uncommon trap: reason=unreached action=reinterpret pc=0x0000000003257f38 method=java.util.HashMap.getNode(ILjava/lang/Object;)Ljava/util/HashMap$Node; @ 84
Event: 2.278 Thread 0x000000001755b800 Uncommon trap: reason=unreached action=reinterpret pc=0x00000000032e3b8c method=com.android.dx.ssa.SCCP.simulateBranch(Lcom/android/dx/ssa/SsaInsn;)V @ 132
Event: 2.280 Thread 0x000000001755b800 Uncommon trap: reason=unreached action=reinterpret pc=0x000000000307a19c method=com.android.dx.ssa.SsaMethod.updateOneDefinition(Lcom/android/dx/ssa/SsaInsn;Lcom/android/dx/rop/code/RegisterSpec;)V @ 4
Event: 2.605 Thread 0x0000000017973000 Uncommon trap: reason=bimorphic action=maybe_recompile pc=0x000000000332f5e8 method=com.android.dx.cf.code.BytecodeArray.parseInstruction(ILcom/android/dx/cf/code/BytecodeArray$Visitor;)I @ 1161
Event: 2.605 Thread 0x0000000017973000 Uncommon trap: reason=bimorphic action=maybe_recompile pc=0x000000000332f5e8 method=com.android.dx.cf.code.BytecodeArray.parseInstruction(ILcom/android/dx/cf/code/BytecodeArray$Visitor;)I @ 1161
Event: 3.115 Thread 0x0000000016dca000 Uncommon trap: reason=unreached action=reinterpret pc=0x0000000002eab0dc method=java.util.HashMap.getNode(ILjava/lang/Object;)Ljava/util/HashMap$Node; @ 84
Event: 6.098 Thread 0x0000000016dca000 Uncommon trap: reason=bimorphic action=maybe_recompile pc=0x00000000033c40e0 method=com.android.dx.cf.code.BytecodeArray.parseInstruction(ILcom/android/dx/cf/code/BytecodeArray$Visitor;)I @ 1597
Event: 6.099 Thread 0x0000000016dca000 Uncommon trap: reason=bimorphic action=maybe_recompile pc=0x00000000033c40e0 method=com.android.dx.cf.code.BytecodeArray.parseInstruction(ILcom/android/dx/cf/code/BytecodeArray$Visitor;)I @ 1597
Event: 6.178 Thread 0x0000000016dc9000 Uncommon trap: reason=null_check action=make_not_entrant pc=0x00000000034ce24c method=com.android.dx.cf.code.Ropper$CatchInfo.getSetup(Lcom/android/dx/rop/type/Type;)Lcom/android/dx/cf/code/Ropper$ExceptionHandlerSetup; @ 10

Internal exceptions (10 events):
Event: 1.025 Thread 0x000000001755b800 Implicit null exception at 0x0000000002fd9016 to 0x0000000002fdb2e9
Event: 1.235 Thread 0x0000000016dc9000 Exception <a 'java/security/PrivilegedActionException'> (0x00000000ec4989f8) thrown at [D:\re\workspace\8-2-build-windows-amd64-cygwin\jdk8u20\1074\hotspot\src\share\vm\prims\jvm.cpp, line 1275]
Event: 1.489 Thread 0x000000000127d800 Implicit null exception at 0x00000000031baad0 to 0x00000000031bac41
Event: 1.683 Thread 0x000000000127d800 Exception <a 'java/security/PrivilegedActionException'> (0x00000000eabdbbb0) thrown at [D:\re\workspace\8-2-build-windows-amd64-cygwin\jdk8u20\1074\hotspot\src\share\vm\prims\jvm.cpp, line 1275]
Event: 2.210 Thread 0x0000000016dca000 Exception <a 'java/lang/ArrayIndexOutOfBoundsException': 18> (0x00000000ebd33558) thrown at [D:\re\workspace\8-2-build-windows-amd64-cygwin\jdk8u20\1074\hotspot\src\share\vm\interpreter\interpreterRuntime.cpp, line 366]
Event: 2.211 Thread 0x0000000016dca000 Exception <a 'java/lang/ArrayIndexOutOfBoundsException': 145> (0x00000000ebd34ff0) thrown at [D:\re\workspace\8-2-build-windows-amd64-cygwin\jdk8u20\1074\hotspot\src\share\vm\interpreter\interpreterRuntime.cpp, line 366]
Event: 2.212 Thread 0x0000000016dca000 Exception <a 'java/lang/ArrayIndexOutOfBoundsException'> (0x00000000ebd36208) thrown at [D:\re\workspace\8-2-build-windows-amd64-cygwin\jdk8u20\1074\hotspot\src\share\vm\runtime\sharedRuntime.cpp, line 604]
Event: 2.279 Thread 0x000000001755b800 Exception <a 'java/security/PrivilegedActionException'> (0x00000000ed044f98) thrown at [D:\re\workspace\8-2-build-windows-amd64-cygwin\jdk8u20\1074\hotspot\src\share\vm\prims\jvm.cpp, line 1275]
Event: 4.864 Thread 0x000000000127d800 Exception <a 'java/security/PrivilegedActionException'> (0x00000000f5453c60) thrown at [D:\re\workspace\8-2-build-windows-amd64-cygwin\jdk8u20\1074\hotspot\src\share\vm\prims\jvm.cpp, line 1275]
Event: 6.178 Thread 0x0000000016dc9000 Implicit null exception at 0x00000000034c6df0 to 0x00000000034ce219

Events (10 events):
Event: 6.099 Thread 0x0000000016dca000 DEOPT UNPACKING pc=0x0000000002c5556a sp=0x0000000018cfe258 mode 2
Event: 6.178 Thread 0x0000000016dc9000 Uncommon trap: trap_request=0xfffffff4 fr.pc=0x00000000034ce24c
Event: 6.179 Thread 0x0000000016dc9000 DEOPT PACKING pc=0x00000000034ce24c sp=0x0000000018bfed50
Event: 6.179 Thread 0x0000000016dc9000 DEOPT UNPACKING pc=0x0000000002c5556a sp=0x0000000018bfecf8 mode 2
Event: 6.313 Thread 0x0000000017973000 DEOPT PACKING pc=0x0000000002f70984 sp=0x0000000018dfe6a0
Event: 6.313 Thread 0x0000000017973000 DEOPT UNPACKING pc=0x0000000002c575bf sp=0x0000000018dfe3b8 mode 0
Event: 6.485 Thread 0x0000000017973000 DEOPT PACKING pc=0x00000000030fd631 sp=0x0000000018dfe630
Event: 6.485 Thread 0x0000000017973000 DEOPT UNPACKING pc=0x0000000002c575bf sp=0x0000000018dfe460 mode 0
Event: 6.799 Thread 0x000000000127d800 DEOPT PACKING pc=0x0000000003228c22 sp=0x0000000002b0e770
Event: 6.799 Thread 0x000000000127d800 DEOPT UNPACKING pc=0x0000000002c575bf sp=0x0000000002b0e460 mode 0


Dynamic libraries:
0x00007ff7b3920000 - 0x00007ff7b3954000 	C:\Program Files\Java\jdk1.8.0_20\bin\java.exe
0x00007ffd0d350000 - 0x00007ffd0d511000 	C:\WINDOWS\SYSTEM32\ntdll.dll
0x00007ffd0ca30000 - 0x00007ffd0cadd000 	C:\WINDOWS\system32\KERNEL32.DLL
0x00007ffd09c60000 - 0x00007ffd09e48000 	C:\WINDOWS\system32\KERNELBASE.dll
0x00007ffd0d0b0000 - 0x00007ffd0d157000 	C:\WINDOWS\system32\ADVAPI32.dll
0x00007ffd0c750000 - 0x00007ffd0c7ed000 	C:\WINDOWS\system32\msvcrt.dll
0x00007ffd0d1a0000 - 0x00007ffd0d1fb000 	C:\WINDOWS\system32\sechost.dll
0x00007ffd0c510000 - 0x00007ffd0c62c000 	C:\WINDOWS\system32\RPCRT4.dll
0x00007ffd0c850000 - 0x00007ffd0c9a6000 	C:\WINDOWS\system32\USER32.dll
0x00007ffd0caf0000 - 0x00007ffd0cc76000 	C:\WINDOWS\system32\GDI32.dll
0x00007ffcfda20000 - 0x00007ffcfdc94000 	C:\WINDOWS\WinSxS\amd64_microsoft.windows.common-controls_6595b64144ccf1df_6.0.10586.589_none_a2ddb3caa539acce\COMCTL32.dll
0x00007ffd0ad30000 - 0x00007ffd0afad000 	C:\WINDOWS\system32\combase.dll
0x00007ffd09f90000 - 0x00007ffd09ffa000 	C:\WINDOWS\system32\bcryptPrimitives.dll
0x00007ffd0d160000 - 0x00007ffd0d19b000 	C:\WINDOWS\system32\IMM32.DLL
0x0000000062220000 - 0x00000000622f2000 	C:\Program Files\Java\jdk1.8.0_20\jre\bin\msvcr100.dll
0x00000000619c0000 - 0x0000000062218000 	C:\Program Files\Java\jdk1.8.0_20\jre\bin\server\jvm.dll
0x00007ffd0cae0000 - 0x00007ffd0cae8000 	C:\WINDOWS\system32\PSAPI.DLL
0x00007ffd07de0000 - 0x00007ffd07e03000 	C:\WINDOWS\SYSTEM32\WINMM.dll
0x00007ffcff5e0000 - 0x00007ffcff5e9000 	C:\WINDOWS\SYSTEM32\WSOCK32.dll
0x00007ffd0c9b0000 - 0x00007ffd0ca1b000 	C:\WINDOWS\system32\WS2_32.dll
0x00007ffd07d80000 - 0x00007ffd07dac000 	C:\WINDOWS\SYSTEM32\WINMMBASE.dll
0x00007ffd09e50000 - 0x00007ffd09e93000 	C:\WINDOWS\system32\cfgmgr32.dll
0x00000000619b0000 - 0x00000000619bf000 	C:\Program Files\Java\jdk1.8.0_20\jre\bin\verify.dll
0x0000000061980000 - 0x00000000619a8000 	C:\Program Files\Java\jdk1.8.0_20\jre\bin\java.dll
0x0000000061960000 - 0x0000000061976000 	C:\Program Files\Java\jdk1.8.0_20\jre\bin\zip.dll
0x00007ffd0afb0000 - 0x00007ffd0c50c000 	C:\WINDOWS\system32\SHELL32.dll
0x00007ffd0a020000 - 0x00007ffd0a665000 	C:\WINDOWS\system32\windows.storage.dll
0x00007ffd0c7f0000 - 0x00007ffd0c842000 	C:\WINDOWS\system32\shlwapi.dll
0x00007ffd099d0000 - 0x00007ffd099df000 	C:\WINDOWS\system32\kernel.appcore.dll
0x00007ffd0a670000 - 0x00007ffd0a725000 	C:\WINDOWS\system32\shcore.dll
0x00007ffd09980000 - 0x00007ffd099cb000 	C:\WINDOWS\system32\powrprof.dll
0x00007ffd09960000 - 0x00007ffd09974000 	C:\WINDOWS\system32\profapi.dll
0x00007ffd00650000 - 0x00007ffd007dc000 	C:\WINDOWS\SYSTEM32\dbghelp.dll

VM Arguments:
jvm_args: -Djava.awt.headless=true -Xmx1024M -Dfile.encoding=windows-1252 -Duser.country=US -Duser.language=en -Duser.variant 
java_command: com.android.dx.command.Main --dex --num-threads=4 --multi-dex --main-dex-list C:\Users\admin\Documents\GitHub\ShaneelSD\SoftwareDesign\FindMeTutor\FindMeTutor\tutor_app\build\intermediates\multi-dex\debug\maindexlist.txt --output C:\Users\admin\Documents\GitHub\ShaneelSD\SoftwareDesign\FindMeTutor\FindMeTutor\tutor_app\build\intermediates\transforms\dex\debug\folders\1000\1f\main C:\Users\admin\Documents\GitHub\ShaneelSD\SoftwareDesign\FindMeTutor\FindMeTutor\tutor_app\build\intermediates\transforms\jarMerging\debug\jars\1\1f\combined.jar
java_class_path (initial): C:\Users\admin\AppData\Local\Android\sdk\build-tools\24.0.1\lib\dx.jar
Launcher Type: SUN_STANDARD

Environment Variables:
PATH=C:\ProgramData\Oracle\Java\javapath;C:\Program Files (x86)\Intel\iCLS Client\;C:\Program Files\Intel\iCLS Client\;C:\WINDOWS\system32;C:\WINDOWS;C:\WINDOWS\System32\Wbem;C:\WINDOWS\System32\WindowsPowerShell\v1.0\;C:\Program Files\Intel\Intel(R) Management Engine Components\DAL;C:\Program Files\Intel\Intel(R) Management Engine Components\IPT;C:\Program Files (x86)\Intel\Intel(R) Management Engine Components\DAL;C:\Program Files (x86)\Intel\Intel(R) Management Engine Components\IPT;C:\Program Files\WIDCOMM\Bluetooth Software\;C:\Program Files\WIDCOMM\Bluetooth Software\syswow64;C:\Program Files (x86)\Intel\OpenCL SDK\2.0\bin\x86;C:\Program Files (x86)\Intel\OpenCL SDK\2.0\bin\x64;C:\Program Files\Intel\WiFi\bin\;C:\Program Files\Common Files\Intel\WirelessCommon\;c:\Program Files (x86)\Microsoft SQL Server\100\Tools\Binn\;c:\Program Files\Microsoft SQL Server\100\Tools\Binn\;c:\Program Files\Microsoft SQL Server\100\DTS\Binn\;C:\Program Files (x86)\MySQL\MySQL Fabric 1.5.4 & MySQL Utilities 1.5.4 1.5\;C:\Program Files (x86)\MySQL\MySQL Fabric 1.5.4 & MySQL Utilities 1.5.4 1.5\Doctrine extensions for PHP\;C:\Program Files (x86)\Borland\Delphi7\Bin;C:\Program Files (x86)\Borland\Delphi7\Projects\Bpl;C:\Program Files (x86)\Borland\Delphi7\Rave5;C:\Program Files\Git\cmd;C:\Program Files\Intel\WiFi\bin\;C:\Program Files\Common Files\Intel\WirelessCommon\
USERNAME=admin
OS=Windows_NT
PROCESSOR_IDENTIFIER=Intel64 Family 6 Model 58 Stepping 9, GenuineIntel



---------------  S Y S T E M  ---------------

OS: Windows 8.1 , 64 bit Build 9600 

CPU:total 4 (2 cores per cpu, 2 threads per core) family 6 model 58 stepping 9, cmov, cx8, fxsr, mmx, sse, sse2, sse3, ssse3, sse4.1, sse4.2, popcnt, avx, aes, clmul, erms, ht, tsc, tscinvbit, tscinv

Memory: 4k page, physical 8258576k(1428012k free), swap 10306576k(10164k free)

vm_info: Java HotSpot(TM) 64-Bit Server VM (25.20-b23) for windows-amd64 JRE (1.8.0_20-b26), built on Jul 30 2014 13:51:23 by "java_re" with MS VC++ 10.0 (VS2010)

time: Mon Oct 03 15:48:50 2016
elapsed time: 6 seconds (0d 0h 0m 6s)

