#
# There is insufficient memory for the Java Runtime Environment to continue.
# Native memory allocation (malloc) failed to allocate 543776 bytes for Chunk::new
# Possible reasons:
#   The system is out of physical RAM or swap space
#   In 32 bit mode, the process size limit was hit
# Possible solutions:
#   Reduce memory load on the system
#   Increase physical memory or swap space
#   Check if swap backing store is full
#   Use 64 bit Java on a 64 bit OS
#   Decrease Java heap size (-Xmx/-Xms)
#   Decrease number of Java threads
#   Decrease Java thread stack sizes (-Xss)
#   Set larger code cache with -XX:ReservedCodeCacheSize=
# This output file may be truncated or incomplete.
#
#  Out of Memory Error (allocation.cpp:390), pid=3420, tid=11060
#
# JRE version: Java(TM) SE Runtime Environment (8.0_20-b26) (build 1.8.0_20-b26)
# Java VM: Java HotSpot(TM) 64-Bit Server VM (25.20-b23 mixed mode windows-amd64 compressed oops)
# Failed to write core dump. Minidumps are not enabled by default on client versions of Windows
#

---------------  T H R E A D  ---------------

Current thread (0x000000001487b000):  JavaThread "C2 CompilerThread1" daemon [_thread_in_native, id=11060, stack(0x0000000015ef0000,0x0000000015ff0000)]

Stack: [0x0000000015ef0000,0x0000000015ff0000]
Native frames: (J=compiled Java code, j=interpreted, Vv=VM code, C=native code)
V  [jvm.dll+0x3152fa]
V  [jvm.dll+0x265d03]
V  [jvm.dll+0x266943]
V  [jvm.dll+0x25e265]
V  [jvm.dll+0xbe255]
V  [jvm.dll+0xbe6fc]
V  [jvm.dll+0x45c472]
V  [jvm.dll+0x49d76f]
V  [jvm.dll+0x451045]
V  [jvm.dll+0x452634]
V  [jvm.dll+0x435fc2]
V  [jvm.dll+0x97b62]
V  [jvm.dll+0x98353]
V  [jvm.dll+0x22aac4]
V  [jvm.dll+0x283f5a]
C  [msvcr100.dll+0x21d9f]
C  [msvcr100.dll+0x21e3b]
C  [KERNEL32.DLL+0x18102]
C  [ntdll.dll+0x5c5b4]


Current CompileTask:
C2:   6618 1296       4       com.android.dx.ssa.back.FirstFitLocalCombiningAllocator$1::processInsn (169 bytes)


---------------  P R O C E S S  ---------------

Java Threads: ( => current thread )
  0x000000000086d800 JavaThread "DestroyJavaVM" [_thread_blocked, id=11876, stack(0x0000000000870000,0x0000000000970000)]
  0x0000000014881800 JavaThread "Service Thread" daemon [_thread_blocked, id=7336, stack(0x00000000160f0000,0x00000000161f0000)]
  0x000000001487e000 JavaThread "C1 CompilerThread2" daemon [_thread_blocked, id=6724, stack(0x0000000015ff0000,0x00000000160f0000)]
=>0x000000001487b000 JavaThread "C2 CompilerThread1" daemon [_thread_in_native, id=11060, stack(0x0000000015ef0000,0x0000000015ff0000)]
  0x000000001488b800 JavaThread "C2 CompilerThread0" daemon [_thread_in_native, id=11672, stack(0x0000000015df0000,0x0000000015ef0000)]
  0x0000000014889000 JavaThread "Attach Listener" daemon [_thread_blocked, id=1248, stack(0x0000000015cf0000,0x0000000015df0000)]
  0x0000000014887000 JavaThread "Signal Dispatcher" daemon [_thread_blocked, id=3492, stack(0x0000000015bf0000,0x0000000015cf0000)]
  0x00000000021a0800 JavaThread "Finalizer" daemon [_thread_blocked, id=2492, stack(0x0000000015af0000,0x0000000015bf0000)]
  0x000000000219d000 JavaThread "Reference Handler" daemon [_thread_blocked, id=9672, stack(0x00000000159f0000,0x0000000015af0000)]

Other Threads:
  0x0000000014846000 VMThread [stack: 0x00000000158f0000,0x00000000159f0000] [id=10500]
  0x0000000014884800 WatcherThread [stack: 0x00000000161f0000,0x00000000162f0000] [id=5960]

VM state:not at safepoint (normal execution)

VM Mutex/Monitor currently owned by a thread: None

Heap:
 PSYoungGen      total 71680K, used 37376K [0x00000000eab00000, 0x00000000ef600000, 0x0000000100000000)
  eden space 66560K, 48% used [0x00000000eab00000,0x00000000eca86398,0x00000000eec00000)
  from space 5120K, 99% used [0x00000000ef100000,0x00000000ef5f9c98,0x00000000ef600000)
  to   space 5120K, 0% used [0x00000000eec00000,0x00000000eec00000,0x00000000ef100000)
 ParOldGen       total 87552K, used 4745K [0x00000000c0000000, 0x00000000c5580000, 0x00000000eab00000)
  object space 87552K, 5% used [0x00000000c0000000,0x00000000c04a24f8,0x00000000c5580000)
 Metaspace       used 7118K, capacity 7672K, committed 7936K, reserved 1056768K
  class space    used 672K, capacity 688K, committed 768K, reserved 1048576K

Card table byte_map: [0x0000000011570000,0x0000000011780000] byte_map_base: 0x0000000010f70000

Marking Bits: (ParMarkBitMap*) 0x000000006935b460
 Begin Bits: [0x0000000011ce0000, 0x0000000012ce0000)
 End Bits:   [0x0000000012ce0000, 0x0000000013ce0000)

Polling page: 0x00000000001f0000

CodeCache: size=245760Kb used=7228Kb max_used=7228Kb free=238531Kb
 bounds [0x00000000021b0000, 0x00000000028d0000, 0x00000000111b0000]
 total_blobs=2315 nmethods=2040 adapters=188
 compilation: enabled

Compilation events (10 events):
Event: 3.400 Thread 0x000000001487b000 nmethod 1284 0x00000000026b5dd0 code [0x00000000026b5f60, 0x00000000026b6808]
Event: 3.401 Thread 0x000000001487e000 1292       3       com.android.dx.ssa.BasicRegisterMapper::oldToNew (22 bytes)
Event: 3.401 Thread 0x000000001487e000 nmethod 1292 0x00000000026b5890 code [0x00000000026b5a00, 0x00000000026b5ce8]
Event: 3.402 Thread 0x000000001487e000 1293       3       com.android.dx.ssa.SsaMethod::convertRopToSsaBlocks (103 bytes)
Event: 3.404 Thread 0x000000001487e000 nmethod 1293 0x00000000026b3ad0 code [0x00000000026b3d40, 0x00000000026b4ee8]
Event: 3.404 Thread 0x000000001487b000 1294       4       com.android.dx.rop.code.RegisterSpecSet::localItemToSpec (49 bytes)
Event: 3.409 Thread 0x000000001487b000 nmethod 1294 0x00000000026b3150 code [0x00000000026b32a0, 0x00000000026b3638]
Event: 3.422 Thread 0x000000001487b000 1295       4       com.android.dx.ssa.MoveParamCombiner$1::visitNonMoveInsn (213 bytes)
Event: 3.425 Thread 0x000000001487b000 nmethod 1295 0x00000000026b2b10 code [0x00000000026b2c60, 0x00000000026b2df8]
Event: 3.426 Thread 0x000000001487b000 1296       4       com.android.dx.ssa.back.FirstFitLocalCombiningAllocator$1::processInsn (169 bytes)

GC Heap History (2 events):
Event: 3.262 GC heap before
{Heap before GC invocations=1 (full 0):
 PSYoungGen      total 38400K, used 33280K [0x00000000eab00000, 0x00000000ed580000, 0x0000000100000000)
  eden space 33280K, 100% used [0x00000000eab00000,0x00000000ecb80000,0x00000000ecb80000)
  from space 5120K, 0% used [0x00000000ed080000,0x00000000ed080000,0x00000000ed580000)
  to   space 5120K, 0% used [0x00000000ecb80000,0x00000000ecb80000,0x00000000ed080000)
 ParOldGen       total 87552K, used 0K [0x00000000c0000000, 0x00000000c5580000, 0x00000000eab00000)
  object space 87552K, 0% used [0x00000000c0000000,0x00000000c0000000,0x00000000c5580000)
 Metaspace       used 5956K, capacity 6896K, committed 7040K, reserved 1056768K
  class space    used 589K, capacity 616K, committed 640K, reserved 1048576K
Event: 3.379 GC heap after
Heap after GC invocations=1 (full 0):
 PSYoungGen      total 38400K, used 5096K [0x00000000eab00000, 0x00000000ef600000, 0x0000000100000000)
  eden space 33280K, 0% used [0x00000000eab00000,0x00000000eab00000,0x00000000ecb80000)
  from space 5120K, 99% used [0x00000000ecb80000,0x00000000ed07a0a8,0x00000000ed080000)
  to   space 5120K, 0% used [0x00000000ef100000,0x00000000ef100000,0x00000000ef600000)
 ParOldGen       total 87552K, used 914K [0x00000000c0000000, 0x00000000c5580000, 0x00000000eab00000)
  object space 87552K, 1% used [0x00000000c0000000,0x00000000c00e4a68,0x00000000c5580000)
 Metaspace       used 5956K, capacity 6896K, committed 7040K, reserved 1056768K
  class space    used 589K, capacity 616K, committed 640K, reserved 1048576K
}

Deoptimization events (8 events):
Event: 2.616 Thread 0x0000000016574800 Uncommon trap: reason=class_check action=maybe_recompile pc=0x000000000259d4ec method=com.android.dx.rop.type.Type.equals(Ljava/lang/Object;)Z @ 8
Event: 2.616 Thread 0x0000000016574800 Uncommon trap: reason=class_check action=maybe_recompile pc=0x000000000259d4ec method=com.android.dx.rop.type.Type.equals(Ljava/lang/Object;)Z @ 8
Event: 2.623 Thread 0x0000000016574800 Uncommon trap: reason=class_check action=maybe_recompile pc=0x000000000259d4ec method=com.android.dx.rop.type.Type.equals(Ljava/lang/Object;)Z @ 8
Event: 2.623 Thread 0x0000000016574800 Uncommon trap: reason=class_check action=maybe_recompile pc=0x000000000259d4ec method=com.android.dx.rop.type.Type.equals(Ljava/lang/Object;)Z @ 8
Event: 2.625 Thread 0x0000000016574800 Uncommon trap: reason=class_check action=maybe_recompile pc=0x00000000025460ac method=com.android.dx.rop.type.Type.equals(Ljava/lang/Object;)Z @ 8
Event: 2.633 Thread 0x0000000016579800 Uncommon trap: reason=class_check action=maybe_recompile pc=0x00000000025a8b64 method=com.android.dx.rop.type.Type.equals(Ljava/lang/Object;)Z @ 8
Event: 3.178 Thread 0x0000000016579800 Uncommon trap: reason=unreached action=reinterpret pc=0x000000000261acdc method=com.android.dx.rop.cst.Constant.compareTo(Lcom/android/dx/rop/cst/Constant;)I @ 12
Event: 3.182 Thread 0x0000000016579800 Uncommon trap: reason=unreached action=reinterpret pc=0x00000000026772a4 method=com.android.dx.util.LabeledList.set(ILcom/android/dx/util/LabeledItem;)V @ 16

Internal exceptions (10 events):
Event: 1.979 Thread 0x000000000086d800 Exception <a 'java/security/PrivilegedActionException'> (0x00000000eba9c2a0) thrown at [D:\re\workspace\8-2-build-windows-amd64-cygwin\jdk8u20\1074\hotspot\src\share\vm\prims\jvm.cpp, line 1275]
Event: 2.033 Thread 0x000000000086d800 Exception <a 'java/security/PrivilegedActionException'> (0x00000000ebabf040) thrown at [D:\re\workspace\8-2-build-windows-amd64-cygwin\jdk8u20\1074\hotspot\src\share\vm\prims\jvm.cpp, line 1275]
Event: 2.549 Thread 0x000000000086d800 Exception <a 'java/security/PrivilegedActionException'> (0x00000000ebf804a8) thrown at [D:\re\workspace\8-2-build-windows-amd64-cygwin\jdk8u20\1074\hotspot\src\share\vm\prims\jvm.cpp, line 1275]
Event: 2.560 Thread 0x000000000086d800 Exception <a 'java/security/PrivilegedActionException'> (0x00000000ebf8a820) thrown at [D:\re\workspace\8-2-build-windows-amd64-cygwin\jdk8u20\1074\hotspot\src\share\vm\prims\jvm.cpp, line 1275]
Event: 2.561 Thread 0x000000000086d800 Exception <a 'java/security/PrivilegedActionException'> (0x00000000ebf8d168) thrown at [D:\re\workspace\8-2-build-windows-amd64-cygwin\jdk8u20\1074\hotspot\src\share\vm\prims\jvm.cpp, line 1275]
Event: 2.590 Thread 0x0000000016574800 Exception <a 'java/security/PrivilegedActionException'> (0x00000000ec04a4c8) thrown at [D:\re\workspace\8-2-build-windows-amd64-cygwin\jdk8u20\1074\hotspot\src\share\vm\prims\jvm.cpp, line 1275]
Event: 2.591 Thread 0x0000000016574800 Exception <a 'java/security/PrivilegedActionException'> (0x00000000ec04feb8) thrown at [D:\re\workspace\8-2-build-windows-amd64-cygwin\jdk8u20\1074\hotspot\src\share\vm\prims\jvm.cpp, line 1275]
Event: 2.592 Thread 0x0000000016574800 Exception <a 'java/security/PrivilegedActionException'> (0x00000000ec055628) thrown at [D:\re\workspace\8-2-build-windows-amd64-cygwin\jdk8u20\1074\hotspot\src\share\vm\prims\jvm.cpp, line 1275]
Event: 2.600 Thread 0x000000000086d800 Exception <a 'java/security/PrivilegedActionException'> (0x00000000ebfa4c58) thrown at [D:\re\workspace\8-2-build-windows-amd64-cygwin\jdk8u20\1074\hotspot\src\share\vm\prims\jvm.cpp, line 1275]
Event: 2.634 Thread 0x0000000016579800 Exception <a 'java/security/PrivilegedActionException'> (0x00000000ebf53a10) thrown at [D:\re\workspace\8-2-build-windows-amd64-cygwin\jdk8u20\1074\hotspot\src\share\vm\prims\jvm.cpp, line 1275]

Events (10 events):
Event: 3.178 Thread 0x0000000016579800 Uncommon trap: trap_request=0xffffffad fr.pc=0x000000000261acdc
Event: 3.178 Thread 0x0000000016579800 DEOPT PACKING pc=0x000000000261acdc sp=0x0000000016bee3f0
Event: 3.178 Thread 0x0000000016579800 DEOPT UNPACKING pc=0x00000000021f556a sp=0x0000000016bee390 mode 2
Event: 3.182 Thread 0x0000000016579800 Uncommon trap: trap_request=0xffffffad fr.pc=0x00000000026772a4
Event: 3.182 Thread 0x0000000016579800 DEOPT PACKING pc=0x00000000026772a4 sp=0x0000000016bee600
Event: 3.182 Thread 0x0000000016579800 DEOPT UNPACKING pc=0x00000000021f556a sp=0x0000000016bee5e8 mode 2
Event: 3.185 Executing VM operation: ForceSafepoint
Event: 3.201 Executing VM operation: ForceSafepoint done
Event: 3.262 Executing VM operation: ParallelGCFailedAllocation
Event: 3.380 Executing VM operation: ParallelGCFailedAllocation done


Dynamic libraries:
0x00007ff699e80000 - 0x00007ff699eb4000 	C:\Program Files\Java\jdk1.8.0_20\bin\java.exe
0x00007ffdfc2f0000 - 0x00007ffdfc4b1000 	C:\WINDOWS\SYSTEM32\ntdll.dll
0x00007ffdfba20000 - 0x00007ffdfbacd000 	C:\WINDOWS\system32\KERNEL32.DLL
0x00007ffdf8d70000 - 0x00007ffdf8f58000 	C:\WINDOWS\system32\KERNELBASE.dll
0x00007ffdfb640000 - 0x00007ffdfb6e7000 	C:\WINDOWS\system32\ADVAPI32.dll
0x00007ffdfb330000 - 0x00007ffdfb3cd000 	C:\WINDOWS\system32\msvcrt.dll
0x00007ffdfb2d0000 - 0x00007ffdfb32b000 	C:\WINDOWS\system32\sechost.dll
0x00007ffdfb1b0000 - 0x00007ffdfb2cc000 	C:\WINDOWS\system32\RPCRT4.dll
0x00007ffdfb4e0000 - 0x00007ffdfb636000 	C:\WINDOWS\system32\USER32.dll
0x00007ffdf98f0000 - 0x00007ffdf9a76000 	C:\WINDOWS\system32\GDI32.dll
0x00007ffded5c0000 - 0x00007ffded834000 	C:\WINDOWS\WinSxS\amd64_microsoft.windows.common-controls_6595b64144ccf1df_6.0.10586.0_none_8c15ae12515e1c22\COMCTL32.dll
0x00007ffdfb7a0000 - 0x00007ffdfba1d000 	C:\WINDOWS\system32\combase.dll
0x00007ffdf9660000 - 0x00007ffdf96ca000 	C:\WINDOWS\system32\bcryptPrimitives.dll
0x00007ffdfb6f0000 - 0x00007ffdfb72b000 	C:\WINDOWS\system32\IMM32.DLL
0x00000000693e0000 - 0x00000000694b2000 	C:\Program Files\Java\jdk1.8.0_20\jre\bin\msvcr100.dll
0x0000000068b80000 - 0x00000000693d8000 	C:\Program Files\Java\jdk1.8.0_20\jre\bin\server\jvm.dll
0x00007ffdfc050000 - 0x00007ffdfc058000 	C:\WINDOWS\system32\PSAPI.DLL
0x00007ffdee310000 - 0x00007ffdee319000 	C:\WINDOWS\SYSTEM32\WSOCK32.dll
0x00007ffdfafe0000 - 0x00007ffdfb04b000 	C:\WINDOWS\system32\WS2_32.dll
0x00007ffdf6fd0000 - 0x00007ffdf6ff3000 	C:\WINDOWS\SYSTEM32\WINMM.dll
0x00007ffdf6d90000 - 0x00007ffdf6dbc000 	C:\WINDOWS\SYSTEM32\WINMMBASE.dll
0x00007ffdf9610000 - 0x00007ffdf9653000 	C:\WINDOWS\system32\cfgmgr32.dll
0x0000000068b70000 - 0x0000000068b7f000 	C:\Program Files\Java\jdk1.8.0_20\jre\bin\verify.dll
0x0000000068b40000 - 0x0000000068b68000 	C:\Program Files\Java\jdk1.8.0_20\jre\bin\java.dll
0x0000000068b20000 - 0x0000000068b36000 	C:\Program Files\Java\jdk1.8.0_20\jre\bin\zip.dll
0x00007ffdf9a80000 - 0x00007ffdfafdc000 	C:\WINDOWS\system32\SHELL32.dll
0x00007ffdf8f60000 - 0x00007ffdf95a5000 	C:\WINDOWS\system32\windows.storage.dll
0x00007ffdfb480000 - 0x00007ffdfb4d2000 	C:\WINDOWS\system32\shlwapi.dll
0x00007ffdf88f0000 - 0x00007ffdf88ff000 	C:\WINDOWS\system32\kernel.appcore.dll
0x00007ffdf8b50000 - 0x00007ffdf8c05000 	C:\WINDOWS\system32\shcore.dll
0x00007ffdf8920000 - 0x00007ffdf896b000 	C:\WINDOWS\system32\powrprof.dll
0x00007ffdf8900000 - 0x00007ffdf8914000 	C:\WINDOWS\system32\profapi.dll
0x00007ffdeceb0000 - 0x00007ffded03c000 	C:\WINDOWS\SYSTEM32\dbghelp.dll

VM Arguments:
jvm_args: -Djava.awt.headless=true -Xmx1024M -Dfile.encoding=windows-1252 -Duser.country=US -Duser.language=en -Duser.variant 
java_command: com.android.dx.command.Main --dex --num-threads=4 --output C:\Users\admin\Documents\GitHub\SoftwareDesign\FindMeTutor\FindMeTutor\tutor_app\build\intermediates\pre-dexed\debug\internal_impl-24.2.0_da28b64836c7ead7fec4bc20c5170ffbcc3e448d.jar C:\Users\admin\Documents\GitHub\SoftwareDesign\FindMeTutor\FindMeTutor\tutor_app\build\intermediates\exploded-aar\com.android.support\support-compat\24.2.0\jars\libs\internal_impl-24.2.0.jar
java_class_path (initial): C:\Users\admin\AppData\Local\Android\sdk\build-tools\24.0.1\lib\dx.jar
Launcher Type: SUN_STANDARD

Environment Variables:
PATH=C:\ProgramData\Oracle\Java\javapath;C:\Program Files (x86)\Intel\iCLS Client\;C:\Program Files\Intel\iCLS Client\;C:\WINDOWS\system32;C:\WINDOWS;C:\WINDOWS\System32\Wbem;C:\WINDOWS\System32\WindowsPowerShell\v1.0\;C:\Program Files\Intel\Intel(R) Management Engine Components\DAL;C:\Program Files\Intel\Intel(R) Management Engine Components\IPT;C:\Program Files (x86)\Intel\Intel(R) Management Engine Components\DAL;C:\Program Files (x86)\Intel\Intel(R) Management Engine Components\IPT;C:\Program Files\WIDCOMM\Bluetooth Software\;C:\Program Files\WIDCOMM\Bluetooth Software\syswow64;C:\Program Files (x86)\Intel\OpenCL SDK\2.0\bin\x86;C:\Program Files (x86)\Intel\OpenCL SDK\2.0\bin\x64;C:\Program Files\Intel\WiFi\bin\;C:\Program Files\Common Files\Intel\WirelessCommon\;c:\Program Files (x86)\Microsoft SQL Server\100\Tools\Binn\;c:\Program Files\Microsoft SQL Server\100\Tools\Binn\;c:\Program Files\Microsoft SQL Server\100\DTS\Binn\;C:\Program Files (x86)\MySQL\MySQL Fabric 1.5.4 & MySQL Utilities 1.5.4 1.5\;C:\Program Files (x86)\MySQL\MySQL Fabric 1.5.4 & MySQL Utilities 1.5.4 1.5\Doctrine extensions for PHP\;C:\Program Files (x86)\Borland\Delphi7\Bin;C:\Program Files (x86)\Borland\Delphi7\Projects\Bpl;C:\Program Files (x86)\Borland\Delphi7\Rave5;C:\Program Files\Git\cmd;C:\Program Files\Intel\WiFi\bin\;C:\Program Files\Common Files\Intel\WirelessCommon\
USERNAME=admin
OS=Windows_NT
PROCESSOR_IDENTIFIER=Intel64 Family 6 Model 58 Stepping 9, GenuineIntel



---------------  S Y S T E M  ---------------

OS: Windows 8.1 , 64 bit Build 9600 

CPU:total 4 (2 cores per cpu, 2 threads per core) family 6 model 58 stepping 9, cmov, cx8, fxsr, mmx, sse, sse2, sse3, ssse3, sse4.1, sse4.2, popcnt, avx, aes, clmul, erms, ht, tsc, tscinvbit, tscinv

Memory: 4k page, physical 8258576k(1714376k free), swap 10306576k(22964k free)

vm_info: Java HotSpot(TM) 64-Bit Server VM (25.20-b23) for windows-amd64 JRE (1.8.0_20-b26), built on Jul 30 2014 13:51:23 by "java_re" with MS VC++ 10.0 (VS2010)

time: Sat Sep 03 18:13:01 2016
elapsed time: 6 seconds (0d 0h 0m 6s)

