This is pdfTeX, Version 3.14159265-2.6-1.40.17 (TeX Live 2016/Arch Linux) (preloaded format=pdflatex 2016.10.9)  30 OCT 2016 11:21
entering extended mode
 restricted \write18 enabled.
 %&-line parsing enabled.
**RequirementsAnalysisDocument.tex
(./RequirementsAnalysisDocument.tex
LaTeX2e <2016/03/31> patch level 3
Babel <3.9r> and hyphenation patterns for 83 language(s) loaded.
(/usr/share/texmf-dist/tex/latex/base/article.cls
Document Class: article 2014/09/29 v1.4h Standard LaTeX document class
(/usr/share/texmf-dist/tex/latex/base/size12.clo
File: size12.clo 2014/09/29 v1.4h Standard LaTeX file (size option)
)
\c@part=\count79
\c@section=\count80
\c@subsection=\count81
\c@subsubsection=\count82
\c@paragraph=\count83
\c@subparagraph=\count84
\c@figure=\count85
\c@table=\count86
\abovecaptionskip=\skip41
\belowcaptionskip=\skip42
\bibindent=\dimen102
)
(/usr/share/texmf-dist/tex/latex/amsmath/amsmath.sty
Package: amsmath 2016/06/28 v2.15d AMS math features
\@mathmargin=\skip43

For additional information on amsmath, use the `?' option.
(/usr/share/texmf-dist/tex/latex/amsmath/amstext.sty
Package: amstext 2000/06/29 v2.01 AMS text

(/usr/share/texmf-dist/tex/latex/amsmath/amsgen.sty
File: amsgen.sty 1999/11/30 v2.0 generic functions
\@emptytoks=\toks14
\ex@=\dimen103
))
(/usr/share/texmf-dist/tex/latex/amsmath/amsbsy.sty
Package: amsbsy 1999/11/29 v1.2d Bold Symbols
\pmbraise@=\dimen104
)
(/usr/share/texmf-dist/tex/latex/amsmath/amsopn.sty
Package: amsopn 2016/03/08 v2.02 operator names
)
\inf@bad=\count87
LaTeX Info: Redefining \frac on input line 199.
\uproot@=\count88
\leftroot@=\count89
LaTeX Info: Redefining \overline on input line 297.
\classnum@=\count90
\DOTSCASE@=\count91
LaTeX Info: Redefining \ldots on input line 394.
LaTeX Info: Redefining \dots on input line 397.
LaTeX Info: Redefining \cdots on input line 518.
\Mathstrutbox@=\box26
\strutbox@=\box27
\big@size=\dimen105
LaTeX Font Info:    Redeclaring font encoding OML on input line 634.
LaTeX Font Info:    Redeclaring font encoding OMS on input line 635.
\macc@depth=\count92
\c@MaxMatrixCols=\count93
\dotsspace@=\muskip10
\c@parentequation=\count94
\dspbrk@lvl=\count95
\tag@help=\toks15
\row@=\count96
\column@=\count97
\maxfields@=\count98
\andhelp@=\toks16
\eqnshift@=\dimen106
\alignsep@=\dimen107
\tagshift@=\dimen108
\tagwidth@=\dimen109
\totwidth@=\dimen110
\lineht@=\dimen111
\@envbody=\toks17
\multlinegap=\skip44
\multlinetaggap=\skip45
\mathdisplay@stack=\toks18
LaTeX Info: Redefining \[ on input line 2739.
LaTeX Info: Redefining \] on input line 2740.
)
(/usr/share/texmf-dist/tex/latex/amsfonts/amssymb.sty
Package: amssymb 2013/01/14 v3.01 AMS font symbols

(/usr/share/texmf-dist/tex/latex/amsfonts/amsfonts.sty
Package: amsfonts 2013/01/14 v3.01 Basic AMSFonts support
\symAMSa=\mathgroup4
\symAMSb=\mathgroup5
LaTeX Font Info:    Overwriting math alphabet `\mathfrak' in version `bold'
(Font)                  U/euf/m/n --> U/euf/b/n on input line 106.
))
(/usr/share/texmf-dist/tex/latex/graphics/graphicx.sty
Package: graphicx 2014/10/28 v1.0g Enhanced LaTeX Graphics (DPC,SPQR)

(/usr/share/texmf-dist/tex/latex/graphics/keyval.sty
Package: keyval 2014/10/28 v1.15 key=value parser (DPC)
\KV@toks@=\toks19
)
(/usr/share/texmf-dist/tex/latex/graphics/graphics.sty
Package: graphics 2016/07/10 v1.0t Standard LaTeX Graphics (DPC,SPQR)

(/usr/share/texmf-dist/tex/latex/graphics/trig.sty
Package: trig 2016/01/03 v1.10 sin cos tan (DPC)
)
(/usr/share/texmf-dist/tex/latex/graphics-cfg/graphics.cfg
File: graphics.cfg 2016/06/04 v1.11 sample graphics configuration
)
Package graphics Info: Driver file: pdftex.def on input line 99.

(/usr/share/texmf-dist/tex/latex/graphics-def/pdftex.def
File: pdftex.def 2016/07/10 v0.06j Graphics/color for pdfTeX

(/usr/share/texmf-dist/tex/generic/oberdiek/infwarerr.sty
Package: infwarerr 2016/05/16 v1.4 Providing info/warning/error messages (HO)
)
(/usr/share/texmf-dist/tex/generic/oberdiek/ltxcmds.sty
Package: ltxcmds 2016/05/16 v1.23 LaTeX kernel commands for general use (HO)
)
\Gread@gobject=\count99
))
\Gin@req@height=\dimen112
\Gin@req@width=\dimen113
)
(/usr/share/texmf-dist/tex/latex/comment/comment.sty
\CommentStream=\write3

Excluding comment 'comment')
(/usr/share/texmf-dist/tex/latex/tools/longtable.sty
Package: longtable 2014/10/28 v4.11 Multi-page Table package (DPC)
\LTleft=\skip46
\LTright=\skip47
\LTpre=\skip48
\LTpost=\skip49
\LTchunksize=\count100
\LTcapwidth=\dimen114
\LT@head=\box28
\LT@firsthead=\box29
\LT@foot=\box30
\LT@lastfoot=\box31
\LT@cols=\count101
\LT@rows=\count102
\c@LT@tables=\count103
\c@LT@chunks=\count104
\LT@p@ftn=\toks20
)
(./RequirementsAnalysisDocument.aux)
\openout1 = `RequirementsAnalysisDocument.aux'.

LaTeX Font Info:    Checking defaults for OML/cmm/m/it on input line 9.
LaTeX Font Info:    ... okay on input line 9.
LaTeX Font Info:    Checking defaults for T1/cmr/m/n on input line 9.
LaTeX Font Info:    ... okay on input line 9.
LaTeX Font Info:    Checking defaults for OT1/cmr/m/n on input line 9.
LaTeX Font Info:    ... okay on input line 9.
LaTeX Font Info:    Checking defaults for OMS/cmsy/m/n on input line 9.
LaTeX Font Info:    ... okay on input line 9.
LaTeX Font Info:    Checking defaults for OMX/cmex/m/n on input line 9.
LaTeX Font Info:    ... okay on input line 9.
LaTeX Font Info:    Checking defaults for U/cmr/m/n on input line 9.
LaTeX Font Info:    ... okay on input line 9.

(/usr/share/texmf-dist/tex/context/base/mkii/supp-pdf.mkii
[Loading MPS to PDF converter (version 2006.09.02).]
\scratchcounter=\count105
\scratchdimen=\dimen115
\scratchbox=\box32
\nofMPsegments=\count106
\nofMParguments=\count107
\everyMPshowfont=\toks21
\MPscratchCnt=\count108
\MPscratchDim=\dimen116
\MPnumerator=\count109
\makeMPintoPDFobject=\count110
\everyMPtoPDFconversion=\toks22
) (/usr/share/texmf-dist/tex/generic/oberdiek/pdftexcmds.sty
Package: pdftexcmds 2016/05/21 v0.22 Utility functions of pdfTeX for LuaTeX (HO
)

(/usr/share/texmf-dist/tex/generic/oberdiek/ifluatex.sty
Package: ifluatex 2016/05/16 v1.4 Provides the ifluatex switch (HO)
Package ifluatex Info: LuaTeX not detected.
)
(/usr/share/texmf-dist/tex/generic/oberdiek/ifpdf.sty
Package: ifpdf 2016/05/14 v3.1 Provides the ifpdf switch
)
Package pdftexcmds Info: LuaTeX not detected.
Package pdftexcmds Info: \pdf@primitive is available.
Package pdftexcmds Info: \pdf@ifprimitive is available.
Package pdftexcmds Info: \pdfdraftmode found.
)
(/usr/share/texmf-dist/tex/latex/oberdiek/epstopdf-base.sty
Package: epstopdf-base 2016/05/15 v2.6 Base part for package epstopdf

(/usr/share/texmf-dist/tex/latex/oberdiek/grfext.sty
Package: grfext 2016/05/16 v1.2 Manage graphics extensions (HO)

(/usr/share/texmf-dist/tex/generic/oberdiek/kvdefinekeys.sty
Package: kvdefinekeys 2016/05/16 v1.4 Define keys (HO)
))
(/usr/share/texmf-dist/tex/latex/oberdiek/kvoptions.sty
Package: kvoptions 2016/05/16 v3.12 Key value format for package options (HO)

(/usr/share/texmf-dist/tex/generic/oberdiek/kvsetkeys.sty
Package: kvsetkeys 2016/05/16 v1.17 Key value parser (HO)

(/usr/share/texmf-dist/tex/generic/oberdiek/etexcmds.sty
Package: etexcmds 2016/05/16 v1.6 Avoid name clashes with e-TeX commands (HO)
Package etexcmds Info: Could not find \expanded.
(etexcmds)             That can mean that you are not using pdfTeX 1.50 or
(etexcmds)             that some package has redefined \expanded.
(etexcmds)             In the latter case, load this package earlier.
)))
Package epstopdf-base Info: Redefining graphics rule for `.eps' on input line 4
38.
Package grfext Info: Graphics extension search list:
(grfext)             [.png,.pdf,.jpg,.mps,.jpeg,.jbig2,.jb2,.PNG,.PDF,.JPG,.JPE
G,.JBIG2,.JB2,.eps]
(grfext)             \AppendGraphicsExtensions on input line 456.

(/usr/share/texmf-dist/tex/latex/latexconfig/epstopdf-sys.cfg
File: epstopdf-sys.cfg 2010/07/13 v1.3 Configuration of (r)epstopdf for TeX Liv
e
))
LaTeX Font Info:    Try loading font information for U+msa on input line 12.

(/usr/share/texmf-dist/tex/latex/amsfonts/umsa.fd
File: umsa.fd 2013/01/14 v3.01 AMS symbols A
)
LaTeX Font Info:    Try loading font information for U+msb on input line 12.

(/usr/share/texmf-dist/tex/latex/amsfonts/umsb.fd
File: umsb.fd 2013/01/14 v3.01 AMS symbols B
)

LaTeX Warning: No \author given.

[1

{/var/lib/texmf/fonts/map/pdftex/updmap/pdftex.map}]
(./RequirementsAnalysisDocument.toc)
\tf@toc=\write4
\openout4 = `RequirementsAnalysisDocument.toc'.

 [2] [3] [4] [5] [6]
Missing character: There is no â in font cmr12!
Missing character: There is no € in font cmr12!
Missing character: There is no “ in font cmr12!

Underfull \hbox (badness 10000) in paragraph at lines 117--118

 []

Excluding 'comment' comment.
Overfull \hbox (60.79132pt too wide) in alignment at lines 132--185
 [] [] 
 []


Underfull \vbox (badness 10000) detected at line 185
 []


Overfull \hbox (60.79132pt too wide) in alignment at lines 185--188
 [] [] 
 []

[7]
Overfull \hbox (60.74706pt too wide) in alignment at lines 194--245
 [] [] [] 
 []


Underfull \vbox (badness 10000) detected at line 245
 []


Overfull \hbox (60.74706pt too wide) in alignment at lines 245--268
 [] [] [] 
 []

[8] [9]
LaTeX Font Info:    Try loading font information for OMS+cmr on input line 279.

 (/usr/share/texmf-dist/tex/latex/base/omscmr.fd
File: omscmr.fd 2014/09/29 v2.5h Standard LaTeX font definitions
)
LaTeX Font Info:    Font shape `OMS/cmr/m/n' in size <12> not available
(Font)              Font shape `OMS/cmsy/m/n' tried instead on input line 279.

Underfull \hbox (badness 10000) in paragraph at lines 291--312

 []


Underfull \hbox (badness 10000) in paragraph at lines 291--312

 []

[10]
Overfull \hbox (89.24408pt too wide) in paragraph at lines 323--335
[] 
 []


Underfull \hbox (badness 10000) in paragraph at lines 323--335

 []

[11]
Underfull \hbox (badness 1902) in paragraph at lines 345--345
[]\OT1/cmr/m/n/12 Th sys-tem changes the list of sub-jects
 []


Overfull \hbox (106.8689pt too wide) in paragraph at lines 337--348
[][] 
 []


Underfull \hbox (badness 10000) in paragraph at lines 337--348

 []


Overfull \hbox (106.8689pt too wide) in paragraph at lines 349--360
[][] 
 []


Underfull \hbox (badness 10000) in paragraph at lines 349--360

 []


Overfull \hbox (106.8689pt too wide) in paragraph at lines 361--371
[][] 
 []

[12]
Overfull \hbox (106.8689pt too wide) in paragraph at lines 373--385
[][] 
 []


Underfull \hbox (badness 10000) in paragraph at lines 373--385

 []


Overfull \hbox (106.8689pt too wide) in paragraph at lines 387--398
[][] 
 []


Underfull \hbox (badness 10000) in paragraph at lines 387--398

 []


Overfull \hbox (106.8689pt too wide) in paragraph at lines 399--410
[][] 
 []


Underfull \hbox (badness 10000) in paragraph at lines 399--410

 []

[13]
Overfull \hbox (106.8689pt too wide) in paragraph at lines 411--422
[][] 
 []


Underfull \hbox (badness 10000) in paragraph at lines 411--422

 []


Overfull \hbox (106.8689pt too wide) in paragraph at lines 423--434
[][] 
 []


Underfull \hbox (badness 10000) in paragraph at lines 423--434

 []


Overfull \hbox (106.8689pt too wide) in paragraph at lines 435--446
[][] 
 []


Underfull \hbox (badness 10000) in paragraph at lines 435--446

 []

[14]
Overfull \hbox (106.8689pt too wide) in paragraph at lines 447--458
[][] 
 []


Underfull \hbox (badness 10000) in paragraph at lines 447--458

 []


Overfull \hbox (106.8689pt too wide) in paragraph at lines 459--470
[][] 
 []


Underfull \hbox (badness 10000) in paragraph at lines 459--470

 []

[15]
Overfull \hbox (106.8689pt too wide) in paragraph at lines 471--482
[][] 
 []


Underfull \hbox (badness 10000) in paragraph at lines 471--482

 []


Overfull \hbox (106.8689pt too wide) in paragraph at lines 483--494
[][] 
 []


Underfull \hbox (badness 10000) in paragraph at lines 483--494

 []


Overfull \hbox (106.8689pt too wide) in paragraph at lines 495--506
[][] 
 []


Underfull \hbox (badness 10000) in paragraph at lines 495--506

 []

[16]
Overfull \hbox (106.8689pt too wide) in paragraph at lines 507--518
[][] 
 []


Underfull \hbox (badness 10000) in paragraph at lines 507--518

 []


Overfull \hbox (106.8689pt too wide) in paragraph at lines 519--530
[][] 
 []


Underfull \hbox (badness 10000) in paragraph at lines 519--530

 []


Overfull \hbox (106.8689pt too wide) in paragraph at lines 531--542
[][] 
 []


Underfull \hbox (badness 10000) in paragraph at lines 531--542

 []

[17]
Overfull \hbox (106.8689pt too wide) in paragraph at lines 543--554
[][] 
 []


Underfull \hbox (badness 10000) in paragraph at lines 543--554

 []


Overfull \hbox (106.8689pt too wide) in paragraph at lines 555--566
[][] 
 []


Underfull \hbox (badness 10000) in paragraph at lines 555--566

 []

[18]
Overfull \hbox (106.8689pt too wide) in paragraph at lines 567--578
[][] 
 []


Underfull \hbox (badness 10000) in paragraph at lines 567--578

 []


Overfull \hbox (106.8689pt too wide) in paragraph at lines 580--591
[][] 
 []


Underfull \hbox (badness 10000) in paragraph at lines 580--591

 []

[19]
Overfull \hbox (106.8689pt too wide) in paragraph at lines 592--603
[][] 
 []


Underfull \hbox (badness 10000) in paragraph at lines 592--603

 []


Overfull \hbox (106.8689pt too wide) in paragraph at lines 604--615
[][] 
 []


Underfull \hbox (badness 10000) in paragraph at lines 604--615

 []

[20]
Overfull \hbox (106.8689pt too wide) in paragraph at lines 616--627
[][] 
 []


Underfull \hbox (badness 10000) in paragraph at lines 616--627

 []

[21]
Underfull \hbox (badness 1946) in paragraph at lines 634--634
[]\OT1/cmr/m/n/12 Confirmed tu-tuo-rial ses-sions which have
 []


Overfull \hbox (106.8689pt too wide) in paragraph at lines 630--641
[][] 
 []


Underfull \hbox (badness 10000) in paragraph at lines 630--641

 []

[22]
Underfull \hbox (badness 1946) in paragraph at lines 646--646
[]\OT1/cmr/m/n/12 Confirmed tu-tuo-rial ses-sions which have
 []


Overfull \hbox (106.8689pt too wide) in paragraph at lines 642--653
[][] 
 []


Underfull \hbox (badness 10000) in paragraph at lines 642--653

 []


Underfull \hbox (badness 1454) in paragraph at lines 659--659
[]\OT1/cmr/m/n/12 Completed tu-tuo-rial ses-sions which have
 []


Overfull \hbox (106.8689pt too wide) in paragraph at lines 655--666
[][] 
 []


Underfull \hbox (badness 10000) in paragraph at lines 655--666

 []

[23]
Underfull \hbox (badness 1454) in paragraph at lines 671--671
[]\OT1/cmr/m/n/12 Completed tu-tuo-rial ses-sions which have
 []


Overfull \hbox (106.8689pt too wide) in paragraph at lines 667--678
[][] 
 []


Underfull \hbox (badness 10000) in paragraph at lines 667--678

 []


Overfull \hbox (106.8689pt too wide) in paragraph at lines 679--690
[][] 
 []


Underfull \hbox (badness 10000) in paragraph at lines 679--690

 []

[24]
Overfull \hbox (106.8689pt too wide) in paragraph at lines 692--703
[][] 
 []


Underfull \hbox (badness 10000) in paragraph at lines 692--703

 []


Overfull \hbox (106.8689pt too wide) in paragraph at lines 705--717
[][] 
 []


Underfull \hbox (badness 10000) in paragraph at lines 705--717

 []

[25] [26]
Overfull \hbox (4.53062pt too wide) in paragraph at lines 743--745
[]\OT1/cmr/m/n/12 ACT4.04 Chal-lenge reg-is-tered ad-min-is-tra-tor to view the
ir ac-count (pass) 
 []


Overfull \hbox (6.09181pt too wide) in paragraph at lines 745--746
[]\OT1/cmr/m/n/12 ACT5.01 A stu-dent re-quest-ing a tu-tor can re-quest a tu-to
r for a date/time
 []

[27] [28]
Missing character: There is no â in font cmr12!
Missing character: There is no € in font cmr12!
Missing character: There is no “ in font cmr12!
 [29]
Underfull \hbox (badness 10000) in paragraph at lines 808--809

 []


Underfull \hbox (badness 10000) in paragraph at lines 808--809

 []


Underfull \hbox (badness 10000) in paragraph at lines 810--857

 []


Underfull \hbox (badness 10000) in paragraph at lines 810--857

 []


Underfull \hbox (badness 10000) in paragraph at lines 810--857

 []


Underfull \hbox (badness 10000) in paragraph at lines 810--857

 []


Underfull \hbox (badness 10000) in paragraph at lines 810--857

 []


Underfull \hbox (badness 10000) in paragraph at lines 810--857

 []

[30]
Overfull \hbox (48.79134pt too wide) in paragraph at lines 862--880
 [][] 
 []


Overfull \hbox (48.79134pt too wide) in paragraph at lines 884--901
 [][] 
 []

[31]
Overfull \hbox (48.79134pt too wide) in paragraph at lines 906--925
 [][] 
 []


Overfull \hbox (48.79134pt too wide) in paragraph at lines 929--946
 [][] 
 []

[32]
Overfull \hbox (48.79134pt too wide) in paragraph at lines 950--967
 [][] 
 []


Overfull \hbox (48.79134pt too wide) in paragraph at lines 971--988
 [][] 
 []

[33]
Overfull \hbox (48.79134pt too wide) in paragraph at lines 992--1007
 [][] 
 []


Overfull \hbox (48.79134pt too wide) in paragraph at lines 1011--1026
 [][] 
 []

[34]
Overfull \hbox (48.79134pt too wide) in paragraph at lines 1028--1043
 [][] 
 []


Overfull \hbox (48.79134pt too wide) in paragraph at lines 1046--1072
 [][] 
 []

[35]
Overfull \hbox (48.79134pt too wide) in paragraph at lines 1073--1090
 [][] 
 []


Overfull \hbox (48.79134pt too wide) in paragraph at lines 1091--1107
 [][] 
 []

[36]
Overfull \hbox (48.79134pt too wide) in paragraph at lines 1108--1123
 [][] 
 []


Overfull \hbox (48.79134pt too wide) in paragraph at lines 1124--1139
 [][] 
 []


Overfull \hbox (48.79134pt too wide) in paragraph at lines 1140--1156
 [][] 
 []

[37]
Overfull \hbox (48.79134pt too wide) in paragraph at lines 1157--1178
 [][] 
 []


Overfull \hbox (48.79134pt too wide) in paragraph at lines 1179--1196
 [][] 
 []

[38]
Overfull \hbox (48.79134pt too wide) in paragraph at lines 1198--1214
 [][] 
 []


Overfull \hbox (48.79134pt too wide) in paragraph at lines 1215--1231
 [][] 
 []

[39]
Overfull \hbox (48.79134pt too wide) in paragraph at lines 1232--1247
 [][] 
 []

[40] <./Sprint3Models/Use_Case_Diagram.png, id=132, 1214.5375pt x 1545.775pt>
File: ./Sprint3Models/Use_Case_Diagram.png Graphic file (type png)

<use ./Sprint3Models/Use_Case_Diagram.png>
Package pdftex.def Info: ./Sprint3Models/Use_Case_Diagram.png used on input lin
e 1254.
(pdftex.def)             Requested size: 398.33858pt x 506.97032pt.

Overfull \hbox (8.33858pt too wide) in paragraph at lines 1251--1255
 [] 
 []

[41 <./Sprint3Models/Use_Case_Diagram.png (PNG copy)>]
Overfull \hbox (58.99843pt too wide) in alignment at lines 1261--1297
 [] [] [] 
 []


Underfull \vbox (badness 10000) detected at line 1297
 []


Overfull \hbox (58.99843pt too wide) in alignment at lines 1297--1320
 [] [] [] 
 []

[42] [43]
<./Sprint3Models/Analysis_Object_model3.png, id=143, 596.98032pt x 845.40843pt>
File: ./Sprint3Models/Analysis_Object_model3.png Graphic file (type png)
<use ./Sprint3Models/Analysis_Object_model3.png>
Package pdftex.def Info: ./Sprint3Models/Analysis_Object_model3.png used on inp
ut line 1325.
(pdftex.def)             Requested size: 398.33858pt x 564.11162pt.

Overfull \hbox (8.33858pt too wide) in paragraph at lines 1325--1326
 [] 
 []

[44]
Overfull \vbox (38.69493pt too high) has occurred while \output is active []


[45 <./Sprint3Models/Analysis_Object_model3.png>]
<./Sprint3Models/Dynamic_model3.png, id=152, 596.98032pt x 845.40843pt>
File: ./Sprint3Models/Dynamic_model3.png Graphic file (type png)

<use ./Sprint3Models/Dynamic_model3.png>
Package pdftex.def Info: ./Sprint3Models/Dynamic_model3.png used on input line 
1330.
(pdftex.def)             Requested size: 398.33858pt x 564.11162pt.

Overfull \hbox (8.33858pt too wide) in paragraph at lines 1330--1331
 [] 
 []


Overfull \vbox (38.69493pt too high) has occurred while \output is active []


[46 <./Sprint3Models/Dynamic_model3.png>] [47] [48] [49]
(./RequirementsAnalysisDocument.aux) )
(\end occurred inside a group at level 1)

### simple group (level 1) entered at line 856 ({)
### bottom level 
Here is how much of TeX's memory you used:
 2561 strings out of 493013
 33713 string characters out of 6139317
 113294 words of memory out of 5000000
 6061 multiletter control sequences out of 15000+600000
 12879 words of font info for 50 fonts, out of 8000000 for 9000
 1141 hyphenation exceptions out of 8191
 40i,8n,26p,1291b,250s stack positions out of 5000i,500n,10000p,200000b,80000s
</usr/share/texmf-dist/fonts/type1/public/amsfonts/cm/cmbx12.pf
b></usr/share/texmf-dist/fonts/type1/public/amsfonts/cm/cmr12.pfb></usr/share/t
exmf-dist/fonts/type1/public/amsfonts/cm/cmsy10.pfb></usr/share/texmf-dist/font
s/type1/public/amsfonts/cm/cmtt12.pfb>
Output written on RequirementsAnalysisDocument.pdf (49 pages, 398949 bytes).
PDF statistics:
 186 PDF objects out of 1000 (max. 8388607)
 124 compressed objects within 2 object streams
 0 named destinations out of 1000 (max. 500000)
 16 words of extra memory for PDF output out of 10000 (max. 10000000)

