#
# There is insufficient memory for the Java Runtime Environment to continue.
# Native memory allocation (malloc) failed to allocate 54992 bytes for Chunk::new
# Possible reasons:
#   The system is out of physical RAM or swap space
#   In 32 bit mode, the process size limit was hit
# Possible solutions:
#   Reduce memory load on the system
#   Increase physical memory or swap space
#   Check if swap backing store is full
#   Use 64 bit Java on a 64 bit OS
#   Decrease Java heap size (-Xmx/-Xms)
#   Decrease number of Java threads
#   Decrease Java thread stack sizes (-Xss)
#   Set larger code cache with -XX:ReservedCodeCacheSize=
# This output file may be truncated or incomplete.
#
#  Out of Memory Error (allocation.cpp:390), pid=6480, tid=10068
#
# JRE version: Java(TM) SE Runtime Environment (8.0_20-b26) (build 1.8.0_20-b26)
# Java VM: Java HotSpot(TM) 64-Bit Server VM (25.20-b23 mixed mode windows-amd64 compressed oops)
# Failed to write core dump. Minidumps are not enabled by default on client versions of Windows
#

---------------  T H R E A D  ---------------

Current thread (0x0000000014b01000):  JavaThread "C2 CompilerThread1" daemon [_thread_in_native, id=10068, stack(0x0000000016100000,0x0000000016200000)]

Stack: [0x0000000016100000,0x0000000016200000]
Native frames: (J=compiled Java code, j=interpreted, Vv=VM code, C=native code)
V  [jvm.dll+0x3152fa]
V  [jvm.dll+0x265d03]
V  [jvm.dll+0x266943]
V  [jvm.dll+0x25e265]
V  [jvm.dll+0xbe255]
V  [jvm.dll+0xbe6fc]
V  [jvm.dll+0x449d02]
V  [jvm.dll+0x4bd300]
V  [jvm.dll+0x4bff50]
V  [jvm.dll+0x44fef1]
V  [jvm.dll+0x4526c8]
V  [jvm.dll+0x435fc2]
V  [jvm.dll+0x97b62]
V  [jvm.dll+0x98353]
V  [jvm.dll+0x22aac4]
V  [jvm.dll+0x283f5a]
C  [msvcr100.dll+0x21d9f]
C  [msvcr100.dll+0x21e3b]
C  [KERNEL32.DLL+0x18102]
C  [ntdll.dll+0x5c5b4]


Current CompileTask:
C2:   2757 1030       4       com.android.dx.ssa.back.LivenessAnalyzer::liveInAtStatement (55 bytes)


---------------  P R O C E S S  ---------------

Java Threads: ( => current thread )
  0x0000000016649000 JavaThread "pool-2-thread-1" [_thread_blocked, id=4976, stack(0x0000000016a00000,0x0000000016b00000)]
  0x0000000016648000 JavaThread "pool-1-thread-1" [_thread_in_Java, id=14924, stack(0x0000000016900000,0x0000000016a00000)]
  0x0000000014b0b000 JavaThread "Service Thread" daemon [_thread_blocked, id=11300, stack(0x0000000016300000,0x0000000016400000)]
  0x0000000014b04000 JavaThread "C1 CompilerThread2" daemon [_thread_blocked, id=14632, stack(0x0000000016200000,0x0000000016300000)]
=>0x0000000014b01000 JavaThread "C2 CompilerThread1" daemon [_thread_in_native, id=10068, stack(0x0000000016100000,0x0000000016200000)]
  0x0000000014aad800 JavaThread "C2 CompilerThread0" daemon [_thread_in_native, id=9760, stack(0x0000000016000000,0x0000000016100000)]
  0x0000000014aab800 JavaThread "Attach Listener" daemon [_thread_blocked, id=11056, stack(0x0000000015f00000,0x0000000016000000)]
  0x0000000014aaa000 JavaThread "Signal Dispatcher" daemon [_thread_blocked, id=10156, stack(0x0000000015e00000,0x0000000015f00000)]
  0x00000000023cf000 JavaThread "Finalizer" daemon [_thread_blocked, id=7952, stack(0x0000000015d00000,0x0000000015e00000)]
  0x0000000014a78000 JavaThread "Reference Handler" daemon [_thread_blocked, id=11248, stack(0x0000000015c00000,0x0000000015d00000)]
  0x000000000215d800 JavaThread "main" [_thread_blocked, id=14668, stack(0x00000000021e0000,0x00000000022e0000)]

Other Threads:
  0x0000000014a76000 VMThread [stack: 0x0000000015b00000,0x0000000015c00000] [id=12252]
  0x0000000014b0e000 WatcherThread [stack: 0x0000000016400000,0x0000000016500000] [id=15220]

VM state:not at safepoint (normal execution)

VM Mutex/Monitor currently owned by a thread: None

Heap:
 PSYoungGen      total 38400K, used 21703K [0x00000000eab00000, 0x00000000ed580000, 0x0000000100000000)
  eden space 33280K, 65% used [0x00000000eab00000,0x00000000ec031c88,0x00000000ecb80000)
  from space 5120K, 0% used [0x00000000ed080000,0x00000000ed080000,0x00000000ed580000)
  to   space 5120K, 0% used [0x00000000ecb80000,0x00000000ecb80000,0x00000000ed080000)
 ParOldGen       total 87552K, used 0K [0x00000000c0000000, 0x00000000c5580000, 0x00000000eab00000)
  object space 87552K, 0% used [0x00000000c0000000,0x00000000c0000000,0x00000000c5580000)
 Metaspace       used 5820K, capacity 6832K, committed 7040K, reserved 1056768K
  class space    used 585K, capacity 616K, committed 640K, reserved 1048576K

Card table byte_map: [0x00000000117a0000,0x00000000119b0000] byte_map_base: 0x00000000111a0000

Marking Bits: (ParMarkBitMap*) 0x00000000546eb460
 Begin Bits: [0x0000000011f10000, 0x0000000012f10000)
 End Bits:   [0x0000000012f10000, 0x0000000013f10000)

Polling page: 0x00000000001f0000

CodeCache: size=245760Kb used=4266Kb max_used=4266Kb free=241493Kb
 bounds [0x00000000023e0000, 0x0000000002810000, 0x00000000113e0000]
 total_blobs=1306 nmethods=1042 adapters=178
 compilation: enabled

Compilation events (10 events):
Event: 2.695 Thread 0x0000000014b04000 1028       3       com.android.dx.cf.code.BasicBlocker::visitThrowing (59 bytes)
Event: 2.696 Thread 0x0000000014b04000 nmethod 1028 0x00000000027e7490 code [0x00000000027e7680, 0x00000000027e80f8]
Event: 2.698 Thread 0x0000000014b04000 1029       3       com.android.dx.ssa.SsaMethod::buildUseList (112 bytes)
Event: 2.698 Thread 0x0000000014b01000 1030       4       com.android.dx.ssa.back.LivenessAnalyzer::liveInAtStatement (55 bytes)
Event: 2.699 Thread 0x0000000014b04000 nmethod 1029 0x00000000027ec6d0 code [0x00000000027ec960, 0x00000000027edbf8]
Event: 2.701 Thread 0x0000000014b04000 1031       3       com.android.dx.cf.code.BasicBlocker::visitNoArgs (298 bytes)
Event: 2.702 Thread 0x0000000014b04000 nmethod 1031 0x00000000027ee590 code [0x00000000027ee800, 0x00000000027ef5b8]
Event: 2.702 Thread 0x0000000014b04000 1032       3       com.android.dx.rop.code.PlainCstInsn::<init> (30 bytes)
Event: 2.702 Thread 0x0000000014b04000 nmethod 1032 0x00000000027dad90 code [0x00000000027daf20, 0x00000000027db3a8]
Event: 2.702 Thread 0x0000000014b04000 1033       3       com.android.dx.cf.code.Simulator$SimVisitor::visitNoArgs (2136 bytes)

GC Heap History (0 events):
No events

Deoptimization events (1 events):
Event: 1.103 Thread 0x0000000016648000 Uncommon trap: reason=unreached action=reinterpret pc=0x000000000269d124 method=java.util.HashMap.containsKey(Ljava/lang/Object;)Z @ 9

Internal exceptions (10 events):
Event: 0.860 Thread 0x0000000016660800 Exception <a 'java/security/PrivilegedActionException'> (0x00000000eb532720) thrown at [D:\re\workspace\8-2-build-windows-amd64-cygwin\jdk8u20\1074\hotspot\src\share\vm\prims\jvm.cpp, line 1275]
Event: 0.860 Thread 0x0000000016660800 Exception <a 'java/security/PrivilegedActionException'> (0x00000000eb536dd8) thrown at [D:\re\workspace\8-2-build-windows-amd64-cygwin\jdk8u20\1074\hotspot\src\share\vm\prims\jvm.cpp, line 1275]
Event: 0.861 Thread 0x0000000016660800 Exception <a 'java/security/PrivilegedActionException'> (0x00000000eb53c818) thrown at [D:\re\workspace\8-2-build-windows-amd64-cygwin\jdk8u20\1074\hotspot\src\share\vm\prims\jvm.cpp, line 1275]
Event: 0.862 Thread 0x0000000016660800 Exception <a 'java/security/PrivilegedActionException'> (0x00000000eb545288) thrown at [D:\re\workspace\8-2-build-windows-amd64-cygwin\jdk8u20\1074\hotspot\src\share\vm\prims\jvm.cpp, line 1275]
Event: 0.863 Thread 0x0000000016660800 Exception <a 'java/security/PrivilegedActionException'> (0x00000000eb54a920) thrown at [D:\re\workspace\8-2-build-windows-amd64-cygwin\jdk8u20\1074\hotspot\src\share\vm\prims\jvm.cpp, line 1275]
Event: 0.864 Thread 0x0000000016660800 Exception <a 'java/security/PrivilegedActionException'> (0x00000000eb54d908) thrown at [D:\re\workspace\8-2-build-windows-amd64-cygwin\jdk8u20\1074\hotspot\src\share\vm\prims\jvm.cpp, line 1275]
Event: 0.873 Thread 0x0000000016660800 Exception <a 'java/security/PrivilegedActionException'> (0x00000000eb560638) thrown at [D:\re\workspace\8-2-build-windows-amd64-cygwin\jdk8u20\1074\hotspot\src\share\vm\prims\jvm.cpp, line 1275]
Event: 0.875 Thread 0x0000000016660800 Exception <a 'java/security/PrivilegedActionException'> (0x00000000eb565ee0) thrown at [D:\re\workspace\8-2-build-windows-amd64-cygwin\jdk8u20\1074\hotspot\src\share\vm\prims\jvm.cpp, line 1275]
Event: 1.362 Thread 0x0000000016648000 Exception <a 'java/security/PrivilegedActionException'> (0x00000000eba05c78) thrown at [D:\re\workspace\8-2-build-windows-amd64-cygwin\jdk8u20\1074\hotspot\src\share\vm\prims\jvm.cpp, line 1275]
Event: 1.369 Thread 0x0000000016648000 Exception <a 'java/security/PrivilegedActionException'> (0x00000000eba23998) thrown at [D:\re\workspace\8-2-build-windows-amd64-cygwin\jdk8u20\1074\hotspot\src\share\vm\prims\jvm.cpp, line 1275]

Events (10 events):
Event: 1.105 loading class java/util/ArrayList$1 done
Event: 1.159 Executing VM operation: ForceSafepoint
Event: 1.352 Executing VM operation: ForceSafepoint done
Event: 1.362 loading class com/android/dx/dex/file/MethodAnnotationStruct
Event: 1.362 loading class com/android/dx/dex/file/MethodAnnotationStruct done
Event: 1.364 Thread 0x0000000016661000 Thread exited: 0x0000000016661000
Event: 1.366 Thread 0x0000000016660800 Thread exited: 0x0000000016660800
Event: 1.369 loading class com/android/dx/cf/code/BytecodeArray$ConstantParserVisitor
Event: 1.369 loading class com/android/dx/cf/code/BytecodeArray$ConstantParserVisitor done
Event: 1.389 Thread 0x0000000016662000 Thread exited: 0x0000000016662000


Dynamic libraries:
0x00007ff668390000 - 0x00007ff6683c4000 	C:\Program Files\Java\jdk1.8.0_20\bin\java.exe
0x00007ff87a1c0000 - 0x00007ff87a381000 	C:\WINDOWS\SYSTEM32\ntdll.dll
0x00007ff878700000 - 0x00007ff8787ad000 	C:\WINDOWS\system32\KERNEL32.DLL
0x00007ff877160000 - 0x00007ff877348000 	C:\WINDOWS\system32\KERNELBASE.dll
0x00007ff877c00000 - 0x00007ff877ca7000 	C:\WINDOWS\system32\ADVAPI32.dll
0x00007ff8787b0000 - 0x00007ff87884d000 	C:\WINDOWS\system32\msvcrt.dll
0x00007ff878540000 - 0x00007ff87859b000 	C:\WINDOWS\system32\sechost.dll
0x00007ff877990000 - 0x00007ff877aac000 	C:\WINDOWS\system32\RPCRT4.dll
0x00007ff8785a0000 - 0x00007ff8786f6000 	C:\WINDOWS\system32\USER32.dll
0x00007ff87a020000 - 0x00007ff87a1a6000 	C:\WINDOWS\system32\GDI32.dll
0x00007ff869f30000 - 0x00007ff86a1a4000 	C:\WINDOWS\WinSxS\amd64_microsoft.windows.common-controls_6595b64144ccf1df_6.0.10586.0_none_8c15ae12515e1c22\COMCTL32.dll
0x00007ff877610000 - 0x00007ff87788d000 	C:\WINDOWS\system32\combase.dll
0x00007ff877400000 - 0x00007ff87746a000 	C:\WINDOWS\system32\bcryptPrimitives.dll
0x00007ff877e30000 - 0x00007ff877e6b000 	C:\WINDOWS\system32\IMM32.DLL
0x0000000054770000 - 0x0000000054842000 	C:\Program Files\Java\jdk1.8.0_20\jre\bin\msvcr100.dll
0x0000000053f10000 - 0x0000000054768000 	C:\Program Files\Java\jdk1.8.0_20\jre\bin\server\jvm.dll
0x00007ff877980000 - 0x00007ff877988000 	C:\WINDOWS\system32\PSAPI.DLL
0x00007ff86c970000 - 0x00007ff86c979000 	C:\WINDOWS\SYSTEM32\WSOCK32.dll
0x00007ff8775a0000 - 0x00007ff87760b000 	C:\WINDOWS\system32\WS2_32.dll
0x00007ff874fb0000 - 0x00007ff874fd3000 	C:\WINDOWS\SYSTEM32\WINMM.dll
0x00007ff874f50000 - 0x00007ff874f7c000 	C:\WINDOWS\SYSTEM32\WINMMBASE.dll
0x00007ff877490000 - 0x00007ff8774d3000 	C:\WINDOWS\system32\cfgmgr32.dll
0x0000000053f00000 - 0x0000000053f0f000 	C:\Program Files\Java\jdk1.8.0_20\jre\bin\verify.dll
0x0000000053ed0000 - 0x0000000053ef8000 	C:\Program Files\Java\jdk1.8.0_20\jre\bin\java.dll
0x0000000053eb0000 - 0x0000000053ec6000 	C:\Program Files\Java\jdk1.8.0_20\jre\bin\zip.dll
0x00007ff878900000 - 0x00007ff879e5c000 	C:\WINDOWS\system32\SHELL32.dll
0x00007ff876ab0000 - 0x00007ff8770f5000 	C:\WINDOWS\system32\windows.storage.dll
0x00007ff877fe0000 - 0x00007ff878032000 	C:\WINDOWS\system32\shlwapi.dll
0x00007ff876840000 - 0x00007ff87684f000 	C:\WINDOWS\system32\kernel.appcore.dll
0x00007ff8774e0000 - 0x00007ff877595000 	C:\WINDOWS\system32\shcore.dll
0x00007ff8767f0000 - 0x00007ff87683b000 	C:\WINDOWS\system32\powrprof.dll
0x00007ff8767c0000 - 0x00007ff8767d4000 	C:\WINDOWS\system32\profapi.dll
0x00007ff86ba30000 - 0x00007ff86bbbc000 	C:\WINDOWS\SYSTEM32\dbghelp.dll

VM Arguments:
jvm_args: -Djava.awt.headless=true -Xmx1024M -Dfile.encoding=windows-1252 -Duser.country=US -Duser.language=en -Duser.variant 
java_command: com.android.dx.command.Main --dex --num-threads=4 --output C:\Users\admin\Documents\GitHub\SoftwareDesign\FindMeTutor\FindMeTutor\tutor_app\build\intermediates\pre-dexed\debug\com.bartoszlipinski-viewpropertyobjectanimator-1.2.0_41e784463feadcf121dfaa8882eef40164ec9ec5.jar C:\Users\admin\Documents\GitHub\SoftwareDesign\FindMeTutor\FindMeTutor\tutor_app\build\intermediates\exploded-aar\com.bartoszlipinski\viewpropertyobjectanimator\1.2.0\jars\classes.jar
java_class_path (initial): C:\Users\admin\AppData\Local\Android\sdk\build-tools\24.0.1\lib\dx.jar
Launcher Type: SUN_STANDARD

Environment Variables:
PATH=C:\ProgramData\Oracle\Java\javapath;C:\Program Files (x86)\Intel\iCLS Client\;C:\Program Files\Intel\iCLS Client\;C:\WINDOWS\system32;C:\WINDOWS;C:\WINDOWS\System32\Wbem;C:\WINDOWS\System32\WindowsPowerShell\v1.0\;C:\Program Files\Intel\Intel(R) Management Engine Components\DAL;C:\Program Files\Intel\Intel(R) Management Engine Components\IPT;C:\Program Files (x86)\Intel\Intel(R) Management Engine Components\DAL;C:\Program Files (x86)\Intel\Intel(R) Management Engine Components\IPT;C:\Program Files\WIDCOMM\Bluetooth Software\;C:\Program Files\WIDCOMM\Bluetooth Software\syswow64;C:\Program Files (x86)\Intel\OpenCL SDK\2.0\bin\x86;C:\Program Files (x86)\Intel\OpenCL SDK\2.0\bin\x64;C:\Program Files\Intel\WiFi\bin\;C:\Program Files\Common Files\Intel\WirelessCommon\;c:\Program Files (x86)\Microsoft SQL Server\100\Tools\Binn\;c:\Program Files\Microsoft SQL Server\100\Tools\Binn\;c:\Program Files\Microsoft SQL Server\100\DTS\Binn\;C:\Program Files (x86)\MySQL\MySQL Fabric 1.5.4 & MySQL Utilities 1.5.4 1.5\;C:\Program Files (x86)\MySQL\MySQL Fabric 1.5.4 & MySQL Utilities 1.5.4 1.5\Doctrine extensions for PHP\;C:\Program Files (x86)\Borland\Delphi7\Bin;C:\Program Files (x86)\Borland\Delphi7\Projects\Bpl;C:\Program Files (x86)\Borland\Delphi7\Rave5;C:\Program Files\Git\cmd;C:\Program Files\Intel\WiFi\bin\;C:\Program Files\Common Files\Intel\WirelessCommon\
USERNAME=admin
OS=Windows_NT
PROCESSOR_IDENTIFIER=Intel64 Family 6 Model 58 Stepping 9, GenuineIntel



---------------  S Y S T E M  ---------------

OS: Windows 8.1 , 64 bit Build 9600 

CPU:total 4 (2 cores per cpu, 2 threads per core) family 6 model 58 stepping 9, cmov, cx8, fxsr, mmx, sse, sse2, sse3, ssse3, sse4.1, sse4.2, popcnt, avx, aes, clmul, erms, ht, tsc, tscinvbit, tscinv

Memory: 4k page, physical 8258576k(1887064k free), swap 10306576k(3616k free)

vm_info: Java HotSpot(TM) 64-Bit Server VM (25.20-b23) for windows-amd64 JRE (1.8.0_20-b26), built on Jul 30 2014 13:51:23 by "java_re" with MS VC++ 10.0 (VS2010)

time: Tue Sep 06 22:12:11 2016
elapsed time: 2 seconds (0d 0h 0m 2s)

