#
# There is insufficient memory for the Java Runtime Environment to continue.
# Native memory allocation (malloc) failed to allocate 33554448 bytes for Chunk::new
# Possible reasons:
#   The system is out of physical RAM or swap space
#   In 32 bit mode, the process size limit was hit
# Possible solutions:
#   Reduce memory load on the system
#   Increase physical memory or swap space
#   Check if swap backing store is full
#   Use 64 bit Java on a 64 bit OS
#   Decrease Java heap size (-Xmx/-Xms)
#   Decrease number of Java threads
#   Decrease Java thread stack sizes (-Xss)
#   Set larger code cache with -XX:ReservedCodeCacheSize=
# This output file may be truncated or incomplete.
#
#  Out of Memory Error (allocation.cpp:390), pid=3004, tid=6320
#
# JRE version: Java(TM) SE Runtime Environment (8.0_20-b26) (build 1.8.0_20-b26)
# Java VM: Java HotSpot(TM) 64-Bit Server VM (25.20-b23 mixed mode windows-amd64 compressed oops)
# Failed to write core dump. Minidumps are not enabled by default on client versions of Windows
#

---------------  T H R E A D  ---------------

Current thread (0x0000000014adf800):  JavaThread "C2 CompilerThread1" daemon [_thread_in_native, id=6320, stack(0x0000000016130000,0x0000000016230000)]

Stack: [0x0000000016130000,0x0000000016230000]
Native frames: (J=compiled Java code, j=interpreted, Vv=VM code, C=native code)
V  [jvm.dll+0x3152fa]
V  [jvm.dll+0x265d03]
V  [jvm.dll+0x266943]
V  [jvm.dll+0x25e265]
V  [jvm.dll+0xbe255]
V  [jvm.dll+0xbe6fc]
V  [jvm.dll+0xf3878]
V  [jvm.dll+0x45df30]
V  [jvm.dll+0x45e1ea]
V  [jvm.dll+0x45f0cf]
V  [jvm.dll+0x46147a]
V  [jvm.dll+0x4635c5]
V  [jvm.dll+0x463f4c]
V  [jvm.dll+0x464293]
V  [jvm.dll+0x451093]
V  [jvm.dll+0x452634]
V  [jvm.dll+0x435fc2]
V  [jvm.dll+0x97b62]
V  [jvm.dll+0x98353]
V  [jvm.dll+0x22aac4]
V  [jvm.dll+0x283f5a]
C  [msvcr100.dll+0x21d9f]
C  [msvcr100.dll+0x21e3b]
C  [KERNEL32.DLL+0x18102]
C  [ntdll.dll+0x5c5b4]


Current CompileTask:
C2:  11288 2054   !   4       com.android.dx.cf.code.Ropper::processBlock (1101 bytes)


---------------  P R O C E S S  ---------------

Java Threads: ( => current thread )
  0x0000000016c28000 JavaThread "pool-2-thread-4" [_thread_blocked, id=8120, stack(0x0000000018500000,0x0000000018600000)]
  0x0000000016577800 JavaThread "pool-2-thread-3" [_thread_blocked, id=11684, stack(0x0000000018400000,0x0000000018500000)]
  0x0000000016577000 JavaThread "pool-2-thread-2" [_thread_blocked, id=8592, stack(0x0000000018300000,0x0000000018400000)]
  0x000000001762e000 JavaThread "pool-3-thread-1" [_thread_blocked, id=2788, stack(0x0000000018200000,0x0000000018300000)]
  0x0000000016cb0000 JavaThread "pool-2-thread-1" [_thread_blocked, id=10916, stack(0x0000000018100000,0x0000000018200000)]
  0x0000000016358800 JavaThread "Service Thread" daemon [_thread_blocked, id=7188, stack(0x0000000016730000,0x0000000016830000)]
  0x0000000014b09800 JavaThread "C1 CompilerThread2" daemon [_thread_blocked, id=5516, stack(0x0000000016230000,0x0000000016330000)]
=>0x0000000014adf800 JavaThread "C2 CompilerThread1" daemon [_thread_in_native, id=6320, stack(0x0000000016130000,0x0000000016230000)]
  0x0000000014add800 JavaThread "C2 CompilerThread0" daemon [_thread_in_native, id=7612, stack(0x0000000016030000,0x0000000016130000)]
  0x0000000014adb000 JavaThread "Attach Listener" daemon [_thread_blocked, id=9904, stack(0x0000000015f30000,0x0000000016030000)]
  0x0000000014ada000 JavaThread "Signal Dispatcher" daemon [_thread_blocked, id=2916, stack(0x0000000015e30000,0x0000000015f30000)]
  0x0000000002405000 JavaThread "Finalizer" daemon [_thread_blocked, id=7936, stack(0x0000000015d30000,0x0000000015e30000)]
  0x00000000023fc000 JavaThread "Reference Handler" daemon [_thread_blocked, id=304, stack(0x0000000015c30000,0x0000000015d30000)]
  0x000000000230d800 JavaThread "main" [_thread_in_native, id=7568, stack(0x0000000002160000,0x0000000002260000)]

Other Threads:
  0x0000000014aa6000 VMThread [stack: 0x0000000015b30000,0x0000000015c30000] [id=2260]
  0x000000001635a800 WatcherThread [stack: 0x0000000016830000,0x0000000016930000] [id=9416]

VM state:not at safepoint (normal execution)

VM Mutex/Monitor currently owned by a thread: None

Heap:
 PSYoungGen      total 253952K, used 186664K [0x00000000eab00000, 0x0000000100000000, 0x0000000100000000)
  eden space 198656K, 70% used [0x00000000eab00000,0x00000000f33ff430,0x00000000f6d00000)
  from space 55296K, 83% used [0x00000000fca00000,0x00000000ff74ada8,0x0000000100000000)
  to   space 75264K, 0% used [0x00000000f6d00000,0x00000000f6d00000,0x00000000fb680000)
 ParOldGen       total 173056K, used 90835K [0x00000000c0000000, 0x00000000ca900000, 0x00000000eab00000)
  object space 173056K, 52% used [0x00000000c0000000,0x00000000c58b4fc0,0x00000000ca900000)
 Metaspace       used 6549K, capacity 7320K, committed 7680K, reserved 1056768K
  class space    used 616K, capacity 656K, committed 768K, reserved 1048576K

Card table byte_map: [0x00000000117d0000,0x00000000119e0000] byte_map_base: 0x00000000111d0000

Marking Bits: (ParMarkBitMap*) 0x000000006f45b460
 Begin Bits: [0x0000000011f40000, 0x0000000012f40000)
 End Bits:   [0x0000000012f40000, 0x0000000013f40000)

Polling page: 0x00000000001f0000

CodeCache: size=245760Kb used=10218Kb max_used=10228Kb free=235541Kb
 bounds [0x0000000002410000, 0x0000000002e20000, 0x0000000011410000]
 total_blobs=2556 nmethods=2290 adapters=179
 compilation: enabled

Compilation events (10 events):
Event: 11.082 Thread 0x0000000014add800 nmethod 1884 0x0000000002df52d0 code [0x0000000002df5440, 0x0000000002df5818]
Event: 11.082 Thread 0x0000000014add800 1938       4       com.android.dx.ssa.SsaConverter::needsNewSuccessor (53 bytes)
Event: 11.086 Thread 0x0000000014add800 nmethod 1938 0x0000000002df4c50 code [0x0000000002df4da0, 0x0000000002df4f78]
Event: 11.086 Thread 0x0000000014add800 1853       4       com.android.dx.ssa.SsaRenamer$1::visitBlock (16 bytes)
Event: 11.093 Thread 0x0000000014add800 nmethod 1853 0x0000000002dfe490 code [0x0000000002dfe620, 0x0000000002dfea88]
Event: 11.093 Thread 0x0000000014add800 2300       4       com.android.dx.ssa.Dominators::getPreds (17 bytes)
Event: 11.094 Thread 0x0000000014add800 nmethod 2300 0x0000000002d01a50 code [0x0000000002d01b80, 0x0000000002d01c18]
Event: 11.094 Thread 0x0000000014add800 1952       4       com.android.dx.rop.code.Rops::ropFor (771 bytes)
Event: 11.124 Thread 0x0000000014b09800 2379       2       com.android.dx.ssa.SsaBasicBlock::getPrimarySuccessor (27 bytes)
Event: 11.124 Thread 0x0000000014b09800 nmethod 2379 0x0000000002dfde10 code [0x0000000002dfdfa0, 0x0000000002dfe238]

GC Heap History (10 events):
Event: 4.291 GC heap before
{Heap before GC invocations=7 (full 0):
 PSYoungGen      total 150528K, used 146781K [0x00000000eab00000, 0x00000000f5700000, 0x0000000100000000)
  eden space 131072K, 100% used [0x00000000eab00000,0x00000000f2b00000,0x00000000f2b00000)
  from space 19456K, 80% used [0x00000000f4000000,0x00000000f4f575f0,0x00000000f5300000)
  to   space 21504K, 0% used [0x00000000f2b00000,0x00000000f2b00000,0x00000000f4000000)
 ParOldGen       total 87552K, used 23593K [0x00000000c0000000, 0x00000000c5580000, 0x00000000eab00000)
  object space 87552K, 26% used [0x00000000c0000000,0x00000000c170a6a8,0x00000000c5580000)
 Metaspace       used 6482K, capacity 7256K, committed 7424K, reserved 1056768K
  class space    used 615K, capacity 656K, committed 768K, reserved 1048576K
Event: 4.344 GC heap after
Heap after GC invocations=7 (full 0):
 PSYoungGen      total 152576K, used 21485K [0x00000000eab00000, 0x00000000fe900000, 0x0000000100000000)
  eden space 131072K, 0% used [0x00000000eab00000,0x00000000eab00000,0x00000000f2b00000)
  from space 21504K, 99% used [0x00000000f2b00000,0x00000000f3ffb460,0x00000000f4000000)
  to   space 31744K, 0% used [0x00000000fca00000,0x00000000fca00000,0x00000000fe900000)
 ParOldGen       total 87552K, used 35671K [0x00000000c0000000, 0x00000000c5580000, 0x00000000eab00000)
  object space 87552K, 40% used [0x00000000c0000000,0x00000000c22d5f60,0x00000000c5580000)
 Metaspace       used 6482K, capacity 7256K, committed 7424K, reserved 1056768K
  class space    used 615K, capacity 656K, committed 768K, reserved 1048576K
}
Event: 5.016 GC heap before
{Heap before GC invocations=8 (full 0):
 PSYoungGen      total 152576K, used 152557K [0x00000000eab00000, 0x00000000fe900000, 0x0000000100000000)
  eden space 131072K, 100% used [0x00000000eab00000,0x00000000f2b00000,0x00000000f2b00000)
  from space 21504K, 99% used [0x00000000f2b00000,0x00000000f3ffb460,0x00000000f4000000)
  to   space 31744K, 0% used [0x00000000fca00000,0x00000000fca00000,0x00000000fe900000)
 ParOldGen       total 87552K, used 35671K [0x00000000c0000000, 0x00000000c5580000, 0x00000000eab00000)
  object space 87552K, 40% used [0x00000000c0000000,0x00000000c22d5f60,0x00000000c5580000)
 Metaspace       used 6495K, capacity 7256K, committed 7424K, reserved 1056768K
  class space    used 615K, capacity 656K, committed 768K, reserved 1048576K
Event: 5.099 GC heap after
Heap after GC invocations=8 (full 0):
 PSYoungGen      total 284672K, used 31716K [0x00000000eab00000, 0x00000000ffb00000, 0x0000000100000000)
  eden space 252928K, 0% used [0x00000000eab00000,0x00000000eab00000,0x00000000fa200000)
  from space 31744K, 99% used [0x00000000fca00000,0x00000000fe8f90e8,0x00000000fe900000)
  to   space 40960K, 0% used [0x00000000fa200000,0x00000000fa200000,0x00000000fca00000)
 ParOldGen       total 87552K, used 43238K [0x00000000c0000000, 0x00000000c5580000, 0x00000000eab00000)
  object space 87552K, 49% used [0x00000000c0000000,0x00000000c2a39930,0x00000000c5580000)
 Metaspace       used 6495K, capacity 7256K, committed 7424K, reserved 1056768K
  class space    used 615K, capacity 656K, committed 768K, reserved 1048576K
}
Event: 6.184 GC heap before
{Heap before GC invocations=9 (full 0):
 PSYoungGen      total 284672K, used 284644K [0x00000000eab00000, 0x00000000ffb00000, 0x0000000100000000)
  eden space 252928K, 100% used [0x00000000eab00000,0x00000000fa200000,0x00000000fa200000)
  from space 31744K, 99% used [0x00000000fca00000,0x00000000fe8f90e8,0x00000000fe900000)
  to   space 40960K, 0% used [0x00000000fa200000,0x00000000fa200000,0x00000000fca00000)
 ParOldGen       total 87552K, used 43238K [0x00000000c0000000, 0x00000000c5580000, 0x00000000eab00000)
  object space 87552K, 49% used [0x00000000c0000000,0x00000000c2a39930,0x00000000c5580000)
 Metaspace       used 6516K, capacity 7320K, committed 7680K, reserved 1056768K
  class space    used 616K, capacity 656K, committed 768K, reserved 1048576K
Event: 6.317 GC heap after
Heap after GC invocations=9 (full 0):
 PSYoungGen      total 293888K, used 40940K [0x00000000eab00000, 0x0000000100000000, 0x0000000100000000)
  eden space 252928K, 0% used [0x00000000eab00000,0x00000000eab00000,0x00000000fa200000)
  from space 40960K, 99% used [0x00000000fa200000,0x00000000fc9fb2e8,0x00000000fca00000)
  to   space 55296K, 0% used [0x00000000fca00000,0x00000000fca00000,0x0000000100000000)
 ParOldGen       total 87552K, used 66141K [0x00000000c0000000, 0x00000000c5580000, 0x00000000eab00000)
  object space 87552K, 75% used [0x00000000c0000000,0x00000000c4097760,0x00000000c5580000)
 Metaspace       used 6516K, capacity 7320K, committed 7680K, reserved 1056768K
  class space    used 616K, capacity 656K, committed 768K, reserved 1048576K
}
Event: 8.579 GC heap before
{Heap before GC invocations=10 (full 0):
 PSYoungGen      total 293888K, used 293868K [0x00000000eab00000, 0x0000000100000000, 0x0000000100000000)
  eden space 252928K, 100% used [0x00000000eab00000,0x00000000fa200000,0x00000000fa200000)
  from space 40960K, 99% used [0x00000000fa200000,0x00000000fc9fb2e8,0x00000000fca00000)
  to   space 55296K, 0% used [0x00000000fca00000,0x00000000fca00000,0x0000000100000000)
 ParOldGen       total 87552K, used 66141K [0x00000000c0000000, 0x00000000c5580000, 0x00000000eab00000)
  object space 87552K, 75% used [0x00000000c0000000,0x00000000c4097760,0x00000000c5580000)
 Metaspace       used 6533K, capacity 7320K, committed 7680K, reserved 1056768K
  class space    used 616K, capacity 656K, committed 768K, reserved 1048576K
Event: 8.713 GC heap after
Heap after GC invocations=10 (full 0):
 PSYoungGen      total 253952K, used 55290K [0x00000000eab00000, 0x0000000100000000, 0x0000000100000000)
  eden space 198656K, 0% used [0x00000000eab00000,0x00000000eab00000,0x00000000f6d00000)
  from space 55296K, 99% used [0x00000000fca00000,0x00000000ffffebc8,0x0000000100000000)
  to   space 75264K, 0% used [0x00000000f6d00000,0x00000000f6d00000,0x00000000fb680000)
 ParOldGen       total 91136K, used 90697K [0x00000000c0000000, 0x00000000c5900000, 0x00000000eab00000)
  object space 91136K, 99% used [0x00000000c0000000,0x00000000c5892428,0x00000000c5900000)
 Metaspace       used 6533K, capacity 7320K, committed 7680K, reserved 1056768K
  class space    used 616K, capacity 656K, committed 768K, reserved 1048576K
}
Event: 8.713 GC heap before
{Heap before GC invocations=11 (full 1):
 PSYoungGen      total 253952K, used 55290K [0x00000000eab00000, 0x0000000100000000, 0x0000000100000000)
  eden space 198656K, 0% used [0x00000000eab00000,0x00000000eab00000,0x00000000f6d00000)
  from space 55296K, 99% used [0x00000000fca00000,0x00000000ffffebc8,0x0000000100000000)
  to   space 75264K, 0% used [0x00000000f6d00000,0x00000000f6d00000,0x00000000fb680000)
 ParOldGen       total 91136K, used 90697K [0x00000000c0000000, 0x00000000c5900000, 0x00000000eab00000)
  object space 91136K, 99% used [0x00000000c0000000,0x00000000c5892428,0x00000000c5900000)
 Metaspace       used 6533K, capacity 7320K, committed 7680K, reserved 1056768K
  class space    used 616K, capacity 656K, committed 768K, reserved 1048576K
Event: 10.231 GC heap after
Heap after GC invocations=11 (full 1):
 PSYoungGen      total 253952K, used 46379K [0x00000000eab00000, 0x0000000100000000, 0x0000000100000000)
  eden space 198656K, 0% used [0x00000000eab00000,0x00000000eab00000,0x00000000f6d00000)
  from space 55296K, 83% used [0x00000000fca00000,0x00000000ff74ada8,0x0000000100000000)
  to   space 75264K, 0% used [0x00000000f6d00000,0x00000000f6d00000,0x00000000fb680000)
 ParOldGen       total 173056K, used 90835K [0x00000000c0000000, 0x00000000ca900000, 0x00000000eab00000)
  object space 173056K, 52% used [0x00000000c0000000,0x00000000c58b4fc0,0x00000000ca900000)
 Metaspace       used 6533K, capacity 7320K, committed 7680K, reserved 1056768K
  class space    used 616K, capacity 656K, committed 768K, reserved 1048576K
}

Deoptimization events (10 events):
Event: 3.832 Thread 0x0000000016c28000 Uncommon trap: reason=unreached action=reinterpret pc=0x0000000002bbd4c8 method=java.util.HashMap.putVal(ILjava/lang/Object;Ljava/lang/Object;ZZ)Ljava/lang/Object; @ 109
Event: 5.761 Thread 0x000000000230d800 Uncommon trap: reason=bimorphic action=maybe_recompile pc=0x0000000002c32b98 method=com.android.dx.cf.code.BytecodeArray.parseInstruction(ILcom/android/dx/cf/code/BytecodeArray$Visitor;)I @ 1597
Event: 5.761 Thread 0x000000000230d800 Uncommon trap: reason=bimorphic action=maybe_recompile pc=0x0000000002c32b98 method=com.android.dx.cf.code.BytecodeArray.parseInstruction(ILcom/android/dx/cf/code/BytecodeArray$Visitor;)I @ 1597
Event: 6.702 Thread 0x0000000016577000 Uncommon trap: reason=bimorphic action=maybe_recompile pc=0x0000000002bfd3d0 method=com.android.dx.rop.code.RegisterSpec.getFrameType()Lcom/android/dx/rop/type/TypeBearer; @ 4
Event: 7.153 Thread 0x0000000016577000 Uncommon trap: reason=bimorphic action=maybe_recompile pc=0x0000000002bfd3d0 method=com.android.dx.rop.code.RegisterSpec.getFrameType()Lcom/android/dx/rop/type/TypeBearer; @ 4
Event: 8.095 Thread 0x0000000016c28000 Uncommon trap: reason=bimorphic action=maybe_recompile pc=0x0000000002bfd3d0 method=com.android.dx.rop.code.RegisterSpec.getFrameType()Lcom/android/dx/rop/type/TypeBearer; @ 4
Event: 8.334 Thread 0x0000000016c28000 Uncommon trap: reason=bimorphic action=maybe_recompile pc=0x0000000002bfd3d0 method=com.android.dx.rop.code.RegisterSpec.getFrameType()Lcom/android/dx/rop/type/TypeBearer; @ 4
Event: 10.344 Thread 0x0000000016577000 Uncommon trap: reason=unreached action=reinterpret pc=0x0000000002aefc94 method=com.android.dx.ssa.MoveParamCombiner$1.visitNonMoveInsn(Lcom/android/dx/ssa/NormalSsaInsn;)V @ 27
Event: 10.367 Thread 0x0000000016c28000 Uncommon trap: reason=bimorphic action=maybe_recompile pc=0x0000000002d575bc method=com.android.dx.ssa.LiteralOpUpgrader.tryReplacingWithConstant(Lcom/android/dx/ssa/NormalSsaInsn;)Z @ 62
Event: 10.370 Thread 0x0000000016c28000 Uncommon trap: reason=bimorphic action=maybe_recompile pc=0x0000000002d575bc method=com.android.dx.ssa.LiteralOpUpgrader.tryReplacingWithConstant(Lcom/android/dx/ssa/NormalSsaInsn;)Z @ 62

Internal exceptions (10 events):
Event: 0.963 Thread 0x0000000016577000 Exception <a 'java/security/PrivilegedActionException'> (0x00000000ec882938) thrown at [D:\re\workspace\8-2-build-windows-amd64-cygwin\jdk8u20\1074\hotspot\src\share\vm\prims\jvm.cpp, line 1275]
Event: 1.034 Thread 0x0000000016577800 Implicit null exception at 0x0000000002760922 to 0x0000000002760a21
Event: 1.339 Thread 0x0000000016c28000 Exception <a 'java/security/PrivilegedActionException'> (0x00000000ebd5c948) thrown at [D:\re\workspace\8-2-build-windows-amd64-cygwin\jdk8u20\1074\hotspot\src\share\vm\prims\jvm.cpp, line 1275]
Event: 1.763 Thread 0x0000000016cb0000 Implicit null exception at 0x0000000002a009b8 to 0x0000000002a00c05
Event: 1.831 Thread 0x000000000230d800 Exception <a 'java/security/PrivilegedActionException'> (0x00000000ec8c6c40) thrown at [D:\re\workspace\8-2-build-windows-amd64-cygwin\jdk8u20\1074\hotspot\src\share\vm\prims\jvm.cpp, line 1275]
Event: 1.969 Thread 0x0000000016577000 Exception <a 'java/lang/ArrayIndexOutOfBoundsException': 18> (0x00000000eb84ff18) thrown at [D:\re\workspace\8-2-build-windows-amd64-cygwin\jdk8u20\1074\hotspot\src\share\vm\interpreter\interpreterRuntime.cpp, line 366]
Event: 1.969 Thread 0x0000000016577000 Exception <a 'java/lang/ArrayIndexOutOfBoundsException': 145> (0x00000000eb8519b0) thrown at [D:\re\workspace\8-2-build-windows-amd64-cygwin\jdk8u20\1074\hotspot\src\share\vm\interpreter\interpreterRuntime.cpp, line 366]
Event: 1.970 Thread 0x0000000016577000 Exception <a 'java/lang/ArrayIndexOutOfBoundsException'> (0x00000000eb852bc8) thrown at [D:\re\workspace\8-2-build-windows-amd64-cygwin\jdk8u20\1074\hotspot\src\share\vm\runtime\sharedRuntime.cpp, line 604]
Event: 3.012 Thread 0x0000000016cb0000 Exception <a 'java/security/PrivilegedActionException'> (0x00000000ec865f58) thrown at [D:\re\workspace\8-2-build-windows-amd64-cygwin\jdk8u20\1074\hotspot\src\share\vm\prims\jvm.cpp, line 1275]
Event: 5.488 Thread 0x000000000230d800 Exception <a 'java/security/PrivilegedActionException'> (0x00000000f08ef588) thrown at [D:\re\workspace\8-2-build-windows-amd64-cygwin\jdk8u20\1074\hotspot\src\share\vm\prims\jvm.cpp, line 1275]

Events (10 events):
Event: 10.557 Thread 0x0000000016cb0000 DEOPT PACKING pc=0x0000000002971f62 sp=0x00000000181fe8b0
Event: 10.557 Thread 0x0000000016cb0000 DEOPT UNPACKING pc=0x00000000024575bf sp=0x00000000181fe6f0 mode 0
Event: 10.616 Thread 0x0000000016577000 DEOPT PACKING pc=0x0000000002972291 sp=0x00000000183fe650
Event: 10.616 Thread 0x0000000016577000 DEOPT UNPACKING pc=0x00000000024575bf sp=0x00000000183fe490 mode 0
Event: 10.620 Thread 0x0000000016cb0000 DEOPT PACKING pc=0x0000000002d037ef sp=0x00000000181fea90
Event: 10.620 Thread 0x0000000016cb0000 DEOPT UNPACKING pc=0x00000000024575bf sp=0x00000000181fe850 mode 0
Event: 10.642 Thread 0x0000000016cb0000 DEOPT PACKING pc=0x00000000028d63b1 sp=0x00000000181fea70
Event: 10.642 Thread 0x0000000016cb0000 DEOPT UNPACKING pc=0x00000000024575bf sp=0x00000000181fe800 mode 0
Event: 10.656 Thread 0x0000000016cb0000 DEOPT PACKING pc=0x0000000002972175 sp=0x00000000181fe8b0
Event: 10.656 Thread 0x0000000016cb0000 DEOPT UNPACKING pc=0x00000000024575bf sp=0x00000000181fe6f0 mode 0


Dynamic libraries:
0x00007ff761560000 - 0x00007ff761594000 	C:\Program Files\Java\jdk1.8.0_20\bin\java.exe
0x00007fff74ae0000 - 0x00007fff74ca1000 	C:\WINDOWS\SYSTEM32\ntdll.dll
0x00007fff74760000 - 0x00007fff7480d000 	C:\WINDOWS\system32\KERNEL32.DLL
0x00007fff71320000 - 0x00007fff71508000 	C:\WINDOWS\system32\KERNELBASE.dll
0x00007fff744f0000 - 0x00007fff74597000 	C:\WINDOWS\system32\ADVAPI32.dll
0x00007fff737e0000 - 0x00007fff7387d000 	C:\WINDOWS\system32\msvcrt.dll
0x00007fff74700000 - 0x00007fff7475b000 	C:\WINDOWS\system32\sechost.dll
0x00007fff736c0000 - 0x00007fff737dc000 	C:\WINDOWS\system32\RPCRT4.dll
0x00007fff745a0000 - 0x00007fff746f6000 	C:\WINDOWS\system32\USER32.dll
0x00007fff74950000 - 0x00007fff74ad6000 	C:\WINDOWS\system32\GDI32.dll
0x00007fff656f0000 - 0x00007fff65964000 	C:\WINDOWS\WinSxS\amd64_microsoft.windows.common-controls_6595b64144ccf1df_6.0.10586.0_none_8c15ae12515e1c22\COMCTL32.dll
0x00007fff73880000 - 0x00007fff73afd000 	C:\WINDOWS\system32\combase.dll
0x00007fff71170000 - 0x00007fff711da000 	C:\WINDOWS\system32\bcryptPrimitives.dll
0x00007fff73be0000 - 0x00007fff73c1b000 	C:\WINDOWS\system32\IMM32.DLL
0x000000006fe30000 - 0x000000006ff02000 	C:\Program Files\Java\jdk1.8.0_20\jre\bin\msvcr100.dll
0x000000006ec80000 - 0x000000006f4d8000 	C:\Program Files\Java\jdk1.8.0_20\jre\bin\server\jvm.dll
0x00007fff73620000 - 0x00007fff73628000 	C:\WINDOWS\system32\PSAPI.DLL
0x00007fff66da0000 - 0x00007fff66da9000 	C:\WINDOWS\SYSTEM32\WSOCK32.dll
0x00007fff6f7e0000 - 0x00007fff6f803000 	C:\WINDOWS\SYSTEM32\WINMM.dll
0x00007fff748e0000 - 0x00007fff7494b000 	C:\WINDOWS\system32\WS2_32.dll
0x00007fff6f780000 - 0x00007fff6f7ac000 	C:\WINDOWS\SYSTEM32\WINMMBASE.dll
0x00007fff71530000 - 0x00007fff71573000 	C:\WINDOWS\system32\cfgmgr32.dll
0x0000000070390000 - 0x000000007039f000 	C:\Program Files\Java\jdk1.8.0_20\jre\bin\verify.dll
0x000000006fe00000 - 0x000000006fe28000 	C:\Program Files\Java\jdk1.8.0_20\jre\bin\java.dll
0x000000006ec60000 - 0x000000006ec76000 	C:\Program Files\Java\jdk1.8.0_20\jre\bin\zip.dll
0x00007fff720c0000 - 0x00007fff7361c000 	C:\WINDOWS\system32\SHELL32.dll
0x00007fff71750000 - 0x00007fff71d95000 	C:\WINDOWS\system32\windows.storage.dll
0x00007fff73660000 - 0x00007fff736b2000 	C:\WINDOWS\system32\shlwapi.dll
0x00007fff710e0000 - 0x00007fff710ef000 	C:\WINDOWS\system32\kernel.appcore.dll
0x00007fff71da0000 - 0x00007fff71e55000 	C:\WINDOWS\system32\shcore.dll
0x00007fff71120000 - 0x00007fff7116b000 	C:\WINDOWS\system32\powrprof.dll
0x00007fff71100000 - 0x00007fff71114000 	C:\WINDOWS\system32\profapi.dll
0x00007fff65a40000 - 0x00007fff65bcc000 	C:\WINDOWS\SYSTEM32\dbghelp.dll

VM Arguments:
jvm_args: -Djava.awt.headless=true -Xmx1024M -Dfile.encoding=windows-1252 -Duser.country=US -Duser.language=en -Duser.variant 
java_command: com.android.dx.command.Main --dex --num-threads=4 --multi-dex --main-dex-list C:\Users\admin\Documents\GitHub\ShaneelSD\SoftwareDesign\FindMeTutor\FindMeTutor\tutor_app\build\intermediates\multi-dex\debug\maindexlist.txt --output C:\Users\admin\Documents\GitHub\ShaneelSD\SoftwareDesign\FindMeTutor\FindMeTutor\tutor_app\build\intermediates\transforms\dex\debug\folders\1000\1f\main C:\Users\admin\Documents\GitHub\ShaneelSD\SoftwareDesign\FindMeTutor\FindMeTutor\tutor_app\build\intermediates\transforms\jarMerging\debug\jars\1\1f\combined.jar
java_class_path (initial): C:\Users\admin\AppData\Local\Android\sdk\build-tools\24.0.1\lib\dx.jar
Launcher Type: SUN_STANDARD

Environment Variables:
PATH=C:\ProgramData\Oracle\Java\javapath;C:\Program Files (x86)\Intel\iCLS Client\;C:\Program Files\Intel\iCLS Client\;C:\WINDOWS\system32;C:\WINDOWS;C:\WINDOWS\System32\Wbem;C:\WINDOWS\System32\WindowsPowerShell\v1.0\;C:\Program Files\Intel\Intel(R) Management Engine Components\DAL;C:\Program Files\Intel\Intel(R) Management Engine Components\IPT;C:\Program Files (x86)\Intel\Intel(R) Management Engine Components\DAL;C:\Program Files (x86)\Intel\Intel(R) Management Engine Components\IPT;C:\Program Files\WIDCOMM\Bluetooth Software\;C:\Program Files\WIDCOMM\Bluetooth Software\syswow64;C:\Program Files (x86)\Intel\OpenCL SDK\2.0\bin\x86;C:\Program Files (x86)\Intel\OpenCL SDK\2.0\bin\x64;C:\Program Files\Intel\WiFi\bin\;C:\Program Files\Common Files\Intel\WirelessCommon\;c:\Program Files (x86)\Microsoft SQL Server\100\Tools\Binn\;c:\Program Files\Microsoft SQL Server\100\Tools\Binn\;c:\Program Files\Microsoft SQL Server\100\DTS\Binn\;C:\Program Files (x86)\MySQL\MySQL Fabric 1.5.4 & MySQL Utilities 1.5.4 1.5\;C:\Program Files (x86)\MySQL\MySQL Fabric 1.5.4 & MySQL Utilities 1.5.4 1.5\Doctrine extensions for PHP\;C:\Program Files (x86)\Borland\Delphi7\Bin;C:\Program Files (x86)\Borland\Delphi7\Projects\Bpl;C:\Program Files (x86)\Borland\Delphi7\Rave5;C:\Program Files\Git\cmd;C:\Program Files\Intel\WiFi\bin\;C:\Program Files\Common Files\Intel\WirelessCommon\
USERNAME=admin
OS=Windows_NT
PROCESSOR_IDENTIFIER=Intel64 Family 6 Model 58 Stepping 9, GenuineIntel



---------------  S Y S T E M  ---------------

OS: Windows 8.1 , 64 bit Build 9600 

CPU:total 4 (2 cores per cpu, 2 threads per core) family 6 model 58 stepping 9, cmov, cx8, fxsr, mmx, sse, sse2, sse3, ssse3, sse4.1, sse4.2, popcnt, avx, aes, clmul, erms, ht, tsc, tscinvbit, tscinv

Memory: 4k page, physical 8258576k(1564444k free), swap 10306576k(65968k free)

vm_info: Java HotSpot(TM) 64-Bit Server VM (25.20-b23) for windows-amd64 JRE (1.8.0_20-b26), built on Jul 30 2014 13:51:23 by "java_re" with MS VC++ 10.0 (VS2010)

time: Fri Sep 23 14:02:43 2016
elapsed time: 11 seconds (0d 0h 0m 11s)

