#
# There is insufficient memory for the Java Runtime Environment to continue.
# Native memory allocation (malloc) failed to allocate 1710736 bytes for Chunk::new
# Possible reasons:
#   The system is out of physical RAM or swap space
#   In 32 bit mode, the process size limit was hit
# Possible solutions:
#   Reduce memory load on the system
#   Increase physical memory or swap space
#   Check if swap backing store is full
#   Use 64 bit Java on a 64 bit OS
#   Decrease Java heap size (-Xmx/-Xms)
#   Decrease number of Java threads
#   Decrease Java thread stack sizes (-Xss)
#   Set larger code cache with -XX:ReservedCodeCacheSize=
# This output file may be truncated or incomplete.
#
#  Out of Memory Error (allocation.cpp:390), pid=10452, tid=13648
#
# JRE version: Java(TM) SE Runtime Environment (8.0_20-b26) (build 1.8.0_20-b26)
# Java VM: Java HotSpot(TM) 64-Bit Server VM (25.20-b23 mixed mode windows-amd64 compressed oops)
# Failed to write core dump. Minidumps are not enabled by default on client versions of Windows
#

---------------  T H R E A D  ---------------

Current thread (0x0000000014950000):  JavaThread "C2 CompilerThread1" daemon [_thread_in_native, id=13648, stack(0x0000000015fc0000,0x00000000160c0000)]

Stack: [0x0000000015fc0000,0x00000000160c0000]
Native frames: (J=compiled Java code, j=interpreted, Vv=VM code, C=native code)
V  [jvm.dll+0x3152fa]
V  [jvm.dll+0x265d03]
V  [jvm.dll+0x266943]
V  [jvm.dll+0x25e265]
V  [jvm.dll+0xbe255]
V  [jvm.dll+0xbe6fc]
V  [jvm.dll+0x45c472]
V  [jvm.dll+0x49d76f]
V  [jvm.dll+0x451911]
V  [jvm.dll+0x452634]
V  [jvm.dll+0x435fc2]
V  [jvm.dll+0x97b62]
V  [jvm.dll+0x98353]
V  [jvm.dll+0x22aac4]
V  [jvm.dll+0x283f5a]
C  [msvcr100.dll+0x21d9f]
C  [msvcr100.dll+0x21e3b]
C  [KERNEL32.DLL+0x18102]
C  [ntdll.dll+0x5c5b4]


Current CompileTask:
C2:   4986 1510   !   4       com.android.dx.cf.code.BytecodeArray::parseInstruction (2764 bytes)


---------------  P R O C E S S  ---------------

Java Threads: ( => current thread )
  0x0000000016603800 JavaThread "pool-1-thread-4" [_thread_blocked, id=7292, stack(0x00000000173c0000,0x00000000174c0000)]
  0x00000000165ff800 JavaThread "pool-1-thread-3" [_thread_blocked, id=2664, stack(0x00000000172c0000,0x00000000173c0000)]
  0x000000001674e000 JavaThread "pool-1-thread-2" [_thread_blocked, id=6632, stack(0x00000000171c0000,0x00000000172c0000)]
  0x000000001674b000 JavaThread "pool-2-thread-1" [_thread_blocked, id=14316, stack(0x00000000170c0000,0x00000000171c0000)]
  0x000000001661c800 JavaThread "pool-1-thread-1" [_thread_blocked, id=11472, stack(0x0000000016fc0000,0x00000000170c0000)]
  0x0000000014957000 JavaThread "Service Thread" daemon [_thread_blocked, id=7884, stack(0x00000000161c0000,0x00000000162c0000)]
  0x0000000014953000 JavaThread "C1 CompilerThread2" daemon [_thread_blocked, id=204, stack(0x00000000160c0000,0x00000000161c0000)]
=>0x0000000014950000 JavaThread "C2 CompilerThread1" daemon [_thread_in_native, id=13648, stack(0x0000000015fc0000,0x00000000160c0000)]
  0x000000001494d800 JavaThread "C2 CompilerThread0" daemon [_thread_in_native, id=4964, stack(0x0000000015ec0000,0x0000000015fc0000)]
  0x000000001494b800 JavaThread "Attach Listener" daemon [_thread_blocked, id=13388, stack(0x0000000015dc0000,0x0000000015ec0000)]
  0x000000001494a000 JavaThread "Signal Dispatcher" daemon [_thread_blocked, id=12284, stack(0x0000000015cc0000,0x0000000015dc0000)]
  0x000000000226f000 JavaThread "Finalizer" daemon [_thread_blocked, id=8260, stack(0x0000000015bc0000,0x0000000015cc0000)]
  0x0000000014918000 JavaThread "Reference Handler" daemon [_thread_blocked, id=2412, stack(0x0000000015ac0000,0x0000000015bc0000)]
  0x00000000001dd800 JavaThread "main" [_thread_blocked, id=1684, stack(0x0000000002080000,0x0000000002180000)]

Other Threads:
  0x0000000014916000 VMThread [stack: 0x00000000159c0000,0x0000000015ac0000] [id=1208]
  0x000000001495a000 WatcherThread [stack: 0x00000000162c0000,0x00000000163c0000] [id=12160]

VM state:not at safepoint (normal execution)

VM Mutex/Monitor currently owned by a thread: None

Heap:
 PSYoungGen      total 38400K, used 15060K [0x00000000eab00000, 0x00000000ed580000, 0x0000000100000000)
  eden space 33280K, 29% used [0x00000000eab00000,0x00000000eb4b6580,0x00000000ecb80000)
  from space 5120K, 99% used [0x00000000ed080000,0x00000000ed57eaa8,0x00000000ed580000)
  to   space 5120K, 0% used [0x00000000ecb80000,0x00000000ecb80000,0x00000000ed080000)
 ParOldGen       total 87552K, used 6039K [0x00000000c0000000, 0x00000000c5580000, 0x00000000eab00000)
  object space 87552K, 6% used [0x00000000c0000000,0x00000000c05e5c58,0x00000000c5580000)
 Metaspace       used 6143K, capacity 7088K, committed 7296K, reserved 1056768K
  class space    used 592K, capacity 616K, committed 640K, reserved 1048576K

Card table byte_map: [0x0000000011640000,0x0000000011850000] byte_map_base: 0x0000000011040000

Marking Bits: (ParMarkBitMap*) 0x00000000546eb460
 Begin Bits: [0x0000000011db0000, 0x0000000012db0000)
 End Bits:   [0x0000000012db0000, 0x0000000013db0000)

Polling page: 0x0000000000420000

CodeCache: size=245760Kb used=6489Kb max_used=6489Kb free=239270Kb
 bounds [0x0000000002280000, 0x00000000028e0000, 0x0000000011280000]
 total_blobs=1824 nmethods=1558 adapters=178
 compilation: enabled

Compilation events (10 events):
Event: 4.943 Thread 0x0000000014953000 1573       2       com.android.dx.cf.code.ConcreteMethod::<init> (262 bytes)
Event: 4.944 Thread 0x0000000014953000 nmethod 1573 0x00000000028d6790 code [0x00000000028d69e0, 0x00000000028d7278]
Event: 4.946 Thread 0x0000000014953000 1574       2       java.util.TreeMap$PrivateEntryIterator::<init> (28 bytes)
Event: 4.946 Thread 0x0000000014953000 nmethod 1574 0x00000000028d7b90 code [0x00000000028d7ce0, 0x00000000028d7e70]
Event: 4.956 Thread 0x0000000014953000 1575       2       com.android.dx.cf.code.LocalVariableList::get (9 bytes)
Event: 4.957 Thread 0x0000000014953000 nmethod 1575 0x00000000028d7f50 code [0x00000000028d80c0, 0x00000000028d8268]
Event: 4.957 Thread 0x0000000014953000 1576       2       com.android.dx.cf.code.LocalVariableList::set (21 bytes)
Event: 4.957 Thread 0x0000000014953000 nmethod 1576 0x00000000028d8310 code [0x00000000028d84c0, 0x00000000028d8978]
Event: 4.961 Thread 0x0000000014953000 1577       1       com.android.dx.ssa.PhiInsn::getOriginalRopInsn (2 bytes)
Event: 4.961 Thread 0x0000000014953000 nmethod 1577 0x00000000028d8e10 code [0x00000000028d8f60, 0x00000000028d9070]

GC Heap History (4 events):
Event: 2.730 GC heap before
{Heap before GC invocations=1 (full 0):
 PSYoungGen      total 38400K, used 33280K [0x00000000eab00000, 0x00000000ed580000, 0x0000000100000000)
  eden space 33280K, 100% used [0x00000000eab00000,0x00000000ecb80000,0x00000000ecb80000)
  from space 5120K, 0% used [0x00000000ed080000,0x00000000ed080000,0x00000000ed580000)
  to   space 5120K, 0% used [0x00000000ecb80000,0x00000000ecb80000,0x00000000ed080000)
 ParOldGen       total 87552K, used 0K [0x00000000c0000000, 0x00000000c5580000, 0x00000000eab00000)
  object space 87552K, 0% used [0x00000000c0000000,0x00000000c0000000,0x00000000c5580000)
 Metaspace       used 5938K, capacity 6960K, committed 7040K, reserved 1056768K
  class space    used 589K, capacity 616K, committed 640K, reserved 1048576K
Event: 2.755 GC heap after
Heap after GC invocations=1 (full 0):
 PSYoungGen      total 38400K, used 5095K [0x00000000eab00000, 0x00000000ed580000, 0x0000000100000000)
  eden space 33280K, 0% used [0x00000000eab00000,0x00000000eab00000,0x00000000ecb80000)
  from space 5120K, 99% used [0x00000000ecb80000,0x00000000ed079c78,0x00000000ed080000)
  to   space 5120K, 0% used [0x00000000ed080000,0x00000000ed080000,0x00000000ed580000)
 ParOldGen       total 87552K, used 1549K [0x00000000c0000000, 0x00000000c5580000, 0x00000000eab00000)
  object space 87552K, 1% used [0x00000000c0000000,0x00000000c01837f8,0x00000000c5580000)
 Metaspace       used 5938K, capacity 6960K, committed 7040K, reserved 1056768K
  class space    used 589K, capacity 616K, committed 640K, reserved 1048576K
}
Event: 4.570 GC heap before
{Heap before GC invocations=2 (full 0):
 PSYoungGen      total 38400K, used 38375K [0x00000000eab00000, 0x00000000ed580000, 0x0000000100000000)
  eden space 33280K, 100% used [0x00000000eab00000,0x00000000ecb80000,0x00000000ecb80000)
  from space 5120K, 99% used [0x00000000ecb80000,0x00000000ed079c78,0x00000000ed080000)
  to   space 5120K, 0% used [0x00000000ed080000,0x00000000ed080000,0x00000000ed580000)
 ParOldGen       total 87552K, used 1549K [0x00000000c0000000, 0x00000000c5580000, 0x00000000eab00000)
  object space 87552K, 1% used [0x00000000c0000000,0x00000000c01837f8,0x00000000c5580000)
 Metaspace       used 6100K, capacity 7088K, committed 7296K, reserved 1056768K
  class space    used 592K, capacity 616K, committed 640K, reserved 1048576K
Event: 4.843 GC heap after
Heap after GC invocations=2 (full 0):
 PSYoungGen      total 38400K, used 5114K [0x00000000eab00000, 0x00000000ed580000, 0x0000000100000000)
  eden space 33280K, 0% used [0x00000000eab00000,0x00000000eab00000,0x00000000ecb80000)
  from space 5120K, 99% used [0x00000000ed080000,0x00000000ed57eaa8,0x00000000ed580000)
  to   space 5120K, 0% used [0x00000000ecb80000,0x00000000ecb80000,0x00000000ed080000)
 ParOldGen       total 87552K, used 6039K [0x00000000c0000000, 0x00000000c5580000, 0x00000000eab00000)
  object space 87552K, 6% used [0x00000000c0000000,0x00000000c05e5c58,0x00000000c5580000)
 Metaspace       used 6100K, capacity 7088K, committed 7296K, reserved 1056768K
  class space    used 592K, capacity 616K, committed 640K, reserved 1048576K
}

Deoptimization events (10 events):
Event: 2.776 Thread 0x00000000165ff800 Uncommon trap: reason=class_check action=maybe_recompile pc=0x00000000026b3f5c method=com.android.dx.ssa.NormalSsaInsn.accept(Lcom/android/dx/ssa/SsaInsn$Visitor;)V @ 9
Event: 2.797 Thread 0x00000000165ff800 Uncommon trap: reason=class_check action=maybe_recompile pc=0x0000000002514354 method=com.android.dx.ssa.NormalSsaInsn.accept(Lcom/android/dx/ssa/SsaInsn$Visitor;)V @ 9
Event: 2.797 Thread 0x00000000165ff800 Uncommon trap: reason=class_check action=maybe_recompile pc=0x00000000024b3b30 method=com.android.dx.ssa.NormalSsaInsn.accept(Lcom/android/dx/ssa/SsaInsn$Visitor;)V @ 9
Event: 2.896 Thread 0x000000001661c800 Uncommon trap: reason=null_check action=make_not_entrant pc=0x00000000027c2c70 method=com.android.dx.ssa.SsaRenamer.getLocalForNewReg(I)Lcom/android/dx/rop/code/LocalItem; @ 19
Event: 2.903 Thread 0x00000000001dd800 Uncommon trap: reason=unloaded action=reinterpret pc=0x00000000026db1f0 method=com.android.dx.cf.cst.ConstantPoolParser.parse0(ILjava/util/BitSet;)Lcom/android/dx/rop/cst/Constant; @ 198
Event: 2.965 Thread 0x0000000016603800 Uncommon trap: reason=uninitialized action=reinterpret pc=0x00000000027732dc method=com.android.dx.cf.code.BytecodeArray.parseInstruction(ILcom/android/dx/cf/code/BytecodeArray$Visitor;)I @ 1031
Event: 3.527 Thread 0x000000001661c800 Uncommon trap: reason=unreached action=reinterpret pc=0x000000000265db5c method=com.android.dx.ssa.SsaMethod.updateOneDefinition(Lcom/android/dx/ssa/SsaInsn;Lcom/android/dx/rop/code/RegisterSpec;)V @ 4
Event: 3.549 Thread 0x0000000016603800 Uncommon trap: reason=bimorphic action=maybe_recompile pc=0x0000000002678594 method=java.util.HashMap.putVal(ILjava/lang/Object;Ljava/lang/Object;ZZ)Ljava/lang/Object; @ 91
Event: 4.120 Thread 0x0000000016603800 Uncommon trap: reason=unreached action=reinterpret pc=0x000000000265821c method=com.android.dx.rop.cst.Constant.compareTo(Lcom/android/dx/rop/cst/Constant;)I @ 12
Event: 4.933 Thread 0x000000001661c800 Uncommon trap: reason=null_check action=make_not_entrant pc=0x000000000280c1bc method=com.android.dx.ssa.SsaRenamer.getLocalForNewReg(I)Lcom/android/dx/rop/code/LocalItem; @ 19

Internal exceptions (10 events):
Event: 1.234 Thread 0x000000001674e000 Exception <a 'java/security/PrivilegedActionException'> (0x00000000eb9c08e8) thrown at [D:\re\workspace\8-2-build-windows-amd64-cygwin\jdk8u20\1074\hotspot\src\share\vm\prims\jvm.cpp, line 1275]
Event: 1.234 Thread 0x000000001674e000 Exception <a 'java/security/PrivilegedActionException'> (0x00000000eb9c62d8) thrown at [D:\re\workspace\8-2-build-windows-amd64-cygwin\jdk8u20\1074\hotspot\src\share\vm\prims\jvm.cpp, line 1275]
Event: 1.235 Thread 0x000000001674e000 Exception <a 'java/security/PrivilegedActionException'> (0x00000000eb9cba08) thrown at [D:\re\workspace\8-2-build-windows-amd64-cygwin\jdk8u20\1074\hotspot\src\share\vm\prims\jvm.cpp, line 1275]
Event: 1.291 Thread 0x000000001661c800 Exception <a 'java/security/PrivilegedActionException'> (0x00000000eba57c68) thrown at [D:\re\workspace\8-2-build-windows-amd64-cygwin\jdk8u20\1074\hotspot\src\share\vm\prims\jvm.cpp, line 1275]
Event: 1.297 Thread 0x000000001661c800 Exception <a 'java/security/PrivilegedActionException'> (0x00000000eba72300) thrown at [D:\re\workspace\8-2-build-windows-amd64-cygwin\jdk8u20\1074\hotspot\src\share\vm\prims\jvm.cpp, line 1275]
Event: 1.932 Thread 0x00000000001dd800 Exception <a 'java/security/PrivilegedActionException'> (0x00000000ebf5eca0) thrown at [D:\re\workspace\8-2-build-windows-amd64-cygwin\jdk8u20\1074\hotspot\src\share\vm\prims\jvm.cpp, line 1275]
Event: 1.943 Thread 0x00000000001dd800 Exception <a 'java/security/PrivilegedActionException'> (0x00000000ebf6a880) thrown at [D:\re\workspace\8-2-build-windows-amd64-cygwin\jdk8u20\1074\hotspot\src\share\vm\prims\jvm.cpp, line 1275]
Event: 2.896 Thread 0x000000001661c800 Implicit null exception at 0x00000000027c1858 to 0x00000000027c2c55
Event: 3.526 Thread 0x000000001661c800 Exception <a 'java/security/PrivilegedActionException'> (0x00000000ec218f28) thrown at [D:\re\workspace\8-2-build-windows-amd64-cygwin\jdk8u20\1074\hotspot\src\share\vm\prims\jvm.cpp, line 1275]
Event: 4.933 Thread 0x000000001661c800 Implicit null exception at 0x000000000280ae37 to 0x000000000280c181

Events (10 events):
Event: 3.559 Thread 0x000000001674e000 DEOPT PACKING pc=0x000000000258377c sp=0x00000000172be750
Event: 3.559 Thread 0x000000001674e000 DEOPT UNPACKING pc=0x00000000022c75bf sp=0x00000000172be518 mode 0
Event: 4.120 Thread 0x0000000016603800 Uncommon trap: trap_request=0xffffffad fr.pc=0x000000000265821c
Event: 4.120 Thread 0x0000000016603800 DEOPT PACKING pc=0x000000000265821c sp=0x00000000174be2e0
Event: 4.120 Thread 0x0000000016603800 DEOPT UNPACKING pc=0x00000000022c556a sp=0x00000000174be280 mode 2
Event: 4.123 Executing VM operation: ParallelGCFailedAllocation
Event: 4.843 Executing VM operation: ParallelGCFailedAllocation done
Event: 4.933 Thread 0x000000001661c800 Uncommon trap: trap_request=0xfffffff4 fr.pc=0x000000000280c1bc
Event: 4.933 Thread 0x000000001661c800 DEOPT PACKING pc=0x000000000280c1bc sp=0x00000000170be870
Event: 4.933 Thread 0x000000001661c800 DEOPT UNPACKING pc=0x00000000022c556a sp=0x00000000170be6b8 mode 2


Dynamic libraries:
0x00007ff668390000 - 0x00007ff6683c4000 	C:\Program Files\Java\jdk1.8.0_20\bin\java.exe
0x00007ff87a1c0000 - 0x00007ff87a381000 	C:\WINDOWS\SYSTEM32\ntdll.dll
0x00007ff878700000 - 0x00007ff8787ad000 	C:\WINDOWS\system32\KERNEL32.DLL
0x00007ff877160000 - 0x00007ff877348000 	C:\WINDOWS\system32\KERNELBASE.dll
0x00007ff877c00000 - 0x00007ff877ca7000 	C:\WINDOWS\system32\ADVAPI32.dll
0x00007ff8787b0000 - 0x00007ff87884d000 	C:\WINDOWS\system32\msvcrt.dll
0x00007ff878540000 - 0x00007ff87859b000 	C:\WINDOWS\system32\sechost.dll
0x00007ff877990000 - 0x00007ff877aac000 	C:\WINDOWS\system32\RPCRT4.dll
0x00007ff8785a0000 - 0x00007ff8786f6000 	C:\WINDOWS\system32\USER32.dll
0x00007ff87a020000 - 0x00007ff87a1a6000 	C:\WINDOWS\system32\GDI32.dll
0x00007ff869f30000 - 0x00007ff86a1a4000 	C:\WINDOWS\WinSxS\amd64_microsoft.windows.common-controls_6595b64144ccf1df_6.0.10586.0_none_8c15ae12515e1c22\COMCTL32.dll
0x00007ff877610000 - 0x00007ff87788d000 	C:\WINDOWS\system32\combase.dll
0x00007ff877400000 - 0x00007ff87746a000 	C:\WINDOWS\system32\bcryptPrimitives.dll
0x00007ff877e30000 - 0x00007ff877e6b000 	C:\WINDOWS\system32\IMM32.DLL
0x0000000054770000 - 0x0000000054842000 	C:\Program Files\Java\jdk1.8.0_20\jre\bin\msvcr100.dll
0x0000000053f10000 - 0x0000000054768000 	C:\Program Files\Java\jdk1.8.0_20\jre\bin\server\jvm.dll
0x00007ff877980000 - 0x00007ff877988000 	C:\WINDOWS\system32\PSAPI.DLL
0x00007ff86c970000 - 0x00007ff86c979000 	C:\WINDOWS\SYSTEM32\WSOCK32.dll
0x00007ff8775a0000 - 0x00007ff87760b000 	C:\WINDOWS\system32\WS2_32.dll
0x00007ff874fb0000 - 0x00007ff874fd3000 	C:\WINDOWS\SYSTEM32\WINMM.dll
0x00007ff874f50000 - 0x00007ff874f7c000 	C:\WINDOWS\SYSTEM32\WINMMBASE.dll
0x00007ff877490000 - 0x00007ff8774d3000 	C:\WINDOWS\system32\cfgmgr32.dll
0x0000000053f00000 - 0x0000000053f0f000 	C:\Program Files\Java\jdk1.8.0_20\jre\bin\verify.dll
0x0000000053ed0000 - 0x0000000053ef8000 	C:\Program Files\Java\jdk1.8.0_20\jre\bin\java.dll
0x0000000053eb0000 - 0x0000000053ec6000 	C:\Program Files\Java\jdk1.8.0_20\jre\bin\zip.dll
0x00007ff878900000 - 0x00007ff879e5c000 	C:\WINDOWS\system32\SHELL32.dll
0x00007ff876ab0000 - 0x00007ff8770f5000 	C:\WINDOWS\system32\windows.storage.dll
0x00007ff877fe0000 - 0x00007ff878032000 	C:\WINDOWS\system32\shlwapi.dll
0x00007ff876840000 - 0x00007ff87684f000 	C:\WINDOWS\system32\kernel.appcore.dll
0x00007ff8774e0000 - 0x00007ff877595000 	C:\WINDOWS\system32\shcore.dll
0x00007ff8767f0000 - 0x00007ff87683b000 	C:\WINDOWS\system32\powrprof.dll
0x00007ff8767c0000 - 0x00007ff8767d4000 	C:\WINDOWS\system32\profapi.dll
0x00007ff86ba30000 - 0x00007ff86bbbc000 	C:\WINDOWS\SYSTEM32\dbghelp.dll

VM Arguments:
jvm_args: -Djava.awt.headless=true -Xmx1024M -Dfile.encoding=windows-1252 -Duser.country=US -Duser.language=en -Duser.variant 
java_command: com.android.dx.command.Main --dex --num-threads=4 --output C:\Users\admin\Documents\GitHub\SoftwareDesign\FindMeTutor\FindMeTutor\tutor_app\build\intermediates\pre-dexed\debug\com.android.support-support-media-compat-24.2.0_d0656ed1330a6ab992b4a0ec80da4d53ac20b0eb.jar C:\Users\admin\Documents\GitHub\SoftwareDesign\FindMeTutor\FindMeTutor\tutor_app\build\intermediates\exploded-aar\com.android.support\support-media-compat\24.2.0\jars\classes.jar
java_class_path (initial): C:\Users\admin\AppData\Local\Android\sdk\build-tools\24.0.1\lib\dx.jar
Launcher Type: SUN_STANDARD

Environment Variables:
PATH=C:\ProgramData\Oracle\Java\javapath;C:\Program Files (x86)\Intel\iCLS Client\;C:\Program Files\Intel\iCLS Client\;C:\WINDOWS\system32;C:\WINDOWS;C:\WINDOWS\System32\Wbem;C:\WINDOWS\System32\WindowsPowerShell\v1.0\;C:\Program Files\Intel\Intel(R) Management Engine Components\DAL;C:\Program Files\Intel\Intel(R) Management Engine Components\IPT;C:\Program Files (x86)\Intel\Intel(R) Management Engine Components\DAL;C:\Program Files (x86)\Intel\Intel(R) Management Engine Components\IPT;C:\Program Files\WIDCOMM\Bluetooth Software\;C:\Program Files\WIDCOMM\Bluetooth Software\syswow64;C:\Program Files (x86)\Intel\OpenCL SDK\2.0\bin\x86;C:\Program Files (x86)\Intel\OpenCL SDK\2.0\bin\x64;C:\Program Files\Intel\WiFi\bin\;C:\Program Files\Common Files\Intel\WirelessCommon\;c:\Program Files (x86)\Microsoft SQL Server\100\Tools\Binn\;c:\Program Files\Microsoft SQL Server\100\Tools\Binn\;c:\Program Files\Microsoft SQL Server\100\DTS\Binn\;C:\Program Files (x86)\MySQL\MySQL Fabric 1.5.4 & MySQL Utilities 1.5.4 1.5\;C:\Program Files (x86)\MySQL\MySQL Fabric 1.5.4 & MySQL Utilities 1.5.4 1.5\Doctrine extensions for PHP\;C:\Program Files (x86)\Borland\Delphi7\Bin;C:\Program Files (x86)\Borland\Delphi7\Projects\Bpl;C:\Program Files (x86)\Borland\Delphi7\Rave5;C:\Program Files\Git\cmd;C:\Program Files\Intel\WiFi\bin\;C:\Program Files\Common Files\Intel\WirelessCommon\
USERNAME=admin
OS=Windows_NT
PROCESSOR_IDENTIFIER=Intel64 Family 6 Model 58 Stepping 9, GenuineIntel



---------------  S Y S T E M  ---------------

OS: Windows 8.1 , 64 bit Build 9600 

CPU:total 4 (2 cores per cpu, 2 threads per core) family 6 model 58 stepping 9, cmov, cx8, fxsr, mmx, sse, sse2, sse3, ssse3, sse4.1, sse4.2, popcnt, avx, aes, clmul, erms, ht, tsc, tscinvbit, tscinv

Memory: 4k page, physical 8258576k(1815664k free), swap 10306576k(5128k free)

vm_info: Java HotSpot(TM) 64-Bit Server VM (25.20-b23) for windows-amd64 JRE (1.8.0_20-b26), built on Jul 30 2014 13:51:23 by "java_re" with MS VC++ 10.0 (VS2010)

time: Tue Sep 06 22:12:17 2016
elapsed time: 4 seconds (0d 0h 0m 4s)

