#
# There is insufficient memory for the Java Runtime Environment to continue.
# Native memory allocation (malloc) failed to allocate 1418736 bytes for Chunk::new
# Possible reasons:
#   The system is out of physical RAM or swap space
#   In 32 bit mode, the process size limit was hit
# Possible solutions:
#   Reduce memory load on the system
#   Increase physical memory or swap space
#   Check if swap backing store is full
#   Use 64 bit Java on a 64 bit OS
#   Decrease Java heap size (-Xmx/-Xms)
#   Decrease number of Java threads
#   Decrease Java thread stack sizes (-Xss)
#   Set larger code cache with -XX:ReservedCodeCacheSize=
# This output file may be truncated or incomplete.
#
#  Out of Memory Error (allocation.cpp:390), pid=13452, tid=11284
#
# JRE version: Java(TM) SE Runtime Environment (8.0_20-b26) (build 1.8.0_20-b26)
# Java VM: Java HotSpot(TM) 64-Bit Server VM (25.20-b23 mixed mode windows-amd64 compressed oops)
# Failed to write core dump. Minidumps are not enabled by default on client versions of Windows
#

---------------  T H R E A D  ---------------

Current thread (0x0000000014889000):  JavaThread "C2 CompilerThread0" daemon [_thread_in_native, id=11284, stack(0x0000000015df0000,0x0000000015ef0000)]

Stack: [0x0000000015df0000,0x0000000015ef0000]
Native frames: (J=compiled Java code, j=interpreted, Vv=VM code, C=native code)
V  [jvm.dll+0x3152fa]


Current CompileTask:
C2:   3582 1303   !   4       com.android.dx.cf.cst.ConstantPoolParser::parse0 (731 bytes)


---------------  P R O C E S S  ---------------

Java Threads: ( => current thread )
  0x000000001634d800 JavaThread "pool-1-thread-4" [_thread_blocked, id=10708, stack(0x0000000016af0000,0x0000000016bf0000)]
  0x0000000016388000 JavaThread "pool-1-thread-3" [_thread_blocked, id=13176, stack(0x00000000169f0000,0x0000000016af0000)]
  0x0000000016384000 JavaThread "pool-1-thread-2" [_thread_in_vm, id=11076, stack(0x00000000168f0000,0x00000000169f0000)]
  0x000000001633d000 JavaThread "pool-2-thread-1" [_thread_blocked, id=12092, stack(0x00000000167f0000,0x00000000168f0000)]
  0x000000001633c000 JavaThread "pool-1-thread-1" [_thread_in_Java, id=1724, stack(0x00000000166f0000,0x00000000167f0000)]
  0x00000000160f3800 JavaThread "Service Thread" daemon [_thread_blocked, id=14224, stack(0x00000000164f0000,0x00000000165f0000)]
  0x00000000148e3000 JavaThread "C1 CompilerThread2" daemon [_thread_in_native, id=14216, stack(0x0000000015ff0000,0x00000000160f0000)]
  0x000000001488b000 JavaThread "C2 CompilerThread1" daemon [_thread_in_native, id=4948, stack(0x0000000015ef0000,0x0000000015ff0000)]
=>0x0000000014889000 JavaThread "C2 CompilerThread0" daemon [_thread_in_native, id=11284, stack(0x0000000015df0000,0x0000000015ef0000)]
  0x0000000014897000 JavaThread "Attach Listener" daemon [_thread_blocked, id=10524, stack(0x0000000015cf0000,0x0000000015df0000)]
  0x0000000014896000 JavaThread "Signal Dispatcher" daemon [_thread_blocked, id=1176, stack(0x0000000015bf0000,0x0000000015cf0000)]
  0x00000000021af000 JavaThread "Finalizer" daemon [_thread_blocked, id=11144, stack(0x0000000015af0000,0x0000000015bf0000)]
  0x0000000014858000 JavaThread "Reference Handler" daemon [_thread_blocked, id=6108, stack(0x00000000159f0000,0x0000000015af0000)]
  0x0000000001f2d800 JavaThread "main" [_thread_in_Java, id=11116, stack(0x0000000001f30000,0x0000000002030000)]

Other Threads:
  0x0000000014856000 VMThread [stack: 0x00000000158f0000,0x00000000159f0000] [id=7780]
  0x00000000160f9000 WatcherThread [stack: 0x00000000165f0000,0x00000000166f0000] [id=14088]

VM state:not at safepoint (normal execution)

VM Mutex/Monitor currently owned by a thread: None

Heap:
 PSYoungGen      total 38400K, used 23866K [0x00000000eab00000, 0x00000000ed580000, 0x0000000100000000)
  eden space 33280K, 56% used [0x00000000eab00000,0x00000000ebd540c8,0x00000000ecb80000)
  from space 5120K, 99% used [0x00000000ecb80000,0x00000000ed07aad8,0x00000000ed080000)
  to   space 5120K, 0% used [0x00000000ed080000,0x00000000ed080000,0x00000000ed580000)
 ParOldGen       total 87552K, used 1556K [0x00000000c0000000, 0x00000000c5580000, 0x00000000eab00000)
  object space 87552K, 1% used [0x00000000c0000000,0x00000000c0185368,0x00000000c5580000)
 Metaspace       used 6061K, capacity 7024K, committed 7296K, reserved 1056768K
  class space    used 592K, capacity 616K, committed 640K, reserved 1048576K

Card table byte_map: [0x0000000011580000,0x0000000011790000] byte_map_base: 0x0000000010f80000

Marking Bits: (ParMarkBitMap*) 0x0000000070fdb460
 Begin Bits: [0x0000000011cf0000, 0x0000000012cf0000)
 End Bits:   [0x0000000012cf0000, 0x0000000013cf0000)

Polling page: 0x0000000002030000

CodeCache: size=245760Kb used=5780Kb max_used=5780Kb free=239979Kb
 bounds [0x00000000021c0000, 0x0000000002770000, 0x00000000111c0000]
 total_blobs=1667 nmethods=1403 adapters=178
 compilation: enabled

Compilation events (10 events):
Event: 3.569 Thread 0x00000000148e3000 nmethod 1407 0x0000000002763ad0 code [0x0000000002763c20, 0x0000000002763d30]
Event: 3.570 Thread 0x00000000148e3000 1410       1       com.android.dx.rop.code.ThrowingInsn::getCatches (5 bytes)
Event: 3.570 Thread 0x00000000148e3000 nmethod 1410 0x0000000002763d90 code [0x0000000002763ee0, 0x0000000002763ff0]
Event: 3.573 Thread 0x00000000148e3000 1412       3       com.android.dx.cf.iface.StdMethod::<init> (40 bytes)
Event: 3.574 Thread 0x00000000148e3000 nmethod 1412 0x0000000002764050 code [0x0000000002764220, 0x0000000002764c88]
Event: 3.574 Thread 0x00000000148e3000 1413       3       com.android.dx.rop.type.Type::isArray (19 bytes)
Event: 3.574 Thread 0x00000000148e3000 nmethod 1413 0x0000000002765110 code [0x00000000027652a0, 0x0000000002765648]
Event: 3.575 Thread 0x00000000148e3000 1414       3       com.android.dx.rop.annotation.NameValuePair::<init> (43 bytes)
Event: 3.575 Thread 0x00000000148e3000 nmethod 1414 0x00000000027657d0 code [0x0000000002765960, 0x0000000002765cf8]
Event: 3.575 Thread 0x00000000148e3000 1415       3       com.android.dx.dex.file.ValueEncoder::addContents (75 bytes)

GC Heap History (2 events):
Event: 3.190 GC heap before
{Heap before GC invocations=1 (full 0):
 PSYoungGen      total 38400K, used 33280K [0x00000000eab00000, 0x00000000ed580000, 0x0000000100000000)
  eden space 33280K, 100% used [0x00000000eab00000,0x00000000ecb80000,0x00000000ecb80000)
  from space 5120K, 0% used [0x00000000ed080000,0x00000000ed080000,0x00000000ed580000)
  to   space 5120K, 0% used [0x00000000ecb80000,0x00000000ecb80000,0x00000000ed080000)
 ParOldGen       total 87552K, used 0K [0x00000000c0000000, 0x00000000c5580000, 0x00000000eab00000)
  object space 87552K, 0% used [0x00000000c0000000,0x00000000c0000000,0x00000000c5580000)
 Metaspace       used 6010K, capacity 6960K, committed 7040K, reserved 1056768K
  class space    used 590K, capacity 616K, committed 640K, reserved 1048576K
Event: 3.405 GC heap after
Heap after GC invocations=1 (full 0):
 PSYoungGen      total 38400K, used 5098K [0x00000000eab00000, 0x00000000ed580000, 0x0000000100000000)
  eden space 33280K, 0% used [0x00000000eab00000,0x00000000eab00000,0x00000000ecb80000)
  from space 5120K, 99% used [0x00000000ecb80000,0x00000000ed07aad8,0x00000000ed080000)
  to   space 5120K, 0% used [0x00000000ed080000,0x00000000ed080000,0x00000000ed580000)
 ParOldGen       total 87552K, used 1556K [0x00000000c0000000, 0x00000000c5580000, 0x00000000eab00000)
  object space 87552K, 1% used [0x00000000c0000000,0x00000000c0185368,0x00000000c5580000)
 Metaspace       used 6010K, capacity 6960K, committed 7040K, reserved 1056768K
  class space    used 590K, capacity 616K, committed 640K, reserved 1048576K
}

Deoptimization events (7 events):
Event: 1.735 Thread 0x0000000001f2d800 Uncommon trap: reason=unreached action=reinterpret pc=0x0000000002511658 method=com.android.dx.rop.code.LocalItem.hashCode()I @ 25
Event: 3.414 Thread 0x0000000001f2d800 Uncommon trap: reason=null_check action=make_not_entrant pc=0x00000000024ffc24 method=com.android.dx.ssa.SsaRenamer.getLocalForNewReg(I)Lcom/android/dx/rop/code/LocalItem; @ 19
Event: 3.545 Thread 0x000000001633c000 Uncommon trap: reason=uninitialized action=reinterpret pc=0x0000000002674cb0 method=com.android.dx.cf.code.BytecodeArray.parseInstruction(ILcom/android/dx/cf/code/BytecodeArray$Visitor;)I @ 999
Event: 3.555 Thread 0x000000001633c000 Uncommon trap: reason=class_check action=maybe_recompile pc=0x0000000002710578 method=com.android.dx.ssa.NormalSsaInsn.accept(Lcom/android/dx/ssa/SsaInsn$Visitor;)V @ 9
Event: 3.555 Thread 0x000000001633c000 Uncommon trap: reason=class_check action=maybe_recompile pc=0x0000000002710578 method=com.android.dx.ssa.NormalSsaInsn.accept(Lcom/android/dx/ssa/SsaInsn$Visitor;)V @ 9
Event: 3.555 Thread 0x000000001633c000 Uncommon trap: reason=class_check action=maybe_recompile pc=0x0000000002710578 method=com.android.dx.ssa.NormalSsaInsn.accept(Lcom/android/dx/ssa/SsaInsn$Visitor;)V @ 9
Event: 3.556 Thread 0x000000001633c000 Uncommon trap: reason=class_check action=maybe_recompile pc=0x0000000002710578 method=com.android.dx.ssa.NormalSsaInsn.accept(Lcom/android/dx/ssa/SsaInsn$Visitor;)V @ 9

Internal exceptions (10 events):
Event: 1.221 Thread 0x0000000016388000 Exception <a 'java/security/PrivilegedActionException'> (0x00000000eb7fbd18) thrown at [D:\re\workspace\8-2-build-windows-amd64-cygwin\jdk8u20\1074\hotspot\src\share\vm\prims\jvm.cpp, line 1275]
Event: 1.222 Thread 0x0000000016388000 Exception <a 'java/security/PrivilegedActionException'> (0x00000000eb801488) thrown at [D:\re\workspace\8-2-build-windows-amd64-cygwin\jdk8u20\1074\hotspot\src\share\vm\prims\jvm.cpp, line 1275]
Event: 1.230 Thread 0x000000001633c000 Exception <a 'java/security/PrivilegedActionException'> (0x00000000eb972830) thrown at [D:\re\workspace\8-2-build-windows-amd64-cygwin\jdk8u20\1074\hotspot\src\share\vm\prims\jvm.cpp, line 1275]
Event: 1.234 Thread 0x000000001633c000 Exception <a 'java/security/PrivilegedActionException'> (0x00000000eb979578) thrown at [D:\re\workspace\8-2-build-windows-amd64-cygwin\jdk8u20\1074\hotspot\src\share\vm\prims\jvm.cpp, line 1275]
Event: 1.551 Thread 0x000000001634d800 Exception <a 'java/security/PrivilegedActionException'> (0x00000000eba0f230) thrown at [D:\re\workspace\8-2-build-windows-amd64-cygwin\jdk8u20\1074\hotspot\src\share\vm\prims\jvm.cpp, line 1275]
Event: 1.554 Thread 0x0000000001f2d800 Exception <a 'java/security/PrivilegedActionException'> (0x00000000eb94ab70) thrown at [D:\re\workspace\8-2-build-windows-amd64-cygwin\jdk8u20\1074\hotspot\src\share\vm\prims\jvm.cpp, line 1275]
Event: 1.590 Thread 0x000000001633c000 Exception <a 'java/security/PrivilegedActionException'> (0x00000000eb9ac680) thrown at [D:\re\workspace\8-2-build-windows-amd64-cygwin\jdk8u20\1074\hotspot\src\share\vm\prims\jvm.cpp, line 1275]
Event: 1.721 Thread 0x0000000001f2d800 Exception <a 'java/security/PrivilegedActionException'> (0x00000000ebe040d8) thrown at [D:\re\workspace\8-2-build-windows-amd64-cygwin\jdk8u20\1074\hotspot\src\share\vm\prims\jvm.cpp, line 1275]
Event: 1.728 Thread 0x0000000001f2d800 Exception <a 'java/security/PrivilegedActionException'> (0x00000000ebe0fc98) thrown at [D:\re\workspace\8-2-build-windows-amd64-cygwin\jdk8u20\1074\hotspot\src\share\vm\prims\jvm.cpp, line 1275]
Event: 3.414 Thread 0x0000000001f2d800 Implicit null exception at 0x00000000024fdba1 to 0x00000000024ffc11

Events (10 events):
Event: 3.555 Thread 0x000000001633c000 DEOPT UNPACKING pc=0x000000000220556a sp=0x00000000167ee770 mode 2
Event: 3.555 Thread 0x000000001633c000 Uncommon trap: trap_request=0xffffffde fr.pc=0x0000000002710578
Event: 3.555 Thread 0x000000001633c000 DEOPT PACKING pc=0x0000000002710578 sp=0x00000000167ee3e0
Event: 3.555 Thread 0x000000001633c000 DEOPT UNPACKING pc=0x000000000220556a sp=0x00000000167ee3b0 mode 2
Event: 3.555 Thread 0x000000001633c000 Uncommon trap: trap_request=0xffffffde fr.pc=0x0000000002710578
Event: 3.555 Thread 0x000000001633c000 DEOPT PACKING pc=0x0000000002710578 sp=0x00000000167ee400
Event: 3.555 Thread 0x000000001633c000 DEOPT UNPACKING pc=0x000000000220556a sp=0x00000000167ee3d0 mode 2
Event: 3.556 Thread 0x000000001633c000 Uncommon trap: trap_request=0xffffffde fr.pc=0x0000000002710578
Event: 3.556 Thread 0x000000001633c000 DEOPT PACKING pc=0x0000000002710578 sp=0x00000000167ee730
Event: 3.556 Thread 0x000000001633c000 DEOPT UNPACKING pc=0x000000000220556a sp=0x00000000167ee700 mode 2


Dynamic libraries:
0x00007ff684e90000 - 0x00007ff684ec4000 	C:\Program Files\Java\jdk1.8.0_20\bin\java.exe
0x00007ffb659a0000 - 0x00007ffb65b61000 	C:\WINDOWS\SYSTEM32\ntdll.dll
0x00007ffb633d0000 - 0x00007ffb6347d000 	C:\WINDOWS\system32\KERNEL32.DLL
0x00007ffb626f0000 - 0x00007ffb628d8000 	C:\WINDOWS\system32\KERNELBASE.dll
0x00007ffb606a0000 - 0x00007ffb60719000 	C:\WINDOWS\system32\apphelp.dll
0x00007ffb658f0000 - 0x00007ffb65997000 	C:\WINDOWS\system32\ADVAPI32.dll
0x00007ffb65420000 - 0x00007ffb654bd000 	C:\WINDOWS\system32\msvcrt.dll
0x00007ffb62d80000 - 0x00007ffb62ddb000 	C:\WINDOWS\system32\sechost.dll
0x00007ffb63750000 - 0x00007ffb6386c000 	C:\WINDOWS\system32\RPCRT4.dll
0x00007ffb652c0000 - 0x00007ffb65416000 	C:\WINDOWS\system32\USER32.dll
0x00007ffb63550000 - 0x00007ffb636d6000 	C:\WINDOWS\system32\GDI32.dll
0x00007ffb57250000 - 0x00007ffb574c4000 	C:\WINDOWS\WinSxS\amd64_microsoft.windows.common-controls_6595b64144ccf1df_6.0.10586.0_none_8c15ae12515e1c22\COMCTL32.dll
0x00007ffb65040000 - 0x00007ffb652bd000 	C:\WINDOWS\system32\combase.dll
0x00007ffb62680000 - 0x00007ffb626ea000 	C:\WINDOWS\system32\bcryptPrimitives.dll
0x00007ffb63870000 - 0x00007ffb638ab000 	C:\WINDOWS\system32\IMM32.DLL
0x0000000071060000 - 0x0000000071132000 	C:\Program Files\Java\jdk1.8.0_20\jre\bin\msvcr100.dll
0x0000000070800000 - 0x0000000071058000 	C:\Program Files\Java\jdk1.8.0_20\jre\bin\server\jvm.dll
0x00007ffb64f70000 - 0x00007ffb64f78000 	C:\WINDOWS\system32\PSAPI.DLL
0x00007ffb58000000 - 0x00007ffb58009000 	C:\WINDOWS\SYSTEM32\WSOCK32.dll
0x00007ffb631e0000 - 0x00007ffb6324b000 	C:\WINDOWS\system32\WS2_32.dll
0x00007ffb60720000 - 0x00007ffb60743000 	C:\WINDOWS\SYSTEM32\WINMM.dll
0x00007ffb60670000 - 0x00007ffb6069c000 	C:\WINDOWS\SYSTEM32\WINMMBASE.dll
0x00007ffb62d10000 - 0x00007ffb62d53000 	C:\WINDOWS\system32\cfgmgr32.dll
0x00000000707f0000 - 0x00000000707ff000 	C:\Program Files\Java\jdk1.8.0_20\jre\bin\verify.dll
0x00000000707c0000 - 0x00000000707e8000 	C:\Program Files\Java\jdk1.8.0_20\jre\bin\java.dll
0x00000000707a0000 - 0x00000000707b6000 	C:\Program Files\Java\jdk1.8.0_20\jre\bin\zip.dll
0x00007ffb638b0000 - 0x00007ffb64e0c000 	C:\WINDOWS\system32\SHELL32.dll
0x00007ffb62030000 - 0x00007ffb62675000 	C:\WINDOWS\system32\windows.storage.dll
0x00007ffb64f80000 - 0x00007ffb64fd2000 	C:\WINDOWS\system32\shlwapi.dll
0x00007ffb61fc0000 - 0x00007ffb61fcf000 	C:\WINDOWS\system32\kernel.appcore.dll
0x00007ffb62ba0000 - 0x00007ffb62c55000 	C:\WINDOWS\system32\shcore.dll
0x00007ffb61fe0000 - 0x00007ffb6202b000 	C:\WINDOWS\system32\powrprof.dll
0x00007ffb61fa0000 - 0x00007ffb61fb4000 	C:\WINDOWS\system32\profapi.dll
0x00007ffb555c0000 - 0x00007ffb5574c000 	C:\WINDOWS\SYSTEM32\dbghelp.dll

VM Arguments:
jvm_args: -Djava.awt.headless=true -Xmx1024M -Dfile.encoding=windows-1252 -Duser.country=US -Duser.language=en -Duser.variant 
java_command: com.android.dx.command.Main --dex --num-threads=4 --output C:\Users\admin\Documents\GitHub\ShaneelSD\SoftwareDesign\FindMeTutor\FindMeTutor\tutor_app\build\intermediates\pre-dexed\debug\com.android.support-support-media-compat-24.2.0_4366d975d6a01b8c11abfd655b03a525026df1b2.jar C:\Users\admin\Documents\GitHub\ShaneelSD\SoftwareDesign\FindMeTutor\FindMeTutor\tutor_app\build\intermediates\exploded-aar\com.android.support\support-media-compat\24.2.0\jars\classes.jar
java_class_path (initial): C:\Users\admin\AppData\Local\Android\sdk\build-tools\24.0.1\lib\dx.jar
Launcher Type: SUN_STANDARD

Environment Variables:
PATH=C:\ProgramData\Oracle\Java\javapath;C:\Program Files (x86)\Intel\iCLS Client\;C:\Program Files\Intel\iCLS Client\;C:\WINDOWS\system32;C:\WINDOWS;C:\WINDOWS\System32\Wbem;C:\WINDOWS\System32\WindowsPowerShell\v1.0\;C:\Program Files\Intel\Intel(R) Management Engine Components\DAL;C:\Program Files\Intel\Intel(R) Management Engine Components\IPT;C:\Program Files (x86)\Intel\Intel(R) Management Engine Components\DAL;C:\Program Files (x86)\Intel\Intel(R) Management Engine Components\IPT;C:\Program Files\WIDCOMM\Bluetooth Software\;C:\Program Files\WIDCOMM\Bluetooth Software\syswow64;C:\Program Files (x86)\Intel\OpenCL SDK\2.0\bin\x86;C:\Program Files (x86)\Intel\OpenCL SDK\2.0\bin\x64;C:\Program Files\Intel\WiFi\bin\;C:\Program Files\Common Files\Intel\WirelessCommon\;c:\Program Files (x86)\Microsoft SQL Server\100\Tools\Binn\;c:\Program Files\Microsoft SQL Server\100\Tools\Binn\;c:\Program Files\Microsoft SQL Server\100\DTS\Binn\;C:\Program Files (x86)\MySQL\MySQL Fabric 1.5.4 & MySQL Utilities 1.5.4 1.5\;C:\Program Files (x86)\MySQL\MySQL Fabric 1.5.4 & MySQL Utilities 1.5.4 1.5\Doctrine extensions for PHP\;C:\Program Files (x86)\Borland\Delphi7\Bin;C:\Program Files (x86)\Borland\Delphi7\Projects\Bpl;C:\Program Files (x86)\Borland\Delphi7\Rave5;C:\Program Files\Git\cmd;
USERNAME=admin
OS=Windows_NT
PROCESSOR_IDENTIFIER=Intel64 Family 6 Model 58 Stepping 9, GenuineIntel



---------------  S Y S T E M  ---------------

OS: Windows 8.1 , 64 bit Build 9600 

CPU:total 4 (2 cores per cpu, 2 threads per core) family 6 model 58 stepping 9, cmov, cx8, fxsr, mmx, sse, sse2, sse3, ssse3, sse4.1, sse4.2, popcnt, avx, aes, clmul, erms, ht, tsc, tscinvbit, tscinv

Memory: 4k page, physical 8258576k(1908040k free), swap 10306576k(5140k free)

vm_info: Java HotSpot(TM) 64-Bit Server VM (25.20-b23) for windows-amd64 JRE (1.8.0_20-b26), built on Jul 30 2014 13:51:23 by "java_re" with MS VC++ 10.0 (VS2010)

time: Thu Sep 08 21:24:43 2016
elapsed time: 3 seconds (0d 0h 0m 3s)

