<<<<<<< HEAD
This is pdfTeX, Version 3.14159265-2.6-1.40.16 (TeX Live 2015/Debian) (preloaded format=pdflatex 2016.9.18)  30 OCT 2016 14:19
=======
This is pdfTeX, Version 3.14159265-2.6-1.40.17 (TeX Live 2016/Arch Linux) (preloaded format=pdflatex 2016.10.9)  30 OCT 2016 11:24
>>>>>>> 194c5e59e4c7d081d41b49018a1c0d46a01bb6d0
entering extended mode
 restricted \write18 enabled.
 %&-line parsing enabled.
**SAD.tex
(./SAD.tex
LaTeX2e <2016/03/31> patch level 3
Babel <3.9r> and hyphenation patterns for 83 language(s) loaded.
(/usr/share/texmf-dist/tex/latex/base/article.cls
Document Class: article 2014/09/29 v1.4h Standard LaTeX document class
(/usr/share/texmf-dist/tex/latex/base/size12.clo
File: size12.clo 2014/09/29 v1.4h Standard LaTeX file (size option)
)
\c@part=\count79
\c@section=\count80
\c@subsection=\count81
\c@subsubsection=\count82
\c@paragraph=\count83
\c@subparagraph=\count84
\c@figure=\count85
\c@table=\count86
\abovecaptionskip=\skip41
\belowcaptionskip=\skip42
\bibindent=\dimen102
)
(/usr/share/texmf-dist/tex/latex/amsmath/amsmath.sty
Package: amsmath 2016/06/28 v2.15d AMS math features
\@mathmargin=\skip43

For additional information on amsmath, use the `?' option.
(/usr/share/texmf-dist/tex/latex/amsmath/amstext.sty
Package: amstext 2000/06/29 v2.01 AMS text

(/usr/share/texmf-dist/tex/latex/amsmath/amsgen.sty
File: amsgen.sty 1999/11/30 v2.0 generic functions
\@emptytoks=\toks14
\ex@=\dimen103
))
(/usr/share/texmf-dist/tex/latex/amsmath/amsbsy.sty
Package: amsbsy 1999/11/29 v1.2d Bold Symbols
\pmbraise@=\dimen104
)
(/usr/share/texmf-dist/tex/latex/amsmath/amsopn.sty
Package: amsopn 2016/03/08 v2.02 operator names
)
\inf@bad=\count87
LaTeX Info: Redefining \frac on input line 199.
\uproot@=\count88
\leftroot@=\count89
LaTeX Info: Redefining \overline on input line 297.
\classnum@=\count90
\DOTSCASE@=\count91
LaTeX Info: Redefining \ldots on input line 394.
LaTeX Info: Redefining \dots on input line 397.
LaTeX Info: Redefining \cdots on input line 518.
\Mathstrutbox@=\box26
\strutbox@=\box27
\big@size=\dimen105
LaTeX Font Info:    Redeclaring font encoding OML on input line 634.
LaTeX Font Info:    Redeclaring font encoding OMS on input line 635.
\macc@depth=\count92
\c@MaxMatrixCols=\count93
\dotsspace@=\muskip10
\c@parentequation=\count94
\dspbrk@lvl=\count95
\tag@help=\toks15
\row@=\count96
\column@=\count97
\maxfields@=\count98
\andhelp@=\toks16
\eqnshift@=\dimen106
\alignsep@=\dimen107
\tagshift@=\dimen108
\tagwidth@=\dimen109
\totwidth@=\dimen110
\lineht@=\dimen111
\@envbody=\toks17
\multlinegap=\skip44
\multlinetaggap=\skip45
\mathdisplay@stack=\toks18
LaTeX Info: Redefining \[ on input line 2739.
LaTeX Info: Redefining \] on input line 2740.
)
(/usr/share/texmf-dist/tex/latex/amsfonts/amssymb.sty
Package: amssymb 2013/01/14 v3.01 AMS font symbols

(/usr/share/texmf-dist/tex/latex/amsfonts/amsfonts.sty
Package: amsfonts 2013/01/14 v3.01 Basic AMSFonts support
\symAMSa=\mathgroup4
\symAMSb=\mathgroup5
LaTeX Font Info:    Overwriting math alphabet `\mathfrak' in version `bold'
(Font)                  U/euf/m/n --> U/euf/b/n on input line 106.
))
(/usr/share/texmf-dist/tex/latex/graphics/graphicx.sty
Package: graphicx 2014/10/28 v1.0g Enhanced LaTeX Graphics (DPC,SPQR)

(/usr/share/texmf-dist/tex/latex/graphics/keyval.sty
Package: keyval 2014/10/28 v1.15 key=value parser (DPC)
\KV@toks@=\toks19
)
(/usr/share/texmf-dist/tex/latex/graphics/graphics.sty
Package: graphics 2016/07/10 v1.0t Standard LaTeX Graphics (DPC,SPQR)

(/usr/share/texmf-dist/tex/latex/graphics/trig.sty
Package: trig 2016/01/03 v1.10 sin cos tan (DPC)
)
(/usr/share/texmf-dist/tex/latex/graphics-cfg/graphics.cfg
File: graphics.cfg 2016/06/04 v1.11 sample graphics configuration
)
Package graphics Info: Driver file: pdftex.def on input line 99.

(/usr/share/texmf-dist/tex/latex/graphics-def/pdftex.def
File: pdftex.def 2016/07/10 v0.06j Graphics/color for pdfTeX

(/usr/share/texmf-dist/tex/generic/oberdiek/infwarerr.sty
Package: infwarerr 2016/05/16 v1.4 Providing info/warning/error messages (HO)
)
(/usr/share/texmf-dist/tex/generic/oberdiek/ltxcmds.sty
Package: ltxcmds 2016/05/16 v1.23 LaTeX kernel commands for general use (HO)
)
\Gread@gobject=\count99
))
\Gin@req@height=\dimen112
\Gin@req@width=\dimen113
)
(/usr/share/texmf-dist/tex/latex/comment/comment.sty
\CommentStream=\write3

Excluding comment 'comment')
(/usr/share/texmf-dist/tex/latex/tools/longtable.sty
Package: longtable 2014/10/28 v4.11 Multi-page Table package (DPC)
\LTleft=\skip46
\LTright=\skip47
\LTpre=\skip48
\LTpost=\skip49
\LTchunksize=\count100
\LTcapwidth=\dimen114
\LT@head=\box28
\LT@firsthead=\box29
\LT@foot=\box30
\LT@lastfoot=\box31
\LT@cols=\count101
\LT@rows=\count102
\c@LT@tables=\count103
\c@LT@chunks=\count104
\LT@p@ftn=\toks20
) (./SAD.aux)
\openout1 = `SAD.aux'.

LaTeX Font Info:    Checking defaults for OML/cmm/m/it on input line 9.
LaTeX Font Info:    ... okay on input line 9.
LaTeX Font Info:    Checking defaults for T1/cmr/m/n on input line 9.
LaTeX Font Info:    ... okay on input line 9.
LaTeX Font Info:    Checking defaults for OT1/cmr/m/n on input line 9.
LaTeX Font Info:    ... okay on input line 9.
LaTeX Font Info:    Checking defaults for OMS/cmsy/m/n on input line 9.
LaTeX Font Info:    ... okay on input line 9.
LaTeX Font Info:    Checking defaults for OMX/cmex/m/n on input line 9.
LaTeX Font Info:    ... okay on input line 9.
LaTeX Font Info:    Checking defaults for U/cmr/m/n on input line 9.
LaTeX Font Info:    ... okay on input line 9.

(/usr/share/texmf-dist/tex/context/base/mkii/supp-pdf.mkii
[Loading MPS to PDF converter (version 2006.09.02).]
\scratchcounter=\count105
\scratchdimen=\dimen115
\scratchbox=\box32
\nofMPsegments=\count106
\nofMParguments=\count107
\everyMPshowfont=\toks21
\MPscratchCnt=\count108
\MPscratchDim=\dimen116
\MPnumerator=\count109
\makeMPintoPDFobject=\count110
\everyMPtoPDFconversion=\toks22
) (/usr/share/texmf-dist/tex/generic/oberdiek/pdftexcmds.sty
Package: pdftexcmds 2016/05/21 v0.22 Utility functions of pdfTeX for LuaTeX (HO
)

(/usr/share/texmf-dist/tex/generic/oberdiek/ifluatex.sty
Package: ifluatex 2016/05/16 v1.4 Provides the ifluatex switch (HO)
Package ifluatex Info: LuaTeX not detected.
)
(/usr/share/texmf-dist/tex/generic/oberdiek/ifpdf.sty
Package: ifpdf 2016/05/14 v3.1 Provides the ifpdf switch
)
Package pdftexcmds Info: LuaTeX not detected.
Package pdftexcmds Info: \pdf@primitive is available.
Package pdftexcmds Info: \pdf@ifprimitive is available.
Package pdftexcmds Info: \pdfdraftmode found.
)
(/usr/share/texmf-dist/tex/latex/oberdiek/epstopdf-base.sty
Package: epstopdf-base 2016/05/15 v2.6 Base part for package epstopdf

(/usr/share/texmf-dist/tex/latex/oberdiek/grfext.sty
Package: grfext 2016/05/16 v1.2 Manage graphics extensions (HO)

(/usr/share/texmf-dist/tex/generic/oberdiek/kvdefinekeys.sty
Package: kvdefinekeys 2016/05/16 v1.4 Define keys (HO)
))
(/usr/share/texmf-dist/tex/latex/oberdiek/kvoptions.sty
Package: kvoptions 2016/05/16 v3.12 Key value format for package options (HO)

(/usr/share/texmf-dist/tex/generic/oberdiek/kvsetkeys.sty
Package: kvsetkeys 2016/05/16 v1.17 Key value parser (HO)

(/usr/share/texmf-dist/tex/generic/oberdiek/etexcmds.sty
Package: etexcmds 2016/05/16 v1.6 Avoid name clashes with e-TeX commands (HO)
Package etexcmds Info: Could not find \expanded.
(etexcmds)             That can mean that you are not using pdfTeX 1.50 or
(etexcmds)             that some package has redefined \expanded.
(etexcmds)             In the latter case, load this package earlier.
)))
Package epstopdf-base Info: Redefining graphics rule for `.eps' on input line 4
38.
Package grfext Info: Graphics extension search list:
(grfext)             [.png,.pdf,.jpg,.mps,.jpeg,.jbig2,.jb2,.PNG,.PDF,.JPG,.JPE
G,.JBIG2,.JB2,.eps]
(grfext)             \AppendGraphicsExtensions on input line 456.

(/usr/share/texmf-dist/tex/latex/latexconfig/epstopdf-sys.cfg
File: epstopdf-sys.cfg 2010/07/13 v1.3 Configuration of (r)epstopdf for TeX Liv
e
))
LaTeX Font Info:    Try loading font information for U+msa on input line 12.

(/usr/share/texmf-dist/tex/latex/amsfonts/umsa.fd
File: umsa.fd 2013/01/14 v3.01 AMS symbols A
)
LaTeX Font Info:    Try loading font information for U+msb on input line 12.

(/usr/share/texmf-dist/tex/latex/amsfonts/umsb.fd
File: umsb.fd 2013/01/14 v3.01 AMS symbols B
)

LaTeX Warning: No \author given.

[1

{/var/lib/texmf/fonts/map/pdftex/updmap/pdftex.map}] (./SAD.toc [2])
\tf@toc=\write4
\openout4 = `SAD.toc'.

<<<<<<< HEAD
=======
 [2]
LaTeX Font Info:    Try loading font information for OMS+cmr on input line 43.

(/usr/share/texmf-dist/tex/latex/base/omscmr.fd
File: omscmr.fd 2014/09/29 v2.5h Standard LaTeX font definitions
)
LaTeX Font Info:    Font shape `OMS/cmr/m/n' in size <12> not available
(Font)              Font shape `OMS/cmsy/m/n' tried instead on input line 43.
>>>>>>> 194c5e59e4c7d081d41b49018a1c0d46a01bb6d0
 [3]
[4] <./2_Tier_Diagram.png, id=17, 813.0375pt x 722.7pt>
File: ./2_Tier_Diagram.png Graphic file (type png)

<use ./2_Tier_Diagram.png>
Package pdftex.def Info: ./2_Tier_Diagram.png used on input line 62.
(pdftex.def)             Requested size: 398.33858pt x 354.07095pt.

Overfull \hbox (8.33858pt too wide) in paragraph at lines 61--63
[] 
 []


Underfull \hbox (badness 10000) in paragraph at lines 61--63

 []

LaTeX Font Info:    Try loading font information for OMS+cmr on input line 66.
(/usr/share/texlive/texmf-dist/tex/latex/base/omscmr.fd
File: omscmr.fd 2014/09/29 v2.5h Standard LaTeX font definitions
)
LaTeX Font Info:    Font shape `OMS/cmr/m/n' in size <12> not available
(Font)              Font shape `OMS/cmsy/m/n' tried instead on input line 66.
 [5 <./2_Tier_Diagram.png (PNG copy)>]
Underfull \hbox (badness 10000) in paragraph at lines 68--69

 []

[6] [7]
Underfull \hbox (badness 10000) in paragraph at lines 97--98

 []

[8] [9]
Overfull \hbox (3.42508pt too wide) in paragraph at lines 118--119
\OT1/cmr/m/n/12 This sec-tion lists the var-i-ous or-gan-i-sa-tions who are con
-cerned with the project. 
 []

[10]
Underfull \hbox (badness 10000) in paragraph at lines 147--148

 []

[11] <./trace.png, id=41, 1114.1625pt x 189.70876pt>
File: ./trace.png Graphic file (type png)
 <use ./trace.png>
Package pdftex.def Info: ./trace.png used on input line 162.
(pdftex.def)             Requested size: 398.33858pt x 67.82326pt.

Underfull \hbox (badness 10000) in paragraph at lines 156--163

 []


Underfull \hbox (badness 10000) in paragraph at lines 156--163

 []


Overfull \hbox (8.33858pt too wide) in paragraph at lines 156--163
[] 
 []

[12 <./trace.png (PNG copy)>] [13]
<./architecture_diagram.png, id=49, 632.3625pt x 622.325pt>
File: ./architecture_diagram.png Graphic file (type png)

<use ./architecture_diagram.png>
Package pdftex.def Info: ./architecture_diagram.png used on input line 182.
(pdftex.def)             Requested size: 398.33858pt x 392.01933pt.

Underfull \hbox (badness 10000) in paragraph at lines 180--184

 []


Overfull \hbox (8.33858pt too wide) in paragraph at lines 180--184
[] 
 []

[14 <./architecture_diagram.png (PNG copy)>]
<./class_diagram/class_diagram_findme_tutor.jpg, id=53, 759.58781pt x 734.745pt
>
File: ./class_diagram/class_diagram_findme_tutor.jpg Graphic file (type jpg)
 <use ./class_diagram/class_diagram_findme_tutor.jpg>
Package pdftex.def Info: ./class_diagram/class_diagram_findme_tutor.jpg used on
 input line 199.
(pdftex.def)             Requested size: 398.33858pt x 385.32086pt.

Underfull \hbox (badness 10000) in paragraph at lines 196--200

 []


Underfull \hbox (badness 10000) in paragraph at lines 196--200

 []


Overfull \hbox (8.33858pt too wide) in paragraph at lines 196--200
[] 
 []

[15] [16 <./class_diagram/class_diagram_findme_tutor.jpg>]
<./sequence_diagram/create_student.png, id=60, 1094.0875pt x 712.6625pt>
File: ./sequence_diagram/create_student.png Graphic file (type png)

<use ./sequence_diagram/create_student.png>
Package pdftex.def Info: ./sequence_diagram/create_student.png used on input li
ne 206.
(pdftex.def)             Requested size: 398.33858pt x 259.47263pt.

Underfull \hbox (badness 10000) in paragraph at lines 203--207

 []


Overfull \hbox (8.33858pt too wide) in paragraph at lines 203--207
[] 
 []

<<<<<<< HEAD
[17 <./sequence_diagram/create_student.png (PNG copy)>]
<./sequence_diagram/request_tutor.png, id=64, 240.9pt x 80.3pt>
=======
[12 <./sequence_diagram/create_student.png (PNG copy)>]
<./sequence_diagram/request_tutor.png, id=48, 1425.325pt x 933.4875pt>
>>>>>>> 194c5e59e4c7d081d41b49018a1c0d46a01bb6d0
File: ./sequence_diagram/request_tutor.png Graphic file (type png)

<use ./sequence_diagram/request_tutor.png>
Package pdftex.def Info: ./sequence_diagram/request_tutor.png used on input lin
<<<<<<< HEAD
e 210.
(pdftex.def)             Requested size: 398.33858pt x 132.7919pt.
=======
e 211.
(pdftex.def)             Requested size: 398.33858pt x 260.87617pt.
>>>>>>> 194c5e59e4c7d081d41b49018a1c0d46a01bb6d0

Overfull \hbox (8.33858pt too wide) in paragraph at lines 208--211
[] 
 []

[18 <./sequence_diagram/request_tutor.png (PNG copy)>]
<./sequence_diagram/add_subject.png, id=68, 993.7125pt x 542.025pt>
File: ./sequence_diagram/add_subject.png Graphic file (type png)

<use ./sequence_diagram/add_subject.png>
Package pdftex.def Info: ./sequence_diagram/add_subject.png used on input line 
214.
(pdftex.def)             Requested size: 398.33858pt x 217.27757pt.

Overfull \hbox (8.33858pt too wide) in paragraph at lines 212--215
[] 
 []

[19 <./sequence_diagram/add_subject.png (PNG copy)>]
<./sequence_diagram/check_in.png, id=73, 1013.7875pt x 441.65pt>
File: ./sequence_diagram/check_in.png Graphic file (type png)

<use ./sequence_diagram/check_in.png>
Package pdftex.def Info: ./sequence_diagram/check_in.png used on input line 218
.
(pdftex.def)             Requested size: 398.33858pt x 173.52995pt.

Overfull \hbox (8.33858pt too wide) in paragraph at lines 216--219
[] 
 []

[20 <./sequence_diagram/check_in.png (PNG copy)>]
<./sequence_diagram/check_out.png, id=77, 1204.5pt x 582.175pt>
File: ./sequence_diagram/check_out.png Graphic file (type png)

<use ./sequence_diagram/check_out.png>
Package pdftex.def Info: ./sequence_diagram/check_out.png used on input line 22
2.
(pdftex.def)             Requested size: 398.33858pt x 192.52698pt.

Overfull \hbox (8.33858pt too wide) in paragraph at lines 220--223
[] 
 []

[21 <./sequence_diagram/check_out.png (PNG copy)>]
Underfull \hbox (badness 10000) in paragraph at lines 226--231

 []


Underfull \hbox (badness 10000) in paragraph at lines 226--231

 []


Underfull \hbox (badness 10000) in paragraph at lines 226--231

 []

<./package_diagram/package_diagram.png, id=81, 883.3pt x 1164.35pt>
File: ./package_diagram/package_diagram.png Graphic file (type png)

<use ./package_diagram/package_diagram.png>
Package pdftex.def Info: ./package_diagram/package_diagram.png used on input li
ne 235.
(pdftex.def)             Requested size: 398.33858pt x 525.08972pt.

Overfull \hbox (8.33858pt too wide) in paragraph at lines 233--236
[] 
 []

[22]
<./component_diagram/component_diagram.png, id=85, 732.7375pt x 491.8375pt>
File: ./component_diagram/component_diagram.png Graphic file (type png)

<use ./component_diagram/component_diagram.png>
Package pdftex.def Info: ./component_diagram/component_diagram.png used on inpu
t line 240.
(pdftex.def)             Requested size: 398.33858pt x 267.38194pt.

Overfull \hbox (8.33858pt too wide) in paragraph at lines 239--242
[] 
 []

[23 <./package_diagram/package_diagram.png (PNG copy)>] [24 <./component_diagra
m/component_diagram.png (PNG copy)>] [25]
<./activity_diagram/request_tutor.png, id=96, 853.1875pt x 612.2875pt>
File: ./activity_diagram/request_tutor.png Graphic file (type png)

<use ./activity_diagram/request_tutor.png>
Package pdftex.def Info: ./activity_diagram/request_tutor.png used on input lin
e 261.
(pdftex.def)             Requested size: 398.33858pt x 285.86925pt.

<./activity_diagram/checked_in.png, id=97, 813.0375pt x 612.2875pt>
File: ./activity_diagram/checked_in.png Graphic file (type png)

<use ./activity_diagram/checked_in.png>
Package pdftex.def Info: ./activity_diagram/checked_in.png used on input line 2
65.
(pdftex.def)             Requested size: 398.33858pt x 299.97679pt.

<./activity_diagram/rate_tutor.png, id=98, 622.325pt x 531.9875pt>
File: ./activity_diagram/rate_tutor.png Graphic file (type png)

<use ./activity_diagram/rate_tutor.png>
Package pdftex.def Info: ./activity_diagram/rate_tutor.png used on input line 2
68.
(pdftex.def)             Requested size: 398.33858pt x 340.51955pt.

<./activity_diagram/check_out.png, id=99, 973.6375pt x 612.2875pt>
File: ./activity_diagram/check_out.png Graphic file (type png)

<use ./activity_diagram/check_out.png>
Package pdftex.def Info: ./activity_diagram/check_out.png used on input line 27
0.
(pdftex.def)             Requested size: 398.33858pt x 250.49762pt.

Underfull \hbox (badness 10000) in paragraph at lines 259--271

 []


Overfull \hbox (8.33858pt too wide) in paragraph at lines 259--271
[]
 []


Underfull \hbox (badness 10000) in paragraph at lines 259--271

 []


Overfull \hbox (8.33858pt too wide) in paragraph at lines 259--271
[]
 []


Underfull \hbox (badness 10000) in paragraph at lines 259--271

 []


Overfull \hbox (8.33858pt too wide) in paragraph at lines 259--271
[] 
 []


Underfull \hbox (badness 10000) in paragraph at lines 259--271

 []


Overfull \hbox (8.33858pt too wide) in paragraph at lines 259--271
[] 
 []

[26 <./activity_diagram/request_tutor.png (PNG copy)>] [27 <./activity_diagram/
checked_in.png (PNG copy)>] [28 <./activity_diagram/rate_tutor.png (PNG copy)>]
[29 <./activity_diagram/check_out.png (PNG copy)>]
<./communication_diagram/communication_diagram_rt.png, id=112, 782.925pt x 662.
475pt>
File: ./communication_diagram/communication_diagram_rt.png Graphic file (type p
ng)
 <use ./communication_diagram/communication_diagram_rt.png>
Package pdftex.def Info: ./communication_diagram/communication_diagram_rt.png u
sed on input line 276.
(pdftex.def)             Requested size: 398.33858pt x 337.0592pt.

Overfull \hbox (8.33858pt too wide) in paragraph at lines 274--278
[] 
 []

[30 <./communication_diagram/communication_diagram_rt.png (PNG copy)>]
<./communication_diagram/communication_diagram_cs.png, id=116, 762.85pt x 501.8
75pt>
File: ./communication_diagram/communication_diagram_cs.png Graphic file (type p
ng)
 <use ./communication_diagram/communication_diagram_cs.png>
Package pdftex.def Info: ./communication_diagram/communication_diagram_cs.png u
sed on input line 280.
(pdftex.def)             Requested size: 398.33858pt x 262.06393pt.

Overfull \hbox (8.33858pt too wide) in paragraph at lines 279--281
[] 
 []

[31 <./communication_diagram/communication_diagram_cs.png (PNG copy)>]
<./communication_diagram/communication_diagram_as.png, id=121, 762.85pt x 501.8
75pt>
File: ./communication_diagram/communication_diagram_as.png Graphic file (type p
ng)
 <use ./communication_diagram/communication_diagram_as.png>
Package pdftex.def Info: ./communication_diagram/communication_diagram_as.png u
sed on input line 283.
(pdftex.def)             Requested size: 398.33858pt x 262.06393pt.

Overfull \hbox (8.33858pt too wide) in paragraph at lines 282--284
[] 
 []

[32 <./communication_diagram/communication_diagram_as.png (PNG copy)>]
Underfull \hbox (badness 10000) in paragraph at lines 286--287

 []

<./state_diagram/statediagram_status.png, id=125, 853.1875pt x 501.875pt>
File: ./state_diagram/statediagram_status.png Graphic file (type png)

<use ./state_diagram/statediagram_status.png>
Package pdftex.def Info: ./state_diagram/statediagram_status.png used on input 
line 290.
(pdftex.def)             Requested size: 398.33858pt x 234.31905pt.

<./state_diagram/statediagram_paid.png, id=126, 762.85pt x 341.275pt>
File: ./state_diagram/statediagram_paid.png Graphic file (type png)

<use ./state_diagram/statediagram_paid.png>
Package pdftex.def Info: ./state_diagram/statediagram_paid.png used on input li
ne 294.
(pdftex.def)             Requested size: 398.33858pt x 178.20346pt.

Underfull \hbox (badness 10000) in paragraph at lines 288--295

 []


Overfull \hbox (8.33858pt too wide) in paragraph at lines 288--295
[] 
 []


Underfull \hbox (badness 10000) in paragraph at lines 288--295

 []


Overfull \hbox (8.33858pt too wide) in paragraph at lines 288--295
[] 
 []

[33 <./state_diagram/statediagram_status.png (PNG copy)>] [34 <./state_diagram/
statediagram_paid.png (PNG copy)>]
Underfull \hbox (badness 10000) in paragraph at lines 300--304

 []


Underfull \hbox (badness 10000) in paragraph at lines 300--304

 []


Underfull \hbox (badness 10000) in paragraph at lines 300--304

 []

<./Deployment.jpg, id=133, 642.4pt x 441.65pt>
File: ./Deployment.jpg Graphic file (type jpg)
 <use ./Deployment.jpg>
Package pdftex.def Info: ./Deployment.jpg used on input line 306.
(pdftex.def)             Requested size: 398.33858pt x 273.86734pt.

Overfull \hbox (8.33858pt too wide) in paragraph at lines 306--307
[] 
 []

[35 <./Deployment.jpg>]
<./Use_Case_Diagram.png, id=137, 1214.5375pt x 1545.775pt>
File: ./Use_Case_Diagram.png Graphic file (type png)

<use ./Use_Case_Diagram.png>
Package pdftex.def Info: ./Use_Case_Diagram.png used on input line 314.
(pdftex.def)             Requested size: 483.69684pt x 615.61018pt.

Overfull \hbox (93.69684pt too wide) in paragraph at lines 313--315
[] 
 []

[36]
Overfull \vbox (67.11018pt too high) has occurred while \output is active []


[37 <./Use_Case_Diagram.png (PNG copy)>] (./SAD.aux) ) 
Here is how much of TeX's memory you used:
<<<<<<< HEAD
 2648 strings out of 494910
 37203 string characters out of 6179836
 92326 words of memory out of 5000000
 5874 multiletter control sequences out of 15000+600000
 12710 words of font info for 49 fonts, out of 8000000 for 9000
 36 hyphenation exceptions out of 8191
 37i,6n,26p,534b,197s stack positions out of 5000i,500n,10000p,200000b,80000s
</usr/share/texlive/texmf
-dist/fonts/type1/public/amsfonts/cm/cmbx12.pfb></usr/share/texlive/texmf-dist/
fonts/type1/public/amsfonts/cm/cmr12.pfb></usr/share/texlive/texmf-dist/fonts/t
ype1/public/amsfonts/cm/cmsy10.pfb>
Output written on SAD.pdf (37 pages, 768297 bytes).
=======
 2654 strings out of 493013
 36757 string characters out of 6139317
 95158 words of memory out of 5000000
 6131 multiletter control sequences out of 15000+600000
 12710 words of font info for 49 fonts, out of 8000000 for 9000
 1141 hyphenation exceptions out of 8191
 40i,6n,26p,534b,241s stack positions out of 5000i,500n,10000p,200000b,80000s
</usr/share/texmf-dist/fo
nts/type1/public/amsfonts/cm/cmbx12.pfb></usr/share/texmf-dist/fonts/type1/publ
ic/amsfonts/cm/cmr12.pfb></usr/share/texmf-dist/fonts/type1/public/amsfonts/cm/
cmsy10.pfb>
Output written on SAD.pdf (31 pages, 813062 bytes).
>>>>>>> 194c5e59e4c7d081d41b49018a1c0d46a01bb6d0
PDF statistics:
 159 PDF objects out of 1000 (max. 8388607)
 94 compressed objects within 1 object stream
 0 named destinations out of 1000 (max. 500000)
 111 words of extra memory for PDF output out of 10000 (max. 10000000)

