This is pdfTeX, Version 3.14159265-2.6-1.40.16 (TeX Live 2015/Debian) (preloaded format=pdflatex 2016.10.13)  31 OCT 2016 01:53
entering extended mode
 restricted \write18 enabled.
 %&-line parsing enabled.
**Product_Backlog.tex
(./Product_Backlog.tex
LaTeX2e <2015/01/01>
Babel <3.9l> and hyphenation patterns for 79 languages loaded.
(/usr/share/texlive/texmf-dist/tex/latex/base/article.cls
Document Class: article 2014/09/29 v1.4h Standard LaTeX document class
(/usr/share/texlive/texmf-dist/tex/latex/base/size12.clo
File: size12.clo 2014/09/29 v1.4h Standard LaTeX file (size option)
)
\c@part=\count79
\c@section=\count80
\c@subsection=\count81
\c@subsubsection=\count82
\c@paragraph=\count83
\c@subparagraph=\count84
\c@figure=\count85
\c@table=\count86
\abovecaptionskip=\skip41
\belowcaptionskip=\skip42
\bibindent=\dimen102
)
(/usr/share/texlive/texmf-dist/tex/latex/tools/longtable.sty
Package: longtable 2014/10/28 v4.11 Multi-page Table package (DPC)
\LTleft=\skip43
\LTright=\skip44
\LTpre=\skip45
\LTpost=\skip46
\LTchunksize=\count87
\LTcapwidth=\dimen103
\LT@head=\box26
\LT@firsthead=\box27
\LT@foot=\box28
\LT@lastfoot=\box29
\LT@cols=\count88
\LT@rows=\count89
\c@LT@tables=\count90
\c@LT@chunks=\count91
\LT@p@ftn=\toks14
)
(./Product_Backlog.aux)
\openout1 = `Product_Backlog.aux'.

LaTeX Font Info:    Checking defaults for OML/cmm/m/it on input line 3.
LaTeX Font Info:    ... okay on input line 3.
LaTeX Font Info:    Checking defaults for T1/cmr/m/n on input line 3.
LaTeX Font Info:    ... okay on input line 3.
LaTeX Font Info:    Checking defaults for OT1/cmr/m/n on input line 3.
LaTeX Font Info:    ... okay on input line 3.
LaTeX Font Info:    Checking defaults for OMS/cmsy/m/n on input line 3.
LaTeX Font Info:    ... okay on input line 3.
LaTeX Font Info:    Checking defaults for OMX/cmex/m/n on input line 3.
LaTeX Font Info:    ... okay on input line 3.
LaTeX Font Info:    Checking defaults for U/cmr/m/n on input line 3.
LaTeX Font Info:    ... okay on input line 3.
LaTeX Font Info:    External font `cmex10' loaded for size
(Font)              <14.4> on input line 5.
LaTeX Font Info:    External font `cmex10' loaded for size
(Font)              <7> on input line 5.


LaTeX Warning: No \author given.

[1

{/var/lib/texmf/fonts/map/pdftex/updmap/pdftex.map}] (./Product_Backlog.toc
LaTeX Font Info:    External font `cmex10' loaded for size
(Font)              <12> on input line 3.
LaTeX Font Info:    External font `cmex10' loaded for size
(Font)              <8> on input line 3.
LaTeX Font Info:    External font `cmex10' loaded for size
(Font)              <6> on input line 3.
)
\tf@toc=\write3
\openout3 = `Product_Backlog.toc'.


[2]
Underfull \hbox (badness 10000) in paragraph at lines 40--41
[]|\OT1/cmr/bx/n/12 Size
 []


Underfull \hbox (badness 10000) in paragraph at lines 40--41
\OT1/cmr/bx/n/12 (pts
 []

LaTeX Font Info:    Try loading font information for OMS+cmr on input line 55.
(/usr/share/texlive/texmf-dist/tex/latex/base/omscmr.fd
File: omscmr.fd 2014/09/29 v2.5h Standard LaTeX font definitions
)
LaTeX Font Info:    Font shape `OMS/cmr/m/n' in size <12> not available
(Font)              Font shape `OMS/cmsy/m/n' tried instead on input line 55.

Underfull \hbox (badness 10000) in paragraph at lines 61--61
[]|\OT1/cmr/m/n/12 ST-
 []


Underfull \hbox (badness 10000) in paragraph at lines 63--63
[]|\OT1/cmr/m/n/12 ST-
 []


Underfull \hbox (badness 10000) in paragraph at lines 65--65
[]|\OT1/cmr/m/n/12 ST-
 []


Underfull \hbox (badness 10000) in paragraph at lines 67--67
[]|\OT1/cmr/m/n/12 ST-
 []


Underfull \hbox (badness 10000) in paragraph at lines 73--73
[]|\OT1/cmr/m/n/12 ST-
 []


Underfull \hbox (badness 10000) in paragraph at lines 78--78
[]|\OT1/cmr/m/n/12 ST-
 []


Underfull \hbox (badness 10000) in paragraph at lines 80--80
[]|\OT1/cmr/m/n/12 ST-
 []


Underfull \hbox (badness 10000) in paragraph at lines 82--82
[]|\OT1/cmr/m/n/12 ST-
 []


Overfull \hbox (56.33855pt too wide) in alignment at lines 38--84
 [] [] [] [] 
 []


Underfull \vbox (badness 10000) detected at line 84
 []


Underfull \hbox (badness 10000) in paragraph at lines 84--84
[]|\OT1/cmr/m/n/12 ST-
 []


Underfull \hbox (badness 10000) in paragraph at lines 86--86
[]|\OT1/cmr/m/n/12 ST-
 []


Underfull \hbox (badness 10000) in paragraph at lines 88--88
[]|\OT1/cmr/m/n/12 ST-
 []


Underfull \hbox (badness 10000) in paragraph at lines 90--90
[]|\OT1/cmr/m/n/12 ST-
 []


Underfull \hbox (badness 10000) in paragraph at lines 92--92
[]|\OT1/cmr/m/n/12 ST-
 []


Underfull \hbox (badness 10000) in paragraph at lines 96--96
[]|\OT1/cmr/m/n/12 ST-
 []


Underfull \hbox (badness 10000) in paragraph at lines 100--100
[]|\OT1/cmr/m/n/12 ST-
 []


Underfull \hbox (badness 10000) in paragraph at lines 104--104
[]|\OT1/cmr/m/n/12 ST-
 []


Underfull \hbox (badness 10000) in paragraph at lines 109--109
[]|\OT1/cmr/m/n/12 ST-
 []


Underfull \hbox (badness 10000) in paragraph at lines 115--115
[]|\OT1/cmr/m/n/12 ST-
 []


Underfull \hbox (badness 10000) in paragraph at lines 120--120
[]|\OT1/cmr/m/n/12 ST-
 []


Underfull \hbox (badness 10000) in paragraph at lines 122--122
[]|\OT1/cmr/m/n/12 ST-
 []


Underfull \hbox (badness 10000) in paragraph at lines 124--124
[]|\OT1/cmr/m/n/12 ST-
 []


Underfull \hbox (badness 10000) in paragraph at lines 126--126
[]|\OT1/cmr/m/n/12 ST-
 []


Underfull \hbox (badness 10000) in paragraph at lines 129--129
[]|\OT1/cmr/m/n/12 ST-
 []


Underfull \hbox (badness 10000) in paragraph at lines 132--132
[]|\OT1/cmr/m/n/12 ST-
 []


Overfull \hbox (56.33855pt too wide) in alignment at lines 84--137
 [] [] [] [] 
 []

[3] [4] [5] [6] [7]
Overfull \hbox (32.33856pt too wide) in alignment at lines 154--166
 [] [] 
 []


Underfull \vbox (badness 10000) detected at line 166
 []


Overfull \hbox (32.33856pt too wide) in alignment at lines 173--189
 [] [] 
 []


Underfull \vbox (badness 10000) detected at line 189
 []

[8]
Overfull \hbox (32.33856pt too wide) in alignment at lines 196--217
 [] [] 
 []


Underfull \vbox (badness 10000) detected at line 217
 []


Overfull \hbox (32.33856pt too wide) in alignment at lines 217--222
 [] [] 
 []


Overfull \vbox (5.34924pt too high) has occurred while \output is active []


[9]
Overfull \hbox (32.33856pt too wide) in alignment at lines 228--249
 [] [] 
 []


Underfull \vbox (badness 10000) detected at line 249
 []


Overfull \hbox (32.33856pt too wide) in alignment at lines 255--265
 [] [] 
 []


Underfull \vbox (badness 10000) detected at line 265
 []

[10] (./Product_Backlog.aux) ) 
Here is how much of TeX's memory you used:
 353 strings out of 493085
 4071 string characters out of 6136916
 92302 words of memory out of 5000000
 3903 multiletter control sequences out of 15000+600000
 9115 words of font info for 32 fonts, out of 8000000 for 9000
 1141 hyphenation exceptions out of 8191
 22i,6n,19p,270b,271s stack positions out of 5000i,500n,10000p,200000b,80000s
</usr/share/texlive/texmf-dist/fonts/type1/public
/amsfonts/cm/cmbx12.pfb></usr/share/texlive/texmf-dist/fonts/type1/public/amsfo
nts/cm/cmr12.pfb></usr/share/texlive/texmf-dist/fonts/type1/public/amsfonts/cm/
cmsy10.pfb>
Output written on Product_Backlog.pdf (10 pages, 58571 bytes).
PDF statistics:
 49 PDF objects out of 1000 (max. 8388607)
 33 compressed objects within 1 object stream
 0 named destinations out of 1000 (max. 500000)
 1 words of extra memory for PDF output out of 10000 (max. 10000000)

