#
# There is insufficient memory for the Java Runtime Environment to continue.
# Native memory allocation (malloc) failed to allocate 1184816 bytes for Chunk::new
# Possible reasons:
#   The system is out of physical RAM or swap space
#   In 32 bit mode, the process size limit was hit
# Possible solutions:
#   Reduce memory load on the system
#   Increase physical memory or swap space
#   Check if swap backing store is full
#   Use 64 bit Java on a 64 bit OS
#   Decrease Java heap size (-Xmx/-Xms)
#   Decrease number of Java threads
#   Decrease Java thread stack sizes (-Xss)
#   Set larger code cache with -XX:ReservedCodeCacheSize=
# This output file may be truncated or incomplete.
#
#  Out of Memory Error (allocation.cpp:390), pid=12276, tid=2972
#
# JRE version: Java(TM) SE Runtime Environment (8.0_20-b26) (build 1.8.0_20-b26)
# Java VM: Java HotSpot(TM) 64-Bit Server VM (25.20-b23 mixed mode windows-amd64 compressed oops)
# Failed to write core dump. Minidumps are not enabled by default on client versions of Windows
#

---------------  T H R E A D  ---------------

Current thread (0x000000001496f000):  JavaThread "C2 CompilerThread0" daemon [_thread_in_native, id=2972, stack(0x0000000015ef0000,0x0000000015ff0000)]

Stack: [0x0000000015ef0000,0x0000000015ff0000]
Native frames: (J=compiled Java code, j=interpreted, Vv=VM code, C=native code)
V  [jvm.dll+0x3152fa]
V  [jvm.dll+0x265d03]
V  [jvm.dll+0x266943]
V  [jvm.dll+0x25e265]
V  [jvm.dll+0xbe255]
V  [jvm.dll+0xbe6fc]
V  [jvm.dll+0x45c472]
V  [jvm.dll+0x49d76f]
V  [jvm.dll+0x451911]
V  [jvm.dll+0x452634]
V  [jvm.dll+0x435fc2]
V  [jvm.dll+0x97b62]
V  [jvm.dll+0x98353]
V  [jvm.dll+0x22aac4]
V  [jvm.dll+0x283f5a]
C  [msvcr100.dll+0x21d9f]
C  [msvcr100.dll+0x21e3b]
C  [KERNEL32.DLL+0x18102]
C  [ntdll.dll+0x5c5b4]


Current CompileTask:
C2:   4206 1993       4       com.android.dx.ssa.SsaRenamer$BlockRenamer::process (191 bytes)


---------------  P R O C E S S  ---------------

Java Threads: ( => current thread )
  0x00000000165e8000 JavaThread "pool-1-thread-4" [_thread_in_Java, id=11176, stack(0x00000000173f0000,0x00000000174f0000)]
  0x00000000165e6800 JavaThread "pool-1-thread-3" [_thread_in_Java, id=2752, stack(0x00000000172f0000,0x00000000173f0000)]
  0x00000000165e6000 JavaThread "pool-1-thread-2" [_thread_in_Java, id=10752, stack(0x00000000171f0000,0x00000000172f0000)]
  0x000000001642d000 JavaThread "pool-2-thread-1" [_thread_blocked, id=5548, stack(0x00000000170f0000,0x00000000171f0000)]
  0x000000001642c000 JavaThread "pool-1-thread-1" [_thread_in_Java, id=12740, stack(0x0000000016ff0000,0x00000000170f0000)]
  0x00000000149cb000 JavaThread "Service Thread" daemon [_thread_blocked, id=1080, stack(0x00000000165f0000,0x00000000166f0000)]
  0x0000000014978000 JavaThread "C1 CompilerThread2" daemon [_thread_blocked, id=8808, stack(0x00000000160f0000,0x00000000161f0000)]
  0x0000000014971000 JavaThread "C2 CompilerThread1" daemon [_thread_in_native, id=12712, stack(0x0000000015ff0000,0x00000000160f0000)]
=>0x000000001496f000 JavaThread "C2 CompilerThread0" daemon [_thread_in_native, id=2972, stack(0x0000000015ef0000,0x0000000015ff0000)]
  0x000000001496d800 JavaThread "Attach Listener" daemon [_thread_blocked, id=4272, stack(0x0000000015df0000,0x0000000015ef0000)]
  0x000000001496c000 JavaThread "Signal Dispatcher" daemon [_thread_blocked, id=3316, stack(0x0000000015cf0000,0x0000000015df0000)]
  0x0000000002295000 JavaThread "Finalizer" daemon [_thread_blocked, id=9612, stack(0x0000000015bf0000,0x0000000015cf0000)]
  0x0000000014938000 JavaThread "Reference Handler" daemon [_thread_blocked, id=8448, stack(0x0000000015af0000,0x0000000015bf0000)]
  0x000000000209d800 JavaThread "main" [_thread_in_Java, id=5864, stack(0x0000000001f20000,0x0000000002020000)]

Other Threads:
  0x0000000014936000 VMThread [stack: 0x00000000159f0000,0x0000000015af0000] [id=10188]
  0x00000000149cd000 WatcherThread [stack: 0x00000000166f0000,0x00000000167f0000] [id=11808]

VM state:not at safepoint (normal execution)

VM Mutex/Monitor currently owned by a thread: None

Heap:
 PSYoungGen      total 147456K, used 65828K [0x00000000eab00000, 0x00000000f5300000, 0x0000000100000000)
  eden space 130560K, 37% used [0x00000000eab00000,0x00000000edb501b0,0x00000000f2a80000)
  from space 16896K, 96% used [0x00000000f3d80000,0x00000000f4d79128,0x00000000f4e00000)
  to   space 19456K, 0% used [0x00000000f2a80000,0x00000000f2a80000,0x00000000f3d80000)
 ParOldGen       total 87552K, used 23537K [0x00000000c0000000, 0x00000000c5580000, 0x00000000eab00000)
  object space 87552K, 26% used [0x00000000c0000000,0x00000000c16fc540,0x00000000c5580000)
 Metaspace       used 6449K, capacity 7256K, committed 7424K, reserved 1056768K
  class space    used 613K, capacity 656K, committed 768K, reserved 1048576K

Card table byte_map: [0x0000000011660000,0x0000000011870000] byte_map_base: 0x0000000011060000

Marking Bits: (ParMarkBitMap*) 0x000000005839b460
 Begin Bits: [0x0000000011dd0000, 0x0000000012dd0000)
 End Bits:   [0x0000000012dd0000, 0x0000000013dd0000)

Polling page: 0x00000000001f0000

CodeCache: size=245760Kb used=8084Kb max_used=8084Kb free=237675Kb
 bounds [0x00000000022a0000, 0x0000000002a90000, 0x00000000112a0000]
 total_blobs=2222 nmethods=1956 adapters=178
 compilation: disabled (not enough contiguous free space left)

Compilation events (10 events):
Event: 4.106 Thread 0x0000000014978000 nmethod 2034 0x0000000002a6f4d0 code [0x0000000002a6f640, 0x0000000002a6f948]
Event: 4.106 Thread 0x0000000014978000 2035   !   2       com.android.dx.command.dexer.Main::addClassToDex (25 bytes)
Event: 4.107 Thread 0x0000000014978000 nmethod 2035 0x0000000002a6ee90 code [0x0000000002a6f000, 0x0000000002a6f308]
Event: 4.107 Thread 0x0000000014978000 2036       2       com.android.dx.dex.file.DexFile::add (9 bytes)
Event: 4.107 Thread 0x0000000014978000 nmethod 2036 0x0000000002a6ead0 code [0x0000000002a6ec40, 0x0000000002a6eda8]
Event: 4.107 Thread 0x0000000014978000 2037   !   2       com.android.dx.dex.file.ClassDefsSection::add (75 bytes)
Event: 4.108 Thread 0x0000000014978000 nmethod 2037 0x0000000002a8bbd0 code [0x0000000002a8bdc0, 0x0000000002a8c398]
Event: 4.109 Thread 0x0000000014978000 2039       2       java.util.concurrent.ArrayBlockingQueue::enqueue (53 bytes)
Event: 4.110 Thread 0x0000000014978000 nmethod 2039 0x0000000002a6e410 code [0x0000000002a6e5a0, 0x0000000002a6e8c8]
Event: 4.142 Thread 0x0000000014978000 2040 %     3       com.android.dx.dex.file.AnnotationUtils::makeSignature @ 65 (251 bytes)

GC Heap History (10 events):
Event: 2.221 GC heap before
{Heap before GC invocations=2 (full 0):
 PSYoungGen      total 38400K, used 38053K [0x00000000eab00000, 0x00000000ed580000, 0x0000000100000000)
  eden space 33280K, 100% used [0x00000000eab00000,0x00000000ecb80000,0x00000000ecb80000)
  from space 5120K, 93% used [0x00000000ecb80000,0x00000000ed029628,0x00000000ed080000)
  to   space 5120K, 0% used [0x00000000ed080000,0x00000000ed080000,0x00000000ed580000)
 ParOldGen       total 87552K, used 8K [0x00000000c0000000, 0x00000000c5580000, 0x00000000eab00000)
  object space 87552K, 0% used [0x00000000c0000000,0x00000000c0002000,0x00000000c5580000)
 Metaspace       used 6123K, capacity 7024K, committed 7296K, reserved 1056768K
  class space    used 593K, capacity 616K, committed 640K, reserved 1048576K
Event: 2.240 GC heap after
Heap after GC invocations=2 (full 0):
 PSYoungGen      total 38400K, used 5104K [0x00000000eab00000, 0x00000000ef600000, 0x0000000100000000)
  eden space 33280K, 0% used [0x00000000eab00000,0x00000000eab00000,0x00000000ecb80000)
  from space 5120K, 99% used [0x00000000ed080000,0x00000000ed57c2b0,0x00000000ed580000)
  to   space 5120K, 0% used [0x00000000ecb80000,0x00000000ecb80000,0x00000000ed080000)
 ParOldGen       total 87552K, used 2665K [0x00000000c0000000, 0x00000000c5580000, 0x00000000eab00000)
  object space 87552K, 3% used [0x00000000c0000000,0x00000000c029a7a8,0x00000000c5580000)
 Metaspace       used 6123K, capacity 7024K, committed 7296K, reserved 1056768K
  class space    used 593K, capacity 616K, committed 640K, reserved 1048576K
}
Event: 2.726 GC heap before
{Heap before GC invocations=3 (full 0):
 PSYoungGen      total 38400K, used 38384K [0x00000000eab00000, 0x00000000ef600000, 0x0000000100000000)
  eden space 33280K, 100% used [0x00000000eab00000,0x00000000ecb80000,0x00000000ecb80000)
  from space 5120K, 99% used [0x00000000ed080000,0x00000000ed57c2b0,0x00000000ed580000)
  to   space 5120K, 0% used [0x00000000ecb80000,0x00000000ecb80000,0x00000000ed080000)
 ParOldGen       total 87552K, used 2665K [0x00000000c0000000, 0x00000000c5580000, 0x00000000eab00000)
  object space 87552K, 3% used [0x00000000c0000000,0x00000000c029a7a8,0x00000000c5580000)
 Metaspace       used 6193K, capacity 7088K, committed 7296K, reserved 1056768K
  class space    used 594K, capacity 616K, committed 640K, reserved 1048576K
Event: 2.751 GC heap after
Heap after GC invocations=3 (full 0):
 PSYoungGen      total 38400K, used 5096K [0x00000000eab00000, 0x00000000ef600000, 0x0000000100000000)
  eden space 33280K, 0% used [0x00000000eab00000,0x00000000eab00000,0x00000000ecb80000)
  from space 5120K, 99% used [0x00000000ecb80000,0x00000000ed07a2c0,0x00000000ed080000)
  to   space 5120K, 0% used [0x00000000ef100000,0x00000000ef100000,0x00000000ef600000)
 ParOldGen       total 87552K, used 8305K [0x00000000c0000000, 0x00000000c5580000, 0x00000000eab00000)
  object space 87552K, 9% used [0x00000000c0000000,0x00000000c081c4d0,0x00000000c5580000)
 Metaspace       used 6193K, capacity 7088K, committed 7296K, reserved 1056768K
  class space    used 594K, capacity 616K, committed 640K, reserved 1048576K
}
Event: 3.057 GC heap before
{Heap before GC invocations=4 (full 0):
 PSYoungGen      total 38400K, used 38376K [0x00000000eab00000, 0x00000000ef600000, 0x0000000100000000)
  eden space 33280K, 100% used [0x00000000eab00000,0x00000000ecb80000,0x00000000ecb80000)
  from space 5120K, 99% used [0x00000000ecb80000,0x00000000ed07a2c0,0x00000000ed080000)
  to   space 5120K, 0% used [0x00000000ef100000,0x00000000ef100000,0x00000000ef600000)
 ParOldGen       total 87552K, used 8305K [0x00000000c0000000, 0x00000000c5580000, 0x00000000eab00000)
  object space 87552K, 9% used [0x00000000c0000000,0x00000000c081c4d0,0x00000000c5580000)
 Metaspace       used 6224K, capacity 7152K, committed 7296K, reserved 1056768K
  class space    used 594K, capacity 616K, committed 640K, reserved 1048576K
Event: 3.076 GC heap after
Heap after GC invocations=4 (full 0):
 PSYoungGen      total 71680K, used 5106K [0x00000000eab00000, 0x00000000ef600000, 0x0000000100000000)
  eden space 66560K, 0% used [0x00000000eab00000,0x00000000eab00000,0x00000000eec00000)
  from space 5120K, 99% used [0x00000000ef100000,0x00000000ef5fc8f0,0x00000000ef600000)
  to   space 5120K, 0% used [0x00000000eec00000,0x00000000eec00000,0x00000000ef100000)
 ParOldGen       total 87552K, used 13762K [0x00000000c0000000, 0x00000000c5580000, 0x00000000eab00000)
  object space 87552K, 15% used [0x00000000c0000000,0x00000000c0d70a88,0x00000000c5580000)
 Metaspace       used 6224K, capacity 7152K, committed 7296K, reserved 1056768K
  class space    used 594K, capacity 616K, committed 640K, reserved 1048576K
}
Event: 3.513 GC heap before
{Heap before GC invocations=5 (full 0):
 PSYoungGen      total 71680K, used 71666K [0x00000000eab00000, 0x00000000ef600000, 0x0000000100000000)
  eden space 66560K, 100% used [0x00000000eab00000,0x00000000eec00000,0x00000000eec00000)
  from space 5120K, 99% used [0x00000000ef100000,0x00000000ef5fc8f0,0x00000000ef600000)
  to   space 5120K, 0% used [0x00000000eec00000,0x00000000eec00000,0x00000000ef100000)
 ParOldGen       total 87552K, used 13762K [0x00000000c0000000, 0x00000000c5580000, 0x00000000eab00000)
  object space 87552K, 15% used [0x00000000c0000000,0x00000000c0d70a88,0x00000000c5580000)
 Metaspace       used 6276K, capacity 7152K, committed 7296K, reserved 1056768K
  class space    used 594K, capacity 616K, committed 640K, reserved 1048576K
Event: 3.553 GC heap after
Heap after GC invocations=5 (full 0):
 PSYoungGen      total 71680K, used 5096K [0x00000000eab00000, 0x00000000f4e00000, 0x0000000100000000)
  eden space 66560K, 0% used [0x00000000eab00000,0x00000000eab00000,0x00000000eec00000)
  from space 5120K, 99% used [0x00000000eec00000,0x00000000ef0fa2c0,0x00000000ef100000)
  to   space 16896K, 0% used [0x00000000f3d80000,0x00000000f3d80000,0x00000000f4e00000)
 ParOldGen       total 87552K, used 23529K [0x00000000c0000000, 0x00000000c5580000, 0x00000000eab00000)
  object space 87552K, 26% used [0x00000000c0000000,0x00000000c16fa540,0x00000000c5580000)
 Metaspace       used 6276K, capacity 7152K, committed 7296K, reserved 1056768K
  class space    used 594K, capacity 616K, committed 640K, reserved 1048576K
}
Event: 3.926 GC heap before
{Heap before GC invocations=6 (full 0):
 PSYoungGen      total 71680K, used 71656K [0x00000000eab00000, 0x00000000f4e00000, 0x0000000100000000)
  eden space 66560K, 100% used [0x00000000eab00000,0x00000000eec00000,0x00000000eec00000)
  from space 5120K, 99% used [0x00000000eec00000,0x00000000ef0fa2c0,0x00000000ef100000)
  to   space 16896K, 0% used [0x00000000f3d80000,0x00000000f3d80000,0x00000000f4e00000)
 ParOldGen       total 87552K, used 23529K [0x00000000c0000000, 0x00000000c5580000, 0x00000000eab00000)
  object space 87552K, 26% used [0x00000000c0000000,0x00000000c16fa540,0x00000000c5580000)
 Metaspace       used 6343K, capacity 7216K, committed 7296K, reserved 1056768K
  class space    used 594K, capacity 616K, committed 640K, reserved 1048576K
Event: 3.959 GC heap after
Heap after GC invocations=6 (full 0):
 PSYoungGen      total 147456K, used 16356K [0x00000000eab00000, 0x00000000f5300000, 0x0000000100000000)
  eden space 130560K, 0% used [0x00000000eab00000,0x00000000eab00000,0x00000000f2a80000)
  from space 16896K, 96% used [0x00000000f3d80000,0x00000000f4d79128,0x00000000f4e00000)
  to   space 19456K, 0% used [0x00000000f2a80000,0x00000000f2a80000,0x00000000f3d80000)
 ParOldGen       total 87552K, used 23537K [0x00000000c0000000, 0x00000000c5580000, 0x00000000eab00000)
  object space 87552K, 26% used [0x00000000c0000000,0x00000000c16fc540,0x00000000c5580000)
 Metaspace       used 6343K, capacity 7216K, committed 7296K, reserved 1056768K
  class space    used 594K, capacity 616K, committed 640K, reserved 1048576K
}

Deoptimization events (10 events):
Event: 3.221 Thread 0x00000000165e6800 Uncommon trap: reason=bimorphic action=maybe_recompile pc=0x000000000292e7fc method=com.android.dx.cf.code.BytecodeArray.parseInstruction(ILcom/android/dx/cf/code/BytecodeArray$Visitor;)I @ 1130
Event: 3.222 Thread 0x00000000165e6800 Uncommon trap: reason=bimorphic action=maybe_recompile pc=0x000000000292e7fc method=com.android.dx.cf.code.BytecodeArray.parseInstruction(ILcom/android/dx/cf/code/BytecodeArray$Visitor;)I @ 1130
Event: 3.474 Thread 0x00000000165e6800 Uncommon trap: reason=class_check action=maybe_recompile pc=0x00000000027e8178 method=java.util.HashMap.putVal(ILjava/lang/Object;Ljava/lang/Object;ZZ)Ljava/lang/Object; @ 203
Event: 3.797 Thread 0x000000000209d800 Uncommon trap: reason=unreached action=reinterpret pc=0x0000000002957598 method=com.android.dx.rop.code.LocalItem.compareHandlesNulls(Lcom/android/dx/rop/cst/CstString;Lcom/android/dx/rop/cst/CstString;)I @ 14
Event: 4.049 Thread 0x00000000165e6800 Uncommon trap: reason=class_check action=maybe_recompile pc=0x0000000002a5726c method=com.android.dx.cf.code.BytecodeArray.parseInstruction(ILcom/android/dx/cf/code/BytecodeArray$Visitor;)I @ 1417
Event: 4.052 Thread 0x00000000165e6000 Uncommon trap: reason=unreached action=reinterpret pc=0x0000000002799bc0 method=java.util.HashMap.getNode(ILjava/lang/Object;)Ljava/util/HashMap$Node; @ 84
Event: 4.060 Thread 0x00000000165e6800 Uncommon trap: reason=class_check action=maybe_recompile pc=0x0000000002a57bec method=com.android.dx.cf.code.BytecodeArray.parseInstruction(ILcom/android/dx/cf/code/BytecodeArray$Visitor;)I @ 2399
Event: 4.066 Thread 0x00000000165e8000 Uncommon trap: reason=unreached action=reinterpret pc=0x00000000029176ac method=java.util.HashMap.getNode(ILjava/lang/Object;)Ljava/util/HashMap$Node; @ 84
Event: 4.070 Thread 0x00000000165e6800 Uncommon trap: reason=class_check action=maybe_recompile pc=0x0000000002a57bec method=com.android.dx.cf.code.BytecodeArray.parseInstruction(ILcom/android/dx/cf/code/BytecodeArray$Visitor;)I @ 2399
Event: 4.072 Thread 0x00000000165e6800 Uncommon trap: reason=class_check action=maybe_recompile pc=0x0000000002a5726c method=com.android.dx.cf.code.BytecodeArray.parseInstruction(ILcom/android/dx/cf/code/BytecodeArray$Visitor;)I @ 1417

Internal exceptions (10 events):
Event: 0.950 Thread 0x000000000209d800 Exception <a 'java/security/PrivilegedActionException'> (0x00000000ec4a0818) thrown at [D:\re\workspace\8-2-build-windows-amd64-cygwin\jdk8u20\1074\hotspot\src\share\vm\prims\jvm.cpp, line 1275]
Event: 0.951 Thread 0x000000000209d800 Exception <a 'java/security/PrivilegedActionException'> (0x00000000ec4a2f00) thrown at [D:\re\workspace\8-2-build-windows-amd64-cygwin\jdk8u20\1074\hotspot\src\share\vm\prims\jvm.cpp, line 1275]
Event: 0.953 Thread 0x00000000165e6800 Exception <a 'java/security/PrivilegedActionException'> (0x00000000ec570ec8) thrown at [D:\re\workspace\8-2-build-windows-amd64-cygwin\jdk8u20\1074\hotspot\src\share\vm\prims\jvm.cpp, line 1275]
Event: 1.157 Thread 0x00000000165e8000 Exception <a 'java/security/PrivilegedActionException'> (0x00000000ecb639a8) thrown at [D:\re\workspace\8-2-build-windows-amd64-cygwin\jdk8u20\1074\hotspot\src\share\vm\prims\jvm.cpp, line 1275]
Event: 1.724 Thread 0x000000001642c000 Exception <a 'java/security/PrivilegedActionException'> (0x00000000eb03c4e8) thrown at [D:\re\workspace\8-2-build-windows-amd64-cygwin\jdk8u20\1074\hotspot\src\share\vm\prims\jvm.cpp, line 1275]
Event: 2.465 Thread 0x000000000209d800 Exception <a 'java/security/PrivilegedActionException'> (0x00000000ebf8a808) thrown at [D:\re\workspace\8-2-build-windows-amd64-cygwin\jdk8u20\1074\hotspot\src\share\vm\prims\jvm.cpp, line 1275]
Event: 3.797 Thread 0x000000000209d800 Implicit null exception at 0x0000000002955dd5 to 0x000000000295757d
Event: 4.050 Thread 0x00000000165e6000 Exception <a 'java/lang/ArrayIndexOutOfBoundsException': 18> (0x00000000ebd23818) thrown at [D:\re\workspace\8-2-build-windows-amd64-cygwin\jdk8u20\1074\hotspot\src\share\vm\interpreter\interpreterRuntime.cpp, line 366]
Event: 4.050 Thread 0x00000000165e6000 Exception <a 'java/lang/ArrayIndexOutOfBoundsException': 145> (0x00000000ebd252b0) thrown at [D:\re\workspace\8-2-build-windows-amd64-cygwin\jdk8u20\1074\hotspot\src\share\vm\interpreter\interpreterRuntime.cpp, line 366]
Event: 4.051 Thread 0x00000000165e6000 Exception <a 'java/lang/ArrayIndexOutOfBoundsException'> (0x00000000ebd264c8) thrown at [D:\re\workspace\8-2-build-windows-amd64-cygwin\jdk8u20\1074\hotspot\src\share\vm\runtime\sharedRuntime.cpp, line 604]

Events (10 events):
Event: 4.066 Thread 0x00000000165e8000 DEOPT PACKING pc=0x00000000029176ac sp=0x00000000174ee860
Event: 4.066 Thread 0x00000000165e8000 DEOPT UNPACKING pc=0x00000000022e556a sp=0x00000000174ee7d8 mode 2
Event: 4.070 Thread 0x00000000165e6800 Uncommon trap: trap_request=0xffffffde fr.pc=0x0000000002a57bec
Event: 4.070 Thread 0x00000000165e6800 DEOPT PACKING pc=0x0000000002a57bec sp=0x00000000173ee9a0
Event: 4.070 Thread 0x00000000165e6800 DEOPT UNPACKING pc=0x00000000022e556a sp=0x00000000173ee958 mode 2
Event: 4.072 Thread 0x00000000165e6800 Uncommon trap: trap_request=0xffffffde fr.pc=0x0000000002a5726c
Event: 4.072 Thread 0x00000000165e6800 DEOPT PACKING pc=0x0000000002a5726c sp=0x00000000173ee9a0
Event: 4.072 Thread 0x00000000165e6800 DEOPT UNPACKING pc=0x00000000022e556a sp=0x00000000173ee948 mode 2
Event: 4.119 Executing VM operation: EnableBiasedLocking
Event: 4.140 Executing VM operation: EnableBiasedLocking done


Dynamic libraries:
0x00007ff699080000 - 0x00007ff6990b4000 	C:\Program Files\Java\jdk1.8.0_20\bin\java.exe
0x00007ff98ded0000 - 0x00007ff98e091000 	C:\WINDOWS\SYSTEM32\ntdll.dll
0x00007ff98bb50000 - 0x00007ff98bbfd000 	C:\WINDOWS\system32\KERNEL32.DLL
0x00007ff98b000000 - 0x00007ff98b1e8000 	C:\WINDOWS\system32\KERNELBASE.dll
0x00007ff98c430000 - 0x00007ff98c4d7000 	C:\WINDOWS\system32\ADVAPI32.dll
0x00007ff98b780000 - 0x00007ff98b81d000 	C:\WINDOWS\system32\msvcrt.dll
0x00007ff98baf0000 - 0x00007ff98bb4b000 	C:\WINDOWS\system32\sechost.dll
0x00007ff98b3f0000 - 0x00007ff98b50c000 	C:\WINDOWS\system32\RPCRT4.dll
0x00007ff98b820000 - 0x00007ff98b976000 	C:\WINDOWS\system32\USER32.dll
0x00007ff98c750000 - 0x00007ff98c8d6000 	C:\WINDOWS\system32\GDI32.dll
0x00007ff97f110000 - 0x00007ff97f384000 	C:\WINDOWS\WinSxS\amd64_microsoft.windows.common-controls_6595b64144ccf1df_6.0.10586.0_none_8c15ae12515e1c22\COMCTL32.dll
0x00007ff98c1a0000 - 0x00007ff98c41d000 	C:\WINDOWS\system32\combase.dll
0x00007ff98ae80000 - 0x00007ff98aeea000 	C:\WINDOWS\system32\bcryptPrimitives.dll
0x00007ff98ba50000 - 0x00007ff98ba8b000 	C:\WINDOWS\system32\IMM32.DLL
0x0000000058420000 - 0x00000000584f2000 	C:\Program Files\Java\jdk1.8.0_20\jre\bin\msvcr100.dll
0x0000000057bc0000 - 0x0000000058418000 	C:\Program Files\Java\jdk1.8.0_20\jre\bin\server\jvm.dll
0x00007ff98c4e0000 - 0x00007ff98c4e8000 	C:\WINDOWS\system32\PSAPI.DLL
0x00007ff97d040000 - 0x00007ff97d049000 	C:\WINDOWS\SYSTEM32\WSOCK32.dll
0x00007ff98b2b0000 - 0x00007ff98b31b000 	C:\WINDOWS\system32\WS2_32.dll
0x00007ff988a40000 - 0x00007ff988a63000 	C:\WINDOWS\SYSTEM32\WINMM.dll
0x00007ff988980000 - 0x00007ff9889ac000 	C:\WINDOWS\SYSTEM32\WINMMBASE.dll
0x00007ff98a560000 - 0x00007ff98a5a3000 	C:\WINDOWS\system32\cfgmgr32.dll
0x0000000057bb0000 - 0x0000000057bbf000 	C:\Program Files\Java\jdk1.8.0_20\jre\bin\verify.dll
0x0000000057b80000 - 0x0000000057ba8000 	C:\Program Files\Java\jdk1.8.0_20\jre\bin\java.dll
0x0000000057b60000 - 0x0000000057b76000 	C:\Program Files\Java\jdk1.8.0_20\jre\bin\zip.dll
0x00007ff98c900000 - 0x00007ff98de5c000 	C:\WINDOWS\system32\SHELL32.dll
0x00007ff98a830000 - 0x00007ff98ae75000 	C:\WINDOWS\system32\windows.storage.dll
0x00007ff98de70000 - 0x00007ff98dec2000 	C:\WINDOWS\system32\shlwapi.dll
0x00007ff98a4f0000 - 0x00007ff98a4ff000 	C:\WINDOWS\system32\kernel.appcore.dll
0x00007ff98b1f0000 - 0x00007ff98b2a5000 	C:\WINDOWS\system32\shcore.dll
0x00007ff98a500000 - 0x00007ff98a54b000 	C:\WINDOWS\system32\powrprof.dll
0x00007ff98a4d0000 - 0x00007ff98a4e4000 	C:\WINDOWS\system32\profapi.dll
0x00007ff97ccb0000 - 0x00007ff97ce3c000 	C:\WINDOWS\SYSTEM32\dbghelp.dll

VM Arguments:
jvm_args: -Djava.awt.headless=true -Xmx1024M -Dfile.encoding=windows-1252 -Duser.country=US -Duser.language=en -Duser.variant 
java_command: com.android.dx.command.Main --dex --num-threads=4 --output C:\Nivek\Wits\2016\2nd semester\Coms\SD\Major Project\SoftwareDesign\FindMeTutor\FindMeTutor\app\build\intermediates\pre-dexed\debug\com.android.support-support-v4-24.1.1_c9c12235924b8ae48b744c5aa10e829485909a6f.jar C:\Nivek\Wits\2016\2nd semester\Coms\SD\Major Project\SoftwareDesign\FindMeTutor\FindMeTutor\app\build\intermediates\exploded-aar\com.android.support\support-v4\24.1.1\jars\classes.jar
java_class_path (initial): C:\Users\admin\AppData\Local\Android\sdk\build-tools\24.0.1\lib\dx.jar
Launcher Type: SUN_STANDARD

Environment Variables:
PATH=C:\ProgramData\Oracle\Java\javapath;C:\Program Files (x86)\Intel\iCLS Client\;C:\Program Files\Intel\iCLS Client\;C:\WINDOWS\system32;C:\WINDOWS;C:\WINDOWS\System32\Wbem;C:\WINDOWS\System32\WindowsPowerShell\v1.0\;C:\Program Files\Intel\Intel(R) Management Engine Components\DAL;C:\Program Files\Intel\Intel(R) Management Engine Components\IPT;C:\Program Files (x86)\Intel\Intel(R) Management Engine Components\DAL;C:\Program Files (x86)\Intel\Intel(R) Management Engine Components\IPT;C:\Program Files\WIDCOMM\Bluetooth Software\;C:\Program Files\WIDCOMM\Bluetooth Software\syswow64;C:\Program Files (x86)\Intel\OpenCL SDK\2.0\bin\x86;C:\Program Files (x86)\Intel\OpenCL SDK\2.0\bin\x64;C:\Program Files\Intel\WiFi\bin\;C:\Program Files\Common Files\Intel\WirelessCommon\;c:\Program Files (x86)\Microsoft SQL Server\100\Tools\Binn\;c:\Program Files\Microsoft SQL Server\100\Tools\Binn\;c:\Program Files\Microsoft SQL Server\100\DTS\Binn\;C:\Program Files (x86)\MySQL\MySQL Fabric 1.5.4 & MySQL Utilities 1.5.4 1.5\;C:\Program Files (x86)\MySQL\MySQL Fabric 1.5.4 & MySQL Utilities 1.5.4 1.5\Doctrine extensions for PHP\;C:\Program Files (x86)\Borland\Delphi7\Bin;C:\Program Files (x86)\Borland\Delphi7\Projects\Bpl;C:\Program Files (x86)\Borland\Delphi7\Rave5;C:\Program Files\Git\cmd;C:\Program Files\Intel\WiFi\bin\;C:\Program Files\Common Files\Intel\WirelessCommon\
USERNAME=admin
OS=Windows_NT
PROCESSOR_IDENTIFIER=Intel64 Family 6 Model 58 Stepping 9, GenuineIntel



---------------  S Y S T E M  ---------------

OS: Windows 8.1 , 64 bit Build 9600 

CPU:total 4 (2 cores per cpu, 2 threads per core) family 6 model 58 stepping 9, cmov, cx8, fxsr, mmx, sse, sse2, sse3, ssse3, sse4.1, sse4.2, popcnt, avx, aes, clmul, erms, ht, tsc, tscinvbit, tscinv

Memory: 4k page, physical 8258576k(2067512k free), swap 10306576k(4112k free)

vm_info: Java HotSpot(TM) 64-Bit Server VM (25.20-b23) for windows-amd64 JRE (1.8.0_20-b26), built on Jul 30 2014 13:51:23 by "java_re" with MS VC++ 10.0 (VS2010)

time: Thu Aug 18 19:30:34 2016
elapsed time: 4 seconds (0d 0h 0m 4s)

