#
# There is insufficient memory for the Java Runtime Environment to continue.
# Native memory allocation (malloc) failed to allocate 1174160 bytes for Chunk::new
# Possible reasons:
#   The system is out of physical RAM or swap space
#   In 32 bit mode, the process size limit was hit
# Possible solutions:
#   Reduce memory load on the system
#   Increase physical memory or swap space
#   Check if swap backing store is full
#   Use 64 bit Java on a 64 bit OS
#   Decrease Java heap size (-Xmx/-Xms)
#   Decrease number of Java threads
#   Decrease Java thread stack sizes (-Xss)
#   Set larger code cache with -XX:ReservedCodeCacheSize=
# This output file may be truncated or incomplete.
#
#  Out of Memory Error (allocation.cpp:390), pid=13108, tid=4416
#
# JRE version: Java(TM) SE Runtime Environment (8.0_20-b26) (build 1.8.0_20-b26)
# Java VM: Java HotSpot(TM) 64-Bit Server VM (25.20-b23 mixed mode windows-amd64 compressed oops)
# Failed to write core dump. Minidumps are not enabled by default on client versions of Windows
#

---------------  T H R E A D  ---------------

Current thread (0x000000001490a800):  JavaThread "C2 CompilerThread1" daemon [_thread_in_native, id=4416, stack(0x0000000015f60000,0x0000000016060000)]

Stack: [0x0000000015f60000,0x0000000016060000]
Native frames: (J=compiled Java code, j=interpreted, Vv=VM code, C=native code)
V  [jvm.dll+0x3152fa]
V  [jvm.dll+0x265d03]
V  [jvm.dll+0x266943]
V  [jvm.dll+0x25e265]
V  [jvm.dll+0xbe255]
V  [jvm.dll+0xbe6fc]
V  [jvm.dll+0x449d02]
V  [jvm.dll+0x4bf4f5]
V  [jvm.dll+0x4c012f]
V  [jvm.dll+0x44fef1]
V  [jvm.dll+0x4526c8]
V  [jvm.dll+0x435fc2]
V  [jvm.dll+0x97b62]
V  [jvm.dll+0x98353]
V  [jvm.dll+0x22aac4]
V  [jvm.dll+0x283f5a]
C  [msvcr100.dll+0x21d9f]
C  [msvcr100.dll+0x21e3b]
C  [KERNEL32.DLL+0x18102]
C  [ntdll.dll+0x5c5b4]


Current CompileTask:
C2:   5907 1699   !   4       com.android.dx.cf.code.BytecodeArray::parseInstruction (2764 bytes)


---------------  P R O C E S S  ---------------

Java Threads: ( => current thread )
  0x00000000165f9800 JavaThread "pool-1-thread-4" [_thread_in_Java, id=13204, stack(0x0000000017360000,0x0000000017460000)]
  0x00000000165f1800 JavaThread "pool-1-thread-3" [_thread_in_Java, id=10080, stack(0x0000000017260000,0x0000000017360000)]
  0x00000000165f0800 JavaThread "pool-1-thread-2" [_thread_in_Java, id=676, stack(0x0000000017160000,0x0000000017260000)]
  0x00000000165f4800 JavaThread "pool-2-thread-1" [_thread_blocked, id=8952, stack(0x0000000017060000,0x0000000017160000)]
  0x00000000165b6000 JavaThread "pool-1-thread-1" [_thread_in_Java, id=13132, stack(0x0000000016f60000,0x0000000017060000)]
  0x000000001496b800 JavaThread "Service Thread" daemon [_thread_blocked, id=6836, stack(0x0000000016160000,0x0000000016260000)]
  0x0000000014913800 JavaThread "C1 CompilerThread2" daemon [_thread_blocked, id=3876, stack(0x0000000016060000,0x0000000016160000)]
=>0x000000001490a800 JavaThread "C2 CompilerThread1" daemon [_thread_in_native, id=4416, stack(0x0000000015f60000,0x0000000016060000)]
  0x0000000014919800 JavaThread "C2 CompilerThread0" daemon [_thread_in_native, id=2156, stack(0x0000000015e60000,0x0000000015f60000)]
  0x0000000014918000 JavaThread "Attach Listener" daemon [_thread_blocked, id=10896, stack(0x0000000015d60000,0x0000000015e60000)]
  0x0000000014917000 JavaThread "Signal Dispatcher" daemon [_thread_blocked, id=11100, stack(0x0000000015c60000,0x0000000015d60000)]
  0x000000000222f000 JavaThread "Finalizer" daemon [_thread_blocked, id=12012, stack(0x0000000015b60000,0x0000000015c60000)]
  0x000000000222c000 JavaThread "Reference Handler" daemon [_thread_blocked, id=12248, stack(0x0000000015a60000,0x0000000015b60000)]
  0x00000000007ad800 JavaThread "main" [_thread_in_Java, id=8504, stack(0x0000000001f40000,0x0000000002040000)]

Other Threads:
  0x00000000148d6000 VMThread [stack: 0x0000000015960000,0x0000000015a60000] [id=11884]
  0x000000001496e000 WatcherThread [stack: 0x0000000016260000,0x0000000016360000] [id=13072]

VM state:not at safepoint (normal execution)

VM Mutex/Monitor currently owned by a thread: None

Heap:
 PSYoungGen      total 38400K, used 30003K [0x00000000eab00000, 0x00000000ef600000, 0x0000000100000000)
  eden space 33280K, 74% used [0x00000000eab00000,0x00000000ec3523b8,0x00000000ecb80000)
  from space 5120K, 99% used [0x00000000ecb80000,0x00000000ed07a968,0x00000000ed080000)
  to   space 5120K, 0% used [0x00000000ef100000,0x00000000ef100000,0x00000000ef600000)
 ParOldGen       total 87552K, used 7338K [0x00000000c0000000, 0x00000000c5580000, 0x00000000eab00000)
  object space 87552K, 8% used [0x00000000c0000000,0x00000000c072a968,0x00000000c5580000)
 Metaspace       used 6202K, capacity 7088K, committed 7296K, reserved 1056768K
  class space    used 594K, capacity 616K, committed 640K, reserved 1048576K

Card table byte_map: [0x0000000011600000,0x0000000011810000] byte_map_base: 0x0000000011000000

Marking Bits: (ParMarkBitMap*) 0x000000005839b460
 Begin Bits: [0x0000000011d70000, 0x0000000012d70000)
 End Bits:   [0x0000000012d70000, 0x0000000013d70000)

Polling page: 0x00000000001f0000

CodeCache: size=245760Kb used=6767Kb max_used=6767Kb free=238992Kb
 bounds [0x0000000002240000, 0x00000000028e0000, 0x0000000011240000]
 total_blobs=1971 nmethods=1705 adapters=178
 compilation: enabled

Compilation events (10 events):
Event: 5.851 Thread 0x0000000014913800 1744       2       java.util.Arrays::sort (47 bytes)
Event: 5.851 Thread 0x0000000014913800 nmethod 1744 0x00000000028d7050 code [0x00000000028d71e0, 0x00000000028d7458]
Event: 5.855 Thread 0x0000000014913800 1746       2       com.android.dx.dex.file.AnnotationSetItem::<init> (83 bytes)
Event: 5.856 Thread 0x0000000014913800 nmethod 1746 0x00000000028d75d0 code [0x00000000028d77c0, 0x00000000028d7f68]
Event: 5.859 Thread 0x0000000014913800 1747       1       com.android.dx.cf.direct.DirectClassFile$DcfTypeList::size (5 bytes)
Event: 5.859 Thread 0x0000000014913800 nmethod 1747 0x00000000028d85d0 code [0x00000000028d8720, 0x00000000028d8830]
Event: 5.867 Thread 0x0000000014913800 1748       2       com.android.dx.cf.attrib.InnerClassList::set (19 bytes)
Event: 5.867 Thread 0x0000000014913800 nmethod 1748 0x00000000028d8890 code [0x00000000028d8a40, 0x00000000028d8f18]
Event: 5.873 Thread 0x0000000014913800 1749       2       java.util.concurrent.locks.AbstractQueuedSynchronizer::acquire (27 bytes)
Event: 5.873 Thread 0x0000000014913800 nmethod 1749 0x00000000028d9410 code [0x00000000028d95a0, 0x00000000028d97b8]

GC Heap History (6 events):
Event: 3.598 GC heap before
{Heap before GC invocations=1 (full 0):
 PSYoungGen      total 38400K, used 33280K [0x00000000eab00000, 0x00000000ed580000, 0x0000000100000000)
  eden space 33280K, 100% used [0x00000000eab00000,0x00000000ecb80000,0x00000000ecb80000)
  from space 5120K, 0% used [0x00000000ed080000,0x00000000ed080000,0x00000000ed580000)
  to   space 5120K, 0% used [0x00000000ecb80000,0x00000000ecb80000,0x00000000ed080000)
 ParOldGen       total 87552K, used 0K [0x00000000c0000000, 0x00000000c5580000, 0x00000000eab00000)
  object space 87552K, 0% used [0x00000000c0000000,0x00000000c0000000,0x00000000c5580000)
 Metaspace       used 5852K, capacity 6832K, committed 7040K, reserved 1056768K
  class space    used 591K, capacity 616K, committed 640K, reserved 1048576K
Event: 3.616 GC heap after
Heap after GC invocations=1 (full 0):
 PSYoungGen      total 38400K, used 4855K [0x00000000eab00000, 0x00000000ed580000, 0x0000000100000000)
  eden space 33280K, 0% used [0x00000000eab00000,0x00000000eab00000,0x00000000ecb80000)
  from space 5120K, 94% used [0x00000000ecb80000,0x00000000ed03df18,0x00000000ed080000)
  to   space 5120K, 0% used [0x00000000ed080000,0x00000000ed080000,0x00000000ed580000)
 ParOldGen       total 87552K, used 0K [0x00000000c0000000, 0x00000000c5580000, 0x00000000eab00000)
  object space 87552K, 0% used [0x00000000c0000000,0x00000000c0000000,0x00000000c5580000)
 Metaspace       used 5852K, capacity 6832K, committed 7040K, reserved 1056768K
  class space    used 591K, capacity 616K, committed 640K, reserved 1048576K
}
Event: 4.805 GC heap before
{Heap before GC invocations=2 (full 0):
 PSYoungGen      total 38400K, used 38135K [0x00000000eab00000, 0x00000000ed580000, 0x0000000100000000)
  eden space 33280K, 100% used [0x00000000eab00000,0x00000000ecb80000,0x00000000ecb80000)
  from space 5120K, 94% used [0x00000000ecb80000,0x00000000ed03df18,0x00000000ed080000)
  to   space 5120K, 0% used [0x00000000ed080000,0x00000000ed080000,0x00000000ed580000)
 ParOldGen       total 87552K, used 0K [0x00000000c0000000, 0x00000000c5580000, 0x00000000eab00000)
  object space 87552K, 0% used [0x00000000c0000000,0x00000000c0000000,0x00000000c5580000)
 Metaspace       used 6075K, capacity 7024K, committed 7296K, reserved 1056768K
  class space    used 593K, capacity 616K, committed 640K, reserved 1048576K
Event: 4.843 GC heap after
Heap after GC invocations=2 (full 0):
 PSYoungGen      total 38400K, used 5098K [0x00000000eab00000, 0x00000000ef600000, 0x0000000100000000)
  eden space 33280K, 0% used [0x00000000eab00000,0x00000000eab00000,0x00000000ecb80000)
  from space 5120K, 99% used [0x00000000ed080000,0x00000000ed57a968,0x00000000ed580000)
  to   space 5120K, 0% used [0x00000000ecb80000,0x00000000ecb80000,0x00000000ed080000)
 ParOldGen       total 87552K, used 3427K [0x00000000c0000000, 0x00000000c5580000, 0x00000000eab00000)
  object space 87552K, 3% used [0x00000000c0000000,0x00000000c0358ea0,0x00000000c5580000)
 Metaspace       used 6075K, capacity 7024K, committed 7296K, reserved 1056768K
  class space    used 593K, capacity 616K, committed 640K, reserved 1048576K
}
Event: 5.391 GC heap before
{Heap before GC invocations=3 (full 0):
 PSYoungGen      total 38400K, used 38378K [0x00000000eab00000, 0x00000000ef600000, 0x0000000100000000)
  eden space 33280K, 100% used [0x00000000eab00000,0x00000000ecb80000,0x00000000ecb80000)
  from space 5120K, 99% used [0x00000000ed080000,0x00000000ed57a968,0x00000000ed580000)
  to   space 5120K, 0% used [0x00000000ecb80000,0x00000000ecb80000,0x00000000ed080000)
 ParOldGen       total 87552K, used 3427K [0x00000000c0000000, 0x00000000c5580000, 0x00000000eab00000)
  object space 87552K, 3% used [0x00000000c0000000,0x00000000c0358ea0,0x00000000c5580000)
 Metaspace       used 6126K, capacity 7088K, committed 7296K, reserved 1056768K
  class space    used 593K, capacity 616K, committed 640K, reserved 1048576K
Event: 5.404 GC heap after
Heap after GC invocations=3 (full 0):
 PSYoungGen      total 38400K, used 5098K [0x00000000eab00000, 0x00000000ef600000, 0x0000000100000000)
  eden space 33280K, 0% used [0x00000000eab00000,0x00000000eab00000,0x00000000ecb80000)
  from space 5120K, 99% used [0x00000000ecb80000,0x00000000ed07a968,0x00000000ed080000)
  to   space 5120K, 0% used [0x00000000ef100000,0x00000000ef100000,0x00000000ef600000)
 ParOldGen       total 87552K, used 7338K [0x00000000c0000000, 0x00000000c5580000, 0x00000000eab00000)
  object space 87552K, 8% used [0x00000000c0000000,0x00000000c072a968,0x00000000c5580000)
 Metaspace       used 6126K, capacity 7088K, committed 7296K, reserved 1056768K
  class space    used 593K, capacity 616K, committed 640K, reserved 1048576K
}

Deoptimization events (10 events):
Event: 5.795 Thread 0x00000000165f1800 Uncommon trap: reason=class_check action=maybe_recompile pc=0x000000000278c074 method=java.util.HashMap.putVal(ILjava/lang/Object;Ljava/lang/Object;ZZ)Ljava/lang/Object; @ 203
Event: 5.795 Thread 0x00000000165f1800 Uncommon trap: reason=bimorphic action=maybe_recompile pc=0x00000000024922cc method=java.util.HashMap.getNode(ILjava/lang/Object;)Ljava/util/HashMap$Node; @ 126
Event: 5.795 Thread 0x00000000165f1800 Uncommon trap: reason=class_check action=maybe_recompile pc=0x000000000278c074 method=java.util.HashMap.putVal(ILjava/lang/Object;Ljava/lang/Object;ZZ)Ljava/lang/Object; @ 203
Event: 5.795 Thread 0x00000000165f1800 Uncommon trap: reason=bimorphic action=maybe_recompile pc=0x00000000024d9d24 method=java.util.HashMap.getNode(ILjava/lang/Object;)Ljava/util/HashMap$Node; @ 126
Event: 5.795 Thread 0x00000000165f1800 Uncommon trap: reason=bimorphic action=maybe_recompile pc=0x00000000024d9d24 method=java.util.HashMap.getNode(ILjava/lang/Object;)Ljava/util/HashMap$Node; @ 126
Event: 5.795 Thread 0x00000000165f1800 Uncommon trap: reason=class_check action=maybe_recompile pc=0x000000000278c074 method=java.util.HashMap.putVal(ILjava/lang/Object;Ljava/lang/Object;ZZ)Ljava/lang/Object; @ 203
Event: 5.795 Thread 0x00000000165f1800 Uncommon trap: reason=bimorphic action=maybe_recompile pc=0x00000000024922cc method=java.util.HashMap.getNode(ILjava/lang/Object;)Ljava/util/HashMap$Node; @ 126
Event: 5.824 Thread 0x00000000165f9800 Uncommon trap: reason=unreached action=reinterpret pc=0x0000000002845d4c method=com.android.dx.ssa.SCCP.simulateBranch(Lcom/android/dx/ssa/SsaInsn;)V @ 132
Event: 5.824 Thread 0x00000000165f9800 Uncommon trap: reason=unloaded action=reinterpret pc=0x0000000002892fac method=com.android.dx.ssa.LiteralOpUpgrader$1.visitNonMoveInsn(Lcom/android/dx/ssa/NormalSsaInsn;)V @ 72
Event: 5.825 Thread 0x00000000165f9800 Uncommon trap: reason=unreached action=reinterpret pc=0x00000000026d6c5c method=com.android.dx.ssa.SsaMethod.updateOneDefinition(Lcom/android/dx/ssa/SsaInsn;Lcom/android/dx/rop/code/RegisterSpec;)V @ 4

Internal exceptions (10 events):
Event: 3.273 Thread 0x00000000007ad800 Exception <a 'java/security/PrivilegedActionException'> (0x00000000ec467eb0) thrown at [D:\re\workspace\8-2-build-windows-amd64-cygwin\jdk8u20\1074\hotspot\src\share\vm\prims\jvm.cpp, line 1275]
Event: 3.291 Thread 0x00000000165f1800 Exception <a 'java/security/PrivilegedActionException'> (0x00000000ec4f6e20) thrown at [D:\re\workspace\8-2-build-windows-amd64-cygwin\jdk8u20\1074\hotspot\src\share\vm\prims\jvm.cpp, line 1275]
Event: 3.292 Thread 0x00000000165f1800 Exception <a 'java/security/PrivilegedActionException'> (0x00000000ec4fc810) thrown at [D:\re\workspace\8-2-build-windows-amd64-cygwin\jdk8u20\1074\hotspot\src\share\vm\prims\jvm.cpp, line 1275]
Event: 3.293 Thread 0x00000000165f1800 Exception <a 'java/security/PrivilegedActionException'> (0x00000000ec501ec8) thrown at [D:\re\workspace\8-2-build-windows-amd64-cygwin\jdk8u20\1074\hotspot\src\share\vm\prims\jvm.cpp, line 1275]
Event: 3.302 Thread 0x00000000165f0800 Exception <a 'java/security/PrivilegedActionException'> (0x00000000ec2e4a90) thrown at [D:\re\workspace\8-2-build-windows-amd64-cygwin\jdk8u20\1074\hotspot\src\share\vm\prims\jvm.cpp, line 1275]
Event: 3.356 Thread 0x00000000007ad800 Exception <a 'java/security/PrivilegedActionException'> (0x00000000ec4a3b40) thrown at [D:\re\workspace\8-2-build-windows-amd64-cygwin\jdk8u20\1074\hotspot\src\share\vm\prims\jvm.cpp, line 1275]
Event: 3.357 Thread 0x00000000007ad800 Exception <a 'java/security/PrivilegedActionException'> (0x00000000ec4a6228) thrown at [D:\re\workspace\8-2-build-windows-amd64-cygwin\jdk8u20\1074\hotspot\src\share\vm\prims\jvm.cpp, line 1275]
Event: 3.497 Thread 0x00000000165f0800 Exception <a 'java/security/PrivilegedActionException'> (0x00000000ecae0428) thrown at [D:\re\workspace\8-2-build-windows-amd64-cygwin\jdk8u20\1074\hotspot\src\share\vm\prims\jvm.cpp, line 1275]
Event: 3.734 Thread 0x00000000165f9800 Exception <a 'java/security/PrivilegedActionException'> (0x00000000eb1acd98) thrown at [D:\re\workspace\8-2-build-windows-amd64-cygwin\jdk8u20\1074\hotspot\src\share\vm\prims\jvm.cpp, line 1275]
Event: 5.825 Thread 0x00000000165f9800 Exception <a 'java/security/PrivilegedActionException'> (0x00000000ebc8af48) thrown at [D:\re\workspace\8-2-build-windows-amd64-cygwin\jdk8u20\1074\hotspot\src\share\vm\prims\jvm.cpp, line 1275]

Events (10 events):
Event: 5.824 Thread 0x00000000165f9800 DEOPT PACKING pc=0x0000000002845d4c sp=0x000000001745e5d0
Event: 5.824 Thread 0x00000000165f9800 DEOPT UNPACKING pc=0x000000000228556a sp=0x000000001745e5a8 mode 2
Event: 5.824 Thread 0x00000000165f9800 Uncommon trap: trap_request=0x0000004e fr.pc=0x0000000002892fac
Event: 5.824 loading class com/android/dx/rop/code/RegOps
Event: 5.824 loading class com/android/dx/rop/code/RegOps done
Event: 5.825 Thread 0x00000000165f9800 DEOPT PACKING pc=0x0000000002892fac sp=0x000000001745e730
Event: 5.825 Thread 0x00000000165f9800 DEOPT UNPACKING pc=0x000000000228556a sp=0x000000001745e6b8 mode 2
Event: 5.825 Thread 0x00000000165f9800 Uncommon trap: trap_request=0xffffffad fr.pc=0x00000000026d6c5c
Event: 5.825 Thread 0x00000000165f9800 DEOPT PACKING pc=0x00000000026d6c5c sp=0x000000001745e530
Event: 5.825 Thread 0x00000000165f9800 DEOPT UNPACKING pc=0x000000000228556a sp=0x000000001745e4d8 mode 2


Dynamic libraries:
0x00007ff699080000 - 0x00007ff6990b4000 	C:\Program Files\Java\jdk1.8.0_20\bin\java.exe
0x00007ff98ded0000 - 0x00007ff98e091000 	C:\WINDOWS\SYSTEM32\ntdll.dll
0x00007ff98bb50000 - 0x00007ff98bbfd000 	C:\WINDOWS\system32\KERNEL32.DLL
0x00007ff98b000000 - 0x00007ff98b1e8000 	C:\WINDOWS\system32\KERNELBASE.dll
0x00007ff98c430000 - 0x00007ff98c4d7000 	C:\WINDOWS\system32\ADVAPI32.dll
0x00007ff98b780000 - 0x00007ff98b81d000 	C:\WINDOWS\system32\msvcrt.dll
0x00007ff98baf0000 - 0x00007ff98bb4b000 	C:\WINDOWS\system32\sechost.dll
0x00007ff98b3f0000 - 0x00007ff98b50c000 	C:\WINDOWS\system32\RPCRT4.dll
0x00007ff98b820000 - 0x00007ff98b976000 	C:\WINDOWS\system32\USER32.dll
0x00007ff98c750000 - 0x00007ff98c8d6000 	C:\WINDOWS\system32\GDI32.dll
0x00007ff97f110000 - 0x00007ff97f384000 	C:\WINDOWS\WinSxS\amd64_microsoft.windows.common-controls_6595b64144ccf1df_6.0.10586.0_none_8c15ae12515e1c22\COMCTL32.dll
0x00007ff98c1a0000 - 0x00007ff98c41d000 	C:\WINDOWS\system32\combase.dll
0x00007ff98ae80000 - 0x00007ff98aeea000 	C:\WINDOWS\system32\bcryptPrimitives.dll
0x00007ff98ba50000 - 0x00007ff98ba8b000 	C:\WINDOWS\system32\IMM32.DLL
0x0000000058420000 - 0x00000000584f2000 	C:\Program Files\Java\jdk1.8.0_20\jre\bin\msvcr100.dll
0x0000000057bc0000 - 0x0000000058418000 	C:\Program Files\Java\jdk1.8.0_20\jre\bin\server\jvm.dll
0x00007ff98c4e0000 - 0x00007ff98c4e8000 	C:\WINDOWS\system32\PSAPI.DLL
0x00007ff97d040000 - 0x00007ff97d049000 	C:\WINDOWS\SYSTEM32\WSOCK32.dll
0x00007ff98b2b0000 - 0x00007ff98b31b000 	C:\WINDOWS\system32\WS2_32.dll
0x00007ff988a40000 - 0x00007ff988a63000 	C:\WINDOWS\SYSTEM32\WINMM.dll
0x00007ff988980000 - 0x00007ff9889ac000 	C:\WINDOWS\SYSTEM32\WINMMBASE.dll
0x00007ff98a560000 - 0x00007ff98a5a3000 	C:\WINDOWS\system32\cfgmgr32.dll
0x0000000057bb0000 - 0x0000000057bbf000 	C:\Program Files\Java\jdk1.8.0_20\jre\bin\verify.dll
0x0000000057b80000 - 0x0000000057ba8000 	C:\Program Files\Java\jdk1.8.0_20\jre\bin\java.dll
0x0000000057b60000 - 0x0000000057b76000 	C:\Program Files\Java\jdk1.8.0_20\jre\bin\zip.dll
0x00007ff98c900000 - 0x00007ff98de5c000 	C:\WINDOWS\system32\SHELL32.dll
0x00007ff98a830000 - 0x00007ff98ae75000 	C:\WINDOWS\system32\windows.storage.dll
0x00007ff98de70000 - 0x00007ff98dec2000 	C:\WINDOWS\system32\shlwapi.dll
0x00007ff98a4f0000 - 0x00007ff98a4ff000 	C:\WINDOWS\system32\kernel.appcore.dll
0x00007ff98b1f0000 - 0x00007ff98b2a5000 	C:\WINDOWS\system32\shcore.dll
0x00007ff98a500000 - 0x00007ff98a54b000 	C:\WINDOWS\system32\powrprof.dll
0x00007ff98a4d0000 - 0x00007ff98a4e4000 	C:\WINDOWS\system32\profapi.dll
0x00007ff97ccb0000 - 0x00007ff97ce3c000 	C:\WINDOWS\SYSTEM32\dbghelp.dll

VM Arguments:
jvm_args: -Djava.awt.headless=true -Xmx1024M -Dfile.encoding=windows-1252 -Duser.country=US -Duser.language=en -Duser.variant 
java_command: com.android.dx.command.Main --dex --num-threads=4 --output C:\Nivek\Wits\2016\2nd semester\Coms\SD\Major Project\SoftwareDesign\FindMeTutor\FindMeTutor\app\build\intermediates\pre-dexed\debug\com.android.support-support-v4-24.1.1_c9c12235924b8ae48b744c5aa10e829485909a6f.jar C:\Nivek\Wits\2016\2nd semester\Coms\SD\Major Project\SoftwareDesign\FindMeTutor\FindMeTutor\app\build\intermediates\exploded-aar\com.android.support\support-v4\24.1.1\jars\classes.jar
java_class_path (initial): C:\Users\admin\AppData\Local\Android\sdk\build-tools\24.0.1\lib\dx.jar
Launcher Type: SUN_STANDARD

Environment Variables:
PATH=C:\ProgramData\Oracle\Java\javapath;C:\Program Files (x86)\Intel\iCLS Client\;C:\Program Files\Intel\iCLS Client\;C:\WINDOWS\system32;C:\WINDOWS;C:\WINDOWS\System32\Wbem;C:\WINDOWS\System32\WindowsPowerShell\v1.0\;C:\Program Files\Intel\Intel(R) Management Engine Components\DAL;C:\Program Files\Intel\Intel(R) Management Engine Components\IPT;C:\Program Files (x86)\Intel\Intel(R) Management Engine Components\DAL;C:\Program Files (x86)\Intel\Intel(R) Management Engine Components\IPT;C:\Program Files\WIDCOMM\Bluetooth Software\;C:\Program Files\WIDCOMM\Bluetooth Software\syswow64;C:\Program Files (x86)\Intel\OpenCL SDK\2.0\bin\x86;C:\Program Files (x86)\Intel\OpenCL SDK\2.0\bin\x64;C:\Program Files\Intel\WiFi\bin\;C:\Program Files\Common Files\Intel\WirelessCommon\;c:\Program Files (x86)\Microsoft SQL Server\100\Tools\Binn\;c:\Program Files\Microsoft SQL Server\100\Tools\Binn\;c:\Program Files\Microsoft SQL Server\100\DTS\Binn\;C:\Program Files (x86)\MySQL\MySQL Fabric 1.5.4 & MySQL Utilities 1.5.4 1.5\;C:\Program Files (x86)\MySQL\MySQL Fabric 1.5.4 & MySQL Utilities 1.5.4 1.5\Doctrine extensions for PHP\;C:\Program Files (x86)\Borland\Delphi7\Bin;C:\Program Files (x86)\Borland\Delphi7\Projects\Bpl;C:\Program Files (x86)\Borland\Delphi7\Rave5;C:\Program Files\Git\cmd;C:\Program Files\Intel\WiFi\bin\;C:\Program Files\Common Files\Intel\WirelessCommon\
USERNAME=admin
OS=Windows_NT
PROCESSOR_IDENTIFIER=Intel64 Family 6 Model 58 Stepping 9, GenuineIntel



---------------  S Y S T E M  ---------------

OS: Windows 8.1 , 64 bit Build 9600 

CPU:total 4 (2 cores per cpu, 2 threads per core) family 6 model 58 stepping 9, cmov, cx8, fxsr, mmx, sse, sse2, sse3, ssse3, sse4.1, sse4.2, popcnt, avx, aes, clmul, erms, ht, tsc, tscinvbit, tscinv

Memory: 4k page, physical 8258576k(2281148k free), swap 10306576k(5124k free)

vm_info: Java HotSpot(TM) 64-Bit Server VM (25.20-b23) for windows-amd64 JRE (1.8.0_20-b26), built on Jul 30 2014 13:51:23 by "java_re" with MS VC++ 10.0 (VS2010)

time: Thu Aug 18 19:41:25 2016
elapsed time: 5 seconds (0d 0h 0m 5s)

