#
# There is insufficient memory for the Java Runtime Environment to continue.
# Native memory allocation (malloc) failed to allocate 403216 bytes for Chunk::new
# Possible reasons:
#   The system is out of physical RAM or swap space
#   In 32 bit mode, the process size limit was hit
# Possible solutions:
#   Reduce memory load on the system
#   Increase physical memory or swap space
#   Check if swap backing store is full
#   Use 64 bit Java on a 64 bit OS
#   Decrease Java heap size (-Xmx/-Xms)
#   Decrease number of Java threads
#   Decrease Java thread stack sizes (-Xss)
#   Set larger code cache with -XX:ReservedCodeCacheSize=
# This output file may be truncated or incomplete.
#
#  Out of Memory Error (allocation.cpp:390), pid=12612, tid=14700
#
# JRE version: Java(TM) SE Runtime Environment (8.0_20-b26) (build 1.8.0_20-b26)
# Java VM: Java HotSpot(TM) 64-Bit Server VM (25.20-b23 mixed mode windows-amd64 compressed oops)
# Failed to write core dump. Minidumps are not enabled by default on client versions of Windows
#

---------------  T H R E A D  ---------------

Current thread (0x0000000015421000):  JavaThread "C2 CompilerThread1" daemon [_thread_in_native, id=14700, stack(0x0000000016a50000,0x0000000016b50000)]

Stack: [0x0000000016a50000,0x0000000016b50000]
Native frames: (J=compiled Java code, j=interpreted, Vv=VM code, C=native code)
V  [jvm.dll+0x3152fa]
V  [jvm.dll+0x265d03]
V  [jvm.dll+0x266943]
V  [jvm.dll+0x25e265]
V  [jvm.dll+0xbe255]
V  [jvm.dll+0xbe6fc]
V  [jvm.dll+0x477e87]
V  [jvm.dll+0x444cc3]
V  [jvm.dll+0x4500de]
V  [jvm.dll+0x4526c8]
V  [jvm.dll+0x435fc2]
V  [jvm.dll+0x97b62]
V  [jvm.dll+0x98353]
V  [jvm.dll+0x22aac4]
V  [jvm.dll+0x283f5a]
C  [msvcr100.dll+0x21d9f]
C  [msvcr100.dll+0x21e3b]
C  [KERNEL32.DLL+0x18102]
C  [ntdll.dll+0x5c5b4]


Current CompileTask:
C2:   3768 1413   !   4       com.android.dx.cf.code.BytecodeArray::parseInstruction (2764 bytes)


---------------  P R O C E S S  ---------------

Java Threads: ( => current thread )
  0x000000001542b000 JavaThread "Service Thread" daemon [_thread_blocked, id=4280, stack(0x0000000016c50000,0x0000000016d50000)]
  0x0000000015424000 JavaThread "C1 CompilerThread2" daemon [_thread_blocked, id=6460, stack(0x0000000016b50000,0x0000000016c50000)]
=>0x0000000015421000 JavaThread "C2 CompilerThread1" daemon [_thread_in_native, id=14700, stack(0x0000000016a50000,0x0000000016b50000)]
  0x00000000153cd800 JavaThread "C2 CompilerThread0" daemon [_thread_in_native, id=15304, stack(0x0000000016950000,0x0000000016a50000)]
  0x00000000153cb800 JavaThread "Attach Listener" daemon [_thread_blocked, id=6396, stack(0x0000000016850000,0x0000000016950000)]
  0x00000000153ca000 JavaThread "Signal Dispatcher" daemon [_thread_blocked, id=8348, stack(0x0000000016750000,0x0000000016850000)]
  0x0000000002cef000 JavaThread "Finalizer" daemon [_thread_blocked, id=7208, stack(0x0000000016650000,0x0000000016750000)]
  0x0000000015398000 JavaThread "Reference Handler" daemon [_thread_blocked, id=12920, stack(0x0000000016550000,0x0000000016650000)]
  0x0000000002bfd800 JavaThread "main" [_thread_in_vm, id=8660, stack(0x0000000002a50000,0x0000000002b50000)]

Other Threads:
  0x0000000015396000 VMThread [stack: 0x0000000016450000,0x0000000016550000] [id=2756]
  0x000000001542e000 WatcherThread [stack: 0x0000000016d50000,0x0000000016e50000] [id=11144]

VM state:not at safepoint (normal execution)

VM Mutex/Monitor currently owned by a thread: None

Heap:
 PSYoungGen      total 38400K, used 20754K [0x00000000eab00000, 0x00000000ef600000, 0x0000000100000000)
  eden space 33280K, 47% used [0x00000000eab00000,0x00000000eba494b8,0x00000000ecb80000)
  from space 5120K, 99% used [0x00000000ecb80000,0x00000000ed07b500,0x00000000ed080000)
  to   space 5120K, 0% used [0x00000000ef100000,0x00000000ef100000,0x00000000ef600000)
 ParOldGen       total 87552K, used 1850K [0x00000000c0000000, 0x00000000c5580000, 0x00000000eab00000)
  object space 87552K, 2% used [0x00000000c0000000,0x00000000c01ceb28,0x00000000c5580000)
 Metaspace       used 6179K, capacity 7088K, committed 7296K, reserved 1056768K
  class space    used 597K, capacity 616K, committed 640K, reserved 1048576K

Card table byte_map: [0x00000000120c0000,0x00000000122d0000] byte_map_base: 0x0000000011ac0000

Marking Bits: (ParMarkBitMap*) 0x000000006451b460
 Begin Bits: [0x0000000012830000, 0x0000000013830000)
 End Bits:   [0x0000000013830000, 0x0000000014830000)

Polling page: 0x0000000000e20000

CodeCache: size=245760Kb used=6043Kb max_used=6057Kb free=239716Kb
 bounds [0x0000000002d00000, 0x0000000003300000, 0x0000000011d00000]
 total_blobs=1788 nmethods=1524 adapters=178
 compilation: enabled

Compilation events (10 events):
Event: 3.414 Thread 0x00000000153cd800 nmethod 1517 0x00000000032e3550 code [0x00000000032e36a0, 0x00000000032e37f8]
Event: 3.414 Thread 0x00000000153cd800 1520       4       com.android.dx.dex.code.OutputFinisher::addConstants (93 bytes)
Event: 3.430 Thread 0x0000000015421000 nmethod 1416 0x00000000032e8850 code [0x00000000032e8ca0, 0x00000000032ec340]
Event: 3.430 Thread 0x0000000015421000 1523       4       com.android.dx.rop.code.RegisterSpecSet::size (49 bytes)
Event: 3.433 Thread 0x0000000015421000 nmethod 1523 0x00000000032d8bd0 code [0x00000000032d8d00, 0x00000000032d8e58]
Event: 3.433 Thread 0x0000000015421000 1500       4       java.util.HashMap::put (13 bytes)
Event: 3.445 Thread 0x0000000015421000 nmethod 1500 0x00000000032d9690 code [0x00000000032d9860, 0x00000000032da0b0]
Event: 3.445 Thread 0x0000000015421000 1525       4       com.android.dx.dex.code.OutputFinisher::addConstants (68 bytes)
Event: 3.464 Thread 0x0000000015421000 nmethod 1525 0x00000000032e5090 code [0x00000000032e5260, 0x00000000032e5cf0]
Event: 3.464 Thread 0x0000000015421000 1413   !   4       com.android.dx.cf.code.BytecodeArray::parseInstruction (2764 bytes)

GC Heap History (2 events):
Event: 1.932 GC heap before
{Heap before GC invocations=1 (full 0):
 PSYoungGen      total 38400K, used 33280K [0x00000000eab00000, 0x00000000ed580000, 0x0000000100000000)
  eden space 33280K, 100% used [0x00000000eab00000,0x00000000ecb80000,0x00000000ecb80000)
  from space 5120K, 0% used [0x00000000ed080000,0x00000000ed080000,0x00000000ed580000)
  to   space 5120K, 0% used [0x00000000ecb80000,0x00000000ecb80000,0x00000000ed080000)
 ParOldGen       total 87552K, used 0K [0x00000000c0000000, 0x00000000c5580000, 0x00000000eab00000)
  object space 87552K, 0% used [0x00000000c0000000,0x00000000c0000000,0x00000000c5580000)
 Metaspace       used 5994K, capacity 6960K, committed 7040K, reserved 1056768K
  class space    used 590K, capacity 616K, committed 640K, reserved 1048576K
Event: 2.025 GC heap after
Heap after GC invocations=1 (full 0):
 PSYoungGen      total 38400K, used 5101K [0x00000000eab00000, 0x00000000ef600000, 0x0000000100000000)
  eden space 33280K, 0% used [0x00000000eab00000,0x00000000eab00000,0x00000000ecb80000)
  from space 5120K, 99% used [0x00000000ecb80000,0x00000000ed07b500,0x00000000ed080000)
  to   space 5120K, 0% used [0x00000000ef100000,0x00000000ef100000,0x00000000ef600000)
 ParOldGen       total 87552K, used 1850K [0x00000000c0000000, 0x00000000c5580000, 0x00000000eab00000)
  object space 87552K, 2% used [0x00000000c0000000,0x00000000c01ceb28,0x00000000c5580000)
 Metaspace       used 5994K, capacity 6960K, committed 7040K, reserved 1056768K
  class space    used 590K, capacity 616K, committed 640K, reserved 1048576K
}

Deoptimization events (10 events):
Event: 2.132 Thread 0x0000000016fb0800 Uncommon trap: reason=bimorphic action=maybe_recompile pc=0x0000000002f2e190 method=java.util.HashMap.getNode(ILjava/lang/Object;)Ljava/util/HashMap$Node; @ 126
Event: 2.132 Thread 0x0000000016fb0800 Uncommon trap: reason=class_check action=maybe_recompile pc=0x000000000324a618 method=java.util.HashMap.putVal(ILjava/lang/Object;Ljava/lang/Object;ZZ)Ljava/lang/Object; @ 203
Event: 2.132 Thread 0x0000000016fb0800 Uncommon trap: reason=bimorphic action=maybe_recompile pc=0x0000000002f46628 method=java.util.HashMap.getNode(ILjava/lang/Object;)Ljava/util/HashMap$Node; @ 126
Event: 2.232 Thread 0x00000000170b3000 Uncommon trap: reason=null_check action=make_not_entrant pc=0x000000000321bb20 method=com.android.dx.rop.type.Type.equals(Ljava/lang/Object;)Z @ 8
Event: 2.237 Thread 0x00000000170b3000 Uncommon trap: reason=unreached action=reinterpret pc=0x0000000002f7afdc method=com.android.dx.rop.cst.Constant.compareTo(Lcom/android/dx/rop/cst/Constant;)I @ 12
Event: 3.324 Thread 0x0000000002bfd800 Uncommon trap: reason=class_check action=maybe_recompile pc=0x000000000326d720 method=java.util.Arrays.hashCode([Ljava/lang/Object;)I @ 43
Event: 3.324 Thread 0x0000000002bfd800 Uncommon trap: reason=class_check action=maybe_recompile pc=0x000000000326d720 method=java.util.Arrays.hashCode([Ljava/lang/Object;)I @ 43
Event: 3.324 Thread 0x0000000002bfd800 Uncommon trap: reason=class_check action=maybe_recompile pc=0x000000000326d720 method=java.util.Arrays.hashCode([Ljava/lang/Object;)I @ 43
Event: 3.324 Thread 0x0000000002bfd800 Uncommon trap: reason=class_check action=maybe_recompile pc=0x000000000326d720 method=java.util.Arrays.hashCode([Ljava/lang/Object;)I @ 43
Event: 3.324 Thread 0x0000000002bfd800 Uncommon trap: reason=class_check action=maybe_recompile pc=0x0000000003242c40 method=java.util.Arrays.hashCode([Ljava/lang/Object;)I @ 43

Internal exceptions (10 events):
Event: 1.113 Thread 0x00000000170b3000 Exception <a 'java/security/PrivilegedActionException'> (0x00000000ebd42810) thrown at [D:\re\workspace\8-2-build-windows-amd64-cygwin\jdk8u20\1074\hotspot\src\share\vm\prims\jvm.cpp, line 1275]
Event: 1.657 Thread 0x0000000002bfd800 Exception <a 'java/security/PrivilegedActionException'> (0x00000000ec3c0dc0) thrown at [D:\re\workspace\8-2-build-windows-amd64-cygwin\jdk8u20\1074\hotspot\src\share\vm\prims\jvm.cpp, line 1275]
Event: 1.705 Thread 0x00000000170bb000 Exception <a 'java/security/PrivilegedActionException'> (0x00000000ec6bb4d0) thrown at [D:\re\workspace\8-2-build-windows-amd64-cygwin\jdk8u20\1074\hotspot\src\share\vm\prims\jvm.cpp, line 1275]
Event: 1.706 Thread 0x00000000170bb000 Exception <a 'java/security/PrivilegedActionException'> (0x00000000ec6c0ec0) thrown at [D:\re\workspace\8-2-build-windows-amd64-cygwin\jdk8u20\1074\hotspot\src\share\vm\prims\jvm.cpp, line 1275]
Event: 1.707 Thread 0x00000000170bb000 Exception <a 'java/security/PrivilegedActionException'> (0x00000000ec6c6568) thrown at [D:\re\workspace\8-2-build-windows-amd64-cygwin\jdk8u20\1074\hotspot\src\share\vm\prims\jvm.cpp, line 1275]
Event: 2.073 Thread 0x00000000170b3000 Exception <a 'java/security/PrivilegedActionException'> (0x00000000eaf3ffc0) thrown at [D:\re\workspace\8-2-build-windows-amd64-cygwin\jdk8u20\1074\hotspot\src\share\vm\prims\jvm.cpp, line 1275]
Event: 2.232 Thread 0x00000000170b3000 Implicit null exception at 0x000000000321ba22 to 0x000000000321bb12
Event: 3.328 Thread 0x0000000002bfd800 Exception <a 'java/security/PrivilegedActionException'> (0x00000000eb337b78) thrown at [D:\re\workspace\8-2-build-windows-amd64-cygwin\jdk8u20\1074\hotspot\src\share\vm\prims\jvm.cpp, line 1275]
Event: 3.343 Thread 0x0000000002bfd800 Exception <a 'java/security/PrivilegedActionException'> (0x00000000eb35ff00) thrown at [D:\re\workspace\8-2-build-windows-amd64-cygwin\jdk8u20\1074\hotspot\src\share\vm\prims\jvm.cpp, line 1275]
Event: 3.359 Thread 0x0000000002bfd800 Exception <a 'java/security/PrivilegedActionException'> (0x00000000eb9e8920) thrown at [D:\re\workspace\8-2-build-windows-amd64-cygwin\jdk8u20\1074\hotspot\src\share\vm\prims\jvm.cpp, line 1275]

Events (10 events):
Event: 3.324 Thread 0x0000000002bfd800 DEOPT UNPACKING pc=0x0000000002d4556a sp=0x0000000002b4f0e0 mode 2
Event: 3.324 Thread 0x0000000002bfd800 Uncommon trap: trap_request=0xffffffde fr.pc=0x0000000003242c40
Event: 3.324 Thread 0x0000000002bfd800 DEOPT PACKING pc=0x0000000003242c40 sp=0x0000000002b4f170
Event: 3.324 Thread 0x0000000002bfd800 DEOPT UNPACKING pc=0x0000000002d4556a sp=0x0000000002b4f0f8 mode 2
Event: 3.328 loading class com/android/dx/rop/cst/Zeroes
Event: 3.328 loading class com/android/dx/rop/cst/Zeroes done
Event: 3.343 loading class com/android/dx/dex/file/CatchStructs
Event: 3.343 loading class com/android/dx/dex/file/CatchStructs done
Event: 3.359 loading class com/android/dx/dex/file/ProtoIdItem
Event: 3.359 loading class com/android/dx/dex/file/ProtoIdItem done


Dynamic libraries:
0x00007ff79b830000 - 0x00007ff79b864000 	C:\Program Files\Java\jdk1.8.0_20\bin\java.exe
0x00007ffc6b1c0000 - 0x00007ffc6b381000 	C:\WINDOWS\SYSTEM32\ntdll.dll
0x00007ffc68920000 - 0x00007ffc689cd000 	C:\WINDOWS\system32\KERNEL32.DLL
0x00007ffc67a70000 - 0x00007ffc67c58000 	C:\WINDOWS\system32\KERNELBASE.dll
0x00007ffc6b110000 - 0x00007ffc6b1b7000 	C:\WINDOWS\system32\ADVAPI32.dll
0x00007ffc6af30000 - 0x00007ffc6afcd000 	C:\WINDOWS\system32\msvcrt.dll
0x00007ffc6b040000 - 0x00007ffc6b09b000 	C:\WINDOWS\system32\sechost.dll
0x00007ffc689d0000 - 0x00007ffc68aec000 	C:\WINDOWS\system32\RPCRT4.dll
0x00007ffc6ac30000 - 0x00007ffc6ad86000 	C:\WINDOWS\system32\USER32.dll
0x00007ffc6ad90000 - 0x00007ffc6af16000 	C:\WINDOWS\system32\GDI32.dll
0x00007ffc5dcb0000 - 0x00007ffc5df24000 	C:\WINDOWS\WinSxS\amd64_microsoft.windows.common-controls_6595b64144ccf1df_6.0.10586.589_none_a2ddb3caa539acce\COMCTL32.dll
0x00007ffc6a5e0000 - 0x00007ffc6a85d000 	C:\WINDOWS\system32\combase.dll
0x00007ffc67c80000 - 0x00007ffc67cea000 	C:\WINDOWS\system32\bcryptPrimitives.dll
0x00007ffc68770000 - 0x00007ffc687ab000 	C:\WINDOWS\system32\IMM32.DLL
0x00000000645a0000 - 0x0000000064672000 	C:\Program Files\Java\jdk1.8.0_20\jre\bin\msvcr100.dll
0x0000000063d40000 - 0x0000000064598000 	C:\Program Files\Java\jdk1.8.0_20\jre\bin\server\jvm.dll
0x00007ffc6b0a0000 - 0x00007ffc6b0a8000 	C:\WINDOWS\system32\PSAPI.DLL
0x00007ffc5c500000 - 0x00007ffc5c509000 	C:\WINDOWS\SYSTEM32\WSOCK32.dll
0x00007ffc68700000 - 0x00007ffc6876b000 	C:\WINDOWS\system32\WS2_32.dll
0x00007ffc65ad0000 - 0x00007ffc65af3000 	C:\WINDOWS\SYSTEM32\WINMM.dll
0x00007ffc65aa0000 - 0x00007ffc65acc000 	C:\WINDOWS\SYSTEM32\WINMMBASE.dll
0x00007ffc679c0000 - 0x00007ffc67a03000 	C:\WINDOWS\system32\cfgmgr32.dll
0x0000000063d30000 - 0x0000000063d3f000 	C:\Program Files\Java\jdk1.8.0_20\jre\bin\verify.dll
0x0000000063d00000 - 0x0000000063d28000 	C:\Program Files\Java\jdk1.8.0_20\jre\bin\java.dll
0x0000000063ce0000 - 0x0000000063cf6000 	C:\Program Files\Java\jdk1.8.0_20\jre\bin\zip.dll
0x00007ffc68af0000 - 0x00007ffc6a04c000 	C:\WINDOWS\system32\SHELL32.dll
0x00007ffc67f50000 - 0x00007ffc68595000 	C:\WINDOWS\system32\windows.storage.dll
0x00007ffc688c0000 - 0x00007ffc68912000 	C:\WINDOWS\system32\shlwapi.dll
0x00007ffc67830000 - 0x00007ffc6783f000 	C:\WINDOWS\system32\kernel.appcore.dll
0x00007ffc67900000 - 0x00007ffc679b5000 	C:\WINDOWS\system32\shcore.dll
0x00007ffc677c0000 - 0x00007ffc6780b000 	C:\WINDOWS\system32\powrprof.dll
0x00007ffc67810000 - 0x00007ffc67824000 	C:\WINDOWS\system32\profapi.dll
0x00007ffc5c290000 - 0x00007ffc5c41c000 	C:\WINDOWS\SYSTEM32\dbghelp.dll

VM Arguments:
jvm_args: -Djava.awt.headless=true -Xmx1024M -Dfile.encoding=windows-1252 -Duser.country=US -Duser.language=en -Duser.variant 
java_command: com.android.dx.command.Main --dex --num-threads=4 --output C:\Users\admin\Documents\GitHub\ShaneelSD\SoftwareDesign\FindMeTutor\FindMeTutor\app\build\intermediates\pre-dexed\debug\com.github.arimorty-floatingsearchview-2.0.3_0317dd3c32e6f071b63dcf46f2303524b128868e.jar C:\Users\admin\Documents\GitHub\ShaneelSD\SoftwareDesign\FindMeTutor\FindMeTutor\app\build\intermediates\exploded-aar\com.github.arimorty\floatingsearchview\2.0.3\jars\classes.jar
java_class_path (initial): C:\Users\admin\AppData\Local\Android\sdk\build-tools\24.0.1\lib\dx.jar
Launcher Type: SUN_STANDARD

Environment Variables:
PATH=C:\ProgramData\Oracle\Java\javapath;C:\Program Files (x86)\Intel\iCLS Client\;C:\Program Files\Intel\iCLS Client\;C:\WINDOWS\system32;C:\WINDOWS;C:\WINDOWS\System32\Wbem;C:\WINDOWS\System32\WindowsPowerShell\v1.0\;C:\Program Files\Intel\Intel(R) Management Engine Components\DAL;C:\Program Files\Intel\Intel(R) Management Engine Components\IPT;C:\Program Files (x86)\Intel\Intel(R) Management Engine Components\DAL;C:\Program Files (x86)\Intel\Intel(R) Management Engine Components\IPT;C:\Program Files\WIDCOMM\Bluetooth Software\;C:\Program Files\WIDCOMM\Bluetooth Software\syswow64;C:\Program Files (x86)\Intel\OpenCL SDK\2.0\bin\x86;C:\Program Files (x86)\Intel\OpenCL SDK\2.0\bin\x64;C:\Program Files\Intel\WiFi\bin\;C:\Program Files\Common Files\Intel\WirelessCommon\;c:\Program Files (x86)\Microsoft SQL Server\100\Tools\Binn\;c:\Program Files\Microsoft SQL Server\100\Tools\Binn\;c:\Program Files\Microsoft SQL Server\100\DTS\Binn\;C:\Program Files (x86)\MySQL\MySQL Fabric 1.5.4 & MySQL Utilities 1.5.4 1.5\;C:\Program Files (x86)\MySQL\MySQL Fabric 1.5.4 & MySQL Utilities 1.5.4 1.5\Doctrine extensions for PHP\;C:\Program Files (x86)\Borland\Delphi7\Bin;C:\Program Files (x86)\Borland\Delphi7\Projects\Bpl;C:\Program Files (x86)\Borland\Delphi7\Rave5;C:\Program Files\Git\cmd;C:\Program Files (x86)\OpenVPN\bin;C:\Program Files\Intel\WiFi\bin\;C:\Program Files\Common Files\Intel\WirelessCommon\
USERNAME=admin
OS=Windows_NT
PROCESSOR_IDENTIFIER=Intel64 Family 6 Model 58 Stepping 9, GenuineIntel



---------------  S Y S T E M  ---------------

OS: Windows 8.1 , 64 bit Build 9600 

CPU:total 4 (2 cores per cpu, 2 threads per core) family 6 model 58 stepping 9, cmov, cx8, fxsr, mmx, sse, sse2, sse3, ssse3, sse4.1, sse4.2, popcnt, avx, aes, clmul, erms, ht, tsc, tscinvbit, tscinv

Memory: 4k page, physical 8258576k(2085700k free), swap 10306576k(6900k free)

vm_info: Java HotSpot(TM) 64-Bit Server VM (25.20-b23) for windows-amd64 JRE (1.8.0_20-b26), built on Jul 30 2014 13:51:23 by "java_re" with MS VC++ 10.0 (VS2010)

time: Fri Oct 28 12:14:36 2016
elapsed time: 3 seconds (0d 0h 0m 3s)

