#
# A fatal error has been detected by the Java Runtime Environment:
#
#  Internal Error (0xc06d007e), pid=2132, tid=11128
#
# JRE version:  (8.0_20-b26) (build )
# Java VM: Java HotSpot(TM) 64-Bit Server VM (25.20-b23 mixed mode windows-amd64 compressed oops)
# Problematic frame:
# C  [KERNELBASE.dll+0x17788]
#
# Failed to write core dump. Minidumps are not enabled by default on client versions of Windows
#
# If you would like to submit a bug report, please visit:
#   http://bugreport.sun.com/bugreport/crash.jsp
# The crash happened outside the Java Virtual Machine in native code.
# See problematic frame for where to report the bug.
#

---------------  T H R E A D  ---------------

Current thread (0x0000000002dbd800):  JavaThread "main" [_thread_in_native, id=11128, stack(0x0000000002c90000,0x0000000002d90000)]

siginfo: ExceptionCode=0xc06d007e, ExceptionInformation=0x0000000002d8ebe0 

Registers:
RAX=0x0000000000000080, RBX=0x0000000000000000, RCX=0x000000000000000f, RDX=0x0000000000000000
RSP=0x0000000002d8eae0, RBP=0x0000000002d8ec38, RSI=0x00000000761bc7b4, RDI=0x0000000000000000
R8 =0x0000000002d8e6a0, R9 =0x0000000000000006, R10=0x00007ffc03000003, R11=0x0000000000000000
R12=0x0000000000000001, R13=0x00000000761c4790, R14=0x00000000761c4520, R15=0x00000000761bc840
RIP=0x00007ffc9cf77788, EFLAGS=0x0000000000000202

Top of Stack: (sp=0x0000000002d8eae0)
0x0000000002d8eae0:   0000000000000000 0000000000000000
0x0000000002d8eaf0:   00000000761bc7b4 0000000000000000
0x0000000002d8eb00:   00000000c06d007e 0000000000000000
0x0000000002d8eb10:   00007ffc9cf77788 00007ffc00000001
0x0000000002d8eb20:   0000000002d8ebe0 00000000010e1c20
0x0000000002d8eb30:   0000000000000000 0000000000000000
0x0000000002d8eb40:   0000000000000000 00007ffc9cf8572f
0x0000000002d8eb50:   0000000000000000 00000000761bc7b4
0x0000000002d8eb60:   0000000000000000 0000000000000000
0x0000000002d8eb70:   0000000000000000 0000000000000000
0x0000000002d8eb80:   00000000761bbaa0 00007ffc9cfcb7e9
0x0000000002d8eb90:   0000000000000000 0000000002d8eb98
0x0000000002d8eba0:   0000ab4aa699cde2 0000000000000200
0x0000000002d8ebb0:   0000000000000000 00000000761b8307
0x0000000002d8ebc0:   0000000000000000 00000000761bc7b4
0x0000000002d8ebd0:   0000000000000000 0000000000000000 

Instructions: (pc=0x00007ffc9cf77788)
0x00007ffc9cf77768:   49 8b d1 44 0f 47 c0 44 89 44 24 38 49 c1 e0 03
0x00007ffc9cf77778:   e8 57 54 06 00 48 8d 4c 24 20 ff 15 a0 08 13 00
0x00007ffc9cf77788:   48 8b 8c 24 c0 00 00 00 48 33 cc e8 e8 19 06 00
0x00007ffc9cf77798:   48 81 c4 d8 00 00 00 c3 83 64 24 38 00 eb d6 cc 


Register to memory mapping:

RAX=0x0000000000000080 is an unknown value
RBX=0x0000000000000000 is an unknown value
RCX=0x000000000000000f is an unknown value
RDX=0x0000000000000000 is an unknown value
RSP=0x0000000002d8eae0 is pointing into the stack for thread: 0x0000000002dbd800
RBP=0x0000000002d8ec38 is pointing into the stack for thread: 0x0000000002dbd800
RSI=0x00000000761bc7b4 is an unknown value
RDI=0x0000000000000000 is an unknown value
R8 =0x0000000002d8e6a0 is pointing into the stack for thread: 0x0000000002dbd800
R9 =0x0000000000000006 is an unknown value
R10=0x00007ffc03000003 is an unknown value
R11=0x0000000000000000 is an unknown value
R12=0x0000000000000001 is an unknown value
R13=0x00000000761c4790 is an unknown value
R14=0x00000000761c4520 is an unknown value
R15=0x00000000761bc840 is an unknown value


Stack: [0x0000000002c90000,0x0000000002d90000],  sp=0x0000000002d8eae0,  free space=1018k
Native frames: (J=compiled Java code, j=interpreted, Vv=VM code, C=native code)
C  [KERNELBASE.dll+0x17788]

Java frames: (J=compiled Java code, j=interpreted, Vv=VM code)
j  java.lang.System.initProperties(Ljava/util/Properties;)Ljava/util/Properties;+0
j  java.lang.System.initializeSystemClass()V+13
v  ~StubRoutines::call_stub

---------------  P R O C E S S  ---------------

Java Threads: ( => current thread )
  0x0000000002eb0800 JavaThread "Finalizer" daemon [_thread_blocked, id=8536, stack(0x0000000016810000,0x0000000016910000)]
  0x0000000002eaf000 JavaThread "Reference Handler" daemon [_thread_blocked, id=1428, stack(0x0000000016710000,0x0000000016810000)]
=>0x0000000002dbd800 JavaThread "main" [_thread_in_native, id=11128, stack(0x0000000002c90000,0x0000000002d90000)]

Other Threads:
  0x0000000015556000 VMThread [stack: 0x0000000016610000,0x0000000016710000] [id=12756]

VM state:not at safepoint (normal execution)

VM Mutex/Monitor currently owned by a thread: None

Heap:
 PSYoungGen      total 38400K, used 1331K [0x00000000eab00000, 0x00000000ed580000, 0x0000000100000000)
  eden space 33280K, 4% used [0x00000000eab00000,0x00000000eac4cd78,0x00000000ecb80000)
  from space 5120K, 0% used [0x00000000ed080000,0x00000000ed080000,0x00000000ed580000)
  to   space 5120K, 0% used [0x00000000ecb80000,0x00000000ecb80000,0x00000000ed080000)
 ParOldGen       total 87552K, used 0K [0x00000000c0000000, 0x00000000c5580000, 0x00000000eab00000)
  object space 87552K, 0% used [0x00000000c0000000,0x00000000c0000000,0x00000000c5580000)
 Metaspace       used 866K, capacity 4480K, committed 4480K, reserved 1056768K
  class space    used 90K, capacity 384K, committed 384K, reserved 1048576K

Card table byte_map: [0x0000000012280000,0x0000000012490000] byte_map_base: 0x0000000011c80000

Marking Bits: (ParMarkBitMap*) 0x00000000749cb460
 Begin Bits: [0x00000000129f0000, 0x00000000139f0000)
 End Bits:   [0x00000000139f0000, 0x00000000149f0000)

Polling page: 0x00000000014d0000

CodeCache: size=245760Kb used=400Kb max_used=400Kb free=245359Kb
 bounds [0x0000000002ec0000, 0x0000000003130000, 0x0000000011ec0000]
 total_blobs=97 nmethods=0 adapters=72
 compilation: enabled

Compilation events (0 events):
No events

GC Heap History (0 events):
No events

Deoptimization events (0 events):
No events

Internal exceptions (0 events):
No events

Events (10 events):
Event: 0.774 loading class java/lang/ref/Finalizer$FinalizerThread done
Event: 0.774 Thread 0x0000000002eb0800 Thread added: 0x0000000002eb0800
Event: 0.775 loading class java/util/Hashtable$Entry
Event: 0.775 loading class java/util/Map$Entry
Event: 0.775 loading class java/util/Map$Entry done
Event: 0.775 loading class java/util/Hashtable$Entry done
Event: 0.775 loading class java/lang/Math
Event: 0.775 loading class java/lang/Math done
Event: 0.782 loading class sun/misc/VM
Event: 0.782 loading class sun/misc/VM done


Dynamic libraries:
0x00007ff731af0000 - 0x00007ff731b24000 	C:\Program Files\Java\jdk1.8.0_20\bin\java.exe
0x00007ffc9fd00000 - 0x00007ffc9fed1000 	C:\WINDOWS\SYSTEM32\ntdll.dll
0x00007ffc9d990000 - 0x00007ffc9da3b000 	C:\WINDOWS\System32\KERNEL32.DLL
0x00007ffc9cf60000 - 0x00007ffc9d17d000 	C:\WINDOWS\System32\KERNELBASE.dll
0x00007ffc9da50000 - 0x00007ffc9daf2000 	C:\WINDOWS\System32\ADVAPI32.dll
0x00007ffc9db00000 - 0x00007ffc9db9e000 	C:\WINDOWS\System32\msvcrt.dll
0x00007ffc9f590000 - 0x00007ffc9f5e9000 	C:\WINDOWS\System32\sechost.dll
0x00007ffc9f430000 - 0x00007ffc9f551000 	C:\WINDOWS\System32\RPCRT4.dll
0x00007ffc9d290000 - 0x00007ffc9d3f5000 	C:\WINDOWS\System32\USER32.dll
0x00007ffc9cd10000 - 0x00007ffc9cd2e000 	C:\WINDOWS\System32\win32u.dll
0x00007ffc9f890000 - 0x00007ffc9f8c4000 	C:\WINDOWS\System32\GDI32.dll
0x00007ffc9cd30000 - 0x00007ffc9ceb2000 	C:\WINDOWS\System32\gdi32full.dll
0x00007ffc929a0000 - 0x00007ffc92c19000 	C:\WINDOWS\WinSxS\amd64_microsoft.windows.common-controls_6595b64144ccf1df_6.0.14393.0_none_2d0f50fcbdb171b8\COMCTL32.dll
0x00007ffc9f8e0000 - 0x00007ffc9fba7000 	C:\WINDOWS\System32\combase.dll
0x00007ffc9c260000 - 0x00007ffc9c355000 	C:\WINDOWS\System32\ucrtbase.dll
0x00007ffc9c1f0000 - 0x00007ffc9c25a000 	C:\WINDOWS\System32\bcryptPrimitives.dll
0x00007ffc9f560000 - 0x00007ffc9f58e000 	C:\WINDOWS\System32\IMM32.DLL
0x0000000075ed0000 - 0x0000000075fa2000 	C:\Program Files\Java\jdk1.8.0_20\jre\bin\msvcr100.dll
0x00000000741f0000 - 0x0000000074a48000 	C:\Program Files\Java\jdk1.8.0_20\jre\bin\server\jvm.dll
0x00007ffc9fcf0000 - 0x00007ffc9fcf8000 	C:\WINDOWS\System32\PSAPI.DLL
0x00007ffc8f3c0000 - 0x00007ffc8f3c9000 	C:\WINDOWS\SYSTEM32\WSOCK32.dll
0x00007ffc9dc10000 - 0x00007ffc9dc7a000 	C:\WINDOWS\System32\WS2_32.dll
0x00007ffc9a3a0000 - 0x00007ffc9a3c3000 	C:\WINDOWS\SYSTEM32\WINMM.dll
0x00007ffc9a370000 - 0x00007ffc9a39b000 	C:\WINDOWS\SYSTEM32\WINMMBASE.dll
0x00007ffc9ccc0000 - 0x00007ffc9cd02000 	C:\WINDOWS\System32\cfgmgr32.dll
0x00000000761d0000 - 0x00000000761df000 	C:\Program Files\Java\jdk1.8.0_20\jre\bin\verify.dll
0x00000000761a0000 - 0x00000000761c8000 	C:\Program Files\Java\jdk1.8.0_20\jre\bin\java.dll
0x0000000076180000 - 0x0000000076196000 	C:\Program Files\Java\jdk1.8.0_20\jre\bin\zip.dll
0x00007ffc9bdc0000 - 0x00007ffc9bdec000 	C:\WINDOWS\SYSTEM32\SspiCli.dll

VM Arguments:
jvm_args: -Djava.awt.headless=true -Xmx1024M -Dfile.encoding=windows-1252 -Duser.country=US -Duser.language=en -Duser.variant 
java_command: com.android.dx.command.Main --dex --force-jumbo --num-threads=4 --output C:\Users\Jadon\WorkSpace3Y\SoftwareDesign\FindMeTutor\FindMeTutor\app\build\intermediates\pre-dexed\debug\instant-run-bootstrap_f5744e5c9a718a5e41cf7b179544e65e3c434024.jar C:\Users\Jadon\WorkSpace3Y\SoftwareDesign\FindMeTutor\FindMeTutor\app\build\intermediates\incremental-classes\debug\instant-run-bootstrap.jar
java_class_path (initial): C:\Users\Jadon\AppData\Local\Android\sdk\build-tools\24.0.1\lib\dx.jar
Launcher Type: SUN_STANDARD

Environment Variables:
PATH=C:\ProgramData\Oracle\Java\javapath;C:\Program Files (x86)\AMD APP\bin\x86_64;C:\Program Files (x86)\AMD APP\bin\x86;C:\Program Files (x86)\Intel\iCLS Client\;C:\Program Files\Intel\iCLS Client\;C:\WINDOWS\system32;C:\WINDOWS;C:\WINDOWS\System32\Wbem;C:\WINDOWS\System32\WindowsPowerShell\v1.0\;C:\Program Files\Intel\WiFi\bin\;C:\Program Files\Common Files\Intel\WirelessCommon\;C:\Program Files\Intel\Intel(R) Management Engine Components\DAL;C:\Program Files\Intel\Intel(R) Management Engine Components\IPT;C:\Program Files (x86)\Intel\Intel(R) Management Engine Components\DAL;C:\Program Files (x86)\Intel\Intel(R) Management Engine Components\IPT;C:\Program Files (x86)\ATI Technologies\ATI.ACE\Core-Static;C:\Program Files (x86)\Intel\OpenCL SDK\2.0\bin\x86;C:\Program Files (x86)\Intel\OpenCL SDK\2.0\bin\x64;C:\Program Files (x86)\QuickTime\QTSystem\;C:\Program Files\MATLAB\R2013b\runtime\win64;C:\Program Files\MATLAB\R2013b\bin;C:\WINDOWS\system32\config\systemprofile\.dnx\bin;C:\Program Files\Microsoft DNX\Dnvm\;C:\Program Files\Microsoft SQL Server\130\Tools\Binn\;C:\Program Files (x86)\Windows Kits\8.1\Windows Performance Toolkit\;C:\Program Files\MiKTeX 2.9\miktex\bin\x64\;C:\Program Files (x86)\MiKTeX 2.9\miktex\bin\;C:\Program Files (x86)\Graphviz2.38\bin;C:\Program Files\doxygen\bin;C:\Program Files\Git\cmd;C:\Program Files (x86)\OpenVPN\bin;C:\Users\Jadon\AppData\Local\Programs\Python\Python35\Scripts\;C:\Users\Jadon\AppData\Local\Programs\Python\Python35\;C:\Program Files\Intel\WiFi\bin\;C:\Program Files\Common Files\Intel\WirelessCommon\;%USERPROFILE%\AppData\Local\Microsoft\WindowsApps;
USERNAME=Jadon
OS=Windows_NT
PROCESSOR_IDENTIFIER=Intel64 Family 6 Model 58 Stepping 9, GenuineIntel



---------------  S Y S T E M  ---------------

OS: Windows 8.1 , 64 bit Build 9600 

CPU:total 4 (2 cores per cpu, 2 threads per core) family 6 model 58 stepping 9, cmov, cx8, fxsr, mmx, sse, sse2, sse3, ssse3, sse4.1, sse4.2, popcnt, avx, aes, clmul, erms, ht, tsc, tscinvbit, tscinv

Memory: 4k page, physical 8267032k(2034604k free), swap 10217752k(1336k free)

vm_info: Java HotSpot(TM) 64-Bit Server VM (25.20-b23) for windows-amd64 JRE (1.8.0_20-b26), built on Jul 30 2014 13:51:23 by "java_re" with MS VC++ 10.0 (VS2010)

time: Thu Oct 20 23:30:48 2016
elapsed time: 0 seconds (0d 0h 0m 0s)

