#
# There is insufficient memory for the Java Runtime Environment to continue.
# Native memory allocation (malloc) failed to allocate 762896 bytes for Chunk::new
# Possible reasons:
#   The system is out of physical RAM or swap space
#   In 32 bit mode, the process size limit was hit
# Possible solutions:
#   Reduce memory load on the system
#   Increase physical memory or swap space
#   Check if swap backing store is full
#   Use 64 bit Java on a 64 bit OS
#   Decrease Java heap size (-Xmx/-Xms)
#   Decrease number of Java threads
#   Decrease Java thread stack sizes (-Xss)
#   Set larger code cache with -XX:ReservedCodeCacheSize=
# This output file may be truncated or incomplete.
#
#  Out of Memory Error (allocation.cpp:390), pid=12844, tid=9696
#
# JRE version: Java(TM) SE Runtime Environment (8.0_20-b26) (build 1.8.0_20-b26)
# Java VM: Java HotSpot(TM) 64-Bit Server VM (25.20-b23 mixed mode windows-amd64 compressed oops)
# Failed to write core dump. Minidumps are not enabled by default on client versions of Windows
#

---------------  T H R E A D  ---------------

Current thread (0x0000000014a1a000):  JavaThread "C2 CompilerThread1" daemon [_thread_in_native, id=9696, stack(0x0000000016080000,0x0000000016180000)]

Stack: [0x0000000016080000,0x0000000016180000]
Native frames: (J=compiled Java code, j=interpreted, Vv=VM code, C=native code)
V  [jvm.dll+0x3152fa]
V  [jvm.dll+0x265d03]
V  [jvm.dll+0x266943]
V  [jvm.dll+0x25e265]
V  [jvm.dll+0xbe255]
V  [jvm.dll+0xbe6fc]
V  [jvm.dll+0x45c472]
V  [jvm.dll+0x49d76f]
V  [jvm.dll+0x451045]
V  [jvm.dll+0x452634]
V  [jvm.dll+0x435fc2]
V  [jvm.dll+0x97b62]
V  [jvm.dll+0x98353]
V  [jvm.dll+0x22aac4]
V  [jvm.dll+0x283f5a]
C  [msvcr100.dll+0x21d9f]
C  [msvcr100.dll+0x21e3b]
C  [KERNEL32.DLL+0x18102]
C  [ntdll.dll+0x5c5b4]


Current CompileTask:
C2:   3047 1447       4       com.android.dx.ssa.LocalVariableExtractor::processBlock (383 bytes)


---------------  P R O C E S S  ---------------

Java Threads: ( => current thread )
  0x0000000016753000 JavaThread "pool-1-thread-4" [_thread_in_Java, id=8888, stack(0x0000000017480000,0x0000000017580000)]
  0x0000000016752000 JavaThread "pool-1-thread-3" [_thread_in_vm, id=7416, stack(0x0000000017380000,0x0000000017480000)]
  0x0000000016751000 JavaThread "pool-1-thread-2" [_thread_in_Java, id=12436, stack(0x0000000017280000,0x0000000017380000)]
  0x000000001670b800 JavaThread "pool-2-thread-1" [_thread_blocked, id=7240, stack(0x0000000017180000,0x0000000017280000)]
  0x000000001672a800 JavaThread "pool-1-thread-1" [_thread_in_Java, id=8100, stack(0x0000000017080000,0x0000000017180000)]
  0x0000000014a7b000 JavaThread "Service Thread" daemon [_thread_blocked, id=9152, stack(0x0000000016280000,0x0000000016380000)]
  0x0000000014a71000 JavaThread "C1 CompilerThread2" daemon [_thread_blocked, id=11768, stack(0x0000000016180000,0x0000000016280000)]
=>0x0000000014a1a000 JavaThread "C2 CompilerThread1" daemon [_thread_in_native, id=9696, stack(0x0000000016080000,0x0000000016180000)]
  0x0000000014a29800 JavaThread "C2 CompilerThread0" daemon [_thread_in_native, id=5392, stack(0x0000000015f80000,0x0000000016080000)]
  0x0000000014a28000 JavaThread "Attach Listener" daemon [_thread_blocked, id=8848, stack(0x0000000015e80000,0x0000000015f80000)]
  0x0000000014a27000 JavaThread "Signal Dispatcher" daemon [_thread_blocked, id=11036, stack(0x0000000015d80000,0x0000000015e80000)]
  0x000000000233f800 JavaThread "Finalizer" daemon [_thread_blocked, id=4240, stack(0x0000000015c80000,0x0000000015d80000)]
  0x000000000233c000 JavaThread "Reference Handler" daemon [_thread_blocked, id=1628, stack(0x0000000015b80000,0x0000000015c80000)]
  0x000000000051d800 JavaThread "main" [_thread_blocked, id=8876, stack(0x0000000002150000,0x0000000002250000)]

Other Threads:
  0x00000000149e6000 VMThread [stack: 0x0000000015a80000,0x0000000015b80000] [id=5720]
  0x0000000014a7e000 WatcherThread [stack: 0x0000000016380000,0x0000000016480000] [id=5460]

VM state:not at safepoint (normal execution)

VM Mutex/Monitor currently owned by a thread: None

Heap:
 PSYoungGen      total 38400K, used 18092K [0x00000000eab00000, 0x00000000ed580000, 0x0000000100000000)
  eden space 33280K, 39% used [0x00000000eab00000,0x00000000eb7ad950,0x00000000ecb80000)
  from space 5120K, 99% used [0x00000000ecb80000,0x00000000ed07d9f0,0x00000000ed080000)
  to   space 5120K, 0% used [0x00000000ed080000,0x00000000ed080000,0x00000000ed580000)
 ParOldGen       total 87552K, used 439K [0x00000000c0000000, 0x00000000c5580000, 0x00000000eab00000)
  object space 87552K, 0% used [0x00000000c0000000,0x00000000c006de00,0x00000000c5580000)
 Metaspace       used 6094K, capacity 7024K, committed 7296K, reserved 1056768K
  class space    used 592K, capacity 616K, committed 640K, reserved 1048576K

Card table byte_map: [0x0000000011710000,0x0000000011920000] byte_map_base: 0x0000000011110000

Marking Bits: (ParMarkBitMap*) 0x000000005839b460
 Begin Bits: [0x0000000011e80000, 0x0000000012e80000)
 End Bits:   [0x0000000012e80000, 0x0000000013e80000)

Polling page: 0x00000000001f0000

CodeCache: size=245760Kb used=5980Kb max_used=5980Kb free=239779Kb
 bounds [0x0000000002350000, 0x0000000002930000, 0x0000000011350000]
 total_blobs=1732 nmethods=1468 adapters=178
 compilation: enabled

Compilation events (10 events):
Event: 3.008 Thread 0x0000000014a71000 1455       1       com.android.dx.rop.annotation.NameValuePair::getValue (5 bytes)
Event: 3.008 Thread 0x0000000014a71000 nmethod 1455 0x000000000291bbd0 code [0x000000000291bd20, 0x000000000291be30]
Event: 3.015 Thread 0x0000000014a71000 1456       1       com.android.dx.ssa.back.FirstFitLocalCombiningAllocator$Multiset::getSize (5 bytes)
Event: 3.015 Thread 0x0000000014a71000 nmethod 1456 0x000000000291b910 code [0x000000000291ba60, 0x000000000291bb70]
Event: 3.020 Thread 0x0000000014a71000 1458       1       com.android.dx.rop.cst.CstNat::isCategory2 (2 bytes)
Event: 3.020 Thread 0x0000000014a71000 nmethod 1458 0x000000000291b650 code [0x000000000291b7a0, 0x000000000291b8b0]
Event: 3.022 Thread 0x0000000014a71000 1459       3       com.android.dx.rop.annotation.Annotations::<init> (16 bytes)
Event: 3.022 Thread 0x0000000014a71000 nmethod 1459 0x0000000002922b90 code [0x0000000002922d20, 0x00000000029230d0]
Event: 3.023 Thread 0x0000000014a71000 1460       3       com.android.dx.cf.attrib.RawAttribute::byteLength (11 bytes)
Event: 3.023 Thread 0x0000000014a71000 nmethod 1460 0x0000000002923290 code [0x00000000029233e0, 0x00000000029235d0]

GC Heap History (2 events):
Event: 2.634 GC heap before
{Heap before GC invocations=1 (full 0):
 PSYoungGen      total 38400K, used 33280K [0x00000000eab00000, 0x00000000ed580000, 0x0000000100000000)
  eden space 33280K, 100% used [0x00000000eab00000,0x00000000ecb80000,0x00000000ecb80000)
  from space 5120K, 0% used [0x00000000ed080000,0x00000000ed080000,0x00000000ed580000)
  to   space 5120K, 0% used [0x00000000ecb80000,0x00000000ecb80000,0x00000000ed080000)
 ParOldGen       total 87552K, used 0K [0x00000000c0000000, 0x00000000c5580000, 0x00000000eab00000)
  object space 87552K, 0% used [0x00000000c0000000,0x00000000c0000000,0x00000000c5580000)
 Metaspace       used 6017K, capacity 6960K, committed 7040K, reserved 1056768K
  class space    used 591K, capacity 616K, committed 640K, reserved 1048576K
Event: 2.747 GC heap after
Heap after GC invocations=1 (full 0):
 PSYoungGen      total 38400K, used 5110K [0x00000000eab00000, 0x00000000ed580000, 0x0000000100000000)
  eden space 33280K, 0% used [0x00000000eab00000,0x00000000eab00000,0x00000000ecb80000)
  from space 5120K, 99% used [0x00000000ecb80000,0x00000000ed07d9f0,0x00000000ed080000)
  to   space 5120K, 0% used [0x00000000ed080000,0x00000000ed080000,0x00000000ed580000)
 ParOldGen       total 87552K, used 439K [0x00000000c0000000, 0x00000000c5580000, 0x00000000eab00000)
  object space 87552K, 0% used [0x00000000c0000000,0x00000000c006de00,0x00000000c5580000)
 Metaspace       used 6017K, capacity 6960K, committed 7040K, reserved 1056768K
  class space    used 591K, capacity 616K, committed 640K, reserved 1048576K
}

Deoptimization events (2 events):
Event: 2.985 Thread 0x0000000016752000 Uncommon trap: reason=bimorphic action=maybe_recompile pc=0x00000000028b05f8 method=com.android.dx.cf.code.BytecodeArray.parseInstruction(ILcom/android/dx/cf/code/BytecodeArray$Visitor;)I @ 2484
Event: 2.985 Thread 0x0000000016752000 Uncommon trap: reason=bimorphic action=maybe_recompile pc=0x00000000028b05f8 method=com.android.dx.cf.code.BytecodeArray.parseInstruction(ILcom/android/dx/cf/code/BytecodeArray$Visitor;)I @ 2484

Internal exceptions (10 events):
Event: 1.028 Thread 0x000000001672a800 Exception <a 'java/security/PrivilegedActionException'> (0x00000000ebb59700) thrown at [D:\re\workspace\8-2-build-windows-amd64-cygwin\jdk8u20\1074\hotspot\src\share\vm\prims\jvm.cpp, line 1275]
Event: 1.029 Thread 0x000000000051d800 Exception <a 'java/security/PrivilegedActionException'> (0x00000000ebae65e0) thrown at [D:\re\workspace\8-2-build-windows-amd64-cygwin\jdk8u20\1074\hotspot\src\share\vm\prims\jvm.cpp, line 1275]
Event: 1.030 Thread 0x0000000016752000 Exception <a 'java/security/PrivilegedActionException'> (0x00000000eb9b9748) thrown at [D:\re\workspace\8-2-build-windows-amd64-cygwin\jdk8u20\1074\hotspot\src\share\vm\prims\jvm.cpp, line 1275]
Event: 1.031 Thread 0x0000000016752000 Exception <a 'java/security/PrivilegedActionException'> (0x00000000eb9bf138) thrown at [D:\re\workspace\8-2-build-windows-amd64-cygwin\jdk8u20\1074\hotspot\src\share\vm\prims\jvm.cpp, line 1275]
Event: 1.032 Thread 0x0000000016752000 Exception <a 'java/security/PrivilegedActionException'> (0x00000000eb9c48a8) thrown at [D:\re\workspace\8-2-build-windows-amd64-cygwin\jdk8u20\1074\hotspot\src\share\vm\prims\jvm.cpp, line 1275]
Event: 1.033 Thread 0x000000000051d800 Exception <a 'java/security/PrivilegedActionException'> (0x00000000ebaf3850) thrown at [D:\re\workspace\8-2-build-windows-amd64-cygwin\jdk8u20\1074\hotspot\src\share\vm\prims\jvm.cpp, line 1275]
Event: 1.062 Thread 0x0000000016751000 Exception <a 'java/security/PrivilegedActionException'> (0x00000000ebdf4528) thrown at [D:\re\workspace\8-2-build-windows-amd64-cygwin\jdk8u20\1074\hotspot\src\share\vm\prims\jvm.cpp, line 1275]
Event: 1.092 Thread 0x0000000016751000 Exception <a 'java/security/PrivilegedActionException'> (0x00000000ebe1a180) thrown at [D:\re\workspace\8-2-build-windows-amd64-cygwin\jdk8u20\1074\hotspot\src\share\vm\prims\jvm.cpp, line 1275]
Event: 1.458 Thread 0x000000000051d800 Exception <a 'java/security/PrivilegedActionException'> (0x00000000ebf8a990) thrown at [D:\re\workspace\8-2-build-windows-amd64-cygwin\jdk8u20\1074\hotspot\src\share\vm\prims\jvm.cpp, line 1275]
Event: 1.459 Thread 0x0000000016752000 Exception <a 'java/security/PrivilegedActionException'> (0x00000000ec0a2168) thrown at [D:\re\workspace\8-2-build-windows-amd64-cygwin\jdk8u20\1074\hotspot\src\share\vm\prims\jvm.cpp, line 1275]

Events (10 events):
Event: 2.634 Executing VM operation: ParallelGCFailedAllocation
Event: 2.747 Executing VM operation: ParallelGCFailedAllocation done
Event: 2.747 loading class sun/misc/Cleaner
Event: 2.747 loading class sun/misc/Cleaner done
Event: 2.985 Thread 0x0000000016752000 Uncommon trap: trap_request=0xffffffc6 fr.pc=0x00000000028b05f8
Event: 2.985 Thread 0x0000000016752000 DEOPT PACKING pc=0x00000000028b05f8 sp=0x000000001747e9a0
Event: 2.985 Thread 0x0000000016752000 DEOPT UNPACKING pc=0x000000000239556a sp=0x000000001747e948 mode 2
Event: 2.985 Thread 0x0000000016752000 Uncommon trap: trap_request=0xffffffc6 fr.pc=0x00000000028b05f8
Event: 2.985 Thread 0x0000000016752000 DEOPT PACKING pc=0x00000000028b05f8 sp=0x000000001747e770
Event: 2.985 Thread 0x0000000016752000 DEOPT UNPACKING pc=0x000000000239556a sp=0x000000001747e718 mode 2


Dynamic libraries:
0x00007ff699080000 - 0x00007ff6990b4000 	C:\Program Files\Java\jdk1.8.0_20\bin\java.exe
0x00007ff98ded0000 - 0x00007ff98e091000 	C:\WINDOWS\SYSTEM32\ntdll.dll
0x00007ff98bb50000 - 0x00007ff98bbfd000 	C:\WINDOWS\system32\KERNEL32.DLL
0x00007ff98b000000 - 0x00007ff98b1e8000 	C:\WINDOWS\system32\KERNELBASE.dll
0x00007ff98c430000 - 0x00007ff98c4d7000 	C:\WINDOWS\system32\ADVAPI32.dll
0x00007ff98b780000 - 0x00007ff98b81d000 	C:\WINDOWS\system32\msvcrt.dll
0x00007ff98baf0000 - 0x00007ff98bb4b000 	C:\WINDOWS\system32\sechost.dll
0x00007ff98b3f0000 - 0x00007ff98b50c000 	C:\WINDOWS\system32\RPCRT4.dll
0x00007ff98b820000 - 0x00007ff98b976000 	C:\WINDOWS\system32\USER32.dll
0x00007ff98c750000 - 0x00007ff98c8d6000 	C:\WINDOWS\system32\GDI32.dll
0x00007ff97f110000 - 0x00007ff97f384000 	C:\WINDOWS\WinSxS\amd64_microsoft.windows.common-controls_6595b64144ccf1df_6.0.10586.0_none_8c15ae12515e1c22\COMCTL32.dll
0x00007ff98c1a0000 - 0x00007ff98c41d000 	C:\WINDOWS\system32\combase.dll
0x00007ff98ae80000 - 0x00007ff98aeea000 	C:\WINDOWS\system32\bcryptPrimitives.dll
0x00007ff98ba50000 - 0x00007ff98ba8b000 	C:\WINDOWS\system32\IMM32.DLL
0x0000000058420000 - 0x00000000584f2000 	C:\Program Files\Java\jdk1.8.0_20\jre\bin\msvcr100.dll
0x0000000057bc0000 - 0x0000000058418000 	C:\Program Files\Java\jdk1.8.0_20\jre\bin\server\jvm.dll
0x00007ff98c4e0000 - 0x00007ff98c4e8000 	C:\WINDOWS\system32\PSAPI.DLL
0x00007ff988a40000 - 0x00007ff988a63000 	C:\WINDOWS\SYSTEM32\WINMM.dll
0x00007ff97d040000 - 0x00007ff97d049000 	C:\WINDOWS\SYSTEM32\WSOCK32.dll
0x00007ff98b2b0000 - 0x00007ff98b31b000 	C:\WINDOWS\system32\WS2_32.dll
0x0000000000840000 - 0x000000000086c000 	C:\WINDOWS\SYSTEM32\WINMMBASE.dll
0x00007ff98a560000 - 0x00007ff98a5a3000 	C:\WINDOWS\system32\cfgmgr32.dll
0x0000000057bb0000 - 0x0000000057bbf000 	C:\Program Files\Java\jdk1.8.0_20\jre\bin\verify.dll
0x0000000057b80000 - 0x0000000057ba8000 	C:\Program Files\Java\jdk1.8.0_20\jre\bin\java.dll
0x0000000057b60000 - 0x0000000057b76000 	C:\Program Files\Java\jdk1.8.0_20\jre\bin\zip.dll
0x00007ff98c900000 - 0x00007ff98de5c000 	C:\WINDOWS\system32\SHELL32.dll
0x00007ff98a830000 - 0x00007ff98ae75000 	C:\WINDOWS\system32\windows.storage.dll
0x00007ff98de70000 - 0x00007ff98dec2000 	C:\WINDOWS\system32\shlwapi.dll
0x00007ff98a4f0000 - 0x00007ff98a4ff000 	C:\WINDOWS\system32\kernel.appcore.dll
0x00007ff98b1f0000 - 0x00007ff98b2a5000 	C:\WINDOWS\system32\shcore.dll
0x00007ff98a500000 - 0x00007ff98a54b000 	C:\WINDOWS\system32\powrprof.dll
0x00007ff98a4d0000 - 0x00007ff98a4e4000 	C:\WINDOWS\system32\profapi.dll
0x00007ff97ccb0000 - 0x00007ff97ce3c000 	C:\WINDOWS\SYSTEM32\dbghelp.dll

VM Arguments:
jvm_args: -Djava.awt.headless=true -Xmx1024M -Dfile.encoding=windows-1252 -Duser.country=US -Duser.language=en -Duser.variant 
java_command: com.android.dx.command.Main --dex --num-threads=4 --output C:\Nivek\Wits\2016\2nd semester\Coms\SD\Major Project\SoftwareDesign\FindMeTutor\FindMeTutor\app\build\intermediates\pre-dexed\debug\com.android.support-appcompat-v7-24.1.1_8ccf405980b7d94dda2f3b72aca1edc1838411c3.jar C:\Nivek\Wits\2016\2nd semester\Coms\SD\Major Project\SoftwareDesign\FindMeTutor\FindMeTutor\app\build\intermediates\exploded-aar\com.android.support\appcompat-v7\24.1.1\jars\classes.jar
java_class_path (initial): C:\Users\admin\AppData\Local\Android\sdk\build-tools\24.0.1\lib\dx.jar
Launcher Type: SUN_STANDARD

Environment Variables:
PATH=C:\ProgramData\Oracle\Java\javapath;C:\Program Files (x86)\Intel\iCLS Client\;C:\Program Files\Intel\iCLS Client\;C:\WINDOWS\system32;C:\WINDOWS;C:\WINDOWS\System32\Wbem;C:\WINDOWS\System32\WindowsPowerShell\v1.0\;C:\Program Files\Intel\Intel(R) Management Engine Components\DAL;C:\Program Files\Intel\Intel(R) Management Engine Components\IPT;C:\Program Files (x86)\Intel\Intel(R) Management Engine Components\DAL;C:\Program Files (x86)\Intel\Intel(R) Management Engine Components\IPT;C:\Program Files\WIDCOMM\Bluetooth Software\;C:\Program Files\WIDCOMM\Bluetooth Software\syswow64;C:\Program Files (x86)\Intel\OpenCL SDK\2.0\bin\x86;C:\Program Files (x86)\Intel\OpenCL SDK\2.0\bin\x64;C:\Program Files\Intel\WiFi\bin\;C:\Program Files\Common Files\Intel\WirelessCommon\;c:\Program Files (x86)\Microsoft SQL Server\100\Tools\Binn\;c:\Program Files\Microsoft SQL Server\100\Tools\Binn\;c:\Program Files\Microsoft SQL Server\100\DTS\Binn\;C:\Program Files (x86)\MySQL\MySQL Fabric 1.5.4 & MySQL Utilities 1.5.4 1.5\;C:\Program Files (x86)\MySQL\MySQL Fabric 1.5.4 & MySQL Utilities 1.5.4 1.5\Doctrine extensions for PHP\;C:\Program Files (x86)\Borland\Delphi7\Bin;C:\Program Files (x86)\Borland\Delphi7\Projects\Bpl;C:\Program Files (x86)\Borland\Delphi7\Rave5;C:\Program Files\Git\cmd;C:\Program Files\Intel\WiFi\bin\;C:\Program Files\Common Files\Intel\WirelessCommon\
USERNAME=admin
OS=Windows_NT
PROCESSOR_IDENTIFIER=Intel64 Family 6 Model 58 Stepping 9, GenuineIntel



---------------  S Y S T E M  ---------------

OS: Windows 8.1 , 64 bit Build 9600 

CPU:total 4 (2 cores per cpu, 2 threads per core) family 6 model 58 stepping 9, cmov, cx8, fxsr, mmx, sse, sse2, sse3, ssse3, sse4.1, sse4.2, popcnt, avx, aes, clmul, erms, ht, tsc, tscinvbit, tscinv

Memory: 4k page, physical 8258576k(2257712k free), swap 10306576k(9208k free)

vm_info: Java HotSpot(TM) 64-Bit Server VM (25.20-b23) for windows-amd64 JRE (1.8.0_20-b26), built on Jul 30 2014 13:51:23 by "java_re" with MS VC++ 10.0 (VS2010)

time: Thu Aug 18 19:41:22 2016
elapsed time: 3 seconds (0d 0h 0m 3s)

