#
# There is insufficient memory for the Java Runtime Environment to continue.
# Native memory allocation (malloc) failed to allocate 32744 bytes for ChunkPool::allocate
# Possible reasons:
#   The system is out of physical RAM or swap space
#   In 32 bit mode, the process size limit was hit
# Possible solutions:
#   Reduce memory load on the system
#   Increase physical memory or swap space
#   Check if swap backing store is full
#   Use 64 bit Java on a 64 bit OS
#   Decrease Java heap size (-Xmx/-Xms)
#   Decrease number of Java threads
#   Decrease Java thread stack sizes (-Xss)
#   Set larger code cache with -XX:ReservedCodeCacheSize=
# This output file may be truncated or incomplete.
#
#  Out of Memory Error (allocation.cpp:273), pid=14268, tid=14676
#
# JRE version: Java(TM) SE Runtime Environment (8.0_20-b26) (build 1.8.0_20-b26)
# Java VM: Java HotSpot(TM) 64-Bit Server VM (25.20-b23 mixed mode windows-amd64 compressed oops)
# Failed to write core dump. Minidumps are not enabled by default on client versions of Windows
#

---------------  T H R E A D  ---------------

Current thread (0x0000000015553800):  JavaThread "C1 CompilerThread2" daemon [_thread_in_native, id=14676, stack(0x0000000016cb0000,0x0000000016db0000)]

Stack: [0x0000000016cb0000,0x0000000016db0000]
Native frames: (J=compiled Java code, j=interpreted, Vv=VM code, C=native code)
V  [jvm.dll+0x3152fa]
V  [jvm.dll+0x265d03]
V  [jvm.dll+0x266943]
V  [jvm.dll+0x25e265]
V  [jvm.dll+0xbdfb1]
V  [jvm.dll+0xbe6fc]
V  [jvm.dll+0x25d3d7]
V  [jvm.dll+0x25d5a5]
V  [jvm.dll+0x4089cf]
V  [jvm.dll+0x40d246]
V  [jvm.dll+0x3ebe90]
V  [jvm.dll+0x3ec260]
V  [jvm.dll+0x3ec392]
V  [jvm.dll+0x3ec55e]
V  [jvm.dll+0x3ec75f]
V  [jvm.dll+0x97b62]
V  [jvm.dll+0x98353]
V  [jvm.dll+0x22aac4]
V  [jvm.dll+0x283f5a]
C  [msvcr100.dll+0x21d9f]
C  [msvcr100.dll+0x21e3b]
C  [KERNEL32.DLL+0x8364]
C  [ntdll.dll+0x65e91]


Current CompileTask:
C1:    747   56  s!   3       sun.misc.URLClassPath::getLoader (154 bytes)


---------------  P R O C E S S  ---------------

Java Threads: ( => current thread )
  0x0000000016f98000 JavaThread "pool-1-thread-4" [_thread_blocked, id=12420, stack(0x00000000177b0000,0x00000000178b0000)]
  0x0000000016f97800 JavaThread "pool-1-thread-3" [_thread_blocked, id=15348, stack(0x00000000176b0000,0x00000000177b0000)]
  0x0000000016f8d800 JavaThread "pool-1-thread-2" [_thread_blocked, id=17132, stack(0x00000000175b0000,0x00000000176b0000)]
  0x0000000016f32000 JavaThread "pool-2-thread-1" [_thread_blocked, id=1000, stack(0x00000000174b0000,0x00000000175b0000)]
  0x0000000016e84000 JavaThread "pool-1-thread-1" [_thread_in_vm, id=11200, stack(0x00000000173b0000,0x00000000174b0000)]
  0x0000000016ddc800 JavaThread "Service Thread" daemon [_thread_blocked, id=14348, stack(0x00000000171b0000,0x00000000172b0000)]
=>0x0000000015553800 JavaThread "C1 CompilerThread2" daemon [_thread_in_native, id=14676, stack(0x0000000016cb0000,0x0000000016db0000)]
  0x0000000015550000 JavaThread "C2 CompilerThread1" daemon [_thread_in_native, id=10704, stack(0x0000000016bb0000,0x0000000016cb0000)]
  0x000000001554e000 JavaThread "C2 CompilerThread0" daemon [_thread_in_native, id=14572, stack(0x0000000016ab0000,0x0000000016bb0000)]
  0x000000001554a000 JavaThread "Attach Listener" daemon [_thread_blocked, id=5112, stack(0x00000000169b0000,0x0000000016ab0000)]
  0x0000000015548800 JavaThread "Signal Dispatcher" daemon [_thread_blocked, id=2768, stack(0x00000000168b0000,0x00000000169b0000)]
  0x0000000002d85000 JavaThread "Finalizer" daemon [_thread_blocked, id=10400, stack(0x00000000167b0000,0x00000000168b0000)]
  0x0000000015518800 JavaThread "Reference Handler" daemon [_thread_blocked, id=12040, stack(0x00000000166b0000,0x00000000167b0000)]
  0x0000000002e7d800 JavaThread "main" [_thread_blocked, id=1112, stack(0x0000000002ae0000,0x0000000002be0000)]

Other Threads:
  0x0000000015516000 VMThread [stack: 0x00000000165b0000,0x00000000166b0000] [id=14808]
  0x0000000016ddf800 WatcherThread [stack: 0x00000000172b0000,0x00000000173b0000] [id=16416]

VM state:synchronizing (normal execution)

VM Mutex/Monitor currently owned by a thread:  ([mutex/lock_event])
[0x0000000002e7cf50] Threads_lock - owner thread: 0x0000000015516000
[0x0000000002e7d4d0] Heap_lock - owner thread: 0x0000000016f8d800

Heap:
 PSYoungGen      total 38400K, used 7380K [0x00000000eab00000, 0x00000000ed580000, 0x0000000100000000)
  eden space 33280K, 22% used [0x00000000eab00000,0x00000000eb235330,0x00000000ecb80000)
  from space 5120K, 0% used [0x00000000ed080000,0x00000000ed080000,0x00000000ed580000)
  to   space 5120K, 0% used [0x00000000ecb80000,0x00000000ecb80000,0x00000000ed080000)
 ParOldGen       total 87552K, used 0K [0x00000000c0000000, 0x00000000c5580000, 0x00000000eab00000)
  object space 87552K, 0% used [0x00000000c0000000,0x00000000c0000000,0x00000000c5580000)
 Metaspace       used 4064K, capacity 5360K, committed 5632K, reserved 1056768K
  class space    used 459K, capacity 488K, committed 512K, reserved 1048576K

Card table byte_map: [0x0000000012240000,0x0000000012450000] byte_map_base: 0x0000000011c40000

Marking Bits: (ParMarkBitMap*) 0x00000000749cb460
 Begin Bits: [0x00000000129b0000, 0x00000000139b0000)
 End Bits:   [0x00000000139b0000, 0x00000000149b0000)

Polling page: 0x0000000000f50000

CodeCache: size=245760Kb used=1179Kb max_used=1189Kb free=244580Kb
 bounds [0x0000000002e80000, 0x00000000030f0000, 0x0000000011e80000]
 total_blobs=317 nmethods=63 adapters=168
 compilation: enabled

Compilation events (10 events):
Event: 0.126 Thread 0x0000000015553800 nmethod 51 0x0000000002fa1fd0 code [0x0000000002fa2140, 0x0000000002fa2390]
Event: 0.126 Thread 0x0000000015553800   52       1       java.net.URL::getHost (5 bytes)
Event: 0.126 Thread 0x0000000015553800 nmethod 52 0x0000000002fa2450 code [0x0000000002fa25a0, 0x0000000002fa26b0]
Event: 0.126 Thread 0x0000000015553800   53       1       java.net.URL::getProtocol (5 bytes)
Event: 0.126 Thread 0x0000000015553800 nmethod 53 0x0000000002fa2710 code [0x0000000002fa2860, 0x0000000002fa2970]
Event: 0.126 Thread 0x0000000015553800   54       1       java.lang.String::length (6 bytes)
Event: 0.126 Thread 0x0000000015553800 nmethod 54 0x0000000002fa29d0 code [0x0000000002fa2b20, 0x0000000002fa2c30]
Event: 0.127 Thread 0x0000000015553800   55       3       java.lang.AbstractStringBuilder::expandCapacity (50 bytes)
Event: 0.127 Thread 0x0000000015553800 nmethod 55 0x0000000002fa2cd0 code [0x0000000002fa2e60, 0x0000000002fa3398]
Event: 0.128 Thread 0x0000000015553800   56  s!   3       sun.misc.URLClassPath::getLoader (154 bytes)

GC Heap History (0 events):
No events

Deoptimization events (0 events):
No events

Internal exceptions (10 events):
Event: 0.121 Thread 0x0000000002e7d800 Exception <a 'java/security/PrivilegedActionException'> (0x00000000ead1cf08) thrown at [D:\re\workspace\8-2-build-windows-amd64-cygwin\jdk8u20\1074\hotspot\src\share\vm\prims\jvm.cpp, line 1275]
Event: 0.123 Thread 0x0000000002e7d800 Exception <a 'java/security/PrivilegedActionException'> (0x00000000ead2ed10) thrown at [D:\re\workspace\8-2-build-windows-amd64-cygwin\jdk8u20\1074\hotspot\src\share\vm\prims\jvm.cpp, line 1275]
Event: 0.124 Thread 0x0000000002e7d800 Exception <a 'java/security/PrivilegedActionException'> (0x00000000ead37850) thrown at [D:\re\workspace\8-2-build-windows-amd64-cygwin\jdk8u20\1074\hotspot\src\share\vm\prims\jvm.cpp, line 1275]
Event: 0.125 Thread 0x0000000002e7d800 Exception <a 'java/security/PrivilegedActionException'> (0x00000000ead3c168) thrown at [D:\re\workspace\8-2-build-windows-amd64-cygwin\jdk8u20\1074\hotspot\src\share\vm\prims\jvm.cpp, line 1275]
Event: 0.126 Thread 0x0000000002e7d800 Exception <a 'java/security/PrivilegedActionException'> (0x00000000ead3f228) thrown at [D:\re\workspace\8-2-build-windows-amd64-cygwin\jdk8u20\1074\hotspot\src\share\vm\prims\jvm.cpp, line 1275]
Event: 0.126 Thread 0x0000000002e7d800 Exception <a 'java/security/PrivilegedActionException'> (0x00000000ead415c0) thrown at [D:\re\workspace\8-2-build-windows-amd64-cygwin\jdk8u20\1074\hotspot\src\share\vm\prims\jvm.cpp, line 1275]
Event: 0.126 Thread 0x0000000002e7d800 Exception <a 'java/security/PrivilegedActionException'> (0x00000000ead436e8) thrown at [D:\re\workspace\8-2-build-windows-amd64-cygwin\jdk8u20\1074\hotspot\src\share\vm\prims\jvm.cpp, line 1275]
Event: 0.127 Thread 0x0000000002e7d800 Exception <a 'java/security/PrivilegedActionException'> (0x00000000ead4b8a8) thrown at [D:\re\workspace\8-2-build-windows-amd64-cygwin\jdk8u20\1074\hotspot\src\share\vm\prims\jvm.cpp, line 1275]
Event: 0.128 Thread 0x0000000002e7d800 Exception <a 'java/security/PrivilegedActionException'> (0x00000000ead4db90) thrown at [D:\re\workspace\8-2-build-windows-amd64-cygwin\jdk8u20\1074\hotspot\src\share\vm\prims\jvm.cpp, line 1275]
Event: 0.129 Thread 0x0000000002e7d800 Exception <a 'java/security/PrivilegedActionException'> (0x00000000ead58010) thrown at [D:\re\workspace\8-2-build-windows-amd64-cygwin\jdk8u20\1074\hotspot\src\share\vm\prims\jvm.cpp, line 1275]

Events (10 events):
Event: 0.126 loading class com/android/dx/command/DxConsole
Event: 0.126 loading class com/android/dx/command/DxConsole done
Event: 0.126 loading class com/android/dx/command/DxConsole$1
Event: 0.126 loading class com/android/dx/command/DxConsole$1 done
Event: 0.127 loading class com/android/dx/dex/DexOptions
Event: 0.127 loading class com/android/dx/dex/DexOptions done
Event: 0.127 loading class com/android/dx/dex/file/DexFile
Event: 0.127 loading class com/android/dx/dex/file/DexFile done
Event: 0.129 loading class com/android/dx/util/AnnotatedOutput
Event: 0.129 loading class com/android/dx/util/AnnotatedOutput done


Dynamic libraries:
0x00007ff731af0000 - 0x00007ff731b24000 	C:\Program Files\Java\jdk1.8.0_20\bin\java.exe
0x00007ffc9fd00000 - 0x00007ffc9fed1000 	C:\WINDOWS\SYSTEM32\ntdll.dll
0x00007ffc9d990000 - 0x00007ffc9da3b000 	C:\WINDOWS\System32\KERNEL32.DLL
0x00007ffc9cf60000 - 0x00007ffc9d17d000 	C:\WINDOWS\System32\KERNELBASE.dll
0x00007ffc9da50000 - 0x00007ffc9daf2000 	C:\WINDOWS\System32\ADVAPI32.dll
0x00007ffc9db00000 - 0x00007ffc9db9e000 	C:\WINDOWS\System32\msvcrt.dll
0x00007ffc9f590000 - 0x00007ffc9f5e9000 	C:\WINDOWS\System32\sechost.dll
0x00007ffc9f430000 - 0x00007ffc9f551000 	C:\WINDOWS\System32\RPCRT4.dll
0x00007ffc9d290000 - 0x00007ffc9d3f5000 	C:\WINDOWS\System32\USER32.dll
0x00007ffc9cd10000 - 0x00007ffc9cd2e000 	C:\WINDOWS\System32\win32u.dll
0x00007ffc9f890000 - 0x00007ffc9f8c4000 	C:\WINDOWS\System32\GDI32.dll
0x00007ffc9cd30000 - 0x00007ffc9ceb2000 	C:\WINDOWS\System32\gdi32full.dll
0x00007ffc929a0000 - 0x00007ffc92c19000 	C:\WINDOWS\WinSxS\amd64_microsoft.windows.common-controls_6595b64144ccf1df_6.0.14393.0_none_2d0f50fcbdb171b8\COMCTL32.dll
0x00007ffc9f8e0000 - 0x00007ffc9fba7000 	C:\WINDOWS\System32\combase.dll
0x00007ffc9c260000 - 0x00007ffc9c355000 	C:\WINDOWS\System32\ucrtbase.dll
0x00007ffc9c1f0000 - 0x00007ffc9c25a000 	C:\WINDOWS\System32\bcryptPrimitives.dll
0x00007ffc9f560000 - 0x00007ffc9f58e000 	C:\WINDOWS\System32\IMM32.DLL
0x0000000075ed0000 - 0x0000000075fa2000 	C:\Program Files\Java\jdk1.8.0_20\jre\bin\msvcr100.dll
0x00000000741f0000 - 0x0000000074a48000 	C:\Program Files\Java\jdk1.8.0_20\jre\bin\server\jvm.dll
0x00007ffc9fcf0000 - 0x00007ffc9fcf8000 	C:\WINDOWS\System32\PSAPI.DLL
0x00007ffc8f3c0000 - 0x00007ffc8f3c9000 	C:\WINDOWS\SYSTEM32\WSOCK32.dll
0x00007ffc9dc10000 - 0x00007ffc9dc7a000 	C:\WINDOWS\System32\WS2_32.dll
0x00007ffc9a3a0000 - 0x00007ffc9a3c3000 	C:\WINDOWS\SYSTEM32\WINMM.dll
0x0000000002ab0000 - 0x0000000002adb000 	C:\WINDOWS\SYSTEM32\WINMMBASE.dll
0x00007ffc9ccc0000 - 0x00007ffc9cd02000 	C:\WINDOWS\System32\cfgmgr32.dll
0x00000000761d0000 - 0x00000000761df000 	C:\Program Files\Java\jdk1.8.0_20\jre\bin\verify.dll
0x00000000761a0000 - 0x00000000761c8000 	C:\Program Files\Java\jdk1.8.0_20\jre\bin\java.dll
0x0000000076180000 - 0x0000000076196000 	C:\Program Files\Java\jdk1.8.0_20\jre\bin\zip.dll
0x00007ffc9df20000 - 0x00007ffc9f428000 	C:\WINDOWS\System32\SHELL32.dll
0x00007ffc9c530000 - 0x00007ffc9cc0a000 	C:\WINDOWS\System32\windows.storage.dll
0x00007ffc9c1a0000 - 0x00007ffc9c1ec000 	C:\WINDOWS\System32\powrprof.dll
0x00007ffc9dec0000 - 0x00007ffc9df12000 	C:\WINDOWS\System32\shlwapi.dll
0x00007ffc9c160000 - 0x00007ffc9c16f000 	C:\WINDOWS\System32\kernel.appcore.dll
0x00007ffc9d180000 - 0x00007ffc9d229000 	C:\WINDOWS\System32\shcore.dll
0x00007ffc9c180000 - 0x00007ffc9c194000 	C:\WINDOWS\System32\profapi.dll
0x00007ffc8d340000 - 0x00007ffc8d4d2000 	C:\WINDOWS\SYSTEM32\dbghelp.dll

VM Arguments:
jvm_args: -Djava.awt.headless=true -Xmx1024M -Dfile.encoding=windows-1252 -Duser.country=US -Duser.language=en -Duser.variant 
java_command: com.android.dx.command.Main --dex --force-jumbo --num-threads=4 --output C:\Users\Jadon\WorkSpace3Y\SoftwareDesign\FindMeTutor\FindMeTutor\app\build\intermediates\pre-dexed\debug\main_1888b2d80452feda9d713e4985726d5908dc7d9a.jar C:\Users\Jadon\WorkSpace3Y\SoftwareDesign\FindMeTutor\FindMeTutor\app\build\intermediates\transforms\instantRun\debug\folders\1\5\main
java_class_path (initial): C:\Users\Jadon\AppData\Local\Android\sdk\build-tools\24.0.1\lib\dx.jar
Launcher Type: SUN_STANDARD

Environment Variables:
PATH=C:\ProgramData\Oracle\Java\javapath;C:\Program Files (x86)\AMD APP\bin\x86_64;C:\Program Files (x86)\AMD APP\bin\x86;C:\Program Files (x86)\Intel\iCLS Client\;C:\Program Files\Intel\iCLS Client\;C:\WINDOWS\system32;C:\WINDOWS;C:\WINDOWS\System32\Wbem;C:\WINDOWS\System32\WindowsPowerShell\v1.0\;C:\Program Files\Intel\WiFi\bin\;C:\Program Files\Common Files\Intel\WirelessCommon\;C:\Program Files\Intel\Intel(R) Management Engine Components\DAL;C:\Program Files\Intel\Intel(R) Management Engine Components\IPT;C:\Program Files (x86)\Intel\Intel(R) Management Engine Components\DAL;C:\Program Files (x86)\Intel\Intel(R) Management Engine Components\IPT;C:\Program Files (x86)\ATI Technologies\ATI.ACE\Core-Static;C:\Program Files (x86)\Intel\OpenCL SDK\2.0\bin\x86;C:\Program Files (x86)\Intel\OpenCL SDK\2.0\bin\x64;C:\Program Files (x86)\QuickTime\QTSystem\;C:\Program Files\MATLAB\R2013b\runtime\win64;C:\Program Files\MATLAB\R2013b\bin;C:\WINDOWS\system32\config\systemprofile\.dnx\bin;C:\Program Files\Microsoft DNX\Dnvm\;C:\Program Files\Microsoft SQL Server\130\Tools\Binn\;C:\Program Files (x86)\Windows Kits\8.1\Windows Performance Toolkit\;C:\Program Files\MiKTeX 2.9\miktex\bin\x64\;C:\Program Files (x86)\MiKTeX 2.9\miktex\bin\;C:\Program Files (x86)\Graphviz2.38\bin;C:\Program Files\doxygen\bin;C:\Program Files\Git\cmd;C:\Program Files (x86)\OpenVPN\bin;C:\Users\Jadon\AppData\Local\Programs\Python\Python35\Scripts\;C:\Users\Jadon\AppData\Local\Programs\Python\Python35\;C:\Program Files\Intel\WiFi\bin\;C:\Program Files\Common Files\Intel\WirelessCommon\;%USERPROFILE%\AppData\Local\Microsoft\WindowsApps;
USERNAME=Jadon
OS=Windows_NT
PROCESSOR_IDENTIFIER=Intel64 Family 6 Model 58 Stepping 9, GenuineIntel



---------------  S Y S T E M  ---------------

OS: Windows 8.1 , 64 bit Build 9600 

CPU:total 4 (2 cores per cpu, 2 threads per core) family 6 model 58 stepping 9, cmov, cx8, fxsr, mmx, sse, sse2, sse3, ssse3, sse4.1, sse4.2, popcnt, avx, aes, clmul, erms, ht, tsc, tscinvbit, tscinv

Memory: 4k page, physical 8267032k(1643572k free), swap 10217752k(332k free)

vm_info: Java HotSpot(TM) 64-Bit Server VM (25.20-b23) for windows-amd64 JRE (1.8.0_20-b26), built on Jul 30 2014 13:51:23 by "java_re" with MS VC++ 10.0 (VS2010)

time: Thu Oct 20 23:27:31 2016
elapsed time: 0 seconds (0d 0h 0m 0s)

