#
# A fatal error has been detected by the Java Runtime Environment:
#
#  Internal Error (0xc06d007e), pid=5684, tid=8356
#
# JRE version:  (8.0_20-b26) (build )
# Java VM: Java HotSpot(TM) 64-Bit Server VM (25.20-b23 mixed mode windows-amd64 compressed oops)
# Problematic frame:
# C  [KERNELBASE.dll+0x71f28]
#
# Failed to write core dump. Minidumps are not enabled by default on client versions of Windows
#
# If you would like to submit a bug report, please visit:
#   http://bugreport.sun.com/bugreport/crash.jsp
# The crash happened outside the Java Virtual Machine in native code.
# See problematic frame for where to report the bug.
#

---------------  T H R E A D  ---------------

Current thread (0x000000000148d800):  JavaThread "main" [_thread_in_native, id=8356, stack(0x0000000001370000,0x0000000001470000)]

siginfo: ExceptionCode=0xc06d007e, ExceptionInformation=0x000000000146ea50 

Registers:
RAX=0x0000000000da02b4, RBX=0x0000000000000000, RCX=0x0000000000000001, RDX=0x0000000000000000
RSP=0x000000000146e950, RBP=0x000000000146eaa8, RSI=0x00000000521fc7b4, RDI=0x0000000000000000
R8 =0x0000000000000000, R9 =0x000000000000000e, R10=0x0000000000000020, R11=0x000000000e00000e
R12=0x0000000000000001, R13=0x0000000052204790, R14=0x0000000052204520, R15=0x00000000521fc840
RIP=0x00007ff9dce51f28, EFLAGS=0x0000000000000206

Top of Stack: (sp=0x000000000146e950)
0x000000000146e950:   0000000000000000 0000000000000000
0x000000000146e960:   00000000521fc7b4 0000000000000000
0x000000000146e970:   00000000c06d007e 0000000000000000
0x000000000146e980:   00007ff9dce51f28 00007ff900000001
0x000000000146e990:   000000000146ea50 00000000010c8750
0x000000000146e9a0:   0000000000000000 0000000000000000
0x000000000146e9b0:   0000000000000000 00007ff9dce3faff
0x000000000146e9c0:   0000000000000000 00000000521fc7b4
0x000000000146e9d0:   0000000000000000 0000000000000000
0x000000000146e9e0:   0000000000000000 0000000000000000
0x000000000146e9f0:   00000000521fbaa0 00007ff9dce3faa9
0x000000000146ea00:   0000000000000000 0000000052274e7e
0x000000000146ea10:   000015dc8eed686d 0000000052245695
0x000000000146ea20:   0000000000000000 00000000521f8307
0x000000000146ea30:   0000000000000000 00000000521fc7b4
0x000000000146ea40:   0000000000000001 00000000522738a8 

Instructions: (pc=0x00007ff9dce51f28)
0x00007ff9dce51f08:   49 8b d1 44 0f 47 c0 44 89 44 24 38 49 c1 e0 03
0x00007ff9dce51f18:   e8 27 b2 00 00 48 8d 4c 24 20 ff 15 c8 a7 05 00
0x00007ff9dce51f28:   48 8b 8c 24 c0 00 00 00 48 33 cc e8 98 7a 00 00
0x00007ff9dce51f38:   48 81 c4 d8 00 00 00 c3 83 64 24 38 00 eb d6 cc 


Register to memory mapping:

RAX=0x0000000000da02b4 is an unknown value
RBX=0x0000000000000000 is an unknown value
RCX=0x0000000000000001 is an unknown value
RDX=0x0000000000000000 is an unknown value
RSP=0x000000000146e950 is pointing into the stack for thread: 0x000000000148d800
RBP=0x000000000146eaa8 is pointing into the stack for thread: 0x000000000148d800
RSI=0x00000000521fc7b4 is an unknown value
RDI=0x0000000000000000 is an unknown value
R8 =0x0000000000000000 is an unknown value
R9 =0x000000000000000e is an unknown value
R10=0x0000000000000020 is an unknown value
R11=0x000000000e00000e is an unknown value
R12=0x0000000000000001 is an unknown value
R13=0x0000000052204790 is an unknown value
R14=0x0000000052204520 is an unknown value
R15=0x00000000521fc840 is an unknown value


Stack: [0x0000000001370000,0x0000000001470000],  sp=0x000000000146e950,  free space=1018k
Native frames: (J=compiled Java code, j=interpreted, Vv=VM code, C=native code)
C  [KERNELBASE.dll+0x71f28]
C  [java.dll+0x18307]

Java frames: (J=compiled Java code, j=interpreted, Vv=VM code)
j  java.lang.System.initProperties(Ljava/util/Properties;)Ljava/util/Properties;+0
j  java.lang.System.initializeSystemClass()V+13
v  ~StubRoutines::call_stub

---------------  P R O C E S S  ---------------

Java Threads: ( => current thread )
  0x0000000002e5f000 JavaThread "Finalizer" daemon [_thread_blocked, id=11048, stack(0x0000000016790000,0x0000000016890000)]
  0x0000000015508000 JavaThread "Reference Handler" daemon [_thread_blocked, id=8568, stack(0x0000000016690000,0x0000000016790000)]
=>0x000000000148d800 JavaThread "main" [_thread_in_native, id=8356, stack(0x0000000001370000,0x0000000001470000)]

Other Threads:
  0x0000000015506000 VMThread [stack: 0x0000000016590000,0x0000000016690000] [id=13228]

VM state:not at safepoint (normal execution)

VM Mutex/Monitor currently owned by a thread: None

Heap:
 PSYoungGen      total 38400K, used 1331K [0x00000000eab00000, 0x00000000ed580000, 0x0000000100000000)
  eden space 33280K, 4% used [0x00000000eab00000,0x00000000eac4cd78,0x00000000ecb80000)
  from space 5120K, 0% used [0x00000000ed080000,0x00000000ed080000,0x00000000ed580000)
  to   space 5120K, 0% used [0x00000000ecb80000,0x00000000ecb80000,0x00000000ed080000)
 ParOldGen       total 87552K, used 0K [0x00000000c0000000, 0x00000000c5580000, 0x00000000eab00000)
  object space 87552K, 0% used [0x00000000c0000000,0x00000000c0000000,0x00000000c5580000)
 Metaspace       used 866K, capacity 4480K, committed 4480K, reserved 1056768K
  class space    used 90K, capacity 384K, committed 384K, reserved 1048576K

Card table byte_map: [0x0000000012230000,0x0000000012440000] byte_map_base: 0x0000000011c30000

Marking Bits: (ParMarkBitMap*) 0x0000000050f9b460
 Begin Bits: [0x00000000129a0000, 0x00000000139a0000)
 End Bits:   [0x00000000139a0000, 0x00000000149a0000)

Polling page: 0x0000000001070000

CodeCache: size=245760Kb used=400Kb max_used=400Kb free=245359Kb
 bounds [0x0000000002e70000, 0x00000000030e0000, 0x0000000011e70000]
 total_blobs=97 nmethods=0 adapters=72
 compilation: enabled

Compilation events (0 events):
No events

GC Heap History (0 events):
No events

Deoptimization events (0 events):
No events

Internal exceptions (0 events):
No events

Events (10 events):
Event: 2.574 loading class java/lang/ref/Finalizer$FinalizerThread done
Event: 2.574 Thread 0x0000000002e5f000 Thread added: 0x0000000002e5f000
Event: 2.574 loading class java/util/Hashtable$Entry
Event: 2.574 loading class java/util/Map$Entry
Event: 2.574 loading class java/util/Map$Entry done
Event: 2.574 loading class java/util/Hashtable$Entry done
Event: 2.574 loading class java/lang/Math
Event: 2.574 loading class java/lang/Math done
Event: 2.801 loading class sun/misc/VM
Event: 2.801 loading class sun/misc/VM done


Dynamic libraries:
0x00007ff6f8110000 - 0x00007ff6f8144000 	C:\Program Files\Java\jdk1.8.0_20\bin\java.exe
0x00007ff9e0730000 - 0x00007ff9e08f1000 	C:\WINDOWS\SYSTEM32\ntdll.dll
0x00007ff9ddf50000 - 0x00007ff9ddffd000 	C:\WINDOWS\system32\KERNEL32.DLL
0x00007ff9dcde0000 - 0x00007ff9dcfc8000 	C:\WINDOWS\system32\KERNELBASE.dll
0x00007ff9ded10000 - 0x00007ff9dedb7000 	C:\WINDOWS\system32\ADVAPI32.dll
0x00007ff9dec70000 - 0x00007ff9ded0d000 	C:\WINDOWS\system32\msvcrt.dll
0x00007ff9de790000 - 0x00007ff9de7eb000 	C:\WINDOWS\system32\sechost.dll
0x00007ff9ddb30000 - 0x00007ff9ddc4c000 	C:\WINDOWS\system32\RPCRT4.dll
0x00007ff9de090000 - 0x00007ff9de1e6000 	C:\WINDOWS\system32\USER32.dll
0x00007ff9de860000 - 0x00007ff9de9e6000 	C:\WINDOWS\system32\GDI32.dll
0x00007ff9d3370000 - 0x00007ff9d35e4000 	C:\WINDOWS\WinSxS\amd64_microsoft.windows.common-controls_6595b64144ccf1df_6.0.10586.494_none_a2d8b04ea53e3145\COMCTL32.dll
0x00007ff9de9f0000 - 0x00007ff9dec6d000 	C:\WINDOWS\system32\combase.dll
0x00007ff9dd410000 - 0x00007ff9dd47a000 	C:\WINDOWS\system32\bcryptPrimitives.dll
0x00007ff9e0320000 - 0x00007ff9e035b000 	C:\WINDOWS\system32\IMM32.DLL
0x0000000052220000 - 0x00000000522f2000 	C:\Program Files\Java\jdk1.8.0_20\jre\bin\msvcr100.dll
0x00000000507c0000 - 0x0000000051018000 	C:\Program Files\Java\jdk1.8.0_20\jre\bin\server\jvm.dll
0x00007ff9de780000 - 0x00007ff9de788000 	C:\WINDOWS\system32\PSAPI.DLL
0x00007ff9d0370000 - 0x00007ff9d0379000 	C:\WINDOWS\SYSTEM32\WSOCK32.dll
0x00007ff9de7f0000 - 0x00007ff9de85b000 	C:\WINDOWS\system32\WS2_32.dll
0x00007ff9db130000 - 0x00007ff9db153000 	C:\WINDOWS\SYSTEM32\WINMM.dll
0x00007ff9db0b0000 - 0x00007ff9db0dc000 	C:\WINDOWS\SYSTEM32\WINMMBASE.dll
0x00007ff9dd060000 - 0x00007ff9dd0a3000 	C:\WINDOWS\system32\cfgmgr32.dll
0x0000000052210000 - 0x000000005221f000 	C:\Program Files\Java\jdk1.8.0_20\jre\bin\verify.dll
0x00000000521e0000 - 0x0000000052208000 	C:\Program Files\Java\jdk1.8.0_20\jre\bin\java.dll
0x00000000521c0000 - 0x00000000521d6000 	C:\Program Files\Java\jdk1.8.0_20\jre\bin\zip.dll
0x00007ff9cd680000 - 0x00007ff9cd80c000 	C:\WINDOWS\SYSTEM32\dbghelp.dll

VM Arguments:
jvm_args: -Djava.awt.headless=true -Xmx1024M -Dfile.encoding=windows-1252 -Duser.country=US -Duser.language=en -Duser.variant 
java_command: com.android.dx.command.Main --dex --num-threads=4 --output C:\Users\Jadon\WorkSpace3Y\SoftwareDesign\FindMeTutor\FindMeTutor\app\build\intermediates\pre-dexed\debug\debug_93b331de58adbd149db14a1acec43fe8586afb04.jar C:\Users\Jadon\WorkSpace3Y\SoftwareDesign\FindMeTutor\FindMeTutor\app\build\intermediates\classes\debug
java_class_path (initial): C:\Users\Jadon\AppData\Local\Android\sdk\build-tools\24.0.1\lib\dx.jar
Launcher Type: SUN_STANDARD

Environment Variables:
PATH=C:\ProgramData\Oracle\Java\javapath;C:\Program Files (x86)\AMD APP\bin\x86_64;C:\Program Files (x86)\AMD APP\bin\x86;C:\Program Files (x86)\Intel\iCLS Client\;C:\Program Files\Intel\iCLS Client\;C:\WINDOWS\system32;C:\WINDOWS;C:\WINDOWS\System32\Wbem;C:\WINDOWS\System32\WindowsPowerShell\v1.0\;C:\Program Files\Intel\WiFi\bin\;C:\Program Files\Common Files\Intel\WirelessCommon\;C:\Program Files\Intel\Intel(R) Management Engine Components\DAL;C:\Program Files\Intel\Intel(R) Management Engine Components\IPT;C:\Program Files (x86)\Intel\Intel(R) Management Engine Components\DAL;C:\Program Files (x86)\Intel\Intel(R) Management Engine Components\IPT;C:\Program Files (x86)\ATI Technologies\ATI.ACE\Core-Static;C:\Program Files (x86)\Intel\OpenCL SDK\2.0\bin\x86;C:\Program Files (x86)\Intel\OpenCL SDK\2.0\bin\x64;C:\Program Files (x86)\QuickTime\QTSystem\;C:\Program Files\MATLAB\R2013b\runtime\win64;C:\Program Files\MATLAB\R2013b\bin;C:\WINDOWS\system32\config\systemprofile\.dnx\bin;C:\Program Files\Microsoft DNX\Dnvm\;C:\Program Files\Microsoft SQL Server\130\Tools\Binn\;C:\Program Files (x86)\Windows Kits\8.1\Windows Performance Toolkit\;C:\Program Files\MiKTeX 2.9\miktex\bin\x64\;C:\Program Files (x86)\MiKTeX 2.9\miktex\bin\;C:\Program Files (x86)\Graphviz2.38\bin;C:\Program Files\doxygen\bin;C:\Program Files\Git\cmd;C:\Program Files (x86)\OpenVPN\bin;C:\Users\Jadon\AppData\Local\Programs\Python\Python35\Scripts\;C:\Users\Jadon\AppData\Local\Programs\Python\Python35\;C:\Program Files\Intel\WiFi\bin\;C:\Program Files\Common Files\Intel\WirelessCommon\
USERNAME=Jadon
OS=Windows_NT
PROCESSOR_IDENTIFIER=Intel64 Family 6 Model 58 Stepping 9, GenuineIntel



---------------  S Y S T E M  ---------------

OS: Windows 8.1 , 64 bit Build 9600 

CPU:total 4 (2 cores per cpu, 2 threads per core) family 6 model 58 stepping 9, cmov, cx8, fxsr, mmx, sse, sse2, sse3, ssse3, sse4.1, sse4.2, popcnt, avx, aes, clmul, erms, ht, tsc, tscinvbit, tscinv

Memory: 4k page, physical 8267032k(1217664k free), swap 10217752k(4k free)

vm_info: Java HotSpot(TM) 64-Bit Server VM (25.20-b23) for windows-amd64 JRE (1.8.0_20-b26), built on Jul 30 2014 13:51:23 by "java_re" with MS VC++ 10.0 (VS2010)

time: Wed Aug 10 17:13:37 2016
elapsed time: 2 seconds (0d 0h 0m 2s)

