#
# There is insufficient memory for the Java Runtime Environment to continue.
# Native memory allocation (malloc) failed to allocate 32744 bytes for ChunkPool::allocate
# Possible reasons:
#   The system is out of physical RAM or swap space
#   In 32 bit mode, the process size limit was hit
# Possible solutions:
#   Reduce memory load on the system
#   Increase physical memory or swap space
#   Check if swap backing store is full
#   Use 64 bit Java on a 64 bit OS
#   Decrease Java heap size (-Xmx/-Xms)
#   Decrease number of Java threads
#   Decrease Java thread stack sizes (-Xss)
#   Set larger code cache with -XX:ReservedCodeCacheSize=
# This output file may be truncated or incomplete.
#
#  Out of Memory Error (allocation.cpp:273), pid=14132, tid=7128
#
# JRE version: Java(TM) SE Runtime Environment (8.0_20-b26) (build 1.8.0_20-b26)
# Java VM: Java HotSpot(TM) 64-Bit Server VM (25.20-b23 mixed mode windows-amd64 compressed oops)
# Failed to write core dump. Minidumps are not enabled by default on client versions of Windows
#

---------------  T H R E A D  ---------------

Current thread (0x00000000149d4000):  JavaThread "C1 CompilerThread2" daemon [_thread_in_native, id=7128, stack(0x00000000160e0000,0x00000000161e0000)]

Stack: [0x00000000160e0000,0x00000000161e0000]
Native frames: (J=compiled Java code, j=interpreted, Vv=VM code, C=native code)
V  [jvm.dll+0x3152fa]
V  [jvm.dll+0x265d03]
V  [jvm.dll+0x266943]
V  [jvm.dll+0x25e265]
V  [jvm.dll+0xbdfb1]
V  [jvm.dll+0xbe6fc]
V  [jvm.dll+0x40937b]
V  [jvm.dll+0x40b51c]
V  [jvm.dll+0x40ce1d]
V  [jvm.dll+0x40d264]
V  [jvm.dll+0x3ebe90]
V  [jvm.dll+0x3ec260]
V  [jvm.dll+0x3ec392]
V  [jvm.dll+0x3ec55e]
V  [jvm.dll+0x3ec75f]
V  [jvm.dll+0x97b62]
V  [jvm.dll+0x98353]
V  [jvm.dll+0x22aac4]
V  [jvm.dll+0x283f5a]
C  [msvcr100.dll+0x21d9f]
C  [msvcr100.dll+0x21e3b]
C  [KERNEL32.DLL+0x18102]
C  [ntdll.dll+0x5c5b4]


Current CompileTask:
C1:   1812  351   !   3       com.android.dx.cf.code.BytecodeArray::parseInstruction (2764 bytes)


---------------  P R O C E S S  ---------------

Java Threads: ( => current thread )
  0x0000000016649000 JavaThread "pool-1-thread-4" [_thread_blocked, id=8336, stack(0x0000000016be0000,0x0000000016ce0000)]
  0x0000000016647800 JavaThread "pool-1-thread-3" [_thread_in_Java, id=13816, stack(0x0000000016ae0000,0x0000000016be0000)]
  0x000000001652c000 JavaThread "pool-1-thread-2" [_thread_blocked, id=3440, stack(0x00000000169e0000,0x0000000016ae0000)]
  0x000000001652a800 JavaThread "pool-2-thread-1" [_thread_blocked, id=10568, stack(0x00000000168e0000,0x00000000169e0000)]
  0x0000000016528000 JavaThread "pool-1-thread-1" [_thread_in_Java, id=10748, stack(0x00000000167e0000,0x00000000168e0000)]
  0x00000000149db000 JavaThread "Service Thread" daemon [_thread_blocked, id=10244, stack(0x00000000161e0000,0x00000000162e0000)]
=>0x00000000149d4000 JavaThread "C1 CompilerThread2" daemon [_thread_in_native, id=7128, stack(0x00000000160e0000,0x00000000161e0000)]
  0x00000000149d1000 JavaThread "C2 CompilerThread1" daemon [_thread_in_native, id=5188, stack(0x0000000015fe0000,0x00000000160e0000)]
  0x000000001497d800 JavaThread "C2 CompilerThread0" daemon [_thread_blocked, id=10480, stack(0x0000000015ee0000,0x0000000015fe0000)]
  0x000000001497b800 JavaThread "Attach Listener" daemon [_thread_blocked, id=13412, stack(0x0000000015de0000,0x0000000015ee0000)]
  0x000000001497a000 JavaThread "Signal Dispatcher" daemon [_thread_blocked, id=11116, stack(0x0000000015ce0000,0x0000000015de0000)]
  0x000000000229f000 JavaThread "Finalizer" daemon [_thread_blocked, id=14732, stack(0x0000000015be0000,0x0000000015ce0000)]
  0x0000000014948000 JavaThread "Reference Handler" daemon [_thread_blocked, id=8308, stack(0x0000000015ae0000,0x0000000015be0000)]
  0x0000000001ebd800 JavaThread "main" [_thread_in_Java, id=14168, stack(0x0000000001fb0000,0x00000000020b0000)]

Other Threads:
  0x0000000014946000 VMThread [stack: 0x00000000159e0000,0x0000000015ae0000] [id=324]
  0x00000000149de000 WatcherThread [stack: 0x00000000162e0000,0x00000000163e0000] [id=4764]

VM state:not at safepoint (normal execution)

VM Mutex/Monitor currently owned by a thread: None

Heap:
 PSYoungGen      total 38400K, used 15385K [0x00000000eab00000, 0x00000000ed580000, 0x0000000100000000)
  eden space 33280K, 46% used [0x00000000eab00000,0x00000000eba06608,0x00000000ecb80000)
  from space 5120K, 0% used [0x00000000ed080000,0x00000000ed080000,0x00000000ed580000)
  to   space 5120K, 0% used [0x00000000ecb80000,0x00000000ecb80000,0x00000000ed080000)
 ParOldGen       total 87552K, used 0K [0x00000000c0000000, 0x00000000c5580000, 0x00000000eab00000)
  object space 87552K, 0% used [0x00000000c0000000,0x00000000c0000000,0x00000000c5580000)
 Metaspace       used 5537K, capacity 6640K, committed 6784K, reserved 1056768K
  class space    used 587K, capacity 616K, committed 640K, reserved 1048576K

Card table byte_map: [0x0000000011670000,0x0000000011880000] byte_map_base: 0x0000000011070000

Marking Bits: (ParMarkBitMap*) 0x00000000546eb460
 Begin Bits: [0x0000000011de0000, 0x0000000012de0000)
 End Bits:   [0x0000000012de0000, 0x0000000013de0000)

Polling page: 0x00000000001f0000

CodeCache: size=245760Kb used=1889Kb max_used=1900Kb free=243870Kb
 bounds [0x00000000022b0000, 0x0000000002520000, 0x00000000112b0000]
 total_blobs=641 nmethods=377 adapters=178
 compilation: enabled

Compilation events (10 events):
Event: 1.448 Thread 0x00000000149d4000 nmethod 346 0x000000000247db50 code [0x000000000247dca0, 0x000000000247ddf0]
Event: 1.448 Thread 0x00000000149d4000  347       3       java.util.ArrayList$Itr::hasNext (20 bytes)
Event: 1.449 Thread 0x00000000149d4000 nmethod 347 0x0000000002480850 code [0x00000000024809c0, 0x0000000002480b90]
Event: 1.449 Thread 0x00000000149d4000  348       3       java.util.ArrayList$Itr::next (66 bytes)
Event: 1.449 Thread 0x00000000149d4000 nmethod 348 0x0000000002480c50 code [0x0000000002480e00, 0x00000000024812c8]
Event: 1.449 Thread 0x00000000149d4000  349       3       java.util.ArrayList$Itr::checkForComodification (23 bytes)
Event: 1.450 Thread 0x00000000149d4000 nmethod 349 0x0000000002481550 code [0x00000000024816c0, 0x00000000024818e8]
Event: 1.450 Thread 0x00000000149d4000  350       3       com.android.dx.rop.type.Type::hashCode (8 bytes)
Event: 1.450 Thread 0x00000000149d4000 nmethod 350 0x00000000024819d0 code [0x0000000002481b40, 0x0000000002481d48]
Event: 1.450 Thread 0x00000000149d4000  351   !   3       com.android.dx.cf.code.BytecodeArray::parseInstruction (2764 bytes)

GC Heap History (0 events):
No events

Deoptimization events (0 events):
No events

Internal exceptions (10 events):
Event: 1.426 Thread 0x0000000016528000 Exception <a 'java/security/PrivilegedActionException'> (0x00000000eb213098) thrown at [D:\re\workspace\8-2-build-windows-amd64-cygwin\jdk8u20\1074\hotspot\src\share\vm\prims\jvm.cpp, line 1275]
Event: 1.426 Thread 0x0000000016528000 Exception <a 'java/security/PrivilegedActionException'> (0x00000000eb214ef0) thrown at [D:\re\workspace\8-2-build-windows-amd64-cygwin\jdk8u20\1074\hotspot\src\share\vm\prims\jvm.cpp, line 1275]
Event: 1.427 Thread 0x0000000016528000 Exception <a 'java/security/PrivilegedActionException'> (0x00000000eb219f20) thrown at [D:\re\workspace\8-2-build-windows-amd64-cygwin\jdk8u20\1074\hotspot\src\share\vm\prims\jvm.cpp, line 1275]
Event: 1.429 Thread 0x0000000016528000 Exception <a 'java/security/PrivilegedActionException'> (0x00000000eb21f8b0) thrown at [D:\re\workspace\8-2-build-windows-amd64-cygwin\jdk8u20\1074\hotspot\src\share\vm\prims\jvm.cpp, line 1275]
Event: 1.429 Thread 0x0000000016528000 Exception <a 'java/security/PrivilegedActionException'> (0x00000000eb2230c0) thrown at [D:\re\workspace\8-2-build-windows-amd64-cygwin\jdk8u20\1074\hotspot\src\share\vm\prims\jvm.cpp, line 1275]
Event: 1.431 Thread 0x0000000016528000 Exception <a 'java/security/PrivilegedActionException'> (0x00000000eb233090) thrown at [D:\re\workspace\8-2-build-windows-amd64-cygwin\jdk8u20\1074\hotspot\src\share\vm\prims\jvm.cpp, line 1275]
Event: 1.433 Thread 0x0000000016528000 Exception <a 'java/security/PrivilegedActionException'> (0x00000000eb236a40) thrown at [D:\re\workspace\8-2-build-windows-amd64-cygwin\jdk8u20\1074\hotspot\src\share\vm\prims\jvm.cpp, line 1275]
Event: 1.434 Thread 0x0000000016528000 Exception <a 'java/security/PrivilegedActionException'> (0x00000000eb388cd8) thrown at [D:\re\workspace\8-2-build-windows-amd64-cygwin\jdk8u20\1074\hotspot\src\share\vm\prims\jvm.cpp, line 1275]
Event: 1.435 Thread 0x0000000016528000 Exception <a 'java/security/PrivilegedActionException'> (0x00000000eb38dcb0) thrown at [D:\re\workspace\8-2-build-windows-amd64-cygwin\jdk8u20\1074\hotspot\src\share\vm\prims\jvm.cpp, line 1275]
Event: 1.438 Thread 0x0000000016528000 Exception <a 'java/security/PrivilegedActionException'> (0x00000000eb393a20) thrown at [D:\re\workspace\8-2-build-windows-amd64-cygwin\jdk8u20\1074\hotspot\src\share\vm\prims\jvm.cpp, line 1275]

Events (10 events):
Event: 1.432 loading class java/lang/CloneNotSupportedException
Event: 1.432 loading class java/lang/CloneNotSupportedException done
Event: 1.433 loading class com/android/dx/ssa/LocalVariableExtractor
Event: 1.433 loading class com/android/dx/ssa/LocalVariableExtractor done
Event: 1.434 loading class com/android/dx/ssa/LocalVariableInfo
Event: 1.434 loading class com/android/dx/ssa/LocalVariableInfo done
Event: 1.435 loading class com/android/dx/rop/code/RegisterSpecSet
Event: 1.435 loading class com/android/dx/rop/code/RegisterSpecSet done
Event: 1.438 loading class com/android/dx/ssa/DomFront
Event: 1.438 loading class com/android/dx/ssa/DomFront done


Dynamic libraries:
0x00007ff668390000 - 0x00007ff6683c4000 	C:\Program Files\Java\jdk1.8.0_20\bin\java.exe
0x00007ff87a1c0000 - 0x00007ff87a381000 	C:\WINDOWS\SYSTEM32\ntdll.dll
0x00007ff878700000 - 0x00007ff8787ad000 	C:\WINDOWS\system32\KERNEL32.DLL
0x00007ff877160000 - 0x00007ff877348000 	C:\WINDOWS\system32\KERNELBASE.dll
0x00007ff877c00000 - 0x00007ff877ca7000 	C:\WINDOWS\system32\ADVAPI32.dll
0x00007ff8787b0000 - 0x00007ff87884d000 	C:\WINDOWS\system32\msvcrt.dll
0x00007ff878540000 - 0x00007ff87859b000 	C:\WINDOWS\system32\sechost.dll
0x00007ff877990000 - 0x00007ff877aac000 	C:\WINDOWS\system32\RPCRT4.dll
0x00007ff8785a0000 - 0x00007ff8786f6000 	C:\WINDOWS\system32\USER32.dll
0x00007ff87a020000 - 0x00007ff87a1a6000 	C:\WINDOWS\system32\GDI32.dll
0x00007ff869f30000 - 0x00007ff86a1a4000 	C:\WINDOWS\WinSxS\amd64_microsoft.windows.common-controls_6595b64144ccf1df_6.0.10586.0_none_8c15ae12515e1c22\COMCTL32.dll
0x00007ff877610000 - 0x00007ff87788d000 	C:\WINDOWS\system32\combase.dll
0x00007ff877400000 - 0x00007ff87746a000 	C:\WINDOWS\system32\bcryptPrimitives.dll
0x00007ff877e30000 - 0x00007ff877e6b000 	C:\WINDOWS\system32\IMM32.DLL
0x0000000054770000 - 0x0000000054842000 	C:\Program Files\Java\jdk1.8.0_20\jre\bin\msvcr100.dll
0x0000000053f10000 - 0x0000000054768000 	C:\Program Files\Java\jdk1.8.0_20\jre\bin\server\jvm.dll
0x00007ff877980000 - 0x00007ff877988000 	C:\WINDOWS\system32\PSAPI.DLL
0x00007ff86c970000 - 0x00007ff86c979000 	C:\WINDOWS\SYSTEM32\WSOCK32.dll
0x00007ff8775a0000 - 0x00007ff87760b000 	C:\WINDOWS\system32\WS2_32.dll
0x00007ff874fb0000 - 0x00007ff874fd3000 	C:\WINDOWS\SYSTEM32\WINMM.dll
0x00007ff874f50000 - 0x00007ff874f7c000 	C:\WINDOWS\SYSTEM32\WINMMBASE.dll
0x00007ff877490000 - 0x00007ff8774d3000 	C:\WINDOWS\system32\cfgmgr32.dll
0x0000000053f00000 - 0x0000000053f0f000 	C:\Program Files\Java\jdk1.8.0_20\jre\bin\verify.dll
0x0000000053ed0000 - 0x0000000053ef8000 	C:\Program Files\Java\jdk1.8.0_20\jre\bin\java.dll
0x0000000053eb0000 - 0x0000000053ec6000 	C:\Program Files\Java\jdk1.8.0_20\jre\bin\zip.dll
0x00007ff878900000 - 0x00007ff879e5c000 	C:\WINDOWS\system32\SHELL32.dll
0x00007ff876ab0000 - 0x00007ff8770f5000 	C:\WINDOWS\system32\windows.storage.dll
0x00007ff877fe0000 - 0x00007ff878032000 	C:\WINDOWS\system32\shlwapi.dll
0x00007ff876840000 - 0x00007ff87684f000 	C:\WINDOWS\system32\kernel.appcore.dll
0x00007ff8774e0000 - 0x00007ff877595000 	C:\WINDOWS\system32\shcore.dll
0x00007ff8767f0000 - 0x00007ff87683b000 	C:\WINDOWS\system32\powrprof.dll
0x00007ff8767c0000 - 0x00007ff8767d4000 	C:\WINDOWS\system32\profapi.dll
0x00007ff86ba30000 - 0x00007ff86bbbc000 	C:\WINDOWS\SYSTEM32\dbghelp.dll

VM Arguments:
jvm_args: -Djava.awt.headless=true -Xmx1024M -Dfile.encoding=windows-1252 -Duser.country=US -Duser.language=en -Duser.variant 
java_command: com.android.dx.command.Main --dex --num-threads=4 --output C:\Users\admin\Documents\GitHub\SoftwareDesign\FindMeTutor\FindMeTutor\app\build\intermediates\pre-dexed\debug\com.android.support-support-vector-drawable-24.1.1_7441cdc73e7561cea6c050ff67b082bc723ec8e9.jar C:\Users\admin\Documents\GitHub\SoftwareDesign\FindMeTutor\FindMeTutor\app\build\intermediates\exploded-aar\com.android.support\support-vector-drawable\24.1.1\jars\classes.jar
java_class_path (initial): C:\Users\admin\AppData\Local\Android\sdk\build-tools\24.0.1\lib\dx.jar
Launcher Type: SUN_STANDARD

Environment Variables:
PATH=C:\ProgramData\Oracle\Java\javapath;C:\Program Files (x86)\Intel\iCLS Client\;C:\Program Files\Intel\iCLS Client\;C:\WINDOWS\system32;C:\WINDOWS;C:\WINDOWS\System32\Wbem;C:\WINDOWS\System32\WindowsPowerShell\v1.0\;C:\Program Files\Intel\Intel(R) Management Engine Components\DAL;C:\Program Files\Intel\Intel(R) Management Engine Components\IPT;C:\Program Files (x86)\Intel\Intel(R) Management Engine Components\DAL;C:\Program Files (x86)\Intel\Intel(R) Management Engine Components\IPT;C:\Program Files\WIDCOMM\Bluetooth Software\;C:\Program Files\WIDCOMM\Bluetooth Software\syswow64;C:\Program Files (x86)\Intel\OpenCL SDK\2.0\bin\x86;C:\Program Files (x86)\Intel\OpenCL SDK\2.0\bin\x64;C:\Program Files\Intel\WiFi\bin\;C:\Program Files\Common Files\Intel\WirelessCommon\;c:\Program Files (x86)\Microsoft SQL Server\100\Tools\Binn\;c:\Program Files\Microsoft SQL Server\100\Tools\Binn\;c:\Program Files\Microsoft SQL Server\100\DTS\Binn\;C:\Program Files (x86)\MySQL\MySQL Fabric 1.5.4 & MySQL Utilities 1.5.4 1.5\;C:\Program Files (x86)\MySQL\MySQL Fabric 1.5.4 & MySQL Utilities 1.5.4 1.5\Doctrine extensions for PHP\;C:\Program Files (x86)\Borland\Delphi7\Bin;C:\Program Files (x86)\Borland\Delphi7\Projects\Bpl;C:\Program Files (x86)\Borland\Delphi7\Rave5;C:\Program Files\Git\cmd;C:\Program Files\Intel\WiFi\bin\;C:\Program Files\Common Files\Intel\WirelessCommon\
USERNAME=admin
OS=Windows_NT
PROCESSOR_IDENTIFIER=Intel64 Family 6 Model 58 Stepping 9, GenuineIntel



---------------  S Y S T E M  ---------------

OS: Windows 8.1 , 64 bit Build 9600 

CPU:total 4 (2 cores per cpu, 2 threads per core) family 6 model 58 stepping 9, cmov, cx8, fxsr, mmx, sse, sse2, sse3, ssse3, sse4.1, sse4.2, popcnt, avx, aes, clmul, erms, ht, tsc, tscinvbit, tscinv

Memory: 4k page, physical 8258576k(2583624k free), swap 10306576k(834696k free)

vm_info: Java HotSpot(TM) 64-Bit Server VM (25.20-b23) for windows-amd64 JRE (1.8.0_20-b26), built on Jul 30 2014 13:51:23 by "java_re" with MS VC++ 10.0 (VS2010)

time: Tue Sep 06 22:15:44 2016
elapsed time: 1 seconds (0d 0h 0m 1s)

