#
# There is insufficient memory for the Java Runtime Environment to continue.
# Native memory allocation (malloc) failed to allocate 515344 bytes for Chunk::new
# Possible reasons:
#   The system is out of physical RAM or swap space
#   In 32 bit mode, the process size limit was hit
# Possible solutions:
#   Reduce memory load on the system
#   Increase physical memory or swap space
#   Check if swap backing store is full
#   Use 64 bit Java on a 64 bit OS
#   Decrease Java heap size (-Xmx/-Xms)
#   Decrease number of Java threads
#   Decrease Java thread stack sizes (-Xss)
#   Set larger code cache with -XX:ReservedCodeCacheSize=
# This output file may be truncated or incomplete.
#
#  Out of Memory Error (allocation.cpp:390), pid=14128, tid=7632
#
# JRE version: Java(TM) SE Runtime Environment (8.0_20-b26) (build 1.8.0_20-b26)
# Java VM: Java HotSpot(TM) 64-Bit Server VM (25.20-b23 mixed mode windows-amd64 compressed oops)
# Failed to write core dump. Minidumps are not enabled by default on client versions of Windows
#

---------------  T H R E A D  ---------------

Current thread (0x000000001535d800):  JavaThread "C2 CompilerThread0" daemon [_thread_in_native, id=7632, stack(0x00000000168e0000,0x00000000169e0000)]

Stack: [0x00000000168e0000,0x00000000169e0000]
Native frames: (J=compiled Java code, j=interpreted, Vv=VM code, C=native code)
V  [jvm.dll+0x3152fa]


Current CompileTask:
C2:   4085 1530       4       com.android.dx.ssa.SCCP::simulatePhi (169 bytes)


---------------  P R O C E S S  ---------------

Java Threads: ( => current thread )
  0x000000001701a000 JavaThread "pool-1-thread-4" [_thread_blocked, id=10372, stack(0x00000000175e0000,0x00000000176e0000)]
  0x0000000017019000 JavaThread "pool-1-thread-3" [_thread_in_Java, id=11016, stack(0x00000000174e0000,0x00000000175e0000)]
  0x0000000017018800 JavaThread "pool-1-thread-2" [_thread_blocked, id=5524, stack(0x00000000173e0000,0x00000000174e0000)]
  0x0000000016f5b800 JavaThread "pool-2-thread-1" [_thread_blocked, id=14776, stack(0x00000000172e0000,0x00000000173e0000)]
  0x0000000016f53800 JavaThread "pool-1-thread-1" [_thread_blocked, id=10728, stack(0x00000000171e0000,0x00000000172e0000)]
  0x00000000153bb000 JavaThread "Service Thread" daemon [_thread_blocked, id=14796, stack(0x0000000016be0000,0x0000000016ce0000)]
  0x00000000153b4000 JavaThread "C1 CompilerThread2" daemon [_thread_blocked, id=6004, stack(0x0000000016ae0000,0x0000000016be0000)]
  0x0000000015360000 JavaThread "C2 CompilerThread1" daemon [_thread_in_native, id=14076, stack(0x00000000169e0000,0x0000000016ae0000)]
=>0x000000001535d800 JavaThread "C2 CompilerThread0" daemon [_thread_in_native, id=7632, stack(0x00000000168e0000,0x00000000169e0000)]
  0x000000001535b800 JavaThread "Attach Listener" daemon [_thread_blocked, id=15312, stack(0x00000000167e0000,0x00000000168e0000)]
  0x000000001535a800 JavaThread "Signal Dispatcher" daemon [_thread_blocked, id=1592, stack(0x00000000166e0000,0x00000000167e0000)]
  0x0000000002bef000 JavaThread "Finalizer" daemon [_thread_blocked, id=15168, stack(0x00000000165e0000,0x00000000166e0000)]
  0x0000000015328000 JavaThread "Reference Handler" daemon [_thread_blocked, id=9604, stack(0x00000000164e0000,0x00000000165e0000)]
  0x0000000002c8d800 JavaThread "main" [_thread_in_Java, id=13392, stack(0x0000000002980000,0x0000000002a80000)]

Other Threads:
  0x0000000015326000 VMThread [stack: 0x00000000163e0000,0x00000000164e0000] [id=11764]
  0x00000000153be000 WatcherThread [stack: 0x0000000016ce0000,0x0000000016de0000] [id=1496]

VM state:not at safepoint (normal execution)

VM Mutex/Monitor currently owned by a thread:  ([mutex/lock_event])
[0x0000000002c8d230] Heap_lock - owner thread: 0x0000000016f53800

Heap:
 PSYoungGen      total 71680K, used 6363K [0x00000000eab00000, 0x00000000ef600000, 0x0000000100000000)
  eden space 66560K, 1% used [0x00000000eab00000,0x00000000eac3a2e0,0x00000000eec00000)
  from space 5120K, 99% used [0x00000000ef100000,0x00000000ef5fcad0,0x00000000ef600000)
  to   space 5120K, 0% used [0x00000000eec00000,0x00000000eec00000,0x00000000ef100000)
 ParOldGen       total 87552K, used 6327K [0x00000000c0000000, 0x00000000c5580000, 0x00000000eab00000)
  object space 87552K, 7% used [0x00000000c0000000,0x00000000c062dd78,0x00000000c5580000)
 Metaspace       used 6137K, capacity 7088K, committed 7296K, reserved 1056768K
  class space    used 593K, capacity 616K, committed 640K, reserved 1048576K

Card table byte_map: [0x0000000012050000,0x0000000012260000] byte_map_base: 0x0000000011a50000

Marking Bits: (ParMarkBitMap*) 0x000000006451b460
 Begin Bits: [0x00000000127c0000, 0x00000000137c0000)
 End Bits:   [0x00000000137c0000, 0x00000000147c0000)

Polling page: 0x0000000001190000

CodeCache: size=245760Kb used=6567Kb max_used=6567Kb free=239192Kb
 bounds [0x0000000002c90000, 0x0000000003300000, 0x0000000011c90000]
 total_blobs=1824 nmethods=1559 adapters=179
 compilation: enabled

Compilation events (10 events):
Event: 3.829 Thread 0x00000000153b4000 1574       3       com.android.dx.cf.code.BasicBlocker::<init> (79 bytes)
Event: 3.829 Thread 0x00000000153b4000 nmethod 1574 0x00000000032f8cd0 code [0x00000000032f8e80, 0x00000000032f9848]
Event: 3.829 Thread 0x00000000153b4000 1575   !   3       com.android.dx.cf.code.BasicBlocker::doit (156 bytes)
Event: 3.831 Thread 0x00000000153b4000 nmethod 1575 0x00000000032f9bd0 code [0x00000000032f9e60, 0x00000000032fb1b8]
Event: 3.832 Thread 0x00000000153b4000 1576       3       com.android.dx.cf.code.RopperMachine::<init> (134 bytes)
Event: 3.833 Thread 0x00000000153b4000 nmethod 1576 0x00000000032fbed0 code [0x00000000032fc0c0, 0x00000000032fc9f8]
Event: 3.833 Thread 0x00000000153b4000 1577       3       com.android.dx.cf.code.Simulator::<init> (66 bytes)
Event: 3.833 Thread 0x00000000153b4000 nmethod 1577 0x00000000032fcd50 code [0x00000000032fcf00, 0x00000000032fd618]
Event: 3.838 Thread 0x00000000153b4000 1580       3       com.android.dx.cf.code.ByteCatchList$Item::covers (22 bytes)
Event: 3.839 Thread 0x00000000153b4000 nmethod 1580 0x00000000032fd890 code [0x00000000032fd9e0, 0x00000000032fdbd0]

GC Heap History (4 events):
Event: 2.198 GC heap before
{Heap before GC invocations=1 (full 0):
 PSYoungGen      total 38400K, used 33280K [0x00000000eab00000, 0x00000000ed580000, 0x0000000100000000)
  eden space 33280K, 100% used [0x00000000eab00000,0x00000000ecb80000,0x00000000ecb80000)
  from space 5120K, 0% used [0x00000000ed080000,0x00000000ed080000,0x00000000ed580000)
  to   space 5120K, 0% used [0x00000000ecb80000,0x00000000ecb80000,0x00000000ed080000)
 ParOldGen       total 87552K, used 0K [0x00000000c0000000, 0x00000000c5580000, 0x00000000eab00000)
  object space 87552K, 0% used [0x00000000c0000000,0x00000000c0000000,0x00000000c5580000)
 Metaspace       used 5942K, capacity 6960K, committed 7040K, reserved 1056768K
  class space    used 593K, capacity 616K, committed 640K, reserved 1048576K
Event: 2.259 GC heap after
Heap after GC invocations=1 (full 0):
 PSYoungGen      total 38400K, used 5097K [0x00000000eab00000, 0x00000000ef600000, 0x0000000100000000)
  eden space 33280K, 0% used [0x00000000eab00000,0x00000000eab00000,0x00000000ecb80000)
  from space 5120K, 99% used [0x00000000ecb80000,0x00000000ed07a540,0x00000000ed080000)
  to   space 5120K, 0% used [0x00000000ef100000,0x00000000ef100000,0x00000000ef600000)
 ParOldGen       total 87552K, used 2090K [0x00000000c0000000, 0x00000000c5580000, 0x00000000eab00000)
  object space 87552K, 2% used [0x00000000c0000000,0x00000000c020abb8,0x00000000c5580000)
 Metaspace       used 5942K, capacity 6960K, committed 7040K, reserved 1056768K
  class space    used 593K, capacity 616K, committed 640K, reserved 1048576K
}
Event: 3.963 GC heap before
{Heap before GC invocations=2 (full 0):
 PSYoungGen      total 38400K, used 38377K [0x00000000eab00000, 0x00000000ef600000, 0x0000000100000000)
  eden space 33280K, 100% used [0x00000000eab00000,0x00000000ecb80000,0x00000000ecb80000)
  from space 5120K, 99% used [0x00000000ecb80000,0x00000000ed07a540,0x00000000ed080000)
  to   space 5120K, 0% used [0x00000000ef100000,0x00000000ef100000,0x00000000ef600000)
 ParOldGen       total 87552K, used 2090K [0x00000000c0000000, 0x00000000c5580000, 0x00000000eab00000)
  object space 87552K, 2% used [0x00000000c0000000,0x00000000c020abb8,0x00000000c5580000)
 Metaspace       used 6137K, capacity 7088K, committed 7296K, reserved 1056768K
  class space    used 593K, capacity 616K, committed 640K, reserved 1048576K
Event: 4.079 GC heap after
Heap after GC invocations=2 (full 0):
 PSYoungGen      total 71680K, used 5106K [0x00000000eab00000, 0x00000000ef600000, 0x0000000100000000)
  eden space 66560K, 0% used [0x00000000eab00000,0x00000000eab00000,0x00000000eec00000)
  from space 5120K, 99% used [0x00000000ef100000,0x00000000ef5fcad0,0x00000000ef600000)
  to   space 5120K, 0% used [0x00000000eec00000,0x00000000eec00000,0x00000000ef100000)
 ParOldGen       total 87552K, used 6327K [0x00000000c0000000, 0x00000000c5580000, 0x00000000eab00000)
  object space 87552K, 7% used [0x00000000c0000000,0x00000000c062dd78,0x00000000c5580000)
 Metaspace       used 6137K, capacity 7088K, committed 7296K, reserved 1056768K
  class space    used 593K, capacity 616K, committed 640K, reserved 1048576K
}

Deoptimization events (10 events):
Event: 1.443 Thread 0x0000000002c8d800 Uncommon trap: reason=class_check action=maybe_recompile pc=0x0000000002fa9e64 method=com.android.dx.ssa.NormalSsaInsn.accept(Lcom/android/dx/ssa/SsaInsn$Visitor;)V @ 9
Event: 1.443 Thread 0x0000000002c8d800 Uncommon trap: reason=class_check action=maybe_recompile pc=0x0000000002f1d8b0 method=com.android.dx.ssa.NormalSsaInsn.accept(Lcom/android/dx/ssa/SsaInsn$Visitor;)V @ 9
Event: 1.443 Thread 0x0000000002c8d800 Uncommon trap: reason=class_check action=maybe_recompile pc=0x0000000002f1d8b0 method=com.android.dx.ssa.NormalSsaInsn.accept(Lcom/android/dx/ssa/SsaInsn$Visitor;)V @ 9
Event: 1.443 Thread 0x0000000002c8d800 Uncommon trap: reason=class_check action=maybe_recompile pc=0x0000000002f1d8b0 method=com.android.dx.ssa.NormalSsaInsn.accept(Lcom/android/dx/ssa/SsaInsn$Visitor;)V @ 9
Event: 1.445 Thread 0x0000000002c8d800 Uncommon trap: reason=class_check action=maybe_recompile pc=0x0000000002fa9e64 method=com.android.dx.ssa.NormalSsaInsn.accept(Lcom/android/dx/ssa/SsaInsn$Visitor;)V @ 9
Event: 1.883 Thread 0x0000000002c8d800 Uncommon trap: reason=unloaded action=reinterpret pc=0x0000000002f9d598 method=com.android.dx.cf.cst.ConstantPoolParser.parse0(ILjava/util/BitSet;)Lcom/android/dx/rop/cst/Constant; @ 176
Event: 3.045 Thread 0x0000000017018800 Uncommon trap: reason=unreached action=reinterpret pc=0x0000000002f5b5dc method=com.android.dx.rop.cst.Constant.compareTo(Lcom/android/dx/rop/cst/Constant;)I @ 12
Event: 3.074 Thread 0x0000000017018800 Uncommon trap: reason=unreached action=reinterpret pc=0x000000000325a958 method=com.android.dx.cf.code.BaseMachine.getLocalTarget(Z)Lcom/android/dx/rop/code/RegisterSpec; @ 131
Event: 3.083 Thread 0x0000000017018800 Uncommon trap: reason=null_check action=make_not_entrant pc=0x00000000030a83f0 method=com.android.dx.ssa.SsaRenamer.getLocalForNewReg(I)Lcom/android/dx/rop/code/LocalItem; @ 19
Event: 4.081 Thread 0x0000000017019000 Uncommon trap: reason=bimorphic action=maybe_recompile pc=0x0000000002edcd8c method=java.util.HashMap.getNode(ILjava/lang/Object;)Ljava/util/HashMap$Node; @ 126

Internal exceptions (10 events):
Event: 1.013 Thread 0x0000000017019000 Exception <a 'java/security/PrivilegedActionException'> (0x00000000eb487b08) thrown at [D:\re\workspace\8-2-build-windows-amd64-cygwin\jdk8u20\1074\hotspot\src\share\vm\prims\jvm.cpp, line 1275]
Event: 1.029 Thread 0x0000000016f53800 Exception <a 'java/security/PrivilegedActionException'> (0x00000000eb0e3f48) thrown at [D:\re\workspace\8-2-build-windows-amd64-cygwin\jdk8u20\1074\hotspot\src\share\vm\prims\jvm.cpp, line 1275]
Event: 1.029 Thread 0x0000000017018800 Exception <a 'java/security/PrivilegedActionException'> (0x00000000eb33a018) thrown at [D:\re\workspace\8-2-build-windows-amd64-cygwin\jdk8u20\1074\hotspot\src\share\vm\prims\jvm.cpp, line 1275]
Event: 1.201 Thread 0x0000000017018800 Exception <a 'java/security/PrivilegedActionException'> (0x00000000ebb02470) thrown at [D:\re\workspace\8-2-build-windows-amd64-cygwin\jdk8u20\1074\hotspot\src\share\vm\prims\jvm.cpp, line 1275]
Event: 1.208 Thread 0x0000000002c8d800 Exception <a 'java/security/PrivilegedActionException'> (0x00000000ebae3d10) thrown at [D:\re\workspace\8-2-build-windows-amd64-cygwin\jdk8u20\1074\hotspot\src\share\vm\prims\jvm.cpp, line 1275]
Event: 1.359 Thread 0x0000000017019000 Exception <a 'java/security/PrivilegedActionException'> (0x00000000eb928010) thrown at [D:\re\workspace\8-2-build-windows-amd64-cygwin\jdk8u20\1074\hotspot\src\share\vm\prims\jvm.cpp, line 1275]
Event: 1.374 Thread 0x000000001701a000 Exception <a 'java/security/PrivilegedActionException'> (0x00000000eb87ec00) thrown at [D:\re\workspace\8-2-build-windows-amd64-cygwin\jdk8u20\1074\hotspot\src\share\vm\prims\jvm.cpp, line 1275]
Event: 1.392 Thread 0x000000001701a000 Exception <a 'java/security/PrivilegedActionException'> (0x00000000eb8845f0) thrown at [D:\re\workspace\8-2-build-windows-amd64-cygwin\jdk8u20\1074\hotspot\src\share\vm\prims\jvm.cpp, line 1275]
Event: 1.393 Thread 0x000000001701a000 Exception <a 'java/security/PrivilegedActionException'> (0x00000000eb889c98) thrown at [D:\re\workspace\8-2-build-windows-amd64-cygwin\jdk8u20\1074\hotspot\src\share\vm\prims\jvm.cpp, line 1275]
Event: 3.083 Thread 0x0000000017018800 Implicit null exception at 0x00000000030a7093 to 0x00000000030a83b5

Events (10 events):
Event: 3.074 Thread 0x0000000017018800 Uncommon trap: trap_request=0xffffffad fr.pc=0x000000000325a958
Event: 3.074 Thread 0x0000000017018800 DEOPT PACKING pc=0x000000000325a958 sp=0x00000000174de000
Event: 3.074 Thread 0x0000000017018800 DEOPT UNPACKING pc=0x0000000002cd556a sp=0x00000000174dded0 mode 2
Event: 3.083 Thread 0x0000000017018800 Uncommon trap: trap_request=0xfffffff4 fr.pc=0x00000000030a83f0
Event: 3.083 Thread 0x0000000017018800 DEOPT PACKING pc=0x00000000030a83f0 sp=0x00000000174de760
Event: 3.083 Thread 0x0000000017018800 DEOPT UNPACKING pc=0x0000000002cd556a sp=0x00000000174de5b8 mode 2
Event: 3.839 Executing VM operation: ParallelGCFailedAllocation
Event: 4.079 Executing VM operation: ParallelGCFailedAllocation done
Event: 4.081 Thread 0x0000000017019000 Uncommon trap: trap_request=0xffffffc6 fr.pc=0x0000000002edcd8c
Event: 4.081 Thread 0x0000000017019000 DEOPT PACKING pc=0x0000000002edcd8c sp=0x00000000175de900


Dynamic libraries:
0x00007ff79b830000 - 0x00007ff79b864000 	C:\Program Files\Java\jdk1.8.0_20\bin\java.exe
0x00007ffc6b1c0000 - 0x00007ffc6b381000 	C:\WINDOWS\SYSTEM32\ntdll.dll
0x00007ffc68920000 - 0x00007ffc689cd000 	C:\WINDOWS\system32\KERNEL32.DLL
0x00007ffc67a70000 - 0x00007ffc67c58000 	C:\WINDOWS\system32\KERNELBASE.dll
0x00007ffc6b110000 - 0x00007ffc6b1b7000 	C:\WINDOWS\system32\ADVAPI32.dll
0x00007ffc6af30000 - 0x00007ffc6afcd000 	C:\WINDOWS\system32\msvcrt.dll
0x00007ffc6b040000 - 0x00007ffc6b09b000 	C:\WINDOWS\system32\sechost.dll
0x00007ffc689d0000 - 0x00007ffc68aec000 	C:\WINDOWS\system32\RPCRT4.dll
0x00007ffc6ac30000 - 0x00007ffc6ad86000 	C:\WINDOWS\system32\USER32.dll
0x00007ffc6ad90000 - 0x00007ffc6af16000 	C:\WINDOWS\system32\GDI32.dll
0x00007ffc5dcb0000 - 0x00007ffc5df24000 	C:\WINDOWS\WinSxS\amd64_microsoft.windows.common-controls_6595b64144ccf1df_6.0.10586.589_none_a2ddb3caa539acce\COMCTL32.dll
0x00007ffc6a5e0000 - 0x00007ffc6a85d000 	C:\WINDOWS\system32\combase.dll
0x00007ffc67c80000 - 0x00007ffc67cea000 	C:\WINDOWS\system32\bcryptPrimitives.dll
0x00007ffc68770000 - 0x00007ffc687ab000 	C:\WINDOWS\system32\IMM32.DLL
0x00000000645a0000 - 0x0000000064672000 	C:\Program Files\Java\jdk1.8.0_20\jre\bin\msvcr100.dll
0x0000000063d40000 - 0x0000000064598000 	C:\Program Files\Java\jdk1.8.0_20\jre\bin\server\jvm.dll
0x00007ffc6b0a0000 - 0x00007ffc6b0a8000 	C:\WINDOWS\system32\PSAPI.DLL
0x00007ffc5c500000 - 0x00007ffc5c509000 	C:\WINDOWS\SYSTEM32\WSOCK32.dll
0x00007ffc68700000 - 0x00007ffc6876b000 	C:\WINDOWS\system32\WS2_32.dll
0x00007ffc65ad0000 - 0x00007ffc65af3000 	C:\WINDOWS\SYSTEM32\WINMM.dll
0x00007ffc65aa0000 - 0x00007ffc65acc000 	C:\WINDOWS\SYSTEM32\WINMMBASE.dll
0x00007ffc679c0000 - 0x00007ffc67a03000 	C:\WINDOWS\system32\cfgmgr32.dll
0x0000000063d30000 - 0x0000000063d3f000 	C:\Program Files\Java\jdk1.8.0_20\jre\bin\verify.dll
0x0000000063d00000 - 0x0000000063d28000 	C:\Program Files\Java\jdk1.8.0_20\jre\bin\java.dll
0x0000000063ce0000 - 0x0000000063cf6000 	C:\Program Files\Java\jdk1.8.0_20\jre\bin\zip.dll
0x00007ffc68af0000 - 0x00007ffc6a04c000 	C:\WINDOWS\system32\SHELL32.dll
0x00007ffc67f50000 - 0x00007ffc68595000 	C:\WINDOWS\system32\windows.storage.dll
0x00007ffc688c0000 - 0x00007ffc68912000 	C:\WINDOWS\system32\shlwapi.dll
0x00007ffc67830000 - 0x00007ffc6783f000 	C:\WINDOWS\system32\kernel.appcore.dll
0x00007ffc67900000 - 0x00007ffc679b5000 	C:\WINDOWS\system32\shcore.dll
0x00007ffc677c0000 - 0x00007ffc6780b000 	C:\WINDOWS\system32\powrprof.dll
0x00007ffc67810000 - 0x00007ffc67824000 	C:\WINDOWS\system32\profapi.dll
0x00007ffc5c290000 - 0x00007ffc5c41c000 	C:\WINDOWS\SYSTEM32\dbghelp.dll

VM Arguments:
jvm_args: -Djava.awt.headless=true -Xmx1024M -Dfile.encoding=windows-1252 -Duser.country=US -Duser.language=en -Duser.variant 
java_command: com.android.dx.command.Main --dex --num-threads=4 --output C:\Users\admin\Documents\GitHub\ShaneelSD\SoftwareDesign\FindMeTutor\FindMeTutor\app\build\intermediates\pre-dexed\debug\com.android.support-support-fragment-24.2.1_c13c240ca710be016233fb8db30be463da7a8222.jar C:\Users\admin\Documents\GitHub\ShaneelSD\SoftwareDesign\FindMeTutor\FindMeTutor\app\build\intermediates\exploded-aar\com.android.support\support-fragment\24.2.1\jars\classes.jar
java_class_path (initial): C:\Users\admin\AppData\Local\Android\sdk\build-tools\24.0.1\lib\dx.jar
Launcher Type: SUN_STANDARD

Environment Variables:
PATH=C:\ProgramData\Oracle\Java\javapath;C:\Program Files (x86)\Intel\iCLS Client\;C:\Program Files\Intel\iCLS Client\;C:\WINDOWS\system32;C:\WINDOWS;C:\WINDOWS\System32\Wbem;C:\WINDOWS\System32\WindowsPowerShell\v1.0\;C:\Program Files\Intel\Intel(R) Management Engine Components\DAL;C:\Program Files\Intel\Intel(R) Management Engine Components\IPT;C:\Program Files (x86)\Intel\Intel(R) Management Engine Components\DAL;C:\Program Files (x86)\Intel\Intel(R) Management Engine Components\IPT;C:\Program Files\WIDCOMM\Bluetooth Software\;C:\Program Files\WIDCOMM\Bluetooth Software\syswow64;C:\Program Files (x86)\Intel\OpenCL SDK\2.0\bin\x86;C:\Program Files (x86)\Intel\OpenCL SDK\2.0\bin\x64;C:\Program Files\Intel\WiFi\bin\;C:\Program Files\Common Files\Intel\WirelessCommon\;c:\Program Files (x86)\Microsoft SQL Server\100\Tools\Binn\;c:\Program Files\Microsoft SQL Server\100\Tools\Binn\;c:\Program Files\Microsoft SQL Server\100\DTS\Binn\;C:\Program Files (x86)\MySQL\MySQL Fabric 1.5.4 & MySQL Utilities 1.5.4 1.5\;C:\Program Files (x86)\MySQL\MySQL Fabric 1.5.4 & MySQL Utilities 1.5.4 1.5\Doctrine extensions for PHP\;C:\Program Files (x86)\Borland\Delphi7\Bin;C:\Program Files (x86)\Borland\Delphi7\Projects\Bpl;C:\Program Files (x86)\Borland\Delphi7\Rave5;C:\Program Files\Git\cmd;C:\Program Files (x86)\OpenVPN\bin;C:\Program Files\Intel\WiFi\bin\;C:\Program Files\Common Files\Intel\WirelessCommon\
USERNAME=admin
OS=Windows_NT
PROCESSOR_IDENTIFIER=Intel64 Family 6 Model 58 Stepping 9, GenuineIntel



---------------  S Y S T E M  ---------------

OS: Windows 8.1 , 64 bit Build 9600 

CPU:total 4 (2 cores per cpu, 2 threads per core) family 6 model 58 stepping 9, cmov, cx8, fxsr, mmx, sse, sse2, sse3, ssse3, sse4.1, sse4.2, popcnt, avx, aes, clmul, erms, ht, tsc, tscinvbit, tscinv

Memory: 4k page, physical 8258576k(2060184k free), swap 10306576k(3768k free)

vm_info: Java HotSpot(TM) 64-Bit Server VM (25.20-b23) for windows-amd64 JRE (1.8.0_20-b26), built on Jul 30 2014 13:51:23 by "java_re" with MS VC++ 10.0 (VS2010)

time: Fri Oct 28 12:14:36 2016
elapsed time: 4 seconds (0d 0h 0m 4s)

