#
# There is insufficient memory for the Java Runtime Environment to continue.
# Native memory allocation (malloc) failed to allocate 460368 bytes for Chunk::new
# Possible reasons:
#   The system is out of physical RAM or swap space
#   In 32 bit mode, the process size limit was hit
# Possible solutions:
#   Reduce memory load on the system
#   Increase physical memory or swap space
#   Check if swap backing store is full
#   Use 64 bit Java on a 64 bit OS
#   Decrease Java heap size (-Xmx/-Xms)
#   Decrease number of Java threads
#   Decrease Java thread stack sizes (-Xss)
#   Set larger code cache with -XX:ReservedCodeCacheSize=
# This output file may be truncated or incomplete.
#
#  Out of Memory Error (allocation.cpp:390), pid=15724, tid=5980
#
# JRE version: Java(TM) SE Runtime Environment (8.0_20-b26) (build 1.8.0_20-b26)
# Java VM: Java HotSpot(TM) 64-Bit Server VM (25.20-b23 mixed mode windows-amd64 compressed oops)
# Failed to write core dump. Minidumps are not enabled by default on client versions of Windows
#

---------------  T H R E A D  ---------------

Current thread (0x00000000151c0000):  JavaThread "C2 CompilerThread1" daemon [_thread_in_native, id=5980, stack(0x0000000016830000,0x0000000016930000)]

Stack: [0x0000000016830000,0x0000000016930000]
Native frames: (J=compiled Java code, j=interpreted, Vv=VM code, C=native code)
V  [jvm.dll+0x3152fa]


Current CompileTask:
C2:    473  555   !   4       com.android.dx.cf.cst.ConstantPoolParser::parse0 (731 bytes)


---------------  P R O C E S S  ---------------

Java Threads: ( => current thread )
  0x0000000016cce000 JavaThread "pool-1-thread-4" [_thread_in_Java, id=14872, stack(0x0000000017430000,0x0000000017530000)]
  0x0000000016cc8000 JavaThread "pool-1-thread-3" [_thread_in_Java, id=10624, stack(0x0000000017330000,0x0000000017430000)]
  0x0000000016ba6000 JavaThread "pool-1-thread-2" [_thread_in_Java, id=7888, stack(0x0000000017230000,0x0000000017330000)]
  0x0000000016b98000 JavaThread "pool-2-thread-1" [_thread_blocked, id=7544, stack(0x0000000017130000,0x0000000017230000)]
  0x0000000016b92800 JavaThread "pool-1-thread-1" [_thread_in_Java, id=13200, stack(0x0000000017030000,0x0000000017130000)]
  0x0000000016a60800 JavaThread "Service Thread" daemon [_thread_blocked, id=8988, stack(0x0000000016e30000,0x0000000016f30000)]
  0x00000000151c3800 JavaThread "C1 CompilerThread2" daemon [_thread_in_vm, id=7172, stack(0x0000000016930000,0x0000000016a30000)]
=>0x00000000151c0000 JavaThread "C2 CompilerThread1" daemon [_thread_in_native, id=5980, stack(0x0000000016830000,0x0000000016930000)]
  0x00000000151be000 JavaThread "C2 CompilerThread0" daemon [_thread_in_native, id=8472, stack(0x0000000016730000,0x0000000016830000)]
  0x00000000151ba000 JavaThread "Attach Listener" daemon [_thread_blocked, id=9304, stack(0x0000000016630000,0x0000000016730000)]
  0x00000000151b8800 JavaThread "Signal Dispatcher" daemon [_thread_blocked, id=2356, stack(0x0000000016530000,0x0000000016630000)]
  0x0000000002ae5000 JavaThread "Finalizer" daemon [_thread_blocked, id=11284, stack(0x0000000016430000,0x0000000016530000)]
  0x0000000015188000 JavaThread "Reference Handler" daemon [_thread_blocked, id=12440, stack(0x0000000016330000,0x0000000016430000)]
  0x0000000000f8d800 JavaThread "main" [_thread_in_Java, id=11640, stack(0x00000000028f0000,0x00000000029f0000)]

Other Threads:
  0x0000000015186000 VMThread [stack: 0x0000000016230000,0x0000000016330000] [id=11188]
  0x000000001521d000 WatcherThread [stack: 0x0000000016f30000,0x0000000017030000] [id=11456]

VM state:not at safepoint (normal execution)

VM Mutex/Monitor currently owned by a thread: None

Heap:
 PSYoungGen      total 38400K, used 16028K [0x00000000eab00000, 0x00000000ed580000, 0x0000000100000000)
  eden space 33280K, 48% used [0x00000000eab00000,0x00000000ebaa70c0,0x00000000ecb80000)
  from space 5120K, 0% used [0x00000000ed080000,0x00000000ed080000,0x00000000ed580000)
  to   space 5120K, 0% used [0x00000000ecb80000,0x00000000ecb80000,0x00000000ed080000)
 ParOldGen       total 87552K, used 0K [0x00000000c0000000, 0x00000000c5580000, 0x00000000eab00000)
  object space 87552K, 0% used [0x00000000c0000000,0x00000000c0000000,0x00000000c5580000)
 Metaspace       used 5519K, capacity 6640K, committed 6784K, reserved 1056768K
  class space    used 578K, capacity 616K, committed 640K, reserved 1048576K

Card table byte_map: [0x0000000011eb0000,0x00000000120c0000] byte_map_base: 0x00000000118b0000

Marking Bits: (ParMarkBitMap*) 0x000000006bcdb460
 Begin Bits: [0x0000000012620000, 0x0000000013620000)
 End Bits:   [0x0000000013620000, 0x0000000014620000)

Polling page: 0x0000000000eb0000

CodeCache: size=245760Kb used=2596Kb max_used=2596Kb free=243163Kb
 bounds [0x0000000002af0000, 0x0000000002d80000, 0x0000000011af0000]
 total_blobs=917 nmethods=654 adapters=177
 compilation: enabled

Compilation events (10 events):
Event: 0.426 Thread 0x00000000151c3800  556       1       java.util.HashMap::afterNodeInsertion (1 bytes)
Event: 0.426 Thread 0x00000000151c3800 nmethod 556 0x0000000002d1ddd0 code [0x0000000002d1df20, 0x0000000002d1e030]
Event: 0.426 Thread 0x00000000151c3800  559       1       com.android.dx.cf.direct.AttributeListParser::setObserver (6 bytes)
Event: 0.426 Thread 0x00000000151c3800 nmethod 559 0x0000000002d1dad0 code [0x0000000002d1dc20, 0x0000000002d1dd50]
Event: 0.426 Thread 0x00000000151c3800  560       1       com.android.dx.cf.attrib.AttConstantValue::byteLength (3 bytes)
Event: 0.426 Thread 0x00000000151c3800 nmethod 560 0x0000000002d1d810 code [0x0000000002d1d960, 0x0000000002d1da70]
Event: 0.426 Thread 0x00000000151c3800  553       3       com.android.dx.rop.code.InsnList::set (7 bytes)
Event: 0.427 Thread 0x00000000151c3800 nmethod 553 0x0000000002d19d50 code [0x0000000002d19f20, 0x0000000002d1a6c8]
Event: 0.427 Thread 0x00000000151c3800  550       3       com.android.dx.util.LabeledList::set (45 bytes)
Event: 0.428 Thread 0x00000000151be000  587       4       java.util.BitSet::set (58 bytes)

GC Heap History (0 events):
No events

Deoptimization events (10 events):
Event: 0.282 Thread 0x0000000016cce000 Uncommon trap: reason=class_check action=maybe_recompile pc=0x0000000002c7fce8 method=com.android.dx.rop.cst.Constant.compareTo(Ljava/lang/Object;)I @ 2
Event: 0.282 Thread 0x0000000016cce000 Uncommon trap: reason=class_check action=maybe_recompile pc=0x0000000002c7fce8 method=com.android.dx.rop.cst.Constant.compareTo(Ljava/lang/Object;)I @ 2
Event: 0.402 Thread 0x0000000016cce000 Uncommon trap: reason=speculate_class_check action=maybe_recompile pc=0x0000000002c8cbc4 method=com.android.dx.rop.cst.Constant.compareTo(Lcom/android/dx/rop/cst/Constant;)I @ 29
Event: 0.402 Thread 0x0000000016cce000 Uncommon trap: reason=class_check action=maybe_recompile pc=0x0000000002c7d210 method=com.android.dx.rop.cst.CstMemberRef.compareTo0(Lcom/android/dx/rop/cst/Constant;)I @ 1
Event: 0.402 Thread 0x0000000016b92800 Uncommon trap: reason=speculate_class_check action=maybe_recompile pc=0x0000000002c8cbc4 method=com.android.dx.rop.cst.Constant.compareTo(Lcom/android/dx/rop/cst/Constant;)I @ 29
Event: 0.402 Thread 0x0000000016b92800 Uncommon trap: reason=class_check action=maybe_recompile pc=0x0000000002c7d210 method=com.android.dx.rop.cst.CstMemberRef.compareTo0(Lcom/android/dx/rop/cst/Constant;)I @ 1
Event: 0.402 Thread 0x0000000016b92800 Uncommon trap: reason=speculate_class_check action=maybe_recompile pc=0x0000000002c8cbc4 method=com.android.dx.rop.cst.Constant.compareTo(Lcom/android/dx/rop/cst/Constant;)I @ 29
Event: 0.402 Thread 0x0000000016b92800 Uncommon trap: reason=class_check action=maybe_recompile pc=0x0000000002c7d210 method=com.android.dx.rop.cst.CstMemberRef.compareTo0(Lcom/android/dx/rop/cst/Constant;)I @ 1
Event: 0.402 Thread 0x0000000016ba6000 Uncommon trap: reason=speculate_class_check action=maybe_recompile pc=0x0000000002c8cbc4 method=com.android.dx.rop.cst.Constant.compareTo(Lcom/android/dx/rop/cst/Constant;)I @ 29
Event: 0.402 Thread 0x0000000016ba6000 Uncommon trap: reason=class_check action=maybe_recompile pc=0x0000000002c7d210 method=com.android.dx.rop.cst.CstMemberRef.compareTo0(Lcom/android/dx/rop/cst/Constant;)I @ 1

Internal exceptions (10 events):
Event: 0.392 Thread 0x0000000016ba6000 Exception <a 'java/security/PrivilegedActionException'> (0x00000000eb6c2640) thrown at [D:\re\workspace\8-2-build-windows-amd64-cygwin\jdk8u20\1074\hotspot\src\share\vm\prims\jvm.cpp, line 1275]
Event: 0.392 Thread 0x0000000016ba6000 Exception <a 'java/security/PrivilegedActionException'> (0x00000000eb6c6830) thrown at [D:\re\workspace\8-2-build-windows-amd64-cygwin\jdk8u20\1074\hotspot\src\share\vm\prims\jvm.cpp, line 1275]
Event: 0.397 Thread 0x0000000016cc8000 Exception <a 'java/security/PrivilegedActionException'> (0x00000000eb29fa40) thrown at [D:\re\workspace\8-2-build-windows-amd64-cygwin\jdk8u20\1074\hotspot\src\share\vm\prims\jvm.cpp, line 1275]
Event: 0.398 Thread 0x0000000016cce000 Exception <a 'java/security/PrivilegedActionException'> (0x00000000eb4234a8) thrown at [D:\re\workspace\8-2-build-windows-amd64-cygwin\jdk8u20\1074\hotspot\src\share\vm\prims\jvm.cpp, line 1275]
Event: 0.399 Thread 0x0000000016b92800 Exception <a 'java/security/PrivilegedActionException'> (0x00000000eb616890) thrown at [D:\re\workspace\8-2-build-windows-amd64-cygwin\jdk8u20\1074\hotspot\src\share\vm\prims\jvm.cpp, line 1275]
Event: 0.399 Thread 0x0000000016b92800 Exception <a 'java/security/PrivilegedActionException'> (0x00000000eb810108) thrown at [D:\re\workspace\8-2-build-windows-amd64-cygwin\jdk8u20\1074\hotspot\src\share\vm\prims\jvm.cpp, line 1275]
Event: 0.400 Thread 0x0000000016cc8000 Exception <a 'java/security/PrivilegedActionException'> (0x00000000eb2a6210) thrown at [D:\re\workspace\8-2-build-windows-amd64-cygwin\jdk8u20\1074\hotspot\src\share\vm\prims\jvm.cpp, line 1275]
Event: 0.401 Thread 0x0000000016cce000 Exception <a 'java/security/PrivilegedActionException'> (0x00000000eb7687a0) thrown at [D:\re\workspace\8-2-build-windows-amd64-cygwin\jdk8u20\1074\hotspot\src\share\vm\prims\jvm.cpp, line 1275]
Event: 0.401 Thread 0x0000000016cce000 Exception <a 'java/security/PrivilegedActionException'> (0x00000000eb76b788) thrown at [D:\re\workspace\8-2-build-windows-amd64-cygwin\jdk8u20\1074\hotspot\src\share\vm\prims\jvm.cpp, line 1275]
Event: 0.402 Thread 0x0000000016cce000 Exception <a 'java/security/PrivilegedActionException'> (0x00000000eb76ed78) thrown at [D:\re\workspace\8-2-build-windows-amd64-cygwin\jdk8u20\1074\hotspot\src\share\vm\prims\jvm.cpp, line 1275]

Events (10 events):
Event: 0.402 Thread 0x0000000016b92800 DEOPT UNPACKING pc=0x0000000002b3556a sp=0x000000001712ee70 mode 2
Event: 0.402 Thread 0x0000000016b92800 Uncommon trap: trap_request=0xffffffde fr.pc=0x0000000002c7d210
Event: 0.402 Thread 0x0000000016b92800 DEOPT PACKING pc=0x0000000002c7d210 sp=0x000000001712edf0
Event: 0.402 Thread 0x0000000016b92800 DEOPT UNPACKING pc=0x0000000002b3556a sp=0x000000001712ed78 mode 2
Event: 0.402 Thread 0x0000000016ba6000 Uncommon trap: trap_request=0xffffff76 fr.pc=0x0000000002c8cbc4
Event: 0.402 Thread 0x0000000016ba6000 DEOPT PACKING pc=0x0000000002c8cbc4 sp=0x000000001732ece0
Event: 0.402 Thread 0x0000000016ba6000 DEOPT UNPACKING pc=0x0000000002b3556a sp=0x000000001732ec10 mode 2
Event: 0.402 Thread 0x0000000016ba6000 Uncommon trap: trap_request=0xffffffde fr.pc=0x0000000002c7d210
Event: 0.402 Thread 0x0000000016ba6000 DEOPT PACKING pc=0x0000000002c7d210 sp=0x000000001732eb90
Event: 0.402 Thread 0x0000000016ba6000 DEOPT UNPACKING pc=0x0000000002b3556a sp=0x000000001732eb18 mode 2


Dynamic libraries:
0x00007ff70ba90000 - 0x00007ff70bac4000 	C:\Program Files\Java\jdk1.8.0_20\bin\java.exe
0x00007ffdc0880000 - 0x00007ffdc0a51000 	C:\WINDOWS\SYSTEM32\ntdll.dll
0x00007ffdc00b0000 - 0x00007ffdc015b000 	C:\WINDOWS\System32\KERNEL32.DLL
0x00007ffdbdbf0000 - 0x00007ffdbde0d000 	C:\WINDOWS\System32\KERNELBASE.dll
0x00007ffdc0000000 - 0x00007ffdc00a2000 	C:\WINDOWS\System32\ADVAPI32.dll
0x00007ffdbe610000 - 0x00007ffdbe6ae000 	C:\WINDOWS\System32\msvcrt.dll
0x00007ffdbe3f0000 - 0x00007ffdbe449000 	C:\WINDOWS\System32\sechost.dll
0x00007ffdbe8b0000 - 0x00007ffdbe9d1000 	C:\WINDOWS\System32\RPCRT4.dll
0x00007ffdbe240000 - 0x00007ffdbe3a5000 	C:\WINDOWS\System32\USER32.dll
0x00007ffdbd7e0000 - 0x00007ffdbd7fe000 	C:\WINDOWS\System32\win32u.dll
0x00007ffdbe3b0000 - 0x00007ffdbe3e4000 	C:\WINDOWS\System32\GDI32.dll
0x00007ffdbd800000 - 0x00007ffdbd982000 	C:\WINDOWS\System32\gdi32full.dll
0x00007ffdb34b0000 - 0x00007ffdb3729000 	C:\WINDOWS\WinSxS\amd64_microsoft.windows.common-controls_6595b64144ccf1df_6.0.14393.0_none_2d0f50fcbdb171b8\COMCTL32.dll
0x00007ffdc01d0000 - 0x00007ffdc0497000 	C:\WINDOWS\System32\combase.dll
0x00007ffdbda40000 - 0x00007ffdbdb35000 	C:\WINDOWS\System32\ucrtbase.dll
0x00007ffdbcd70000 - 0x00007ffdbcdda000 	C:\WINDOWS\System32\bcryptPrimitives.dll
0x00007ffdbe880000 - 0x00007ffdbe8ae000 	C:\WINDOWS\System32\IMM32.DLL
0x000000006c540000 - 0x000000006c612000 	C:\Program Files\Java\jdk1.8.0_20\jre\bin\msvcr100.dll
0x000000006b500000 - 0x000000006bd58000 	C:\Program Files\Java\jdk1.8.0_20\jre\bin\server\jvm.dll
0x00007ffdbe6b0000 - 0x00007ffdbe6b8000 	C:\WINDOWS\System32\PSAPI.DLL
0x00007ffdbabe0000 - 0x00007ffdbac03000 	C:\WINDOWS\SYSTEM32\WINMM.dll
0x00007ffdbab20000 - 0x00007ffdbab29000 	C:\WINDOWS\SYSTEM32\WSOCK32.dll
0x0000000000ee0000 - 0x0000000000f0b000 	C:\WINDOWS\SYSTEM32\WINMMBASE.dll
0x00007ffdc0160000 - 0x00007ffdc01ca000 	C:\WINDOWS\System32\WS2_32.dll
0x00007ffdbdba0000 - 0x00007ffdbdbe2000 	C:\WINDOWS\System32\cfgmgr32.dll
0x000000006c530000 - 0x000000006c53f000 	C:\Program Files\Java\jdk1.8.0_20\jre\bin\verify.dll
0x000000006c500000 - 0x000000006c528000 	C:\Program Files\Java\jdk1.8.0_20\jre\bin\java.dll
0x000000006c4e0000 - 0x000000006c4f6000 	C:\Program Files\Java\jdk1.8.0_20\jre\bin\zip.dll
0x00007ffdbe9e0000 - 0x00007ffdbfee8000 	C:\WINDOWS\System32\SHELL32.dll
0x00007ffdbcde0000 - 0x00007ffdbd4ba000 	C:\WINDOWS\System32\windows.storage.dll
0x00007ffdbcce0000 - 0x00007ffdbcd2c000 	C:\WINDOWS\System32\powrprof.dll
0x00007ffdc0660000 - 0x00007ffdc06b2000 	C:\WINDOWS\System32\shlwapi.dll
0x00007ffdbcd30000 - 0x00007ffdbcd3f000 	C:\WINDOWS\System32\kernel.appcore.dll
0x00007ffdbd4c0000 - 0x00007ffdbd569000 	C:\WINDOWS\System32\shcore.dll
0x00007ffdbcd40000 - 0x00007ffdbcd54000 	C:\WINDOWS\System32\profapi.dll
0x00007ffdaeef0000 - 0x00007ffdaf082000 	C:\WINDOWS\SYSTEM32\dbghelp.dll

VM Arguments:
jvm_args: -Djava.awt.headless=true -Xmx1024M -Dfile.encoding=windows-1252 -Duser.country=US -Duser.language=en -Duser.variant 
java_command: com.android.dx.command.Main --dex --force-jumbo --num-threads=4 --output C:\Users\Jadon\WorkSpace3Y\SoftwareDesign\FindMeTutor\FindMeTutor\app\build\intermediates\pre-dexed\debug\main_1888b2d80452feda9d713e4985726d5908dc7d9a.jar C:\Users\Jadon\WorkSpace3Y\SoftwareDesign\FindMeTutor\FindMeTutor\app\build\intermediates\transforms\instantRun\debug\folders\1\5\main
java_class_path (initial): C:\Users\Jadon\AppData\Local\Android\sdk\build-tools\24.0.1\lib\dx.jar
Launcher Type: SUN_STANDARD

Environment Variables:
PATH=C:\ProgramData\Oracle\Java\javapath;C:\Program Files (x86)\AMD APP\bin\x86_64;C:\Program Files (x86)\AMD APP\bin\x86;C:\Program Files (x86)\Intel\iCLS Client\;C:\Program Files\Intel\iCLS Client\;C:\WINDOWS\system32;C:\WINDOWS;C:\WINDOWS\System32\Wbem;C:\WINDOWS\System32\WindowsPowerShell\v1.0\;C:\Program Files\Intel\WiFi\bin\;C:\Program Files\Common Files\Intel\WirelessCommon\;C:\Program Files\Intel\Intel(R) Management Engine Components\DAL;C:\Program Files\Intel\Intel(R) Management Engine Components\IPT;C:\Program Files (x86)\Intel\Intel(R) Management Engine Components\DAL;C:\Program Files (x86)\Intel\Intel(R) Management Engine Components\IPT;C:\Program Files (x86)\ATI Technologies\ATI.ACE\Core-Static;C:\Program Files (x86)\Intel\OpenCL SDK\2.0\bin\x86;C:\Program Files (x86)\Intel\OpenCL SDK\2.0\bin\x64;C:\Program Files (x86)\QuickTime\QTSystem\;C:\Program Files\MATLAB\R2013b\runtime\win64;C:\Program Files\MATLAB\R2013b\bin;C:\WINDOWS\system32\config\systemprofile\.dnx\bin;C:\Program Files\Microsoft DNX\Dnvm\;C:\Program Files\Microsoft SQL Server\130\Tools\Binn\;C:\Program Files (x86)\Windows Kits\8.1\Windows Performance Toolkit\;C:\Program Files\MiKTeX 2.9\miktex\bin\x64\;C:\Program Files (x86)\MiKTeX 2.9\miktex\bin\;C:\Program Files (x86)\Graphviz2.38\bin;C:\Program Files\doxygen\bin;C:\Program Files\Git\cmd;C:\Program Files (x86)\OpenVPN\bin;C:\Users\Jadon\AppData\Local\Programs\Python\Python35\Scripts\;C:\Users\Jadon\AppData\Local\Programs\Python\Python35\;C:\Program Files\Intel\WiFi\bin\;C:\Program Files\Common Files\Intel\WirelessCommon\;%USERPROFILE%\AppData\Local\Microsoft\WindowsApps;
USERNAME=Jadon
OS=Windows_NT
PROCESSOR_IDENTIFIER=Intel64 Family 6 Model 58 Stepping 9, GenuineIntel



---------------  S Y S T E M  ---------------

OS: Windows 8.1 , 64 bit Build 9600 

CPU:total 4 (2 cores per cpu, 2 threads per core) family 6 model 58 stepping 9, cmov, cx8, fxsr, mmx, sse, sse2, sse3, ssse3, sse4.1, sse4.2, popcnt, avx, aes, clmul, erms, ht, tsc, tscinvbit, tscinv

Memory: 4k page, physical 8267032k(1242968k free), swap 10217752k(4112k free)

vm_info: Java HotSpot(TM) 64-Bit Server VM (25.20-b23) for windows-amd64 JRE (1.8.0_20-b26), built on Jul 30 2014 13:51:23 by "java_re" with MS VC++ 10.0 (VS2010)

time: Sun Sep 25 21:32:14 2016
elapsed time: 0 seconds (0d 0h 0m 0s)

