#
# There is insufficient memory for the Java Runtime Environment to continue.
# Native memory allocation (malloc) failed to allocate 1139856 bytes for Chunk::new
# Possible reasons:
#   The system is out of physical RAM or swap space
#   In 32 bit mode, the process size limit was hit
# Possible solutions:
#   Reduce memory load on the system
#   Increase physical memory or swap space
#   Check if swap backing store is full
#   Use 64 bit Java on a 64 bit OS
#   Decrease Java heap size (-Xmx/-Xms)
#   Decrease number of Java threads
#   Decrease Java thread stack sizes (-Xss)
#   Set larger code cache with -XX:ReservedCodeCacheSize=
# This output file may be truncated or incomplete.
#
#  Out of Memory Error (allocation.cpp:390), pid=16644, tid=7788
#
# JRE version: Java(TM) SE Runtime Environment (8.0_20-b26) (build 1.8.0_20-b26)
# Java VM: Java HotSpot(TM) 64-Bit Server VM (25.20-b23 mixed mode windows-amd64 compressed oops)
# Failed to write core dump. Minidumps are not enabled by default on client versions of Windows
#

---------------  T H R E A D  ---------------

Current thread (0x0000000014d69800):  JavaThread "C2 CompilerThread1" daemon [_thread_in_native, id=7788, stack(0x0000000016390000,0x0000000016490000)]

Stack: [0x0000000016390000,0x0000000016490000]
Native frames: (J=compiled Java code, j=interpreted, Vv=VM code, C=native code)
V  [jvm.dll+0x3152fa]
V  [jvm.dll+0x265d03]
V  [jvm.dll+0x266943]
V  [jvm.dll+0x25e265]
V  [jvm.dll+0xbe255]
V  [jvm.dll+0xbe6fc]
V  [jvm.dll+0x449d02]
V  [jvm.dll+0x4bf4f5]
V  [jvm.dll+0x4c012f]
V  [jvm.dll+0x44fef1]
V  [jvm.dll+0x4526c8]
V  [jvm.dll+0x435fc2]
V  [jvm.dll+0x97b62]
V  [jvm.dll+0x98353]
V  [jvm.dll+0x22aac4]
V  [jvm.dll+0x283f5a]
C  [msvcr100.dll+0x21d9f]
C  [msvcr100.dll+0x21e3b]
C  [KERNEL32.DLL+0x8364]
C  [ntdll.dll+0x65e91]


Current CompileTask:
C2:  17270 2539       4       com.android.dx.dex.code.LocalList::make (102 bytes)


---------------  P R O C E S S  ---------------

Java Threads: ( => current thread )
  0x0000000014d7c800 JavaThread "Service Thread" daemon [_thread_blocked, id=11120, stack(0x0000000016590000,0x0000000016690000)]
  0x0000000014d74000 JavaThread "C1 CompilerThread2" daemon [_thread_in_native, id=7160, stack(0x0000000016490000,0x0000000016590000)]
=>0x0000000014d69800 JavaThread "C2 CompilerThread1" daemon [_thread_in_native, id=7788, stack(0x0000000016390000,0x0000000016490000)]
  0x0000000014d1c000 JavaThread "C2 CompilerThread0" daemon [_thread_in_native, id=11724, stack(0x0000000016290000,0x0000000016390000)]
  0x0000000014d1b000 JavaThread "Attach Listener" daemon [_thread_blocked, id=13932, stack(0x0000000016190000,0x0000000016290000)]
  0x0000000014d19800 JavaThread "Signal Dispatcher" daemon [_thread_blocked, id=1100, stack(0x0000000016090000,0x0000000016190000)]
  0x000000000260f000 JavaThread "Finalizer" daemon [_thread_blocked, id=6748, stack(0x0000000015f80000,0x0000000016080000)]
  0x0000000014ce8000 JavaThread "Reference Handler" daemon [_thread_blocked, id=10880, stack(0x0000000015e80000,0x0000000015f80000)]
  0x00000000023ed800 JavaThread "main" [_thread_in_Java, id=2480, stack(0x0000000002420000,0x0000000002520000)]

Other Threads:
  0x0000000014ce6000 VMThread [stack: 0x0000000015d80000,0x0000000015e80000] [id=10048]
  0x0000000016690800 WatcherThread [stack: 0x0000000016a90000,0x0000000016b90000] [id=14508]

VM state:not at safepoint (normal execution)

VM Mutex/Monitor currently owned by a thread: None

Heap:
 PSYoungGen      total 138240K, used 36681K [0x00000000eab00000, 0x00000000fe100000, 0x0000000100000000)
  eden space 133120K, 23% used [0x00000000eab00000,0x00000000ec9d2ff8,0x00000000f2d00000)
  from space 5120K, 99% used [0x00000000f2d00000,0x00000000f31ff680,0x00000000f3200000)
  to   space 25600K, 0% used [0x00000000fc800000,0x00000000fc800000,0x00000000fe100000)
 ParOldGen       total 87552K, used 42080K [0x00000000c0000000, 0x00000000c5580000, 0x00000000eab00000)
  object space 87552K, 48% used [0x00000000c0000000,0x00000000c2918048,0x00000000c5580000)
 Metaspace       used 6857K, capacity 7576K, committed 7936K, reserved 1056768K
  class space    used 627K, capacity 656K, committed 768K, reserved 1048576K

Card table byte_map: [0x00000000119f0000,0x0000000011c00000] byte_map_base: 0x00000000113f0000

Marking Bits: (ParMarkBitMap*) 0x00000000749cb460
 Begin Bits: [0x0000000012160000, 0x0000000013160000)
 End Bits:   [0x0000000013160000, 0x0000000014160000)

Polling page: 0x00000000023f0000

CodeCache: size=245760Kb used=9118Kb max_used=11669Kb free=236641Kb
 bounds [0x0000000002630000, 0x00000000031a0000, 0x0000000011630000]
 total_blobs=2507 nmethods=2241 adapters=179
 compilation: enabled

Compilation events (10 events):
Event: 17.172 Thread 0x0000000014d74000 2632       3       com.android.dx.dex.file.TypeIdItem::itemType (4 bytes)
Event: 17.172 Thread 0x0000000014d74000 nmethod 2632 0x0000000003187150 code [0x00000000031872a0, 0x00000000031873f0]
Event: 17.172 Thread 0x0000000014d74000 2633       3       com.android.dx.dex.file.ProtoIdItem::itemType (4 bytes)
Event: 17.172 Thread 0x0000000014d74000 nmethod 2633 0x0000000003187490 code [0x00000000031875e0, 0x0000000003187730]
Event: 17.172 Thread 0x0000000014d74000 2634       3       com.android.dx.dex.file.FieldIdItem::itemType (4 bytes)
Event: 17.172 Thread 0x0000000014d74000 nmethod 2634 0x00000000031877d0 code [0x0000000003187920, 0x0000000003187a70]
Event: 17.173 Thread 0x0000000014d74000 2635       3       com.android.dx.dex.file.MethodIdItem::itemType (4 bytes)
Event: 17.173 Thread 0x0000000014d74000 nmethod 2635 0x0000000003187b10 code [0x0000000003187c60, 0x0000000003187db0]
Event: 17.173 Thread 0x0000000014d74000 2636       1       com.android.dx.dex.file.MethodIdItem::itemType (4 bytes)
Event: 17.173 Thread 0x0000000014d74000 nmethod 2636 0x0000000003187e50 code [0x0000000003187fa0, 0x00000000031880b0]

GC Heap History (10 events):
Event: 8.156 GC heap before
{Heap before GC invocations=1 (full 0):
 PSYoungGen      total 38400K, used 33280K [0x00000000eab00000, 0x00000000ed580000, 0x0000000100000000)
  eden space 33280K, 100% used [0x00000000eab00000,0x00000000ecb80000,0x00000000ecb80000)
  from space 5120K, 0% used [0x00000000ed080000,0x00000000ed080000,0x00000000ed580000)
  to   space 5120K, 0% used [0x00000000ecb80000,0x00000000ecb80000,0x00000000ed080000)
 ParOldGen       total 87552K, used 0K [0x00000000c0000000, 0x00000000c5580000, 0x00000000eab00000)
  object space 87552K, 0% used [0x00000000c0000000,0x00000000c0000000,0x00000000c5580000)
 Metaspace       used 5985K, capacity 6896K, committed 7040K, reserved 1056768K
  class space    used 583K, capacity 616K, committed 640K, reserved 1048576K
Event: 8.316 GC heap after
Heap after GC invocations=1 (full 0):
 PSYoungGen      total 38400K, used 5112K [0x00000000eab00000, 0x00000000ef600000, 0x0000000100000000)
  eden space 33280K, 0% used [0x00000000eab00000,0x00000000eab00000,0x00000000ecb80000)
  from space 5120K, 99% used [0x00000000ecb80000,0x00000000ed07e230,0x00000000ed080000)
  to   space 5120K, 0% used [0x00000000ef100000,0x00000000ef100000,0x00000000ef600000)
 ParOldGen       total 87552K, used 1072K [0x00000000c0000000, 0x00000000c5580000, 0x00000000eab00000)
  object space 87552K, 1% used [0x00000000c0000000,0x00000000c010c258,0x00000000c5580000)
 Metaspace       used 5985K, capacity 6896K, committed 7040K, reserved 1056768K
  class space    used 583K, capacity 616K, committed 640K, reserved 1048576K
}
Event: 10.527 GC heap before
{Heap before GC invocations=2 (full 0):
 PSYoungGen      total 38400K, used 38392K [0x00000000eab00000, 0x00000000ef600000, 0x0000000100000000)
  eden space 33280K, 100% used [0x00000000eab00000,0x00000000ecb80000,0x00000000ecb80000)
  from space 5120K, 99% used [0x00000000ecb80000,0x00000000ed07e230,0x00000000ed080000)
  to   space 5120K, 0% used [0x00000000ef100000,0x00000000ef100000,0x00000000ef600000)
 ParOldGen       total 87552K, used 1072K [0x00000000c0000000, 0x00000000c5580000, 0x00000000eab00000)
  object space 87552K, 1% used [0x00000000c0000000,0x00000000c010c258,0x00000000c5580000)
 Metaspace       used 6141K, capacity 7024K, committed 7296K, reserved 1056768K
  class space    used 585K, capacity 616K, committed 640K, reserved 1048576K
Event: 10.558 GC heap after
Heap after GC invocations=2 (full 0):
 PSYoungGen      total 71680K, used 5110K [0x00000000eab00000, 0x00000000ef600000, 0x0000000100000000)
  eden space 66560K, 0% used [0x00000000eab00000,0x00000000eab00000,0x00000000eec00000)
  from space 5120K, 99% used [0x00000000ef100000,0x00000000ef5fd858,0x00000000ef600000)
  to   space 5120K, 0% used [0x00000000eec00000,0x00000000eec00000,0x00000000ef100000)
 ParOldGen       total 87552K, used 4782K [0x00000000c0000000, 0x00000000c5580000, 0x00000000eab00000)
  object space 87552K, 5% used [0x00000000c0000000,0x00000000c04aba08,0x00000000c5580000)
 Metaspace       used 6141K, capacity 7024K, committed 7296K, reserved 1056768K
  class space    used 585K, capacity 616K, committed 640K, reserved 1048576K
}
Event: 12.266 GC heap before
{Heap before GC invocations=3 (full 0):
 PSYoungGen      total 71680K, used 71670K [0x00000000eab00000, 0x00000000ef600000, 0x0000000100000000)
  eden space 66560K, 100% used [0x00000000eab00000,0x00000000eec00000,0x00000000eec00000)
  from space 5120K, 99% used [0x00000000ef100000,0x00000000ef5fd858,0x00000000ef600000)
  to   space 5120K, 0% used [0x00000000eec00000,0x00000000eec00000,0x00000000ef100000)
 ParOldGen       total 87552K, used 4782K [0x00000000c0000000, 0x00000000c5580000, 0x00000000eab00000)
  object space 87552K, 5% used [0x00000000c0000000,0x00000000c04aba08,0x00000000c5580000)
 Metaspace       used 6177K, capacity 7088K, committed 7296K, reserved 1056768K
  class space    used 585K, capacity 616K, committed 640K, reserved 1048576K
Event: 12.304 GC heap after
Heap after GC invocations=3 (full 0):
 PSYoungGen      total 71680K, used 5096K [0x00000000eab00000, 0x00000000f3700000, 0x0000000100000000)
  eden space 66560K, 0% used [0x00000000eab00000,0x00000000eab00000,0x00000000eec00000)
  from space 5120K, 99% used [0x00000000eec00000,0x00000000ef0fa1b8,0x00000000ef100000)
  to   space 5120K, 0% used [0x00000000f3200000,0x00000000f3200000,0x00000000f3700000)
 ParOldGen       total 87552K, used 13472K [0x00000000c0000000, 0x00000000c5580000, 0x00000000eab00000)
  object space 87552K, 15% used [0x00000000c0000000,0x00000000c0d282e8,0x00000000c5580000)
 Metaspace       used 6177K, capacity 7088K, committed 7296K, reserved 1056768K
  class space    used 585K, capacity 616K, committed 640K, reserved 1048576K
}
Event: 13.567 GC heap before
{Heap before GC invocations=4 (full 0):
 PSYoungGen      total 71680K, used 71656K [0x00000000eab00000, 0x00000000f3700000, 0x0000000100000000)
  eden space 66560K, 100% used [0x00000000eab00000,0x00000000eec00000,0x00000000eec00000)
  from space 5120K, 99% used [0x00000000eec00000,0x00000000ef0fa1b8,0x00000000ef100000)
  to   space 5120K, 0% used [0x00000000f3200000,0x00000000f3200000,0x00000000f3700000)
 ParOldGen       total 87552K, used 13472K [0x00000000c0000000, 0x00000000c5580000, 0x00000000eab00000)
  object space 87552K, 15% used [0x00000000c0000000,0x00000000c0d282e8,0x00000000c5580000)
 Metaspace       used 6204K, capacity 7088K, committed 7296K, reserved 1056768K
  class space    used 585K, capacity 616K, committed 640K, reserved 1048576K
Event: 13.618 GC heap after
Heap after GC invocations=4 (full 0):
 PSYoungGen      total 138240K, used 5099K [0x00000000eab00000, 0x00000000f3700000, 0x0000000100000000)
  eden space 133120K, 0% used [0x00000000eab00000,0x00000000eab00000,0x00000000f2d00000)
  from space 5120K, 99% used [0x00000000f3200000,0x00000000f36fad70,0x00000000f3700000)
  to   space 5120K, 0% used [0x00000000f2d00000,0x00000000f2d00000,0x00000000f3200000)
 ParOldGen       total 87552K, used 23601K [0x00000000c0000000, 0x00000000c5580000, 0x00000000eab00000)
  object space 87552K, 26% used [0x00000000c0000000,0x00000000c170c698,0x00000000c5580000)
 Metaspace       used 6204K, capacity 7088K, committed 7296K, reserved 1056768K
  class space    used 585K, capacity 616K, committed 640K, reserved 1048576K
}
Event: 15.537 GC heap before
{Heap before GC invocations=5 (full 0):
 PSYoungGen      total 138240K, used 138219K [0x00000000eab00000, 0x00000000f3700000, 0x0000000100000000)
  eden space 133120K, 100% used [0x00000000eab00000,0x00000000f2d00000,0x00000000f2d00000)
  from space 5120K, 99% used [0x00000000f3200000,0x00000000f36fad70,0x00000000f3700000)
  to   space 5120K, 0% used [0x00000000f2d00000,0x00000000f2d00000,0x00000000f3200000)
 ParOldGen       total 87552K, used 23601K [0x00000000c0000000, 0x00000000c5580000, 0x00000000eab00000)
  object space 87552K, 26% used [0x00000000c0000000,0x00000000c170c698,0x00000000c5580000)
 Metaspace       used 6284K, capacity 7152K, committed 7296K, reserved 1056768K
  class space    used 585K, capacity 616K, committed 640K, reserved 1048576K
Event: 15.614 GC heap after
Heap after GC invocations=5 (full 0):
 PSYoungGen      total 138240K, used 5117K [0x00000000eab00000, 0x00000000fe100000, 0x0000000100000000)
  eden space 133120K, 0% used [0x00000000eab00000,0x00000000eab00000,0x00000000f2d00000)
  from space 5120K, 99% used [0x00000000f2d00000,0x00000000f31ff680,0x00000000f3200000)
  to   space 25600K, 0% used [0x00000000fc800000,0x00000000fc800000,0x00000000fe100000)
 ParOldGen       total 87552K, used 42080K [0x00000000c0000000, 0x00000000c5580000, 0x00000000eab00000)
  object space 87552K, 48% used [0x00000000c0000000,0x00000000c2918048,0x00000000c5580000)
 Metaspace       used 6284K, capacity 7152K, committed 7296K, reserved 1056768K
  class space    used 585K, capacity 616K, committed 640K, reserved 1048576K
}

Deoptimization events (10 events):
Event: 15.786 Thread 0x00000000023ed800 Uncommon trap: reason=class_check action=maybe_recompile pc=0x0000000002af7924 method=java.util.Arrays.hashCode([Ljava/lang/Object;)I @ 43
Event: 15.786 Thread 0x00000000023ed800 Uncommon trap: reason=class_check action=maybe_recompile pc=0x0000000002af7924 method=java.util.Arrays.hashCode([Ljava/lang/Object;)I @ 43
Event: 15.786 Thread 0x00000000023ed800 Uncommon trap: reason=class_check action=maybe_recompile pc=0x0000000002afb208 method=java.util.Arrays.hashCode([Ljava/lang/Object;)I @ 43
Event: 16.047 Thread 0x00000000023ed800 Uncommon trap: reason=unreached action=reinterpret pc=0x0000000003022e38 method=com.android.dx.dex.code.OutputFinisher.addConstants(Ljava/util/HashSet;Lcom/android/dx/rop/code/RegisterSpec;)V @ 32
Event: 16.199 Thread 0x00000000023ed800 Uncommon trap: reason=speculate_class_check action=maybe_recompile pc=0x0000000002a41470 method=com.android.dx.util.FixedSizeList.equals(Ljava/lang/Object;)Z @ 25
Event: 16.200 Thread 0x00000000023ed800 Uncommon trap: reason=speculate_class_check action=maybe_recompile pc=0x0000000002a41470 method=com.android.dx.util.FixedSizeList.equals(Ljava/lang/Object;)Z @ 25
Event: 16.200 Thread 0x00000000023ed800 Uncommon trap: reason=speculate_class_check action=maybe_recompile pc=0x0000000002a41470 method=com.android.dx.util.FixedSizeList.equals(Ljava/lang/Object;)Z @ 25
Event: 16.200 Thread 0x00000000023ed800 Uncommon trap: reason=speculate_class_check action=maybe_recompile pc=0x0000000002a41470 method=com.android.dx.util.FixedSizeList.equals(Ljava/lang/Object;)Z @ 25
Event: 16.246 Thread 0x00000000023ed800 Uncommon trap: reason=unreached action=reinterpret pc=0x00000000030668f8 method=com.android.dx.dex.code.OutputFinisher.findOpcodeForInsn(Lcom/android/dx/dex/code/DalvInsn;Lcom/android/dx/dex/code/Dop;)Lcom/android/dx/dex/code/Dop; @ 1
Event: 16.912 Thread 0x00000000023ed800 Uncommon trap: reason=unreached action=reinterpret pc=0x00000000030ad138 method=com.android.dx.dex.code.LocalList$MakeState.filterSpec(Lcom/android/dx/rop/code/RegisterSpec;)Lcom/android/dx/rop/code/RegisterSpec; @ 11

Internal exceptions (10 events):
Event: 16.200 Thread 0x00000000023ed800 Exception <a 'java/security/PrivilegedActionException'> (0x00000000ebb55ff8) thrown at [D:\re\workspace\8-2-build-windows-amd64-cygwin\jdk8u20\1074\hotspot\src\share\vm\prims\jvm.cpp, line 1275]
Event: 16.201 Thread 0x00000000023ed800 Exception <a 'java/security/PrivilegedActionException'> (0x00000000ebb59148) thrown at [D:\re\workspace\8-2-build-windows-amd64-cygwin\jdk8u20\1074\hotspot\src\share\vm\prims\jvm.cpp, line 1275]
Event: 16.201 Thread 0x00000000023ed800 Exception <a 'java/security/PrivilegedActionException'> (0x00000000ebb5c098) thrown at [D:\re\workspace\8-2-build-windows-amd64-cygwin\jdk8u20\1074\hotspot\src\share\vm\prims\jvm.cpp, line 1275]
Event: 16.247 Thread 0x00000000023ed800 Exception <a 'java/security/PrivilegedActionException'> (0x00000000ebbaf8c8) thrown at [D:\re\workspace\8-2-build-windows-amd64-cygwin\jdk8u20\1074\hotspot\src\share\vm\prims\jvm.cpp, line 1275]
Event: 16.978 Thread 0x00000000023ed800 Exception <a 'java/security/PrivilegedActionException'> (0x00000000ec5e5038) thrown at [D:\re\workspace\8-2-build-windows-amd64-cygwin\jdk8u20\1074\hotspot\src\share\vm\prims\jvm.cpp, line 1275]
Event: 16.980 Thread 0x00000000023ed800 Exception <a 'java/security/PrivilegedActionException'> (0x00000000ec5f0f48) thrown at [D:\re\workspace\8-2-build-windows-amd64-cygwin\jdk8u20\1074\hotspot\src\share\vm\prims\jvm.cpp, line 1275]
Event: 16.981 Thread 0x00000000023ed800 Exception <a 'java/security/PrivilegedActionException'> (0x00000000ec5f3c38) thrown at [D:\re\workspace\8-2-build-windows-amd64-cygwin\jdk8u20\1074\hotspot\src\share\vm\prims\jvm.cpp, line 1275]
Event: 17.120 Thread 0x00000000023ed800 Exception <a 'java/security/PrivilegedActionException'> (0x00000000ec8ca0e0) thrown at [D:\re\workspace\8-2-build-windows-amd64-cygwin\jdk8u20\1074\hotspot\src\share\vm\prims\jvm.cpp, line 1275]
Event: 17.168 Thread 0x00000000023ed800 Exception <a 'java/security/PrivilegedActionException'> (0x00000000ec950ea8) thrown at [D:\re\workspace\8-2-build-windows-amd64-cygwin\jdk8u20\1074\hotspot\src\share\vm\prims\jvm.cpp, line 1275]
Event: 17.169 Thread 0x00000000023ed800 Exception <a 'java/security/PrivilegedActionException'> (0x00000000ec956480) thrown at [D:\re\workspace\8-2-build-windows-amd64-cygwin\jdk8u20\1074\hotspot\src\share\vm\prims\jvm.cpp, line 1275]

Events (10 events):
Event: 16.980 loading class com/android/dx/dex/file/DebugInfoEncoder$1
Event: 16.980 loading class com/android/dx/dex/file/DebugInfoEncoder$1 done
Event: 16.981 loading class com/android/dx/dex/file/DebugInfoEncoder$2
Event: 16.981 loading class com/android/dx/dex/file/DebugInfoEncoder$2 done
Event: 17.120 loading class com/android/dex/EncodedValueCodec
Event: 17.120 loading class com/android/dex/EncodedValueCodec done
Event: 17.168 loading class com/android/dx/dex/file/MapItem
Event: 17.168 loading class com/android/dx/dex/file/MapItem done
Event: 17.169 loading class com/android/dx/dex/file/UniformListItem
Event: 17.169 loading class com/android/dx/dex/file/UniformListItem done


Dynamic libraries:
0x00007ff731af0000 - 0x00007ff731b24000 	C:\Program Files\Java\jdk1.8.0_20\bin\java.exe
0x00007ffc9fd00000 - 0x00007ffc9fed1000 	C:\WINDOWS\SYSTEM32\ntdll.dll
0x00007ffc9d990000 - 0x00007ffc9da3b000 	C:\WINDOWS\System32\KERNEL32.DLL
0x00007ffc9cf60000 - 0x00007ffc9d17d000 	C:\WINDOWS\System32\KERNELBASE.dll
0x00007ffc9da50000 - 0x00007ffc9daf2000 	C:\WINDOWS\System32\ADVAPI32.dll
0x00007ffc9db00000 - 0x00007ffc9db9e000 	C:\WINDOWS\System32\msvcrt.dll
0x00007ffc9f590000 - 0x00007ffc9f5e9000 	C:\WINDOWS\System32\sechost.dll
0x00007ffc9f430000 - 0x00007ffc9f551000 	C:\WINDOWS\System32\RPCRT4.dll
0x00007ffc9d290000 - 0x00007ffc9d3f5000 	C:\WINDOWS\System32\USER32.dll
0x00007ffc9cd10000 - 0x00007ffc9cd2e000 	C:\WINDOWS\System32\win32u.dll
0x00007ffc9f890000 - 0x00007ffc9f8c4000 	C:\WINDOWS\System32\GDI32.dll
0x00007ffc9cd30000 - 0x00007ffc9ceb2000 	C:\WINDOWS\System32\gdi32full.dll
0x00007ffc929a0000 - 0x00007ffc92c19000 	C:\WINDOWS\WinSxS\amd64_microsoft.windows.common-controls_6595b64144ccf1df_6.0.14393.0_none_2d0f50fcbdb171b8\COMCTL32.dll
0x00007ffc9f8e0000 - 0x00007ffc9fba7000 	C:\WINDOWS\System32\combase.dll
0x00007ffc9c260000 - 0x00007ffc9c355000 	C:\WINDOWS\System32\ucrtbase.dll
0x00007ffc9c1f0000 - 0x00007ffc9c25a000 	C:\WINDOWS\System32\bcryptPrimitives.dll
0x00007ffc9f560000 - 0x00007ffc9f58e000 	C:\WINDOWS\System32\IMM32.DLL
0x0000000075ed0000 - 0x0000000075fa2000 	C:\Program Files\Java\jdk1.8.0_20\jre\bin\msvcr100.dll
0x00000000741f0000 - 0x0000000074a48000 	C:\Program Files\Java\jdk1.8.0_20\jre\bin\server\jvm.dll
0x00007ffc9fcf0000 - 0x00007ffc9fcf8000 	C:\WINDOWS\System32\PSAPI.DLL
0x00007ffc8f3c0000 - 0x00007ffc8f3c9000 	C:\WINDOWS\SYSTEM32\WSOCK32.dll
0x00007ffc9dc10000 - 0x00007ffc9dc7a000 	C:\WINDOWS\System32\WS2_32.dll
0x00007ffc9a3a0000 - 0x00007ffc9a3c3000 	C:\WINDOWS\SYSTEM32\WINMM.dll
0x00007ffc9a370000 - 0x00007ffc9a39b000 	C:\WINDOWS\SYSTEM32\WINMMBASE.dll
0x00007ffc9ccc0000 - 0x00007ffc9cd02000 	C:\WINDOWS\System32\cfgmgr32.dll
0x00000000761d0000 - 0x00000000761df000 	C:\Program Files\Java\jdk1.8.0_20\jre\bin\verify.dll
0x00000000761a0000 - 0x00000000761c8000 	C:\Program Files\Java\jdk1.8.0_20\jre\bin\java.dll
0x0000000076180000 - 0x0000000076196000 	C:\Program Files\Java\jdk1.8.0_20\jre\bin\zip.dll
0x00007ffc9df20000 - 0x00007ffc9f428000 	C:\WINDOWS\System32\SHELL32.dll
0x00007ffc9c530000 - 0x00007ffc9cc0a000 	C:\WINDOWS\System32\windows.storage.dll
0x00007ffc9c1a0000 - 0x00007ffc9c1ec000 	C:\WINDOWS\System32\powrprof.dll
0x00007ffc9dec0000 - 0x00007ffc9df12000 	C:\WINDOWS\System32\shlwapi.dll
0x00007ffc9c160000 - 0x00007ffc9c16f000 	C:\WINDOWS\System32\kernel.appcore.dll
0x00007ffc9d180000 - 0x00007ffc9d229000 	C:\WINDOWS\System32\shcore.dll
0x00007ffc9c180000 - 0x00007ffc9c194000 	C:\WINDOWS\System32\profapi.dll
0x00007ffc8d340000 - 0x00007ffc8d4d2000 	C:\WINDOWS\SYSTEM32\dbghelp.dll

VM Arguments:
jvm_args: -Djava.awt.headless=true -Xmx1024M -Dfile.encoding=windows-1252 -Duser.country=US -Duser.language=en -Duser.variant 
java_command: com.android.dx.command.Main --dex --force-jumbo --num-threads=4 --output C:\Users\Jadon\WorkSpace3Y\SoftwareDesign\FindMeTutor\FindMeTutor\app\build\intermediates\pre-dexed\debug\mail_6712e78fc79f00a28eb8c0e02a655090f72448be.jar C:\Users\Jadon\WorkSpace3Y\SoftwareDesign\FindMeTutor\FindMeTutor\app\src\main\libs\mail.jar
java_class_path (initial): C:\Users\Jadon\AppData\Local\Android\sdk\build-tools\24.0.1\lib\dx.jar
Launcher Type: SUN_STANDARD

Environment Variables:
PATH=C:\ProgramData\Oracle\Java\javapath;C:\Program Files (x86)\AMD APP\bin\x86_64;C:\Program Files (x86)\AMD APP\bin\x86;C:\Program Files (x86)\Intel\iCLS Client\;C:\Program Files\Intel\iCLS Client\;C:\WINDOWS\system32;C:\WINDOWS;C:\WINDOWS\System32\Wbem;C:\WINDOWS\System32\WindowsPowerShell\v1.0\;C:\Program Files\Intel\WiFi\bin\;C:\Program Files\Common Files\Intel\WirelessCommon\;C:\Program Files\Intel\Intel(R) Management Engine Components\DAL;C:\Program Files\Intel\Intel(R) Management Engine Components\IPT;C:\Program Files (x86)\Intel\Intel(R) Management Engine Components\DAL;C:\Program Files (x86)\Intel\Intel(R) Management Engine Components\IPT;C:\Program Files (x86)\ATI Technologies\ATI.ACE\Core-Static;C:\Program Files (x86)\Intel\OpenCL SDK\2.0\bin\x86;C:\Program Files (x86)\Intel\OpenCL SDK\2.0\bin\x64;C:\Program Files (x86)\QuickTime\QTSystem\;C:\Program Files\MATLAB\R2013b\runtime\win64;C:\Program Files\MATLAB\R2013b\bin;C:\WINDOWS\system32\config\systemprofile\.dnx\bin;C:\Program Files\Microsoft DNX\Dnvm\;C:\Program Files\Microsoft SQL Server\130\Tools\Binn\;C:\Program Files (x86)\Windows Kits\8.1\Windows Performance Toolkit\;C:\Program Files\MiKTeX 2.9\miktex\bin\x64\;C:\Program Files (x86)\MiKTeX 2.9\miktex\bin\;C:\Program Files (x86)\Graphviz2.38\bin;C:\Program Files\doxygen\bin;C:\Program Files\Git\cmd;C:\Program Files (x86)\OpenVPN\bin;C:\Users\Jadon\AppData\Local\Programs\Python\Python35\Scripts\;C:\Users\Jadon\AppData\Local\Programs\Python\Python35\;C:\Program Files\Intel\WiFi\bin\;C:\Program Files\Common Files\Intel\WirelessCommon\;%USERPROFILE%\AppData\Local\Microsoft\WindowsApps;
USERNAME=Jadon
OS=Windows_NT
PROCESSOR_IDENTIFIER=Intel64 Family 6 Model 58 Stepping 9, GenuineIntel



---------------  S Y S T E M  ---------------

OS: Windows 8.1 , 64 bit Build 9600 

CPU:total 4 (2 cores per cpu, 2 threads per core) family 6 model 58 stepping 9, cmov, cx8, fxsr, mmx, sse, sse2, sse3, ssse3, sse4.1, sse4.2, popcnt, avx, aes, clmul, erms, ht, tsc, tscinvbit, tscinv

Memory: 4k page, physical 8267032k(2034632k free), swap 10217752k(1336k free)

vm_info: Java HotSpot(TM) 64-Bit Server VM (25.20-b23) for windows-amd64 JRE (1.8.0_20-b26), built on Jul 30 2014 13:51:23 by "java_re" with MS VC++ 10.0 (VS2010)

time: Thu Oct 20 23:30:48 2016
elapsed time: 17 seconds (0d 0h 0m 17s)

