#
# There is insufficient memory for the Java Runtime Environment to continue.
# Native memory allocation (malloc) failed to allocate 650576 bytes for Chunk::new
# Possible reasons:
#   The system is out of physical RAM or swap space
#   In 32 bit mode, the process size limit was hit
# Possible solutions:
#   Reduce memory load on the system
#   Increase physical memory or swap space
#   Check if swap backing store is full
#   Use 64 bit Java on a 64 bit OS
#   Decrease Java heap size (-Xmx/-Xms)
#   Decrease number of Java threads
#   Decrease Java thread stack sizes (-Xss)
#   Set larger code cache with -XX:ReservedCodeCacheSize=
# This output file may be truncated or incomplete.
#
#  Out of Memory Error (allocation.cpp:390), pid=7856, tid=9184
#
# JRE version: Java(TM) SE Runtime Environment (8.0_20-b26) (build 1.8.0_20-b26)
# Java VM: Java HotSpot(TM) 64-Bit Server VM (25.20-b23 mixed mode windows-amd64 compressed oops)
# Failed to write core dump. Minidumps are not enabled by default on client versions of Windows
#

---------------  T H R E A D  ---------------

Current thread (0x0000000014bad800):  JavaThread "C2 CompilerThread0" daemon [_thread_in_native, id=9184, stack(0x0000000016100000,0x0000000016200000)]

Stack: [0x0000000016100000,0x0000000016200000]
Native frames: (J=compiled Java code, j=interpreted, Vv=VM code, C=native code)
V  [jvm.dll+0x3152fa]
V  [jvm.dll+0x265d03]
V  [jvm.dll+0x266943]
V  [jvm.dll+0x25e265]
V  [jvm.dll+0xbe255]
V  [jvm.dll+0xbe6fc]
V  [jvm.dll+0x45c472]
V  [jvm.dll+0x49d76f]
V  [jvm.dll+0x451045]
V  [jvm.dll+0x452634]
V  [jvm.dll+0x435fc2]
V  [jvm.dll+0x97b62]
V  [jvm.dll+0x98353]
V  [jvm.dll+0x22aac4]
V  [jvm.dll+0x283f5a]
C  [msvcr100.dll+0x21d9f]
C  [msvcr100.dll+0x21e3b]
C  [KERNEL32.DLL+0x18102]
C  [ntdll.dll+0x5c5b4]


Current CompileTask:
C2:   3825 1514       4       com.android.dx.ssa.SsaMethod::forEachBlockDepthFirst (194 bytes)


---------------  P R O C E S S  ---------------

Java Threads: ( => current thread )
  0x00000000168aa000 JavaThread "pool-1-thread-4" [_thread_in_Java, id=6244, stack(0x0000000017600000,0x0000000017700000)]
  0x00000000168a9000 JavaThread "pool-1-thread-3" [_thread_in_Java, id=13112, stack(0x0000000017500000,0x0000000017600000)]
  0x00000000169f8000 JavaThread "pool-1-thread-2" [_thread_blocked, id=1668, stack(0x0000000017400000,0x0000000017500000)]
  0x0000000016aba800 JavaThread "pool-2-thread-1" [_thread_blocked, id=11392, stack(0x0000000017300000,0x0000000017400000)]
  0x000000001692a000 JavaThread "pool-1-thread-1" [_thread_blocked, id=5616, stack(0x0000000017200000,0x0000000017300000)]
  0x0000000014c0b000 JavaThread "Service Thread" daemon [_thread_blocked, id=6436, stack(0x0000000016400000,0x0000000016500000)]
  0x0000000014c04000 JavaThread "C1 CompilerThread2" daemon [_thread_in_native, id=9620, stack(0x0000000016300000,0x0000000016400000)]
  0x0000000014bb0000 JavaThread "C2 CompilerThread1" daemon [_thread_in_native, id=11476, stack(0x0000000016200000,0x0000000016300000)]
=>0x0000000014bad800 JavaThread "C2 CompilerThread0" daemon [_thread_in_native, id=9184, stack(0x0000000016100000,0x0000000016200000)]
  0x0000000014bab800 JavaThread "Attach Listener" daemon [_thread_blocked, id=11512, stack(0x0000000016000000,0x0000000016100000)]
  0x0000000014baa000 JavaThread "Signal Dispatcher" daemon [_thread_blocked, id=10860, stack(0x0000000015f00000,0x0000000016000000)]
  0x00000000024cf000 JavaThread "Finalizer" daemon [_thread_blocked, id=10564, stack(0x0000000015e00000,0x0000000015f00000)]
  0x0000000014b78000 JavaThread "Reference Handler" daemon [_thread_blocked, id=10512, stack(0x0000000015d00000,0x0000000015e00000)]
  0x00000000022dd800 JavaThread "main" [_thread_blocked, id=856, stack(0x00000000022e0000,0x00000000023e0000)]

Other Threads:
  0x0000000014b76000 VMThread [stack: 0x0000000015c00000,0x0000000015d00000] [id=7528]
  0x0000000014c0e000 WatcherThread [stack: 0x0000000016500000,0x0000000016600000] [id=12692]

VM state:not at safepoint (normal execution)

VM Mutex/Monitor currently owned by a thread: None

Heap:
 PSYoungGen      total 38400K, used 36863K [0x00000000eab00000, 0x00000000ef600000, 0x0000000100000000)
  eden space 33280K, 95% used [0x00000000eab00000,0x00000000eca01178,0x00000000ecb80000)
  from space 5120K, 99% used [0x00000000ecb80000,0x00000000ed07eac8,0x00000000ed080000)
  to   space 5120K, 0% used [0x00000000ef100000,0x00000000ef100000,0x00000000ef600000)
 ParOldGen       total 87552K, used 1289K [0x00000000c0000000, 0x00000000c5580000, 0x00000000eab00000)
  object space 87552K, 1% used [0x00000000c0000000,0x00000000c01425b8,0x00000000c5580000)
 Metaspace       used 6153K, capacity 7088K, committed 7296K, reserved 1056768K
  class space    used 593K, capacity 616K, committed 640K, reserved 1048576K

Card table byte_map: [0x00000000118a0000,0x0000000011ab0000] byte_map_base: 0x00000000112a0000

Marking Bits: (ParMarkBitMap*) 0x000000006befb460
 Begin Bits: [0x0000000012010000, 0x0000000013010000)
 End Bits:   [0x0000000013010000, 0x0000000014010000)

Polling page: 0x00000000001f0000

CodeCache: size=245760Kb used=6507Kb max_used=6507Kb free=239252Kb
 bounds [0x00000000024e0000, 0x0000000002b50000, 0x00000000114e0000]
 total_blobs=1800 nmethods=1536 adapters=178
 compilation: enabled

Compilation events (10 events):
Event: 3.782 Thread 0x0000000014bad800 1514       4       com.android.dx.ssa.SsaMethod::forEachBlockDepthFirst (194 bytes)
Event: 3.785 Thread 0x0000000014c04000 1515       3       com.android.dx.dex.file.CodeItem::<init> (81 bytes)
Event: 3.785 Thread 0x0000000014c04000 nmethod 1515 0x0000000002b1b6d0 code [0x0000000002b1b880, 0x0000000002b1bd38]
Event: 3.786 Thread 0x0000000014bb0000 1516       4       com.android.dx.ssa.SsaMethod$1::visitNonMoveInsn (26 bytes)
Event: 3.787 Thread 0x0000000014bb0000 nmethod 1516 0x0000000002b19a50 code [0x0000000002b19ba0, 0x0000000002b19c98]
Event: 3.788 Thread 0x0000000014bb0000 1517   !   4       com.android.dx.cf.code.BaseMachine::result (36 bytes)
Event: 3.789 Thread 0x0000000014bb0000 nmethod 1517 0x0000000002b1b410 code [0x0000000002b1b540, 0x0000000002b1b5f8]
Event: 3.789 Thread 0x0000000014c04000 1518       3       com.android.dx.ssa.SsaMethod::newFromRopMethod (18 bytes)
Event: 3.789 Thread 0x0000000014c04000 nmethod 1518 0x0000000002b1af90 code [0x0000000002b1b100, 0x0000000002b1b318]
Event: 3.789 Thread 0x0000000014bb0000 1519       4       com.android.dx.ssa.SsaBasicBlock::newFromRop (183 bytes)

GC Heap History (2 events):
Event: 2.186 GC heap before
{Heap before GC invocations=1 (full 0):
 PSYoungGen      total 38400K, used 33280K [0x00000000eab00000, 0x00000000ed580000, 0x0000000100000000)
  eden space 33280K, 100% used [0x00000000eab00000,0x00000000ecb80000,0x00000000ecb80000)
  from space 5120K, 0% used [0x00000000ed080000,0x00000000ed080000,0x00000000ed580000)
  to   space 5120K, 0% used [0x00000000ecb80000,0x00000000ecb80000,0x00000000ed080000)
 ParOldGen       total 87552K, used 0K [0x00000000c0000000, 0x00000000c5580000, 0x00000000eab00000)
  object space 87552K, 0% used [0x00000000c0000000,0x00000000c0000000,0x00000000c5580000)
 Metaspace       used 5938K, capacity 6896K, committed 7040K, reserved 1056768K
  class space    used 590K, capacity 616K, committed 640K, reserved 1048576K
Event: 2.315 GC heap after
Heap after GC invocations=1 (full 0):
 PSYoungGen      total 38400K, used 5114K [0x00000000eab00000, 0x00000000ef600000, 0x0000000100000000)
  eden space 33280K, 0% used [0x00000000eab00000,0x00000000eab00000,0x00000000ecb80000)
  from space 5120K, 99% used [0x00000000ecb80000,0x00000000ed07eac8,0x00000000ed080000)
  to   space 5120K, 0% used [0x00000000ef100000,0x00000000ef100000,0x00000000ef600000)
 ParOldGen       total 87552K, used 1289K [0x00000000c0000000, 0x00000000c5580000, 0x00000000eab00000)
  object space 87552K, 1% used [0x00000000c0000000,0x00000000c01425b8,0x00000000c5580000)
 Metaspace       used 5938K, capacity 6896K, committed 7040K, reserved 1056768K
  class space    used 590K, capacity 616K, committed 640K, reserved 1048576K
}

Deoptimization events (10 events):
Event: 2.809 Thread 0x00000000022dd800 Uncommon trap: reason=class_check action=maybe_recompile pc=0x000000000293fd64 method=java.util.HashMap.putVal(ILjava/lang/Object;Ljava/lang/Object;ZZ)Ljava/lang/Object; @ 203
Event: 2.810 Thread 0x00000000022dd800 Uncommon trap: reason=bimorphic action=maybe_recompile pc=0x00000000027368a4 method=java.util.HashMap.getNode(ILjava/lang/Object;)Ljava/util/HashMap$Node; @ 126
Event: 2.812 Thread 0x00000000022dd800 Uncommon trap: reason=bimorphic action=maybe_recompile pc=0x00000000027368a4 method=java.util.HashMap.getNode(ILjava/lang/Object;)Ljava/util/HashMap$Node; @ 126
Event: 3.256 Thread 0x00000000022dd800 Uncommon trap: reason=bimorphic action=maybe_recompile pc=0x000000000271784c method=java.util.HashMap.getNode(ILjava/lang/Object;)Ljava/util/HashMap$Node; @ 126
Event: 3.256 Thread 0x00000000022dd800 Uncommon trap: reason=class_check action=maybe_recompile pc=0x00000000028b59f4 method=java.util.HashMap.putVal(ILjava/lang/Object;Ljava/lang/Object;ZZ)Ljava/lang/Object; @ 203
Event: 3.256 Thread 0x00000000022dd800 Uncommon trap: reason=bimorphic action=maybe_recompile pc=0x000000000271784c method=java.util.HashMap.getNode(ILjava/lang/Object;)Ljava/util/HashMap$Node; @ 126
Event: 3.256 Thread 0x00000000022dd800 Uncommon trap: reason=class_check action=maybe_recompile pc=0x00000000028b59f4 method=java.util.HashMap.putVal(ILjava/lang/Object;Ljava/lang/Object;ZZ)Ljava/lang/Object; @ 203
Event: 3.256 Thread 0x00000000022dd800 Uncommon trap: reason=class_check action=maybe_recompile pc=0x00000000028b59f4 method=java.util.HashMap.putVal(ILjava/lang/Object;Ljava/lang/Object;ZZ)Ljava/lang/Object; @ 203
Event: 3.256 Thread 0x00000000022dd800 Uncommon trap: reason=bimorphic action=maybe_recompile pc=0x00000000027368a4 method=java.util.HashMap.getNode(ILjava/lang/Object;)Ljava/util/HashMap$Node; @ 126
Event: 3.312 Thread 0x00000000022dd800 Uncommon trap: reason=unloaded action=reinterpret pc=0x0000000002970008 method=com.android.dx.cf.cst.ConstantPoolParser.parse0(ILjava/util/BitSet;)Lcom/android/dx/rop/cst/Constant; @ 198

Internal exceptions (10 events):
Event: 1.205 Thread 0x00000000022dd800 Exception <a 'java/security/PrivilegedActionException'> (0x00000000ebcb6978) thrown at [D:\re\workspace\8-2-build-windows-amd64-cygwin\jdk8u20\1074\hotspot\src\share\vm\prims\jvm.cpp, line 1275]
Event: 1.328 Thread 0x00000000022dd800 Exception <a 'java/security/PrivilegedActionException'> (0x00000000ebcbc408) thrown at [D:\re\workspace\8-2-build-windows-amd64-cygwin\jdk8u20\1074\hotspot\src\share\vm\prims\jvm.cpp, line 1275]
Event: 1.331 Thread 0x00000000168a9000 Exception <a 'java/security/PrivilegedActionException'> (0x00000000ebd8a7e8) thrown at [D:\re\workspace\8-2-build-windows-amd64-cygwin\jdk8u20\1074\hotspot\src\share\vm\prims\jvm.cpp, line 1275]
Event: 1.375 Thread 0x00000000022dd800 Exception <a 'java/security/PrivilegedActionException'> (0x00000000ebe7b8b8) thrown at [D:\re\workspace\8-2-build-windows-amd64-cygwin\jdk8u20\1074\hotspot\src\share\vm\prims\jvm.cpp, line 1275]
Event: 1.413 Thread 0x00000000168aa000 Exception <a 'java/security/PrivilegedActionException'> (0x00000000ebd86b30) thrown at [D:\re\workspace\8-2-build-windows-amd64-cygwin\jdk8u20\1074\hotspot\src\share\vm\prims\jvm.cpp, line 1275]
Event: 1.429 Thread 0x000000001692a000 Exception <a 'java/security/PrivilegedActionException'> (0x00000000ebb77c70) thrown at [D:\re\workspace\8-2-build-windows-amd64-cygwin\jdk8u20\1074\hotspot\src\share\vm\prims\jvm.cpp, line 1275]
Event: 1.442 Thread 0x00000000022dd800 Exception <a 'java/security/PrivilegedActionException'> (0x00000000ec0f33c0) thrown at [D:\re\workspace\8-2-build-windows-amd64-cygwin\jdk8u20\1074\hotspot\src\share\vm\prims\jvm.cpp, line 1275]
Event: 1.443 Thread 0x00000000022dd800 Exception <a 'java/security/PrivilegedActionException'> (0x00000000ec0f5ba8) thrown at [D:\re\workspace\8-2-build-windows-amd64-cygwin\jdk8u20\1074\hotspot\src\share\vm\prims\jvm.cpp, line 1275]
Event: 2.372 Thread 0x00000000168a9000 Implicit null exception at 0x00000000028630cb to 0x00000000028652dd
Event: 2.415 Thread 0x00000000022dd800 Exception <a 'java/security/PrivilegedActionException'> (0x00000000eb4f4c80) thrown at [D:\re\workspace\8-2-build-windows-amd64-cygwin\jdk8u20\1074\hotspot\src\share\vm\prims\jvm.cpp, line 1275]

Events (10 events):
Event: 3.256 Thread 0x00000000022dd800 DEOPT UNPACKING pc=0x000000000252556a sp=0x00000000023de3a8 mode 2
Event: 3.256 Thread 0x00000000022dd800 Uncommon trap: trap_request=0xffffffde fr.pc=0x00000000028b59f4
Event: 3.256 Thread 0x00000000022dd800 DEOPT PACKING pc=0x00000000028b59f4 sp=0x00000000023de430
Event: 3.256 Thread 0x00000000022dd800 DEOPT UNPACKING pc=0x000000000252556a sp=0x00000000023de3a8 mode 2
Event: 3.256 Thread 0x00000000022dd800 Uncommon trap: trap_request=0xffffffc6 fr.pc=0x00000000027368a4
Event: 3.256 Thread 0x00000000022dd800 DEOPT PACKING pc=0x00000000027368a4 sp=0x00000000023de160
Event: 3.256 Thread 0x00000000022dd800 DEOPT UNPACKING pc=0x000000000252556a sp=0x00000000023de078 mode 2
Event: 3.312 Thread 0x00000000022dd800 Uncommon trap: trap_request=0x000000d2 fr.pc=0x0000000002970008
Event: 3.312 Thread 0x00000000022dd800 DEOPT PACKING pc=0x0000000002970008 sp=0x00000000023dec70
Event: 3.312 Thread 0x00000000022dd800 DEOPT UNPACKING pc=0x000000000252556a sp=0x00000000023dec28 mode 2


Dynamic libraries:
0x00007ff660b40000 - 0x00007ff660b74000 	C:\Program Files\Java\jdk1.8.0_20\bin\java.exe
0x00007fffc5950000 - 0x00007fffc5b11000 	C:\WINDOWS\SYSTEM32\ntdll.dll
0x00007fffc3240000 - 0x00007fffc32ed000 	C:\WINDOWS\system32\KERNEL32.DLL
0x00007fffc2a90000 - 0x00007fffc2c78000 	C:\WINDOWS\system32\KERNELBASE.dll
0x00007fffc3930000 - 0x00007fffc39d7000 	C:\WINDOWS\system32\ADVAPI32.dll
0x00007fffc3df0000 - 0x00007fffc3e8d000 	C:\WINDOWS\system32\msvcrt.dll
0x00007fffc3f50000 - 0x00007fffc3fab000 	C:\WINDOWS\system32\sechost.dll
0x00007fffc3b40000 - 0x00007fffc3c5c000 	C:\WINDOWS\system32\RPCRT4.dll
0x00007fffc39e0000 - 0x00007fffc3b36000 	C:\WINDOWS\system32\USER32.dll
0x00007fffc2eb0000 - 0x00007fffc3036000 	C:\WINDOWS\system32\GDI32.dll
0x00007fffb5f40000 - 0x00007fffb61b4000 	C:\WINDOWS\WinSxS\amd64_microsoft.windows.common-controls_6595b64144ccf1df_6.0.10586.0_none_8c15ae12515e1c22\COMCTL32.dll
0x00007fffc32f0000 - 0x00007fffc356d000 	C:\WINDOWS\system32\combase.dll
0x00007fffc2a20000 - 0x00007fffc2a8a000 	C:\WINDOWS\system32\bcryptPrimitives.dll
0x00007fffc3c60000 - 0x00007fffc3c9b000 	C:\WINDOWS\system32\IMM32.DLL
0x000000006d800000 - 0x000000006d8d2000 	C:\Program Files\Java\jdk1.8.0_20\jre\bin\msvcr100.dll
0x000000006b720000 - 0x000000006bf78000 	C:\Program Files\Java\jdk1.8.0_20\jre\bin\server\jvm.dll
0x00007fffc43e0000 - 0x00007fffc43e8000 	C:\WINDOWS\system32\PSAPI.DLL
0x00007fffb7130000 - 0x00007fffb7139000 	C:\WINDOWS\SYSTEM32\WSOCK32.dll
0x00007fffc38c0000 - 0x00007fffc392b000 	C:\WINDOWS\system32\WS2_32.dll
0x00007fffbfb60000 - 0x00007fffbfb83000 	C:\WINDOWS\SYSTEM32\WINMM.dll
0x00007fffbfb30000 - 0x00007fffbfb5c000 	C:\WINDOWS\SYSTEM32\WINMMBASE.dll
0x00007fffc29b0000 - 0x00007fffc29f3000 	C:\WINDOWS\system32\cfgmgr32.dll
0x000000006d7f0000 - 0x000000006d7ff000 	C:\Program Files\Java\jdk1.8.0_20\jre\bin\verify.dll
0x000000006d7c0000 - 0x000000006d7e8000 	C:\Program Files\Java\jdk1.8.0_20\jre\bin\java.dll
0x000000006d7a0000 - 0x000000006d7b6000 	C:\Program Files\Java\jdk1.8.0_20\jre\bin\zip.dll
0x00007fffc43f0000 - 0x00007fffc594c000 	C:\WINDOWS\system32\SHELL32.dll
0x00007fffc22a0000 - 0x00007fffc28e5000 	C:\WINDOWS\system32\windows.storage.dll
0x00007fffc3ef0000 - 0x00007fffc3f42000 	C:\WINDOWS\system32\shlwapi.dll
0x00007fffc1fb0000 - 0x00007fffc1fbf000 	C:\WINDOWS\system32\kernel.appcore.dll
0x00007fffc28f0000 - 0x00007fffc29a5000 	C:\WINDOWS\system32\shcore.dll
0x00007fffc1f60000 - 0x00007fffc1fab000 	C:\WINDOWS\system32\powrprof.dll
0x00007fffc1fc0000 - 0x00007fffc1fd4000 	C:\WINDOWS\system32\profapi.dll
0x00007fffb5410000 - 0x00007fffb559c000 	C:\WINDOWS\SYSTEM32\dbghelp.dll

VM Arguments:
jvm_args: -Djava.awt.headless=true -Xmx1024M -Dfile.encoding=windows-1252 -Duser.country=US -Duser.language=en -Duser.variant 
java_command: com.android.dx.command.Main --dex --num-threads=4 --output C:\Nivek\Wits\2016\2nd semester\Coms\SD\SoftwareDesign\FindMeTutor\FindMeTutor\app\build\intermediates\pre-dexed\debug\com.android.support-design-24.1.1_2dbe246d4aeb6569c1517109b151138e1bde68dc.jar C:\Nivek\Wits\2016\2nd semester\Coms\SD\SoftwareDesign\FindMeTutor\FindMeTutor\app\build\intermediates\exploded-aar\com.android.support\design\24.1.1\jars\classes.jar
java_class_path (initial): C:\Users\admin\AppData\Local\Android\sdk\build-tools\24.0.1\lib\dx.jar
Launcher Type: SUN_STANDARD

Environment Variables:
PATH=C:\ProgramData\Oracle\Java\javapath;C:\Program Files (x86)\Intel\iCLS Client\;C:\Program Files\Intel\iCLS Client\;C:\WINDOWS\system32;C:\WINDOWS;C:\WINDOWS\System32\Wbem;C:\WINDOWS\System32\WindowsPowerShell\v1.0\;C:\Program Files\Intel\Intel(R) Management Engine Components\DAL;C:\Program Files\Intel\Intel(R) Management Engine Components\IPT;C:\Program Files (x86)\Intel\Intel(R) Management Engine Components\DAL;C:\Program Files (x86)\Intel\Intel(R) Management Engine Components\IPT;C:\Program Files\WIDCOMM\Bluetooth Software\;C:\Program Files\WIDCOMM\Bluetooth Software\syswow64;C:\Program Files (x86)\Intel\OpenCL SDK\2.0\bin\x86;C:\Program Files (x86)\Intel\OpenCL SDK\2.0\bin\x64;C:\Program Files\Intel\WiFi\bin\;C:\Program Files\Common Files\Intel\WirelessCommon\;c:\Program Files (x86)\Microsoft SQL Server\100\Tools\Binn\;c:\Program Files\Microsoft SQL Server\100\Tools\Binn\;c:\Program Files\Microsoft SQL Server\100\DTS\Binn\;C:\Program Files (x86)\MySQL\MySQL Fabric 1.5.4 & MySQL Utilities 1.5.4 1.5\;C:\Program Files (x86)\MySQL\MySQL Fabric 1.5.4 & MySQL Utilities 1.5.4 1.5\Doctrine extensions for PHP\;C:\Program Files (x86)\Borland\Delphi7\Bin;C:\Program Files (x86)\Borland\Delphi7\Projects\Bpl;C:\Program Files (x86)\Borland\Delphi7\Rave5;C:\Program Files\Git\cmd;C:\Program Files\Intel\WiFi\bin\;C:\Program Files\Common Files\Intel\WirelessCommon\
USERNAME=admin
OS=Windows_NT
PROCESSOR_IDENTIFIER=Intel64 Family 6 Model 58 Stepping 9, GenuineIntel



---------------  S Y S T E M  ---------------

OS: Windows 8.1 , 64 bit Build 9600 

CPU:total 4 (2 cores per cpu, 2 threads per core) family 6 model 58 stepping 9, cmov, cx8, fxsr, mmx, sse, sse2, sse3, ssse3, sse4.1, sse4.2, popcnt, avx, aes, clmul, erms, ht, tsc, tscinvbit, tscinv

Memory: 4k page, physical 8258576k(1314676k free), swap 10306576k(4260k free)

vm_info: Java HotSpot(TM) 64-Bit Server VM (25.20-b23) for windows-amd64 JRE (1.8.0_20-b26), built on Jul 30 2014 13:51:23 by "java_re" with MS VC++ 10.0 (VS2010)

time: Sat Aug 13 21:51:14 2016
elapsed time: 3 seconds (0d 0h 0m 3s)

