#
# There is insufficient memory for the Java Runtime Environment to continue.
# Native memory allocation (malloc) failed to allocate 4194320 bytes for Chunk::new
# Possible reasons:
#   The system is out of physical RAM or swap space
#   In 32 bit mode, the process size limit was hit
# Possible solutions:
#   Reduce memory load on the system
#   Increase physical memory or swap space
#   Check if swap backing store is full
#   Use 64 bit Java on a 64 bit OS
#   Decrease Java heap size (-Xmx/-Xms)
#   Decrease number of Java threads
#   Decrease Java thread stack sizes (-Xss)
#   Set larger code cache with -XX:ReservedCodeCacheSize=
# This output file may be truncated or incomplete.
#
#  Out of Memory Error (allocation.cpp:390), pid=11340, tid=11204
#
# JRE version: Java(TM) SE Runtime Environment (8.0_20-b26) (build 1.8.0_20-b26)
# Java VM: Java HotSpot(TM) 64-Bit Server VM (25.20-b23 mixed mode windows-amd64 compressed oops)
# Failed to write core dump. Minidumps are not enabled by default on client versions of Windows
#

---------------  T H R E A D  ---------------

Current thread (0x000000001567d800):  JavaThread "C2 CompilerThread0" daemon [_thread_in_native, id=11204, stack(0x0000000016bf0000,0x0000000016cf0000)]

Stack: [0x0000000016bf0000,0x0000000016cf0000]
Native frames: (J=compiled Java code, j=interpreted, Vv=VM code, C=native code)
V  [jvm.dll+0x3152fa]


Current CompileTask:
C2:   7271 1759   !   4       com.android.dx.cf.code.Ropper::processBlock (1101 bytes)


---------------  P R O C E S S  ---------------

Java Threads: ( => current thread )
  0x00000000156dd000 JavaThread "Service Thread" daemon [_thread_blocked, id=11260, stack(0x0000000016ef0000,0x0000000016ff0000)]
  0x00000000156d3800 JavaThread "C1 CompilerThread2" daemon [_thread_blocked, id=6616, stack(0x0000000016df0000,0x0000000016ef0000)]
  0x000000001567f800 JavaThread "C2 CompilerThread1" daemon [_thread_blocked, id=5728, stack(0x0000000016cf0000,0x0000000016df0000)]
=>0x000000001567d800 JavaThread "C2 CompilerThread0" daemon [_thread_in_native, id=11204, stack(0x0000000016bf0000,0x0000000016cf0000)]
  0x000000001567b000 JavaThread "Attach Listener" daemon [_thread_blocked, id=11648, stack(0x0000000016af0000,0x0000000016bf0000)]
  0x000000001567a000 JavaThread "Signal Dispatcher" daemon [_thread_blocked, id=12656, stack(0x00000000169f0000,0x0000000016af0000)]
  0x0000000002f9f000 JavaThread "Finalizer" daemon [_thread_blocked, id=7476, stack(0x00000000168f0000,0x00000000169f0000)]
  0x0000000015648000 JavaThread "Reference Handler" daemon [_thread_blocked, id=7728, stack(0x00000000167f0000,0x00000000168f0000)]
  0x0000000002dad800 JavaThread "main" [_thread_blocked, id=9260, stack(0x0000000002c40000,0x0000000002d40000)]

Other Threads:
  0x0000000015646000 VMThread [stack: 0x00000000166f0000,0x00000000167f0000] [id=11508]
  0x00000000156de800 WatcherThread [stack: 0x00000000173f0000,0x00000000174f0000] [id=10480]

VM state:at safepoint (normal execution)

VM Mutex/Monitor currently owned by a thread:  ([mutex/lock_event])
[0x0000000002daccd0] Threads_lock - owner thread: 0x0000000015646000
[0x0000000002dad450] Heap_lock - owner thread: 0x00000000156d3800
[0x0000000002eb0d50] MethodData_lock - owner thread: 0x00000000156d3800

Heap:
 PSYoungGen      total 71680K, used 5093K [0x00000000eab00000, 0x00000000ef600000, 0x0000000100000000)
  eden space 66560K, 0% used [0x00000000eab00000,0x00000000eab00000,0x00000000eec00000)
  from space 5120K, 99% used [0x00000000ef100000,0x00000000ef5f9538,0x00000000ef600000)
  to   space 5120K, 0% used [0x00000000eec00000,0x00000000eec00000,0x00000000ef100000)
 ParOldGen       total 87552K, used 18514K [0x00000000c0000000, 0x00000000c5580000, 0x00000000eab00000)
  object space 87552K, 21% used [0x00000000c0000000,0x00000000c1214808,0x00000000c5580000)
 Metaspace       used 6413K, capacity 7216K, committed 7296K, reserved 1060864K
  class space    used 607K, capacity 616K, committed 640K, reserved 1048576K

Card table byte_map: [0x0000000012370000,0x0000000012580000] byte_map_base: 0x0000000011d70000

Marking Bits: (ParMarkBitMap*) 0x0000000050f9b460
 Begin Bits: [0x0000000012ae0000, 0x0000000013ae0000)
 End Bits:   [0x0000000013ae0000, 0x0000000014ae0000)

Polling page: 0x0000000002b70000

CodeCache: size=245760Kb used=7998Kb max_used=8005Kb free=237761Kb
 bounds [0x0000000002fb0000, 0x0000000003790000, 0x0000000011fb0000]
 total_blobs=2221 nmethods=1956 adapters=178
 compilation: enabled

Compilation events (10 events):
Event: 6.828 Thread 0x00000000156d3800 nmethod 1936 0x000000000373dd50 code [0x000000000373dee0, 0x000000000373e2b8]
Event: 6.829 Thread 0x000000001567f800 nmethod 1930 0x0000000003753210 code [0x0000000003753400, 0x0000000003754508]
Event: 6.829 Thread 0x000000001567f800 1931       4       com.android.dx.dex.code.OutputFinisher::getAllConstants (47 bytes)
Event: 6.829 Thread 0x00000000156d3800 1939       3       com.android.dx.rop.annotation.Annotation::compareTo (147 bytes)
Event: 6.831 Thread 0x00000000156d3800 nmethod 1939 0x00000000037551d0 code [0x0000000003755500, 0x0000000003757168]
Event: 6.831 Thread 0x00000000156d3800 1941       3       com.android.dx.dex.file.DebugInfoItem::addContents (1 bytes)
Event: 6.831 Thread 0x00000000156d3800 nmethod 1941 0x00000000037422d0 code [0x0000000003742420, 0x0000000003742570]
Event: 6.832 Thread 0x00000000156d3800 1942       3       com.android.dx.dex.file.IndexedItem::setIndex (24 bytes)
Event: 6.832 Thread 0x00000000156d3800 nmethod 1942 0x0000000003741e90 code [0x0000000003742000, 0x0000000003742228]
Event: 6.834 Thread 0x00000000156d3800 1943       3       com.android.dx.rop.type.Prototype::compareTo (9 bytes)

GC Heap History (6 events):
Event: 3.724 GC heap before
{Heap before GC invocations=1 (full 0):
 PSYoungGen      total 38400K, used 33280K [0x00000000eab00000, 0x00000000ed580000, 0x0000000100000000)
  eden space 33280K, 100% used [0x00000000eab00000,0x00000000ecb80000,0x00000000ecb80000)
  from space 5120K, 0% used [0x00000000ed080000,0x00000000ed080000,0x00000000ed580000)
  to   space 5120K, 0% used [0x00000000ecb80000,0x00000000ecb80000,0x00000000ed080000)
 ParOldGen       total 87552K, used 0K [0x00000000c0000000, 0x00000000c5580000, 0x00000000eab00000)
  object space 87552K, 0% used [0x00000000c0000000,0x00000000c0000000,0x00000000c5580000)
 Metaspace       used 5937K, capacity 6896K, committed 7040K, reserved 1056768K
  class space    used 590K, capacity 616K, committed 640K, reserved 1048576K
Event: 3.786 GC heap after
Heap after GC invocations=1 (full 0):
 PSYoungGen      total 38400K, used 5112K [0x00000000eab00000, 0x00000000ef600000, 0x0000000100000000)
  eden space 33280K, 0% used [0x00000000eab00000,0x00000000eab00000,0x00000000ecb80000)
  from space 5120K, 99% used [0x00000000ecb80000,0x00000000ed07e0f8,0x00000000ed080000)
  to   space 5120K, 0% used [0x00000000ef100000,0x00000000ef100000,0x00000000ef600000)
 ParOldGen       total 87552K, used 1466K [0x00000000c0000000, 0x00000000c5580000, 0x00000000eab00000)
  object space 87552K, 1% used [0x00000000c0000000,0x00000000c016e8d8,0x00000000c5580000)
 Metaspace       used 5937K, capacity 6896K, committed 7040K, reserved 1056768K
  class space    used 590K, capacity 616K, committed 640K, reserved 1048576K
}
Event: 4.478 GC heap before
{Heap before GC invocations=2 (full 0):
 PSYoungGen      total 38400K, used 38392K [0x00000000eab00000, 0x00000000ef600000, 0x0000000100000000)
  eden space 33280K, 100% used [0x00000000eab00000,0x00000000ecb80000,0x00000000ecb80000)
  from space 5120K, 99% used [0x00000000ecb80000,0x00000000ed07e0f8,0x00000000ed080000)
  to   space 5120K, 0% used [0x00000000ef100000,0x00000000ef100000,0x00000000ef600000)
 ParOldGen       total 87552K, used 1466K [0x00000000c0000000, 0x00000000c5580000, 0x00000000eab00000)
  object space 87552K, 1% used [0x00000000c0000000,0x00000000c016e8d8,0x00000000c5580000)
 Metaspace       used 6146K, capacity 7088K, committed 7296K, reserved 1056768K
  class space    used 593K, capacity 616K, committed 640K, reserved 1048576K
Event: 4.592 GC heap after
Heap after GC invocations=2 (full 0):
 PSYoungGen      total 71680K, used 5105K [0x00000000eab00000, 0x00000000ef600000, 0x0000000100000000)
  eden space 66560K, 0% used [0x00000000eab00000,0x00000000eab00000,0x00000000eec00000)
  from space 5120K, 99% used [0x00000000ef100000,0x00000000ef5fc440,0x00000000ef600000)
  to   space 5120K, 0% used [0x00000000eec00000,0x00000000eec00000,0x00000000ef100000)
 ParOldGen       total 87552K, used 5741K [0x00000000c0000000, 0x00000000c5580000, 0x00000000eab00000)
  object space 87552K, 6% used [0x00000000c0000000,0x00000000c059b758,0x00000000c5580000)
 Metaspace       used 6146K, capacity 7088K, committed 7296K, reserved 1056768K
  class space    used 593K, capacity 616K, committed 640K, reserved 1048576K
}
Event: 5.751 GC heap before
{Heap before GC invocations=3 (full 0):
 PSYoungGen      total 71680K, used 71665K [0x00000000eab00000, 0x00000000ef600000, 0x0000000100000000)
  eden space 66560K, 100% used [0x00000000eab00000,0x00000000eec00000,0x00000000eec00000)
  from space 5120K, 99% used [0x00000000ef100000,0x00000000ef5fc440,0x00000000ef600000)
  to   space 5120K, 0% used [0x00000000eec00000,0x00000000eec00000,0x00000000ef100000)
 ParOldGen       total 87552K, used 5741K [0x00000000c0000000, 0x00000000c5580000, 0x00000000eab00000)
  object space 87552K, 6% used [0x00000000c0000000,0x00000000c059b758,0x00000000c5580000)
 Metaspace       used 6227K, capacity 7152K, committed 7296K, reserved 1056768K
  class space    used 593K, capacity 616K, committed 640K, reserved 1048576K
Event: 5.791 GC heap after
Heap after GC invocations=3 (full 0):
 PSYoungGen      total 71680K, used 5111K [0x00000000eab00000, 0x00000000ef600000, 0x0000000100000000)
  eden space 66560K, 0% used [0x00000000eab00000,0x00000000eab00000,0x00000000eec00000)
  from space 5120K, 99% used [0x00000000eec00000,0x00000000ef0fdca8,0x00000000ef100000)
  to   space 5120K, 0% used [0x00000000ef100000,0x00000000ef100000,0x00000000ef600000)
 ParOldGen       total 87552K, used 15214K [0x00000000c0000000, 0x00000000c5580000, 0x00000000eab00000)
  object space 87552K, 17% used [0x00000000c0000000,0x00000000c0edb968,0x00000000c5580000)
 Metaspace       used 6227K, capacity 7152K, committed 7296K, reserved 1056768K
  class space    used 593K, capacity 616K, committed 640K, reserved 1048576K
}

Deoptimization events (10 events):
Event: 5.690 Thread 0x00000000172bd000 Uncommon trap: reason=unreached action=reinterpret pc=0x000000000360c890 method=com.android.dx.rop.code.LocalItem.compareHandlesNulls(Lcom/android/dx/rop/cst/CstString;Lcom/android/dx/rop/cst/CstString;)I @ 14
Event: 5.695 Thread 0x00000000172bd000 Uncommon trap: reason=unreached action=reinterpret pc=0x00000000035ada3c method=com.android.dx.rop.code.LocalItem.compareHandlesNulls(Lcom/android/dx/rop/cst/CstString;Lcom/android/dx/rop/cst/CstString;)I @ 14
Event: 5.696 Thread 0x00000000172bd000 Uncommon trap: reason=unreached action=reinterpret pc=0x000000000363c8ac method=com.android.dx.rop.code.LocalItem.compareHandlesNulls(Lcom/android/dx/rop/cst/CstString;Lcom/android/dx/rop/cst/CstString;)I @ 14
Event: 5.833 Thread 0x00000000172bd000 Uncommon trap: reason=bimorphic action=maybe_recompile pc=0x0000000003666cbc method=com.android.dx.cf.code.BytecodeArray.parseInstruction(ILcom/android/dx/cf/code/BytecodeArray$Visitor;)I @ 2484
Event: 5.834 Thread 0x00000000172bd000 Uncommon trap: reason=bimorphic action=maybe_recompile pc=0x0000000003666cbc method=com.android.dx.cf.code.BytecodeArray.parseInstruction(ILcom/android/dx/cf/code/BytecodeArray$Visitor;)I @ 2484
Event: 5.901 Thread 0x0000000002dad800 Uncommon trap: reason=class_check action=maybe_recompile pc=0x00000000034567e0 method=java.util.Arrays.hashCode([Ljava/lang/Object;)I @ 43
Event: 5.901 Thread 0x0000000002dad800 Uncommon trap: reason=class_check action=maybe_recompile pc=0x00000000034567e0 method=java.util.Arrays.hashCode([Ljava/lang/Object;)I @ 43
Event: 5.901 Thread 0x0000000002dad800 Uncommon trap: reason=class_check action=maybe_recompile pc=0x00000000034567e0 method=java.util.Arrays.hashCode([Ljava/lang/Object;)I @ 43
Event: 5.901 Thread 0x0000000002dad800 Uncommon trap: reason=class_check action=maybe_recompile pc=0x00000000034567e0 method=java.util.Arrays.hashCode([Ljava/lang/Object;)I @ 43
Event: 5.902 Thread 0x0000000002dad800 Uncommon trap: reason=class_check action=maybe_recompile pc=0x0000000003456dc0 method=java.util.Arrays.hashCode([Ljava/lang/Object;)I @ 43

Internal exceptions (10 events):
Event: 3.084 Thread 0x0000000002dad800 Exception <a 'java/security/PrivilegedActionException'> (0x00000000ebecf9e8) thrown at [D:\re\workspace\8-2-build-windows-amd64-cygwin\jdk8u20\1074\hotspot\src\share\vm\prims\jvm.cpp, line 1275]
Event: 3.098 Thread 0x00000000172bd000 Exception <a 'java/security/PrivilegedActionException'> (0x00000000ebf8dda0) thrown at [D:\re\workspace\8-2-build-windows-amd64-cygwin\jdk8u20\1074\hotspot\src\share\vm\prims\jvm.cpp, line 1275]
Event: 3.870 Thread 0x00000000172bf000 Implicit null exception at 0x000000000330dce7 to 0x000000000330ff4d
Event: 4.113 Thread 0x00000000172bf000 Exception <a 'java/security/PrivilegedActionException'> (0x00000000ec0539d8) thrown at [D:\re\workspace\8-2-build-windows-amd64-cygwin\jdk8u20\1074\hotspot\src\share\vm\prims\jvm.cpp, line 1275]
Event: 5.690 Thread 0x00000000172bd000 Implicit null exception at 0x000000000360a46e to 0x000000000360c881
Event: 5.695 Thread 0x00000000172bd000 Implicit null exception at 0x00000000035ac954 to 0x00000000035ada1d
Event: 5.696 Thread 0x00000000172bd000 Implicit null exception at 0x000000000363afd7 to 0x000000000363c89d
Event: 5.903 Thread 0x0000000002dad800 Exception <a 'java/security/PrivilegedActionException'> (0x00000000eb9338b8) thrown at [D:\re\workspace\8-2-build-windows-amd64-cygwin\jdk8u20\1074\hotspot\src\share\vm\prims\jvm.cpp, line 1275]
Event: 6.146 Thread 0x0000000002dad800 Exception <a 'java/security/PrivilegedActionException'> (0x00000000ebc735b8) thrown at [D:\re\workspace\8-2-build-windows-amd64-cygwin\jdk8u20\1074\hotspot\src\share\vm\prims\jvm.cpp, line 1275]
Event: 6.833 Thread 0x0000000002dad800 Exception <a 'java/security/PrivilegedActionException'> (0x00000000ebd5e6c8) thrown at [D:\re\workspace\8-2-build-windows-amd64-cygwin\jdk8u20\1074\hotspot\src\share\vm\prims\jvm.cpp, line 1275]

Events (10 events):
Event: 6.137 Thread 0x0000000002dad800 DEOPT PACKING pc=0x00000000036f7494 sp=0x0000000002d3efe0
Event: 6.137 Thread 0x0000000002dad800 DEOPT UNPACKING pc=0x0000000002ff75bf sp=0x0000000002d3ed70 mode 0
Event: 6.142 Thread 0x0000000002dad800 DEOPT PACKING pc=0x00000000036fa0d8 sp=0x0000000002d3ef00
Event: 6.142 Thread 0x0000000002dad800 DEOPT UNPACKING pc=0x0000000002ff75bf sp=0x0000000002d3eca8 mode 0
Event: 6.146 loading class com/android/dx/dex/file/CatchStructs
Event: 6.146 loading class com/android/dx/dex/file/CatchStructs done
Event: 6.825 Thread 0x0000000002dad800 DEOPT PACKING pc=0x000000000371b4e1 sp=0x0000000002d3efe0
Event: 6.825 Thread 0x0000000002dad800 DEOPT UNPACKING pc=0x0000000002ff75bf sp=0x0000000002d3ed70 mode 0
Event: 6.833 loading class com/android/dx/dex/file/ProtoIdItem
Event: 6.833 loading class com/android/dx/dex/file/ProtoIdItem done


Dynamic libraries:
0x00007ff6f8110000 - 0x00007ff6f8144000 	C:\Program Files\Java\jdk1.8.0_20\bin\java.exe
0x00007ff9e0730000 - 0x00007ff9e08f1000 	C:\WINDOWS\SYSTEM32\ntdll.dll
0x00007ff9ddf50000 - 0x00007ff9ddffd000 	C:\WINDOWS\system32\KERNEL32.DLL
0x00007ff9dcde0000 - 0x00007ff9dcfc8000 	C:\WINDOWS\system32\KERNELBASE.dll
0x00007ff9ded10000 - 0x00007ff9dedb7000 	C:\WINDOWS\system32\ADVAPI32.dll
0x00007ff9dec70000 - 0x00007ff9ded0d000 	C:\WINDOWS\system32\msvcrt.dll
0x00007ff9de790000 - 0x00007ff9de7eb000 	C:\WINDOWS\system32\sechost.dll
0x00007ff9ddb30000 - 0x00007ff9ddc4c000 	C:\WINDOWS\system32\RPCRT4.dll
0x00007ff9de090000 - 0x00007ff9de1e6000 	C:\WINDOWS\system32\USER32.dll
0x00007ff9de860000 - 0x00007ff9de9e6000 	C:\WINDOWS\system32\GDI32.dll
0x00007ff9d3370000 - 0x00007ff9d35e4000 	C:\WINDOWS\WinSxS\amd64_microsoft.windows.common-controls_6595b64144ccf1df_6.0.10586.494_none_a2d8b04ea53e3145\COMCTL32.dll
0x00007ff9de9f0000 - 0x00007ff9dec6d000 	C:\WINDOWS\system32\combase.dll
0x00007ff9dd410000 - 0x00007ff9dd47a000 	C:\WINDOWS\system32\bcryptPrimitives.dll
0x00007ff9e0320000 - 0x00007ff9e035b000 	C:\WINDOWS\system32\IMM32.DLL
0x0000000052220000 - 0x00000000522f2000 	C:\Program Files\Java\jdk1.8.0_20\jre\bin\msvcr100.dll
0x00000000507c0000 - 0x0000000051018000 	C:\Program Files\Java\jdk1.8.0_20\jre\bin\server\jvm.dll
0x00007ff9de780000 - 0x00007ff9de788000 	C:\WINDOWS\system32\PSAPI.DLL
0x00007ff9d0370000 - 0x00007ff9d0379000 	C:\WINDOWS\SYSTEM32\WSOCK32.dll
0x00007ff9de7f0000 - 0x00007ff9de85b000 	C:\WINDOWS\system32\WS2_32.dll
0x00007ff9db130000 - 0x00007ff9db153000 	C:\WINDOWS\SYSTEM32\WINMM.dll
0x00007ff9db0b0000 - 0x00007ff9db0dc000 	C:\WINDOWS\SYSTEM32\WINMMBASE.dll
0x00007ff9dd060000 - 0x00007ff9dd0a3000 	C:\WINDOWS\system32\cfgmgr32.dll
0x0000000052210000 - 0x000000005221f000 	C:\Program Files\Java\jdk1.8.0_20\jre\bin\verify.dll
0x00000000521e0000 - 0x0000000052208000 	C:\Program Files\Java\jdk1.8.0_20\jre\bin\java.dll
0x00000000521c0000 - 0x00000000521d6000 	C:\Program Files\Java\jdk1.8.0_20\jre\bin\zip.dll
0x00007ff9dedc0000 - 0x00007ff9e031c000 	C:\WINDOWS\system32\SHELL32.dll
0x00007ff9dd480000 - 0x00007ff9ddac5000 	C:\WINDOWS\system32\windows.storage.dll
0x00007ff9de030000 - 0x00007ff9de082000 	C:\WINDOWS\system32\shlwapi.dll
0x00007ff9dcdd0000 - 0x00007ff9dcddf000 	C:\WINDOWS\system32\kernel.appcore.dll
0x00007ff9dd160000 - 0x00007ff9dd215000 	C:\WINDOWS\system32\shcore.dll
0x00007ff9dcd60000 - 0x00007ff9dcdab000 	C:\WINDOWS\system32\powrprof.dll
0x00007ff9dcdb0000 - 0x00007ff9dcdc4000 	C:\WINDOWS\system32\profapi.dll
0x00007ff9cd680000 - 0x00007ff9cd80c000 	C:\WINDOWS\SYSTEM32\dbghelp.dll

VM Arguments:
jvm_args: -Djava.awt.headless=true -Xmx1024M -Dfile.encoding=windows-1252 -Duser.country=US -Duser.language=en -Duser.variant 
java_command: com.android.dx.command.Main --dex --num-threads=4 --output C:\Users\Jadon\WorkSpace3Y\SoftwareDesign\FindMeTutor\FindMeTutor\app\build\intermediates\pre-dexed\debug\com.android.support-design-24.1.1_c9b68ece186d7558ac763d09d412ab01d97abb5f.jar C:\Users\Jadon\WorkSpace3Y\SoftwareDesign\FindMeTutor\FindMeTutor\app\build\intermediates\exploded-aar\com.android.support\design\24.1.1\jars\classes.jar
java_class_path (initial): C:\Users\Jadon\AppData\Local\Android\sdk\build-tools\24.0.1\lib\dx.jar
Launcher Type: SUN_STANDARD

Environment Variables:
PATH=C:\ProgramData\Oracle\Java\javapath;C:\Program Files (x86)\AMD APP\bin\x86_64;C:\Program Files (x86)\AMD APP\bin\x86;C:\Program Files (x86)\Intel\iCLS Client\;C:\Program Files\Intel\iCLS Client\;C:\WINDOWS\system32;C:\WINDOWS;C:\WINDOWS\System32\Wbem;C:\WINDOWS\System32\WindowsPowerShell\v1.0\;C:\Program Files\Intel\WiFi\bin\;C:\Program Files\Common Files\Intel\WirelessCommon\;C:\Program Files\Intel\Intel(R) Management Engine Components\DAL;C:\Program Files\Intel\Intel(R) Management Engine Components\IPT;C:\Program Files (x86)\Intel\Intel(R) Management Engine Components\DAL;C:\Program Files (x86)\Intel\Intel(R) Management Engine Components\IPT;C:\Program Files (x86)\ATI Technologies\ATI.ACE\Core-Static;C:\Program Files (x86)\Intel\OpenCL SDK\2.0\bin\x86;C:\Program Files (x86)\Intel\OpenCL SDK\2.0\bin\x64;C:\Program Files (x86)\QuickTime\QTSystem\;C:\Program Files\MATLAB\R2013b\runtime\win64;C:\Program Files\MATLAB\R2013b\bin;C:\WINDOWS\system32\config\systemprofile\.dnx\bin;C:\Program Files\Microsoft DNX\Dnvm\;C:\Program Files\Microsoft SQL Server\130\Tools\Binn\;C:\Program Files (x86)\Windows Kits\8.1\Windows Performance Toolkit\;C:\Program Files\MiKTeX 2.9\miktex\bin\x64\;C:\Program Files (x86)\MiKTeX 2.9\miktex\bin\;C:\Program Files (x86)\Graphviz2.38\bin;C:\Program Files\doxygen\bin;C:\Program Files\Git\cmd;C:\Program Files (x86)\OpenVPN\bin;C:\Users\Jadon\AppData\Local\Programs\Python\Python35\Scripts\;C:\Users\Jadon\AppData\Local\Programs\Python\Python35\;C:\Program Files\Intel\WiFi\bin\;C:\Program Files\Common Files\Intel\WirelessCommon\
USERNAME=Jadon
OS=Windows_NT
PROCESSOR_IDENTIFIER=Intel64 Family 6 Model 58 Stepping 9, GenuineIntel



---------------  S Y S T E M  ---------------

OS: Windows 8.1 , 64 bit Build 9600 

CPU:total 4 (2 cores per cpu, 2 threads per core) family 6 model 58 stepping 9, cmov, cx8, fxsr, mmx, sse, sse2, sse3, ssse3, sse4.1, sse4.2, popcnt, avx, aes, clmul, erms, ht, tsc, tscinvbit, tscinv

Memory: 4k page, physical 8267032k(1218152k free), swap 10217752k(68k free)

vm_info: Java HotSpot(TM) 64-Bit Server VM (25.20-b23) for windows-amd64 JRE (1.8.0_20-b26), built on Jul 30 2014 13:51:23 by "java_re" with MS VC++ 10.0 (VS2010)

time: Wed Aug 10 17:13:37 2016
elapsed time: 7 seconds (0d 0h 0m 7s)

