JvmtiExport can_access_local_variables 0
JvmtiExport can_hotswap_or_post_breakpoint 0
JvmtiExport can_post_on_exceptions 0
# 286 ciObject found
ciMethod java/lang/Object <init> ()V 4097 1 226862 0 0
ciMethod java/lang/Object getClass ()Ljava/lang/Class; 2049 1 256 0 -1
ciMethod java/lang/Object equals (Ljava/lang/Object;)Z 4097 1 6741 0 -1
ciMethod java/lang/StringBuilder <init> ()V 585 1 2764 0 -1
ciMethod java/lang/StringBuilder append (Ljava/lang/String;)Ljava/lang/StringBuilder; 1129 1 6550 0 -1
ciMethod java/lang/StringBuilder append (I)Ljava/lang/StringBuilder; 0 0 7 0 -1
ciMethod java/lang/StringBuilder toString ()Ljava/lang/String; 617 1 2775 0 -1
ciMethod java/util/Collection iterator ()Ljava/util/Iterator; 0 0 1 0 -1
ciMethod java/util/List iterator ()Ljava/util/Iterator; 0 0 1 0 -1
ciMethod java/util/AbstractList <init> ()V 353 1 31951 0 0
ciMethod java/util/AbstractCollection <init> ()V 265 1 38036 0 0
ciMethod java/lang/Math max (II)I 225 1 29060 0 -1
ciMethod java/util/Collections unmodifiableList (Ljava/util/List;)Ljava/util/List; 4097 1 3457 0 0
ciMethod java/util/Iterator hasNext ()Z 0 0 1 0 -1
ciMethod java/util/Iterator next ()Ljava/lang/Object; 0 0 1 0 -1
ciMethod java/util/ArrayList <init> ()V 129 1 15984 0 64
ciMethod java/util/ArrayList ensureCapacityInternal (I)V 641 1 52147 0 0
ciMethod java/util/ArrayList ensureExplicitCapacity (I)V 641 1 53980 0 544
ciMethod java/util/ArrayList grow (I)V 89 1 5131 0 544
ciMethod java/util/ArrayList hugeCapacity (I)I 0 0 1 0 0
ciMethod java/util/ArrayList elementData (I)Ljava/lang/Object; 1897 1 232769 0 -1
ciMethod java/util/ArrayList get (I)Ljava/lang/Object; 1897 1 225370 0 128
ciMethod java/util/ArrayList add (Ljava/lang/Object;)Z 641 1 51578 0 736
ciMethod java/util/ArrayList rangeCheck (I)V 1897 1 232576 0 -1
ciMethod java/util/ArrayList outOfBoundsMsg (I)Ljava/lang/String; 0 0 1 0 -1
ciMethod java/util/ArrayList iterator ()Ljava/util/Iterator; 2049 1 27180 0 192
ciMethod java/util/ArrayList access$100 (Ljava/util/ArrayList;)I 1025 1 128 0 0
ciMethod java/util/Collections$UnmodifiableRandomAccessList <init> (Ljava/util/List;)V 4097 1 3457 0 0
ciMethod java/util/Collections$UnmodifiableList <init> (Ljava/util/List;)V 4097 1 3457 0 0
ciMethod java/util/Collections$UnmodifiableCollection <init> (Ljava/util/Collection;)V 4097 1 3671 0 0
ciMethod java/util/Collections$UnmodifiableCollection iterator ()Ljava/util/Iterator; 4097 1 6698 0 0
ciMethod java/util/Arrays copyOf ([Ljava/lang/Object;I)[Ljava/lang/Object; 2193 1 10918 0 0
ciMethod java/util/Arrays copyOf ([Ljava/lang/Object;ILjava/lang/Class;)[Ljava/lang/Object; 2049 1 5376 0 -1
ciMethodData java/lang/Object <init> ()V 2 226866 orig 264 184 126 205 107 0 0 0 0 136 4 3 20 0 0 0 0 32 1 0 0 0 0 0 0 0 0 0 0 0 0 0 0 0 0 0 0 0 0 0 0 0 0 0 0 0 0 0 0 0 0 0 0 0 0 0 0 0 0 0 0 0 0 0 0 0 0 0 0 0 0 0 0 0 0 0 0 0 0 0 0 77 68 79 32 101 120 116 114 97 32 100 97 116 97 32 108 111 99 107 0 0 0 0 0 0 0 0 0 0 0 0 0 0 0 0 0 0 0 0 0 0 0 0 0 0 0 0 0 0 0 0 0 0 0 0 0 0 0 0 0 0 0 0 0 0 0 0 0 0 0 0 0 0 0 0 0 0 0 0 0 0 0 0 0 0 0 0 0 0 0 0 0 0 0 0 0 0 0 0 0 0 0 0 0 1 0 0 0 0 0 0 0 1 0 0 0 0 0 0 0 1 0 0 0 0 0 0 0 0 0 0 0 0 0 0 0 0 2 0 0 145 161 27 0 1 0 0 0 0 0 0 0 0 0 0 0 2 0 0 0 0 0 3 0 3 0 0 0 0 0 0 0 255 255 255 255 0 0 0 0 0 0 0 0 data 0 oops 0
ciMethodData java/util/ArrayList add (Ljava/lang/Object;)Z 2 51597 orig 264 184 126 205 107 0 0 0 0 152 3 17 20 0 0 0 0 144 1 0 0 0 0 0 0 0 0 0 0 0 0 0 0 0 0 0 0 0 0 0 0 0 0 0 0 0 0 0 0 0 0 0 0 0 0 0 0 0 0 0 0 0 0 0 0 0 0 0 0 0 0 0 0 0 0 0 0 0 0 0 0 77 68 79 32 101 120 116 114 97 32 100 97 116 97 32 108 111 99 107 0 0 0 0 0 0 0 0 0 0 0 0 0 0 0 0 0 0 0 0 0 0 0 0 0 0 0 0 0 0 0 0 0 0 0 0 0 0 0 0 0 0 0 0 0 0 0 0 0 0 0 0 0 0 0 0 0 0 0 0 0 0 0 0 0 0 0 0 0 0 0 0 0 0 0 0 0 0 0 0 0 0 0 0 0 17 0 0 0 0 0 0 0 0 0 0 0 0 0 0 0 1 0 0 0 0 0 0 0 0 0 0 0 0 0 0 0 80 0 0 0 233 73 6 0 1 0 0 0 0 0 0 0 0 0 0 0 2 0 0 0 0 0 15 0 4 0 1 0 64 0 0 0 255 255 255 255 2 0 7 0 0 0 0 0 data 8 0x70002 0xc944 0x1a0104 0x0 0x164dc010 0x333 0x164dc0c0 0x11 oops 2 4 java/util/zip/ZipEntry 6 java/util/concurrent/FutureTask
ciMethodData java/util/ArrayList ensureCapacityInternal (I)V 2 52147 orig 264 184 126 205 107 0 0 0 0 16 249 16 20 0 0 0 0 144 1 0 0 32 0 0 0 0 0 0 0 0 0 0 0 0 0 0 0 0 0 0 0 0 0 0 0 0 0 0 0 0 0 0 0 0 0 0 0 0 0 0 0 0 0 0 0 0 0 0 0 0 0 0 0 0 0 0 0 0 0 0 0 77 68 79 32 101 120 116 114 97 32 100 97 116 97 32 108 111 99 107 0 0 0 0 0 0 0 0 0 0 0 0 0 0 0 0 0 0 0 0 0 0 0 0 0 0 0 0 0 0 0 0 0 0 0 0 0 0 0 0 0 0 0 0 0 0 0 0 0 0 0 0 0 0 0 0 0 0 0 0 0 0 0 0 0 0 0 0 0 0 0 0 0 0 0 0 0 0 0 0 0 0 0 0 0 17 0 0 0 0 0 0 0 0 0 0 0 0 0 0 0 1 0 0 0 0 0 0 0 0 0 0 0 0 0 0 0 80 0 0 0 25 91 6 0 1 0 0 0 0 0 0 0 0 0 0 0 2 0 0 0 0 0 14 0 3 0 1 0 64 0 0 0 255 255 255 255 7 0 7 0 0 0 0 0 data 8 0x70007 0xa0dd 0x30 0x2a8f 0xd0002 0x2a8f 0x130002 0xcb67 oops 0
ciMethodData java/util/ArrayList ensureExplicitCapacity (I)V 2 53980 orig 264 184 126 205 107 0 0 0 0 192 249 16 20 0 0 0 0 88 1 0 0 0 0 0 0 0 0 0 0 0 0 0 0 0 0 0 0 0 0 0 0 0 0 0 0 0 0 0 0 0 0 0 0 0 0 0 0 0 0 0 0 0 0 0 0 0 0 0 0 0 0 0 0 0 0 0 0 0 0 0 0 77 68 79 32 101 120 116 114 97 32 100 97 116 97 32 108 111 99 107 0 0 0 0 0 0 0 0 0 0 0 0 0 0 0 0 0 0 0 0 0 0 0 0 0 0 0 0 0 0 0 0 0 0 0 0 0 0 0 0 0 0 0 0 0 0 0 0 0 0 0 0 0 0 0 0 0 0 0 0 0 0 0 0 0 0 0 0 0 0 0 0 0 0 0 0 0 0 0 0 0 0 0 0 0 17 0 0 0 0 0 0 0 0 0 0 0 0 0 0 0 1 0 0 0 0 0 0 0 0 0 0 0 0 0 0 0 80 0 0 0 97 148 6 0 1 0 0 0 0 0 0 0 0 0 0 0 2 0 0 0 0 0 6 0 4 0 1 0 48 0 0 0 255 255 255 255 7 0 17 0 0 0 0 0 data 6 0x110007 0xaa15 0x30 0x287e 0x160002 0x287d oops 0
ciMethodData java/util/ArrayList grow (I)V 2 5131 orig 264 184 126 205 107 0 0 0 0 136 250 16 20 0 0 0 0 176 1 0 0 64 0 0 0 0 0 0 0 0 0 0 0 0 0 0 0 0 0 0 0 0 0 0 0 0 0 0 0 0 0 0 0 0 0 0 0 0 0 0 0 0 0 0 0 0 0 0 0 0 0 0 0 0 0 0 0 0 0 0 0 77 68 79 32 101 120 116 114 97 32 100 97 116 97 32 108 111 99 107 0 0 0 0 0 0 0 0 0 0 0 0 0 0 0 0 0 0 0 0 0 0 0 0 0 0 0 0 0 0 0 0 0 0 0 0 0 0 0 0 0 0 0 0 0 0 0 0 0 0 0 0 0 0 0 0 0 0 0 0 0 0 0 0 0 0 0 0 0 0 0 0 0 0 0 0 0 0 0 0 0 0 0 0 0 17 0 0 0 0 0 0 0 0 0 0 0 0 0 0 0 1 0 0 0 0 0 0 0 0 0 0 0 0 0 0 0 11 0 0 0 1 160 0 0 1 0 0 0 0 0 0 0 0 0 0 0 2 0 0 0 0 0 15 0 4 0 1 0 96 0 0 0 255 255 255 255 7 0 15 0 0 0 0 0 data 12 0xf0007 0x106 0x20 0x12fa 0x180007 0x1400 0x30 0x0 0x1c0002 0x0 0x260002 0x1400 oops 0
ciMethodData java/util/ArrayList get (I)Ljava/lang/Object; 2 227380 orig 264 184 126 205 107 0 0 0 0 64 2 17 20 0 0 0 0 144 1 0 0 0 0 0 0 0 0 0 0 0 0 0 0 0 0 0 0 0 0 0 0 0 0 0 0 0 0 0 0 0 0 0 0 0 0 0 0 0 0 0 0 0 0 0 0 0 0 0 0 0 0 0 0 0 0 0 0 0 0 0 0 77 68 79 32 101 120 116 114 97 32 100 97 116 97 32 108 111 99 107 0 0 0 0 0 0 0 0 0 0 0 0 0 0 0 0 0 0 0 0 0 0 0 0 0 0 0 0 0 0 0 0 0 0 0 0 0 0 0 0 0 0 0 0 0 0 0 0 0 0 0 0 0 0 0 0 0 0 0 0 0 0 0 0 0 0 0 0 0 0 0 0 0 0 0 0 0 0 0 0 0 0 0 0 0 0 0 0 0 0 0 0 0 0 0 0 0 0 0 0 0 0 0 0 0 0 0 0 0 0 0 0 0 0 0 0 0 237 0 0 0 57 186 27 0 1 0 0 0 0 0 0 0 0 0 0 0 2 0 0 0 0 0 6 0 4 0 1 0 64 0 0 0 255 255 255 255 2 0 2 0 0 0 0 0 data 8 0x20002 0x37760 0x70005 0x0 0x167c1d90 0x377d8 0x0 0x0 oops 1 4 java/util/ArrayList
ciMethodData java/util/ArrayList rangeCheck (I)V 2 234605 orig 264 184 126 205 107 0 0 0 0 32 11 17 20 0 0 0 0 104 1 0 0 0 0 0 0 0 0 0 0 0 0 0 0 0 0 0 0 0 0 0 0 0 0 0 0 0 0 0 0 0 0 0 0 0 0 0 0 0 0 0 0 0 0 0 0 0 0 0 0 0 0 0 0 0 0 0 0 0 0 0 0 77 68 79 32 101 120 116 114 97 32 100 97 116 97 32 108 111 99 107 0 0 0 0 0 0 0 0 0 0 0 0 0 0 0 0 0 0 0 0 0 0 0 0 0 0 0 0 0 0 0 0 0 0 0 0 0 0 0 0 0 0 0 0 0 0 0 0 0 0 0 0 0 0 0 0 0 0 0 0 0 0 0 0 0 0 0 0 0 0 0 0 0 0 0 0 0 0 0 0 0 0 0 0 0 0 0 0 0 0 0 0 0 0 0 0 0 0 0 0 0 0 0 0 0 0 0 0 0 0 0 0 0 0 0 0 0 237 0 0 0 1 156 28 0 1 0 0 0 0 0 0 0 0 0 0 0 2 0 0 0 0 0 5 0 3 0 1 0 64 0 0 0 255 255 255 255 7 0 5 0 0 0 0 0 data 8 0x50007 0x3938d 0x40 0x0 0xe0002 0x0 0x110002 0x0 oops 0
ciMethodData java/util/ArrayList outOfBoundsMsg (I)Ljava/lang/String; 1 0 orig 264 184 126 205 107 0 0 0 0 128 12 17 20 0 0 0 0 80 2 0 0 0 0 0 0 0 0 0 0 0 0 0 0 0 0 0 0 0 0 0 0 0 0 0 0 0 0 0 0 0 0 0 0 0 0 0 0 0 0 0 0 0 0 0 0 0 0 0 0 0 0 0 0 0 0 0 0 0 0 0 0 77 68 79 32 101 120 116 114 97 32 100 97 116 97 32 108 111 99 107 0 0 0 0 0 0 0 0 0 0 0 0 0 0 0 0 0 0 0 0 0 0 0 0 0 0 0 0 0 0 0 0 0 0 0 0 0 0 0 0 0 0 0 0 0 0 0 0 0 0 0 0 0 0 0 0 0 0 0 0 0 0 0 0 0 0 0 0 0 0 0 0 0 0 0 0 0 0 0 0 0 0 0 0 0 0 0 0 0 0 0 0 0 0 0 0 0 0 0 0 0 0 0 0 0 0 0 0 0 0 0 0 0 0 0 0 0 0 0 0 0 1 0 0 0 1 0 0 0 0 0 0 0 0 0 0 0 2 0 0 0 0 0 0 0 0 0 1 0 0 1 0 0 255 255 255 255 2 0 4 0 0 0 0 0 data 32 0x40002 0x0 0x90005 0x0 0x0 0x0 0x0 0x0 0xd0005 0x0 0x0 0x0 0x0 0x0 0x120005 0x0 0x0 0x0 0x0 0x0 0x190005 0x0 0x0 0x0 0x0 0x0 0x1c0005 0x0 0x0 0x0 0x0 0x0 oops 0
ciMethodData java/util/ArrayList elementData (I)Ljava/lang/Object; 2 234798 orig 264 184 126 205 107 0 0 0 0 160 1 17 20 0 0 0 0 40 1 0 0 0 0 0 0 0 0 0 0 0 0 0 0 0 0 0 0 0 0 0 0 0 0 0 0 0 0 0 0 0 0 0 0 0 0 0 0 0 0 0 0 0 0 0 0 0 0 0 0 0 0 0 0 0 0 0 0 0 0 0 0 77 68 79 32 101 120 116 114 97 32 100 97 116 97 32 108 111 99 107 0 0 0 0 0 0 0 0 0 0 0 0 0 0 0 0 0 0 0 0 0 0 0 0 0 0 0 0 0 0 0 0 0 0 0 0 0 0 0 0 0 0 0 0 0 0 0 0 0 0 0 0 0 0 0 0 0 0 0 0 0 0 0 0 0 0 0 0 0 0 0 0 0 0 0 0 0 0 0 0 0 0 0 0 0 0 0 0 0 0 0 0 0 0 0 0 0 0 0 0 0 0 0 0 0 0 0 0 0 0 0 0 0 0 0 0 0 237 0 0 0 9 162 28 0 1 0 0 0 0 0 0 0 0 0 0 0 2 0 0 0 0 0 3 0 3 0 0 0 0 0 0 0 255 255 255 255 0 0 0 0 0 0 0 0 data 0 oops 0
ciMethodData java/util/AbstractCollection <init> ()V 2 38036 orig 264 184 126 205 107 0 0 0 0 80 8 14 20 0 0 0 0 48 1 0 0 0 0 0 0 0 0 0 0 0 0 0 0 0 0 0 0 0 0 0 0 0 0 0 0 0 0 0 0 0 0 0 0 0 0 0 0 0 0 0 0 0 0 0 0 0 0 0 0 0 0 0 0 0 0 0 0 0 0 0 0 77 68 79 32 101 120 116 114 97 32 100 97 116 97 32 108 111 99 107 0 0 0 0 0 0 0 0 0 0 0 0 0 0 0 0 0 0 0 0 0 0 0 0 0 0 0 0 0 0 0 0 0 0 0 0 0 0 0 0 0 0 0 0 0 0 0 0 0 0 0 0 0 0 0 0 0 0 0 0 0 0 0 0 0 0 0 0 0 0 0 0 0 0 0 0 0 0 0 0 0 0 0 0 0 0 0 0 0 0 0 0 0 0 0 0 0 0 0 0 0 0 0 0 0 0 0 0 0 0 0 0 0 0 0 0 0 33 0 0 0 153 163 4 0 1 0 0 0 0 0 0 0 0 0 0 0 2 0 0 0 0 0 3 0 3 0 1 0 16 0 0 0 255 255 255 255 2 0 1 0 0 0 0 0 data 2 0x10002 0x9474 oops 0
ciMethod java/util/NoSuchElementException <init> ()V 0 0 1 0 -1
ciMethod java/util/TreeMap getFirstEntry ()Ljava/util/TreeMap$Entry; 3081 1449 694 0 0
ciMethod java/util/TreeMap successor (Ljava/util/TreeMap$Entry;)Ljava/util/TreeMap$Entry; 4097 1089 1185 0 -1
ciMethod java/util/TreeMap access$100 (Ljava/util/TreeMap;)I 1049 1 131 0 0
ciMethod java/util/ArrayList$Itr <init> (Ljava/util/ArrayList;)V 2049 1 28002 0 0
ciMethod java/util/ArrayList$Itr hasNext ()Z 2049 1 106304 0 96
ciMethod java/util/ArrayList$Itr next ()Ljava/lang/Object; 2049 1 5376 0 192
ciMethod java/util/ArrayList$Itr checkForComodification ()V 2041 1 5376 0 0
ciMethod java/util/ArrayList$Itr <init> (Ljava/util/ArrayList;Ljava/util/ArrayList$1;)V 2049 1 28003 0 96
ciMethod java/lang/IndexOutOfBoundsException <init> (Ljava/lang/String;)V 0 0 1 0 -1
ciMethod java/util/TreeMap$Values iterator ()Ljava/util/Iterator; 3121 1 681 0 0
ciMethod java/util/TreeMap$ValueIterator <init> (Ljava/util/TreeMap;Ljava/util/TreeMap$Entry;)V 3113 1 682 0 0
ciMethod java/util/TreeMap$ValueIterator next ()Ljava/lang/Object; 4097 1 1132 0 0
ciMethod java/util/TreeMap$PrivateEntryIterator <init> (Ljava/util/TreeMap;Ljava/util/TreeMap$Entry;)V 3073 1 693 0 0
ciMethod java/util/TreeMap$PrivateEntryIterator hasNext ()Z 4097 1 1699 0 0
ciMethod java/util/TreeMap$PrivateEntryIterator nextEntry ()Ljava/util/TreeMap$Entry; 4097 1 1186 0 0
ciMethod java/util/Collections$UnmodifiableCollection$1 <init> (Ljava/util/Collections$UnmodifiableCollection;)V 4097 1 6698 0 0
ciMethod java/util/Collections$UnmodifiableCollection$1 hasNext ()Z 2049 1 5376 0 160
ciMethod java/util/Collections$UnmodifiableCollection$1 next ()Ljava/lang/Object; 4097 1 6656 0 288
ciMethodData java/util/ArrayList <init> ()V 2 15984 orig 264 184 126 205 107 0 0 0 0 24 246 16 20 0 0 0 0 48 1 0 0 0 0 0 0 0 0 0 0 0 0 0 0 0 0 0 0 0 0 0 0 0 0 0 0 0 0 0 0 0 0 0 0 0 0 0 0 0 0 0 0 0 0 0 0 0 0 0 0 0 0 0 0 0 0 0 0 0 0 0 0 77 68 79 32 101 120 116 114 97 32 100 97 116 97 32 108 111 99 107 0 0 0 0 0 0 0 0 0 0 0 0 0 0 0 0 0 0 0 0 0 0 0 0 0 0 0 0 0 0 0 0 0 0 0 0 0 0 0 0 0 0 0 0 0 0 0 0 0 0 0 0 0 0 0 0 0 0 0 0 0 0 0 0 0 0 0 0 0 0 0 0 0 0 0 0 0 0 0 0 0 0 0 0 0 0 0 0 0 0 0 0 0 0 0 0 0 0 0 0 0 0 0 0 0 0 0 0 0 0 0 0 0 0 0 0 0 16 0 0 0 1 243 1 0 1 0 0 0 0 0 0 0 0 0 0 0 2 0 0 0 0 0 3 0 4 0 1 0 16 0 0 0 255 255 255 255 2 0 1 0 0 0 0 0 data 2 0x10002 0x3e60 oops 0
ciMethodData java/util/AbstractList <init> ()V 2 31951 orig 264 184 126 205 107 0 0 0 0 232 244 13 20 0 0 0 0 48 1 0 0 0 0 0 0 0 0 0 0 0 0 0 0 0 0 0 0 0 0 0 0 0 0 0 0 0 0 0 0 0 0 0 0 0 0 0 0 0 0 0 0 0 0 0 0 0 0 0 0 0 0 0 0 0 0 0 0 0 0 0 0 77 68 79 32 101 120 116 114 97 32 100 97 116 97 32 108 111 99 107 0 0 0 0 0 0 0 0 0 0 0 0 0 0 0 0 0 0 0 0 0 0 0 0 0 0 0 0 0 0 0 0 0 0 0 0 0 0 0 0 0 0 0 0 0 0 0 0 0 0 0 0 0 0 0 0 0 0 0 0 0 0 0 0 0 0 0 0 0 0 0 0 0 0 0 0 0 0 0 0 0 0 0 0 0 0 0 0 0 0 0 0 0 0 0 0 0 0 0 0 0 0 0 0 0 0 0 0 0 0 0 0 0 0 0 0 0 44 0 0 0 25 229 3 0 1 0 0 0 0 0 0 0 0 0 0 0 2 0 0 0 0 0 3 0 3 0 1 0 16 0 0 0 255 255 255 255 2 0 1 0 0 0 0 0 data 2 0x10002 0x7ca3 oops 0
ciMethodData java/util/ArrayList$Itr hasNext ()Z 2 106304 orig 264 184 126 205 107 0 0 0 0 8 215 48 20 0 0 0 0 144 1 0 0 0 0 0 0 0 0 0 0 0 0 0 0 0 0 0 0 0 0 0 0 0 0 0 0 0 0 0 0 0 0 0 0 0 0 0 0 0 0 0 0 0 0 0 0 0 0 0 0 0 0 0 0 0 0 0 0 0 0 0 0 77 68 79 32 101 120 116 114 97 32 100 97 116 97 32 108 111 99 107 0 0 0 0 0 0 0 0 0 0 0 0 0 0 0 0 0 0 0 0 0 0 0 0 0 0 0 0 0 0 0 0 0 0 0 0 0 0 0 0 0 0 0 0 0 0 0 0 0 0 0 0 0 0 0 0 0 0 0 0 0 0 0 0 0 0 0 0 0 0 0 0 0 0 0 0 0 0 0 0 0 0 0 0 0 0 0 0 0 0 0 0 0 0 0 0 0 0 0 0 0 0 0 0 0 0 0 0 0 0 0 0 0 0 0 0 0 0 1 0 0 1 242 12 0 1 0 0 0 0 0 0 0 0 0 0 0 2 0 0 0 0 0 6 0 4 0 1 0 72 0 0 0 255 255 255 255 2 0 8 0 0 0 0 0 data 9 0x80002 0x19e4c 0xb0007 0x21d1 0x38 0x17c88 0xf0003 0x17c8c 0x18 oops 0
ciMethodData java/util/ArrayList$Itr next ()Ljava/lang/Object; 2 5376 orig 264 184 126 205 107 0 0 0 0 232 215 48 20 0 0 0 0 232 1 0 0 96 0 0 0 0 0 0 0 0 0 0 0 0 0 0 0 0 0 0 0 0 0 0 0 0 0 0 0 0 0 0 0 0 0 0 0 0 0 0 0 0 0 0 0 0 0 0 0 0 0 0 0 0 0 0 0 0 0 0 0 77 68 79 32 101 120 116 114 97 32 100 97 116 97 32 108 111 99 107 0 0 0 0 0 0 0 0 0 0 0 0 0 0 0 0 0 0 0 0 0 0 0 0 0 0 0 0 0 0 0 0 0 0 0 0 0 0 0 0 0 0 0 0 0 0 0 0 0 0 0 0 0 0 0 0 0 0 0 0 0 0 0 0 0 0 0 0 0 0 0 0 0 0 0 0 0 0 0 0 0 0 0 0 0 0 0 0 0 0 0 0 0 0 0 0 0 0 0 0 0 0 0 0 0 0 0 0 0 0 0 0 0 0 0 0 0 0 1 0 0 1 160 0 0 1 0 0 0 0 0 0 0 0 0 0 0 2 0 0 0 0 0 10 0 4 0 1 0 160 0 0 0 255 255 255 255 5 0 1 0 0 0 0 0 data 20 0x10005 0x0 0x166575e0 0x1400 0x0 0x0 0xe0002 0x1400 0x110007 0x1400 0x30 0x0 0x180002 0x0 0x270007 0x1400 0x30 0x0 0x2e0002 0x0 oops 1 2 java/util/ArrayList$Itr
ciMethodData java/util/ArrayList$Itr checkForComodification ()V 2 5376 orig 264 184 126 205 107 0 0 0 0 120 218 48 20 0 0 0 0 80 1 0 0 0 0 0 0 0 0 0 0 0 0 0 0 0 0 0 0 0 0 0 0 0 0 0 0 0 0 0 0 0 0 0 0 0 0 0 0 0 0 0 0 0 0 0 0 0 0 0 0 0 0 0 0 0 0 0 0 0 0 0 0 77 68 79 32 101 120 116 114 97 32 100 97 116 97 32 108 111 99 107 0 0 0 0 0 0 0 0 0 0 0 0 0 0 0 0 0 0 0 0 0 0 0 0 0 0 0 0 0 0 0 0 0 0 0 0 0 0 0 0 0 0 0 0 0 0 0 0 0 0 0 0 0 0 0 0 0 0 0 0 0 0 0 0 0 0 0 0 0 0 0 0 0 0 0 0 0 0 0 0 0 0 0 0 0 0 0 0 0 0 0 0 0 0 0 0 0 0 0 0 0 0 0 0 0 0 0 0 0 0 0 0 0 0 0 0 0 255 0 0 0 9 160 0 0 1 0 0 0 0 0 0 0 0 0 0 0 2 0 0 0 0 0 0 0 0 0 1 0 48 0 0 0 255 255 255 255 7 0 11 0 0 0 0 0 data 6 0xb0007 0x1401 0x30 0x0 0x120002 0x0 oops 0
ciMethodData java/util/ArrayList iterator ()Ljava/util/Iterator; 2 27180 orig 264 184 126 205 107 0 0 0 0 72 19 17 20 0 0 0 0 48 1 0 0 0 0 0 0 0 0 0 0 0 0 0 0 0 0 0 0 0 0 0 0 0 0 0 0 0 0 0 0 0 0 0 0 0 0 0 0 0 0 0 0 0 0 0 0 0 0 0 0 0 0 0 0 0 0 0 0 0 0 0 0 77 68 79 32 101 120 116 114 97 32 100 97 116 97 32 108 111 99 107 0 0 0 0 0 0 0 0 0 0 0 0 0 0 0 0 0 0 0 0 0 0 0 0 0 0 0 0 0 0 0 0 0 0 0 0 0 0 0 0 0 0 0 0 0 0 0 0 0 0 0 0 0 0 0 0 0 0 0 0 0 0 0 0 0 0 0 0 0 0 0 0 0 0 0 0 0 0 0 0 0 0 0 0 0 0 0 0 0 0 0 0 0 0 0 0 0 0 0 0 0 0 0 0 0 0 0 0 0 0 0 0 0 0 0 0 0 0 1 0 0 97 73 3 0 1 0 0 0 0 0 0 0 0 0 0 0 2 0 0 0 0 0 3 0 4 0 1 0 16 0 0 0 255 255 255 255 2 0 6 0 0 0 0 0 data 2 0x60002 0x692c oops 0
ciMethodData java/util/ArrayList$Itr <init> (Ljava/util/ArrayList;Ljava/util/ArrayList$1;)V 2 28003 orig 264 184 126 205 107 0 0 0 0 16 219 48 20 0 0 0 0 64 1 0 0 0 0 0 0 0 0 0 0 0 0 0 0 0 0 0 0 0 0 0 0 0 0 0 0 0 0 0 0 0 0 0 0 0 0 0 0 0 0 0 0 0 0 0 0 0 0 0 0 0 0 0 0 0 0 0 0 0 0 0 0 77 68 79 32 101 120 116 114 97 32 100 97 116 97 32 108 111 99 107 0 0 0 0 0 0 0 0 0 0 0 0 0 0 0 0 0 0 0 0 0 0 0 0 0 0 0 0 0 0 0 0 0 0 0 0 0 0 0 0 0 0 0 0 0 0 0 0 0 0 0 0 0 0 0 0 0 0 0 0 0 0 0 0 0 0 0 0 0 0 0 0 0 0 0 0 0 0 0 0 0 0 0 0 0 1 0 0 0 0 0 0 0 4 0 0 0 0 0 0 0 5 0 0 0 0 0 0 0 0 0 0 0 0 0 0 0 0 1 0 0 25 99 3 0 1 0 0 0 0 0 0 0 0 0 0 0 2 0 0 0 0 0 3 0 4 0 1 0 16 0 0 0 255 255 255 255 2 0 2 0 0 0 0 0 data 2 0x20002 0x6c61 oops 0
ciMethodData java/util/ArrayList$Itr <init> (Ljava/util/ArrayList;)V 2 28002 orig 264 184 126 205 107 0 0 0 0 96 214 48 20 0 0 0 0 56 1 0 0 0 0 0 0 0 0 0 0 0 0 0 0 0 0 0 0 0 0 0 0 0 0 0 0 0 0 0 0 0 0 0 0 0 0 0 0 0 0 0 0 0 0 0 0 0 0 0 0 0 0 0 0 0 0 0 0 0 0 0 0 77 68 79 32 101 120 116 114 97 32 100 97 116 97 32 108 111 99 107 0 0 0 0 0 0 0 0 0 0 0 0 0 0 0 0 0 0 0 0 0 0 0 0 0 0 0 0 0 0 0 0 0 0 0 0 0 0 0 0 0 0 0 0 0 0 0 0 0 0 0 0 0 0 0 0 0 0 0 0 0 0 0 0 0 0 0 0 0 0 0 0 0 0 0 0 0 0 0 0 0 0 0 0 0 1 0 0 0 0 0 0 0 0 0 0 0 0 0 0 0 1 0 0 0 0 0 0 0 0 0 0 0 0 0 0 0 0 1 0 0 17 99 3 0 1 0 0 0 0 0 0 0 0 0 0 0 2 0 0 0 0 0 0 0 0 0 1 0 16 0 0 0 255 255 255 255 2 0 6 0 0 0 0 0 data 2 0x60002 0x6c62 oops 0
ciMethodData java/util/Arrays copyOf ([Ljava/lang/Object;I)[Ljava/lang/Object; 2 10918 orig 264 184 126 205 107 0 0 0 0 136 19 21 20 0 0 0 0 192 1 0 0 0 0 0 0 0 0 0 0 0 0 0 0 0 0 0 0 0 0 0 0 0 0 0 0 0 0 0 0 0 0 0 0 0 0 0 0 0 0 0 0 0 0 0 0 0 0 0 0 0 0 0 0 0 0 0 0 0 0 0 0 77 68 79 32 101 120 116 114 97 32 100 97 116 97 32 108 111 99 107 0 0 0 0 0 0 0 0 0 0 0 0 0 0 0 0 0 0 0 0 0 0 0 0 0 0 0 0 0 0 0 0 0 0 0 0 0 0 0 0 0 0 0 0 0 0 0 0 0 0 0 0 0 0 0 0 0 0 0 0 0 0 0 0 0 0 0 0 0 0 0 0 0 0 0 0 0 0 0 0 0 0 0 0 0 0 0 0 0 0 0 0 0 0 0 0 0 0 0 0 0 0 0 0 0 0 0 0 0 0 0 0 0 0 0 0 0 18 1 0 0 161 76 1 0 1 0 0 0 0 0 0 0 0 0 0 0 2 0 0 0 0 0 3 0 3 0 1 0 112 0 0 0 255 255 255 255 5 0 3 0 0 0 0 0 data 14 0x30005 0x0 0x166507b0 0x2994 0x0 0x0 0x60002 0x2994 0x90004 0x0 0x0 0x0 0x0 0x0 oops 1 2 [Ljava/lang/Object;
ciMethodData java/util/ArrayList hugeCapacity (I)I 1 0 orig 264 184 126 205 107 0 0 0 0 56 251 16 20 0 0 0 0 136 1 0 0 32 0 0 0 0 0 0 0 0 0 0 0 0 0 0 0 0 0 0 0 0 0 0 0 0 0 0 0 0 0 0 0 0 0 0 0 0 0 0 0 0 0 0 0 0 0 0 0 0 0 0 0 0 0 0 0 0 0 0 0 77 68 79 32 101 120 116 114 97 32 100 97 116 97 32 108 111 99 107 0 0 0 0 0 0 0 0 0 0 0 0 0 0 0 0 0 0 0 0 0 0 0 0 0 0 0 0 0 0 0 0 0 0 0 0 0 0 0 0 0 0 0 0 0 0 0 0 0 0 0 0 0 0 0 0 0 0 0 0 0 0 0 0 0 0 0 0 0 0 0 0 0 0 0 0 0 0 0 0 0 0 0 0 0 25 0 0 0 0 0 0 0 0 0 0 0 0 0 0 0 0 0 0 0 0 0 0 0 0 0 0 0 0 0 0 0 0 0 0 0 1 0 0 0 1 0 0 0 0 0 0 0 0 0 0 0 2 0 0 0 0 0 0 0 0 0 1 0 104 0 0 0 255 255 255 255 7 0 1 0 0 0 0 0 data 13 0x10007 0x0 0x30 0x0 0x80002 0x0 0xf0007 0x0 0x38 0x0 0x140003 0x0 0x18 oops 0
ciMethodData java/util/Collections$UnmodifiableCollection$1 hasNext ()Z 2 5376 orig 264 184 126 205 107 0 0 0 0 96 3 50 20 0 0 0 0 120 1 0 0 0 0 0 0 0 0 0 0 0 0 0 0 0 0 0 0 0 0 0 0 0 0 0 0 0 0 0 0 0 0 0 0 0 0 0 0 0 0 0 0 0 0 0 0 0 0 0 0 0 0 0 0 0 0 0 0 0 0 0 0 77 68 79 32 101 120 116 114 97 32 100 97 116 97 32 108 111 99 107 0 0 0 0 0 0 0 0 0 0 0 0 0 0 0 0 0 0 0 0 0 0 0 0 0 0 0 0 0 0 0 0 0 0 0 0 0 0 0 0 0 0 0 0 0 0 0 0 0 0 0 0 0 0 0 0 0 0 0 0 0 0 0 0 0 0 0 0 0 0 0 0 0 0 0 0 0 0 0 0 0 0 0 0 0 0 0 0 0 0 0 0 0 0 0 0 0 0 0 0 0 0 0 0 0 0 0 0 0 0 0 0 0 0 0 0 0 0 1 0 0 1 160 0 0 1 0 0 0 0 0 0 0 0 0 0 0 2 0 0 0 0 0 3 0 4 0 1 0 48 0 0 0 255 255 255 255 5 0 4 0 0 0 0 0 data 6 0x40005 0x0 0x166575e0 0x1327 0x166580d0 0xd9 oops 2 2 java/util/ArrayList$Itr 4 java/util/TreeMap$ValueIterator
ciMethodData java/util/Collections$UnmodifiableCollection iterator ()Ljava/util/Iterator; 2 6698 orig 264 184 126 205 107 0 0 0 0 200 63 17 20 0 0 0 0 48 1 0 0 0 0 0 0 0 0 0 0 0 0 0 0 0 0 0 0 0 0 0 0 0 0 0 0 0 0 0 0 0 0 0 0 0 0 0 0 0 0 0 0 0 0 0 0 0 0 0 0 0 0 0 0 0 0 0 0 0 0 0 0 77 68 79 32 101 120 116 114 97 32 100 97 116 97 32 108 111 99 107 0 0 0 0 0 0 0 0 0 0 0 0 0 0 0 0 0 0 0 0 0 0 0 0 0 0 0 0 0 0 0 0 0 0 0 0 0 0 0 0 0 0 0 0 0 0 0 0 0 0 0 0 0 0 0 0 0 0 0 0 0 0 0 0 0 0 0 0 0 0 0 0 0 0 0 0 0 0 0 0 0 0 0 0 0 0 0 0 0 0 0 0 0 0 0 0 0 0 0 0 0 0 0 0 0 0 0 0 0 0 0 0 0 0 0 0 0 0 2 0 0 81 193 0 0 1 0 0 0 0 0 0 0 0 0 0 0 2 0 0 0 0 0 3 0 3 0 1 0 16 0 0 0 255 255 255 255 2 0 5 0 0 0 0 0 data 2 0x50002 0x182a oops 0
ciMethodData java/util/Collections$UnmodifiableCollection$1 <init> (Ljava/util/Collections$UnmodifiableCollection;)V 2 6698 orig 264 184 126 205 107 0 0 0 0 200 2 50 20 0 0 0 0 144 1 0 0 0 0 0 0 0 0 0 0 0 0 0 0 0 0 0 0 0 0 0 0 0 0 0 0 0 0 0 0 0 0 0 0 0 0 0 0 0 0 0 0 0 0 0 0 0 0 0 0 0 0 0 0 0 0 0 0 0 0 0 0 77 68 79 32 101 120 116 114 97 32 100 97 116 97 32 108 111 99 107 0 0 0 0 0 0 0 0 0 0 0 0 0 0 0 0 0 0 0 0 0 0 0 0 0 0 0 0 0 0 0 0 0 0 0 0 0 0 0 0 0 0 0 0 0 0 0 0 0 0 0 0 0 0 0 0 0 0 0 0 0 0 0 0 0 0 0 0 0 0 0 0 0 0 0 0 0 0 0 0 0 0 0 0 0 0 0 0 0 0 0 0 0 0 0 0 0 0 0 0 0 0 0 0 0 0 0 0 0 0 0 0 0 0 0 0 0 0 2 0 0 81 193 0 0 1 0 0 0 0 0 0 0 0 0 0 0 2 0 0 0 0 0 3 0 3 0 1 0 64 0 0 0 255 255 255 255 2 0 6 0 0 0 0 0 data 8 0x60002 0x182a 0x110005 0x0 0x167c1d90 0x1773 0x16656b80 0xb7 oops 2 4 java/util/ArrayList 6 java/util/TreeMap$Values
ciMethodData java/util/Collections$UnmodifiableCollection$1 next ()Ljava/lang/Object; 2 6656 orig 264 184 126 205 107 0 0 0 0 0 4 50 20 0 0 0 0 120 1 0 0 0 0 0 0 0 0 0 0 0 0 0 0 0 0 0 0 0 0 0 0 0 0 0 0 0 0 0 0 0 0 0 0 0 0 0 0 0 0 0 0 0 0 0 0 0 0 0 0 0 0 0 0 0 0 0 0 0 0 0 0 77 68 79 32 101 120 116 114 97 32 100 97 116 97 32 108 111 99 107 0 0 0 0 0 0 0 0 0 0 0 0 0 0 0 0 0 0 0 0 0 0 0 0 0 0 0 0 0 0 0 0 0 0 0 0 0 0 0 0 0 0 0 0 0 0 0 0 0 0 0 0 0 0 0 0 0 0 0 0 0 0 0 0 0 0 0 0 0 0 0 0 0 0 0 0 0 0 0 0 0 0 0 0 0 0 0 0 0 0 0 0 0 0 0 0 0 0 0 0 0 0 0 0 0 0 0 0 0 0 0 0 0 0 0 0 0 0 2 0 0 1 192 0 0 1 0 0 0 0 0 0 0 0 0 0 0 2 0 0 0 0 0 3 0 4 0 1 0 48 0 0 0 255 255 255 255 5 0 4 0 0 0 0 0 data 6 0x40005 0x0 0x166575e0 0x1754 0x166580d0 0xac oops 2 2 java/util/ArrayList$Itr 4 java/util/TreeMap$ValueIterator
ciMethodData java/util/Collections$UnmodifiableCollection <init> (Ljava/util/Collection;)V 2 3671 orig 264 184 126 205 107 0 0 0 0 152 59 17 20 0 0 0 0 104 1 0 0 0 0 0 0 0 0 0 0 0 0 0 0 0 0 0 0 0 0 0 0 0 0 0 0 0 0 0 0 0 0 0 0 0 0 0 0 0 0 0 0 0 0 0 0 0 0 0 0 0 0 0 0 0 0 0 0 0 0 0 0 77 68 79 32 101 120 116 114 97 32 100 97 116 97 32 108 111 99 107 0 0 0 0 0 0 0 0 0 0 0 0 0 0 0 0 0 0 0 0 0 0 0 0 0 0 0 0 0 0 0 0 0 0 0 0 0 0 0 0 0 0 0 0 0 0 0 0 0 0 0 0 0 0 0 0 0 0 0 0 0 0 0 0 0 0 0 0 0 0 0 0 0 0 0 0 0 0 0 0 0 0 0 0 0 0 0 0 0 0 0 0 0 0 0 0 0 0 0 0 0 0 0 0 0 0 0 0 0 0 0 0 0 0 0 0 0 0 2 0 0 185 98 0 0 1 0 0 0 0 0 0 0 0 0 0 0 2 0 0 0 0 0 5 0 3 0 1 0 64 0 0 0 255 255 255 255 2 0 1 0 0 0 0 0 data 8 0x10002 0xc57 0x50007 0xc57 0x30 0x0 0xc0002 0x0 oops 0
ciMethodData java/util/TreeMap$PrivateEntryIterator hasNext ()Z 2 1699 orig 264 184 126 205 107 0 0 0 0 216 243 49 20 0 0 0 0 88 1 0 0 0 0 0 0 0 0 0 0 0 0 0 0 0 0 0 0 0 0 0 0 0 0 0 0 0 0 0 0 0 0 0 0 0 0 0 0 0 0 0 0 0 0 0 0 0 0 0 0 0 0 0 0 0 0 0 0 0 0 0 0 77 68 79 32 101 120 116 114 97 32 100 97 116 97 32 108 111 99 107 0 0 0 0 0 0 0 0 0 0 0 0 0 0 0 0 0 0 0 0 0 0 0 0 0 0 0 0 0 0 0 0 0 0 0 0 0 0 0 0 0 0 0 0 0 0 0 0 0 0 0 0 0 0 0 0 0 0 0 0 0 0 0 0 0 0 0 0 0 0 0 0 0 0 0 0 0 0 0 0 0 0 0 0 0 0 0 0 0 0 0 0 0 0 0 0 0 0 0 0 0 0 0 0 0 0 0 0 0 0 0 0 0 0 0 0 0 0 2 0 0 25 37 0 0 1 0 0 0 0 0 0 0 0 0 0 0 2 0 0 0 0 0 6 0 3 0 1 0 56 0 0 0 255 255 255 255 7 0 4 0 0 0 0 0 data 7 0x40007 0x1a1 0x38 0x302 0x80003 0x302 0x18 oops 0
ciMethodData java/util/Collections unmodifiableList (Ljava/util/List;)Ljava/util/List; 2 3457 orig 264 184 126 205 107 0 0 0 0 0 127 15 20 0 0 0 0 208 1 0 0 96 0 0 0 0 0 0 0 0 0 0 0 0 0 0 0 0 0 0 0 0 0 0 0 0 0 0 0 0 0 0 0 0 0 0 0 0 0 0 0 0 0 0 0 0 0 0 0 0 0 0 0 0 0 0 0 0 0 0 0 77 68 79 32 101 120 116 114 97 32 100 97 116 97 32 108 111 99 107 0 0 0 0 0 0 0 0 0 0 0 0 0 0 0 0 0 0 0 0 0 0 0 0 0 0 0 0 0 0 0 0 0 0 0 0 0 0 0 0 0 0 0 0 0 0 0 0 0 0 0 0 0 0 0 0 0 0 0 0 0 0 0 0 0 0 0 0 0 0 0 0 0 0 0 0 0 0 0 0 0 0 0 0 0 0 0 0 0 0 0 0 0 0 0 0 0 0 0 0 0 0 0 0 0 0 0 0 0 0 0 0 0 0 0 0 0 0 2 0 0 9 92 0 0 1 0 0 0 0 0 0 0 0 0 0 0 2 0 0 0 0 0 14 0 3 0 1 0 136 0 0 0 255 255 255 255 4 0 1 0 0 0 0 0 data 17 0x10004 0x0 0x167c1d90 0xb81 0x0 0x0 0x40007 0x0 0x48 0xb81 0xc0002 0xb81 0xf0003 0xb81 0x28 0x170002 0x0 oops 1 2 java/util/ArrayList
ciMethodData java/util/Collections$UnmodifiableRandomAccessList <init> (Ljava/util/List;)V 2 3457 orig 264 184 126 205 107 0 0 0 0 184 37 17 20 0 0 0 0 56 1 0 0 0 0 0 0 0 0 0 0 0 0 0 0 0 0 0 0 0 0 0 0 0 0 0 0 0 0 0 0 0 0 0 0 0 0 0 0 0 0 0 0 0 0 0 0 0 0 0 0 0 0 0 0 0 0 0 0 0 0 0 0 77 68 79 32 101 120 116 114 97 32 100 97 116 97 32 108 111 99 107 0 0 0 0 0 0 0 0 0 0 0 0 0 0 0 0 0 0 0 0 0 0 0 0 0 0 0 0 0 0 0 0 0 0 0 0 0 0 0 0 0 0 0 0 0 0 0 0 0 0 0 0 0 0 0 0 0 0 0 0 0 0 0 0 0 0 0 0 0 0 0 0 0 0 0 0 0 0 0 0 0 0 0 0 0 0 0 0 0 0 0 0 0 0 0 0 0 0 0 0 0 0 0 0 0 0 0 0 0 0 0 0 0 0 0 0 0 0 2 0 0 9 92 0 0 1 0 0 0 0 0 0 0 0 0 0 0 2 0 0 0 0 0 0 0 0 0 1 0 16 0 0 0 255 255 255 255 2 0 2 0 0 0 0 0 data 2 0x20002 0xb81 oops 0
ciMethodData java/util/Collections$UnmodifiableList <init> (Ljava/util/List;)V 2 3457 orig 264 184 126 205 107 0 0 0 0 136 44 17 20 0 0 0 0 56 1 0 0 0 0 0 0 0 0 0 0 0 0 0 0 0 0 0 0 0 0 0 0 0 0 0 0 0 0 0 0 0 0 0 0 0 0 0 0 0 0 0 0 0 0 0 0 0 0 0 0 0 0 0 0 0 0 0 0 0 0 0 0 77 68 79 32 101 120 116 114 97 32 100 97 116 97 32 108 111 99 107 0 0 0 0 0 0 0 0 0 0 0 0 0 0 0 0 0 0 0 0 0 0 0 0 0 0 0 0 0 0 0 0 0 0 0 0 0 0 0 0 0 0 0 0 0 0 0 0 0 0 0 0 0 0 0 0 0 0 0 0 0 0 0 0 0 0 0 0 0 0 0 0 0 0 0 0 0 0 0 0 0 0 0 0 0 0 0 0 0 0 0 0 0 0 0 0 0 0 0 0 0 0 0 0 0 0 0 0 0 0 0 0 0 0 0 0 0 0 2 0 0 9 92 0 0 1 0 0 0 0 0 0 0 0 0 0 0 2 0 0 0 0 0 0 0 0 0 1 0 16 0 0 0 255 255 255 255 2 0 2 0 0 0 0 0 data 2 0x20002 0xb81 oops 0
ciMethodData java/util/TreeMap$PrivateEntryIterator nextEntry ()Ljava/util/TreeMap$Entry; 1 1190 orig 264 184 126 205 107 0 0 0 0 168 244 49 20 0 0 0 0 200 1 0 0 96 0 0 0 0 0 0 0 0 0 0 0 0 0 0 0 0 0 0 0 0 0 0 0 0 0 0 0 0 0 0 0 0 0 0 0 0 0 0 0 0 0 0 0 0 0 0 0 0 0 0 0 0 0 0 0 0 0 0 0 77 68 79 32 101 120 116 114 97 32 100 97 116 97 32 108 111 99 107 0 0 0 0 0 0 0 0 0 0 0 0 0 0 0 0 0 0 0 0 0 0 0 0 0 0 0 0 0 0 0 0 0 0 0 0 0 0 0 0 0 0 0 0 0 0 0 0 0 0 0 0 0 0 0 0 0 0 0 0 0 0 0 0 0 0 0 0 0 0 0 0 0 0 0 0 0 0 0 0 0 0 0 0 0 0 0 0 0 0 0 0 0 0 0 0 0 0 0 0 0 0 0 0 0 0 0 0 0 0 0 0 0 0 0 0 0 0 2 0 0 49 21 0 0 1 0 0 0 0 0 0 0 0 0 0 0 2 0 0 0 0 0 7 0 3 0 1 0 128 0 0 0 255 255 255 255 7 0 6 0 0 0 0 0 data 16 0x60007 0x2a6 0x30 0x0 0xd0002 0x0 0x150002 0x2a6 0x1c0007 0x2a6 0x30 0x0 0x230002 0x0 0x290002 0x2a6 oops 0
ciMethodData java/util/TreeMap$ValueIterator next ()Ljava/lang/Object; 1 1132 orig 264 184 126 205 107 0 0 0 0 184 238 49 20 0 0 0 0 120 1 0 0 0 0 0 0 0 0 0 0 0 0 0 0 0 0 0 0 0 0 0 0 0 0 0 0 0 0 0 0 0 0 0 0 0 0 0 0 0 0 0 0 0 0 0 0 0 0 0 0 0 0 0 0 0 0 0 0 0 0 0 0 77 68 79 32 101 120 116 114 97 32 100 97 116 97 32 108 111 99 107 0 0 0 0 0 0 0 0 0 0 0 0 0 0 0 0 0 0 0 0 0 0 0 0 0 0 0 0 0 0 0 0 0 0 0 0 0 0 0 0 0 0 0 0 0 0 0 0 0 0 0 0 0 0 0 0 0 0 0 0 0 0 0 0 0 0 0 0 0 0 0 0 0 0 0 0 0 0 0 0 0 0 0 0 0 0 0 0 0 0 0 0 0 0 0 0 0 0 0 0 0 0 0 0 0 0 0 0 0 0 0 0 0 0 0 0 0 0 2 0 0 97 19 0 0 1 0 0 0 0 0 0 0 0 0 0 0 2 0 0 0 0 0 3 0 3 0 1 0 48 0 0 0 255 255 255 255 5 0 1 0 0 0 0 0 data 6 0x10005 0x0 0x166580d0 0x26c 0x0 0x0 oops 1 2 java/util/TreeMap$ValueIterator
ciMethodData java/util/TreeMap getFirstEntry ()Ljava/util/TreeMap$Entry; 1 694 orig 264 184 126 205 107 0 0 0 0 72 134 43 20 0 0 0 0 120 1 0 0 0 0 0 0 0 0 0 0 0 0 0 0 0 0 0 0 0 0 0 0 0 0 0 0 0 0 0 0 0 0 0 0 0 0 0 0 0 0 0 0 0 0 0 0 0 0 0 0 0 0 0 0 0 0 0 0 0 0 0 0 77 68 79 32 101 120 116 114 97 32 100 97 116 97 32 108 111 99 107 0 0 0 0 0 0 0 0 0 0 0 0 0 0 0 0 0 0 0 0 0 0 0 0 0 0 0 0 0 0 0 0 0 0 0 0 0 0 0 0 0 0 0 0 0 0 0 0 0 0 0 0 0 0 0 0 0 0 0 0 0 0 0 0 0 0 0 0 0 0 0 0 0 0 0 0 0 0 0 0 0 0 0 0 0 0 0 0 0 0 0 0 0 0 0 0 0 0 0 0 0 0 0 0 0 0 0 0 0 0 0 0 0 0 0 0 0 129 1 0 0 169 9 0 0 233 3 0 0 0 0 0 0 0 0 0 0 2 0 0 0 1 0 9 0 3 0 1 0 88 0 0 0 255 255 255 255 7 0 6 0 0 0 0 0 data 11 0x60007 0x2d 0x58 0x108 0xd0007 0x108 0x38 0x7d 0x150003 0x7d 0xffffffffffffffe0 oops 0
ciMethodData java/util/TreeMap$PrivateEntryIterator <init> (Ljava/util/TreeMap;Ljava/util/TreeMap$Entry;)V 1 693 orig 264 184 126 205 107 0 0 0 0 56 243 49 20 0 0 0 0 120 1 0 0 0 0 0 0 0 0 0 0 0 0 0 0 0 0 0 0 0 0 0 0 0 0 0 0 0 0 0 0 0 0 0 0 0 0 0 0 0 0 0 0 0 0 0 0 0 0 0 0 0 0 0 0 0 0 0 0 0 0 0 0 77 68 79 32 101 120 116 114 97 32 100 97 116 97 32 108 111 99 107 0 0 0 0 0 0 0 0 0 0 0 0 0 0 0 0 0 0 0 0 0 0 0 0 0 0 0 0 0 0 0 0 0 0 0 0 0 0 0 0 0 0 0 0 0 0 0 0 0 0 0 0 0 0 0 0 0 0 0 0 0 0 0 0 0 0 0 0 0 0 0 0 0 0 0 0 0 0 0 0 0 0 0 0 0 0 0 0 0 0 0 0 0 0 0 0 0 0 0 0 0 0 0 0 0 0 0 0 0 0 0 0 0 0 0 0 0 128 1 0 0 169 9 0 0 1 0 0 0 0 0 0 0 0 0 0 0 2 0 0 0 0 0 3 0 3 0 1 0 32 0 0 0 255 255 255 255 2 0 6 0 0 0 0 0 data 4 0x60002 0x135 0xb0002 0x135 oops 0
ciMethodData java/util/TreeMap$ValueIterator <init> (Ljava/util/TreeMap;Ljava/util/TreeMap$Entry;)V 1 682 orig 264 184 126 205 107 0 0 0 0 32 238 49 20 0 0 0 0 64 1 0 0 0 0 0 0 0 0 0 0 0 0 0 0 0 0 0 0 0 0 0 0 0 0 0 0 0 0 0 0 0 0 0 0 0 0 0 0 0 0 0 0 0 0 0 0 0 0 0 0 0 0 0 0 0 0 0 0 0 0 0 0 77 68 79 32 101 120 116 114 97 32 100 97 116 97 32 108 111 99 107 0 0 0 0 0 0 0 0 0 0 0 0 0 0 0 0 0 0 0 0 0 0 0 0 0 0 0 0 0 0 0 0 0 0 0 0 0 0 0 0 0 0 0 0 0 0 0 0 0 0 0 0 0 0 0 0 0 0 0 0 0 0 0 0 0 0 0 0 0 0 0 0 0 0 0 0 0 0 0 0 0 0 0 0 0 0 0 0 0 0 0 0 0 0 0 0 0 0 0 0 0 0 0 0 0 0 0 0 0 0 0 0 0 0 0 0 0 133 1 0 0 41 9 0 0 1 0 0 0 0 0 0 0 0 0 0 0 2 0 0 0 0 0 3 0 3 0 1 0 16 0 0 0 255 255 255 255 2 0 8 0 0 0 0 0 data 2 0x80002 0x125 oops 0
ciMethodData java/util/TreeMap$Values iterator ()Ljava/util/Iterator; 1 681 orig 264 184 126 205 107 0 0 0 0 48 230 49 20 0 0 0 0 136 1 0 0 0 0 0 0 0 0 0 0 0 0 0 0 0 0 0 0 0 0 0 0 0 0 0 0 0 0 0 0 0 0 0 0 0 0 0 0 0 0 0 0 0 0 0 0 0 0 0 0 0 0 0 0 0 0 0 0 0 0 0 0 77 68 79 32 101 120 116 114 97 32 100 97 116 97 32 108 111 99 107 0 0 0 0 0 0 0 0 0 0 0 0 0 0 0 0 0 0 0 0 0 0 0 0 0 0 0 0 0 0 0 0 0 0 0 0 0 0 0 0 0 0 0 0 0 0 0 0 0 0 0 0 0 0 0 0 0 0 0 0 0 0 0 0 0 0 0 0 0 0 0 0 0 0 0 0 0 0 0 0 0 0 0 0 0 0 0 0 0 0 0 0 0 0 0 0 0 0 0 0 0 0 0 0 0 0 0 0 0 0 0 0 0 0 0 0 0 134 1 0 0 25 9 0 0 1 0 0 0 0 0 0 0 0 0 0 0 2 0 0 0 1 0 10 0 3 0 1 0 64 0 0 0 255 255 255 255 5 0 12 0 0 0 0 0 data 8 0xc0005 0x0 0x16658300 0x123 0x0 0x0 0xf0002 0x123 oops 1 2 java/util/TreeMap
ciMethod com/android/dx/rop/type/TypeBearer getBasicType ()I 0 0 1 0 -1
ciMethod com/android/dx/rop/cst/TypedConstant getBasicType ()I 49 1 519 0 -1
ciMethod com/android/dx/rop/cst/CstInteger make (I)Lcom/android/dx/rop/cst/CstInteger; 129 1 587 0 -1
ciMethod com/android/dx/rop/cst/CstInteger getValue ()I 809 1 1800 0 -1
ciMethod com/android/dx/util/FixedSizeList size ()I 3441 1 81900 0 0
ciMethod com/android/dx/util/FixedSizeList get0 (I)Ljava/lang/Object; 2049 1 5381 0 -1
ciMethodData com/android/dx/util/FixedSizeList size ()I 2 81900 orig 264 184 126 205 107 0 0 0 0 176 44 72 20 0 0 0 0 32 1 0 0 0 0 0 0 0 0 0 0 0 0 0 0 0 0 0 0 0 0 0 0 0 0 0 0 0 0 0 0 0 0 0 0 0 0 0 0 0 0 0 0 0 0 0 0 0 0 0 0 0 0 0 0 0 0 0 0 0 0 0 0 77 68 79 32 101 120 116 114 97 32 100 97 116 97 32 108 111 99 107 0 0 0 0 0 0 0 0 0 0 0 0 0 0 0 0 0 0 0 0 0 0 0 0 0 0 0 0 0 0 0 0 0 0 0 0 0 0 0 0 0 0 0 0 0 0 0 0 0 0 0 0 0 0 0 0 0 0 0 0 0 0 0 0 0 0 0 0 0 0 0 0 0 0 0 0 0 0 0 0 0 0 0 0 0 1 0 0 0 0 0 0 0 0 0 0 0 0 0 0 0 1 0 0 0 0 0 0 0 0 0 0 0 0 0 0 0 174 1 0 0 241 241 9 0 1 0 0 0 0 0 0 0 0 0 0 0 2 0 0 0 0 0 3 0 3 0 0 0 0 0 0 0 255 255 255 255 0 0 0 0 0 0 0 0 data 0 oops 0
ciMethod com/android/dx/rop/code/Insn getOpcode ()Lcom/android/dx/rop/code/Rop; 1025 1 128 0 0
ciMethod com/android/dx/rop/code/Insn getSources ()Lcom/android/dx/rop/code/RegisterSpecList; 1113 1 139 0 -1
ciMethod com/android/dx/rop/code/CstInsn getConstant ()Lcom/android/dx/rop/cst/Constant; 1153 1 144 0 0
ciMethod com/android/dx/util/IntList size ()I 1105 1 138 0 -1
ciMethod com/android/dx/util/IntList get (I)I 2057 1 8915 0 -1
ciMethod com/android/dx/rop/code/RegisterSpec getBasicType ()I 777 1 2285 0 0
ciMethod com/android/dx/rop/code/RegisterSpec getReg ()I 1089 1 136 0 0
ciMethod com/android/dx/rop/code/Rop getOpcode ()I 1025 1 128 0 0
ciMethod com/android/dx/rop/code/Rop getBranchingness ()I 1105 1 138 0 0
ciMethod com/android/dx/rop/code/Rop isCallLike ()Z 1089 1 136 0 0
ciMethod com/android/dx/rop/code/RegisterSpecList get (I)Lcom/android/dx/rop/code/RegisterSpec; 1409 1 17804 0 160
ciMethod com/android/dx/ssa/SsaMethod getBlocks ()Ljava/util/ArrayList; 1081 1 135 0 -1
ciMethod com/android/dx/ssa/SsaMethod buildUseList ()V 209 2913 209 0 0
ciMethod com/android/dx/ssa/SsaMethod getUseListForRegister (I)Ljava/util/List; 2169 1 6517 0 0
ciMethod com/android/dx/ssa/SsaMethod isRegALocal (Lcom/android/dx/rop/code/RegisterSpec;)Z 617 329 2125 0 -1
ciMethod com/android/dx/ssa/SsaMethod forEachInsn (Lcom/android/dx/ssa/SsaInsn$Visitor;)V 641 4225 1201 0 8032
ciMethod com/android/dx/ssa/SsaInsn getResult ()Lcom/android/dx/rop/code/RegisterSpec; 1041 1 130 0 0
ciMethod com/android/dx/ssa/SsaInsn getSources ()Lcom/android/dx/rop/code/RegisterSpecList; 0 0 1 0 -1
ciMethod com/android/dx/ssa/SsaInsn getBlock ()Lcom/android/dx/ssa/SsaBasicBlock; 1033 1 129 0 0
ciMethod com/android/dx/ssa/SsaInsn getOpcode ()Lcom/android/dx/rop/code/Rop; 0 0 1 0 -1
ciMethod com/android/dx/ssa/SsaInsn getOriginalRopInsn ()Lcom/android/dx/rop/code/Insn; 0 0 1 0 -1
ciMethod com/android/dx/ssa/NormalSsaInsn getSources ()Lcom/android/dx/rop/code/RegisterSpecList; 2073 1 10764 0 64
ciMethod com/android/dx/ssa/NormalSsaInsn getOpcode ()Lcom/android/dx/rop/code/Rop; 2321 1 15504 0 64
ciMethod com/android/dx/ssa/NormalSsaInsn getOriginalRopInsn ()Lcom/android/dx/rop/code/Insn; 1121 1 140 0 0
ciMethod com/android/dx/ssa/SsaBasicBlock getInsns ()Ljava/util/ArrayList; 1025 1 128 0 0
ciMethod com/android/dx/ssa/SsaBasicBlock getSuccessorList ()Lcom/android/dx/util/IntList; 1065 1 133 0 -1
ciMethod com/android/dx/ssa/SsaBasicBlock getPrimarySuccessor ()Lcom/android/dx/ssa/SsaBasicBlock; 0 0 1 0 0
ciMethod com/android/dx/ssa/SsaBasicBlock forEachInsn (Lcom/android/dx/ssa/SsaInsn$Visitor;)V 2121 2305 5949 0 -1
ciMethod com/android/dx/ssa/SCCP addBlockToWorklist (Lcom/android/dx/ssa/SsaBasicBlock;)V 2521 1 5801 0 -1
ciMethod com/android/dx/ssa/SCCP addUsersToWorklist (II)V 937 961 1981 0 0
ciMethod com/android/dx/ssa/SCCP setLatticeValueTo (IILcom/android/dx/rop/cst/Constant;)Z 1009 1 2233 0 0
ciMethod com/android/dx/ssa/SCCP simulateBranch (Lcom/android/dx/ssa/SsaInsn;)V 2193 2313 5113 0 -1
ciMethod com/android/dx/ssa/SCCP simulateMath (Lcom/android/dx/ssa/SsaInsn;I)Lcom/android/dx/rop/cst/Constant; 65 1 108 0 -1
ciMethod com/android/dx/ssa/SCCP simulateStmt (Lcom/android/dx/ssa/SsaInsn;)V 3177 1 6790 0 -1
ciMethod com/android/dx/ssa/SsaMethod$2 <init> (Lcom/android/dx/ssa/SsaMethod;)V 1017 1 209 0 0
ciMethodData com/android/dx/ssa/NormalSsaInsn getOpcode ()Lcom/android/dx/rop/code/Rop; 2 15504 orig 264 184 126 205 107 0 0 0 0 184 79 83 20 0 0 0 0 120 1 0 0 0 0 0 0 0 0 0 0 0 0 0 0 0 0 0 0 0 0 0 0 0 0 0 0 0 0 0 0 0 0 0 0 0 0 0 0 0 0 0 0 0 0 0 0 0 0 0 0 0 0 0 0 0 0 0 0 0 0 0 0 77 68 79 32 101 120 116 114 97 32 100 97 116 97 32 108 111 99 107 0 0 0 0 0 0 0 0 0 0 0 0 0 0 0 0 0 0 0 0 0 0 0 0 0 0 0 0 0 0 0 0 0 0 0 0 0 0 0 0 0 0 0 0 0 0 0 0 0 0 0 0 0 0 0 0 0 0 0 0 0 0 0 0 0 0 0 0 0 0 0 0 0 0 0 0 0 0 0 0 0 0 0 0 0 0 0 0 0 0 0 0 0 0 0 0 0 0 0 0 0 0 0 0 0 0 0 0 0 0 0 0 0 0 0 0 0 34 1 0 0 113 219 1 0 1 0 0 0 0 0 0 0 0 0 0 0 2 0 0 0 0 0 3 0 4 0 1 0 48 0 0 0 255 255 255 255 5 0 4 0 0 0 0 0 data 6 0x40005 0xa29 0x167d89a0 0x22ba 0x1664b400 0xe8b oops 2 2 com/android/dx/rop/code/PlainInsn 4 com/android/dx/rop/code/ThrowingCstInsn
ciMethodData com/android/dx/ssa/NormalSsaInsn getSources ()Lcom/android/dx/rop/code/RegisterSpecList; 2 10875 orig 264 184 126 205 107 0 0 0 0 184 77 83 20 0 0 0 0 120 1 0 0 0 0 0 0 0 0 0 0 0 0 0 0 0 0 0 0 0 0 0 0 0 0 0 0 0 0 0 0 0 0 0 0 0 0 0 0 0 0 0 0 0 0 0 0 0 0 0 0 0 0 0 0 0 0 0 0 0 0 0 0 77 68 79 32 101 120 116 114 97 32 100 97 116 97 32 108 111 99 107 0 0 0 0 0 0 0 0 0 0 0 0 0 0 0 0 0 0 0 0 0 0 0 0 0 0 0 0 0 0 0 0 0 0 0 0 0 0 0 0 0 0 0 0 0 0 0 0 0 0 0 0 0 0 0 0 0 0 0 0 0 0 0 0 0 0 0 0 0 0 0 0 0 0 0 0 0 0 0 0 0 0 0 0 0 0 0 0 0 0 0 0 0 0 0 0 0 0 0 0 0 0 0 0 0 0 0 0 0 0 0 0 0 0 0 0 0 3 1 0 0 193 75 1 0 1 0 0 0 0 0 0 0 0 0 0 0 2 0 0 0 0 0 3 0 4 0 1 0 48 0 0 0 255 255 255 255 5 0 4 0 0 0 0 0 data 6 0x40005 0x45c 0x167d89a0 0x1c5d 0x1664b400 0x8bf oops 2 2 com/android/dx/rop/code/PlainInsn 4 com/android/dx/rop/code/ThrowingCstInsn
ciMethodData com/android/dx/ssa/SsaMethod forEachInsn (Lcom/android/dx/ssa/SsaInsn$Visitor;)V 2 18787 orig 264 184 126 205 107 0 0 0 0 152 26 83 20 0 0 0 0 120 2 0 0 0 0 0 0 0 0 0 0 0 0 0 0 0 0 0 0 0 0 0 0 0 0 0 0 0 0 0 0 0 0 0 0 0 0 0 0 0 0 0 0 0 0 0 0 0 0 0 0 0 0 0 0 0 0 0 0 0 0 0 0 77 68 79 32 101 120 116 114 97 32 100 97 116 97 32 108 111 99 107 0 0 0 0 0 0 0 0 0 0 0 0 0 0 0 0 0 0 0 0 0 0 0 0 0 0 0 0 0 0 0 0 0 0 0 0 0 0 0 0 0 0 0 0 0 0 0 0 0 0 0 0 0 0 0 0 0 0 0 0 0 0 0 0 0 0 0 0 0 0 0 0 0 0 0 0 0 0 0 0 0 0 0 0 0 17 0 0 0 0 0 0 0 0 0 0 0 0 0 0 0 1 0 0 0 0 0 0 0 0 0 0 0 0 0 0 0 16 2 0 0 9 35 0 0 153 58 2 0 0 0 0 0 0 0 0 0 2 0 0 0 1 0 10 0 4 0 1 0 40 1 0 0 255 255 255 255 5 0 4 0 0 0 0 0 data 37 0x40005 0x0 0x167c1d90 0x461 0x0 0x0 0x90005 0x0 0x166575e0 0x4bb3 0x0 0x0 0xe0007 0x460 0xc8 0x4753 0x120005 0x0 0x166575e0 0x4753 0x0 0x0 0x170004 0x0 0x167c19a0 0x4754 0x0 0x0 0x1d0005 0x12a0 0x167c19a0 0x34b5 0x0 0x0 0x200003 0x4753 0xffffffffffffff20 oops 5 2 java/util/ArrayList 8 java/util/ArrayList$Itr 18 java/util/ArrayList$Itr 24 com/android/dx/ssa/SsaBasicBlock 30 com/android/dx/ssa/SsaBasicBlock
ciMethodData com/android/dx/rop/code/RegisterSpecList get (I)Lcom/android/dx/rop/code/RegisterSpec; 2 17942 orig 264 184 126 205 107 0 0 0 0 152 28 82 20 0 0 0 0 176 1 0 0 0 0 0 0 0 0 0 0 0 0 0 0 0 0 0 0 0 0 0 0 0 0 0 0 0 0 0 0 0 0 0 0 0 0 0 0 0 0 0 0 0 0 0 0 0 0 0 0 0 0 0 0 0 0 0 0 0 0 0 0 77 68 79 32 101 120 116 114 97 32 100 97 116 97 32 108 111 99 107 0 0 0 0 0 0 0 0 0 0 0 0 0 0 0 0 0 0 0 0 0 0 0 0 0 0 0 0 0 0 0 0 0 0 0 0 0 0 0 0 0 0 0 0 0 0 0 0 0 0 0 0 0 0 0 0 0 0 0 0 0 0 0 0 0 0 0 0 0 0 0 0 0 0 0 0 0 0 0 0 0 0 0 0 0 17 0 0 0 0 0 0 0 0 0 0 0 0 0 0 0 1 0 0 0 0 0 0 0 0 0 0 0 0 0 0 0 176 0 0 0 49 43 2 0 1 0 0 0 0 0 0 0 0 0 0 0 2 0 0 0 0 0 3 0 4 0 1 0 96 0 0 0 255 255 255 255 5 0 2 0 0 0 0 0 data 12 0x20005 0xf4 0x167dd540 0x4472 0x0 0x0 0x50004 0x0 0x167d8bb0 0x4565 0x0 0x0 oops 2 2 com/android/dx/rop/code/RegisterSpecList 8 com/android/dx/rop/code/RegisterSpec
ciMethodData com/android/dx/ssa/SsaMethod getUseListForRegister (I)Ljava/util/List; 2 6517 orig 264 184 126 205 107 0 0 0 0 176 21 83 20 0 0 0 0 88 1 0 0 0 0 0 0 0 0 0 0 0 0 0 0 0 0 0 0 0 0 0 0 0 0 0 0 0 0 0 0 0 0 0 0 0 0 0 0 0 0 0 0 0 0 0 0 0 0 0 0 0 0 0 0 0 0 0 0 0 0 0 0 77 68 79 32 101 120 116 114 97 32 100 97 116 97 32 108 111 99 107 0 0 0 0 0 0 0 0 0 0 0 0 0 0 0 0 0 0 0 0 0 0 0 0 0 0 0 0 0 0 0 0 0 0 0 0 0 0 0 0 0 0 0 0 0 0 0 0 0 0 0 0 0 0 0 0 0 0 0 0 0 0 0 0 0 0 0 0 0 0 0 0 0 0 0 0 0 0 0 0 0 0 0 0 0 0 0 0 0 0 0 0 0 0 0 0 0 0 0 0 0 0 0 0 0 0 0 0 0 0 0 0 0 0 0 0 0 15 1 0 0 49 195 0 0 1 0 0 0 0 0 0 0 0 0 0 0 2 0 0 0 0 0 6 0 3 0 1 0 48 0 0 0 255 255 255 255 7 0 4 0 0 0 0 0 data 6 0x40007 0x17c3 0x30 0xa3 0x80002 0xa3 oops 0
ciMethodData com/android/dx/ssa/SsaMethod buildUseList ()V 2 6912 orig 264 184 126 205 107 0 0 0 0 120 13 83 20 0 0 0 0 168 2 0 0 184 0 0 0 0 0 0 0 0 0 0 0 0 0 0 0 0 0 0 0 0 0 0 0 0 0 0 0 0 0 0 0 0 0 0 0 0 0 0 0 0 0 0 0 0 0 0 0 0 0 0 0 0 0 0 0 0 0 0 0 77 68 79 32 101 120 116 114 97 32 100 97 116 97 32 108 111 99 107 0 0 0 0 0 0 0 0 0 0 0 0 0 0 0 0 0 0 0 0 0 0 0 0 0 0 0 0 0 0 0 0 0 0 0 0 0 0 0 0 0 0 0 0 0 0 0 0 0 0 0 0 0 0 0 0 0 0 0 0 0 0 0 0 0 0 0 0 0 0 0 0 0 0 0 0 0 0 0 0 0 0 0 0 0 0 0 0 0 0 0 0 0 0 0 0 0 0 0 0 0 0 0 0 0 0 0 0 0 0 0 0 0 0 0 0 0 108 1 0 0 185 5 0 0 161 204 0 0 0 0 0 0 0 0 0 0 2 0 0 0 2 0 23 0 3 0 1 0 96 1 0 0 255 255 255 255 7 0 4 0 0 0 0 0 data 44 0x40007 0xb7 0x30 0x0 0xd0002 0x0 0x230007 0xb7 0x78 0xcca 0x2f0002 0xcca 0x320004 0x0 0x167c1d90 0xcca 0x0 0x0 0x360003 0xcca 0xffffffffffffffa0 0x3f0002 0xb7 0x420005 0x68 0x169386e0 0x4f 0x0 0x0 0x570007 0xb7 0x78 0xcca 0x650002 0xcca 0x680004 0x0 0x16e01cb0 0xcca 0x0 0x0 0x6c0003 0xcca 0xffffffffffffffa0 oops 3 14 java/util/ArrayList 25 com/android/dx/ssa/SsaMethod 37 java/util/Collections$UnmodifiableRandomAccessList
ciMethodData com/android/dx/ssa/SCCP simulateBranch (Lcom/android/dx/ssa/SsaInsn;)V 2 5709 orig 264 184 126 205 107 0 0 0 0 144 82 85 20 0 0 0 0 0 16 0 0 0 13 0 0 0 0 0 0 0 0 0 0 0 0 0 0 0 0 0 0 0 0 0 0 0 0 0 0 0 0 0 0 0 0 0 0 0 0 0 0 0 0 0 0 0 0 0 0 0 0 0 0 0 0 0 0 0 0 0 0 77 68 79 32 101 120 116 114 97 32 100 97 116 97 32 108 111 99 107 0 0 0 0 0 0 0 0 0 0 0 0 0 0 0 0 0 0 0 0 0 0 0 0 0 0 0 0 0 0 0 0 0 0 0 0 0 0 0 0 0 0 0 0 0 0 0 0 0 0 0 0 0 0 0 0 0 0 0 0 0 0 0 0 0 0 0 0 0 0 0 0 0 0 0 0 0 0 0 0 0 0 0 0 0 0 0 0 0 0 0 0 0 0 0 0 0 0 0 0 0 0 0 0 0 0 0 0 0 0 0 0 0 0 0 0 0 33 1 0 0 17 154 0 0 97 169 0 0 0 0 0 0 0 0 0 0 2 0 0 0 1 0 112 0 3 0 1 0 176 14 0 0 255 255 255 255 5 0 1 0 0 0 0 0 data 470 0x10005 0x0 0x167d88f0 0x1342 0x0 0x0 0x60005 0x0 0x167d88f0 0x1342 0x0 0x0 0x110005 0x10 0x167d8b00 0x1332 0x0 0x0 0x150007 0x11f0 0xa58 0x152 0x200005 0x0 0x167dd540 0x152 0x0 0x0 0x270005 0x0 0x167d8bb0 0x152 0x0 0x0 0x320005 0x0 0x169386e0 0x152 0x0 0x0 0x350007 0x60 0x40 0xf2 0x400007 0xf2 0x20 0x0 0x4d0005 0x0 0x167dd540 0x152 0x0 0x0 0x510007 0xcb 0xf0 0x87 0x560005 0x0 0x167dd540 0x87 0x0 0x0 0x5d0005 0x0 0x167d8bb0 0x87 0x0 0x0 0x680005 0x0 0x169386e0 0x87 0x0 0x0 0x6b0007 0xc 0x40 0x7b 0x760007 0xf 0x20 0x6c 0x840007 0x152 0x418 0x0 0x880005 0x0 0x0 0x0 0x0 0x0 0x8c0007 0x0 0x3c8 0x0 0x910004 0x0 0x0 0x0 0x0 0x0 0x940005 0x0 0x0 0x0 0x0 0x0 0x970008 0x4 0x0 0x330 0x0 0x30 0xad0004 0x0 0x0 0x0 0x0 0x0 0xb00005 0x0 0x0 0x0 0x0 0x0 0xb60005 0x0 0x0 0x0 0x0 0x0 0xb90008 0xe 0x0 0x260 0x0 0x80 0x0 0xd0 0x0 0x120 0x0 0x170 0x0 0x1c0 0x0 0x210 0xe20007 0x0 0x38 0x0 0xe60003 0x0 0x18 0xec0003 0x0 0x1b8 0xf10007 0x0 0x38 0x0 0xf50003 0x0 0x18 0xfb0003 0x0 0x168 0x1000007 0x0 0x38 0x0 0x1040003 0x0 0x18 0x10a0003 0x0 0x118 0x10f0007 0x0 0x38 0x0 0x1130003 0x0 0x18 0x1190003 0x0 0xc8 0x11e0007 0x0 0x38 0x0 0x1220003 0x0 0x18 0x1280003 0x0 0x78 0x12d0007 0x0 0x38 0x0 0x1310003 0x0 0x18 0x1370003 0x0 0x28 0x1400002 0x0 0x1440003 0x0 0x448 0x1490007 0x152 0x430 0x0 0x14e0007 0x0 0x410 0x0 0x1530004 0x0 0x0 0x0 0x0 0x0 0x1560005 0x0 0x0 0x0 0x0 0x0 0x1590008 0x4 0x0 0x390 0x0 0x30 0x1710004 0x0 0x0 0x0 0x0 0x0 0x1740005 0x0 0x0 0x0 0x0 0x0 0x17b0004 0x0 0x0 0x0 0x0 0x0 0x17e0005 0x0 0x0 0x0 0x0 0x0 0x1840005 0x0 0x0 0x0 0x0 0x0 0x1870008 0xe 0x0 0x260 0x0 0x80 0x0 0xd0 0x0 0x120 0x0 0x170 0x0 0x1c0 0x0 0x210 0x1b00007 0x0 0x38 0x0 0x1b40003 0x0 0x18 0x1ba0003 0x0 0x1b8 0x1c10007 0x0 0x38 0x0 0x1c50003 0x0 0x18 0x1cb0003 0x0 0x168 0x1d20007 0x0 0x38 0x0 0x1d60003 0x0 0x18 0x1dc0003 0x0 0x118 0x1e30007 0x0 0x38 0x0 0x1e70003 0x0 0x18 0x1ed0003 0x0 0xc8 0x1f40007 0x0 0x38 0x0 0x1f80003 0x0 0x18 0x1fe0003 0x0 0x78 0x2050007 0x0 0x38 0x0 0x2090003 0x0 0x18 0x20f0003 0x0 0x28 0x2180002 0x0 0x21d0005 0x0 0x167d88f0 0x1342 0x0 0x0 0x2240007 0x1342 0x200 0x0 0x2290007 0x0 0x98 0x0 0x22e0005 0x0 0x0 0x0 0x0 0x0 0x2320005 0x0 0x0 0x0 0x0 0x0 0x2370003 0x0 0x78 0x23c0005 0x0 0x0 0x0 0x0 0x0 0x2400005 0x0 0x0 0x0 0x0 0x0 0x24a0005 0x0 0x0 0x0 0x0 0x0 0x24f0005 0x0 0x0 0x0 0x0 0x0 0x2520004 0x0 0x0 0x0 0x0 0x0 0x2550002 0x0 0x25d0005 0x0 0x0 0x0 0x0 0x0 0x2610003 0x0 0x1b0 0x26b0005 0x20 0x167c19a0 0x284e 0x0 0x0 0x26e0005 0x20 0x169376c0 0x284e 0x0 0x0 0x2710007 0x1342 0x138 0x152c 0x2760005 0x10 0x167c19a0 0x151c 0x0 0x0 0x27b0005 0x10 0x169376c0 0x151c 0x0 0x0 0x2850005 0x10 0x169386e0 0x151c 0x0 0x0 0x28a0005 0x0 0x167c1d90 0x152c 0x0 0x0 0x28d0004 0x0 0x167c19a0 0x152c 0x0 0x0 0x2900002 0x152c 0x2960003 0x152c 0xfffffffffffffe80