#
# There is insufficient memory for the Java Runtime Environment to continue.
# Native memory allocation (malloc) failed to allocate 778816 bytes for Chunk::new
# Possible reasons:
#   The system is out of physical RAM or swap space
#   In 32 bit mode, the process size limit was hit
# Possible solutions:
#   Reduce memory load on the system
#   Increase physical memory or swap space
#   Check if swap backing store is full
#   Use 64 bit Java on a 64 bit OS
#   Decrease Java heap size (-Xmx/-Xms)
#   Decrease number of Java threads
#   Decrease Java thread stack sizes (-Xss)
#   Set larger code cache with -XX:ReservedCodeCacheSize=
# This output file may be truncated or incomplete.
#
#  Out of Memory Error (allocation.cpp:390), pid=8928, tid=9516
#
# JRE version: Java(TM) SE Runtime Environment (8.0_20-b26) (build 1.8.0_20-b26)
# Java VM: Java HotSpot(TM) 64-Bit Server VM (25.20-b23 mixed mode windows-amd64 compressed oops)
# Failed to write core dump. Minidumps are not enabled by default on client versions of Windows
#

---------------  T H R E A D  ---------------

Current thread (0x0000000014b2e800):  JavaThread "C2 CompilerThread0" daemon [_thread_in_native, id=9516, stack(0x0000000016080000,0x0000000016180000)]

Stack: [0x0000000016080000,0x0000000016180000]
Native frames: (J=compiled Java code, j=interpreted, Vv=VM code, C=native code)
V  [jvm.dll+0x3152fa]


Current CompileTask:
C2:   2595 1175       4       com.android.dx.ssa.SCCP::simulateStmt (481 bytes)


---------------  P R O C E S S  ---------------

Java Threads: ( => current thread )
  0x00000000166ad000 JavaThread "pool-1-thread-4" [_thread_in_Java, id=4316, stack(0x0000000017580000,0x0000000017680000)]
  0x00000000166ac800 JavaThread "pool-1-thread-3" [_thread_blocked, id=880, stack(0x0000000017480000,0x0000000017580000)]
  0x00000000166ab800 JavaThread "pool-1-thread-2" [_thread_blocked, id=5136, stack(0x0000000017380000,0x0000000017480000)]
  0x00000000166c1800 JavaThread "pool-2-thread-1" [_thread_blocked, id=4660, stack(0x0000000017280000,0x0000000017380000)]
  0x00000000166be800 JavaThread "pool-1-thread-1" [_thread_blocked, id=9480, stack(0x0000000017180000,0x0000000017280000)]
  0x0000000016384800 JavaThread "Service Thread" daemon [_thread_blocked, id=10460, stack(0x0000000016780000,0x0000000016880000)]
  0x0000000014b8c800 JavaThread "C1 CompilerThread2" daemon [_thread_in_native, id=5804, stack(0x0000000016280000,0x0000000016380000)]
  0x0000000014b31000 JavaThread "C2 CompilerThread1" daemon [_thread_in_native, id=8936, stack(0x0000000016180000,0x0000000016280000)]
=>0x0000000014b2e800 JavaThread "C2 CompilerThread0" daemon [_thread_in_native, id=9516, stack(0x0000000016080000,0x0000000016180000)]
  0x0000000014b2d800 JavaThread "Attach Listener" daemon [_thread_blocked, id=4928, stack(0x0000000015f80000,0x0000000016080000)]
  0x0000000014b2c000 JavaThread "Signal Dispatcher" daemon [_thread_blocked, id=7460, stack(0x0000000015e80000,0x0000000015f80000)]
  0x00000000023ef000 JavaThread "Finalizer" daemon [_thread_blocked, id=12896, stack(0x0000000015d80000,0x0000000015e80000)]
  0x0000000014af8000 JavaThread "Reference Handler" daemon [_thread_blocked, id=9700, stack(0x0000000015c80000,0x0000000015d80000)]
  0x000000000245d800 JavaThread "main" [_thread_blocked, id=4004, stack(0x00000000021b0000,0x00000000022b0000)]

Other Threads:
  0x0000000014af6000 VMThread [stack: 0x0000000015b80000,0x0000000015c80000] [id=7216]
  0x0000000016386800 WatcherThread [stack: 0x0000000016880000,0x0000000016980000] [id=12280]

VM state:not at safepoint (normal execution)

VM Mutex/Monitor currently owned by a thread:  ([mutex/lock_event])
[0x000000000245c860] Heap_lock - owner thread: 0x000000000245d800

Heap:
 PSYoungGen      total 38400K, used 7258K [0x00000000eab00000, 0x00000000ed580000, 0x0000000100000000)
  eden space 33280K, 6% used [0x00000000eab00000,0x00000000ead1e7d0,0x00000000ecb80000)
  from space 5120K, 99% used [0x00000000ecb80000,0x00000000ed078088,0x00000000ed080000)
  to   space 5120K, 0% used [0x00000000ed080000,0x00000000ed080000,0x00000000ed580000)
 ParOldGen       total 87552K, used 666K [0x00000000c0000000, 0x00000000c5580000, 0x00000000eab00000)
  object space 87552K, 0% used [0x00000000c0000000,0x00000000c00a6b78,0x00000000c5580000)
 Metaspace       used 5937K, capacity 6896K, committed 7040K, reserved 1056768K
  class space    used 590K, capacity 616K, committed 640K, reserved 1048576K

Card table byte_map: [0x0000000011820000,0x0000000011a30000] byte_map_base: 0x0000000011220000

Marking Bits: (ParMarkBitMap*) 0x000000005839b460
 Begin Bits: [0x0000000011f90000, 0x0000000012f90000)
 End Bits:   [0x0000000012f90000, 0x0000000013f90000)

Polling page: 0x00000000001f0000

CodeCache: size=245760Kb used=4616Kb max_used=4620Kb free=241144Kb
 bounds [0x0000000002460000, 0x00000000028f0000, 0x0000000011460000]
 total_blobs=1450 nmethods=1186 adapters=178
 compilation: enabled

Compilation events (10 events):
Event: 2.554 Thread 0x0000000014b8c800 1184       3       com.android.dx.ssa.DomFront::run (264 bytes)
Event: 2.558 Thread 0x0000000014b8c800 nmethod 1184 0x00000000028dd4d0 code [0x00000000028dda40, 0x00000000028e1048]
Event: 2.558 Thread 0x0000000014b31000 1185       4       com.android.dx.ssa.SCCP::addBlockToWorklist (47 bytes)
Event: 2.572 Thread 0x0000000014b31000 nmethod 1185 0x00000000028e62d0 code [0x00000000028e6460, 0x00000000028e6d08]
Event: 2.573 Thread 0x0000000014b8c800 1186       3       com.android.dx.dex.file.MethodIdItem::<init> (6 bytes)
Event: 2.573 Thread 0x0000000014b8c800 nmethod 1186 0x00000000028c5190 code [0x00000000028c5320, 0x00000000028c5828]
Event: 2.574 Thread 0x0000000014b8c800 1187       3       java.util.TreeMap::rotateRight (96 bytes)
Event: 2.574 Thread 0x0000000014b8c800 nmethod 1187 0x00000000028cdfd0 code [0x00000000028ce140, 0x00000000028ce490]
Event: 2.575 Thread 0x0000000014b31000 1188   !   4       com.android.dx.cf.code.BytecodeArray::parseInstruction (2764 bytes)
Event: 2.593 Thread 0x0000000014b8c800 1189       3       com.android.dx.cf.code.ConcreteMethod::getMaxLocals (8 bytes)

GC Heap History (2 events):
Event: 2.403 GC heap before
{Heap before GC invocations=1 (full 0):
 PSYoungGen      total 38400K, used 33280K [0x00000000eab00000, 0x00000000ed580000, 0x0000000100000000)
  eden space 33280K, 100% used [0x00000000eab00000,0x00000000ecb80000,0x00000000ecb80000)
  from space 5120K, 0% used [0x00000000ed080000,0x00000000ed080000,0x00000000ed580000)
  to   space 5120K, 0% used [0x00000000ecb80000,0x00000000ecb80000,0x00000000ed080000)
 ParOldGen       total 87552K, used 0K [0x00000000c0000000, 0x00000000c5580000, 0x00000000eab00000)
  object space 87552K, 0% used [0x00000000c0000000,0x00000000c0000000,0x00000000c5580000)
 Metaspace       used 5903K, capacity 6896K, committed 7040K, reserved 1056768K
  class space    used 590K, capacity 616K, committed 640K, reserved 1048576K
Event: 2.428 GC heap after
Heap after GC invocations=1 (full 0):
 PSYoungGen      total 38400K, used 5088K [0x00000000eab00000, 0x00000000ed580000, 0x0000000100000000)
  eden space 33280K, 0% used [0x00000000eab00000,0x00000000eab00000,0x00000000ecb80000)
  from space 5120K, 99% used [0x00000000ecb80000,0x00000000ed078088,0x00000000ed080000)
  to   space 5120K, 0% used [0x00000000ed080000,0x00000000ed080000,0x00000000ed580000)
 ParOldGen       total 87552K, used 666K [0x00000000c0000000, 0x00000000c5580000, 0x00000000eab00000)
  object space 87552K, 0% used [0x00000000c0000000,0x00000000c00a6b78,0x00000000c5580000)
 Metaspace       used 5903K, capacity 6896K, committed 7040K, reserved 1056768K
  class space    used 590K, capacity 616K, committed 640K, reserved 1048576K
}

Deoptimization events (1 events):
Event: 1.929 Thread 0x00000000166ad000 Uncommon trap: reason=unreached action=reinterpret pc=0x0000000002767d9c method=com.android.dx.rop.cst.Constant.compareTo(Lcom/android/dx/rop/cst/Constant;)I @ 12

Internal exceptions (10 events):
Event: 1.157 Thread 0x000000000245d800 Exception <a 'java/security/PrivilegedActionException'> (0x00000000ebc2b218) thrown at [D:\re\workspace\8-2-build-windows-amd64-cygwin\jdk8u20\1074\hotspot\src\share\vm\prims\jvm.cpp, line 1275]
Event: 1.206 Thread 0x000000000245d800 Exception <a 'java/security/PrivilegedActionException'> (0x00000000ebc5c4d8) thrown at [D:\re\workspace\8-2-build-windows-amd64-cygwin\jdk8u20\1074\hotspot\src\share\vm\prims\jvm.cpp, line 1275]
Event: 1.236 Thread 0x000000000245d800 Exception <a 'java/security/PrivilegedActionException'> (0x00000000ebc71358) thrown at [D:\re\workspace\8-2-build-windows-amd64-cygwin\jdk8u20\1074\hotspot\src\share\vm\prims\jvm.cpp, line 1275]
Event: 1.311 Thread 0x00000000166be800 Exception <a 'java/security/PrivilegedActionException'> (0x00000000ebec04c8) thrown at [D:\re\workspace\8-2-build-windows-amd64-cygwin\jdk8u20\1074\hotspot\src\share\vm\prims\jvm.cpp, line 1275]
Event: 1.811 Thread 0x000000000245d800 Exception <a 'java/security/PrivilegedActionException'> (0x00000000ec02cc40) thrown at [D:\re\workspace\8-2-build-windows-amd64-cygwin\jdk8u20\1074\hotspot\src\share\vm\prims\jvm.cpp, line 1275]
Event: 1.813 Thread 0x000000000245d800 Exception <a 'java/security/PrivilegedActionException'> (0x00000000ec037130) thrown at [D:\re\workspace\8-2-build-windows-amd64-cygwin\jdk8u20\1074\hotspot\src\share\vm\prims\jvm.cpp, line 1275]
Event: 1.813 Thread 0x000000000245d800 Exception <a 'java/security/PrivilegedActionException'> (0x00000000ec039a78) thrown at [D:\re\workspace\8-2-build-windows-amd64-cygwin\jdk8u20\1074\hotspot\src\share\vm\prims\jvm.cpp, line 1275]
Event: 1.818 Thread 0x000000000245d800 Exception <a 'java/security/PrivilegedActionException'> (0x00000000ec056b08) thrown at [D:\re\workspace\8-2-build-windows-amd64-cygwin\jdk8u20\1074\hotspot\src\share\vm\prims\jvm.cpp, line 1275]
Event: 1.819 Thread 0x000000000245d800 Exception <a 'java/security/PrivilegedActionException'> (0x00000000ec05c818) thrown at [D:\re\workspace\8-2-build-windows-amd64-cygwin\jdk8u20\1074\hotspot\src\share\vm\prims\jvm.cpp, line 1275]
Event: 1.819 Thread 0x000000000245d800 Exception <a 'java/security/PrivilegedActionException'> (0x00000000ec0621f0) thrown at [D:\re\workspace\8-2-build-windows-amd64-cygwin\jdk8u20\1074\hotspot\src\share\vm\prims\jvm.cpp, line 1275]

Events (10 events):
Event: 1.929 Thread 0x00000000166ad000 DEOPT PACKING pc=0x0000000002767d9c sp=0x000000001767ea40
Event: 1.929 Thread 0x00000000166ad000 DEOPT UNPACKING pc=0x00000000024a556a sp=0x000000001767e9e0 mode 2
Event: 2.230 loading class java/util/TreeMap$EntrySet
Event: 2.231 loading class java/util/TreeMap$EntrySet done
Event: 2.231 loading class java/util/TreeMap$EntryIterator
Event: 2.231 loading class java/util/TreeMap$EntryIterator done
Event: 2.306 Executing VM operation: ForceSafepoint
Event: 2.377 Executing VM operation: ForceSafepoint done
Event: 2.402 Executing VM operation: ParallelGCFailedAllocation
Event: 2.429 Executing VM operation: ParallelGCFailedAllocation done


Dynamic libraries:
0x00007ff699080000 - 0x00007ff6990b4000 	C:\Program Files\Java\jdk1.8.0_20\bin\java.exe
0x00007ff98ded0000 - 0x00007ff98e091000 	C:\WINDOWS\SYSTEM32\ntdll.dll
0x00007ff98bb50000 - 0x00007ff98bbfd000 	C:\WINDOWS\system32\KERNEL32.DLL
0x00007ff98b000000 - 0x00007ff98b1e8000 	C:\WINDOWS\system32\KERNELBASE.dll
0x00007ff98c430000 - 0x00007ff98c4d7000 	C:\WINDOWS\system32\ADVAPI32.dll
0x00007ff98b780000 - 0x00007ff98b81d000 	C:\WINDOWS\system32\msvcrt.dll
0x00007ff98baf0000 - 0x00007ff98bb4b000 	C:\WINDOWS\system32\sechost.dll
0x00007ff98b3f0000 - 0x00007ff98b50c000 	C:\WINDOWS\system32\RPCRT4.dll
0x00007ff98b820000 - 0x00007ff98b976000 	C:\WINDOWS\system32\USER32.dll
0x00007ff98c750000 - 0x00007ff98c8d6000 	C:\WINDOWS\system32\GDI32.dll
0x00007ff97f110000 - 0x00007ff97f384000 	C:\WINDOWS\WinSxS\amd64_microsoft.windows.common-controls_6595b64144ccf1df_6.0.10586.0_none_8c15ae12515e1c22\COMCTL32.dll
0x00007ff98c1a0000 - 0x00007ff98c41d000 	C:\WINDOWS\system32\combase.dll
0x00007ff98ae80000 - 0x00007ff98aeea000 	C:\WINDOWS\system32\bcryptPrimitives.dll
0x00007ff98ba50000 - 0x00007ff98ba8b000 	C:\WINDOWS\system32\IMM32.DLL
0x0000000058420000 - 0x00000000584f2000 	C:\Program Files\Java\jdk1.8.0_20\jre\bin\msvcr100.dll
0x0000000057bc0000 - 0x0000000058418000 	C:\Program Files\Java\jdk1.8.0_20\jre\bin\server\jvm.dll
0x00007ff98c4e0000 - 0x00007ff98c4e8000 	C:\WINDOWS\system32\PSAPI.DLL
0x00007ff97d040000 - 0x00007ff97d049000 	C:\WINDOWS\SYSTEM32\WSOCK32.dll
0x00007ff988a40000 - 0x00007ff988a63000 	C:\WINDOWS\SYSTEM32\WINMM.dll
0x00007ff98b2b0000 - 0x00007ff98b31b000 	C:\WINDOWS\system32\WS2_32.dll
0x00007ff988980000 - 0x00007ff9889ac000 	C:\WINDOWS\SYSTEM32\WINMMBASE.dll
0x00007ff98a560000 - 0x00007ff98a5a3000 	C:\WINDOWS\system32\cfgmgr32.dll
0x0000000057bb0000 - 0x0000000057bbf000 	C:\Program Files\Java\jdk1.8.0_20\jre\bin\verify.dll
0x0000000057b80000 - 0x0000000057ba8000 	C:\Program Files\Java\jdk1.8.0_20\jre\bin\java.dll
0x0000000057b60000 - 0x0000000057b76000 	C:\Program Files\Java\jdk1.8.0_20\jre\bin\zip.dll
0x00007ff98c900000 - 0x00007ff98de5c000 	C:\WINDOWS\system32\SHELL32.dll
0x00007ff98a830000 - 0x00007ff98ae75000 	C:\WINDOWS\system32\windows.storage.dll
0x00007ff98de70000 - 0x00007ff98dec2000 	C:\WINDOWS\system32\shlwapi.dll
0x00007ff98a4f0000 - 0x00007ff98a4ff000 	C:\WINDOWS\system32\kernel.appcore.dll
0x00007ff98b1f0000 - 0x00007ff98b2a5000 	C:\WINDOWS\system32\shcore.dll
0x00007ff98a500000 - 0x00007ff98a54b000 	C:\WINDOWS\system32\powrprof.dll
0x00007ff98a4d0000 - 0x00007ff98a4e4000 	C:\WINDOWS\system32\profapi.dll

VM Arguments:
jvm_args: -Djava.awt.headless=true -Xmx1024M -Dfile.encoding=windows-1252 -Duser.country=US -Duser.language=en -Duser.variant 
java_command: com.android.dx.command.Main --dex --num-threads=4 --output C:\Nivek\Wits\2016\2nd semester\Coms\SD\Major Project\SoftwareDesign\FindMeTutor\FindMeTutor\app\build\intermediates\pre-dexed\debug\internal_impl-24.1.1_65965c12f97656eef7edd32b8376392d6a2040a2.jar C:\Nivek\Wits\2016\2nd semester\Coms\SD\Major Project\SoftwareDesign\FindMeTutor\FindMeTutor\app\build\intermediates\exploded-aar\com.android.support\support-v4\24.1.1\jars\libs\internal_impl-24.1.1.jar
java_class_path (initial): C:\Users\admin\AppData\Local\Android\sdk\build-tools\24.0.1\lib\dx.jar
Launcher Type: SUN_STANDARD

Environment Variables:
PATH=C:\ProgramData\Oracle\Java\javapath;C:\Program Files (x86)\Intel\iCLS Client\;C:\Program Files\Intel\iCLS Client\;C:\WINDOWS\system32;C:\WINDOWS;C:\WINDOWS\System32\Wbem;C:\WINDOWS\System32\WindowsPowerShell\v1.0\;C:\Program Files\Intel\Intel(R) Management Engine Components\DAL;C:\Program Files\Intel\Intel(R) Management Engine Components\IPT;C:\Program Files (x86)\Intel\Intel(R) Management Engine Components\DAL;C:\Program Files (x86)\Intel\Intel(R) Management Engine Components\IPT;C:\Program Files\WIDCOMM\Bluetooth Software\;C:\Program Files\WIDCOMM\Bluetooth Software\syswow64;C:\Program Files (x86)\Intel\OpenCL SDK\2.0\bin\x86;C:\Program Files (x86)\Intel\OpenCL SDK\2.0\bin\x64;C:\Program Files\Intel\WiFi\bin\;C:\Program Files\Common Files\Intel\WirelessCommon\;c:\Program Files (x86)\Microsoft SQL Server\100\Tools\Binn\;c:\Program Files\Microsoft SQL Server\100\Tools\Binn\;c:\Program Files\Microsoft SQL Server\100\DTS\Binn\;C:\Program Files (x86)\MySQL\MySQL Fabric 1.5.4 & MySQL Utilities 1.5.4 1.5\;C:\Program Files (x86)\MySQL\MySQL Fabric 1.5.4 & MySQL Utilities 1.5.4 1.5\Doctrine extensions for PHP\;C:\Program Files (x86)\Borland\Delphi7\Bin;C:\Program Files (x86)\Borland\Delphi7\Projects\Bpl;C:\Program Files (x86)\Borland\Delphi7\Rave5;C:\Program Files\Git\cmd;C:\Program Files\Intel\WiFi\bin\;C:\Program Files\Common Files\Intel\WirelessCommon\
USERNAME=admin
OS=Windows_NT
PROCESSOR_IDENTIFIER=Intel64 Family 6 Model 58 Stepping 9, GenuineIntel



---------------  S Y S T E M  ---------------

OS: Windows 8.1 , 64 bit Build 9600 

CPU:total 4 (2 cores per cpu, 2 threads per core) family 6 model 58 stepping 9, cmov, cx8, fxsr, mmx, sse, sse2, sse3, ssse3, sse4.1, sse4.2, popcnt, avx, aes, clmul, erms, ht, tsc, tscinvbit, tscinv

Memory: 4k page, physical 8258576k(2232072k free), swap 10306576k(4380k free)

vm_info: Java HotSpot(TM) 64-Bit Server VM (25.20-b23) for windows-amd64 JRE (1.8.0_20-b26), built on Jul 30 2014 13:51:23 by "java_re" with MS VC++ 10.0 (VS2010)

time: Thu Aug 18 19:41:18 2016
elapsed time: 2 seconds (0d 0h 0m 2s)

