#
# There is insufficient memory for the Java Runtime Environment to continue.
# Native memory allocation (malloc) failed to allocate 132976 bytes for Chunk::new
# Possible reasons:
#   The system is out of physical RAM or swap space
#   In 32 bit mode, the process size limit was hit
# Possible solutions:
#   Reduce memory load on the system
#   Increase physical memory or swap space
#   Check if swap backing store is full
#   Use 64 bit Java on a 64 bit OS
#   Decrease Java heap size (-Xmx/-Xms)
#   Decrease number of Java threads
#   Decrease Java thread stack sizes (-Xss)
#   Set larger code cache with -XX:ReservedCodeCacheSize=
# This output file may be truncated or incomplete.
#
#  Out of Memory Error (allocation.cpp:390), pid=11048, tid=9724
#
# JRE version: Java(TM) SE Runtime Environment (8.0_20-b26) (build 1.8.0_20-b26)
# Java VM: Java HotSpot(TM) 64-Bit Server VM (25.20-b23 mixed mode windows-amd64 compressed oops)
# Failed to write core dump. Minidumps are not enabled by default on client versions of Windows
#

---------------  T H R E A D  ---------------

Current thread (0x00000000149ff000):  JavaThread "C2 CompilerThread0" daemon [_thread_in_native, id=9724, stack(0x0000000015f60000,0x0000000016060000)]

Stack: [0x0000000015f60000,0x0000000016060000]
Native frames: (J=compiled Java code, j=interpreted, Vv=VM code, C=native code)
V  [jvm.dll+0x3152fa]


Current CompileTask:
C2:   3775 1226       4       com.android.dx.ssa.SsaMethod$2::addToUses (48 bytes)


---------------  P R O C E S S  ---------------

Java Threads: ( => current thread )
  0x00000000166be000 JavaThread "pool-1-thread-4" [_thread_blocked, id=9440, stack(0x0000000017460000,0x0000000017560000)]
  0x0000000016744800 JavaThread "pool-1-thread-3" [_thread_in_Java, id=8280, stack(0x0000000017360000,0x0000000017460000)]
  0x0000000016710800 JavaThread "pool-1-thread-2" [_thread_in_Java, id=9296, stack(0x0000000017260000,0x0000000017360000)]
  0x0000000016812800 JavaThread "pool-2-thread-1" [_thread_blocked, id=10804, stack(0x0000000017160000,0x0000000017260000)]
  0x0000000016812000 JavaThread "pool-1-thread-1" [_thread_in_Java, id=8340, stack(0x0000000017060000,0x0000000017160000)]
  0x0000000014a58800 JavaThread "Service Thread" daemon [_thread_blocked, id=10396, stack(0x0000000016260000,0x0000000016360000)]
  0x0000000014a55000 JavaThread "C1 CompilerThread2" daemon [_thread_blocked, id=5256, stack(0x0000000016160000,0x0000000016260000)]
  0x0000000014a01000 JavaThread "C2 CompilerThread1" daemon [_thread_in_native, id=1916, stack(0x0000000016060000,0x0000000016160000)]
=>0x00000000149ff000 JavaThread "C2 CompilerThread0" daemon [_thread_in_native, id=9724, stack(0x0000000015f60000,0x0000000016060000)]
  0x00000000149fd000 JavaThread "Attach Listener" daemon [_thread_blocked, id=13268, stack(0x0000000015e60000,0x0000000015f60000)]
  0x00000000149fa000 JavaThread "Signal Dispatcher" daemon [_thread_blocked, id=8068, stack(0x0000000015d60000,0x0000000015e60000)]
  0x000000000231f000 JavaThread "Finalizer" daemon [_thread_blocked, id=8660, stack(0x0000000015c60000,0x0000000015d60000)]
  0x00000000149c8000 JavaThread "Reference Handler" daemon [_thread_blocked, id=2260, stack(0x0000000015b60000,0x0000000015c60000)]
  0x000000000222d800 JavaThread "main" [_thread_in_Java, id=1816, stack(0x0000000002040000,0x0000000002140000)]

Other Threads:
  0x00000000149c6000 VMThread [stack: 0x0000000015a60000,0x0000000015b60000] [id=6824]
  0x0000000014a5b800 WatcherThread [stack: 0x0000000016360000,0x0000000016460000] [id=3424]

VM state:not at safepoint (normal execution)

VM Mutex/Monitor currently owned by a thread:  ([mutex/lock_event])
[0x000000000222c3b0] SystemDictionary_lock - owner thread: 0x0000000000000000

Heap:
 PSYoungGen      total 38400K, used 32692K [0x00000000eab00000, 0x00000000ed580000, 0x0000000100000000)
  eden space 33280K, 98% used [0x00000000eab00000,0x00000000ecaed1a0,0x00000000ecb80000)
  from space 5120K, 0% used [0x00000000ed080000,0x00000000ed080000,0x00000000ed580000)
  to   space 5120K, 0% used [0x00000000ecb80000,0x00000000ecb80000,0x00000000ed080000)
 ParOldGen       total 87552K, used 0K [0x00000000c0000000, 0x00000000c5580000, 0x00000000eab00000)
  object space 87552K, 0% used [0x00000000c0000000,0x00000000c0000000,0x00000000c5580000)
 Metaspace       used 5924K, capacity 6896K, committed 7040K, reserved 1056768K
  class space    used 590K, capacity 616K, committed 640K, reserved 1048576K

Card table byte_map: [0x00000000116f0000,0x0000000011900000] byte_map_base: 0x00000000110f0000

Marking Bits: (ParMarkBitMap*) 0x000000006befb460
 Begin Bits: [0x0000000011e60000, 0x0000000012e60000)
 End Bits:   [0x0000000012e60000, 0x0000000013e60000)

Polling page: 0x00000000001f0000

CodeCache: size=245760Kb used=4807Kb max_used=4807Kb free=240952Kb
 bounds [0x0000000002330000, 0x00000000027f0000, 0x0000000011330000]
 total_blobs=1485 nmethods=1221 adapters=178
 compilation: enabled

Compilation events (10 events):
Event: 3.766 Thread 0x0000000014a55000 nmethod 1222 0x00000000027d25d0 code [0x00000000027d2740, 0x00000000027d2948]
Event: 3.766 Thread 0x0000000014a55000 1223       3       java.util.Vector::<init> (7 bytes)
Event: 3.766 Thread 0x0000000014a55000 nmethod 1223 0x00000000027e1b50 code [0x00000000027e1cc0, 0x00000000027e1e48]
Event: 3.766 Thread 0x0000000014a55000 1224       3       java.util.Vector::<init> (49 bytes)
Event: 3.767 Thread 0x0000000014a55000 nmethod 1224 0x00000000027e0b50 code [0x00000000027e0d40, 0x00000000027e16f8]
Event: 3.767 Thread 0x0000000014a55000 1225       3       com.android.dx.ssa.SsaMethod::forEachBlockDepthFirstDom (128 bytes)
Event: 3.768 Thread 0x00000000149ff000 1226       4       com.android.dx.ssa.SsaMethod$2::addToUses (48 bytes)
Event: 3.769 Thread 0x0000000014a55000 nmethod 1225 0x00000000027e25d0 code [0x00000000027e2920, 0x00000000027e4a38]
Event: 3.770 Thread 0x0000000014a55000 1227       3       com.android.dx.ssa.BasicRegisterMapper::oldToNew (22 bytes)
Event: 3.770 Thread 0x0000000014a55000 nmethod 1227 0x00000000027e0610 code [0x00000000027e0780, 0x00000000027e0a68]

GC Heap History (0 events):
No events

Deoptimization events (10 events):
Event: 2.655 Thread 0x0000000016744800 Uncommon trap: reason=class_check action=maybe_recompile pc=0x00000000025a40b0 method=com.android.dx.ssa.NormalSsaInsn.accept(Lcom/android/dx/ssa/SsaInsn$Visitor;)V @ 9
Event: 2.680 Thread 0x0000000016812000 Uncommon trap: reason=unreached action=reinterpret pc=0x00000000025e0ac8 method=com.android.dx.rop.code.LocalItem.hashCode()I @ 25
Event: 2.691 Thread 0x0000000016812000 Uncommon trap: reason=class_check action=maybe_recompile pc=0x00000000025a40b0 method=com.android.dx.ssa.NormalSsaInsn.accept(Lcom/android/dx/ssa/SsaInsn$Visitor;)V @ 9
Event: 2.874 Thread 0x0000000016744800 Uncommon trap: reason=class_check action=maybe_recompile pc=0x000000000261c620 method=com.android.dx.ssa.NormalSsaInsn.accept(Lcom/android/dx/ssa/SsaInsn$Visitor;)V @ 9
Event: 2.911 Thread 0x000000000222d800 Uncommon trap: reason=unreached action=reinterpret pc=0x00000000026665d0 method=java.util.HashMap.putVal(ILjava/lang/Object;Ljava/lang/Object;ZZ)Ljava/lang/Object; @ 193
Event: 2.946 Thread 0x0000000016744800 Uncommon trap: reason=class_check action=maybe_recompile pc=0x0000000002633a60 method=com.android.dx.rop.type.Type.equals(Ljava/lang/Object;)Z @ 8
Event: 3.257 Thread 0x0000000016812000 Uncommon trap: reason=class_check action=maybe_recompile pc=0x000000000261c620 method=com.android.dx.ssa.NormalSsaInsn.accept(Lcom/android/dx/ssa/SsaInsn$Visitor;)V @ 9
Event: 3.257 Thread 0x0000000016812000 Uncommon trap: reason=class_check action=maybe_recompile pc=0x00000000025a40b0 method=com.android.dx.ssa.NormalSsaInsn.accept(Lcom/android/dx/ssa/SsaInsn$Visitor;)V @ 9
Event: 3.309 Thread 0x0000000016812000 Uncommon trap: reason=null_check action=make_not_entrant pc=0x0000000002633a70 method=com.android.dx.rop.type.Type.equals(Ljava/lang/Object;)Z @ 8
Event: 3.332 Thread 0x000000000222d800 Uncommon trap: reason=null_check action=make_not_entrant pc=0x0000000002784b70 method=com.android.dx.ssa.SsaRenamer.getLocalForNewReg(I)Lcom/android/dx/rop/code/LocalItem; @ 19

Internal exceptions (10 events):
Event: 2.698 Thread 0x0000000016812000 Exception <a 'java/security/PrivilegedActionException'> (0x00000000eba9ae58) thrown at [D:\re\workspace\8-2-build-windows-amd64-cygwin\jdk8u20\1074\hotspot\src\share\vm\prims\jvm.cpp, line 1275]
Event: 2.732 Thread 0x0000000016812000 Exception <a 'java/security/PrivilegedActionException'> (0x00000000ebaa0848) thrown at [D:\re\workspace\8-2-build-windows-amd64-cygwin\jdk8u20\1074\hotspot\src\share\vm\prims\jvm.cpp, line 1275]
Event: 2.733 Thread 0x0000000016812000 Exception <a 'java/security/PrivilegedActionException'> (0x00000000ebaa5fb8) thrown at [D:\re\workspace\8-2-build-windows-amd64-cygwin\jdk8u20\1074\hotspot\src\share\vm\prims\jvm.cpp, line 1275]
Event: 2.751 Thread 0x0000000016812000 Exception <a 'java/security/PrivilegedActionException'> (0x00000000ebd8a4d8) thrown at [D:\re\workspace\8-2-build-windows-amd64-cygwin\jdk8u20\1074\hotspot\src\share\vm\prims\jvm.cpp, line 1275]
Event: 2.879 Thread 0x0000000016744800 Exception <a 'java/security/PrivilegedActionException'> (0x00000000eb955e78) thrown at [D:\re\workspace\8-2-build-windows-amd64-cygwin\jdk8u20\1074\hotspot\src\share\vm\prims\jvm.cpp, line 1275]
Event: 2.910 Thread 0x000000000222d800 Exception <a 'java/security/PrivilegedActionException'> (0x00000000ebcbc0d8) thrown at [D:\re\workspace\8-2-build-windows-amd64-cygwin\jdk8u20\1074\hotspot\src\share\vm\prims\jvm.cpp, line 1275]
Event: 2.917 Thread 0x000000000222d800 Exception <a 'java/security/PrivilegedActionException'> (0x00000000ebd0e1e0) thrown at [D:\re\workspace\8-2-build-windows-amd64-cygwin\jdk8u20\1074\hotspot\src\share\vm\prims\jvm.cpp, line 1275]
Event: 2.918 Thread 0x000000000222d800 Exception <a 'java/security/PrivilegedActionException'> (0x00000000ebd109c8) thrown at [D:\re\workspace\8-2-build-windows-amd64-cygwin\jdk8u20\1074\hotspot\src\share\vm\prims\jvm.cpp, line 1275]
Event: 3.309 Thread 0x0000000016812000 Implicit null exception at 0x0000000002633962 to 0x0000000002633a61
Event: 3.332 Thread 0x000000000222d800 Implicit null exception at 0x000000000278366d to 0x0000000002784b55

Events (10 events):
Event: 3.257 Thread 0x0000000016812000 DEOPT UNPACKING pc=0x000000000237556a sp=0x000000001715e650 mode 2
Event: 3.257 Thread 0x0000000016812000 Uncommon trap: trap_request=0xffffffde fr.pc=0x00000000025a40b0
Event: 3.257 Thread 0x0000000016812000 DEOPT PACKING pc=0x00000000025a40b0 sp=0x000000001715e6a0
Event: 3.257 Thread 0x0000000016812000 DEOPT UNPACKING pc=0x000000000237556a sp=0x000000001715e640 mode 2
Event: 3.309 Thread 0x0000000016812000 Uncommon trap: trap_request=0xfffffff4 fr.pc=0x0000000002633a70
Event: 3.309 Thread 0x0000000016812000 DEOPT PACKING pc=0x0000000002633a70 sp=0x000000001715e390
Event: 3.309 Thread 0x0000000016812000 DEOPT UNPACKING pc=0x000000000237556a sp=0x000000001715e328 mode 2
Event: 3.332 Thread 0x000000000222d800 Uncommon trap: trap_request=0xfffffff4 fr.pc=0x0000000002784b70
Event: 3.332 Thread 0x000000000222d800 DEOPT PACKING pc=0x0000000002784b70 sp=0x000000000213e6d0
Event: 3.332 Thread 0x000000000222d800 DEOPT UNPACKING pc=0x000000000237556a sp=0x000000000213e4d8 mode 2


Dynamic libraries:
0x00007ff660b40000 - 0x00007ff660b74000 	C:\Program Files\Java\jdk1.8.0_20\bin\java.exe
0x00007fffc5950000 - 0x00007fffc5b11000 	C:\WINDOWS\SYSTEM32\ntdll.dll
0x00007fffc3240000 - 0x00007fffc32ed000 	C:\WINDOWS\system32\KERNEL32.DLL
0x00007fffc2a90000 - 0x00007fffc2c78000 	C:\WINDOWS\system32\KERNELBASE.dll
0x00007fffc3930000 - 0x00007fffc39d7000 	C:\WINDOWS\system32\ADVAPI32.dll
0x00007fffc3df0000 - 0x00007fffc3e8d000 	C:\WINDOWS\system32\msvcrt.dll
0x00007fffc3f50000 - 0x00007fffc3fab000 	C:\WINDOWS\system32\sechost.dll
0x00007fffc3b40000 - 0x00007fffc3c5c000 	C:\WINDOWS\system32\RPCRT4.dll
0x00007fffc39e0000 - 0x00007fffc3b36000 	C:\WINDOWS\system32\USER32.dll
0x00007fffc2eb0000 - 0x00007fffc3036000 	C:\WINDOWS\system32\GDI32.dll
0x00007fffb5f40000 - 0x00007fffb61b4000 	C:\WINDOWS\WinSxS\amd64_microsoft.windows.common-controls_6595b64144ccf1df_6.0.10586.0_none_8c15ae12515e1c22\COMCTL32.dll
0x00007fffc32f0000 - 0x00007fffc356d000 	C:\WINDOWS\system32\combase.dll
0x00007fffc2a20000 - 0x00007fffc2a8a000 	C:\WINDOWS\system32\bcryptPrimitives.dll
0x00007fffc3c60000 - 0x00007fffc3c9b000 	C:\WINDOWS\system32\IMM32.DLL
0x000000006d800000 - 0x000000006d8d2000 	C:\Program Files\Java\jdk1.8.0_20\jre\bin\msvcr100.dll
0x000000006b720000 - 0x000000006bf78000 	C:\Program Files\Java\jdk1.8.0_20\jre\bin\server\jvm.dll
0x00007fffc43e0000 - 0x00007fffc43e8000 	C:\WINDOWS\system32\PSAPI.DLL
0x00007fffb7130000 - 0x00007fffb7139000 	C:\WINDOWS\SYSTEM32\WSOCK32.dll
0x00007fffc38c0000 - 0x00007fffc392b000 	C:\WINDOWS\system32\WS2_32.dll
0x00007fffbfb60000 - 0x00007fffbfb83000 	C:\WINDOWS\SYSTEM32\WINMM.dll
0x00007fffbfb30000 - 0x00007fffbfb5c000 	C:\WINDOWS\SYSTEM32\WINMMBASE.dll
0x00007fffc29b0000 - 0x00007fffc29f3000 	C:\WINDOWS\system32\cfgmgr32.dll
0x000000006d7f0000 - 0x000000006d7ff000 	C:\Program Files\Java\jdk1.8.0_20\jre\bin\verify.dll
0x000000006d7c0000 - 0x000000006d7e8000 	C:\Program Files\Java\jdk1.8.0_20\jre\bin\java.dll
0x000000006d7a0000 - 0x000000006d7b6000 	C:\Program Files\Java\jdk1.8.0_20\jre\bin\zip.dll
0x00007fffc43f0000 - 0x00007fffc594c000 	C:\WINDOWS\system32\SHELL32.dll
0x00007fffc22a0000 - 0x00007fffc28e5000 	C:\WINDOWS\system32\windows.storage.dll
0x00007fffc3ef0000 - 0x00007fffc3f42000 	C:\WINDOWS\system32\shlwapi.dll
0x00007fffc1fb0000 - 0x00007fffc1fbf000 	C:\WINDOWS\system32\kernel.appcore.dll
0x00007fffc28f0000 - 0x00007fffc29a5000 	C:\WINDOWS\system32\shcore.dll
0x00007fffc1f60000 - 0x00007fffc1fab000 	C:\WINDOWS\system32\powrprof.dll
0x00007fffc1fc0000 - 0x00007fffc1fd4000 	C:\WINDOWS\system32\profapi.dll

VM Arguments:
jvm_args: -Djava.awt.headless=true -Xmx1024M -Dfile.encoding=windows-1252 -Duser.country=US -Duser.language=en -Duser.variant 
java_command: com.android.dx.command.Main --dex --num-threads=4 --output C:\Nivek\Wits\2016\2nd semester\Coms\SD\SoftwareDesign\FindMeTutor\FindMeTutor\app\build\intermediates\pre-dexed\debug\com.android.support-design-24.1.1_2dbe246d4aeb6569c1517109b151138e1bde68dc.jar C:\Nivek\Wits\2016\2nd semester\Coms\SD\SoftwareDesign\FindMeTutor\FindMeTutor\app\build\intermediates\exploded-aar\com.android.support\design\24.1.1\jars\classes.jar
java_class_path (initial): C:\Users\admin\AppData\Local\Android\sdk\build-tools\24.0.1\lib\dx.jar
Launcher Type: SUN_STANDARD

Environment Variables:
PATH=C:\ProgramData\Oracle\Java\javapath;C:\Program Files (x86)\Intel\iCLS Client\;C:\Program Files\Intel\iCLS Client\;C:\WINDOWS\system32;C:\WINDOWS;C:\WINDOWS\System32\Wbem;C:\WINDOWS\System32\WindowsPowerShell\v1.0\;C:\Program Files\Intel\Intel(R) Management Engine Components\DAL;C:\Program Files\Intel\Intel(R) Management Engine Components\IPT;C:\Program Files (x86)\Intel\Intel(R) Management Engine Components\DAL;C:\Program Files (x86)\Intel\Intel(R) Management Engine Components\IPT;C:\Program Files\WIDCOMM\Bluetooth Software\;C:\Program Files\WIDCOMM\Bluetooth Software\syswow64;C:\Program Files (x86)\Intel\OpenCL SDK\2.0\bin\x86;C:\Program Files (x86)\Intel\OpenCL SDK\2.0\bin\x64;C:\Program Files\Intel\WiFi\bin\;C:\Program Files\Common Files\Intel\WirelessCommon\;c:\Program Files (x86)\Microsoft SQL Server\100\Tools\Binn\;c:\Program Files\Microsoft SQL Server\100\Tools\Binn\;c:\Program Files\Microsoft SQL Server\100\DTS\Binn\;C:\Program Files (x86)\MySQL\MySQL Fabric 1.5.4 & MySQL Utilities 1.5.4 1.5\;C:\Program Files (x86)\MySQL\MySQL Fabric 1.5.4 & MySQL Utilities 1.5.4 1.5\Doctrine extensions for PHP\;C:\Program Files (x86)\Borland\Delphi7\Bin;C:\Program Files (x86)\Borland\Delphi7\Projects\Bpl;C:\Program Files (x86)\Borland\Delphi7\Rave5;C:\Program Files\Git\cmd;C:\Program Files\Intel\WiFi\bin\;C:\Program Files\Common Files\Intel\WirelessCommon\
USERNAME=admin
OS=Windows_NT
PROCESSOR_IDENTIFIER=Intel64 Family 6 Model 58 Stepping 9, GenuineIntel



---------------  S Y S T E M  ---------------

OS: Windows 8.1 , 64 bit Build 9600 

CPU:total 4 (2 cores per cpu, 2 threads per core) family 6 model 58 stepping 9, cmov, cx8, fxsr, mmx, sse, sse2, sse3, ssse3, sse4.1, sse4.2, popcnt, avx, aes, clmul, erms, ht, tsc, tscinvbit, tscinv

Memory: 4k page, physical 8258576k(1381280k free), swap 10306576k(5656k free)

vm_info: Java HotSpot(TM) 64-Bit Server VM (25.20-b23) for windows-amd64 JRE (1.8.0_20-b26), built on Jul 30 2014 13:51:23 by "java_re" with MS VC++ 10.0 (VS2010)

time: Sat Aug 13 21:58:40 2016
elapsed time: 3 seconds (0d 0h 0m 3s)

