#
# There is insufficient memory for the Java Runtime Environment to continue.
# Native memory allocation (malloc) failed to allocate 957376 bytes for Chunk::new
# Possible reasons:
#   The system is out of physical RAM or swap space
#   In 32 bit mode, the process size limit was hit
# Possible solutions:
#   Reduce memory load on the system
#   Increase physical memory or swap space
#   Check if swap backing store is full
#   Use 64 bit Java on a 64 bit OS
#   Decrease Java heap size (-Xmx/-Xms)
#   Decrease number of Java threads
#   Decrease Java thread stack sizes (-Xss)
#   Set larger code cache with -XX:ReservedCodeCacheSize=
# This output file may be truncated or incomplete.
#
#  Out of Memory Error (allocation.cpp:390), pid=9596, tid=6516
#
# JRE version: Java(TM) SE Runtime Environment (8.0_20-b26) (build 1.8.0_20-b26)
# Java VM: Java HotSpot(TM) 64-Bit Server VM (25.20-b23 mixed mode windows-amd64 compressed oops)
# Failed to write core dump. Minidumps are not enabled by default on client versions of Windows
#

---------------  T H R E A D  ---------------

Current thread (0x0000000014b00000):  JavaThread "C2 CompilerThread1" daemon [_thread_in_native, id=6516, stack(0x0000000016160000,0x0000000016260000)]

Stack: [0x0000000016160000,0x0000000016260000]
Native frames: (J=compiled Java code, j=interpreted, Vv=VM code, C=native code)
V  [jvm.dll+0x3152fa]
V  [jvm.dll+0x265d03]
V  [jvm.dll+0x266943]
V  [jvm.dll+0x25e265]
V  [jvm.dll+0xbe255]
V  [jvm.dll+0xbe6fc]
V  [jvm.dll+0x45c472]
V  [jvm.dll+0x49d76f]
V  [jvm.dll+0x451911]
V  [jvm.dll+0x452634]
V  [jvm.dll+0x435fc2]
V  [jvm.dll+0x97b62]
V  [jvm.dll+0x98353]
V  [jvm.dll+0x22aac4]
V  [jvm.dll+0x283f5a]
C  [msvcr100.dll+0x21d9f]
C  [msvcr100.dll+0x21e3b]
C  [KERNEL32.DLL+0x18102]
C  [ntdll.dll+0x5c5b4]


Current CompileTask:
C2:   7449 1495       4       com.android.dx.ssa.SCCP::simulatePhi (169 bytes)


---------------  P R O C E S S  ---------------

Java Threads: ( => current thread )
  0x0000000016808800 JavaThread "pool-1-thread-4" [_thread_blocked, id=3952, stack(0x0000000016d60000,0x0000000016e60000)]
  0x0000000016806800 JavaThread "pool-1-thread-3" [_thread_in_Java, id=8484, stack(0x0000000016c60000,0x0000000016d60000)]
  0x00000000167f8800 JavaThread "pool-1-thread-2" [_thread_in_Java, id=4568, stack(0x0000000016b60000,0x0000000016c60000)]
  0x00000000167f7800 JavaThread "pool-2-thread-1" [_thread_blocked, id=2280, stack(0x0000000016a60000,0x0000000016b60000)]
  0x00000000167f0800 JavaThread "pool-1-thread-1" [_thread_blocked, id=9868, stack(0x0000000016960000,0x0000000016a60000)]
  0x0000000014b5b000 JavaThread "Service Thread" daemon [_thread_blocked, id=6584, stack(0x0000000016360000,0x0000000016460000)]
  0x0000000014b50800 JavaThread "C1 CompilerThread2" daemon [_thread_blocked, id=10140, stack(0x0000000016260000,0x0000000016360000)]
=>0x0000000014b00000 JavaThread "C2 CompilerThread1" daemon [_thread_in_native, id=6516, stack(0x0000000016160000,0x0000000016260000)]
  0x0000000014afd800 JavaThread "C2 CompilerThread0" daemon [_thread_in_native, id=1132, stack(0x0000000016060000,0x0000000016160000)]
  0x0000000014afb800 JavaThread "Attach Listener" daemon [_thread_blocked, id=8524, stack(0x0000000015f60000,0x0000000016060000)]
  0x0000000014afa000 JavaThread "Signal Dispatcher" daemon [_thread_blocked, id=11520, stack(0x0000000015e60000,0x0000000015f60000)]
  0x000000000241f000 JavaThread "Finalizer" daemon [_thread_blocked, id=12676, stack(0x0000000015d60000,0x0000000015e60000)]
  0x0000000014ac8000 JavaThread "Reference Handler" daemon [_thread_blocked, id=10924, stack(0x0000000015c60000,0x0000000015d60000)]
  0x00000000021ed800 JavaThread "main" [_thread_blocked, id=10388, stack(0x0000000002230000,0x0000000002330000)]

Other Threads:
  0x0000000014ac6000 VMThread [stack: 0x0000000015b60000,0x0000000015c60000] [id=3908]
  0x0000000014b5e000 WatcherThread [stack: 0x0000000016460000,0x0000000016560000] [id=6940]

VM state:not at safepoint (normal execution)

VM Mutex/Monitor currently owned by a thread: None

Heap:
 PSYoungGen      total 71680K, used 21647K [0x00000000eab00000, 0x00000000ef600000, 0x0000000100000000)
  eden space 66560K, 24% used [0x00000000eab00000,0x00000000ebb26820,0x00000000eec00000)
  from space 5120K, 99% used [0x00000000ef100000,0x00000000ef5fd740,0x00000000ef600000)
  to   space 5120K, 0% used [0x00000000eec00000,0x00000000eec00000,0x00000000ef100000)
 ParOldGen       total 87552K, used 6025K [0x00000000c0000000, 0x00000000c5580000, 0x00000000eab00000)
  object space 87552K, 6% used [0x00000000c0000000,0x00000000c05e2770,0x00000000c5580000)
 Metaspace       used 6246K, capacity 7128K, committed 7424K, reserved 1056768K
  class space    used 612K, capacity 656K, committed 768K, reserved 1048576K

Card table byte_map: [0x00000000117f0000,0x0000000011a00000] byte_map_base: 0x00000000111f0000

Marking Bits: (ParMarkBitMap*) 0x000000006befb460
 Begin Bits: [0x0000000011f60000, 0x0000000012f60000)
 End Bits:   [0x0000000012f60000, 0x0000000013f60000)

Polling page: 0x00000000001f0000

CodeCache: size=245760Kb used=6479Kb max_used=6479Kb free=239280Kb
 bounds [0x0000000002430000, 0x0000000002a90000, 0x0000000011430000]
 total_blobs=1845 nmethods=1581 adapters=178
 compilation: enabled

Compilation events (10 events):
Event: 7.262 Thread 0x0000000014b50800 1597       2       com.android.dx.ssa.SsaBasicBlock::forEachInsn (37 bytes)
Event: 7.262 Thread 0x0000000014b50800 nmethod 1597 0x0000000002a82150 code [0x0000000002a822e0, 0x0000000002a82628]
Event: 7.272 Thread 0x0000000014b50800 1601       2       com.android.dx.cf.code.ByteCatchList$Item::getExceptionClass (18 bytes)
Event: 7.272 Thread 0x0000000014b50800 nmethod 1601 0x0000000002a82990 code [0x0000000002a82ae0, 0x0000000002a82c50]
Event: 7.273 Thread 0x0000000014b50800 1598       2       com.android.dx.ssa.PhiInsn::accept (8 bytes)
Event: 7.273 Thread 0x0000000014b50800 nmethod 1598 0x0000000002a82cd0 code [0x0000000002a82e40, 0x0000000002a82fc8]
Event: 7.273 Thread 0x0000000014b50800 1602       2       com.android.dx.rop.type.Type::isReference (15 bytes)
Event: 7.273 Thread 0x0000000014b50800 nmethod 1602 0x0000000002a83050 code [0x0000000002a831a0, 0x0000000002a83310]
Event: 7.273 Thread 0x0000000014b50800 1600       2       java.util.Collections$UnmodifiableList::get (11 bytes)
Event: 7.273 Thread 0x0000000014b50800 nmethod 1600 0x0000000002a83390 code [0x0000000002a83500, 0x0000000002a83688]

GC Heap History (4 events):
Event: 5.573 GC heap before
{Heap before GC invocations=1 (full 0):
 PSYoungGen      total 38400K, used 33280K [0x00000000eab00000, 0x00000000ed580000, 0x0000000100000000)
  eden space 33280K, 100% used [0x00000000eab00000,0x00000000ecb80000,0x00000000ecb80000)
  from space 5120K, 0% used [0x00000000ed080000,0x00000000ed080000,0x00000000ed580000)
  to   space 5120K, 0% used [0x00000000ecb80000,0x00000000ecb80000,0x00000000ed080000)
 ParOldGen       total 87552K, used 0K [0x00000000c0000000, 0x00000000c5580000, 0x00000000eab00000)
  object space 87552K, 0% used [0x00000000c0000000,0x00000000c0000000,0x00000000c5580000)
 Metaspace       used 5954K, capacity 6960K, committed 7040K, reserved 1056768K
  class space    used 589K, capacity 616K, committed 640K, reserved 1048576K
Event: 6.013 GC heap after
Heap after GC invocations=1 (full 0):
 PSYoungGen      total 38400K, used 5109K [0x00000000eab00000, 0x00000000ef600000, 0x0000000100000000)
  eden space 33280K, 0% used [0x00000000eab00000,0x00000000eab00000,0x00000000ecb80000)
  from space 5120K, 99% used [0x00000000ecb80000,0x00000000ed07d630,0x00000000ed080000)
  to   space 5120K, 0% used [0x00000000ef100000,0x00000000ef100000,0x00000000ef600000)
 ParOldGen       total 87552K, used 1341K [0x00000000c0000000, 0x00000000c5580000, 0x00000000eab00000)
  object space 87552K, 1% used [0x00000000c0000000,0x00000000c014f6c0,0x00000000c5580000)
 Metaspace       used 5954K, capacity 6960K, committed 7040K, reserved 1056768K
  class space    used 589K, capacity 616K, committed 640K, reserved 1048576K
}
Event: 7.117 GC heap before
{Heap before GC invocations=2 (full 0):
 PSYoungGen      total 38400K, used 38389K [0x00000000eab00000, 0x00000000ef600000, 0x0000000100000000)
  eden space 33280K, 100% used [0x00000000eab00000,0x00000000ecb80000,0x00000000ecb80000)
  from space 5120K, 99% used [0x00000000ecb80000,0x00000000ed07d630,0x00000000ed080000)
  to   space 5120K, 0% used [0x00000000ef100000,0x00000000ef100000,0x00000000ef600000)
 ParOldGen       total 87552K, used 1341K [0x00000000c0000000, 0x00000000c5580000, 0x00000000eab00000)
  object space 87552K, 1% used [0x00000000c0000000,0x00000000c014f6c0,0x00000000c5580000)
 Metaspace       used 6145K, capacity 7088K, committed 7296K, reserved 1056768K
  class space    used 593K, capacity 616K, committed 640K, reserved 1048576K
Event: 7.236 GC heap after
Heap after GC invocations=2 (full 0):
 PSYoungGen      total 71680K, used 5109K [0x00000000eab00000, 0x00000000ef600000, 0x0000000100000000)
  eden space 66560K, 0% used [0x00000000eab00000,0x00000000eab00000,0x00000000eec00000)
  from space 5120K, 99% used [0x00000000ef100000,0x00000000ef5fd740,0x00000000ef600000)
  to   space 5120K, 0% used [0x00000000eec00000,0x00000000eec00000,0x00000000ef100000)
 ParOldGen       total 87552K, used 6025K [0x00000000c0000000, 0x00000000c5580000, 0x00000000eab00000)
  object space 87552K, 6% used [0x00000000c0000000,0x00000000c05e2770,0x00000000c5580000)
 Metaspace       used 6145K, capacity 7088K, committed 7296K, reserved 1056768K
  class space    used 593K, capacity 616K, committed 640K, reserved 1048576K
}

Deoptimization events (10 events):
Event: 5.091 Thread 0x0000000016808800 Uncommon trap: reason=bimorphic action=maybe_recompile pc=0x000000000264cd10 method=java.util.HashMap.getNode(ILjava/lang/Object;)Ljava/util/HashMap$Node; @ 126
Event: 5.091 Thread 0x0000000016808800 Uncommon trap: reason=unreached action=reinterpret pc=0x00000000026e59dc method=com.android.dx.rop.cst.Constant.compareTo(Lcom/android/dx/rop/cst/Constant;)I @ 12
Event: 6.483 Thread 0x00000000167f0800 Uncommon trap: reason=unreached action=reinterpret pc=0x0000000002920f90 method=com.android.dx.cf.code.BytecodeArray.parseInstruction(ILcom/android/dx/cf/code/BytecodeArray$Visitor;)I @ 1198
Event: 6.972 Thread 0x0000000016808800 Uncommon trap: reason=class_check action=maybe_recompile pc=0x0000000002a3c9e0 method=com.android.dx.cf.code.RopperMachine.run(Lcom/android/dx/cf/code/Frame;II)V @ 310
Event: 7.240 Thread 0x00000000167f8800 Uncommon trap: reason=class_check action=maybe_recompile pc=0x000000000297f080 method=com.android.dx.rop.code.RegisterSpec.withSimpleType()Lcom/android/dx/rop/code/RegisterSpec; @ 21
Event: 7.240 Thread 0x00000000167f8800 Uncommon trap: reason=class_check action=maybe_recompile pc=0x000000000297f080 method=com.android.dx.rop.code.RegisterSpec.withSimpleType()Lcom/android/dx/rop/code/RegisterSpec; @ 21
Event: 7.243 Thread 0x0000000016808800 Uncommon trap: reason=unreached action=reinterpret pc=0x0000000002a50f14 method=com.android.dx.ssa.SCCP.simulateBranch(Lcom/android/dx/ssa/SsaInsn;)V @ 132
Event: 7.255 Thread 0x00000000167f8800 Uncommon trap: reason=class_check action=maybe_recompile pc=0x000000000297f080 method=com.android.dx.rop.code.RegisterSpec.withSimpleType()Lcom/android/dx/rop/code/RegisterSpec; @ 21
Event: 7.256 Thread 0x00000000167f8800 Uncommon trap: reason=class_check action=maybe_recompile pc=0x000000000297f080 method=com.android.dx.rop.code.RegisterSpec.withSimpleType()Lcom/android/dx/rop/code/RegisterSpec; @ 21
Event: 7.260 Thread 0x0000000016806800 Uncommon trap: reason=null_check action=make_not_entrant pc=0x0000000002768e88 method=com.android.dx.ssa.SsaRenamer.getLocalForNewReg(I)Lcom/android/dx/rop/code/LocalItem; @ 19

Internal exceptions (10 events):
Event: 3.937 Thread 0x0000000016806800 Exception <a 'java/security/PrivilegedActionException'> (0x00000000eb8b01d0) thrown at [D:\re\workspace\8-2-build-windows-amd64-cygwin\jdk8u20\1074\hotspot\src\share\vm\prims\jvm.cpp, line 1275]
Event: 4.023 Thread 0x00000000021ed800 Exception <a 'java/security/PrivilegedActionException'> (0x00000000ebb9edf0) thrown at [D:\re\workspace\8-2-build-windows-amd64-cygwin\jdk8u20\1074\hotspot\src\share\vm\prims\jvm.cpp, line 1275]
Event: 5.061 Thread 0x00000000021ed800 Exception <a 'java/security/PrivilegedActionException'> (0x00000000ebe2c5f8) thrown at [D:\re\workspace\8-2-build-windows-amd64-cygwin\jdk8u20\1074\hotspot\src\share\vm\prims\jvm.cpp, line 1275]
Event: 5.062 Thread 0x00000000021ed800 Exception <a 'java/security/PrivilegedActionException'> (0x00000000ec362748) thrown at [D:\re\workspace\8-2-build-windows-amd64-cygwin\jdk8u20\1074\hotspot\src\share\vm\prims\jvm.cpp, line 1275]
Event: 6.673 Thread 0x00000000021ed800 Exception <a 'java/security/PrivilegedActionException'> (0x00000000ec50e1e0) thrown at [D:\re\workspace\8-2-build-windows-amd64-cygwin\jdk8u20\1074\hotspot\src\share\vm\prims\jvm.cpp, line 1275]
Event: 6.674 Thread 0x00000000021ed800 Exception <a 'java/security/PrivilegedActionException'> (0x00000000ec5109c8) thrown at [D:\re\workspace\8-2-build-windows-amd64-cygwin\jdk8u20\1074\hotspot\src\share\vm\prims\jvm.cpp, line 1275]
Event: 6.715 Thread 0x00000000021ed800 Exception <a 'java/security/PrivilegedActionException'> (0x00000000ec582418) thrown at [D:\re\workspace\8-2-build-windows-amd64-cygwin\jdk8u20\1074\hotspot\src\share\vm\prims\jvm.cpp, line 1275]
Event: 6.716 Thread 0x00000000021ed800 Exception <a 'java/security/PrivilegedActionException'> (0x00000000ec588128) thrown at [D:\re\workspace\8-2-build-windows-amd64-cygwin\jdk8u20\1074\hotspot\src\share\vm\prims\jvm.cpp, line 1275]
Event: 6.717 Thread 0x00000000021ed800 Exception <a 'java/security/PrivilegedActionException'> (0x00000000ec58daf0) thrown at [D:\re\workspace\8-2-build-windows-amd64-cygwin\jdk8u20\1074\hotspot\src\share\vm\prims\jvm.cpp, line 1275]
Event: 7.260 Thread 0x0000000016806800 Implicit null exception at 0x00000000027670da to 0x0000000002768e61

Events (10 events):
Event: 7.255 Thread 0x00000000167f8800 Uncommon trap: trap_request=0xffffffde fr.pc=0x000000000297f080
Event: 7.255 Thread 0x00000000167f8800 DEOPT PACKING pc=0x000000000297f080 sp=0x0000000016c5ea70
Event: 7.255 Thread 0x00000000167f8800 DEOPT UNPACKING pc=0x000000000247556a sp=0x0000000016c5e9b8 mode 2
Event: 7.256 Thread 0x00000000167f8800 Uncommon trap: trap_request=0xffffffde fr.pc=0x000000000297f080
Event: 7.256 Thread 0x00000000167f8800 DEOPT PACKING pc=0x000000000297f080 sp=0x0000000016c5ea70
Event: 7.256 Thread 0x00000000167f8800 DEOPT UNPACKING pc=0x000000000247556a sp=0x0000000016c5e9b8 mode 2
Event: 7.260 Thread 0x0000000016806800 Uncommon trap: trap_request=0xfffffff4 fr.pc=0x0000000002768e88
Event: 7.260 Thread 0x0000000016806800 DEOPT PACKING pc=0x0000000002768e88 sp=0x0000000016d5e8e0
Event: 7.260 Thread 0x0000000016806800 DEOPT UNPACKING pc=0x000000000247556a sp=0x0000000016d5e718 mode 2
Event: 7.272 loading class sun/reflect/generics/scope/ClassScope


Dynamic libraries:
0x00007ff660b40000 - 0x00007ff660b74000 	C:\Program Files\Java\jdk1.8.0_20\bin\java.exe
0x00007fffc5950000 - 0x00007fffc5b11000 	C:\WINDOWS\SYSTEM32\ntdll.dll
0x00007fffc3240000 - 0x00007fffc32ed000 	C:\WINDOWS\system32\KERNEL32.DLL
0x00007fffc2a90000 - 0x00007fffc2c78000 	C:\WINDOWS\system32\KERNELBASE.dll
0x00007fffc3930000 - 0x00007fffc39d7000 	C:\WINDOWS\system32\ADVAPI32.dll
0x00007fffc3df0000 - 0x00007fffc3e8d000 	C:\WINDOWS\system32\msvcrt.dll
0x00007fffc3f50000 - 0x00007fffc3fab000 	C:\WINDOWS\system32\sechost.dll
0x00007fffc3b40000 - 0x00007fffc3c5c000 	C:\WINDOWS\system32\RPCRT4.dll
0x00007fffc39e0000 - 0x00007fffc3b36000 	C:\WINDOWS\system32\USER32.dll
0x00007fffc2eb0000 - 0x00007fffc3036000 	C:\WINDOWS\system32\GDI32.dll
0x00007fffb5f40000 - 0x00007fffb61b4000 	C:\WINDOWS\WinSxS\amd64_microsoft.windows.common-controls_6595b64144ccf1df_6.0.10586.0_none_8c15ae12515e1c22\COMCTL32.dll
0x00007fffc32f0000 - 0x00007fffc356d000 	C:\WINDOWS\system32\combase.dll
0x00007fffc2a20000 - 0x00007fffc2a8a000 	C:\WINDOWS\system32\bcryptPrimitives.dll
0x00007fffc3c60000 - 0x00007fffc3c9b000 	C:\WINDOWS\system32\IMM32.DLL
0x000000006d800000 - 0x000000006d8d2000 	C:\Program Files\Java\jdk1.8.0_20\jre\bin\msvcr100.dll
0x000000006b720000 - 0x000000006bf78000 	C:\Program Files\Java\jdk1.8.0_20\jre\bin\server\jvm.dll
0x00007fffc43e0000 - 0x00007fffc43e8000 	C:\WINDOWS\system32\PSAPI.DLL
0x00007fffb7130000 - 0x00007fffb7139000 	C:\WINDOWS\SYSTEM32\WSOCK32.dll
0x00007fffbfb60000 - 0x00007fffbfb83000 	C:\WINDOWS\SYSTEM32\WINMM.dll
0x00007fffc38c0000 - 0x00007fffc392b000 	C:\WINDOWS\system32\WS2_32.dll
0x00007fffbfb30000 - 0x00007fffbfb5c000 	C:\WINDOWS\SYSTEM32\WINMMBASE.dll
0x00007fffc29b0000 - 0x00007fffc29f3000 	C:\WINDOWS\system32\cfgmgr32.dll
0x000000006d7f0000 - 0x000000006d7ff000 	C:\Program Files\Java\jdk1.8.0_20\jre\bin\verify.dll
0x000000006d7c0000 - 0x000000006d7e8000 	C:\Program Files\Java\jdk1.8.0_20\jre\bin\java.dll
0x000000006d7a0000 - 0x000000006d7b6000 	C:\Program Files\Java\jdk1.8.0_20\jre\bin\zip.dll
0x00007fffc43f0000 - 0x00007fffc594c000 	C:\WINDOWS\system32\SHELL32.dll
0x00007fffc22a0000 - 0x00007fffc28e5000 	C:\WINDOWS\system32\windows.storage.dll
0x00007fffc3ef0000 - 0x00007fffc3f42000 	C:\WINDOWS\system32\shlwapi.dll
0x00007fffc1fb0000 - 0x00007fffc1fbf000 	C:\WINDOWS\system32\kernel.appcore.dll
0x00007fffc28f0000 - 0x00007fffc29a5000 	C:\WINDOWS\system32\shcore.dll
0x00007fffc1f60000 - 0x00007fffc1fab000 	C:\WINDOWS\system32\powrprof.dll
0x00007fffc1fc0000 - 0x00007fffc1fd4000 	C:\WINDOWS\system32\profapi.dll
0x00007fffb5410000 - 0x00007fffb559c000 	C:\WINDOWS\SYSTEM32\dbghelp.dll

VM Arguments:
jvm_args: -Djava.awt.headless=true -Xmx1024M -Dfile.encoding=windows-1252 -Duser.country=US -Duser.language=en -Duser.variant 
java_command: com.android.dx.command.Main --dex --num-threads=4 --output C:\Nivek\Wits\2016\2nd semester\Coms\SD\SoftwareDesign\FindMeTutor\FindMeTutor\app\build\intermediates\pre-dexed\debug\com.android.support-recyclerview-v7-24.1.1_a861e9b941efc4cf38438c4aafda571fb05e2a61.jar C:\Nivek\Wits\2016\2nd semester\Coms\SD\SoftwareDesign\FindMeTutor\FindMeTutor\app\build\intermediates\exploded-aar\com.android.support\recyclerview-v7\24.1.1\jars\classes.jar
java_class_path (initial): C:\Users\admin\AppData\Local\Android\sdk\build-tools\24.0.1\lib\dx.jar
Launcher Type: SUN_STANDARD

Environment Variables:
PATH=C:\ProgramData\Oracle\Java\javapath;C:\Program Files (x86)\Intel\iCLS Client\;C:\Program Files\Intel\iCLS Client\;C:\WINDOWS\system32;C:\WINDOWS;C:\WINDOWS\System32\Wbem;C:\WINDOWS\System32\WindowsPowerShell\v1.0\;C:\Program Files\Intel\Intel(R) Management Engine Components\DAL;C:\Program Files\Intel\Intel(R) Management Engine Components\IPT;C:\Program Files (x86)\Intel\Intel(R) Management Engine Components\DAL;C:\Program Files (x86)\Intel\Intel(R) Management Engine Components\IPT;C:\Program Files\WIDCOMM\Bluetooth Software\;C:\Program Files\WIDCOMM\Bluetooth Software\syswow64;C:\Program Files (x86)\Intel\OpenCL SDK\2.0\bin\x86;C:\Program Files (x86)\Intel\OpenCL SDK\2.0\bin\x64;C:\Program Files\Intel\WiFi\bin\;C:\Program Files\Common Files\Intel\WirelessCommon\;c:\Program Files (x86)\Microsoft SQL Server\100\Tools\Binn\;c:\Program Files\Microsoft SQL Server\100\Tools\Binn\;c:\Program Files\Microsoft SQL Server\100\DTS\Binn\;C:\Program Files (x86)\MySQL\MySQL Fabric 1.5.4 & MySQL Utilities 1.5.4 1.5\;C:\Program Files (x86)\MySQL\MySQL Fabric 1.5.4 & MySQL Utilities 1.5.4 1.5\Doctrine extensions for PHP\;C:\Program Files (x86)\Borland\Delphi7\Bin;C:\Program Files (x86)\Borland\Delphi7\Projects\Bpl;C:\Program Files (x86)\Borland\Delphi7\Rave5;C:\Program Files\Git\cmd;C:\Program Files\Intel\WiFi\bin\;C:\Program Files\Common Files\Intel\WirelessCommon\
USERNAME=admin
OS=Windows_NT
PROCESSOR_IDENTIFIER=Intel64 Family 6 Model 58 Stepping 9, GenuineIntel



---------------  S Y S T E M  ---------------

OS: Windows 8.1 , 64 bit Build 9600 

CPU:total 4 (2 cores per cpu, 2 threads per core) family 6 model 58 stepping 9, cmov, cx8, fxsr, mmx, sse, sse2, sse3, ssse3, sse4.1, sse4.2, popcnt, avx, aes, clmul, erms, ht, tsc, tscinvbit, tscinv

Memory: 4k page, physical 8258576k(992176k free), swap 10306576k(5048k free)

vm_info: Java HotSpot(TM) 64-Bit Server VM (25.20-b23) for windows-amd64 JRE (1.8.0_20-b26), built on Jul 30 2014 13:51:23 by "java_re" with MS VC++ 10.0 (VS2010)

time: Sat Aug 13 21:43:20 2016
elapsed time: 7 seconds (0d 0h 0m 7s)

