#
# There is insufficient memory for the Java Runtime Environment to continue.
# Native memory allocation (malloc) failed to allocate 259952 bytes for Chunk::new
# Possible reasons:
#   The system is out of physical RAM or swap space
#   In 32 bit mode, the process size limit was hit
# Possible solutions:
#   Reduce memory load on the system
#   Increase physical memory or swap space
#   Check if swap backing store is full
#   Use 64 bit Java on a 64 bit OS
#   Decrease Java heap size (-Xmx/-Xms)
#   Decrease number of Java threads
#   Decrease Java thread stack sizes (-Xss)
#   Set larger code cache with -XX:ReservedCodeCacheSize=
# This output file may be truncated or incomplete.
#
#  Out of Memory Error (allocation.cpp:390), pid=12880, tid=15424
#
# JRE version: Java(TM) SE Runtime Environment (8.0_20-b26) (build 1.8.0_20-b26)
# Java VM: Java HotSpot(TM) 64-Bit Server VM (25.20-b23 mixed mode windows-amd64 compressed oops)
# Failed to write core dump. Minidumps are not enabled by default on client versions of Windows
#

---------------  T H R E A D  ---------------

Current thread (0x0000000014af1800):  JavaThread "C2 CompilerThread1" daemon [_thread_in_native, id=15424, stack(0x0000000016100000,0x0000000016200000)]

Stack: [0x0000000016100000,0x0000000016200000]
Native frames: (J=compiled Java code, j=interpreted, Vv=VM code, C=native code)
V  [jvm.dll+0x3152fa]
V  [jvm.dll+0x265d03]
V  [jvm.dll+0x266943]
V  [jvm.dll+0x25e265]
V  [jvm.dll+0xbe255]
V  [jvm.dll+0xbe6fc]
V  [jvm.dll+0xbe9a4]
V  [jvm.dll+0xdc1b5]
V  [jvm.dll+0x494bb4]
V  [jvm.dll+0x4a09f5]
V  [jvm.dll+0x4ad87f]
V  [jvm.dll+0x4afaf8]
V  [jvm.dll+0x4afbfb]
V  [jvm.dll+0x4afc47]
V  [jvm.dll+0x49dd33]
V  [jvm.dll+0x4515a4]
V  [jvm.dll+0x452634]
V  [jvm.dll+0x435fc2]
V  [jvm.dll+0x97b62]
V  [jvm.dll+0x98353]
V  [jvm.dll+0x22aac4]
V  [jvm.dll+0x283f5a]
C  [msvcr100.dll+0x21d9f]
C  [msvcr100.dll+0x21e3b]
C  [KERNEL32.DLL+0x8364]
C  [ntdll.dll+0x65e91]


Current CompileTask:
C2:   3467 1392       4       com.android.dx.ssa.SCCP::simulateBranch (666 bytes)


---------------  P R O C E S S  ---------------

Java Threads: ( => current thread )
  0x000000001673b800 JavaThread "pool-2-thread-3" [_thread_in_Java, id=14772, stack(0x0000000016c00000,0x0000000016d00000)]
  0x0000000016672000 JavaThread "pool-3-thread-1" [_thread_blocked, id=14936, stack(0x0000000016a00000,0x0000000016b00000)]
  0x0000000014afb000 JavaThread "Service Thread" daemon [_thread_blocked, id=14344, stack(0x0000000016300000,0x0000000016400000)]
  0x0000000014af4000 JavaThread "C1 CompilerThread2" daemon [_thread_in_native, id=3740, stack(0x0000000016200000,0x0000000016300000)]
=>0x0000000014af1800 JavaThread "C2 CompilerThread1" daemon [_thread_in_native, id=15424, stack(0x0000000016100000,0x0000000016200000)]
  0x0000000014a9c000 JavaThread "C2 CompilerThread0" daemon [_thread_in_native, id=9232, stack(0x0000000016000000,0x0000000016100000)]
  0x0000000014a9a000 JavaThread "Attach Listener" daemon [_thread_blocked, id=9120, stack(0x0000000015f00000,0x0000000016000000)]
  0x0000000014a99000 JavaThread "Signal Dispatcher" daemon [_thread_blocked, id=9684, stack(0x0000000015e00000,0x0000000015f00000)]
  0x00000000023bf800 JavaThread "Finalizer" daemon [_thread_blocked, id=2472, stack(0x0000000015d00000,0x0000000015e00000)]
  0x0000000014a68800 JavaThread "Reference Handler" daemon [_thread_blocked, id=14672, stack(0x0000000015c00000,0x0000000015d00000)]
  0x00000000021cd800 JavaThread "main" [_thread_blocked, id=3680, stack(0x00000000021d0000,0x00000000022d0000)]

Other Threads:
  0x0000000014a66000 VMThread [stack: 0x0000000015b00000,0x0000000015c00000] [id=12604]
  0x0000000014afe000 WatcherThread [stack: 0x0000000016400000,0x0000000016500000] [id=13828]

VM state:not at safepoint (normal execution)

VM Mutex/Monitor currently owned by a thread: None

Heap:
 PSYoungGen      total 38400K, used 6371K [0x00000000eab00000, 0x00000000ef600000, 0x0000000100000000)
  eden space 33280K, 3% used [0x00000000eab00000,0x00000000eac40550,0x00000000ecb80000)
  from space 5120K, 99% used [0x00000000ecb80000,0x00000000ed078918,0x00000000ed080000)
  to   space 5120K, 0% used [0x00000000ef100000,0x00000000ef100000,0x00000000ef600000)
 ParOldGen       total 87552K, used 10872K [0x00000000c0000000, 0x00000000c5580000, 0x00000000eab00000)
  object space 87552K, 12% used [0x00000000c0000000,0x00000000c0a9e1c8,0x00000000c5580000)
 Metaspace       used 6124K, capacity 7088K, committed 7296K, reserved 1056768K
  class space    used 593K, capacity 616K, committed 640K, reserved 1048576K

Card table byte_map: [0x0000000011790000,0x00000000119a0000] byte_map_base: 0x0000000011190000

Marking Bits: (ParMarkBitMap*) 0x000000006bcdb460
 Begin Bits: [0x0000000011f00000, 0x0000000012f00000)
 End Bits:   [0x0000000012f00000, 0x0000000013f00000)

Polling page: 0x00000000008a0000

CodeCache: size=245760Kb used=6174Kb max_used=6174Kb free=239585Kb
 bounds [0x00000000023d0000, 0x00000000029e0000, 0x00000000113d0000]
 total_blobs=1805 nmethods=1541 adapters=178
 compilation: enabled

Compilation events (10 events):
Event: 3.182 Thread 0x0000000014af4000 1556       2       com.android.dx.ssa.back.FirstFitLocalCombiningAllocator::processPhiInsn (255 bytes)
Event: 3.184 Thread 0x0000000014af4000 nmethod 1556 0x00000000029d8050 code [0x00000000029d8300, 0x00000000029d8e98]
Event: 3.184 Thread 0x0000000014af4000 1558       2       com.android.dx.ssa.back.SsaToRop$PhiVisitor::visitPhiInsn (67 bytes)
Event: 3.185 Thread 0x0000000014af4000 nmethod 1558 0x00000000029d9f50 code [0x00000000029da140, 0x00000000029da6a8]
Event: 3.185 Thread 0x0000000014af4000 1557       2       com.android.dx.ssa.back.FirstFitLocalCombiningAllocator$Multiset::<init> (24 bytes)
Event: 3.185 Thread 0x0000000014af4000 nmethod 1557 0x00000000029daf50 code [0x00000000029db0a0, 0x00000000029db330]
Event: 3.196 Thread 0x0000000014af4000 1559       2       com.android.dx.rop.type.StdTypeList::equalContents (56 bytes)
Event: 3.196 Thread 0x0000000014af4000 nmethod 1559 0x00000000029db410 code [0x00000000029db5c0, 0x00000000029db8e8]
Event: 3.196 Thread 0x0000000014af4000 1560       2       com.android.dx.util.LabeledList::removeLabel (10 bytes)
Event: 3.196 Thread 0x0000000014af4000 nmethod 1560 0x00000000029dbb10 code [0x00000000029dbc80, 0x00000000029dbe08]

GC Heap History (4 events):
Event: 2.657 GC heap before
{Heap before GC invocations=1 (full 0):
 PSYoungGen      total 38400K, used 33280K [0x00000000eab00000, 0x00000000ed580000, 0x0000000100000000)
  eden space 33280K, 100% used [0x00000000eab00000,0x00000000ecb80000,0x00000000ecb80000)
  from space 5120K, 0% used [0x00000000ed080000,0x00000000ed080000,0x00000000ed580000)
  to   space 5120K, 0% used [0x00000000ecb80000,0x00000000ecb80000,0x00000000ed080000)
 ParOldGen       total 87552K, used 0K [0x00000000c0000000, 0x00000000c5580000, 0x00000000eab00000)
  object space 87552K, 0% used [0x00000000c0000000,0x00000000c0000000,0x00000000c5580000)
 Metaspace       used 5958K, capacity 6960K, committed 7040K, reserved 1056768K
  class space    used 591K, capacity 616K, committed 640K, reserved 1048576K
Event: 2.669 GC heap after
Heap after GC invocations=1 (full 0):
 PSYoungGen      total 38400K, used 5092K [0x00000000eab00000, 0x00000000ed580000, 0x0000000100000000)
  eden space 33280K, 0% used [0x00000000eab00000,0x00000000eab00000,0x00000000ecb80000)
  from space 5120K, 99% used [0x00000000ecb80000,0x00000000ed079200,0x00000000ed080000)
  to   space 5120K, 0% used [0x00000000ed080000,0x00000000ed080000,0x00000000ed580000)
 ParOldGen       total 87552K, used 2193K [0x00000000c0000000, 0x00000000c5580000, 0x00000000eab00000)
  object space 87552K, 2% used [0x00000000c0000000,0x00000000c0224748,0x00000000c5580000)
 Metaspace       used 5958K, capacity 6960K, committed 7040K, reserved 1056768K
  class space    used 591K, capacity 616K, committed 640K, reserved 1048576K
}
Event: 3.076 GC heap before
{Heap before GC invocations=2 (full 0):
 PSYoungGen      total 38400K, used 38372K [0x00000000eab00000, 0x00000000ed580000, 0x0000000100000000)
  eden space 33280K, 100% used [0x00000000eab00000,0x00000000ecb80000,0x00000000ecb80000)
  from space 5120K, 99% used [0x00000000ecb80000,0x00000000ed079200,0x00000000ed080000)
  to   space 5120K, 0% used [0x00000000ed080000,0x00000000ed080000,0x00000000ed580000)
 ParOldGen       total 87552K, used 2193K [0x00000000c0000000, 0x00000000c5580000, 0x00000000eab00000)
  object space 87552K, 2% used [0x00000000c0000000,0x00000000c0224748,0x00000000c5580000)
 Metaspace       used 6105K, capacity 7088K, committed 7296K, reserved 1056768K
  class space    used 592K, capacity 616K, committed 640K, reserved 1048576K
Event: 3.090 GC heap after
Heap after GC invocations=2 (full 0):
 PSYoungGen      total 38400K, used 5095K [0x00000000eab00000, 0x00000000ef600000, 0x0000000100000000)
  eden space 33280K, 0% used [0x00000000eab00000,0x00000000eab00000,0x00000000ecb80000)
  from space 5120K, 99% used [0x00000000ed080000,0x00000000ed579c40,0x00000000ed580000)
  to   space 5120K, 0% used [0x00000000ecb80000,0x00000000ecb80000,0x00000000ed080000)
 ParOldGen       total 87552K, used 6905K [0x00000000c0000000, 0x00000000c5580000, 0x00000000eab00000)
  object space 87552K, 7% used [0x00000000c0000000,0x00000000c06be668,0x00000000c5580000)
 Metaspace       used 6105K, capacity 7088K, committed 7296K, reserved 1056768K
  class space    used 592K, capacity 616K, committed 640K, reserved 1048576K
}

Deoptimization events (10 events):
Event: 2.977 Thread 0x0000000016671800 Uncommon trap: reason=bimorphic action=maybe_recompile pc=0x00000000028ee1fc method=com.android.dx.cf.code.BytecodeArray.parseInstruction(ILcom/android/dx/cf/code/BytecodeArray$Visitor;)I @ 923
Event: 2.977 Thread 0x0000000016671800 Uncommon trap: reason=bimorphic action=maybe_recompile pc=0x00000000028ee17c method=com.android.dx.cf.code.BytecodeArray.parseInstruction(ILcom/android/dx/cf/code/BytecodeArray$Visitor;)I @ 907
Event: 2.977 Thread 0x0000000016671800 Uncommon trap: reason=bimorphic action=maybe_recompile pc=0x00000000028efa4c method=com.android.dx.cf.code.BytecodeArray.parseInstruction(ILcom/android/dx/cf/code/BytecodeArray$Visitor;)I @ 1224
Event: 2.977 Thread 0x0000000016671800 Uncommon trap: reason=bimorphic action=maybe_recompile pc=0x00000000028ee1fc method=com.android.dx.cf.code.BytecodeArray.parseInstruction(ILcom/android/dx/cf/code/BytecodeArray$Visitor;)I @ 923
Event: 2.983 Thread 0x0000000016671800 Uncommon trap: reason=bimorphic action=maybe_recompile pc=0x000000000261cacc method=java.util.HashMap.getNode(ILjava/lang/Object;)Ljava/util/HashMap$Node; @ 126
Event: 2.983 Thread 0x0000000016671800 Uncommon trap: reason=bimorphic action=maybe_recompile pc=0x000000000261cacc method=java.util.HashMap.getNode(ILjava/lang/Object;)Ljava/util/HashMap$Node; @ 126
Event: 2.984 Thread 0x0000000016671800 Uncommon trap: reason=bimorphic action=maybe_recompile pc=0x0000000002628770 method=java.util.HashMap.getNode(ILjava/lang/Object;)Ljava/util/HashMap$Node; @ 126
Event: 2.984 Thread 0x0000000016671800 Uncommon trap: reason=bimorphic action=maybe_recompile pc=0x0000000002628770 method=java.util.HashMap.getNode(ILjava/lang/Object;)Ljava/util/HashMap$Node; @ 126
Event: 2.984 Thread 0x0000000016671800 Uncommon trap: reason=bimorphic action=maybe_recompile pc=0x000000000261cacc method=java.util.HashMap.getNode(ILjava/lang/Object;)Ljava/util/HashMap$Node; @ 126
Event: 3.159 Thread 0x000000001673b000 Uncommon trap: reason=null_check action=make_not_entrant pc=0x00000000027b1a3c method=com.android.dx.ssa.SsaRenamer.getLocalForNewReg(I)Lcom/android/dx/rop/code/LocalItem; @ 19

Internal exceptions (10 events):
Event: 1.881 Thread 0x000000001673b800 Exception <a 'java/security/PrivilegedActionException'> (0x00000000eb5c95d0) thrown at [D:\re\workspace\8-2-build-windows-amd64-cygwin\jdk8u20\1074\hotspot\src\share\vm\prims\jvm.cpp, line 1275]
Event: 1.893 Thread 0x000000001673b000 Exception <a 'java/security/PrivilegedActionException'> (0x00000000eb41c4a0) thrown at [D:\re\workspace\8-2-build-windows-amd64-cygwin\jdk8u20\1074\hotspot\src\share\vm\prims\jvm.cpp, line 1275]
Event: 1.895 Thread 0x000000001673b800 Exception <a 'java/security/PrivilegedActionException'> (0x00000000eb5fcb70) thrown at [D:\re\workspace\8-2-build-windows-amd64-cygwin\jdk8u20\1074\hotspot\src\share\vm\prims\jvm.cpp, line 1275]
Event: 1.917 Thread 0x0000000016671800 Exception <a 'java/security/PrivilegedActionException'> (0x00000000eb69d8a0) thrown at [D:\re\workspace\8-2-build-windows-amd64-cygwin\jdk8u20\1074\hotspot\src\share\vm\prims\jvm.cpp, line 1275]
Event: 1.918 Thread 0x0000000016671800 Exception <a 'java/security/PrivilegedActionException'> (0x00000000eb6a3290) thrown at [D:\re\workspace\8-2-build-windows-amd64-cygwin\jdk8u20\1074\hotspot\src\share\vm\prims\jvm.cpp, line 1275]
Event: 1.919 Thread 0x0000000016671800 Exception <a 'java/security/PrivilegedActionException'> (0x00000000eb6a8938) thrown at [D:\re\workspace\8-2-build-windows-amd64-cygwin\jdk8u20\1074\hotspot\src\share\vm\prims\jvm.cpp, line 1275]
Event: 1.940 Thread 0x000000001673c000 Exception <a 'java/security/PrivilegedActionException'> (0x00000000eb75bfd8) thrown at [D:\re\workspace\8-2-build-windows-amd64-cygwin\jdk8u20\1074\hotspot\src\share\vm\prims\jvm.cpp, line 1275]
Event: 2.044 Thread 0x00000000021cd800 Exception <a 'java/security/PrivilegedActionException'> (0x00000000ebabb008) thrown at [D:\re\workspace\8-2-build-windows-amd64-cygwin\jdk8u20\1074\hotspot\src\share\vm\prims\jvm.cpp, line 1275]
Event: 2.107 Thread 0x000000001673b800 Exception <a 'java/security/PrivilegedActionException'> (0x00000000eb9b99c8) thrown at [D:\re\workspace\8-2-build-windows-amd64-cygwin\jdk8u20\1074\hotspot\src\share\vm\prims\jvm.cpp, line 1275]
Event: 3.159 Thread 0x000000001673b000 Implicit null exception at 0x00000000027b06d3 to 0x00000000027b1a01

Events (10 events):
Event: 3.139 Thread 0x000000001673c000 DEOPT UNPACKING pc=0x00000000024175bf sp=0x0000000016dfe5c8 mode 0
Event: 3.154 Thread 0x000000001673b000 DEOPT PACKING pc=0x000000000279cbac sp=0x0000000016bfe8f0
Event: 3.154 Thread 0x000000001673b000 DEOPT UNPACKING pc=0x00000000024175bf sp=0x0000000016bfe6b8 mode 0
Event: 3.159 Thread 0x000000001673b000 Uncommon trap: trap_request=0xfffffff4 fr.pc=0x00000000027b1a3c
Event: 3.159 Thread 0x000000001673b000 DEOPT PACKING pc=0x00000000027b1a3c sp=0x0000000016bfe9e0
Event: 3.159 Thread 0x000000001673b000 DEOPT UNPACKING pc=0x000000000241556a sp=0x0000000016bfe838 mode 2
Event: 3.168 Thread 0x000000001673b000 DEOPT PACKING pc=0x000000000279c8f1 sp=0x0000000016bfe8f0
Event: 3.168 Thread 0x000000001673b000 DEOPT UNPACKING pc=0x00000000024175bf sp=0x0000000016bfe6b8 mode 0
Event: 3.190 Thread 0x000000001673c000 DEOPT PACKING pc=0x000000000279c8f1 sp=0x0000000016dfe6d0
Event: 3.190 Thread 0x000000001673c000 DEOPT UNPACKING pc=0x00000000024175bf sp=0x0000000016dfe498 mode 0


Dynamic libraries:
0x00007ff70ba90000 - 0x00007ff70bac4000 	C:\Program Files\Java\jdk1.8.0_20\bin\java.exe
0x00007ffdc0880000 - 0x00007ffdc0a51000 	C:\WINDOWS\SYSTEM32\ntdll.dll
0x00007ffdc00b0000 - 0x00007ffdc015b000 	C:\WINDOWS\System32\KERNEL32.DLL
0x00007ffdbdbf0000 - 0x00007ffdbde0d000 	C:\WINDOWS\System32\KERNELBASE.dll
0x00007ffdc0000000 - 0x00007ffdc00a2000 	C:\WINDOWS\System32\ADVAPI32.dll
0x00007ffdbe610000 - 0x00007ffdbe6ae000 	C:\WINDOWS\System32\msvcrt.dll
0x00007ffdbe3f0000 - 0x00007ffdbe449000 	C:\WINDOWS\System32\sechost.dll
0x00007ffdbe8b0000 - 0x00007ffdbe9d1000 	C:\WINDOWS\System32\RPCRT4.dll
0x00007ffdbe240000 - 0x00007ffdbe3a5000 	C:\WINDOWS\System32\USER32.dll
0x00007ffdbd7e0000 - 0x00007ffdbd7fe000 	C:\WINDOWS\System32\win32u.dll
0x00007ffdbe3b0000 - 0x00007ffdbe3e4000 	C:\WINDOWS\System32\GDI32.dll
0x00007ffdbd800000 - 0x00007ffdbd982000 	C:\WINDOWS\System32\gdi32full.dll
0x00007ffdb34b0000 - 0x00007ffdb3729000 	C:\WINDOWS\WinSxS\amd64_microsoft.windows.common-controls_6595b64144ccf1df_6.0.14393.0_none_2d0f50fcbdb171b8\COMCTL32.dll
0x00007ffdc01d0000 - 0x00007ffdc0497000 	C:\WINDOWS\System32\combase.dll
0x00007ffdbda40000 - 0x00007ffdbdb35000 	C:\WINDOWS\System32\ucrtbase.dll
0x00007ffdbcd70000 - 0x00007ffdbcdda000 	C:\WINDOWS\System32\bcryptPrimitives.dll
0x00007ffdbe880000 - 0x00007ffdbe8ae000 	C:\WINDOWS\System32\IMM32.DLL
0x000000006c540000 - 0x000000006c612000 	C:\Program Files\Java\jdk1.8.0_20\jre\bin\msvcr100.dll
0x000000006b500000 - 0x000000006bd58000 	C:\Program Files\Java\jdk1.8.0_20\jre\bin\server\jvm.dll
0x00007ffdbe6b0000 - 0x00007ffdbe6b8000 	C:\WINDOWS\System32\PSAPI.DLL
0x00007ffdbab20000 - 0x00007ffdbab29000 	C:\WINDOWS\SYSTEM32\WSOCK32.dll
0x00007ffdc0160000 - 0x00007ffdc01ca000 	C:\WINDOWS\System32\WS2_32.dll
0x00007ffdbabe0000 - 0x00007ffdbac03000 	C:\WINDOWS\SYSTEM32\WINMM.dll
0x00007ffdba9a0000 - 0x00007ffdba9cb000 	C:\WINDOWS\SYSTEM32\WINMMBASE.dll
0x00007ffdbdba0000 - 0x00007ffdbdbe2000 	C:\WINDOWS\System32\cfgmgr32.dll
0x000000006c530000 - 0x000000006c53f000 	C:\Program Files\Java\jdk1.8.0_20\jre\bin\verify.dll
0x000000006c500000 - 0x000000006c528000 	C:\Program Files\Java\jdk1.8.0_20\jre\bin\java.dll
0x000000006c4e0000 - 0x000000006c4f6000 	C:\Program Files\Java\jdk1.8.0_20\jre\bin\zip.dll
0x00007ffdbe9e0000 - 0x00007ffdbfee8000 	C:\WINDOWS\System32\SHELL32.dll
0x00007ffdbcde0000 - 0x00007ffdbd4ba000 	C:\WINDOWS\System32\windows.storage.dll
0x00007ffdbcce0000 - 0x00007ffdbcd2c000 	C:\WINDOWS\System32\powrprof.dll
0x00007ffdc0660000 - 0x00007ffdc06b2000 	C:\WINDOWS\System32\shlwapi.dll
0x00007ffdbcd30000 - 0x00007ffdbcd3f000 	C:\WINDOWS\System32\kernel.appcore.dll
0x00007ffdbd4c0000 - 0x00007ffdbd569000 	C:\WINDOWS\System32\shcore.dll
0x00007ffdbcd40000 - 0x00007ffdbcd54000 	C:\WINDOWS\System32\profapi.dll
0x00007ffdaeef0000 - 0x00007ffdaf082000 	C:\WINDOWS\SYSTEM32\dbghelp.dll

VM Arguments:
jvm_args: -Djava.awt.headless=true -Xmx1024M -Dfile.encoding=windows-1252 -Duser.country=US -Duser.language=en -Duser.variant 
java_command: com.android.dx.command.Main --dex --force-jumbo --num-threads=4 --multi-dex --output C:\Users\Jadon\WorkSpace3Y\SoftwareDesign\FindMeTutor\FindMeTutor\app\build\intermediates\transforms\dex\debug\folders\1000\10\com.android.support-support-fragment-24.2.0_fda0853b7a2e3bc1e73dc88b224dd2768167100e C:\Users\Jadon\WorkSpace3Y\SoftwareDesign\FindMeTutor\FindMeTutor\app\build\intermediates\exploded-aar\com.android.support\support-fragment\24.2.0\jars\classes.jar
java_class_path (initial): C:\Users\Jadon\AppData\Local\Android\sdk\build-tools\24.0.1\lib\dx.jar
Launcher Type: SUN_STANDARD

Environment Variables:
PATH=C:\ProgramData\Oracle\Java\javapath;C:\Program Files (x86)\AMD APP\bin\x86_64;C:\Program Files (x86)\AMD APP\bin\x86;C:\Program Files (x86)\Intel\iCLS Client\;C:\Program Files\Intel\iCLS Client\;C:\WINDOWS\system32;C:\WINDOWS;C:\WINDOWS\System32\Wbem;C:\WINDOWS\System32\WindowsPowerShell\v1.0\;C:\Program Files\Intel\WiFi\bin\;C:\Program Files\Common Files\Intel\WirelessCommon\;C:\Program Files\Intel\Intel(R) Management Engine Components\DAL;C:\Program Files\Intel\Intel(R) Management Engine Components\IPT;C:\Program Files (x86)\Intel\Intel(R) Management Engine Components\DAL;C:\Program Files (x86)\Intel\Intel(R) Management Engine Components\IPT;C:\Program Files (x86)\ATI Technologies\ATI.ACE\Core-Static;C:\Program Files (x86)\Intel\OpenCL SDK\2.0\bin\x86;C:\Program Files (x86)\Intel\OpenCL SDK\2.0\bin\x64;C:\Program Files (x86)\QuickTime\QTSystem\;C:\Program Files\MATLAB\R2013b\runtime\win64;C:\Program Files\MATLAB\R2013b\bin;C:\WINDOWS\system32\config\systemprofile\.dnx\bin;C:\Program Files\Microsoft DNX\Dnvm\;C:\Program Files\Microsoft SQL Server\130\Tools\Binn\;C:\Program Files (x86)\Windows Kits\8.1\Windows Performance Toolkit\;C:\Program Files\MiKTeX 2.9\miktex\bin\x64\;C:\Program Files (x86)\MiKTeX 2.9\miktex\bin\;C:\Program Files (x86)\Graphviz2.38\bin;C:\Program Files\doxygen\bin;C:\Program Files\Git\cmd;C:\Program Files (x86)\OpenVPN\bin;C:\Users\Jadon\AppData\Local\Programs\Python\Python35\Scripts\;C:\Users\Jadon\AppData\Local\Programs\Python\Python35\;C:\Program Files\Intel\WiFi\bin\;C:\Program Files\Common Files\Intel\WirelessCommon\;%USERPROFILE%\AppData\Local\Microsoft\WindowsApps;
USERNAME=Jadon
OS=Windows_NT
PROCESSOR_IDENTIFIER=Intel64 Family 6 Model 58 Stepping 9, GenuineIntel



---------------  S Y S T E M  ---------------

OS: Windows 8.1 , 64 bit Build 9600 

CPU:total 4 (2 cores per cpu, 2 threads per core) family 6 model 58 stepping 9, cmov, cx8, fxsr, mmx, sse, sse2, sse3, ssse3, sse4.1, sse4.2, popcnt, avx, aes, clmul, erms, ht, tsc, tscinvbit, tscinv

Memory: 4k page, physical 8267032k(1411264k free), swap 10217752k(143516k free)

vm_info: Java HotSpot(TM) 64-Bit Server VM (25.20-b23) for windows-amd64 JRE (1.8.0_20-b26), built on Jul 30 2014 13:51:23 by "java_re" with MS VC++ 10.0 (VS2010)

time: Sun Sep 25 22:23:38 2016
elapsed time: 3 seconds (0d 0h 0m 3s)

