#
# There is insufficient memory for the Java Runtime Environment to continue.
# Native memory allocation (malloc) failed to allocate 620976 bytes for Chunk::new
# Possible reasons:
#   The system is out of physical RAM or swap space
#   In 32 bit mode, the process size limit was hit
# Possible solutions:
#   Reduce memory load on the system
#   Increase physical memory or swap space
#   Check if swap backing store is full
#   Use 64 bit Java on a 64 bit OS
#   Decrease Java heap size (-Xmx/-Xms)
#   Decrease number of Java threads
#   Decrease Java thread stack sizes (-Xss)
#   Set larger code cache with -XX:ReservedCodeCacheSize=
# This output file may be truncated or incomplete.
#
#  Out of Memory Error (allocation.cpp:390), pid=12248, tid=10508
#
# JRE version: Java(TM) SE Runtime Environment (8.0_20-b26) (build 1.8.0_20-b26)
# Java VM: Java HotSpot(TM) 64-Bit Server VM (25.20-b23 mixed mode windows-amd64 compressed oops)
# Failed to write core dump. Minidumps are not enabled by default on client versions of Windows
#

---------------  T H R E A D  ---------------

Current thread (0x00000000149ee000):  JavaThread "C2 CompilerThread1" daemon [_thread_in_native, id=10508, stack(0x0000000015ff0000,0x00000000160f0000)]

Stack: [0x0000000015ff0000,0x00000000160f0000]
Native frames: (J=compiled Java code, j=interpreted, Vv=VM code, C=native code)
V  [jvm.dll+0x3152fa]
V  [jvm.dll+0x265d03]
V  [jvm.dll+0x266943]
V  [jvm.dll+0x25e265]
V  [jvm.dll+0xbe255]
V  [jvm.dll+0xbe6fc]
V  [jvm.dll+0x45c472]
V  [jvm.dll+0x49d76f]
V  [jvm.dll+0x4512bf]
V  [jvm.dll+0x452634]
V  [jvm.dll+0x435fc2]
V  [jvm.dll+0x97b62]
V  [jvm.dll+0x98353]
V  [jvm.dll+0x22aac4]
V  [jvm.dll+0x283f5a]
C  [msvcr100.dll+0x21d9f]
C  [msvcr100.dll+0x21e3b]
C  [KERNEL32.DLL+0x18102]
C  [ntdll.dll+0x5c5b4]


Current CompileTask:
C2:   3731 1042       4       com.android.dx.ssa.NormalSsaInsn::accept (25 bytes)


---------------  P R O C E S S  ---------------

Java Threads: ( => current thread )
  0x000000001657d000 JavaThread "pool-1-thread-4" [_thread_blocked, id=10844, stack(0x0000000016bf0000,0x0000000016cf0000)]
  0x000000001653c800 JavaThread "pool-1-thread-3" [_thread_blocked, id=7180, stack(0x0000000016af0000,0x0000000016bf0000)]
  0x000000001652a800 JavaThread "pool-1-thread-2" [_thread_blocked, id=8936, stack(0x00000000169f0000,0x0000000016af0000)]
  0x0000000016525800 JavaThread "pool-2-thread-1" [_thread_blocked, id=6348, stack(0x00000000168f0000,0x00000000169f0000)]
  0x000000001651e000 JavaThread "pool-1-thread-1" [_thread_in_Java, id=11816, stack(0x00000000167f0000,0x00000000168f0000)]
  0x00000000149fb000 JavaThread "Service Thread" daemon [_thread_blocked, id=4092, stack(0x00000000161f0000,0x00000000162f0000)]
  0x00000000149f4000 JavaThread "C1 CompilerThread2" daemon [_thread_blocked, id=12392, stack(0x00000000160f0000,0x00000000161f0000)]
=>0x00000000149ee000 JavaThread "C2 CompilerThread1" daemon [_thread_in_native, id=10508, stack(0x0000000015ff0000,0x00000000160f0000)]
  0x000000001499d800 JavaThread "C2 CompilerThread0" daemon [_thread_in_native, id=908, stack(0x0000000015ef0000,0x0000000015ff0000)]
  0x000000001499b000 JavaThread "Attach Listener" daemon [_thread_blocked, id=10352, stack(0x0000000015df0000,0x0000000015ef0000)]
  0x000000001499a000 JavaThread "Signal Dispatcher" daemon [_thread_blocked, id=12756, stack(0x0000000015cf0000,0x0000000015df0000)]
  0x00000000022bf000 JavaThread "Finalizer" daemon [_thread_blocked, id=8584, stack(0x0000000015bf0000,0x0000000015cf0000)]
  0x0000000014968000 JavaThread "Reference Handler" daemon [_thread_blocked, id=2564, stack(0x0000000015af0000,0x0000000015bf0000)]
  0x00000000021cd800 JavaThread "main" [_thread_in_native, id=9808, stack(0x0000000001fd0000,0x00000000020d0000)]

Other Threads:
  0x0000000014966000 VMThread [stack: 0x00000000159f0000,0x0000000015af0000] [id=9844]
  0x00000000149fe000 WatcherThread [stack: 0x00000000162f0000,0x00000000163f0000] [id=12540]

VM state:not at safepoint (normal execution)

VM Mutex/Monitor currently owned by a thread: None

Heap:
 PSYoungGen      total 38400K, used 21623K [0x00000000eab00000, 0x00000000ed580000, 0x0000000100000000)
  eden space 33280K, 64% used [0x00000000eab00000,0x00000000ec01dee8,0x00000000ecb80000)
  from space 5120K, 0% used [0x00000000ed080000,0x00000000ed080000,0x00000000ed580000)
  to   space 5120K, 0% used [0x00000000ecb80000,0x00000000ecb80000,0x00000000ed080000)
 ParOldGen       total 87552K, used 0K [0x00000000c0000000, 0x00000000c5580000, 0x00000000eab00000)
  object space 87552K, 0% used [0x00000000c0000000,0x00000000c0000000,0x00000000c5580000)
 Metaspace       used 5771K, capacity 6832K, committed 7040K, reserved 1056768K
  class space    used 584K, capacity 616K, committed 640K, reserved 1048576K

Card table byte_map: [0x0000000011690000,0x00000000118a0000] byte_map_base: 0x0000000011090000

Marking Bits: (ParMarkBitMap*) 0x000000006befb460
 Begin Bits: [0x0000000011e00000, 0x0000000012e00000)
 End Bits:   [0x0000000012e00000, 0x0000000013e00000)

Polling page: 0x0000000000500000

CodeCache: size=245760Kb used=4222Kb max_used=4222Kb free=241538Kb
 bounds [0x00000000022d0000, 0x0000000002700000, 0x00000000112d0000]
 total_blobs=1335 nmethods=1071 adapters=178
 compilation: enabled

Compilation events (10 events):
Event: 3.700 Thread 0x00000000149f4000 1048       3       com.android.dx.cf.code.OneLocalsArray::get (20 bytes)
Event: 3.700 Thread 0x00000000149f4000 nmethod 1048 0x00000000026de250 code [0x00000000026de3c0, 0x00000000026de5c8]
Event: 3.704 Thread 0x00000000149f4000 1049       3       com.android.dx.ssa.back.FirstFitLocalCombiningAllocator::findNextUnreservedRopReg (68 bytes)
Event: 3.705 Thread 0x00000000149f4000 nmethod 1049 0x00000000026de6d0 code [0x00000000026de880, 0x00000000026ded88]
Event: 3.705 Thread 0x00000000149f4000 1050       3       com.android.dx.ssa.back.FirstFitLocalCombiningAllocator::findNextUnreservedRopReg (12 bytes)
Event: 3.705 Thread 0x00000000149f4000 nmethod 1050 0x00000000026def90 code [0x00000000026df120, 0x00000000026df468]
Event: 3.706 Thread 0x00000000149f4000 1051       3       com.android.dx.rop.code.BasicBlockList::getInstructionCount (48 bytes)
Event: 3.707 Thread 0x00000000149f4000 nmethod 1051 0x00000000026df590 code [0x00000000026df720, 0x00000000026dfdb0]
Event: 3.707 Thread 0x00000000149f4000 1052       3       com.android.dx.dex.code.RopTranslator::getRegs (64 bytes)
Event: 3.709 Thread 0x00000000149f4000 nmethod 1052 0x00000000026e0010 code [0x00000000026e02e0, 0x00000000026e1f58]

GC Heap History (0 events):
No events

Deoptimization events (10 events):
Event: 3.418 Thread 0x000000001657d000 Uncommon trap: reason=class_check action=maybe_recompile pc=0x00000000025bad8c method=com.android.dx.ssa.SsaBasicBlock.forEachInsn(Lcom/android/dx/ssa/SsaInsn$Visitor;)V @ 23
Event: 3.436 Thread 0x000000001657d000 Uncommon trap: reason=class_check action=maybe_recompile pc=0x0000000002635798 method=com.android.dx.ssa.NormalSsaInsn.accept(Lcom/android/dx/ssa/SsaInsn$Visitor;)V @ 9
Event: 3.436 Thread 0x000000001657d000 Uncommon trap: reason=class_check action=maybe_recompile pc=0x0000000002548d30 method=com.android.dx.ssa.NormalSsaInsn.accept(Lcom/android/dx/ssa/SsaInsn$Visitor;)V @ 9
Event: 3.436 Thread 0x000000001657d000 Uncommon trap: reason=class_check action=maybe_recompile pc=0x0000000002548d30 method=com.android.dx.ssa.NormalSsaInsn.accept(Lcom/android/dx/ssa/SsaInsn$Visitor;)V @ 9
Event: 3.436 Thread 0x000000001657d000 Uncommon trap: reason=class_check action=maybe_recompile pc=0x0000000002548d30 method=com.android.dx.ssa.NormalSsaInsn.accept(Lcom/android/dx/ssa/SsaInsn$Visitor;)V @ 9
Event: 3.444 Thread 0x000000001657d000 Uncommon trap: reason=class_check action=maybe_recompile pc=0x0000000002658220 method=com.android.dx.rop.type.Type.equals(Ljava/lang/Object;)Z @ 8
Event: 3.444 Thread 0x000000001657d000 Uncommon trap: reason=class_check action=maybe_recompile pc=0x0000000002658220 method=com.android.dx.rop.type.Type.equals(Ljava/lang/Object;)Z @ 8
Event: 3.444 Thread 0x000000001657d000 Uncommon trap: reason=class_check action=maybe_recompile pc=0x0000000002658220 method=com.android.dx.rop.type.Type.equals(Ljava/lang/Object;)Z @ 8
Event: 3.444 Thread 0x000000001657d000 Uncommon trap: reason=class_check action=maybe_recompile pc=0x0000000002658220 method=com.android.dx.rop.type.Type.equals(Ljava/lang/Object;)Z @ 8
Event: 3.454 Thread 0x000000001652a800 Uncommon trap: reason=class_check action=maybe_recompile pc=0x0000000002635798 method=com.android.dx.ssa.NormalSsaInsn.accept(Lcom/android/dx/ssa/SsaInsn$Visitor;)V @ 9

Internal exceptions (10 events):
Event: 3.408 Thread 0x00000000021cd800 Exception <a 'java/security/PrivilegedActionException'> (0x00000000ebb50108) thrown at [D:\re\workspace\8-2-build-windows-amd64-cygwin\jdk8u20\1074\hotspot\src\share\vm\prims\jvm.cpp, line 1275]
Event: 3.417 Thread 0x000000001657d000 Exception <a 'java/security/PrivilegedActionException'> (0x00000000eb91d5d0) thrown at [D:\re\workspace\8-2-build-windows-amd64-cygwin\jdk8u20\1074\hotspot\src\share\vm\prims\jvm.cpp, line 1275]
Event: 3.421 Thread 0x000000001657d000 Exception <a 'java/security/PrivilegedActionException'> (0x00000000eb9274b0) thrown at [D:\re\workspace\8-2-build-windows-amd64-cygwin\jdk8u20\1074\hotspot\src\share\vm\prims\jvm.cpp, line 1275]
Event: 3.423 Thread 0x000000001657d000 Exception <a 'java/security/PrivilegedActionException'> (0x00000000eb930fa8) thrown at [D:\re\workspace\8-2-build-windows-amd64-cygwin\jdk8u20\1074\hotspot\src\share\vm\prims\jvm.cpp, line 1275]
Event: 3.429 Thread 0x00000000021cd800 Exception <a 'java/security/PrivilegedActionException'> (0x00000000ebb59ef8) thrown at [D:\re\workspace\8-2-build-windows-amd64-cygwin\jdk8u20\1074\hotspot\src\share\vm\prims\jvm.cpp, line 1275]
Event: 3.430 Thread 0x00000000021cd800 Exception <a 'java/security/PrivilegedActionException'> (0x00000000ebb5f520) thrown at [D:\re\workspace\8-2-build-windows-amd64-cygwin\jdk8u20\1074\hotspot\src\share\vm\prims\jvm.cpp, line 1275]
Event: 3.642 Thread 0x000000001653c800 Exception <a 'java/security/PrivilegedActionException'> (0x00000000ebe52e78) thrown at [D:\re\workspace\8-2-build-windows-amd64-cygwin\jdk8u20\1074\hotspot\src\share\vm\prims\jvm.cpp, line 1275]
Event: 3.675 Thread 0x00000000021cd800 Exception <a 'java/security/PrivilegedActionException'> (0x00000000ebda4fa8) thrown at [D:\re\workspace\8-2-build-windows-amd64-cygwin\jdk8u20\1074\hotspot\src\share\vm\prims\jvm.cpp, line 1275]
Event: 3.676 Thread 0x00000000021cd800 Exception <a 'java/security/PrivilegedActionException'> (0x00000000ebdaf2d0) thrown at [D:\re\workspace\8-2-build-windows-amd64-cygwin\jdk8u20\1074\hotspot\src\share\vm\prims\jvm.cpp, line 1275]
Event: 3.676 Thread 0x00000000021cd800 Exception <a 'java/security/PrivilegedActionException'> (0x00000000ebdb1a08) thrown at [D:\re\workspace\8-2-build-windows-amd64-cygwin\jdk8u20\1074\hotspot\src\share\vm\prims\jvm.cpp, line 1275]

Events (10 events):
Event: 3.587 Executing VM operation: ForceSafepoint
Event: 3.587 Executing VM operation: ForceSafepoint done
Event: 3.642 loading class com/android/dx/cf/code/SwitchList
Event: 3.642 loading class com/android/dx/cf/code/SwitchList done
Event: 3.675 loading class com/android/dx/cf/direct/AnnotationParser
Event: 3.675 loading class com/android/dx/cf/direct/AnnotationParser done
Event: 3.676 loading class com/android/dx/cf/attrib/AttRuntimeInvisibleAnnotations
Event: 3.676 loading class com/android/dx/cf/attrib/AttRuntimeInvisibleAnnotations done
Event: 3.676 loading class com/android/dx/cf/attrib/BaseAnnotations
Event: 3.676 loading class com/android/dx/cf/attrib/BaseAnnotations done


Dynamic libraries:
0x00007ff660b40000 - 0x00007ff660b74000 	C:\Program Files\Java\jdk1.8.0_20\bin\java.exe
0x00007fffc5950000 - 0x00007fffc5b11000 	C:\WINDOWS\SYSTEM32\ntdll.dll
0x00007fffc3240000 - 0x00007fffc32ed000 	C:\WINDOWS\system32\KERNEL32.DLL
0x00007fffc2a90000 - 0x00007fffc2c78000 	C:\WINDOWS\system32\KERNELBASE.dll
0x00007fffc3930000 - 0x00007fffc39d7000 	C:\WINDOWS\system32\ADVAPI32.dll
0x00007fffc3df0000 - 0x00007fffc3e8d000 	C:\WINDOWS\system32\msvcrt.dll
0x00007fffc3f50000 - 0x00007fffc3fab000 	C:\WINDOWS\system32\sechost.dll
0x00007fffc3b40000 - 0x00007fffc3c5c000 	C:\WINDOWS\system32\RPCRT4.dll
0x00007fffc39e0000 - 0x00007fffc3b36000 	C:\WINDOWS\system32\USER32.dll
0x00007fffc2eb0000 - 0x00007fffc3036000 	C:\WINDOWS\system32\GDI32.dll
0x00007fffb5f40000 - 0x00007fffb61b4000 	C:\WINDOWS\WinSxS\amd64_microsoft.windows.common-controls_6595b64144ccf1df_6.0.10586.0_none_8c15ae12515e1c22\COMCTL32.dll
0x00007fffc32f0000 - 0x00007fffc356d000 	C:\WINDOWS\system32\combase.dll
0x00007fffc2a20000 - 0x00007fffc2a8a000 	C:\WINDOWS\system32\bcryptPrimitives.dll
0x00007fffc3c60000 - 0x00007fffc3c9b000 	C:\WINDOWS\system32\IMM32.DLL
0x000000006d800000 - 0x000000006d8d2000 	C:\Program Files\Java\jdk1.8.0_20\jre\bin\msvcr100.dll
0x000000006b720000 - 0x000000006bf78000 	C:\Program Files\Java\jdk1.8.0_20\jre\bin\server\jvm.dll
0x00007fffc43e0000 - 0x00007fffc43e8000 	C:\WINDOWS\system32\PSAPI.DLL
0x00007fffb7130000 - 0x00007fffb7139000 	C:\WINDOWS\SYSTEM32\WSOCK32.dll
0x00007fffc38c0000 - 0x00007fffc392b000 	C:\WINDOWS\system32\WS2_32.dll
0x00007fffbfb60000 - 0x00007fffbfb83000 	C:\WINDOWS\SYSTEM32\WINMM.dll
0x00007fffbfb30000 - 0x00007fffbfb5c000 	C:\WINDOWS\SYSTEM32\WINMMBASE.dll
0x00007fffc29b0000 - 0x00007fffc29f3000 	C:\WINDOWS\system32\cfgmgr32.dll
0x000000006d7f0000 - 0x000000006d7ff000 	C:\Program Files\Java\jdk1.8.0_20\jre\bin\verify.dll
0x000000006d7c0000 - 0x000000006d7e8000 	C:\Program Files\Java\jdk1.8.0_20\jre\bin\java.dll
0x000000006d7a0000 - 0x000000006d7b6000 	C:\Program Files\Java\jdk1.8.0_20\jre\bin\zip.dll
0x00007fffc43f0000 - 0x00007fffc594c000 	C:\WINDOWS\system32\SHELL32.dll
0x00007fffc22a0000 - 0x00007fffc28e5000 	C:\WINDOWS\system32\windows.storage.dll
0x00007fffc3ef0000 - 0x00007fffc3f42000 	C:\WINDOWS\system32\shlwapi.dll
0x00007fffc1fb0000 - 0x00007fffc1fbf000 	C:\WINDOWS\system32\kernel.appcore.dll
0x00007fffc28f0000 - 0x00007fffc29a5000 	C:\WINDOWS\system32\shcore.dll
0x00007fffc1f60000 - 0x00007fffc1fab000 	C:\WINDOWS\system32\powrprof.dll
0x00007fffc1fc0000 - 0x00007fffc1fd4000 	C:\WINDOWS\system32\profapi.dll
0x00007fffb5410000 - 0x00007fffb559c000 	C:\WINDOWS\SYSTEM32\dbghelp.dll

VM Arguments:
jvm_args: -Djava.awt.headless=true -Xmx1024M -Dfile.encoding=windows-1252 -Duser.country=US -Duser.language=en -Duser.variant 
java_command: com.android.dx.command.Main --dex --num-threads=4 --output C:\Nivek\Wits\2016\2nd semester\Coms\SD\SoftwareDesign\FindMeTutor\FindMeTutor\app\build\intermediates\pre-dexed\debug\debug_dbb45cd171912566fca219704449c9536474f250.jar C:\Nivek\Wits\2016\2nd semester\Coms\SD\SoftwareDesign\FindMeTutor\FindMeTutor\app\build\intermediates\classes\debug
java_class_path (initial): C:\Users\admin\AppData\Local\Android\sdk\build-tools\24.0.1\lib\dx.jar
Launcher Type: SUN_STANDARD

Environment Variables:
PATH=C:\ProgramData\Oracle\Java\javapath;C:\Program Files (x86)\Intel\iCLS Client\;C:\Program Files\Intel\iCLS Client\;C:\WINDOWS\system32;C:\WINDOWS;C:\WINDOWS\System32\Wbem;C:\WINDOWS\System32\WindowsPowerShell\v1.0\;C:\Program Files\Intel\Intel(R) Management Engine Components\DAL;C:\Program Files\Intel\Intel(R) Management Engine Components\IPT;C:\Program Files (x86)\Intel\Intel(R) Management Engine Components\DAL;C:\Program Files (x86)\Intel\Intel(R) Management Engine Components\IPT;C:\Program Files\WIDCOMM\Bluetooth Software\;C:\Program Files\WIDCOMM\Bluetooth Software\syswow64;C:\Program Files (x86)\Intel\OpenCL SDK\2.0\bin\x86;C:\Program Files (x86)\Intel\OpenCL SDK\2.0\bin\x64;C:\Program Files\Intel\WiFi\bin\;C:\Program Files\Common Files\Intel\WirelessCommon\;c:\Program Files (x86)\Microsoft SQL Server\100\Tools\Binn\;c:\Program Files\Microsoft SQL Server\100\Tools\Binn\;c:\Program Files\Microsoft SQL Server\100\DTS\Binn\;C:\Program Files (x86)\MySQL\MySQL Fabric 1.5.4 & MySQL Utilities 1.5.4 1.5\;C:\Program Files (x86)\MySQL\MySQL Fabric 1.5.4 & MySQL Utilities 1.5.4 1.5\Doctrine extensions for PHP\;C:\Program Files (x86)\Borland\Delphi7\Bin;C:\Program Files (x86)\Borland\Delphi7\Projects\Bpl;C:\Program Files (x86)\Borland\Delphi7\Rave5;C:\Program Files\Git\cmd;C:\Program Files\Intel\WiFi\bin\;C:\Program Files\Common Files\Intel\WirelessCommon\
USERNAME=admin
OS=Windows_NT
PROCESSOR_IDENTIFIER=Intel64 Family 6 Model 58 Stepping 9, GenuineIntel



---------------  S Y S T E M  ---------------

OS: Windows 8.1 , 64 bit Build 9600 

CPU:total 4 (2 cores per cpu, 2 threads per core) family 6 model 58 stepping 9, cmov, cx8, fxsr, mmx, sse, sse2, sse3, ssse3, sse4.1, sse4.2, popcnt, avx, aes, clmul, erms, ht, tsc, tscinvbit, tscinv

Memory: 4k page, physical 8258576k(1382408k free), swap 10306576k(5212k free)

vm_info: Java HotSpot(TM) 64-Bit Server VM (25.20-b23) for windows-amd64 JRE (1.8.0_20-b26), built on Jul 30 2014 13:51:23 by "java_re" with MS VC++ 10.0 (VS2010)

time: Sat Aug 13 21:58:40 2016
elapsed time: 3 seconds (0d 0h 0m 3s)

