#
# There is insufficient memory for the Java Runtime Environment to continue.
# Native memory allocation (malloc) failed to allocate 1581536 bytes for Chunk::new
# Possible reasons:
#   The system is out of physical RAM or swap space
#   In 32 bit mode, the process size limit was hit
# Possible solutions:
#   Reduce memory load on the system
#   Increase physical memory or swap space
#   Check if swap backing store is full
#   Use 64 bit Java on a 64 bit OS
#   Decrease Java heap size (-Xmx/-Xms)
#   Decrease number of Java threads
#   Decrease Java thread stack sizes (-Xss)
#   Set larger code cache with -XX:ReservedCodeCacheSize=
# This output file may be truncated or incomplete.
#
#  Out of Memory Error (allocation.cpp:390), pid=7340, tid=4632
#
# JRE version: Java(TM) SE Runtime Environment (8.0_20-b26) (build 1.8.0_20-b26)
# Java VM: Java HotSpot(TM) 64-Bit Server VM (25.20-b23 mixed mode windows-amd64 compressed oops)
# Failed to write core dump. Minidumps are not enabled by default on client versions of Windows
#

---------------  T H R E A D  ---------------

Current thread (0x0000000014972000):  JavaThread "C2 CompilerThread1" daemon [_thread_in_native, id=4632, stack(0x0000000015ff0000,0x00000000160f0000)]

Stack: [0x0000000015ff0000,0x00000000160f0000]
Native frames: (J=compiled Java code, j=interpreted, Vv=VM code, C=native code)
V  [jvm.dll+0x3152fa]
V  [jvm.dll+0x265d03]
V  [jvm.dll+0x266943]
V  [jvm.dll+0x25e265]
V  [jvm.dll+0xbe255]
V  [jvm.dll+0xbe6fc]
V  [jvm.dll+0x45c472]
V  [jvm.dll+0x49d76f]
V  [jvm.dll+0x451438]
V  [jvm.dll+0x452634]
V  [jvm.dll+0x435fc2]
V  [jvm.dll+0x97b62]
V  [jvm.dll+0x98353]
V  [jvm.dll+0x22aac4]
V  [jvm.dll+0x283f5a]
C  [msvcr100.dll+0x21d9f]
C  [msvcr100.dll+0x21e3b]
C  [KERNEL32.DLL+0x18102]
C  [ntdll.dll+0x5c5b4]


Current CompileTask:
C2:   4265 1631   !   4       com.android.dx.cf.code.BytecodeArray::parseInstruction (2764 bytes)


---------------  P R O C E S S  ---------------

Java Threads: ( => current thread )
  0x00000000164f3000 JavaThread "pool-1-thread-4" [_thread_in_Java, id=852, stack(0x0000000016bf0000,0x0000000016cf0000)]
  0x0000000016443800 JavaThread "pool-1-thread-3" [_thread_in_Java, id=9164, stack(0x0000000016af0000,0x0000000016bf0000)]
  0x0000000016478800 JavaThread "pool-1-thread-2" [_thread_in_vm, id=11372, stack(0x00000000169f0000,0x0000000016af0000)]
  0x0000000016477800 JavaThread "pool-2-thread-1" [_thread_blocked, id=4428, stack(0x00000000168f0000,0x00000000169f0000)]
  0x0000000016476800 JavaThread "pool-1-thread-1" [_thread_in_Java, id=6824, stack(0x00000000167f0000,0x00000000168f0000)]
  0x00000000161f6800 JavaThread "Service Thread" daemon [_thread_blocked, id=5784, stack(0x00000000165f0000,0x00000000166f0000)]
  0x00000000149c6000 JavaThread "C1 CompilerThread2" daemon [_thread_blocked, id=5268, stack(0x00000000160f0000,0x00000000161f0000)]
=>0x0000000014972000 JavaThread "C2 CompilerThread1" daemon [_thread_in_native, id=4632, stack(0x0000000015ff0000,0x00000000160f0000)]
  0x0000000014970000 JavaThread "C2 CompilerThread0" daemon [_thread_in_native, id=11512, stack(0x0000000015ef0000,0x0000000015ff0000)]
  0x000000001496e800 JavaThread "Attach Listener" daemon [_thread_blocked, id=9184, stack(0x0000000015df0000,0x0000000015ef0000)]
  0x000000001496b800 JavaThread "Signal Dispatcher" daemon [_thread_blocked, id=9524, stack(0x0000000015cf0000,0x0000000015df0000)]
  0x000000000228f000 JavaThread "Finalizer" daemon [_thread_blocked, id=9808, stack(0x0000000015bf0000,0x0000000015cf0000)]
  0x0000000014938000 JavaThread "Reference Handler" daemon [_thread_blocked, id=9812, stack(0x0000000015af0000,0x0000000015bf0000)]
  0x00000000020ed800 JavaThread "main" [_thread_in_Java, id=1192, stack(0x0000000001fa0000,0x00000000020a0000)]

Other Threads:
  0x0000000014936000 VMThread [stack: 0x00000000159f0000,0x0000000015af0000] [id=9744]
  0x00000000161fa000 WatcherThread [stack: 0x00000000166f0000,0x00000000167f0000] [id=12356]

VM state:not at safepoint (normal execution)

VM Mutex/Monitor currently owned by a thread: None

Heap:
 PSYoungGen      total 71680K, used 35645K [0x00000000eab00000, 0x00000000ef600000, 0x0000000100000000)
  eden space 66560K, 45% used [0x00000000eab00000,0x00000000ec8d6650,0x00000000eec00000)
  from space 5120K, 99% used [0x00000000ef100000,0x00000000ef5f8df8,0x00000000ef600000)
  to   space 5120K, 0% used [0x00000000eec00000,0x00000000eec00000,0x00000000ef100000)
 ParOldGen       total 87552K, used 6123K [0x00000000c0000000, 0x00000000c5580000, 0x00000000eab00000)
  object space 87552K, 6% used [0x00000000c0000000,0x00000000c05fac78,0x00000000c5580000)
 Metaspace       used 6267K, capacity 7128K, committed 7424K, reserved 1056768K
  class space    used 612K, capacity 656K, committed 768K, reserved 1048576K

Card table byte_map: [0x0000000011660000,0x0000000011870000] byte_map_base: 0x0000000011060000

Marking Bits: (ParMarkBitMap*) 0x000000006befb460
 Begin Bits: [0x0000000011dd0000, 0x0000000012dd0000)
 End Bits:   [0x0000000012dd0000, 0x0000000013dd0000)

Polling page: 0x00000000001f0000

CodeCache: size=245760Kb used=6603Kb max_used=6603Kb free=239156Kb
 bounds [0x00000000022a0000, 0x0000000002920000, 0x00000000112a0000]
 total_blobs=1895 nmethods=1630 adapters=178
 compilation: enabled

Compilation events (10 events):
Event: 4.135 Thread 0x00000000149c6000 1636       1       com.android.dx.rop.cst.CstKnownNull::getType (4 bytes)
Event: 4.135 Thread 0x00000000149c6000 nmethod 1636 0x0000000002907d10 code [0x0000000002907e60, 0x0000000002907f70]
Event: 4.139 Thread 0x00000000149c6000 1637       1       com.android.dx.rop.cst.TypedConstant::getFrameType (2 bytes)
Event: 4.139 Thread 0x00000000149c6000 nmethod 1637 0x0000000002907a50 code [0x0000000002907ba0, 0x0000000002907cb0]
Event: 4.140 Thread 0x00000000149c6000 1638       2       com.android.dx.ssa.PhiInsn::accept (8 bytes)
Event: 4.140 Thread 0x00000000149c6000 nmethod 1638 0x00000000029076d0 code [0x0000000002907840, 0x00000000029079c8]
Event: 4.140 Thread 0x00000000149c6000 1639       2       com.android.dx.ssa.SsaBasicBlock::forEachInsn (37 bytes)
Event: 4.141 Thread 0x00000000149c6000 nmethod 1639 0x000000000290d7d0 code [0x000000000290d960, 0x000000000290dc88]
Event: 4.148 Thread 0x00000000149c6000 1640       2       com.android.dx.cf.code.LocalVariableList::<init> (6 bytes)
Event: 4.148 Thread 0x00000000149c6000 nmethod 1640 0x0000000002907350 code [0x00000000029074c0, 0x0000000002907628]

GC Heap History (4 events):
Event: 2.996 GC heap before
{Heap before GC invocations=1 (full 0):
 PSYoungGen      total 38400K, used 33280K [0x00000000eab00000, 0x00000000ed580000, 0x0000000100000000)
  eden space 33280K, 100% used [0x00000000eab00000,0x00000000ecb80000,0x00000000ecb80000)
  from space 5120K, 0% used [0x00000000ed080000,0x00000000ed080000,0x00000000ed580000)
  to   space 5120K, 0% used [0x00000000ecb80000,0x00000000ecb80000,0x00000000ed080000)
 ParOldGen       total 87552K, used 0K [0x00000000c0000000, 0x00000000c5580000, 0x00000000eab00000)
  object space 87552K, 0% used [0x00000000c0000000,0x00000000c0000000,0x00000000c5580000)
 Metaspace       used 5997K, capacity 6960K, committed 7040K, reserved 1056768K
  class space    used 589K, capacity 616K, committed 640K, reserved 1048576K
Event: 3.139 GC heap after
Heap after GC invocations=1 (full 0):
 PSYoungGen      total 38400K, used 5098K [0x00000000eab00000, 0x00000000ef600000, 0x0000000100000000)
  eden space 33280K, 0% used [0x00000000eab00000,0x00000000eab00000,0x00000000ecb80000)
  from space 5120K, 99% used [0x00000000ecb80000,0x00000000ed07aad8,0x00000000ed080000)
  to   space 5120K, 0% used [0x00000000ef100000,0x00000000ef100000,0x00000000ef600000)
 ParOldGen       total 87552K, used 1614K [0x00000000c0000000, 0x00000000c5580000, 0x00000000eab00000)
  object space 87552K, 1% used [0x00000000c0000000,0x00000000c0193868,0x00000000c5580000)
 Metaspace       used 5997K, capacity 6960K, committed 7040K, reserved 1056768K
  class space    used 589K, capacity 616K, committed 640K, reserved 1048576K
}
Event: 3.921 GC heap before
{Heap before GC invocations=2 (full 0):
 PSYoungGen      total 38400K, used 38378K [0x00000000eab00000, 0x00000000ef600000, 0x0000000100000000)
  eden space 33280K, 100% used [0x00000000eab00000,0x00000000ecb80000,0x00000000ecb80000)
  from space 5120K, 99% used [0x00000000ecb80000,0x00000000ed07aad8,0x00000000ed080000)
  to   space 5120K, 0% used [0x00000000ef100000,0x00000000ef100000,0x00000000ef600000)
 ParOldGen       total 87552K, used 1614K [0x00000000c0000000, 0x00000000c5580000, 0x00000000eab00000)
  object space 87552K, 1% used [0x00000000c0000000,0x00000000c0193868,0x00000000c5580000)
 Metaspace       used 6144K, capacity 7088K, committed 7296K, reserved 1056768K
  class space    used 592K, capacity 616K, committed 640K, reserved 1048576K
Event: 3.972 GC heap after
Heap after GC invocations=2 (full 0):
 PSYoungGen      total 71680K, used 5091K [0x00000000eab00000, 0x00000000ef600000, 0x0000000100000000)
  eden space 66560K, 0% used [0x00000000eab00000,0x00000000eab00000,0x00000000eec00000)
  from space 5120K, 99% used [0x00000000ef100000,0x00000000ef5f8df8,0x00000000ef600000)
  to   space 5120K, 0% used [0x00000000eec00000,0x00000000eec00000,0x00000000ef100000)
 ParOldGen       total 87552K, used 6123K [0x00000000c0000000, 0x00000000c5580000, 0x00000000eab00000)
  object space 87552K, 6% used [0x00000000c0000000,0x00000000c05fac78,0x00000000c5580000)
 Metaspace       used 6144K, capacity 7088K, committed 7296K, reserved 1056768K
  class space    used 592K, capacity 616K, committed 640K, reserved 1048576K
}

Deoptimization events (10 events):
Event: 2.886 Thread 0x0000000016478800 Uncommon trap: reason=class_check action=maybe_recompile pc=0x00000000027072f4 method=java.util.HashMap.putVal(ILjava/lang/Object;Ljava/lang/Object;ZZ)Ljava/lang/Object; @ 203
Event: 2.886 Thread 0x0000000016478800 Uncommon trap: reason=bimorphic action=maybe_recompile pc=0x00000000024c0d4c method=java.util.HashMap.getNode(ILjava/lang/Object;)Ljava/util/HashMap$Node; @ 126
Event: 2.886 Thread 0x0000000016478800 Uncommon trap: reason=class_check action=maybe_recompile pc=0x00000000027072f4 method=java.util.HashMap.putVal(ILjava/lang/Object;Ljava/lang/Object;ZZ)Ljava/lang/Object; @ 203
Event: 2.886 Thread 0x0000000016478800 Uncommon trap: reason=bimorphic action=maybe_recompile pc=0x00000000024e4e64 method=java.util.HashMap.getNode(ILjava/lang/Object;)Ljava/util/HashMap$Node; @ 126
Event: 3.344 Thread 0x0000000016476800 Uncommon trap: reason=uninitialized action=reinterpret pc=0x00000000027446d8 method=com.android.dx.cf.code.BytecodeArray.parseInstruction(ILcom/android/dx/cf/code/BytecodeArray$Visitor;)I @ 1047
Event: 3.588 Thread 0x00000000020ed800 Uncommon trap: reason=unreached action=reinterpret pc=0x0000000002875a08 method=com.android.dx.ssa.SCCP.simulateBranch(Lcom/android/dx/ssa/SsaInsn;)V @ 132
Event: 4.041 Thread 0x0000000016478800 Uncommon trap: reason=unreached action=reinterpret pc=0x00000000025ffa20 method=java.util.HashMap.getNode(ILjava/lang/Object;)Ljava/util/HashMap$Node; @ 84
Event: 4.046 Thread 0x0000000016478800 Uncommon trap: reason=unreached action=reinterpret pc=0x000000000284a7f8 method=java.util.HashMap.getNode(ILjava/lang/Object;)Ljava/util/HashMap$Node; @ 84
Event: 4.116 Thread 0x0000000016476800 Uncommon trap: reason=unreached action=reinterpret pc=0x000000000285c47c method=java.util.HashMap.putVal(ILjava/lang/Object;Ljava/lang/Object;ZZ)Ljava/lang/Object; @ 109
Event: 4.140 Thread 0x0000000016443800 Uncommon trap: reason=null_check action=make_not_entrant pc=0x0000000002595970 method=com.android.dx.ssa.SsaRenamer.getLocalForNewReg(I)Lcom/android/dx/rop/code/LocalItem; @ 19

Internal exceptions (10 events):
Event: 2.410 Thread 0x00000000020ed800 Exception <a 'java/security/PrivilegedActionException'> (0x00000000ec193d38) thrown at [D:\re\workspace\8-2-build-windows-amd64-cygwin\jdk8u20\1074\hotspot\src\share\vm\prims\jvm.cpp, line 1275]
Event: 3.757 Thread 0x0000000016478800 Exception <a 'java/security/PrivilegedActionException'> (0x00000000ec0588d0) thrown at [D:\re\workspace\8-2-build-windows-amd64-cygwin\jdk8u20\1074\hotspot\src\share\vm\prims\jvm.cpp, line 1275]
Event: 3.758 Thread 0x0000000016478800 Exception <a 'java/security/PrivilegedActionException'> (0x00000000ec05e2c0) thrown at [D:\re\workspace\8-2-build-windows-amd64-cygwin\jdk8u20\1074\hotspot\src\share\vm\prims\jvm.cpp, line 1275]
Event: 3.760 Thread 0x0000000016478800 Exception <a 'java/security/PrivilegedActionException'> (0x00000000ec063a30) thrown at [D:\re\workspace\8-2-build-windows-amd64-cygwin\jdk8u20\1074\hotspot\src\share\vm\prims\jvm.cpp, line 1275]
Event: 3.979 Thread 0x00000000020ed800 Exception <a 'java/security/PrivilegedActionException'> (0x00000000eac56bf0) thrown at [D:\re\workspace\8-2-build-windows-amd64-cygwin\jdk8u20\1074\hotspot\src\share\vm\prims\jvm.cpp, line 1275]
Event: 3.980 Thread 0x00000000020ed800 Exception <a 'java/security/PrivilegedActionException'> (0x00000000eac593d8) thrown at [D:\re\workspace\8-2-build-windows-amd64-cygwin\jdk8u20\1074\hotspot\src\share\vm\prims\jvm.cpp, line 1275]
Event: 4.034 Thread 0x0000000016478800 Exception <a 'java/lang/ArrayIndexOutOfBoundsException': 18> (0x00000000eb9e1a58) thrown at [D:\re\workspace\8-2-build-windows-amd64-cygwin\jdk8u20\1074\hotspot\src\share\vm\interpreter\interpreterRuntime.cpp, line 366]
Event: 4.035 Thread 0x0000000016478800 Exception <a 'java/lang/ArrayIndexOutOfBoundsException'> (0x00000000eb9e34f0) thrown at [D:\re\workspace\8-2-build-windows-amd64-cygwin\jdk8u20\1074\hotspot\src\share\vm\runtime\sharedRuntime.cpp, line 604]
Event: 4.040 Thread 0x0000000016478800 Exception <a 'java/lang/ArrayIndexOutOfBoundsException'> (0x00000000eb9e4708) thrown at [D:\re\workspace\8-2-build-windows-amd64-cygwin\jdk8u20\1074\hotspot\src\share\vm\runtime\sharedRuntime.cpp, line 604]
Event: 4.140 Thread 0x0000000016443800 Implicit null exception at 0x00000000025935f2 to 0x0000000002595949

Events (10 events):
Event: 4.041 Thread 0x0000000016478800 DEOPT UNPACKING pc=0x00000000022e556a sp=0x0000000016aee200 mode 2
Event: 4.046 Thread 0x0000000016478800 Uncommon trap: trap_request=0xffffffad fr.pc=0x000000000284a7f8
Event: 4.046 Thread 0x0000000016478800 DEOPT PACKING pc=0x000000000284a7f8 sp=0x0000000016aee2d0
Event: 4.046 Thread 0x0000000016478800 DEOPT UNPACKING pc=0x00000000022e556a sp=0x0000000016aee248 mode 2
Event: 4.116 Thread 0x0000000016476800 Uncommon trap: trap_request=0xffffffad fr.pc=0x000000000285c47c
Event: 4.116 Thread 0x0000000016476800 DEOPT PACKING pc=0x000000000285c47c sp=0x00000000168ee3f0
Event: 4.116 Thread 0x0000000016476800 DEOPT UNPACKING pc=0x00000000022e556a sp=0x00000000168ee370 mode 2
Event: 4.140 Thread 0x0000000016443800 Uncommon trap: trap_request=0xfffffff4 fr.pc=0x0000000002595970
Event: 4.140 Thread 0x0000000016443800 DEOPT PACKING pc=0x0000000002595970 sp=0x0000000016bee3f0
Event: 4.140 Thread 0x0000000016443800 DEOPT UNPACKING pc=0x00000000022e556a sp=0x0000000016bee228 mode 2


Dynamic libraries:
0x00007ff660b40000 - 0x00007ff660b74000 	C:\Program Files\Java\jdk1.8.0_20\bin\java.exe
0x00007fffc5950000 - 0x00007fffc5b11000 	C:\WINDOWS\SYSTEM32\ntdll.dll
0x00007fffc3240000 - 0x00007fffc32ed000 	C:\WINDOWS\system32\KERNEL32.DLL
0x00007fffc2a90000 - 0x00007fffc2c78000 	C:\WINDOWS\system32\KERNELBASE.dll
0x00007fffc3930000 - 0x00007fffc39d7000 	C:\WINDOWS\system32\ADVAPI32.dll
0x00007fffc3df0000 - 0x00007fffc3e8d000 	C:\WINDOWS\system32\msvcrt.dll
0x00007fffc3f50000 - 0x00007fffc3fab000 	C:\WINDOWS\system32\sechost.dll
0x00007fffc3b40000 - 0x00007fffc3c5c000 	C:\WINDOWS\system32\RPCRT4.dll
0x00007fffc39e0000 - 0x00007fffc3b36000 	C:\WINDOWS\system32\USER32.dll
0x00007fffc2eb0000 - 0x00007fffc3036000 	C:\WINDOWS\system32\GDI32.dll
0x00007fffb5f40000 - 0x00007fffb61b4000 	C:\WINDOWS\WinSxS\amd64_microsoft.windows.common-controls_6595b64144ccf1df_6.0.10586.0_none_8c15ae12515e1c22\COMCTL32.dll
0x00007fffc32f0000 - 0x00007fffc356d000 	C:\WINDOWS\system32\combase.dll
0x00007fffc2a20000 - 0x00007fffc2a8a000 	C:\WINDOWS\system32\bcryptPrimitives.dll
0x00007fffc3c60000 - 0x00007fffc3c9b000 	C:\WINDOWS\system32\IMM32.DLL
0x000000006d800000 - 0x000000006d8d2000 	C:\Program Files\Java\jdk1.8.0_20\jre\bin\msvcr100.dll
0x000000006b720000 - 0x000000006bf78000 	C:\Program Files\Java\jdk1.8.0_20\jre\bin\server\jvm.dll
0x00007fffc43e0000 - 0x00007fffc43e8000 	C:\WINDOWS\system32\PSAPI.DLL
0x00007fffb7130000 - 0x00007fffb7139000 	C:\WINDOWS\SYSTEM32\WSOCK32.dll
0x00007fffc38c0000 - 0x00007fffc392b000 	C:\WINDOWS\system32\WS2_32.dll
0x00007fffbfb60000 - 0x00007fffbfb83000 	C:\WINDOWS\SYSTEM32\WINMM.dll
0x00007fffbfb30000 - 0x00007fffbfb5c000 	C:\WINDOWS\SYSTEM32\WINMMBASE.dll
0x00007fffc29b0000 - 0x00007fffc29f3000 	C:\WINDOWS\system32\cfgmgr32.dll
0x000000006d7f0000 - 0x000000006d7ff000 	C:\Program Files\Java\jdk1.8.0_20\jre\bin\verify.dll
0x000000006d7c0000 - 0x000000006d7e8000 	C:\Program Files\Java\jdk1.8.0_20\jre\bin\java.dll
0x000000006d7a0000 - 0x000000006d7b6000 	C:\Program Files\Java\jdk1.8.0_20\jre\bin\zip.dll
0x00007fffc43f0000 - 0x00007fffc594c000 	C:\WINDOWS\system32\SHELL32.dll
0x00007fffc22a0000 - 0x00007fffc28e5000 	C:\WINDOWS\system32\windows.storage.dll
0x00007fffc3ef0000 - 0x00007fffc3f42000 	C:\WINDOWS\system32\shlwapi.dll
0x00007fffc1fb0000 - 0x00007fffc1fbf000 	C:\WINDOWS\system32\kernel.appcore.dll
0x00007fffc28f0000 - 0x00007fffc29a5000 	C:\WINDOWS\system32\shcore.dll
0x00007fffc1f60000 - 0x00007fffc1fab000 	C:\WINDOWS\system32\powrprof.dll
0x00007fffc1fc0000 - 0x00007fffc1fd4000 	C:\WINDOWS\system32\profapi.dll
0x00007fffb5410000 - 0x00007fffb559c000 	C:\WINDOWS\SYSTEM32\dbghelp.dll

VM Arguments:
jvm_args: -Djava.awt.headless=true -Xmx1024M -Dfile.encoding=windows-1252 -Duser.country=US -Duser.language=en -Duser.variant 
java_command: com.android.dx.command.Main --dex --num-threads=4 --output C:\Nivek\Wits\2016\2nd semester\Coms\SD\SoftwareDesign\FindMeTutor\FindMeTutor\app\build\intermediates\pre-dexed\debug\com.android.support-recyclerview-v7-24.1.1_a861e9b941efc4cf38438c4aafda571fb05e2a61.jar C:\Nivek\Wits\2016\2nd semester\Coms\SD\SoftwareDesign\FindMeTutor\FindMeTutor\app\build\intermediates\exploded-aar\com.android.support\recyclerview-v7\24.1.1\jars\classes.jar
java_class_path (initial): C:\Users\admin\AppData\Local\Android\sdk\build-tools\24.0.1\lib\dx.jar
Launcher Type: SUN_STANDARD

Environment Variables:
PATH=C:\ProgramData\Oracle\Java\javapath;C:\Program Files (x86)\Intel\iCLS Client\;C:\Program Files\Intel\iCLS Client\;C:\WINDOWS\system32;C:\WINDOWS;C:\WINDOWS\System32\Wbem;C:\WINDOWS\System32\WindowsPowerShell\v1.0\;C:\Program Files\Intel\Intel(R) Management Engine Components\DAL;C:\Program Files\Intel\Intel(R) Management Engine Components\IPT;C:\Program Files (x86)\Intel\Intel(R) Management Engine Components\DAL;C:\Program Files (x86)\Intel\Intel(R) Management Engine Components\IPT;C:\Program Files\WIDCOMM\Bluetooth Software\;C:\Program Files\WIDCOMM\Bluetooth Software\syswow64;C:\Program Files (x86)\Intel\OpenCL SDK\2.0\bin\x86;C:\Program Files (x86)\Intel\OpenCL SDK\2.0\bin\x64;C:\Program Files\Intel\WiFi\bin\;C:\Program Files\Common Files\Intel\WirelessCommon\;c:\Program Files (x86)\Microsoft SQL Server\100\Tools\Binn\;c:\Program Files\Microsoft SQL Server\100\Tools\Binn\;c:\Program Files\Microsoft SQL Server\100\DTS\Binn\;C:\Program Files (x86)\MySQL\MySQL Fabric 1.5.4 & MySQL Utilities 1.5.4 1.5\;C:\Program Files (x86)\MySQL\MySQL Fabric 1.5.4 & MySQL Utilities 1.5.4 1.5\Doctrine extensions for PHP\;C:\Program Files (x86)\Borland\Delphi7\Bin;C:\Program Files (x86)\Borland\Delphi7\Projects\Bpl;C:\Program Files (x86)\Borland\Delphi7\Rave5;C:\Program Files\Git\cmd;C:\Program Files\Intel\WiFi\bin\;C:\Program Files\Common Files\Intel\WirelessCommon\
USERNAME=admin
OS=Windows_NT
PROCESSOR_IDENTIFIER=Intel64 Family 6 Model 58 Stepping 9, GenuineIntel



---------------  S Y S T E M  ---------------

OS: Windows 8.1 , 64 bit Build 9600 

CPU:total 4 (2 cores per cpu, 2 threads per core) family 6 model 58 stepping 9, cmov, cx8, fxsr, mmx, sse, sse2, sse3, ssse3, sse4.1, sse4.2, popcnt, avx, aes, clmul, erms, ht, tsc, tscinvbit, tscinv

Memory: 4k page, physical 8258576k(1329120k free), swap 10306576k(5976k free)

vm_info: Java HotSpot(TM) 64-Bit Server VM (25.20-b23) for windows-amd64 JRE (1.8.0_20-b26), built on Jul 30 2014 13:51:23 by "java_re" with MS VC++ 10.0 (VS2010)

time: Sat Aug 13 21:45:47 2016
elapsed time: 4 seconds (0d 0h 0m 4s)

