#
# There is insufficient memory for the Java Runtime Environment to continue.
# Native memory allocation (malloc) failed to allocate 32784 bytes for Chunk::new
# Possible reasons:
#   The system is out of physical RAM or swap space
#   In 32 bit mode, the process size limit was hit
# Possible solutions:
#   Reduce memory load on the system
#   Increase physical memory or swap space
#   Check if swap backing store is full
#   Use 64 bit Java on a 64 bit OS
#   Decrease Java heap size (-Xmx/-Xms)
#   Decrease number of Java threads
#   Decrease Java thread stack sizes (-Xss)
#   Set larger code cache with -XX:ReservedCodeCacheSize=
# This output file may be truncated or incomplete.
#
#  Out of Memory Error (allocation.cpp:390), pid=2244, tid=8268
#
# JRE version: Java(TM) SE Runtime Environment (8.0_20-b26) (build 1.8.0_20-b26)
# Java VM: Java HotSpot(TM) 64-Bit Server VM (25.20-b23 mixed mode windows-amd64 compressed oops)
# Failed to write core dump. Minidumps are not enabled by default on client versions of Windows
#

---------------  T H R E A D  ---------------

Current thread (0x000000001496a800):  JavaThread "C2 CompilerThread0" daemon [_thread_in_native, id=8268, stack(0x0000000015ed0000,0x0000000015fd0000)]

Stack: [0x0000000015ed0000,0x0000000015fd0000]
Native frames: (J=compiled Java code, j=interpreted, Vv=VM code, C=native code)
V  [jvm.dll+0x3152fa]


Current CompileTask:
C2:    630  463       4       java.util.TreeMap::put (247 bytes)


---------------  P R O C E S S  ---------------

Java Threads: ( => current thread )
  0x00000000163b3800 JavaThread "pool-1-thread-4" [_thread_blocked, id=6288, stack(0x0000000016bd0000,0x0000000016cd0000)]
  0x00000000163a1800 JavaThread "pool-1-thread-3" [_thread_blocked, id=11216, stack(0x0000000016ad0000,0x0000000016bd0000)]
  0x00000000163a7000 JavaThread "pool-1-thread-2" [_thread_blocked, id=10664, stack(0x00000000169d0000,0x0000000016ad0000)]
  0x000000001638e000 JavaThread "pool-2-thread-1" [_thread_blocked, id=492, stack(0x00000000168d0000,0x00000000169d0000)]
  0x000000001638d800 JavaThread "pool-1-thread-1" [_thread_blocked, id=3316, stack(0x00000000167d0000,0x00000000168d0000)]
  0x00000000161fc800 JavaThread "Service Thread" daemon [_thread_blocked, id=9432, stack(0x00000000165d0000,0x00000000166d0000)]
  0x000000001495e000 JavaThread "C1 CompilerThread2" daemon [_thread_in_native, id=7772, stack(0x00000000160d0000,0x00000000161d0000)]
  0x000000001496c800 JavaThread "C2 CompilerThread1" daemon [_thread_blocked, id=12388, stack(0x0000000015fd0000,0x00000000160d0000)]
=>0x000000001496a800 JavaThread "C2 CompilerThread0" daemon [_thread_in_native, id=8268, stack(0x0000000015ed0000,0x0000000015fd0000)]
  0x0000000014969800 JavaThread "Attach Listener" daemon [_thread_blocked, id=6372, stack(0x0000000015dd0000,0x0000000015ed0000)]
  0x0000000014968800 JavaThread "Signal Dispatcher" daemon [_thread_blocked, id=5972, stack(0x0000000015cd0000,0x0000000015dd0000)]
  0x0000000002286800 JavaThread "Finalizer" daemon [_thread_blocked, id=8636, stack(0x0000000015bc0000,0x0000000015cc0000)]
  0x000000000227d800 JavaThread "Reference Handler" daemon [_thread_blocked, id=7180, stack(0x0000000015ac0000,0x0000000015bc0000)]
  0x000000000043d800 JavaThread "main" [_thread_in_vm, id=11860, stack(0x0000000002090000,0x0000000002190000)]

Other Threads:
  0x0000000014926000 VMThread [stack: 0x00000000159c0000,0x0000000015ac0000] [id=6640]
  0x0000000016201800 WatcherThread [stack: 0x00000000166d0000,0x00000000167d0000] [id=3660]

VM state:not at safepoint (normal execution)

VM Mutex/Monitor currently owned by a thread: None

Heap:
 PSYoungGen      total 38400K, used 12962K [0x00000000eab00000, 0x00000000ed580000, 0x0000000100000000)
  eden space 33280K, 38% used [0x00000000eab00000,0x00000000eb7a88d0,0x00000000ecb80000)
  from space 5120K, 0% used [0x00000000ed080000,0x00000000ed080000,0x00000000ed580000)
  to   space 5120K, 0% used [0x00000000ecb80000,0x00000000ecb80000,0x00000000ed080000)
 ParOldGen       total 87552K, used 0K [0x00000000c0000000, 0x00000000c5580000, 0x00000000eab00000)
  object space 87552K, 0% used [0x00000000c0000000,0x00000000c0000000,0x00000000c5580000)
 Metaspace       used 5355K, capacity 6448K, committed 6528K, reserved 1056768K
  class space    used 575K, capacity 616K, committed 640K, reserved 1048576K

Card table byte_map: [0x0000000011650000,0x0000000011860000] byte_map_base: 0x0000000011050000

Marking Bits: (ParMarkBitMap*) 0x000000005839b460
 Begin Bits: [0x0000000011dc0000, 0x0000000012dc0000)
 End Bits:   [0x0000000012dc0000, 0x0000000013dc0000)

Polling page: 0x0000000000420000

CodeCache: size=245760Kb used=2104Kb max_used=2116Kb free=243655Kb
 bounds [0x0000000002290000, 0x0000000002500000, 0x0000000011290000]
 total_blobs=750 nmethods=487 adapters=177
 compilation: enabled

Compilation events (10 events):
Event: 0.607 Thread 0x000000001496c800 nmethod 461 0x000000000249e390 code [0x000000000249e520, 0x000000000249ea28]
Event: 0.607 Thread 0x000000001495e000 nmethod 483 0x000000000249db50 code [0x000000000249dce0, 0x000000000249e1b8]
Event: 0.607 Thread 0x000000001495e000  486   !   3       com.android.dx.cf.code.BytecodeArray::parseInstruction (2764 bytes)
Event: 0.609 Thread 0x000000001496c800  498       4       java.util.ArrayList$Itr::hasNext (20 bytes)
Event: 0.610 Thread 0x000000001496c800 nmethod 498 0x000000000247aa10 code [0x000000000247ab40, 0x000000000247abd8]
Event: 0.611 Thread 0x000000001496c800  499       4       com.android.dx.util.MutabilityControl::throwIfImmutable (18 bytes)
Event: 0.612 Thread 0x000000001496c800 nmethod 499 0x000000000249f3d0 code [0x000000000249f500, 0x000000000249f578]
Event: 0.612 Thread 0x000000001496c800  502       4       java.util.ArrayList$Itr::next (66 bytes)
Event: 0.613 Thread 0x000000001496c800 nmethod 502 0x000000000249bfd0 code [0x000000000249c120, 0x000000000249c218]
Event: 0.615 Thread 0x000000001496c800  508       4       java.util.HashMap::getNode (148 bytes)

GC Heap History (0 events):
No events

Deoptimization events (0 events):
No events

Internal exceptions (10 events):
Event: 0.560 Thread 0x000000000043d800 Exception <a 'java/security/PrivilegedActionException'> (0x00000000eb3d2b80) thrown at [D:\re\workspace\8-2-build-windows-amd64-cygwin\jdk8u20\1074\hotspot\src\share\vm\prims\jvm.cpp, line 1275]
Event: 0.561 Thread 0x00000000163b3800 Exception <a 'java/security/PrivilegedActionException'> (0x00000000eb5eaa98) thrown at [D:\re\workspace\8-2-build-windows-amd64-cygwin\jdk8u20\1074\hotspot\src\share\vm\prims\jvm.cpp, line 1275]
Event: 0.564 Thread 0x000000000043d800 Exception <a 'java/security/PrivilegedActionException'> (0x00000000eb3d6910) thrown at [D:\re\workspace\8-2-build-windows-amd64-cygwin\jdk8u20\1074\hotspot\src\share\vm\prims\jvm.cpp, line 1275]
Event: 0.565 Thread 0x00000000163a1800 Exception <a 'java/security/PrivilegedActionException'> (0x00000000eb4d0e08) thrown at [D:\re\workspace\8-2-build-windows-amd64-cygwin\jdk8u20\1074\hotspot\src\share\vm\prims\jvm.cpp, line 1275]
Event: 0.566 Thread 0x00000000163a1800 Exception <a 'java/security/PrivilegedActionException'> (0x00000000eb4d54c0) thrown at [D:\re\workspace\8-2-build-windows-amd64-cygwin\jdk8u20\1074\hotspot\src\share\vm\prims\jvm.cpp, line 1275]
Event: 0.566 Thread 0x00000000163a1800 Exception <a 'java/security/PrivilegedActionException'> (0x00000000eb4daf00) thrown at [D:\re\workspace\8-2-build-windows-amd64-cygwin\jdk8u20\1074\hotspot\src\share\vm\prims\jvm.cpp, line 1275]
Event: 0.567 Thread 0x00000000163a1800 Exception <a 'java/security/PrivilegedActionException'> (0x00000000eb4e3b80) thrown at [D:\re\workspace\8-2-build-windows-amd64-cygwin\jdk8u20\1074\hotspot\src\share\vm\prims\jvm.cpp, line 1275]
Event: 0.568 Thread 0x000000000043d800 Exception <a 'java/security/PrivilegedActionException'> (0x00000000eb3dd288) thrown at [D:\re\workspace\8-2-build-windows-amd64-cygwin\jdk8u20\1074\hotspot\src\share\vm\prims\jvm.cpp, line 1275]
Event: 0.568 Thread 0x000000000043d800 Exception <a 'java/security/PrivilegedActionException'> (0x00000000eb3e0590) thrown at [D:\re\workspace\8-2-build-windows-amd64-cygwin\jdk8u20\1074\hotspot\src\share\vm\prims\jvm.cpp, line 1275]
Event: 0.569 Thread 0x00000000163a1800 Exception <a 'java/security/PrivilegedActionException'> (0x00000000eb4e99b8) thrown at [D:\re\workspace\8-2-build-windows-amd64-cygwin\jdk8u20\1074\hotspot\src\share\vm\prims\jvm.cpp, line 1275]

Events (10 events):
Event: 0.567 loading class com/android/dx/dex/file/DebugInfoItem
Event: 0.567 loading class com/android/dx/dex/file/DebugInfoItem done
Event: 0.568 loading class com/android/dx/rop/annotation/AnnotationsList
Event: 0.568 loading class com/android/dx/rop/annotation/AnnotationsList done
Event: 0.568 loading class com/android/dx/dex/file/MethodIdItem
Event: 0.568 loading class com/android/dx/dex/file/MethodIdItem done
Event: 0.569 loading class com/android/dx/cf/code/BytecodeArray$ConstantParserVisitor
Event: 0.569 loading class com/android/dx/cf/code/BytecodeArray$ConstantParserVisitor done
Event: 0.573 Thread 0x000000001638d800 DEOPT PACKING pc=0x0000000002416ad5 sp=0x00000000168cef90
Event: 0.573 Thread 0x000000001638d800 DEOPT UNPACKING pc=0x00000000022d75bf sp=0x00000000168cec80 mode 0


Dynamic libraries:
0x00007ff699080000 - 0x00007ff6990b4000 	C:\Program Files\Java\jdk1.8.0_20\bin\java.exe
0x00007ff98ded0000 - 0x00007ff98e091000 	C:\WINDOWS\SYSTEM32\ntdll.dll
0x00007ff98bb50000 - 0x00007ff98bbfd000 	C:\WINDOWS\system32\KERNEL32.DLL
0x00007ff98b000000 - 0x00007ff98b1e8000 	C:\WINDOWS\system32\KERNELBASE.dll
0x00007ff98c430000 - 0x00007ff98c4d7000 	C:\WINDOWS\system32\ADVAPI32.dll
0x00007ff98b780000 - 0x00007ff98b81d000 	C:\WINDOWS\system32\msvcrt.dll
0x00007ff98baf0000 - 0x00007ff98bb4b000 	C:\WINDOWS\system32\sechost.dll
0x00007ff98b3f0000 - 0x00007ff98b50c000 	C:\WINDOWS\system32\RPCRT4.dll
0x00007ff98b820000 - 0x00007ff98b976000 	C:\WINDOWS\system32\USER32.dll
0x00007ff98c750000 - 0x00007ff98c8d6000 	C:\WINDOWS\system32\GDI32.dll
0x00007ff97f110000 - 0x00007ff97f384000 	C:\WINDOWS\WinSxS\amd64_microsoft.windows.common-controls_6595b64144ccf1df_6.0.10586.0_none_8c15ae12515e1c22\COMCTL32.dll
0x00007ff98c1a0000 - 0x00007ff98c41d000 	C:\WINDOWS\system32\combase.dll
0x00007ff98ae80000 - 0x00007ff98aeea000 	C:\WINDOWS\system32\bcryptPrimitives.dll
0x00007ff98ba50000 - 0x00007ff98ba8b000 	C:\WINDOWS\system32\IMM32.DLL
0x0000000058420000 - 0x00000000584f2000 	C:\Program Files\Java\jdk1.8.0_20\jre\bin\msvcr100.dll
0x0000000057bc0000 - 0x0000000058418000 	C:\Program Files\Java\jdk1.8.0_20\jre\bin\server\jvm.dll
0x00007ff98c4e0000 - 0x00007ff98c4e8000 	C:\WINDOWS\system32\PSAPI.DLL
0x00007ff97d040000 - 0x00007ff97d049000 	C:\WINDOWS\SYSTEM32\WSOCK32.dll
0x00007ff988a40000 - 0x00007ff988a63000 	C:\WINDOWS\SYSTEM32\WINMM.dll
0x00007ff98b2b0000 - 0x00007ff98b31b000 	C:\WINDOWS\system32\WS2_32.dll
0x00007ff988980000 - 0x00007ff9889ac000 	C:\WINDOWS\SYSTEM32\WINMMBASE.dll
0x00007ff98a560000 - 0x00007ff98a5a3000 	C:\WINDOWS\system32\cfgmgr32.dll
0x0000000057bb0000 - 0x0000000057bbf000 	C:\Program Files\Java\jdk1.8.0_20\jre\bin\verify.dll
0x0000000057b80000 - 0x0000000057ba8000 	C:\Program Files\Java\jdk1.8.0_20\jre\bin\java.dll
0x0000000057b60000 - 0x0000000057b76000 	C:\Program Files\Java\jdk1.8.0_20\jre\bin\zip.dll
0x00007ff98c900000 - 0x00007ff98de5c000 	C:\WINDOWS\system32\SHELL32.dll
0x00007ff98a830000 - 0x00007ff98ae75000 	C:\WINDOWS\system32\windows.storage.dll
0x00007ff98de70000 - 0x00007ff98dec2000 	C:\WINDOWS\system32\shlwapi.dll
0x00007ff98a4f0000 - 0x00007ff98a4ff000 	C:\WINDOWS\system32\kernel.appcore.dll
0x00007ff98b1f0000 - 0x00007ff98b2a5000 	C:\WINDOWS\system32\shcore.dll
0x00007ff98a500000 - 0x00007ff98a54b000 	C:\WINDOWS\system32\powrprof.dll
0x00007ff98a4d0000 - 0x00007ff98a4e4000 	C:\WINDOWS\system32\profapi.dll

VM Arguments:
jvm_args: -Djava.awt.headless=true -Xmx1024M -Dfile.encoding=windows-1252 -Duser.country=US -Duser.language=en -Duser.variant 
java_command: com.android.dx.command.Main --dex --num-threads=4 --output C:\Nivek\Wits\2016\2nd semester\Coms\SD\Major Project\SoftwareDesign\FindMeTutor\FindMeTutor\app\build\intermediates\pre-dexed\debug\debug_1be91d96e38e349f4748c8781227b960506678af.jar C:\Nivek\Wits\2016\2nd semester\Coms\SD\Major Project\SoftwareDesign\FindMeTutor\FindMeTutor\app\build\intermediates\classes\debug
java_class_path (initial): C:\Users\admin\AppData\Local\Android\sdk\build-tools\24.0.1\lib\dx.jar
Launcher Type: SUN_STANDARD

Environment Variables:
PATH=C:\ProgramData\Oracle\Java\javapath;C:\Program Files (x86)\Intel\iCLS Client\;C:\Program Files\Intel\iCLS Client\;C:\WINDOWS\system32;C:\WINDOWS;C:\WINDOWS\System32\Wbem;C:\WINDOWS\System32\WindowsPowerShell\v1.0\;C:\Program Files\Intel\Intel(R) Management Engine Components\DAL;C:\Program Files\Intel\Intel(R) Management Engine Components\IPT;C:\Program Files (x86)\Intel\Intel(R) Management Engine Components\DAL;C:\Program Files (x86)\Intel\Intel(R) Management Engine Components\IPT;C:\Program Files\WIDCOMM\Bluetooth Software\;C:\Program Files\WIDCOMM\Bluetooth Software\syswow64;C:\Program Files (x86)\Intel\OpenCL SDK\2.0\bin\x86;C:\Program Files (x86)\Intel\OpenCL SDK\2.0\bin\x64;C:\Program Files\Intel\WiFi\bin\;C:\Program Files\Common Files\Intel\WirelessCommon\;c:\Program Files (x86)\Microsoft SQL Server\100\Tools\Binn\;c:\Program Files\Microsoft SQL Server\100\Tools\Binn\;c:\Program Files\Microsoft SQL Server\100\DTS\Binn\;C:\Program Files (x86)\MySQL\MySQL Fabric 1.5.4 & MySQL Utilities 1.5.4 1.5\;C:\Program Files (x86)\MySQL\MySQL Fabric 1.5.4 & MySQL Utilities 1.5.4 1.5\Doctrine extensions for PHP\;C:\Program Files (x86)\Borland\Delphi7\Bin;C:\Program Files (x86)\Borland\Delphi7\Projects\Bpl;C:\Program Files (x86)\Borland\Delphi7\Rave5;C:\Program Files\Git\cmd;C:\Program Files\Intel\WiFi\bin\;C:\Program Files\Common Files\Intel\WirelessCommon\
USERNAME=admin
OS=Windows_NT
PROCESSOR_IDENTIFIER=Intel64 Family 6 Model 58 Stepping 9, GenuineIntel



---------------  S Y S T E M  ---------------

OS: Windows 8.1 , 64 bit Build 9600 

CPU:total 4 (2 cores per cpu, 2 threads per core) family 6 model 58 stepping 9, cmov, cx8, fxsr, mmx, sse, sse2, sse3, ssse3, sse4.1, sse4.2, popcnt, avx, aes, clmul, erms, ht, tsc, tscinvbit, tscinv

Memory: 4k page, physical 8258576k(2054788k free), swap 10306576k(656k free)

vm_info: Java HotSpot(TM) 64-Bit Server VM (25.20-b23) for windows-amd64 JRE (1.8.0_20-b26), built on Jul 30 2014 13:51:23 by "java_re" with MS VC++ 10.0 (VS2010)

time: Thu Aug 18 19:01:22 2016
elapsed time: 0 seconds (0d 0h 0m 0s)

