#
# There is insufficient memory for the Java Runtime Environment to continue.
# Native memory allocation (malloc) failed to allocate 152448 bytes for Chunk::new
# Possible reasons:
#   The system is out of physical RAM or swap space
#   In 32 bit mode, the process size limit was hit
# Possible solutions:
#   Reduce memory load on the system
#   Increase physical memory or swap space
#   Check if swap backing store is full
#   Use 64 bit Java on a 64 bit OS
#   Decrease Java heap size (-Xmx/-Xms)
#   Decrease number of Java threads
#   Decrease Java thread stack sizes (-Xss)
#   Set larger code cache with -XX:ReservedCodeCacheSize=
# This output file may be truncated or incomplete.
#
#  Out of Memory Error (allocation.cpp:390), pid=8816, tid=11208
#
# JRE version: Java(TM) SE Runtime Environment (8.0_20-b26) (build 1.8.0_20-b26)
# Java VM: Java HotSpot(TM) 64-Bit Server VM (25.20-b23 mixed mode windows-amd64 compressed oops)
# Failed to write core dump. Minidumps are not enabled by default on client versions of Windows
#

---------------  T H R E A D  ---------------

Current thread (0x0000000014a60000):  JavaThread "C2 CompilerThread1" daemon [_thread_in_native, id=11208, stack(0x00000000160d0000,0x00000000161d0000)]

Stack: [0x00000000160d0000,0x00000000161d0000]
Native frames: (J=compiled Java code, j=interpreted, Vv=VM code, C=native code)
V  [jvm.dll+0x3152fa]
V  [jvm.dll+0x265d03]
V  [jvm.dll+0x266943]
V  [jvm.dll+0x25e265]
V  [jvm.dll+0xbe255]
V  [jvm.dll+0xbe6fc]
V  [jvm.dll+0x49d728]
V  [jvm.dll+0x451911]
V  [jvm.dll+0x452634]
V  [jvm.dll+0x435fc2]
V  [jvm.dll+0x97b62]
V  [jvm.dll+0x98353]
V  [jvm.dll+0x22aac4]
V  [jvm.dll+0x283f5a]
C  [msvcr100.dll+0x21d9f]
C  [msvcr100.dll+0x21e3b]
C  [KERNEL32.DLL+0x8364]
C  [ntdll.dll+0x65e91]


Current CompileTask:
C2:   5056 1440   !   4       com.android.dx.cf.code.RopperMachine::run (1550 bytes)


---------------  P R O C E S S  ---------------

Java Threads: ( => current thread )
  0x0000000016719000 JavaThread "Unknown thread" [_thread_blocked, id=14560, stack(0x0000000016cd0000,0x0000000016dd0000)]
  0x0000000016718000 JavaThread "Unknown thread" [_thread_blocked, id=12884, stack(0x0000000016bd0000,0x0000000016cd0000)]
  0x0000000016715000 JavaThread "Unknown thread" [_thread_blocked, id=7532, stack(0x0000000016ad0000,0x0000000016bd0000)]
  0x0000000016619000 JavaThread "Unknown thread" [_thread_blocked, id=1084, stack(0x00000000169d0000,0x0000000016ad0000)]
  0x0000000016609000 JavaThread "pool-1-thread-1" [_thread_blocked, id=16100, stack(0x00000000168d0000,0x00000000169d0000)]
  0x0000000014abb000 JavaThread "Service Thread" daemon [_thread_blocked, id=3092, stack(0x00000000162d0000,0x00000000163d0000)]
  0x0000000014ab1000 JavaThread "C1 CompilerThread2" daemon [_thread_blocked, id=5552, stack(0x00000000161d0000,0x00000000162d0000)]
=>0x0000000014a60000 JavaThread "C2 CompilerThread1" daemon [_thread_in_native, id=11208, stack(0x00000000160d0000,0x00000000161d0000)]
  0x0000000014a5c000 JavaThread "C2 CompilerThread0" daemon [_thread_blocked, id=2692, stack(0x0000000015fd0000,0x00000000160d0000)]
  0x0000000014a5b000 JavaThread "Unknown thread" [_thread_blocked, id=12176, stack(0x0000000015ed0000,0x0000000015fd0000)]
  0x0000000014a59800 JavaThread "Unknown thread" [_thread_blocked, id=11640, stack(0x0000000015dd0000,0x0000000015ed0000)]
  0x000000000237f800 JavaThread "Unknown thread" [_thread_blocked, id=11144, stack(0x0000000015cd0000,0x0000000015dd0000)]
  0x0000000014a28000 JavaThread "Unknown thread" [_thread_blocked, id=1548, stack(0x0000000015bd0000,0x0000000015cd0000)]
  0x000000000228d800 JavaThread "main" [_thread_blocked, id=8740, stack(0x0000000002100000,0x0000000002200000)]

Other Threads:
  0x0000000014a26000 VMThread [stack: 0x0000000015ad0000,0x0000000015bd0000] [id=8424]
  0x0000000014abe000 WatcherThread [stack: 0x00000000163d0000,0x00000000164d0000] [id=15112]

VM state:at safepoint (normal execution)

VM Mutex/Monitor currently owned by a thread:  ([mutex/lock_event])
[0x000000000228ca50] Threads_lock - owner thread: 0x0000000014a26000
[0x000000000228d3d0] Heap_lock - owner thread: 0x0000000016609000

Heap:
 PSYoungGen      total 71680K, used 5106K [0x00000000eab00000, 0x00000000ef600000, 0x0000000100000000)
  eden space 66560K, 0% used [0x00000000eab00000,0x00000000eab00000,0x00000000eec00000)
  from space 5120K, 99% used [0x00000000ef100000,0x00000000ef5fc8d0,0x00000000ef600000)
  to   space 5120K, 0% used [0x00000000eec00000,0x00000000eec00000,0x00000000ef100000)
 ParOldGen       total 87552K, used 66911K [0x00000000c0000000, 0x00000000c5580000, 0x00000000eab00000)
  object space 87552K, 76% used [0x00000000c0000000,0x00000000c4157e60,0x00000000c5580000)
 Metaspace       used 6116K, capacity 7088K, committed 7296K, reserved 1056768K
  class space    used 587K, capacity 616K, committed 640K, reserved 1048576K

Card table byte_map: [0x0000000011750000,0x0000000011960000] byte_map_base: 0x0000000011150000

Marking Bits: (ParMarkBitMap*) 0x000000006bcdb460
 Begin Bits: [0x0000000011ec0000, 0x0000000012ec0000)
 End Bits:   [0x0000000012ec0000, 0x0000000013ec0000)

Polling page: 0x0000000001fe0000

CodeCache: size=245760Kb used=6890Kb max_used=6890Kb free=238869Kb
 bounds [0x0000000002390000, 0x0000000002a60000, 0x0000000011390000]
 total_blobs=1959 nmethods=1695 adapters=178
 compilation: enabled

Compilation events (10 events):
Event: 4.243 Thread 0x0000000014ab1000 nmethod 1642 0x00000000029f4f90 code [0x00000000029f5120, 0x00000000029f5478]
Event: 4.284 Thread 0x0000000014ab1000 1644       2       java.util.EnumSet::noneOf (63 bytes)
Event: 4.285 Thread 0x0000000014ab1000 nmethod 1644 0x00000000029f5750 code [0x00000000029f5920, 0x00000000029f5ec8]
Event: 4.285 Thread 0x0000000014ab1000 1645       2       com.android.dx.ssa.Optimizer::optimize (67 bytes)
Event: 4.286 Thread 0x0000000014ab1000 nmethod 1645 0x00000000029f6e10 code [0x00000000029f6fc0, 0x00000000029f73b8]
Event: 4.286 Thread 0x0000000014ab1000 1646       2       com.android.dx.ssa.back.SsaToRop::convertToRopMethod (13 bytes)
Event: 4.286 Thread 0x0000000014ab1000 nmethod 1646 0x00000000029f76d0 code [0x00000000029f7840, 0x00000000029f7a58]
Event: 4.286 Thread 0x0000000014ab1000 1647       2       com.android.dx.dex.code.RopTranslator::translate (21 bytes)
Event: 4.286 Thread 0x0000000014ab1000 nmethod 1647 0x00000000029f7b50 code [0x00000000029f7cc0, 0x00000000029f7eb8]
Event: 4.286 Thread 0x0000000014ab1000 1648       2       com.android.dx.dex.code.RopTranslator::<init> (190 bytes)

GC Heap History (8 events):
Event: 2.488 GC heap before
{Heap before GC invocations=1 (full 0):
 PSYoungGen      total 38400K, used 33280K [0x00000000eab00000, 0x00000000ed580000, 0x0000000100000000)
  eden space 33280K, 100% used [0x00000000eab00000,0x00000000ecb80000,0x00000000ecb80000)
  from space 5120K, 0% used [0x00000000ed080000,0x00000000ed080000,0x00000000ed580000)
  to   space 5120K, 0% used [0x00000000ecb80000,0x00000000ecb80000,0x00000000ed080000)
 ParOldGen       total 87552K, used 0K [0x00000000c0000000, 0x00000000c5580000, 0x00000000eab00000)
  object space 87552K, 0% used [0x00000000c0000000,0x00000000c0000000,0x00000000c5580000)
 Metaspace       used 5778K, capacity 6832K, committed 7040K, reserved 1056768K
  class space    used 578K, capacity 616K, committed 640K, reserved 1048576K
Event: 2.500 GC heap after
Heap after GC invocations=1 (full 0):
 PSYoungGen      total 38400K, used 5100K [0x00000000eab00000, 0x00000000ed580000, 0x0000000100000000)
  eden space 33280K, 0% used [0x00000000eab00000,0x00000000eab00000,0x00000000ecb80000)
  from space 5120K, 99% used [0x00000000ecb80000,0x00000000ed07b1b8,0x00000000ed080000)
  to   space 5120K, 0% used [0x00000000ed080000,0x00000000ed080000,0x00000000ed580000)
 ParOldGen       total 87552K, used 2117K [0x00000000c0000000, 0x00000000c5580000, 0x00000000eab00000)
  object space 87552K, 2% used [0x00000000c0000000,0x00000000c02115f0,0x00000000c5580000)
 Metaspace       used 5778K, capacity 6832K, committed 7040K, reserved 1056768K
  class space    used 578K, capacity 616K, committed 640K, reserved 1048576K
}
Event: 2.939 GC heap before
{Heap before GC invocations=2 (full 0):
 PSYoungGen      total 38400K, used 38380K [0x00000000eab00000, 0x00000000ed580000, 0x0000000100000000)
  eden space 33280K, 100% used [0x00000000eab00000,0x00000000ecb80000,0x00000000ecb80000)
  from space 5120K, 99% used [0x00000000ecb80000,0x00000000ed07b1b8,0x00000000ed080000)
  to   space 5120K, 0% used [0x00000000ed080000,0x00000000ed080000,0x00000000ed580000)
 ParOldGen       total 87552K, used 2117K [0x00000000c0000000, 0x00000000c5580000, 0x00000000eab00000)
  object space 87552K, 2% used [0x00000000c0000000,0x00000000c02115f0,0x00000000c5580000)
 Metaspace       used 5936K, capacity 6960K, committed 7040K, reserved 1056768K
  class space    used 584K, capacity 616K, committed 640K, reserved 1048576K
Event: 2.971 GC heap after
Heap after GC invocations=2 (full 0):
 PSYoungGen      total 38400K, used 5113K [0x00000000eab00000, 0x00000000ef600000, 0x0000000100000000)
  eden space 33280K, 0% used [0x00000000eab00000,0x00000000eab00000,0x00000000ecb80000)
  from space 5120K, 99% used [0x00000000ed080000,0x00000000ed57e700,0x00000000ed580000)
  to   space 5120K, 0% used [0x00000000ecb80000,0x00000000ecb80000,0x00000000ed080000)
 ParOldGen       total 87552K, used 9254K [0x00000000c0000000, 0x00000000c5580000, 0x00000000eab00000)
  object space 87552K, 10% used [0x00000000c0000000,0x00000000c0909b18,0x00000000c5580000)
 Metaspace       used 5936K, capacity 6960K, committed 7040K, reserved 1056768K
  class space    used 584K, capacity 616K, committed 640K, reserved 1048576K
}
Event: 3.248 GC heap before
{Heap before GC invocations=3 (full 0):
 PSYoungGen      total 38400K, used 38393K [0x00000000eab00000, 0x00000000ef600000, 0x0000000100000000)
  eden space 33280K, 100% used [0x00000000eab00000,0x00000000ecb80000,0x00000000ecb80000)
  from space 5120K, 99% used [0x00000000ed080000,0x00000000ed57e700,0x00000000ed580000)
  to   space 5120K, 0% used [0x00000000ecb80000,0x00000000ecb80000,0x00000000ed080000)
 ParOldGen       total 87552K, used 9254K [0x00000000c0000000, 0x00000000c5580000, 0x00000000eab00000)
  object space 87552K, 10% used [0x00000000c0000000,0x00000000c0909b18,0x00000000c5580000)
 Metaspace       used 6021K, capacity 7024K, committed 7296K, reserved 1056768K
  class space    used 587K, capacity 616K, committed 640K, reserved 1048576K
Event: 3.295 GC heap after
Heap after GC invocations=3 (full 0):
 PSYoungGen      total 38400K, used 5101K [0x00000000eab00000, 0x00000000ef600000, 0x0000000100000000)
  eden space 33280K, 0% used [0x00000000eab00000,0x00000000eab00000,0x00000000ecb80000)
  from space 5120K, 99% used [0x00000000ecb80000,0x00000000ed07b5a0,0x00000000ed080000)
  to   space 5120K, 0% used [0x00000000ef100000,0x00000000ef100000,0x00000000ef600000)
 ParOldGen       total 87552K, used 19107K [0x00000000c0000000, 0x00000000c5580000, 0x00000000eab00000)
  object space 87552K, 21% used [0x00000000c0000000,0x00000000c12a8ce8,0x00000000c5580000)
 Metaspace       used 6021K, capacity 7024K, committed 7296K, reserved 1056768K
  class space    used 587K, capacity 616K, committed 640K, reserved 1048576K
}
Event: 3.691 GC heap before
{Heap before GC invocations=4 (full 0):
 PSYoungGen      total 38400K, used 38381K [0x00000000eab00000, 0x00000000ef600000, 0x0000000100000000)
  eden space 33280K, 100% used [0x00000000eab00000,0x00000000ecb80000,0x00000000ecb80000)
  from space 5120K, 99% used [0x00000000ecb80000,0x00000000ed07b5a0,0x00000000ed080000)
  to   space 5120K, 0% used [0x00000000ef100000,0x00000000ef100000,0x00000000ef600000)
 ParOldGen       total 87552K, used 19107K [0x00000000c0000000, 0x00000000c5580000, 0x00000000eab00000)
  object space 87552K, 21% used [0x00000000c0000000,0x00000000c12a8ce8,0x00000000c5580000)
 Metaspace       used 6026K, capacity 7024K, committed 7296K, reserved 1056768K
  class space    used 587K, capacity 616K, committed 640K, reserved 1048576K
Event: 3.881 GC heap after
Heap after GC invocations=4 (full 0):
 PSYoungGen      total 71680K, used 5111K [0x00000000eab00000, 0x00000000ef600000, 0x0000000100000000)
  eden space 66560K, 0% used [0x00000000eab00000,0x00000000eab00000,0x00000000eec00000)
  from space 5120K, 99% used [0x00000000ef100000,0x00000000ef5fdfb0,0x00000000ef600000)
  to   space 5120K, 0% used [0x00000000eec00000,0x00000000eec00000,0x00000000ef100000)
 ParOldGen       total 87552K, used 30303K [0x00000000c0000000, 0x00000000c5580000, 0x00000000eab00000)
  object space 87552K, 34% used [0x00000000c0000000,0x00000000c1d97dc0,0x00000000c5580000)
 Metaspace       used 6026K, capacity 7024K, committed 7296K, reserved 1056768K
  class space    used 587K, capacity 616K, committed 640K, reserved 1048576K
}

Deoptimization events (10 events):
Event: 2.887 Thread 0x0000000016609000 Uncommon trap: reason=class_check action=maybe_recompile pc=0x0000000002705860 method=com.android.dx.rop.type.Type.equals(Ljava/lang/Object;)Z @ 8
Event: 2.888 Thread 0x0000000016609000 Uncommon trap: reason=class_check action=maybe_recompile pc=0x0000000002705860 method=com.android.dx.rop.type.Type.equals(Ljava/lang/Object;)Z @ 8
Event: 2.888 Thread 0x0000000016609000 Uncommon trap: reason=class_check action=maybe_recompile pc=0x0000000002705860 method=com.android.dx.rop.type.Type.equals(Ljava/lang/Object;)Z @ 8
Event: 3.019 Thread 0x0000000016718000 Uncommon trap: reason=bimorphic action=maybe_recompile pc=0x000000000292cbb4 method=com.android.dx.cf.code.BaseMachine.getLocalTarget(Z)Lcom/android/dx/rop/code/RegisterSpec; @ 70
Event: 3.019 Thread 0x0000000016718000 Uncommon trap: reason=null_check action=make_not_entrant pc=0x00000000028fdfa0 method=com.android.dx.rop.type.Type.equals(Ljava/lang/Object;)Z @ 8
Event: 3.030 Thread 0x0000000016718000 Uncommon trap: reason=unreached action=reinterpret pc=0x000000000284439c method=com.android.dx.util.LabeledList.set(ILcom/android/dx/util/LabeledItem;)V @ 16
Event: 3.030 Thread 0x0000000016718000 Uncommon trap: reason=unreached action=reinterpret pc=0x0000000002745834 method=com.android.dx.util.LabeledList.set(ILcom/android/dx/util/LabeledItem;)V @ 16
Event: 3.216 Thread 0x0000000016718000 Uncommon trap: reason=bimorphic action=maybe_recompile pc=0x000000000292cbb4 method=com.android.dx.cf.code.BaseMachine.getLocalTarget(Z)Lcom/android/dx/rop/code/RegisterSpec; @ 70
Event: 3.402 Thread 0x0000000016609000 Uncommon trap: reason=null_check action=make_not_entrant pc=0x0000000002935788 method=com.android.dx.ssa.SsaRenamer.getLocalForNewReg(I)Lcom/android/dx/rop/code/LocalItem; @ 19
Event: 3.402 Thread 0x0000000016609000 Uncommon trap: reason=null_check action=make_not_entrant pc=0x00000000029530e8 method=com.android.dx.ssa.SsaRenamer.getLocalForNewReg(I)Lcom/android/dx/rop/code/LocalItem; @ 19

Internal exceptions (10 events):
Event: 2.732 Thread 0x000000000228d800 Exception <a 'java/security/PrivilegedActionException'> (0x00000000ebd15288) thrown at [D:\re\workspace\8-2-build-windows-amd64-cygwin\jdk8u20\1074\hotspot\src\share\vm\prims\jvm.cpp, line 1275]
Event: 2.738 Thread 0x000000000228d800 Exception <a 'java/security/PrivilegedActionException'> (0x00000000ebd275e8) thrown at [D:\re\workspace\8-2-build-windows-amd64-cygwin\jdk8u20\1074\hotspot\src\share\vm\prims\jvm.cpp, line 1275]
Event: 2.823 Thread 0x0000000016715000 Exception <a 'java/security/PrivilegedActionException'> (0x00000000ebb6b8e0) thrown at [D:\re\workspace\8-2-build-windows-amd64-cygwin\jdk8u20\1074\hotspot\src\share\vm\prims\jvm.cpp, line 1275]
Event: 3.018 Thread 0x0000000016718000 Exception <a 'java/security/PrivilegedActionException'> (0x00000000eba83198) thrown at [D:\re\workspace\8-2-build-windows-amd64-cygwin\jdk8u20\1074\hotspot\src\share\vm\prims\jvm.cpp, line 1275]
Event: 3.019 Thread 0x0000000016718000 Implicit null exception at 0x00000000028fdea2 to 0x00000000028fdf92
Event: 3.065 Thread 0x000000000228d800 Exception <a 'java/security/PrivilegedActionException'> (0x00000000ec3c9498) thrown at [D:\re\workspace\8-2-build-windows-amd64-cygwin\jdk8u20\1074\hotspot\src\share\vm\prims\jvm.cpp, line 1275]
Event: 3.068 Thread 0x000000000228d800 Exception <a 'java/security/PrivilegedActionException'> (0x00000000ec3d37c0) thrown at [D:\re\workspace\8-2-build-windows-amd64-cygwin\jdk8u20\1074\hotspot\src\share\vm\prims\jvm.cpp, line 1275]
Event: 3.069 Thread 0x000000000228d800 Exception <a 'java/security/PrivilegedActionException'> (0x00000000ec3d5ef8) thrown at [D:\re\workspace\8-2-build-windows-amd64-cygwin\jdk8u20\1074\hotspot\src\share\vm\prims\jvm.cpp, line 1275]
Event: 3.402 Thread 0x0000000016609000 Implicit null exception at 0x00000000029332f8 to 0x0000000002935761
Event: 3.402 Thread 0x0000000016609000 Implicit null exception at 0x0000000002951d74 to 0x00000000029530b1

Events (10 events):
Event: 3.402 Thread 0x0000000016609000 DEOPT PACKING pc=0x00000000029530e8 sp=0x00000000169cea50
Event: 3.402 Thread 0x0000000016609000 DEOPT UNPACKING pc=0x00000000023d556a sp=0x00000000169ce8c8 mode 2
Event: 3.513 Thread 0x0000000016718000 DEOPT PACKING pc=0x0000000002929245 sp=0x0000000016cce880
Event: 3.513 Thread 0x0000000016718000 DEOPT UNPACKING pc=0x00000000023d75bf sp=0x0000000016cce648 mode 0
Event: 3.635 Executing VM operation: ParallelGCFailedAllocation
Event: 3.881 Executing VM operation: ParallelGCFailedAllocation done
Event: 3.907 Thread 0x0000000016719000 DEOPT PACKING pc=0x0000000002940961 sp=0x0000000016dce720
Event: 3.907 Thread 0x0000000016719000 DEOPT UNPACKING pc=0x00000000023d75bf sp=0x0000000016dce470 mode 0
Event: 4.264 Executing VM operation: EnableBiasedLocking
Event: 4.283 Executing VM operation: EnableBiasedLocking done


Dynamic libraries:
0x00007ff70ba90000 - 0x00007ff70bac4000 	C:\Program Files\Java\jdk1.8.0_20\bin\java.exe
0x00007ffdc0880000 - 0x00007ffdc0a51000 	C:\WINDOWS\SYSTEM32\ntdll.dll
0x00007ffdc00b0000 - 0x00007ffdc015b000 	C:\WINDOWS\System32\KERNEL32.DLL
0x00007ffdbdbf0000 - 0x00007ffdbde0d000 	C:\WINDOWS\System32\KERNELBASE.dll
0x00007ffdc0000000 - 0x00007ffdc00a2000 	C:\WINDOWS\System32\ADVAPI32.dll
0x00007ffdbe610000 - 0x00007ffdbe6ae000 	C:\WINDOWS\System32\msvcrt.dll
0x00007ffdbe3f0000 - 0x00007ffdbe449000 	C:\WINDOWS\System32\sechost.dll
0x00007ffdbe8b0000 - 0x00007ffdbe9d1000 	C:\WINDOWS\System32\RPCRT4.dll
0x00007ffdbe240000 - 0x00007ffdbe3a5000 	C:\WINDOWS\System32\USER32.dll
0x00007ffdbd7e0000 - 0x00007ffdbd7fe000 	C:\WINDOWS\System32\win32u.dll
0x00007ffdbe3b0000 - 0x00007ffdbe3e4000 	C:\WINDOWS\System32\GDI32.dll
0x00007ffdbd800000 - 0x00007ffdbd982000 	C:\WINDOWS\System32\gdi32full.dll
0x00007ffdb34b0000 - 0x00007ffdb3729000 	C:\WINDOWS\WinSxS\amd64_microsoft.windows.common-controls_6595b64144ccf1df_6.0.14393.0_none_2d0f50fcbdb171b8\COMCTL32.dll
0x00007ffdc01d0000 - 0x00007ffdc0497000 	C:\WINDOWS\System32\combase.dll
0x00007ffdbda40000 - 0x00007ffdbdb35000 	C:\WINDOWS\System32\ucrtbase.dll
0x00007ffdbcd70000 - 0x00007ffdbcdda000 	C:\WINDOWS\System32\bcryptPrimitives.dll
0x00007ffdbe880000 - 0x00007ffdbe8ae000 	C:\WINDOWS\System32\IMM32.DLL
0x000000006c540000 - 0x000000006c612000 	C:\Program Files\Java\jdk1.8.0_20\jre\bin\msvcr100.dll
0x000000006b500000 - 0x000000006bd58000 	C:\Program Files\Java\jdk1.8.0_20\jre\bin\server\jvm.dll
0x00007ffdbe6b0000 - 0x00007ffdbe6b8000 	C:\WINDOWS\System32\PSAPI.DLL
0x00007ffdbab20000 - 0x00007ffdbab29000 	C:\WINDOWS\SYSTEM32\WSOCK32.dll
0x00007ffdc0160000 - 0x00007ffdc01ca000 	C:\WINDOWS\System32\WS2_32.dll
0x00007ffdbabe0000 - 0x00007ffdbac03000 	C:\WINDOWS\SYSTEM32\WINMM.dll
0x00007ffdba9a0000 - 0x00007ffdba9cb000 	C:\WINDOWS\SYSTEM32\WINMMBASE.dll
0x00007ffdbdba0000 - 0x00007ffdbdbe2000 	C:\WINDOWS\System32\cfgmgr32.dll
0x000000006c530000 - 0x000000006c53f000 	C:\Program Files\Java\jdk1.8.0_20\jre\bin\verify.dll
0x000000006c500000 - 0x000000006c528000 	C:\Program Files\Java\jdk1.8.0_20\jre\bin\java.dll
0x000000006c4e0000 - 0x000000006c4f6000 	C:\Program Files\Java\jdk1.8.0_20\jre\bin\zip.dll
0x00007ffdbe9e0000 - 0x00007ffdbfee8000 	C:\WINDOWS\System32\SHELL32.dll
0x00007ffdbcde0000 - 0x00007ffdbd4ba000 	C:\WINDOWS\System32\windows.storage.dll
0x00007ffdbcce0000 - 0x00007ffdbcd2c000 	C:\WINDOWS\System32\powrprof.dll
0x00007ffdc0660000 - 0x00007ffdc06b2000 	C:\WINDOWS\System32\shlwapi.dll
0x00007ffdbcd30000 - 0x00007ffdbcd3f000 	C:\WINDOWS\System32\kernel.appcore.dll
0x00007ffdbd4c0000 - 0x00007ffdbd569000 	C:\WINDOWS\System32\shcore.dll
0x00007ffdbcd40000 - 0x00007ffdbcd54000 	C:\WINDOWS\System32\profapi.dll
0x00007ffdaeef0000 - 0x00007ffdaf082000 	C:\WINDOWS\SYSTEM32\dbghelp.dll

VM Arguments:
jvm_args: -Djava.awt.headless=true -Xmx1024M -Dfile.encoding=windows-1252 -Duser.country=US -Duser.language=en -Duser.variant 
java_command: com.android.dx.command.Main --dex --force-jumbo --num-threads=4 --output C:\Users\Jadon\WorkSpace3Y\SoftwareDesign\FindMeTutor\FindMeTutor\app\build\intermediates\pre-dexed\debug\main_1888b2d80452feda9d713e4985726d5908dc7d9a.jar C:\Users\Jadon\WorkSpace3Y\SoftwareDesign\FindMeTutor\FindMeTutor\app\build\intermediates\transforms\instantRun\debug\folders\1\5\main
java_class_path (initial): C:\Users\Jadon\AppData\Local\Android\sdk\build-tools\24.0.1\lib\dx.jar
Launcher Type: SUN_STANDARD

Environment Variables:
PATH=C:\ProgramData\Oracle\Java\javapath;C:\Program Files (x86)\AMD APP\bin\x86_64;C:\Program Files (x86)\AMD APP\bin\x86;C:\Program Files (x86)\Intel\iCLS Client\;C:\Program Files\Intel\iCLS Client\;C:\WINDOWS\system32;C:\WINDOWS;C:\WINDOWS\System32\Wbem;C:\WINDOWS\System32\WindowsPowerShell\v1.0\;C:\Program Files\Intel\WiFi\bin\;C:\Program Files\Common Files\Intel\WirelessCommon\;C:\Program Files\Intel\Intel(R) Management Engine Components\DAL;C:\Program Files\Intel\Intel(R) Management Engine Components\IPT;C:\Program Files (x86)\Intel\Intel(R) Management Engine Components\DAL;C:\Program Files (x86)\Intel\Intel(R) Management Engine Components\IPT;C:\Program Files (x86)\ATI Technologies\ATI.ACE\Core-Static;C:\Program Files (x86)\Intel\OpenCL SDK\2.0\bin\x86;C:\Program Files (x86)\Intel\OpenCL SDK\2.0\bin\x64;C:\Program Files (x86)\QuickTime\QTSystem\;C:\Program Files\MATLAB\R2013b\runtime\win64;C:\Program Files\MATLAB\R2013b\bin;C:\WINDOWS\system32\config\systemprofile\.dnx\bin;C:\Program Files\Microsoft DNX\Dnvm\;C:\Program Files\Microsoft SQL Server\130\Tools\Binn\;C:\Program Files (x86)\Windows Kits\8.1\Windows Performance Toolkit\;C:\Program Files\MiKTeX 2.9\miktex\bin\x64\;C:\Program Files (x86)\MiKTeX 2.9\miktex\bin\;C:\Program Files (x86)\Graphviz2.38\bin;C:\Program Files\doxygen\bin;C:\Program Files\Git\cmd;C:\Program Files (x86)\OpenVPN\bin;C:\Users\Jadon\AppData\Local\Programs\Python\Python35\Scripts\;C:\Users\Jadon\AppData\Local\Programs\Python\Python35\;C:\Program Files\Intel\WiFi\bin\;C:\Program Files\Common Files\Intel\WirelessCommon\;%USERPROFILE%\AppData\Local\Microsoft\WindowsApps;
USERNAME=Jadon
OS=Windows_NT
PROCESSOR_IDENTIFIER=Intel64 Family 6 Model 58 Stepping 9, GenuineIntel



---------------  S Y S T E M  ---------------

OS: Windows 8.1 , 64 bit Build 9600 

CPU:total 4 (2 cores per cpu, 2 threads per core) family 6 model 58 stepping 9, cmov, cx8, fxsr, mmx, sse, sse2, sse3, ssse3, sse4.1, sse4.2, popcnt, avx, aes, clmul, erms, ht, tsc, tscinvbit, tscinv

Memory: 4k page, physical 8267032k(1392444k free), swap 10217752k(67832k free)

vm_info: Java HotSpot(TM) 64-Bit Server VM (25.20-b23) for windows-amd64 JRE (1.8.0_20-b26), built on Jul 30 2014 13:51:23 by "java_re" with MS VC++ 10.0 (VS2010)

time: Sun Sep 25 19:04:04 2016
elapsed time: 5 seconds (0d 0h 0m 5s)

