#
# There is insufficient memory for the Java Runtime Environment to continue.
# Native memory allocation (malloc) failed to allocate 132496 bytes for Chunk::new
# Possible reasons:
#   The system is out of physical RAM or swap space
#   In 32 bit mode, the process size limit was hit
# Possible solutions:
#   Reduce memory load on the system
#   Increase physical memory or swap space
#   Check if swap backing store is full
#   Use 64 bit Java on a 64 bit OS
#   Decrease Java heap size (-Xmx/-Xms)
#   Decrease number of Java threads
#   Decrease Java thread stack sizes (-Xss)
#   Set larger code cache with -XX:ReservedCodeCacheSize=
# This output file may be truncated or incomplete.
#
#  Out of Memory Error (allocation.cpp:390), pid=12076, tid=6256
#
# JRE version: Java(TM) SE Runtime Environment (8.0_20-b26) (build 1.8.0_20-b26)
# Java VM: Java HotSpot(TM) 64-Bit Server VM (25.20-b23 mixed mode windows-amd64 compressed oops)
# Failed to write core dump. Minidumps are not enabled by default on client versions of Windows
#

---------------  T H R E A D  ---------------

Current thread (0x0000000014c6c000):  JavaThread "C2 CompilerThread0" daemon [_thread_in_native, id=6256, stack(0x00000000161e0000,0x00000000162e0000)]

Stack: [0x00000000161e0000,0x00000000162e0000]
Native frames: (J=compiled Java code, j=interpreted, Vv=VM code, C=native code)
V  [jvm.dll+0x3152fa]


Current CompileTask:
C2:   7009 1581       4       com.android.dx.ssa.back.SsaToRop$1::visitBlock (97 bytes)


---------------  P R O C E S S  ---------------

Java Threads: ( => current thread )
  0x0000000016a51800 JavaThread "pool-1-thread-4" [_thread_blocked, id=12000, stack(0x00000000176e0000,0x00000000177e0000)]
  0x0000000016a51000 JavaThread "pool-1-thread-3" [_thread_blocked, id=12004, stack(0x00000000175e0000,0x00000000176e0000)]
  0x0000000016a4f800 JavaThread "pool-1-thread-2" [_thread_blocked, id=7420, stack(0x00000000174e0000,0x00000000175e0000)]
  0x0000000016947800 JavaThread "pool-2-thread-1" [_thread_blocked, id=10512, stack(0x00000000173e0000,0x00000000174e0000)]
  0x0000000016947000 JavaThread "pool-1-thread-1" [_thread_blocked, id=6732, stack(0x00000000172e0000,0x00000000173e0000)]
  0x0000000014cc4800 JavaThread "Service Thread" daemon [_thread_blocked, id=4560, stack(0x00000000164e0000,0x00000000165e0000)]
  0x0000000014cc1000 JavaThread "C1 CompilerThread2" daemon [_thread_blocked, id=9012, stack(0x00000000163e0000,0x00000000164e0000)]
  0x0000000014c70000 JavaThread "C2 CompilerThread1" daemon [_thread_in_native, id=9416, stack(0x00000000162e0000,0x00000000163e0000)]
=>0x0000000014c6c000 JavaThread "C2 CompilerThread0" daemon [_thread_in_native, id=6256, stack(0x00000000161e0000,0x00000000162e0000)]
  0x0000000014c6b000 JavaThread "Attach Listener" daemon [_thread_blocked, id=4832, stack(0x00000000160e0000,0x00000000161e0000)]
  0x0000000014c69800 JavaThread "Signal Dispatcher" daemon [_thread_blocked, id=12364, stack(0x0000000015fe0000,0x00000000160e0000)]
  0x000000000258f000 JavaThread "Finalizer" daemon [_thread_blocked, id=4376, stack(0x0000000015ee0000,0x0000000015fe0000)]
  0x0000000014c38000 JavaThread "Reference Handler" daemon [_thread_blocked, id=11348, stack(0x0000000015de0000,0x0000000015ee0000)]
  0x000000000249d800 JavaThread "main" [_thread_blocked, id=10616, stack(0x0000000002390000,0x0000000002490000)]

Other Threads:
  0x0000000014c36000 VMThread [stack: 0x0000000015ce0000,0x0000000015de0000] [id=8828]
  0x0000000014cc7800 WatcherThread [stack: 0x00000000165e0000,0x00000000166e0000] [id=12320]

VM state:at safepoint (normal execution)

VM Mutex/Monitor currently owned by a thread:  ([mutex/lock_event])
[0x000000000249cae0] Threads_lock - owner thread: 0x0000000014c36000
[0x000000000249d460] Heap_lock - owner thread: 0x0000000016a51800

Heap:
 PSYoungGen      total 38400K, used 38390K [0x00000000eab00000, 0x00000000ef600000, 0x0000000100000000)
  eden space 33280K, 100% used [0x00000000eab00000,0x00000000ecb80000,0x00000000ecb80000)
  from space 5120K, 99% used [0x00000000ecb80000,0x00000000ed07d9d0,0x00000000ed080000)
  to   space 5120K, 42% used [0x00000000ef100000,0x00000000ef31d848,0x00000000ef600000)
 ParOldGen       total 87552K, used 637K [0x00000000c0000000, 0x00000000c5580000, 0x00000000eab00000)
  object space 87552K, 0% used [0x00000000c0000000,0x00000000c009f468,0x00000000c5580000)
 Metaspace       used 6158K, capacity 7088K, committed 7296K, reserved 1056768K
  class space    used 592K, capacity 616K, committed 640K, reserved 1048576K

Card table byte_map: [0x0000000011960000,0x0000000011b70000] byte_map_base: 0x0000000011360000

Marking Bits: (ParMarkBitMap*) 0x0000000069c2b460
 Begin Bits: [0x00000000120d0000, 0x00000000130d0000)
 End Bits:   [0x00000000130d0000, 0x00000000140d0000)

Polling page: 0x0000000000ce0000

CodeCache: size=245760Kb used=7170Kb max_used=7170Kb free=238590Kb
 bounds [0x00000000025a0000, 0x0000000002cb0000, 0x00000000115a0000]
 total_blobs=1891 nmethods=1627 adapters=178
 compilation: enabled

Compilation events (10 events):
Event: 6.710 Thread 0x0000000014cc1000 1587       3       java.util.EnumSet::noneOf (63 bytes)
Event: 6.711 Thread 0x0000000014cc1000 nmethod 1587 0x0000000002c21690 code [0x0000000002c21900, 0x0000000002c22908]
Event: 6.711 Thread 0x0000000014cc1000 1588   !   3       java.lang.Class::getEnumConstantsShared (73 bytes)
Event: 6.712 Thread 0x0000000014cc1000 nmethod 1588 0x0000000002c20710 code [0x0000000002c20900, 0x0000000002c21328]
Event: 6.712 Thread 0x0000000014cc1000 1589       3       com.android.dx.ssa.Optimizer::optimize (67 bytes)
Event: 6.713 Thread 0x0000000014cc1000 nmethod 1589 0x0000000002c707d0 code [0x0000000002c709e0, 0x0000000002c712f8]
Event: 6.729 Thread 0x0000000014c70000 nmethod 1576 0x0000000002c75f10 code [0x0000000002c761c0, 0x0000000002c77bb0]
Event: 6.729 Thread 0x0000000014c70000 1582       4       com.android.dx.rop.code.BasicBlockList::forEachInsn (39 bytes)
Event: 6.733 Thread 0x0000000014c70000 nmethod 1582 0x0000000002c52d90 code [0x0000000002c52ee0, 0x0000000002c53198]
Event: 6.733 Thread 0x0000000014c70000 1586       4       com.android.dx.ssa.SsaMethod::forEachBlockDepthFirst (194 bytes)

GC Heap History (2 events):
Event: 4.706 GC heap before
{Heap before GC invocations=1 (full 0):
 PSYoungGen      total 38400K, used 33280K [0x00000000eab00000, 0x00000000ed580000, 0x0000000100000000)
  eden space 33280K, 100% used [0x00000000eab00000,0x00000000ecb80000,0x00000000ecb80000)
  from space 5120K, 0% used [0x00000000ed080000,0x00000000ed080000,0x00000000ed580000)
  to   space 5120K, 0% used [0x00000000ecb80000,0x00000000ecb80000,0x00000000ed080000)
 ParOldGen       total 87552K, used 0K [0x00000000c0000000, 0x00000000c5580000, 0x00000000eab00000)
  object space 87552K, 0% used [0x00000000c0000000,0x00000000c0000000,0x00000000c5580000)
 Metaspace       used 5931K, capacity 6896K, committed 7040K, reserved 1056768K
  class space    used 591K, capacity 616K, committed 640K, reserved 1048576K
Event: 4.841 GC heap after
Heap after GC invocations=1 (full 0):
 PSYoungGen      total 38400K, used 5110K [0x00000000eab00000, 0x00000000ef600000, 0x0000000100000000)
  eden space 33280K, 0% used [0x00000000eab00000,0x00000000eab00000,0x00000000ecb80000)
  from space 5120K, 99% used [0x00000000ecb80000,0x00000000ed07d9d0,0x00000000ed080000)
  to   space 5120K, 0% used [0x00000000ef100000,0x00000000ef100000,0x00000000ef600000)
 ParOldGen       total 87552K, used 637K [0x00000000c0000000, 0x00000000c5580000, 0x00000000eab00000)
  object space 87552K, 0% used [0x00000000c0000000,0x00000000c009f468,0x00000000c5580000)
 Metaspace       used 5931K, capacity 6896K, committed 7040K, reserved 1056768K
  class space    used 591K, capacity 616K, committed 640K, reserved 1048576K
}

Deoptimization events (10 events):
Event: 5.294 Thread 0x0000000016947000 Uncommon trap: reason=bimorphic action=maybe_recompile pc=0x0000000002a41830 method=com.android.dx.cf.code.BytecodeArray.parseInstruction(ILcom/android/dx/cf/code/BytecodeArray$Visitor;)I @ 2484
Event: 5.295 Thread 0x0000000016947000 Uncommon trap: reason=bimorphic action=maybe_recompile pc=0x0000000002a41830 method=com.android.dx.cf.code.BytecodeArray.parseInstruction(ILcom/android/dx/cf/code/BytecodeArray$Visitor;)I @ 2484
Event: 5.871 Thread 0x0000000016a4f800 Uncommon trap: reason=null_check action=make_not_entrant pc=0x0000000002b59fa0 method=com.android.dx.ssa.SsaRenamer.getLocalForNewReg(I)Lcom/android/dx/rop/code/LocalItem; @ 19
Event: 6.526 Thread 0x0000000016a51000 Uncommon trap: reason=class_check action=maybe_recompile pc=0x0000000002bfd880 method=com.android.dx.cf.code.RopperMachine.run(Lcom/android/dx/cf/code/Frame;II)V @ 988
Event: 6.530 Thread 0x0000000016a51000 Uncommon trap: reason=unreached action=reinterpret pc=0x0000000002a9a2a4 method=com.android.dx.ssa.SCCP.simulateBranch(Lcom/android/dx/ssa/SsaInsn;)V @ 132
Event: 6.600 Thread 0x000000000249d800 Uncommon trap: reason=unloaded action=reinterpret pc=0x0000000002b3472c method=com.android.dx.cf.cst.ConstantPoolParser.parse0(ILjava/util/BitSet;)Lcom/android/dx/rop/cst/Constant; @ 198
Event: 6.621 Thread 0x000000000249d800 Uncommon trap: reason=uninitialized action=reinterpret pc=0x0000000002a420e8 method=com.android.dx.cf.code.BytecodeArray.parseInstruction(ILcom/android/dx/cf/code/BytecodeArray$Visitor;)I @ 999
Event: 6.623 Thread 0x000000000249d800 Uncommon trap: reason=class_check action=maybe_recompile pc=0x0000000002bbf434 method=com.android.dx.rop.code.RegisterSpec.withSimpleType()Lcom/android/dx/rop/code/RegisterSpec; @ 21
Event: 6.624 Thread 0x000000000249d800 Uncommon trap: reason=unreached action=reinterpret pc=0x0000000002897e5c method=com.android.dx.rop.cst.Constant.compareTo(Lcom/android/dx/rop/cst/Constant;)I @ 12
Event: 6.625 Thread 0x000000000249d800 Uncommon trap: reason=class_check action=maybe_recompile pc=0x0000000002bbf434 method=com.android.dx.rop.code.RegisterSpec.withSimpleType()Lcom/android/dx/rop/code/RegisterSpec; @ 21

Internal exceptions (10 events):
Event: 3.507 Thread 0x0000000016a51000 Exception <a 'java/security/PrivilegedActionException'> (0x00000000eb71e9c8) thrown at [D:\re\workspace\8-2-build-windows-amd64-cygwin\jdk8u20\1074\hotspot\src\share\vm\prims\jvm.cpp, line 1275]
Event: 3.512 Thread 0x0000000016a51000 Exception <a 'java/security/PrivilegedActionException'> (0x00000000eb7243b8) thrown at [D:\re\workspace\8-2-build-windows-amd64-cygwin\jdk8u20\1074\hotspot\src\share\vm\prims\jvm.cpp, line 1275]
Event: 3.514 Thread 0x0000000016a51000 Exception <a 'java/security/PrivilegedActionException'> (0x00000000eb729b28) thrown at [D:\re\workspace\8-2-build-windows-amd64-cygwin\jdk8u20\1074\hotspot\src\share\vm\prims\jvm.cpp, line 1275]
Event: 3.548 Thread 0x0000000016a51800 Exception <a 'java/security/PrivilegedActionException'> (0x00000000eba23388) thrown at [D:\re\workspace\8-2-build-windows-amd64-cygwin\jdk8u20\1074\hotspot\src\share\vm\prims\jvm.cpp, line 1275]
Event: 3.665 Thread 0x0000000016a51800 Exception <a 'java/security/PrivilegedActionException'> (0x00000000eba54268) thrown at [D:\re\workspace\8-2-build-windows-amd64-cygwin\jdk8u20\1074\hotspot\src\share\vm\prims\jvm.cpp, line 1275]
Event: 3.722 Thread 0x0000000016a51000 Exception <a 'java/security/PrivilegedActionException'> (0x00000000ebcbfd50) thrown at [D:\re\workspace\8-2-build-windows-amd64-cygwin\jdk8u20\1074\hotspot\src\share\vm\prims\jvm.cpp, line 1275]
Event: 3.772 Thread 0x0000000016a51000 Exception <a 'java/security/PrivilegedActionException'> (0x00000000ebd2ba28) thrown at [D:\re\workspace\8-2-build-windows-amd64-cygwin\jdk8u20\1074\hotspot\src\share\vm\prims\jvm.cpp, line 1275]
Event: 4.031 Thread 0x000000000249d800 Exception <a 'java/security/PrivilegedActionException'> (0x00000000ec0648c0) thrown at [D:\re\workspace\8-2-build-windows-amd64-cygwin\jdk8u20\1074\hotspot\src\share\vm\prims\jvm.cpp, line 1275]
Event: 5.871 Thread 0x0000000016a4f800 Implicit null exception at 0x0000000002b57e3a to 0x0000000002b59f81
Event: 6.497 Thread 0x000000000249d800 Exception <a 'java/security/PrivilegedActionException'> (0x00000000ebf39ff0) thrown at [D:\re\workspace\8-2-build-windows-amd64-cygwin\jdk8u20\1074\hotspot\src\share\vm\prims\jvm.cpp, line 1275]

Events (10 events):
Event: 6.621 Thread 0x000000000249d800 DEOPT UNPACKING pc=0x00000000025e556a sp=0x000000000248e3f0 mode 2
Event: 6.623 Thread 0x000000000249d800 Uncommon trap: trap_request=0xffffffde fr.pc=0x0000000002bbf434
Event: 6.623 Thread 0x000000000249d800 DEOPT PACKING pc=0x0000000002bbf434 sp=0x000000000248e500
Event: 6.623 Thread 0x000000000249d800 DEOPT UNPACKING pc=0x00000000025e556a sp=0x000000000248e448 mode 2
Event: 6.624 Thread 0x000000000249d800 Uncommon trap: trap_request=0xffffffad fr.pc=0x0000000002897e5c
Event: 6.624 Thread 0x000000000249d800 DEOPT PACKING pc=0x0000000002897e5c sp=0x000000000248ded0
Event: 6.624 Thread 0x000000000249d800 DEOPT UNPACKING pc=0x00000000025e556a sp=0x000000000248de70 mode 2
Event: 6.625 Thread 0x000000000249d800 Uncommon trap: trap_request=0xffffffde fr.pc=0x0000000002bbf434
Event: 6.625 Thread 0x000000000249d800 DEOPT PACKING pc=0x0000000002bbf434 sp=0x000000000248e480
Event: 6.625 Thread 0x000000000249d800 DEOPT UNPACKING pc=0x00000000025e556a sp=0x000000000248e3c8 mode 2


Dynamic libraries:
0x00007ff641a60000 - 0x00007ff641a94000 	C:\Program Files\Java\jdk1.8.0_20\bin\java.exe
0x00007ffc3a380000 - 0x00007ffc3a541000 	C:\WINDOWS\SYSTEM32\ntdll.dll
0x00007ffc38070000 - 0x00007ffc3811d000 	C:\WINDOWS\system32\KERNEL32.DLL
0x00007ffc36de0000 - 0x00007ffc36fc8000 	C:\WINDOWS\system32\KERNELBASE.dll
0x00007ffc37c20000 - 0x00007ffc37cc7000 	C:\WINDOWS\system32\ADVAPI32.dll
0x00007ffc3a2e0000 - 0x00007ffc3a37d000 	C:\WINDOWS\system32\msvcrt.dll
0x00007ffc38120000 - 0x00007ffc3817b000 	C:\WINDOWS\system32\sechost.dll
0x00007ffc37930000 - 0x00007ffc37a4c000 	C:\WINDOWS\system32\RPCRT4.dll
0x00007ffc37da0000 - 0x00007ffc37ef6000 	C:\WINDOWS\system32\USER32.dll
0x00007ffc39e10000 - 0x00007ffc39f96000 	C:\WINDOWS\system32\GDI32.dll
0x00007ffc2caf0000 - 0x00007ffc2cd64000 	C:\WINDOWS\WinSxS\amd64_microsoft.windows.common-controls_6595b64144ccf1df_6.0.10586.494_none_a2d8b04ea53e3145\COMCTL32.dll
0x00007ffc3a050000 - 0x00007ffc3a2cd000 	C:\WINDOWS\system32\combase.dll
0x00007ffc36a30000 - 0x00007ffc36a9a000 	C:\WINDOWS\system32\bcryptPrimitives.dll
0x00007ffc39fa0000 - 0x00007ffc39fdb000 	C:\WINDOWS\system32\IMM32.DLL
0x000000006b990000 - 0x000000006ba62000 	C:\Program Files\Java\jdk1.8.0_20\jre\bin\msvcr100.dll
0x0000000069450000 - 0x0000000069ca8000 	C:\Program Files\Java\jdk1.8.0_20\jre\bin\server\jvm.dll
0x00007ffc39fe0000 - 0x00007ffc39fe8000 	C:\WINDOWS\system32\PSAPI.DLL
0x00007ffc29b70000 - 0x00007ffc29b79000 	C:\WINDOWS\SYSTEM32\WSOCK32.dll
0x00007ffc38180000 - 0x00007ffc381eb000 	C:\WINDOWS\system32\WS2_32.dll
0x00007ffc348f0000 - 0x00007ffc34913000 	C:\WINDOWS\SYSTEM32\WINMM.dll
0x00007ffc34890000 - 0x00007ffc348bc000 	C:\WINDOWS\SYSTEM32\WINMMBASE.dll
0x00007ffc37730000 - 0x00007ffc37773000 	C:\WINDOWS\system32\cfgmgr32.dll
0x000000006b960000 - 0x000000006b96f000 	C:\Program Files\Java\jdk1.8.0_20\jre\bin\verify.dll
0x000000006b860000 - 0x000000006b888000 	C:\Program Files\Java\jdk1.8.0_20\jre\bin\java.dll
0x000000006b940000 - 0x000000006b956000 	C:\Program Files\Java\jdk1.8.0_20\jre\bin\zip.dll
0x00007ffc38260000 - 0x00007ffc397bc000 	C:\WINDOWS\system32\SHELL32.dll
0x00007ffc37030000 - 0x00007ffc37675000 	C:\WINDOWS\system32\windows.storage.dll
0x00007ffc39ff0000 - 0x00007ffc3a042000 	C:\WINDOWS\system32\shlwapi.dll
0x00007ffc369c0000 - 0x00007ffc369cf000 	C:\WINDOWS\system32\kernel.appcore.dll
0x00007ffc36c70000 - 0x00007ffc36d25000 	C:\WINDOWS\system32\shcore.dll
0x00007ffc369e0000 - 0x00007ffc36a2b000 	C:\WINDOWS\system32\powrprof.dll
0x00007ffc369a0000 - 0x00007ffc369b4000 	C:\WINDOWS\system32\profapi.dll

VM Arguments:
jvm_args: -Djava.awt.headless=true -Xmx1024M -Dfile.encoding=windows-1252 -Duser.country=US -Duser.language=en -Duser.variant 
java_command: com.android.dx.command.Main --dex --num-threads=4 --output C:\Users\Jadon\WorkSpace3Y\SoftwareDesign\FindMeTutor\FindMeTutor\app\build\intermediates\pre-dexed\debug\com.android.support-appcompat-v7-24.1.1_fac39c4603225c7e109707314124948bebb26c0a.jar C:\Users\Jadon\WorkSpace3Y\SoftwareDesign\FindMeTutor\FindMeTutor\app\build\intermediates\exploded-aar\com.android.support\appcompat-v7\24.1.1\jars\classes.jar
java_class_path (initial): C:\Users\Jadon\AppData\Local\Android\sdk\build-tools\24.0.1\lib\dx.jar
Launcher Type: SUN_STANDARD

Environment Variables:
PATH=C:\ProgramData\Oracle\Java\javapath;C:\Program Files (x86)\AMD APP\bin\x86_64;C:\Program Files (x86)\AMD APP\bin\x86;C:\Program Files (x86)\Intel\iCLS Client\;C:\Program Files\Intel\iCLS Client\;C:\WINDOWS\system32;C:\WINDOWS;C:\WINDOWS\System32\Wbem;C:\WINDOWS\System32\WindowsPowerShell\v1.0\;C:\Program Files\Intel\WiFi\bin\;C:\Program Files\Common Files\Intel\WirelessCommon\;C:\Program Files\Intel\Intel(R) Management Engine Components\DAL;C:\Program Files\Intel\Intel(R) Management Engine Components\IPT;C:\Program Files (x86)\Intel\Intel(R) Management Engine Components\DAL;C:\Program Files (x86)\Intel\Intel(R) Management Engine Components\IPT;C:\Program Files (x86)\ATI Technologies\ATI.ACE\Core-Static;C:\Program Files (x86)\Intel\OpenCL SDK\2.0\bin\x86;C:\Program Files (x86)\Intel\OpenCL SDK\2.0\bin\x64;C:\Program Files (x86)\QuickTime\QTSystem\;C:\Program Files\MATLAB\R2013b\runtime\win64;C:\Program Files\MATLAB\R2013b\bin;C:\WINDOWS\system32\config\systemprofile\.dnx\bin;C:\Program Files\Microsoft DNX\Dnvm\;C:\Program Files\Microsoft SQL Server\130\Tools\Binn\;C:\Program Files (x86)\Windows Kits\8.1\Windows Performance Toolkit\;C:\Program Files\MiKTeX 2.9\miktex\bin\x64\;C:\Program Files (x86)\MiKTeX 2.9\miktex\bin\;C:\Program Files (x86)\Graphviz2.38\bin;C:\Program Files\doxygen\bin;C:\Program Files\Git\cmd;C:\Program Files (x86)\OpenVPN\bin;C:\Users\Jadon\AppData\Local\Programs\Python\Python35\Scripts\;C:\Users\Jadon\AppData\Local\Programs\Python\Python35\;C:\Program Files\Intel\WiFi\bin\;C:\Program Files\Common Files\Intel\WirelessCommon\
USERNAME=Jadon
OS=Windows_NT
PROCESSOR_IDENTIFIER=Intel64 Family 6 Model 58 Stepping 9, GenuineIntel



---------------  S Y S T E M  ---------------

OS: Windows 8.1 , 64 bit Build 9600 

CPU:total 4 (2 cores per cpu, 2 threads per core) family 6 model 58 stepping 9, cmov, cx8, fxsr, mmx, sse, sse2, sse3, ssse3, sse4.1, sse4.2, popcnt, avx, aes, clmul, erms, ht, tsc, tscinvbit, tscinv

Memory: 4k page, physical 8267032k(1204028k free), swap 10217752k(48108k free)

vm_info: Java HotSpot(TM) 64-Bit Server VM (25.20-b23) for windows-amd64 JRE (1.8.0_20-b26), built on Jul 30 2014 13:51:23 by "java_re" with MS VC++ 10.0 (VS2010)

time: Tue Sep 06 21:32:17 2016
elapsed time: 7 seconds (0d 0h 0m 7s)

