#
# There is insufficient memory for the Java Runtime Environment to continue.
# Native memory allocation (malloc) failed to allocate 363664 bytes for Chunk::new
# Possible reasons:
#   The system is out of physical RAM or swap space
#   In 32 bit mode, the process size limit was hit
# Possible solutions:
#   Reduce memory load on the system
#   Increase physical memory or swap space
#   Check if swap backing store is full
#   Use 64 bit Java on a 64 bit OS
#   Decrease Java heap size (-Xmx/-Xms)
#   Decrease number of Java threads
#   Decrease Java thread stack sizes (-Xss)
#   Set larger code cache with -XX:ReservedCodeCacheSize=
# This output file may be truncated or incomplete.
#
#  Out of Memory Error (allocation.cpp:390), pid=6220, tid=2176
#
# JRE version: Java(TM) SE Runtime Environment (8.0_20-b26) (build 1.8.0_20-b26)
# Java VM: Java HotSpot(TM) 64-Bit Server VM (25.20-b23 mixed mode windows-amd64 compressed oops)
# Failed to write core dump. Minidumps are not enabled by default on client versions of Windows
#

---------------  T H R E A D  ---------------

Current thread (0x0000000014b2d800):  JavaThread "C2 CompilerThread0" daemon [_thread_in_native, id=2176, stack(0x00000000160b0000,0x00000000161b0000)]

Stack: [0x00000000160b0000,0x00000000161b0000]
Native frames: (J=compiled Java code, j=interpreted, Vv=VM code, C=native code)
V  [jvm.dll+0x3152fa]
V  [jvm.dll+0x265d03]
V  [jvm.dll+0x266943]
V  [jvm.dll+0x25e265]
V  [jvm.dll+0xbe255]
V  [jvm.dll+0xbe6fc]
V  [jvm.dll+0x449d02]
V  [jvm.dll+0x4bd300]
V  [jvm.dll+0x4bff50]
V  [jvm.dll+0x44fef1]
V  [jvm.dll+0x4526c8]
V  [jvm.dll+0x435fc2]
V  [jvm.dll+0x97b62]
V  [jvm.dll+0x98353]
V  [jvm.dll+0x22aac4]
V  [jvm.dll+0x283f5a]
C  [msvcr100.dll+0x21d9f]
C  [msvcr100.dll+0x21e3b]
C  [KERNEL32.DLL+0x18102]
C  [ntdll.dll+0x5c5b4]


Current CompileTask:
C2:   4134 1432       4       com.android.dx.ssa.SCCP::simulateBranch (666 bytes)


---------------  P R O C E S S  ---------------

Java Threads: ( => current thread )
  0x0000000016819000 JavaThread "pool-1-thread-4" [_thread_in_Java, id=7984, stack(0x00000000175b0000,0x00000000176b0000)]
  0x0000000016893000 JavaThread "pool-1-thread-3" [_thread_in_Java, id=2320, stack(0x00000000174b0000,0x00000000175b0000)]
  0x0000000016892000 JavaThread "pool-1-thread-2" [_thread_in_Java, id=12456, stack(0x00000000173b0000,0x00000000174b0000)]
  0x000000001688e000 JavaThread "pool-2-thread-1" [_thread_blocked, id=6080, stack(0x00000000172b0000,0x00000000173b0000)]
  0x00000000168bd800 JavaThread "pool-1-thread-1" [_thread_in_Java, id=11568, stack(0x00000000171b0000,0x00000000172b0000)]
  0x0000000014b8b000 JavaThread "Service Thread" daemon [_thread_blocked, id=8960, stack(0x00000000163b0000,0x00000000164b0000)]
  0x0000000014b80800 JavaThread "C1 CompilerThread2" daemon [_thread_blocked, id=13812, stack(0x00000000162b0000,0x00000000163b0000)]
  0x0000000014b2f800 JavaThread "C2 CompilerThread1" daemon [_thread_in_native, id=5040, stack(0x00000000161b0000,0x00000000162b0000)]
=>0x0000000014b2d800 JavaThread "C2 CompilerThread0" daemon [_thread_in_native, id=2176, stack(0x00000000160b0000,0x00000000161b0000)]
  0x0000000014b2b000 JavaThread "Attach Listener" daemon [_thread_blocked, id=14064, stack(0x0000000015fb0000,0x00000000160b0000)]
  0x0000000014b2a000 JavaThread "Signal Dispatcher" daemon [_thread_blocked, id=8788, stack(0x0000000015eb0000,0x0000000015fb0000)]
  0x000000000244f000 JavaThread "Finalizer" daemon [_thread_blocked, id=6384, stack(0x0000000015db0000,0x0000000015eb0000)]
  0x0000000014af8000 JavaThread "Reference Handler" daemon [_thread_blocked, id=8008, stack(0x0000000015cb0000,0x0000000015db0000)]
  0x000000000205d800 JavaThread "main" [_thread_in_Java, id=6344, stack(0x0000000002260000,0x0000000002360000)]

Other Threads:
  0x0000000014af6000 VMThread [stack: 0x0000000015bb0000,0x0000000015cb0000] [id=10224]
  0x0000000014b8e000 WatcherThread [stack: 0x00000000164b0000,0x00000000165b0000] [id=14728]

VM state:not at safepoint (normal execution)

VM Mutex/Monitor currently owned by a thread: None

Heap:
 PSYoungGen      total 38400K, used 29663K [0x00000000eab00000, 0x00000000ed580000, 0x0000000100000000)
  eden space 33280K, 75% used [0x00000000eab00000,0x00000000ec365a80,0x00000000ecb80000)
  from space 5120K, 91% used [0x00000000ecb80000,0x00000000ed012300,0x00000000ed080000)
  to   space 5120K, 0% used [0x00000000ed080000,0x00000000ed080000,0x00000000ed580000)
 ParOldGen       total 87552K, used 16K [0x00000000c0000000, 0x00000000c5580000, 0x00000000eab00000)
  object space 87552K, 0% used [0x00000000c0000000,0x00000000c0004000,0x00000000c5580000)
 Metaspace       used 6099K, capacity 7024K, committed 7296K, reserved 1056768K
  class space    used 593K, capacity 616K, committed 640K, reserved 1048576K

Card table byte_map: [0x0000000011820000,0x0000000011a30000] byte_map_base: 0x0000000011220000

Marking Bits: (ParMarkBitMap*) 0x00000000546eb460
 Begin Bits: [0x0000000011f90000, 0x0000000012f90000)
 End Bits:   [0x0000000012f90000, 0x0000000013f90000)

Polling page: 0x00000000001f0000

CodeCache: size=245760Kb used=5889Kb max_used=5889Kb free=239870Kb
 bounds [0x0000000002460000, 0x0000000002a30000, 0x0000000011460000]
 total_blobs=1741 nmethods=1476 adapters=178
 compilation: enabled

Compilation events (10 events):
Event: 4.108 Thread 0x0000000014b80800 1484       3       com.android.dx.cf.direct.StdAttributeFactory::localVariableTable (98 bytes)
Event: 4.110 Thread 0x0000000014b80800 nmethod 1484 0x0000000002a21890 code [0x0000000002a21b40, 0x0000000002a22c58]
Event: 4.110 Thread 0x0000000014b80800 1486       3       com.android.dx.cf.attrib.RawAttribute::byteLength (11 bytes)
Event: 4.110 Thread 0x0000000014b80800 nmethod 1486 0x0000000002a237d0 code [0x0000000002a23920, 0x0000000002a23b10]
Event: 4.110 Thread 0x0000000014b80800 1479       3       com.android.dx.cf.direct.FieldListParser::set (30 bytes)
Event: 4.111 Thread 0x0000000014b80800 nmethod 1479 0x0000000002a23bd0 code [0x0000000002a23dc0, 0x0000000002a24818]
Event: 4.111 Thread 0x0000000014b80800 1480       3       com.android.dx.cf.iface.StdField::<init> (10 bytes)
Event: 4.111 Thread 0x0000000014b80800 nmethod 1480 0x0000000002a24fd0 code [0x0000000002a25140, 0x0000000002a252c8]
Event: 4.111 Thread 0x0000000014b80800 1487       3       java.util.RegularEnumSet::remove (74 bytes)
Event: 4.111 Thread 0x0000000014b80800 nmethod 1487 0x0000000002a25390 code [0x0000000002a25520, 0x0000000002a25ac8]

GC Heap History (2 events):
Event: 3.008 GC heap before
{Heap before GC invocations=1 (full 0):
 PSYoungGen      total 38400K, used 33280K [0x00000000eab00000, 0x00000000ed580000, 0x0000000100000000)
  eden space 33280K, 100% used [0x00000000eab00000,0x00000000ecb80000,0x00000000ecb80000)
  from space 5120K, 0% used [0x00000000ed080000,0x00000000ed080000,0x00000000ed580000)
  to   space 5120K, 0% used [0x00000000ecb80000,0x00000000ecb80000,0x00000000ed080000)
 ParOldGen       total 87552K, used 0K [0x00000000c0000000, 0x00000000c5580000, 0x00000000eab00000)
  object space 87552K, 0% used [0x00000000c0000000,0x00000000c0000000,0x00000000c5580000)
 Metaspace       used 5833K, capacity 6832K, committed 7040K, reserved 1056768K
  class space    used 590K, capacity 616K, committed 640K, reserved 1048576K
Event: 3.392 GC heap after
Heap after GC invocations=1 (full 0):
 PSYoungGen      total 38400K, used 4680K [0x00000000eab00000, 0x00000000ed580000, 0x0000000100000000)
  eden space 33280K, 0% used [0x00000000eab00000,0x00000000eab00000,0x00000000ecb80000)
  from space 5120K, 91% used [0x00000000ecb80000,0x00000000ed012300,0x00000000ed080000)
  to   space 5120K, 0% used [0x00000000ed080000,0x00000000ed080000,0x00000000ed580000)
 ParOldGen       total 87552K, used 16K [0x00000000c0000000, 0x00000000c5580000, 0x00000000eab00000)
  object space 87552K, 0% used [0x00000000c0000000,0x00000000c0004000,0x00000000c5580000)
 Metaspace       used 5833K, capacity 6832K, committed 7040K, reserved 1056768K
  class space    used 590K, capacity 616K, committed 640K, reserved 1048576K
}

Deoptimization events (7 events):
Event: 2.562 Thread 0x0000000016819000 Uncommon trap: reason=unreached action=reinterpret pc=0x00000000027e28d4 method=com.android.dx.rop.code.LocalItem.hashCode()I @ 25
Event: 3.558 Thread 0x0000000016892000 Uncommon trap: reason=class_check action=maybe_recompile pc=0x00000000027d2220 method=com.android.dx.rop.type.Type.equals(Ljava/lang/Object;)Z @ 8
Event: 3.569 Thread 0x0000000016892000 Uncommon trap: reason=null_check action=make_not_entrant pc=0x00000000027d2230 method=com.android.dx.rop.type.Type.equals(Ljava/lang/Object;)Z @ 8
Event: 3.679 Thread 0x0000000016893000 Uncommon trap: reason=unreached action=reinterpret pc=0x00000000029680ec method=com.android.dx.util.LabeledList.set(ILcom/android/dx/util/LabeledItem;)V @ 16
Event: 3.681 Thread 0x0000000016893000 Uncommon trap: reason=class_check action=maybe_recompile pc=0x00000000026ef2cc method=com.android.dx.rop.type.Type.equals(Ljava/lang/Object;)Z @ 8
Event: 3.681 Thread 0x0000000016893000 Uncommon trap: reason=class_check action=maybe_recompile pc=0x00000000026ef2cc method=com.android.dx.rop.type.Type.equals(Ljava/lang/Object;)Z @ 8
Event: 4.080 Thread 0x000000000205d800 Uncommon trap: reason=unloaded action=reinterpret pc=0x000000000297bbec method=com.android.dx.cf.cst.ConstantPoolParser.parse0(ILjava/util/BitSet;)Lcom/android/dx/rop/cst/Constant; @ 198

Internal exceptions (10 events):
Event: 1.639 Thread 0x000000000205d800 Exception <a 'java/security/PrivilegedActionException'> (0x00000000ec454e50) thrown at [D:\re\workspace\8-2-build-windows-amd64-cygwin\jdk8u20\1074\hotspot\src\share\vm\prims\jvm.cpp, line 1275]
Event: 1.640 Thread 0x000000000205d800 Exception <a 'java/security/PrivilegedActionException'> (0x00000000ec45a820) thrown at [D:\re\workspace\8-2-build-windows-amd64-cygwin\jdk8u20\1074\hotspot\src\share\vm\prims\jvm.cpp, line 1275]
Event: 2.036 Thread 0x0000000016892000 Exception <a 'java/security/PrivilegedActionException'> (0x00000000ec5fc2a0) thrown at [D:\re\workspace\8-2-build-windows-amd64-cygwin\jdk8u20\1074\hotspot\src\share\vm\prims\jvm.cpp, line 1275]
Event: 2.049 Thread 0x000000000205d800 Exception <a 'java/security/PrivilegedActionException'> (0x00000000ec485a10) thrown at [D:\re\workspace\8-2-build-windows-amd64-cygwin\jdk8u20\1074\hotspot\src\share\vm\prims\jvm.cpp, line 1275]
Event: 2.549 Thread 0x0000000016819000 Exception <a 'java/security/PrivilegedActionException'> (0x00000000ec5b5278) thrown at [D:\re\workspace\8-2-build-windows-amd64-cygwin\jdk8u20\1074\hotspot\src\share\vm\prims\jvm.cpp, line 1275]
Event: 2.554 Thread 0x000000000205d800 Exception <a 'java/security/PrivilegedActionException'> (0x00000000ec72a7f0) thrown at [D:\re\workspace\8-2-build-windows-amd64-cygwin\jdk8u20\1074\hotspot\src\share\vm\prims\jvm.cpp, line 1275]
Event: 2.555 Thread 0x000000000205d800 Exception <a 'java/security/PrivilegedActionException'> (0x00000000ec72ced8) thrown at [D:\re\workspace\8-2-build-windows-amd64-cygwin\jdk8u20\1074\hotspot\src\share\vm\prims\jvm.cpp, line 1275]
Event: 3.409 Thread 0x0000000016819000 Exception <a 'java/security/PrivilegedActionException'> (0x00000000eac832b0) thrown at [D:\re\workspace\8-2-build-windows-amd64-cygwin\jdk8u20\1074\hotspot\src\share\vm\prims\jvm.cpp, line 1275]
Event: 3.569 Thread 0x0000000016892000 Implicit null exception at 0x00000000027d2122 to 0x00000000027d2221
Event: 3.671 Thread 0x0000000016893000 Exception <a 'java/security/PrivilegedActionException'> (0x00000000eb0a8280) thrown at [D:\re\workspace\8-2-build-windows-amd64-cygwin\jdk8u20\1074\hotspot\src\share\vm\prims\jvm.cpp, line 1275]

Events (10 events):
Event: 3.679 Thread 0x0000000016893000 DEOPT UNPACKING pc=0x00000000024a556a sp=0x00000000175ae618 mode 2
Event: 3.681 Thread 0x0000000016893000 Uncommon trap: trap_request=0xffffffde fr.pc=0x00000000026ef2cc
Event: 3.681 Thread 0x0000000016893000 DEOPT PACKING pc=0x00000000026ef2cc sp=0x00000000175adc50
Event: 3.681 Thread 0x0000000016893000 DEOPT UNPACKING pc=0x00000000024a556a sp=0x00000000175ad9c8 mode 2
Event: 3.681 Thread 0x0000000016893000 Uncommon trap: trap_request=0xffffffde fr.pc=0x00000000026ef2cc
Event: 3.681 Thread 0x0000000016893000 DEOPT PACKING pc=0x00000000026ef2cc sp=0x00000000175adab0
Event: 3.681 Thread 0x0000000016893000 DEOPT UNPACKING pc=0x00000000024a556a sp=0x00000000175ad828 mode 2
Event: 4.080 Thread 0x000000000205d800 Uncommon trap: trap_request=0x000000d2 fr.pc=0x000000000297bbec
Event: 4.081 Thread 0x000000000205d800 DEOPT PACKING pc=0x000000000297bbec sp=0x000000000235e830
Event: 4.081 Thread 0x000000000205d800 DEOPT UNPACKING pc=0x00000000024a556a sp=0x000000000235e7e8 mode 2


Dynamic libraries:
0x00007ff668390000 - 0x00007ff6683c4000 	C:\Program Files\Java\jdk1.8.0_20\bin\java.exe
0x00007ff87a1c0000 - 0x00007ff87a381000 	C:\WINDOWS\SYSTEM32\ntdll.dll
0x00007ff878700000 - 0x00007ff8787ad000 	C:\WINDOWS\system32\KERNEL32.DLL
0x00007ff877160000 - 0x00007ff877348000 	C:\WINDOWS\system32\KERNELBASE.dll
0x00007ff877c00000 - 0x00007ff877ca7000 	C:\WINDOWS\system32\ADVAPI32.dll
0x00007ff8787b0000 - 0x00007ff87884d000 	C:\WINDOWS\system32\msvcrt.dll
0x00007ff878540000 - 0x00007ff87859b000 	C:\WINDOWS\system32\sechost.dll
0x00007ff877990000 - 0x00007ff877aac000 	C:\WINDOWS\system32\RPCRT4.dll
0x00007ff8785a0000 - 0x00007ff8786f6000 	C:\WINDOWS\system32\USER32.dll
0x00007ff87a020000 - 0x00007ff87a1a6000 	C:\WINDOWS\system32\GDI32.dll
0x00007ff869f30000 - 0x00007ff86a1a4000 	C:\WINDOWS\WinSxS\amd64_microsoft.windows.common-controls_6595b64144ccf1df_6.0.10586.0_none_8c15ae12515e1c22\COMCTL32.dll
0x00007ff877610000 - 0x00007ff87788d000 	C:\WINDOWS\system32\combase.dll
0x00007ff877400000 - 0x00007ff87746a000 	C:\WINDOWS\system32\bcryptPrimitives.dll
0x00007ff877e30000 - 0x00007ff877e6b000 	C:\WINDOWS\system32\IMM32.DLL
0x0000000054770000 - 0x0000000054842000 	C:\Program Files\Java\jdk1.8.0_20\jre\bin\msvcr100.dll
0x0000000053f10000 - 0x0000000054768000 	C:\Program Files\Java\jdk1.8.0_20\jre\bin\server\jvm.dll
0x00007ff877980000 - 0x00007ff877988000 	C:\WINDOWS\system32\PSAPI.DLL
0x00007ff86c970000 - 0x00007ff86c979000 	C:\WINDOWS\SYSTEM32\WSOCK32.dll
0x00007ff8775a0000 - 0x00007ff87760b000 	C:\WINDOWS\system32\WS2_32.dll
0x00007ff874fb0000 - 0x00007ff874fd3000 	C:\WINDOWS\SYSTEM32\WINMM.dll
0x00007ff874f50000 - 0x00007ff874f7c000 	C:\WINDOWS\SYSTEM32\WINMMBASE.dll
0x00007ff877490000 - 0x00007ff8774d3000 	C:\WINDOWS\system32\cfgmgr32.dll
0x0000000053f00000 - 0x0000000053f0f000 	C:\Program Files\Java\jdk1.8.0_20\jre\bin\verify.dll
0x0000000053ed0000 - 0x0000000053ef8000 	C:\Program Files\Java\jdk1.8.0_20\jre\bin\java.dll
0x0000000053eb0000 - 0x0000000053ec6000 	C:\Program Files\Java\jdk1.8.0_20\jre\bin\zip.dll
0x00007ff878900000 - 0x00007ff879e5c000 	C:\WINDOWS\system32\SHELL32.dll
0x00007ff876ab0000 - 0x00007ff8770f5000 	C:\WINDOWS\system32\windows.storage.dll
0x00007ff877fe0000 - 0x00007ff878032000 	C:\WINDOWS\system32\shlwapi.dll
0x00007ff876840000 - 0x00007ff87684f000 	C:\WINDOWS\system32\kernel.appcore.dll
0x00007ff8774e0000 - 0x00007ff877595000 	C:\WINDOWS\system32\shcore.dll
0x00007ff8767f0000 - 0x00007ff87683b000 	C:\WINDOWS\system32\powrprof.dll
0x00007ff8767c0000 - 0x00007ff8767d4000 	C:\WINDOWS\system32\profapi.dll
0x00007ff86ba30000 - 0x00007ff86bbbc000 	C:\WINDOWS\SYSTEM32\dbghelp.dll

VM Arguments:
jvm_args: -Djava.awt.headless=true -Xmx1024M -Dfile.encoding=windows-1252 -Duser.country=US -Duser.language=en -Duser.variant 
java_command: com.android.dx.command.Main --dex --num-threads=4 --output C:\Users\admin\Documents\GitHub\SoftwareDesign\FindMeTutor\FindMeTutor\app\build\intermediates\pre-dexed\debug\com.android.support-support-v4-24.1.1_367370ab87b3fd841bb9d373d947cf9db98b1921.jar C:\Users\admin\Documents\GitHub\SoftwareDesign\FindMeTutor\FindMeTutor\app\build\intermediates\exploded-aar\com.android.support\support-v4\24.1.1\jars\classes.jar
java_class_path (initial): C:\Users\admin\AppData\Local\Android\sdk\build-tools\24.0.1\lib\dx.jar
Launcher Type: SUN_STANDARD

Environment Variables:
PATH=C:\ProgramData\Oracle\Java\javapath;C:\Program Files (x86)\Intel\iCLS Client\;C:\Program Files\Intel\iCLS Client\;C:\WINDOWS\system32;C:\WINDOWS;C:\WINDOWS\System32\Wbem;C:\WINDOWS\System32\WindowsPowerShell\v1.0\;C:\Program Files\Intel\Intel(R) Management Engine Components\DAL;C:\Program Files\Intel\Intel(R) Management Engine Components\IPT;C:\Program Files (x86)\Intel\Intel(R) Management Engine Components\DAL;C:\Program Files (x86)\Intel\Intel(R) Management Engine Components\IPT;C:\Program Files\WIDCOMM\Bluetooth Software\;C:\Program Files\WIDCOMM\Bluetooth Software\syswow64;C:\Program Files (x86)\Intel\OpenCL SDK\2.0\bin\x86;C:\Program Files (x86)\Intel\OpenCL SDK\2.0\bin\x64;C:\Program Files\Intel\WiFi\bin\;C:\Program Files\Common Files\Intel\WirelessCommon\;c:\Program Files (x86)\Microsoft SQL Server\100\Tools\Binn\;c:\Program Files\Microsoft SQL Server\100\Tools\Binn\;c:\Program Files\Microsoft SQL Server\100\DTS\Binn\;C:\Program Files (x86)\MySQL\MySQL Fabric 1.5.4 & MySQL Utilities 1.5.4 1.5\;C:\Program Files (x86)\MySQL\MySQL Fabric 1.5.4 & MySQL Utilities 1.5.4 1.5\Doctrine extensions for PHP\;C:\Program Files (x86)\Borland\Delphi7\Bin;C:\Program Files (x86)\Borland\Delphi7\Projects\Bpl;C:\Program Files (x86)\Borland\Delphi7\Rave5;C:\Program Files\Git\cmd;C:\Program Files\Intel\WiFi\bin\;C:\Program Files\Common Files\Intel\WirelessCommon\
USERNAME=admin
OS=Windows_NT
PROCESSOR_IDENTIFIER=Intel64 Family 6 Model 58 Stepping 9, GenuineIntel



---------------  S Y S T E M  ---------------

OS: Windows 8.1 , 64 bit Build 9600 

CPU:total 4 (2 cores per cpu, 2 threads per core) family 6 model 58 stepping 9, cmov, cx8, fxsr, mmx, sse, sse2, sse3, ssse3, sse4.1, sse4.2, popcnt, avx, aes, clmul, erms, ht, tsc, tscinvbit, tscinv

Memory: 4k page, physical 8258576k(1818364k free), swap 10306576k(6060k free)

vm_info: Java HotSpot(TM) 64-Bit Server VM (25.20-b23) for windows-amd64 JRE (1.8.0_20-b26), built on Jul 30 2014 13:51:23 by "java_re" with MS VC++ 10.0 (VS2010)

time: Tue Sep 06 22:15:39 2016
elapsed time: 4 seconds (0d 0h 0m 4s)

