#
# There is insufficient memory for the Java Runtime Environment to continue.
# Native memory allocation (malloc) failed to allocate 896096 bytes for Chunk::new
# Possible reasons:
#   The system is out of physical RAM or swap space
#   In 32 bit mode, the process size limit was hit
# Possible solutions:
#   Reduce memory load on the system
#   Increase physical memory or swap space
#   Check if swap backing store is full
#   Use 64 bit Java on a 64 bit OS
#   Decrease Java heap size (-Xmx/-Xms)
#   Decrease number of Java threads
#   Decrease Java thread stack sizes (-Xss)
#   Set larger code cache with -XX:ReservedCodeCacheSize=
# This output file may be truncated or incomplete.
#
#  Out of Memory Error (allocation.cpp:390), pid=4288, tid=2044
#
# JRE version: Java(TM) SE Runtime Environment (8.0_20-b26) (build 1.8.0_20-b26)
# Java VM: Java HotSpot(TM) 64-Bit Server VM (25.20-b23 mixed mode windows-amd64 compressed oops)
# Failed to write core dump. Minidumps are not enabled by default on client versions of Windows
#

---------------  T H R E A D  ---------------

Current thread (0x00000000155ee000):  JavaThread "C2 CompilerThread0" daemon [_thread_in_native, id=2044, stack(0x0000000016b50000,0x0000000016c50000)]

Stack: [0x0000000016b50000,0x0000000016c50000]
Native frames: (J=compiled Java code, j=interpreted, Vv=VM code, C=native code)
V  [jvm.dll+0x3152fa]
V  [jvm.dll+0x265d03]
V  [jvm.dll+0x266943]
V  [jvm.dll+0x25e265]
V  [jvm.dll+0xbe255]
V  [jvm.dll+0xbe6fc]
V  [jvm.dll+0x45c472]
V  [jvm.dll+0x49d76f]
V  [jvm.dll+0x4512bf]
V  [jvm.dll+0x452634]
V  [jvm.dll+0x435fc2]
V  [jvm.dll+0x97b62]
V  [jvm.dll+0x98353]
V  [jvm.dll+0x22aac4]
V  [jvm.dll+0x283f5a]
C  [msvcr100.dll+0x21d9f]
C  [msvcr100.dll+0x21e3b]
C  [KERNEL32.DLL+0x18102]
C  [ntdll.dll+0x5c5b4]


Current CompileTask:
C2:   9326 2065 %     4       com.android.dx.ssa.SsaConverter::placePhiFunctions @ 131 (394 bytes)


---------------  P R O C E S S  ---------------

Java Threads: ( => current thread )
  0x0000000016e7c800 JavaThread "Service Thread" daemon [_thread_blocked, id=13032, stack(0x0000000017250000,0x0000000017350000)]
  0x00000000155f7000 JavaThread "C1 CompilerThread2" daemon [_thread_blocked, id=9376, stack(0x0000000016d50000,0x0000000016e50000)]
  0x00000000155f0000 JavaThread "C2 CompilerThread1" daemon [_thread_in_native, id=9520, stack(0x0000000016c50000,0x0000000016d50000)]
=>0x00000000155ee000 JavaThread "C2 CompilerThread0" daemon [_thread_in_native, id=2044, stack(0x0000000016b50000,0x0000000016c50000)]
  0x00000000155eb800 JavaThread "Attach Listener" daemon [_thread_blocked, id=11720, stack(0x0000000016a50000,0x0000000016b50000)]
  0x00000000155ea000 JavaThread "Signal Dispatcher" daemon [_thread_blocked, id=10268, stack(0x0000000016950000,0x0000000016a50000)]
  0x0000000002f15000 JavaThread "Finalizer" daemon [_thread_blocked, id=8328, stack(0x0000000016850000,0x0000000016950000)]
  0x00000000155b8000 JavaThread "Reference Handler" daemon [_thread_blocked, id=11392, stack(0x0000000016750000,0x0000000016850000)]
  0x0000000002d1d800 JavaThread "main" [_thread_in_vm, id=7044, stack(0x0000000002d20000,0x0000000002e20000)]

Other Threads:
  0x00000000155b6000 VMThread [stack: 0x0000000016650000,0x0000000016750000] [id=9956]
  0x0000000016e7f800 WatcherThread [stack: 0x0000000017350000,0x0000000017450000] [id=12200]

VM state:not at safepoint (normal execution)

VM Mutex/Monitor currently owned by a thread: None

Heap:
 PSYoungGen      total 282624K, used 70668K [0x00000000eab00000, 0x00000000ff600000, 0x0000000100000000)
  eden space 252416K, 16% used [0x00000000eab00000,0x00000000ed288590,0x00000000fa180000)
  from space 30208K, 99% used [0x00000000fc780000,0x00000000fe4fabc0,0x00000000fe500000)
  to   space 38912K, 0% used [0x00000000fa180000,0x00000000fa180000,0x00000000fc780000)
 ParOldGen       total 87552K, used 46303K [0x00000000c0000000, 0x00000000c5580000, 0x00000000eab00000)
  object space 87552K, 52% used [0x00000000c0000000,0x00000000c2d37c70,0x00000000c5580000)
 Metaspace       used 6684K, capacity 7448K, committed 7680K, reserved 1056768K
  class space    used 627K, capacity 656K, committed 768K, reserved 1048576K

Card table byte_map: [0x00000000122e0000,0x00000000124f0000] byte_map_base: 0x0000000011ce0000

Marking Bits: (ParMarkBitMap*) 0x0000000069c2b460
 Begin Bits: [0x0000000012a50000, 0x0000000013a50000)
 End Bits:   [0x0000000013a50000, 0x0000000014a50000)

Polling page: 0x0000000002ac0000

CodeCache: size=245760Kb used=9909Kb max_used=9909Kb free=235850Kb
 bounds [0x0000000002f20000, 0x00000000038e0000, 0x0000000011f20000]
 total_blobs=2549 nmethods=2284 adapters=178
 compilation: enabled

Compilation events (10 events):
Event: 8.951 Thread 0x00000000155ee000 nmethod 1909 0x00000000038afd90 code [0x00000000038b0700, 0x00000000038b0fd8]
Event: 8.951 Thread 0x00000000155ee000 2065 %     4       com.android.dx.ssa.SsaConverter::placePhiFunctions @ 131 (394 bytes)
Event: 9.000 Thread 0x00000000155f7000 2244       3       com.android.dx.rop.type.Prototype::compareTo (9 bytes)
Event: 9.001 Thread 0x00000000155f7000 nmethod 2244 0x00000000038af890 code [0x00000000038afa00, 0x00000000038afce8]
Event: 9.002 Thread 0x00000000155f7000 2246       3       com.android.dx.dex.file.MethodIdItem::addContents (23 bytes)
Event: 9.003 Thread 0x00000000155f7000 nmethod 2246 0x00000000038ab0d0 code [0x00000000038ab2a0, 0x00000000038abef8]
Event: 9.003 Thread 0x00000000155f7000 2247  s    3       com.android.dx.dex.file.ProtoIdsSection::intern (55 bytes)
Event: 9.003 Thread 0x00000000155f7000 nmethod 2247 0x00000000038b3450 code [0x00000000038b3620, 0x00000000038b3f08]
Event: 9.009 Thread 0x00000000155f7000 2249       3       com.android.dx.rop.cst.CstString::<init> (42 bytes)
Event: 9.009 Thread 0x00000000155f7000 nmethod 2249 0x00000000038b2a90 code [0x00000000038b2c40, 0x00000000038b31b8]

GC Heap History (10 events):
Event: 1.731 GC heap before
{Heap before GC invocations=4 (full 0):
 PSYoungGen      total 38400K, used 38368K [0x00000000eab00000, 0x00000000ef600000, 0x0000000100000000)
  eden space 33280K, 100% used [0x00000000eab00000,0x00000000ecb80000,0x00000000ecb80000)
  from space 5120K, 99% used [0x00000000ecb80000,0x00000000ed078168,0x00000000ed080000)
  to   space 5120K, 0% used [0x00000000ef100000,0x00000000ef100000,0x00000000ef600000)
 ParOldGen       total 87552K, used 7766K [0x00000000c0000000, 0x00000000c5580000, 0x00000000eab00000)
  object space 87552K, 8% used [0x00000000c0000000,0x00000000c0795a18,0x00000000c5580000)
 Metaspace       used 6237K, capacity 7152K, committed 7296K, reserved 1056768K
  class space    used 593K, capacity 616K, committed 640K, reserved 1048576K
Event: 1.748 GC heap after
Heap after GC invocations=4 (full 0):
 PSYoungGen      total 71680K, used 5090K [0x00000000eab00000, 0x00000000ef600000, 0x0000000100000000)
  eden space 66560K, 0% used [0x00000000eab00000,0x00000000eab00000,0x00000000eec00000)
  from space 5120K, 99% used [0x00000000ef100000,0x00000000ef5f88e8,0x00000000ef600000)
  to   space 5120K, 0% used [0x00000000eec00000,0x00000000eec00000,0x00000000ef100000)
 ParOldGen       total 87552K, used 12512K [0x00000000c0000000, 0x00000000c5580000, 0x00000000eab00000)
  object space 87552K, 14% used [0x00000000c0000000,0x00000000c0c38268,0x00000000c5580000)
 Metaspace       used 6237K, capacity 7152K, committed 7296K, reserved 1056768K
  class space    used 593K, capacity 616K, committed 640K, reserved 1048576K
}
Event: 2.226 GC heap before
{Heap before GC invocations=5 (full 0):
 PSYoungGen      total 71680K, used 71650K [0x00000000eab00000, 0x00000000ef600000, 0x0000000100000000)
  eden space 66560K, 100% used [0x00000000eab00000,0x00000000eec00000,0x00000000eec00000)
  from space 5120K, 99% used [0x00000000ef100000,0x00000000ef5f88e8,0x00000000ef600000)
  to   space 5120K, 0% used [0x00000000eec00000,0x00000000eec00000,0x00000000ef100000)
 ParOldGen       total 87552K, used 12512K [0x00000000c0000000, 0x00000000c5580000, 0x00000000eab00000)
  object space 87552K, 14% used [0x00000000c0000000,0x00000000c0c38268,0x00000000c5580000)
 Metaspace       used 6282K, capacity 7152K, committed 7296K, reserved 1056768K
  class space    used 593K, capacity 616K, committed 640K, reserved 1048576K
Event: 2.257 GC heap after
Heap after GC invocations=5 (full 0):
 PSYoungGen      total 71680K, used 5106K [0x00000000eab00000, 0x00000000f4d00000, 0x0000000100000000)
  eden space 66560K, 0% used [0x00000000eab00000,0x00000000eab00000,0x00000000eec00000)
  from space 5120K, 99% used [0x00000000eec00000,0x00000000ef0fc8d8,0x00000000ef100000)
  to   space 16384K, 0% used [0x00000000f3d00000,0x00000000f3d00000,0x00000000f4d00000)
 ParOldGen       total 87552K, used 22508K [0x00000000c0000000, 0x00000000c5580000, 0x00000000eab00000)
  object space 87552K, 25% used [0x00000000c0000000,0x00000000c15fb3d0,0x00000000c5580000)
 Metaspace       used 6282K, capacity 7152K, committed 7296K, reserved 1056768K
  class space    used 593K, capacity 616K, committed 640K, reserved 1048576K
}
Event: 2.641 GC heap before
{Heap before GC invocations=6 (full 0):
 PSYoungGen      total 71680K, used 71666K [0x00000000eab00000, 0x00000000f4d00000, 0x0000000100000000)
  eden space 66560K, 100% used [0x00000000eab00000,0x00000000eec00000,0x00000000eec00000)
  from space 5120K, 99% used [0x00000000eec00000,0x00000000ef0fc8d8,0x00000000ef100000)
  to   space 16384K, 0% used [0x00000000f3d00000,0x00000000f3d00000,0x00000000f4d00000)
 ParOldGen       total 87552K, used 22508K [0x00000000c0000000, 0x00000000c5580000, 0x00000000eab00000)
  object space 87552K, 25% used [0x00000000c0000000,0x00000000c15fb3d0,0x00000000c5580000)
 Metaspace       used 6341K, capacity 7216K, committed 7296K, reserved 1056768K
  class space    used 593K, capacity 616K, committed 640K, reserved 1048576K
Event: 2.671 GC heap after
Heap after GC invocations=6 (full 0):
 PSYoungGen      total 146944K, used 15699K [0x00000000eab00000, 0x00000000f5200000, 0x0000000100000000)
  eden space 130560K, 0% used [0x00000000eab00000,0x00000000eab00000,0x00000000f2a80000)
  from space 16384K, 95% used [0x00000000f3d00000,0x00000000f4c54fa8,0x00000000f4d00000)
  to   space 18944K, 0% used [0x00000000f2a80000,0x00000000f2a80000,0x00000000f3d00000)
 ParOldGen       total 87552K, used 22508K [0x00000000c0000000, 0x00000000c5580000, 0x00000000eab00000)
  object space 87552K, 25% used [0x00000000c0000000,0x00000000c15fb3d0,0x00000000c5580000)
 Metaspace       used 6341K, capacity 7216K, committed 7296K, reserved 1056768K
  class space    used 593K, capacity 616K, committed 640K, reserved 1048576K
}
Event: 3.748 GC heap before
{Heap before GC invocations=7 (full 0):
 PSYoungGen      total 146944K, used 146259K [0x00000000eab00000, 0x00000000f5200000, 0x0000000100000000)
  eden space 130560K, 100% used [0x00000000eab00000,0x00000000f2a80000,0x00000000f2a80000)
  from space 16384K, 95% used [0x00000000f3d00000,0x00000000f4c54fa8,0x00000000f4d00000)
  to   space 18944K, 0% used [0x00000000f2a80000,0x00000000f2a80000,0x00000000f3d00000)
 ParOldGen       total 87552K, used 22508K [0x00000000c0000000, 0x00000000c5580000, 0x00000000eab00000)
  object space 87552K, 25% used [0x00000000c0000000,0x00000000c15fb3d0,0x00000000c5580000)
 Metaspace       used 6485K, capacity 7256K, committed 7424K, reserved 1056768K
  class space    used 613K, capacity 656K, committed 768K, reserved 1048576K
Event: 3.831 GC heap after
Heap after GC invocations=7 (full 0):
 PSYoungGen      total 149504K, used 18942K [0x00000000eab00000, 0x00000000fe500000, 0x0000000100000000)
  eden space 130560K, 0% used [0x00000000eab00000,0x00000000eab00000,0x00000000f2a80000)
  from space 18944K, 99% used [0x00000000f2a80000,0x00000000f3cff9f0,0x00000000f3d00000)
  to   space 30208K, 0% used [0x00000000fc780000,0x00000000fc780000,0x00000000fe500000)
 ParOldGen       total 87552K, used 38898K [0x00000000c0000000, 0x00000000c5580000, 0x00000000eab00000)
  object space 87552K, 44% used [0x00000000c0000000,0x00000000c25fcaa8,0x00000000c5580000)
 Metaspace       used 6485K, capacity 7256K, committed 7424K, reserved 1056768K
  class space    used 613K, capacity 656K, committed 768K, reserved 1048576K
}
Event: 4.858 GC heap before
{Heap before GC invocations=8 (full 0):
 PSYoungGen      total 149504K, used 149502K [0x00000000eab00000, 0x00000000fe500000, 0x0000000100000000)
  eden space 130560K, 100% used [0x00000000eab00000,0x00000000f2a80000,0x00000000f2a80000)
  from space 18944K, 99% used [0x00000000f2a80000,0x00000000f3cff9f0,0x00000000f3d00000)
  to   space 30208K, 0% used [0x00000000fc780000,0x00000000fc780000,0x00000000fe500000)
 ParOldGen       total 87552K, used 38898K [0x00000000c0000000, 0x00000000c5580000, 0x00000000eab00000)
  object space 87552K, 44% used [0x00000000c0000000,0x00000000c25fcaa8,0x00000000c5580000)
 Metaspace       used 6497K, capacity 7320K, committed 7680K, reserved 1056768K
  class space    used 613K, capacity 656K, committed 768K, reserved 1048576K
Event: 4.968 GC heap after
Heap after GC invocations=8 (full 0):
 PSYoungGen      total 282624K, used 30186K [0x00000000eab00000, 0x00000000ff600000, 0x0000000100000000)
  eden space 252416K, 0% used [0x00000000eab00000,0x00000000eab00000,0x00000000fa180000)
  from space 30208K, 99% used [0x00000000fc780000,0x00000000fe4fabc0,0x00000000fe500000)
  to   space 38912K, 0% used [0x00000000fa180000,0x00000000fa180000,0x00000000fc780000)
 ParOldGen       total 87552K, used 46303K [0x00000000c0000000, 0x00000000c5580000, 0x00000000eab00000)
  object space 87552K, 52% used [0x00000000c0000000,0x00000000c2d37c70,0x00000000c5580000)
 Metaspace       used 6497K, capacity 7320K, committed 7680K, reserved 1056768K
  class space    used 613K, capacity 656K, committed 768K, reserved 1048576K
}

Deoptimization events (10 events):
Event: 4.403 Thread 0x0000000017214800 Uncommon trap: reason=bimorphic action=maybe_recompile pc=0x00000000036bc7c4 method=com.android.dx.cf.code.OneLocalsArray.set(ILcom/android/dx/rop/type/TypeBearer;)V @ 85
Event: 4.566 Thread 0x0000000017214800 Uncommon trap: reason=unreached action=reinterpret pc=0x00000000035bde28 method=java.util.HashMap.resize()[Ljava/util/HashMap$Node; @ 206
Event: 4.684 Thread 0x0000000017215800 Uncommon trap: reason=bimorphic action=maybe_recompile pc=0x0000000003798ea0 method=com.android.dx.cf.code.BytecodeArray.parseInstruction(ILcom/android/dx/cf/code/BytecodeArray$Visitor;)I @ 1287
Event: 4.684 Thread 0x0000000017215800 Uncommon trap: reason=bimorphic action=maybe_recompile pc=0x0000000003798ea0 method=com.android.dx.cf.code.BytecodeArray.parseInstruction(ILcom/android/dx/cf/code/BytecodeArray$Visitor;)I @ 1287
Event: 5.122 Thread 0x0000000017210800 Uncommon trap: reason=unreached action=reinterpret pc=0x000000000358de18 method=java.util.HashMap.getNode(ILjava/lang/Object;)Ljava/util/HashMap$Node; @ 84
Event: 5.186 Thread 0x0000000002d1d800 Uncommon trap: reason=class_check action=maybe_recompile pc=0x00000000033af2a0 method=java.util.Arrays.hashCode([Ljava/lang/Object;)I @ 43
Event: 5.186 Thread 0x0000000002d1d800 Uncommon trap: reason=class_check action=maybe_recompile pc=0x00000000033af2a0 method=java.util.Arrays.hashCode([Ljava/lang/Object;)I @ 43
Event: 5.186 Thread 0x0000000002d1d800 Uncommon trap: reason=class_check action=maybe_recompile pc=0x00000000033af2a0 method=java.util.Arrays.hashCode([Ljava/lang/Object;)I @ 43
Event: 5.186 Thread 0x0000000002d1d800 Uncommon trap: reason=class_check action=maybe_recompile pc=0x00000000033af2a0 method=java.util.Arrays.hashCode([Ljava/lang/Object;)I @ 43
Event: 5.187 Thread 0x0000000002d1d800 Uncommon trap: reason=class_check action=maybe_recompile pc=0x000000000339e640 method=java.util.Arrays.hashCode([Ljava/lang/Object;)I @ 43

Internal exceptions (10 events):
Event: 0.679 Thread 0x0000000017210800 Exception <a 'java/security/PrivilegedActionException'> (0x00000000eace7f70) thrown at [D:\re\workspace\8-2-build-windows-amd64-cygwin\jdk8u20\1074\hotspot\src\share\vm\prims\jvm.cpp, line 1275]
Event: 0.843 Thread 0x0000000017215800 Implicit null exception at 0x00000000032156a2 to 0x00000000032157a1
Event: 0.945 Thread 0x0000000017214800 Exception <a 'java/security/PrivilegedActionException'> (0x00000000eb09c510) thrown at [D:\re\workspace\8-2-build-windows-amd64-cygwin\jdk8u20\1074\hotspot\src\share\vm\prims\jvm.cpp, line 1275]
Event: 1.404 Thread 0x0000000002d1d800 Exception <a 'java/security/PrivilegedActionException'> (0x00000000ebd72b68) thrown at [D:\re\workspace\8-2-build-windows-amd64-cygwin\jdk8u20\1074\hotspot\src\share\vm\prims\jvm.cpp, line 1275]
Event: 2.883 Thread 0x0000000017215800 Exception <a 'java/lang/ArrayIndexOutOfBoundsException': 18> (0x00000000ebda49a8) thrown at [D:\re\workspace\8-2-build-windows-amd64-cygwin\jdk8u20\1074\hotspot\src\share\vm\interpreter\interpreterRuntime.cpp, line 366]
Event: 2.883 Thread 0x0000000017215800 Exception <a 'java/lang/ArrayIndexOutOfBoundsException'> (0x00000000ebda6440) thrown at [D:\re\workspace\8-2-build-windows-amd64-cygwin\jdk8u20\1074\hotspot\src\share\vm\runtime\sharedRuntime.cpp, line 604]
Event: 2.884 Thread 0x0000000017215800 Exception <a 'java/lang/ArrayIndexOutOfBoundsException'> (0x00000000ebda7658) thrown at [D:\re\workspace\8-2-build-windows-amd64-cygwin\jdk8u20\1074\hotspot\src\share\vm\runtime\sharedRuntime.cpp, line 604]
Event: 5.187 Thread 0x0000000002d1d800 Exception <a 'java/security/PrivilegedActionException'> (0x00000000ec9a1fe0) thrown at [D:\re\workspace\8-2-build-windows-amd64-cygwin\jdk8u20\1074\hotspot\src\share\vm\prims\jvm.cpp, line 1275]
Event: 5.378 Thread 0x0000000002d1d800 Exception <a 'java/security/PrivilegedActionException'> (0x00000000eca8fee8) thrown at [D:\re\workspace\8-2-build-windows-amd64-cygwin\jdk8u20\1074\hotspot\src\share\vm\prims\jvm.cpp, line 1275]
Event: 8.762 Thread 0x0000000002d1d800 Exception <a 'java/security/PrivilegedActionException'> (0x00000000ecfaf730) thrown at [D:\re\workspace\8-2-build-windows-amd64-cygwin\jdk8u20\1074\hotspot\src\share\vm\prims\jvm.cpp, line 1275]

Events (10 events):
Event: 5.378 loading class com/android/dx/dex/file/CatchStructs
Event: 5.378 loading class com/android/dx/dex/file/CatchStructs done
Event: 5.619 Thread 0x0000000002d1d800 DEOPT PACKING pc=0x00000000037fcf14 sp=0x0000000002e1f1b0
Event: 5.619 Thread 0x0000000002d1d800 DEOPT UNPACKING pc=0x0000000002f675bf sp=0x0000000002e1ef40 mode 0
Event: 5.843 Thread 0x0000000002d1d800 DEOPT PACKING pc=0x00000000037fd944 sp=0x0000000002e1f1e0
Event: 5.843 Thread 0x0000000002d1d800 DEOPT UNPACKING pc=0x0000000002f675bf sp=0x0000000002e1ef30 mode 0
Event: 5.891 Thread 0x0000000002d1d800 DEOPT PACKING pc=0x00000000037fe5c8 sp=0x0000000002e1f270
Event: 5.891 Thread 0x0000000002d1d800 DEOPT UNPACKING pc=0x0000000002f675bf sp=0x0000000002e1eff0 mode 0
Event: 8.760 loading class com/android/dx/dex/file/ProtoIdItem
Event: 8.760 loading class com/android/dx/dex/file/ProtoIdItem done


Dynamic libraries:
0x00007ff641a60000 - 0x00007ff641a94000 	C:\Program Files\Java\jdk1.8.0_20\bin\java.exe
0x00007ffc3a380000 - 0x00007ffc3a541000 	C:\WINDOWS\SYSTEM32\ntdll.dll
0x00007ffc38070000 - 0x00007ffc3811d000 	C:\WINDOWS\system32\KERNEL32.DLL
0x00007ffc36de0000 - 0x00007ffc36fc8000 	C:\WINDOWS\system32\KERNELBASE.dll
0x00007ffc37c20000 - 0x00007ffc37cc7000 	C:\WINDOWS\system32\ADVAPI32.dll
0x00007ffc3a2e0000 - 0x00007ffc3a37d000 	C:\WINDOWS\system32\msvcrt.dll
0x00007ffc38120000 - 0x00007ffc3817b000 	C:\WINDOWS\system32\sechost.dll
0x00007ffc37930000 - 0x00007ffc37a4c000 	C:\WINDOWS\system32\RPCRT4.dll
0x00007ffc37da0000 - 0x00007ffc37ef6000 	C:\WINDOWS\system32\USER32.dll
0x00007ffc39e10000 - 0x00007ffc39f96000 	C:\WINDOWS\system32\GDI32.dll
0x00007ffc2caf0000 - 0x00007ffc2cd64000 	C:\WINDOWS\WinSxS\amd64_microsoft.windows.common-controls_6595b64144ccf1df_6.0.10586.494_none_a2d8b04ea53e3145\COMCTL32.dll
0x00007ffc3a050000 - 0x00007ffc3a2cd000 	C:\WINDOWS\system32\combase.dll
0x00007ffc36a30000 - 0x00007ffc36a9a000 	C:\WINDOWS\system32\bcryptPrimitives.dll
0x00007ffc39fa0000 - 0x00007ffc39fdb000 	C:\WINDOWS\system32\IMM32.DLL
0x000000006b990000 - 0x000000006ba62000 	C:\Program Files\Java\jdk1.8.0_20\jre\bin\msvcr100.dll
0x0000000069450000 - 0x0000000069ca8000 	C:\Program Files\Java\jdk1.8.0_20\jre\bin\server\jvm.dll
0x00007ffc39fe0000 - 0x00007ffc39fe8000 	C:\WINDOWS\system32\PSAPI.DLL
0x00007ffc348f0000 - 0x00007ffc34913000 	C:\WINDOWS\SYSTEM32\WINMM.dll
0x00007ffc29b70000 - 0x00007ffc29b79000 	C:\WINDOWS\SYSTEM32\WSOCK32.dll
0x00007ffc38180000 - 0x00007ffc381eb000 	C:\WINDOWS\system32\WS2_32.dll
0x00007ffc34890000 - 0x00007ffc348bc000 	C:\WINDOWS\SYSTEM32\WINMMBASE.dll
0x00007ffc37730000 - 0x00007ffc37773000 	C:\WINDOWS\system32\cfgmgr32.dll
0x000000006b960000 - 0x000000006b96f000 	C:\Program Files\Java\jdk1.8.0_20\jre\bin\verify.dll
0x000000006b860000 - 0x000000006b888000 	C:\Program Files\Java\jdk1.8.0_20\jre\bin\java.dll
0x000000006b940000 - 0x000000006b956000 	C:\Program Files\Java\jdk1.8.0_20\jre\bin\zip.dll
0x00007ffc38260000 - 0x00007ffc397bc000 	C:\WINDOWS\system32\SHELL32.dll
0x00007ffc37030000 - 0x00007ffc37675000 	C:\WINDOWS\system32\windows.storage.dll
0x00007ffc39ff0000 - 0x00007ffc3a042000 	C:\WINDOWS\system32\shlwapi.dll
0x00007ffc369c0000 - 0x00007ffc369cf000 	C:\WINDOWS\system32\kernel.appcore.dll
0x00007ffc36c70000 - 0x00007ffc36d25000 	C:\WINDOWS\system32\shcore.dll
0x00007ffc369e0000 - 0x00007ffc36a2b000 	C:\WINDOWS\system32\powrprof.dll
0x00007ffc369a0000 - 0x00007ffc369b4000 	C:\WINDOWS\system32\profapi.dll
0x00007ffc25410000 - 0x00007ffc2559c000 	C:\WINDOWS\SYSTEM32\dbghelp.dll

VM Arguments:
jvm_args: -Djava.awt.headless=true -Xmx1024M -Dfile.encoding=windows-1252 -Duser.country=US -Duser.language=en -Duser.variant 
java_command: com.android.dx.command.Main --dex --num-threads=4 --output C:\Users\Jadon\WorkSpace3Y\SoftwareDesign\FindMeTutor\FindMeTutor\app\build\intermediates\pre-dexed\debug\com.android.support-support-v4-24.1.1_8187fd514d3a9134c57f394292e83fcada2a905a.jar C:\Users\Jadon\WorkSpace3Y\SoftwareDesign\FindMeTutor\FindMeTutor\app\build\intermediates\exploded-aar\com.android.support\support-v4\24.1.1\jars\classes.jar
java_class_path (initial): C:\Users\Jadon\AppData\Local\Android\sdk\build-tools\24.0.1\lib\dx.jar
Launcher Type: SUN_STANDARD

Environment Variables:
PATH=C:\ProgramData\Oracle\Java\javapath;C:\Program Files (x86)\AMD APP\bin\x86_64;C:\Program Files (x86)\AMD APP\bin\x86;C:\Program Files (x86)\Intel\iCLS Client\;C:\Program Files\Intel\iCLS Client\;C:\WINDOWS\system32;C:\WINDOWS;C:\WINDOWS\System32\Wbem;C:\WINDOWS\System32\WindowsPowerShell\v1.0\;C:\Program Files\Intel\WiFi\bin\;C:\Program Files\Common Files\Intel\WirelessCommon\;C:\Program Files\Intel\Intel(R) Management Engine Components\DAL;C:\Program Files\Intel\Intel(R) Management Engine Components\IPT;C:\Program Files (x86)\Intel\Intel(R) Management Engine Components\DAL;C:\Program Files (x86)\Intel\Intel(R) Management Engine Components\IPT;C:\Program Files (x86)\ATI Technologies\ATI.ACE\Core-Static;C:\Program Files (x86)\Intel\OpenCL SDK\2.0\bin\x86;C:\Program Files (x86)\Intel\OpenCL SDK\2.0\bin\x64;C:\Program Files (x86)\QuickTime\QTSystem\;C:\Program Files\MATLAB\R2013b\runtime\win64;C:\Program Files\MATLAB\R2013b\bin;C:\WINDOWS\system32\config\systemprofile\.dnx\bin;C:\Program Files\Microsoft DNX\Dnvm\;C:\Program Files\Microsoft SQL Server\130\Tools\Binn\;C:\Program Files (x86)\Windows Kits\8.1\Windows Performance Toolkit\;C:\Program Files\MiKTeX 2.9\miktex\bin\x64\;C:\Program Files (x86)\MiKTeX 2.9\miktex\bin\;C:\Program Files (x86)\Graphviz2.38\bin;C:\Program Files\doxygen\bin;C:\Program Files\Git\cmd;C:\Program Files (x86)\OpenVPN\bin;C:\Users\Jadon\AppData\Local\Programs\Python\Python35\Scripts\;C:\Users\Jadon\AppData\Local\Programs\Python\Python35\;C:\Program Files\Intel\WiFi\bin\;C:\Program Files\Common Files\Intel\WirelessCommon\
USERNAME=Jadon
OS=Windows_NT
PROCESSOR_IDENTIFIER=Intel64 Family 6 Model 58 Stepping 9, GenuineIntel



---------------  S Y S T E M  ---------------

OS: Windows 8.1 , 64 bit Build 9600 

CPU:total 4 (2 cores per cpu, 2 threads per core) family 6 model 58 stepping 9, cmov, cx8, fxsr, mmx, sse, sse2, sse3, ssse3, sse4.1, sse4.2, popcnt, avx, aes, clmul, erms, ht, tsc, tscinvbit, tscinv

Memory: 4k page, physical 8267032k(1218144k free), swap 10217752k(64492k free)

vm_info: Java HotSpot(TM) 64-Bit Server VM (25.20-b23) for windows-amd64 JRE (1.8.0_20-b26), built on Jul 30 2014 13:51:23 by "java_re" with MS VC++ 10.0 (VS2010)

time: Tue Sep 06 21:32:17 2016
elapsed time: 9 seconds (0d 0h 0m 9s)

