#
# There is insufficient memory for the Java Runtime Environment to continue.
# Native memory allocation (malloc) failed to allocate 32784 bytes for Chunk::new
# Possible reasons:
#   The system is out of physical RAM or swap space
#   In 32 bit mode, the process size limit was hit
# Possible solutions:
#   Reduce memory load on the system
#   Increase physical memory or swap space
#   Check if swap backing store is full
#   Use 64 bit Java on a 64 bit OS
#   Decrease Java heap size (-Xmx/-Xms)
#   Decrease number of Java threads
#   Decrease Java thread stack sizes (-Xss)
#   Set larger code cache with -XX:ReservedCodeCacheSize=
# This output file may be truncated or incomplete.
#
#  Out of Memory Error (allocation.cpp:390), pid=11508, tid=8988
#
# JRE version: Java(TM) SE Runtime Environment (8.0_20-b26) (build 1.8.0_20-b26)
# Java VM: Java HotSpot(TM) 64-Bit Server VM (25.20-b23 mixed mode windows-amd64 compressed oops)
# Failed to write core dump. Minidumps are not enabled by default on client versions of Windows
#

---------------  T H R E A D  ---------------

Current thread (0x000000001493f800):  JavaThread "C2 CompilerThread1" daemon [_thread_in_native, id=8988, stack(0x0000000015fb0000,0x00000000160b0000)]

Stack: [0x0000000015fb0000,0x00000000160b0000]
Native frames: (J=compiled Java code, j=interpreted, Vv=VM code, C=native code)
V  [jvm.dll+0x3152fa]
V  [jvm.dll+0x265d03]
V  [jvm.dll+0x266943]
V  [jvm.dll+0x25e265]
V  [jvm.dll+0xbe255]
V  [jvm.dll+0xbe6fc]
V  [jvm.dll+0xbe9a4]
V  [jvm.dll+0x4e4e30]
V  [jvm.dll+0x4e69c3]
V  [jvm.dll+0x4c2b23]
V  [jvm.dll+0x46c56b]
V  [jvm.dll+0x4e1da0]
V  [jvm.dll+0x4e2087]
V  [jvm.dll+0x4df1dc]
V  [jvm.dll+0x4d9ae7]
V  [jvm.dll+0x4d9e69]
V  [jvm.dll+0x4da3d6]
V  [jvm.dll+0x436ec1]
V  [jvm.dll+0x4375d2]
V  [jvm.dll+0x437511]
V  [jvm.dll+0x45b2c4]
V  [jvm.dll+0x4e0fd8]
V  [jvm.dll+0x4d9ae7]
V  [jvm.dll+0x4d9e69]
V  [jvm.dll+0x4da3d6]
V  [jvm.dll+0x436ec1]
V  [jvm.dll+0x45b2c4]
V  [jvm.dll+0x4e0fd8]
V  [jvm.dll+0x4d9ae7]
V  [jvm.dll+0x4d9e69]
V  [jvm.dll+0x4da3d6]
V  [jvm.dll+0x436ec1]
V  [jvm.dll+0x4375d2]
V  [jvm.dll+0x45b2c4]
V  [jvm.dll+0x4e0fd8]
V  [jvm.dll+0x4d9ae7]
V  [jvm.dll+0x4d9e69]
V  [jvm.dll+0x4da3d6]
V  [jvm.dll+0x436ec1]
V  [jvm.dll+0x45b2c4]
V  [jvm.dll+0x4e0fd8]
V  [jvm.dll+0x4d9ae7]
V  [jvm.dll+0x4d9e69]
V  [jvm.dll+0x4da3d6]
V  [jvm.dll+0x436ec1]
V  [jvm.dll+0x45243b]
V  [jvm.dll+0x435fc2]
V  [jvm.dll+0x97b62]
V  [jvm.dll+0x98353]
V  [jvm.dll+0x22aac4]
V  [jvm.dll+0x283f5a]
C  [msvcr100.dll+0x21d9f]
C  [msvcr100.dll+0x21e3b]
C  [KERNEL32.DLL+0x18102]
C  [ntdll.dll+0x5c5b4]


Current CompileTask:
C2:   4207 1583       4       com.android.dx.ssa.SCCP::simulateBranch (666 bytes)


---------------  P R O C E S S  ---------------

Java Threads: ( => current thread )
  0x00000000164c7800 JavaThread "pool-1-thread-4" [_thread_in_Java, id=12944, stack(0x00000000173b0000,0x00000000174b0000)]
  0x000000001647d000 JavaThread "pool-1-thread-3" [_thread_in_Java, id=12764, stack(0x00000000172b0000,0x00000000173b0000)]
  0x00000000163ee800 JavaThread "pool-1-thread-2" [_thread_in_Java, id=13976, stack(0x00000000171b0000,0x00000000172b0000)]
  0x0000000016514800 JavaThread "pool-2-thread-1" [_thread_blocked, id=12820, stack(0x00000000170b0000,0x00000000171b0000)]
  0x000000001650f800 JavaThread "pool-1-thread-1" [_thread_in_Java, id=14624, stack(0x0000000016fb0000,0x00000000170b0000)]
  0x000000001499c000 JavaThread "Service Thread" daemon [_thread_blocked, id=11048, stack(0x00000000165b0000,0x00000000166b0000)]
  0x000000001497c000 JavaThread "C1 CompilerThread2" daemon [_thread_blocked, id=13924, stack(0x00000000160b0000,0x00000000161b0000)]
=>0x000000001493f800 JavaThread "C2 CompilerThread1" daemon [_thread_in_native, id=8988, stack(0x0000000015fb0000,0x00000000160b0000)]
  0x000000001493d800 JavaThread "C2 CompilerThread0" daemon [_thread_in_native, id=7500, stack(0x0000000015eb0000,0x0000000015fb0000)]
  0x000000001493b000 JavaThread "Attach Listener" daemon [_thread_blocked, id=12984, stack(0x0000000015db0000,0x0000000015eb0000)]
  0x000000001493a000 JavaThread "Signal Dispatcher" daemon [_thread_blocked, id=2192, stack(0x0000000015cb0000,0x0000000015db0000)]
  0x000000000225f000 JavaThread "Finalizer" daemon [_thread_blocked, id=1924, stack(0x0000000015bb0000,0x0000000015cb0000)]
  0x0000000014908000 JavaThread "Reference Handler" daemon [_thread_blocked, id=3268, stack(0x0000000015ab0000,0x0000000015bb0000)]
  0x00000000008ed800 JavaThread "main" [_thread_in_Java, id=4132, stack(0x0000000002070000,0x0000000002170000)]

Other Threads:
  0x0000000014906000 VMThread [stack: 0x00000000159b0000,0x0000000015ab0000] [id=13116]
  0x000000001499e800 WatcherThread [stack: 0x00000000166b0000,0x00000000167b0000] [id=10432]

VM state:not at safepoint (normal execution)

VM Mutex/Monitor currently owned by a thread: None

Heap:
 PSYoungGen      total 38400K, used 20236K [0x00000000eab00000, 0x00000000ed580000, 0x0000000100000000)
  eden space 33280K, 45% used [0x00000000eab00000,0x00000000eb9c4880,0x00000000ecb80000)
  from space 5120K, 99% used [0x00000000ed080000,0x00000000ed57e7d8,0x00000000ed580000)
  to   space 5120K, 0% used [0x00000000ecb80000,0x00000000ecb80000,0x00000000ed080000)
 ParOldGen       total 87552K, used 6196K [0x00000000c0000000, 0x00000000c5580000, 0x00000000eab00000)
  object space 87552K, 7% used [0x00000000c0000000,0x00000000c060d0d0,0x00000000c5580000)
 Metaspace       used 6158K, capacity 7088K, committed 7296K, reserved 1056768K
  class space    used 593K, capacity 616K, committed 640K, reserved 1048576K

Card table byte_map: [0x0000000011630000,0x0000000011840000] byte_map_base: 0x0000000011030000

Marking Bits: (ParMarkBitMap*) 0x00000000546eb460
 Begin Bits: [0x0000000011da0000, 0x0000000012da0000)
 End Bits:   [0x0000000012da0000, 0x0000000013da0000)

Polling page: 0x00000000001f0000

CodeCache: size=245760Kb used=6378Kb max_used=6378Kb free=239381Kb
 bounds [0x0000000002270000, 0x00000000028b0000, 0x0000000011270000]
 total_blobs=1871 nmethods=1606 adapters=178
 compilation: enabled

Compilation events (10 events):
Event: 4.147 Thread 0x000000001493d800 1570       4       com.android.dx.ssa.SsaRenamer$BlockRenamer::process (191 bytes)
Event: 4.147 Thread 0x000000001493f800 1583       4       com.android.dx.ssa.SCCP::simulateBranch (666 bytes)
Event: 4.148 Thread 0x000000001497c000 nmethod 1585 0x0000000002868cd0 code [0x0000000002868e60, 0x0000000002869228]
Event: 4.148 Thread 0x000000001497c000 1571       2       java.util.HashMap::get (23 bytes)
Event: 4.148 Thread 0x000000001497c000 nmethod 1571 0x00000000028687d0 code [0x0000000002868940, 0x0000000002868b38]
Event: 4.148 Thread 0x000000001497c000 1573       3       com.android.dx.rop.code.RegisterSpec::equals (51 bytes)
Event: 4.149 Thread 0x000000001497c000 nmethod 1573 0x000000000288e690 code [0x000000000288e820, 0x000000000288edb8]
Event: 4.149 Thread 0x000000001497c000 1587       1       com.android.dx.ssa.PhiInsn::getOriginalRopInsn (2 bytes)
Event: 4.149 Thread 0x000000001497c000 nmethod 1587 0x00000000028840d0 code [0x0000000002884220, 0x0000000002884330]
Event: 4.149 Thread 0x000000001497c000 1577       3       com.android.dx.cf.direct.StdAttributeFactory::code (613 bytes)

GC Heap History (4 events):
Event: 2.320 GC heap before
{Heap before GC invocations=1 (full 0):
 PSYoungGen      total 38400K, used 33280K [0x00000000eab00000, 0x00000000ed580000, 0x0000000100000000)
  eden space 33280K, 100% used [0x00000000eab00000,0x00000000ecb80000,0x00000000ecb80000)
  from space 5120K, 0% used [0x00000000ed080000,0x00000000ed080000,0x00000000ed580000)
  to   space 5120K, 0% used [0x00000000ecb80000,0x00000000ecb80000,0x00000000ed080000)
 ParOldGen       total 87552K, used 0K [0x00000000c0000000, 0x00000000c5580000, 0x00000000eab00000)
  object space 87552K, 0% used [0x00000000c0000000,0x00000000c0000000,0x00000000c5580000)
 Metaspace       used 5933K, capacity 6896K, committed 7040K, reserved 1056768K
  class space    used 590K, capacity 616K, committed 640K, reserved 1048576K
Event: 2.329 GC heap after
Heap after GC invocations=1 (full 0):
 PSYoungGen      total 38400K, used 5113K [0x00000000eab00000, 0x00000000ed580000, 0x0000000100000000)
  eden space 33280K, 0% used [0x00000000eab00000,0x00000000eab00000,0x00000000ecb80000)
  from space 5120K, 99% used [0x00000000ecb80000,0x00000000ed07e470,0x00000000ed080000)
  to   space 5120K, 0% used [0x00000000ed080000,0x00000000ed080000,0x00000000ed580000)
 ParOldGen       total 87552K, used 1447K [0x00000000c0000000, 0x00000000c5580000, 0x00000000eab00000)
  object space 87552K, 1% used [0x00000000c0000000,0x00000000c0169fa8,0x00000000c5580000)
 Metaspace       used 5933K, capacity 6896K, committed 7040K, reserved 1056768K
  class space    used 590K, capacity 616K, committed 640K, reserved 1048576K
}
Event: 3.834 GC heap before
{Heap before GC invocations=2 (full 0):
 PSYoungGen      total 38400K, used 38393K [0x00000000eab00000, 0x00000000ed580000, 0x0000000100000000)
  eden space 33280K, 100% used [0x00000000eab00000,0x00000000ecb80000,0x00000000ecb80000)
  from space 5120K, 99% used [0x00000000ecb80000,0x00000000ed07e470,0x00000000ed080000)
  to   space 5120K, 0% used [0x00000000ed080000,0x00000000ed080000,0x00000000ed580000)
 ParOldGen       total 87552K, used 1447K [0x00000000c0000000, 0x00000000c5580000, 0x00000000eab00000)
  object space 87552K, 1% used [0x00000000c0000000,0x00000000c0169fa8,0x00000000c5580000)
 Metaspace       used 6141K, capacity 7088K, committed 7296K, reserved 1056768K
  class space    used 593K, capacity 616K, committed 640K, reserved 1048576K
Event: 4.121 GC heap after
Heap after GC invocations=2 (full 0):
 PSYoungGen      total 38400K, used 5113K [0x00000000eab00000, 0x00000000ed580000, 0x0000000100000000)
  eden space 33280K, 0% used [0x00000000eab00000,0x00000000eab00000,0x00000000ecb80000)
  from space 5120K, 99% used [0x00000000ed080000,0x00000000ed57e7d8,0x00000000ed580000)
  to   space 5120K, 0% used [0x00000000ecb80000,0x00000000ecb80000,0x00000000ed080000)
 ParOldGen       total 87552K, used 6196K [0x00000000c0000000, 0x00000000c5580000, 0x00000000eab00000)
  object space 87552K, 7% used [0x00000000c0000000,0x00000000c060d0d0,0x00000000c5580000)
 Metaspace       used 6141K, capacity 7088K, committed 7296K, reserved 1056768K
  class space    used 593K, capacity 616K, committed 640K, reserved 1048576K
}

Deoptimization events (10 events):
Event: 2.893 Thread 0x00000000163ee800 Uncommon trap: reason=bimorphic action=maybe_recompile pc=0x00000000024c63c8 method=java.util.HashMap.getNode(ILjava/lang/Object;)Ljava/util/HashMap$Node; @ 126
Event: 2.893 Thread 0x00000000163ee800 Uncommon trap: reason=bimorphic action=maybe_recompile pc=0x00000000024c63c8 method=java.util.HashMap.getNode(ILjava/lang/Object;)Ljava/util/HashMap$Node; @ 126
Event: 2.950 Thread 0x00000000008ed800 Uncommon trap: reason=class_check action=maybe_recompile pc=0x000000000255826c method=com.android.dx.rop.type.Type.equals(Ljava/lang/Object;)Z @ 8
Event: 2.950 Thread 0x00000000008ed800 Uncommon trap: reason=class_check action=maybe_recompile pc=0x000000000255826c method=com.android.dx.rop.type.Type.equals(Ljava/lang/Object;)Z @ 8
Event: 2.951 Thread 0x000000001647d000 Uncommon trap: reason=bimorphic action=maybe_recompile pc=0x000000000249cc4c method=java.util.HashMap.getNode(ILjava/lang/Object;)Ljava/util/HashMap$Node; @ 126
Event: 2.951 Thread 0x000000001647d000 Uncommon trap: reason=class_check action=maybe_recompile pc=0x000000000274dd3c method=java.util.HashMap.putVal(ILjava/lang/Object;Ljava/lang/Object;ZZ)Ljava/lang/Object; @ 203
Event: 2.952 Thread 0x00000000008ed800 Uncommon trap: reason=class_check action=maybe_recompile pc=0x000000000255826c method=com.android.dx.rop.type.Type.equals(Ljava/lang/Object;)Z @ 8
Event: 2.952 Thread 0x00000000008ed800 Uncommon trap: reason=class_check action=maybe_recompile pc=0x000000000255826c method=com.android.dx.rop.type.Type.equals(Ljava/lang/Object;)Z @ 8
Event: 3.799 Thread 0x00000000008ed800 Uncommon trap: reason=class_check action=maybe_recompile pc=0x00000000024c6410 method=com.android.dx.rop.type.Type.equals(Ljava/lang/Object;)Z @ 8
Event: 3.823 Thread 0x00000000008ed800 Uncommon trap: reason=bimorphic action=maybe_recompile pc=0x000000000249cc4c method=java.util.HashMap.getNode(ILjava/lang/Object;)Ljava/util/HashMap$Node; @ 126

Internal exceptions (10 events):
Event: 1.640 Thread 0x000000001647d000 Exception <a 'java/security/PrivilegedActionException'> (0x00000000ebb27e88) thrown at [D:\re\workspace\8-2-build-windows-amd64-cygwin\jdk8u20\1074\hotspot\src\share\vm\prims\jvm.cpp, line 1275]
Event: 1.644 Thread 0x000000001650f800 Exception <a 'java/security/PrivilegedActionException'> (0x00000000ebd84540) thrown at [D:\re\workspace\8-2-build-windows-amd64-cygwin\jdk8u20\1074\hotspot\src\share\vm\prims\jvm.cpp, line 1275]
Event: 1.645 Thread 0x000000001650f800 Exception <a 'java/security/PrivilegedActionException'> (0x00000000ebd89f30) thrown at [D:\re\workspace\8-2-build-windows-amd64-cygwin\jdk8u20\1074\hotspot\src\share\vm\prims\jvm.cpp, line 1275]
Event: 1.646 Thread 0x000000001650f800 Exception <a 'java/security/PrivilegedActionException'> (0x00000000ebd8f6a0) thrown at [D:\re\workspace\8-2-build-windows-amd64-cygwin\jdk8u20\1074\hotspot\src\share\vm\prims\jvm.cpp, line 1275]
Event: 1.652 Thread 0x00000000008ed800 Exception <a 'java/security/PrivilegedActionException'> (0x00000000ebd36958) thrown at [D:\re\workspace\8-2-build-windows-amd64-cygwin\jdk8u20\1074\hotspot\src\share\vm\prims\jvm.cpp, line 1275]
Event: 1.706 Thread 0x000000001650f800 Exception <a 'java/security/PrivilegedActionException'> (0x00000000ebdda3d8) thrown at [D:\re\workspace\8-2-build-windows-amd64-cygwin\jdk8u20\1074\hotspot\src\share\vm\prims\jvm.cpp, line 1275]
Event: 1.966 Thread 0x00000000008ed800 Exception <a 'java/security/PrivilegedActionException'> (0x00000000ebf07f28) thrown at [D:\re\workspace\8-2-build-windows-amd64-cygwin\jdk8u20\1074\hotspot\src\share\vm\prims\jvm.cpp, line 1275]
Event: 1.967 Thread 0x00000000008ed800 Exception <a 'java/security/PrivilegedActionException'> (0x00000000ebf0a710) thrown at [D:\re\workspace\8-2-build-windows-amd64-cygwin\jdk8u20\1074\hotspot\src\share\vm\prims\jvm.cpp, line 1275]
Event: 2.405 Thread 0x000000001650f800 Implicit null exception at 0x000000000255f462 to 0x000000000255f552
Event: 2.871 Thread 0x00000000163ee800 Exception <a 'java/security/PrivilegedActionException'> (0x00000000eb97b2f8) thrown at [D:\re\workspace\8-2-build-windows-amd64-cygwin\jdk8u20\1074\hotspot\src\share\vm\prims\jvm.cpp, line 1275]

Events (10 events):
Event: 2.952 Thread 0x00000000008ed800 DEOPT PACKING pc=0x000000000255826c sp=0x000000000216df70
Event: 2.952 Thread 0x00000000008ed800 DEOPT UNPACKING pc=0x00000000022b556a sp=0x000000000216dea8 mode 2
Event: 3.799 Thread 0x00000000008ed800 Uncommon trap: trap_request=0xffffffde fr.pc=0x00000000024c6410
Event: 3.799 Thread 0x00000000008ed800 DEOPT PACKING pc=0x00000000024c6410 sp=0x000000000216e0d0
Event: 3.799 Thread 0x00000000008ed800 DEOPT UNPACKING pc=0x00000000022b556a sp=0x000000000216de48 mode 2
Event: 3.823 Thread 0x00000000008ed800 Uncommon trap: trap_request=0xffffffc6 fr.pc=0x000000000249cc4c
Event: 3.823 Thread 0x00000000008ed800 DEOPT PACKING pc=0x000000000249cc4c sp=0x000000000216df50
Event: 3.823 Thread 0x00000000008ed800 DEOPT UNPACKING pc=0x00000000022b556a sp=0x000000000216ded8 mode 2
Event: 3.833 Executing VM operation: ParallelGCFailedAllocation
Event: 4.121 Executing VM operation: ParallelGCFailedAllocation done


Dynamic libraries:
0x00007ff668390000 - 0x00007ff6683c4000 	C:\Program Files\Java\jdk1.8.0_20\bin\java.exe
0x00007ff87a1c0000 - 0x00007ff87a381000 	C:\WINDOWS\SYSTEM32\ntdll.dll
0x00007ff878700000 - 0x00007ff8787ad000 	C:\WINDOWS\system32\KERNEL32.DLL
0x00007ff877160000 - 0x00007ff877348000 	C:\WINDOWS\system32\KERNELBASE.dll
0x00007ff877c00000 - 0x00007ff877ca7000 	C:\WINDOWS\system32\ADVAPI32.dll
0x00007ff8787b0000 - 0x00007ff87884d000 	C:\WINDOWS\system32\msvcrt.dll
0x00007ff878540000 - 0x00007ff87859b000 	C:\WINDOWS\system32\sechost.dll
0x00007ff877990000 - 0x00007ff877aac000 	C:\WINDOWS\system32\RPCRT4.dll
0x00007ff8785a0000 - 0x00007ff8786f6000 	C:\WINDOWS\system32\USER32.dll
0x00007ff87a020000 - 0x00007ff87a1a6000 	C:\WINDOWS\system32\GDI32.dll
0x00007ff869f30000 - 0x00007ff86a1a4000 	C:\WINDOWS\WinSxS\amd64_microsoft.windows.common-controls_6595b64144ccf1df_6.0.10586.0_none_8c15ae12515e1c22\COMCTL32.dll
0x00007ff877610000 - 0x00007ff87788d000 	C:\WINDOWS\system32\combase.dll
0x00007ff877400000 - 0x00007ff87746a000 	C:\WINDOWS\system32\bcryptPrimitives.dll
0x00007ff877e30000 - 0x00007ff877e6b000 	C:\WINDOWS\system32\IMM32.DLL
0x0000000054770000 - 0x0000000054842000 	C:\Program Files\Java\jdk1.8.0_20\jre\bin\msvcr100.dll
0x0000000053f10000 - 0x0000000054768000 	C:\Program Files\Java\jdk1.8.0_20\jre\bin\server\jvm.dll
0x00007ff877980000 - 0x00007ff877988000 	C:\WINDOWS\system32\PSAPI.DLL
0x00007ff86c970000 - 0x00007ff86c979000 	C:\WINDOWS\SYSTEM32\WSOCK32.dll
0x00007ff874fb0000 - 0x00007ff874fd3000 	C:\WINDOWS\SYSTEM32\WINMM.dll
0x00007ff8775a0000 - 0x00007ff87760b000 	C:\WINDOWS\system32\WS2_32.dll
0x0000000002040000 - 0x000000000206c000 	C:\WINDOWS\SYSTEM32\WINMMBASE.dll
0x00007ff877490000 - 0x00007ff8774d3000 	C:\WINDOWS\system32\cfgmgr32.dll
0x0000000053f00000 - 0x0000000053f0f000 	C:\Program Files\Java\jdk1.8.0_20\jre\bin\verify.dll
0x0000000053ed0000 - 0x0000000053ef8000 	C:\Program Files\Java\jdk1.8.0_20\jre\bin\java.dll
0x0000000053eb0000 - 0x0000000053ec6000 	C:\Program Files\Java\jdk1.8.0_20\jre\bin\zip.dll
0x00007ff878900000 - 0x00007ff879e5c000 	C:\WINDOWS\system32\SHELL32.dll
0x00007ff876ab0000 - 0x00007ff8770f5000 	C:\WINDOWS\system32\windows.storage.dll
0x00007ff877fe0000 - 0x00007ff878032000 	C:\WINDOWS\system32\shlwapi.dll
0x00007ff876840000 - 0x00007ff87684f000 	C:\WINDOWS\system32\kernel.appcore.dll
0x00007ff8774e0000 - 0x00007ff877595000 	C:\WINDOWS\system32\shcore.dll
0x00007ff8767f0000 - 0x00007ff87683b000 	C:\WINDOWS\system32\powrprof.dll
0x00007ff8767c0000 - 0x00007ff8767d4000 	C:\WINDOWS\system32\profapi.dll
0x00007ff86ba30000 - 0x00007ff86bbbc000 	C:\WINDOWS\SYSTEM32\dbghelp.dll

VM Arguments:
jvm_args: -Djava.awt.headless=true -Xmx1024M -Dfile.encoding=windows-1252 -Duser.country=US -Duser.language=en -Duser.variant 
java_command: com.android.dx.command.Main --dex --num-threads=4 --output C:\Users\admin\Documents\GitHub\SoftwareDesign\FindMeTutor\FindMeTutor\app\build\intermediates\pre-dexed\debug\com.android.support-design-24.1.1_988bb76f4ec1317419ead4efb5cd3ebee16ddbe8.jar C:\Users\admin\Documents\GitHub\SoftwareDesign\FindMeTutor\FindMeTutor\app\build\intermediates\exploded-aar\com.android.support\design\24.1.1\jars\classes.jar
java_class_path (initial): C:\Users\admin\AppData\Local\Android\sdk\build-tools\24.0.1\lib\dx.jar
Launcher Type: SUN_STANDARD

Environment Variables:
PATH=C:\ProgramData\Oracle\Java\javapath;C:\Program Files (x86)\Intel\iCLS Client\;C:\Program Files\Intel\iCLS Client\;C:\WINDOWS\system32;C:\WINDOWS;C:\WINDOWS\System32\Wbem;C:\WINDOWS\System32\WindowsPowerShell\v1.0\;C:\Program Files\Intel\Intel(R) Management Engine Components\DAL;C:\Program Files\Intel\Intel(R) Management Engine Components\IPT;C:\Program Files (x86)\Intel\Intel(R) Management Engine Components\DAL;C:\Program Files (x86)\Intel\Intel(R) Management Engine Components\IPT;C:\Program Files\WIDCOMM\Bluetooth Software\;C:\Program Files\WIDCOMM\Bluetooth Software\syswow64;C:\Program Files (x86)\Intel\OpenCL SDK\2.0\bin\x86;C:\Program Files (x86)\Intel\OpenCL SDK\2.0\bin\x64;C:\Program Files\Intel\WiFi\bin\;C:\Program Files\Common Files\Intel\WirelessCommon\;c:\Program Files (x86)\Microsoft SQL Server\100\Tools\Binn\;c:\Program Files\Microsoft SQL Server\100\Tools\Binn\;c:\Program Files\Microsoft SQL Server\100\DTS\Binn\;C:\Program Files (x86)\MySQL\MySQL Fabric 1.5.4 & MySQL Utilities 1.5.4 1.5\;C:\Program Files (x86)\MySQL\MySQL Fabric 1.5.4 & MySQL Utilities 1.5.4 1.5\Doctrine extensions for PHP\;C:\Program Files (x86)\Borland\Delphi7\Bin;C:\Program Files (x86)\Borland\Delphi7\Projects\Bpl;C:\Program Files (x86)\Borland\Delphi7\Rave5;C:\Program Files\Git\cmd;C:\Program Files\Intel\WiFi\bin\;C:\Program Files\Common Files\Intel\WirelessCommon\
USERNAME=admin
OS=Windows_NT
PROCESSOR_IDENTIFIER=Intel64 Family 6 Model 58 Stepping 9, GenuineIntel



---------------  S Y S T E M  ---------------

OS: Windows 8.1 , 64 bit Build 9600 

CPU:total 4 (2 cores per cpu, 2 threads per core) family 6 model 58 stepping 9, cmov, cx8, fxsr, mmx, sse, sse2, sse3, ssse3, sse4.1, sse4.2, popcnt, avx, aes, clmul, erms, ht, tsc, tscinvbit, tscinv

Memory: 4k page, physical 8258576k(1814176k free), swap 10306576k(2976k free)

vm_info: Java HotSpot(TM) 64-Bit Server VM (25.20-b23) for windows-amd64 JRE (1.8.0_20-b26), built on Jul 30 2014 13:51:23 by "java_re" with MS VC++ 10.0 (VS2010)

time: Tue Sep 06 22:15:39 2016
elapsed time: 4 seconds (0d 0h 0m 4s)

