JvmtiExport can_access_local_variables 0
JvmtiExport can_hotswap_or_post_breakpoint 0
JvmtiExport can_post_on_exceptions 0
# 245 ciObject found
ciMethod java/lang/Object <init> ()V 4097 1 259607 0 0
ciMethod java/lang/Object equals (Ljava/lang/Object;)Z 4097 1 5877 0 64
ciMethod java/lang/Long numberOfTrailingZeros (J)I 2049 1 5386 0 -1
ciMethod java/util/Collection iterator ()Ljava/util/Iterator; 0 0 1 0 -1
ciMethod java/util/List iterator ()Ljava/util/Iterator; 0 0 1 0 -1
ciMethod java/util/AbstractList <init> ()V 377 1 37421 0 32
ciMethod java/util/AbstractCollection <init> ()V 265 1 44480 0 0
ciMethod java/util/Collections unmodifiableList (Ljava/util/List;)Ljava/util/List; 4097 1 5595 0 0
ciMethod java/util/Iterator hasNext ()Z 0 0 1 0 -1
ciMethod java/util/Iterator next ()Ljava/lang/Object; 0 0 1 0 -1
ciMethod java/util/ArrayList <init> ()V 129 1 21336 0 64
ciMethod java/util/ArrayList size ()I 1025 1 128 0 -1
ciMethod java/util/ArrayList indexOf (Ljava/lang/Object;)I 2689 553 2740 0 0
ciMethod java/util/ArrayList elementData (I)Ljava/lang/Object; 1977 1 290531 0 0
ciMethod java/util/ArrayList get (I)Ljava/lang/Object; 1977 1 281965 0 128
ciMethod java/util/ArrayList add (Ljava/lang/Object;)Z 641 1 73870 0 -1
ciMethod java/util/ArrayList rangeCheck (I)V 1977 1 290538 0 0
ciMethod java/util/ArrayList iterator ()Ljava/util/Iterator; 2049 1 33285 0 192
ciMethod java/util/ArrayList access$100 (Ljava/util/ArrayList;)I 1121 1 140 0 0
ciMethod java/util/Collections$UnmodifiableRandomAccessList <init> (Ljava/util/List;)V 4097 1 5595 0 0
ciMethod java/util/Collections$UnmodifiableList <init> (Ljava/util/List;)V 4097 1 5595 0 0
ciMethod java/util/Collections$UnmodifiableCollection <init> (Ljava/util/Collection;)V 6313 1 5757 0 0
ciMethod java/util/Collections$UnmodifiableCollection iterator ()Ljava/util/Iterator; 4097 1 9318 0 0
ciMethod java/lang/Enum ordinal ()I 1025 1 128 0 -1
ciMethodData java/lang/Object <init> ()V 2 259607 orig 264 184 126 215 80 0 0 0 0 136 4 59 20 0 0 0 0 32 1 0 0 0 0 0 0 0 0 0 0 0 0 0 0 0 0 0 0 0 0 0 0 0 0 0 0 0 0 0 0 0 0 0 0 0 0 0 0 0 0 0 0 0 0 0 0 0 0 0 0 0 0 0 0 0 0 0 0 0 0 0 0 77 68 79 32 101 120 116 114 97 32 100 97 116 97 32 108 111 99 107 0 0 0 0 0 0 0 0 0 0 0 0 0 0 0 0 0 0 0 0 0 0 0 0 0 0 0 0 0 0 0 0 0 0 0 0 0 0 0 0 0 0 0 0 0 0 0 0 0 0 0 0 0 0 0 0 0 0 0 0 0 0 0 0 0 0 0 0 0 0 0 0 0 0 0 0 0 0 0 0 0 0 0 0 0 1 0 0 0 0 0 0 0 1 0 0 0 0 0 0 0 1 0 0 0 0 0 0 0 0 0 0 0 0 0 0 0 0 2 0 0 185 160 31 0 1 0 0 0 0 0 0 0 0 0 0 0 2 0 0 0 0 0 3 0 3 0 0 0 0 0 0 0 255 255 255 255 0 0 0 0 0 0 0 0 data 0 oops 0
ciMethod java/util/BitSet wordIndex (I)I 2049 1 34541 0 0
ciMethod java/util/BitSet checkInvariants ()V 2049 1 16447 0 32
ciMethod java/util/BitSet recalculateWordsInUse ()V 4097 2345 5525 0 0
ciMethod java/util/BitSet set (I)V 2217 1 5397 0 -1
ciMethod java/util/BitSet clear (I)V 4097 1 5640 0 224
ciMethod java/util/BitSet get (I)Z 1585 1 5318 0 -1
ciMethod java/util/BitSet nextSetBit (I)I 4097 1 8805 0 256
ciMethod java/util/BitSet or (Ljava/util/BitSet;)V 4097 2273 4243 0 -1
ciMethodData java/util/ArrayList get (I)Ljava/lang/Object; 2 282664 orig 264 184 126 215 80 0 0 0 0 64 2 73 20 0 0 0 0 144 1 0 0 0 0 0 0 0 0 0 0 0 0 0 0 0 0 0 0 0 0 0 0 0 0 0 0 0 0 0 0 0 0 0 0 0 0 0 0 0 0 0 0 0 0 0 0 0 0 0 0 0 0 0 0 0 0 0 0 0 0 0 0 77 68 79 32 101 120 116 114 97 32 100 97 116 97 32 108 111 99 107 0 0 0 0 0 0 0 0 0 0 0 0 0 0 0 0 0 0 0 0 0 0 0 0 0 0 0 0 0 0 0 0 0 0 0 0 0 0 0 0 0 0 0 0 0 0 0 0 0 0 0 0 0 0 0 0 0 0 0 0 0 0 0 0 0 0 0 0 0 0 0 0 0 0 0 0 0 0 0 0 0 0 0 0 0 0 0 0 0 0 0 0 0 0 0 0 0 0 0 0 0 0 0 0 0 0 0 0 0 0 0 0 0 0 0 0 0 247 0 0 0 137 121 34 0 1 0 0 0 0 0 0 0 0 0 0 0 2 0 0 0 0 0 6 0 4 0 1 0 64 0 0 0 255 255 255 255 2 0 2 0 0 0 0 0 data 8 0x20002 0x44f78 0x70005 0x0 0x1697c860 0x44f90 0x0 0x0 oops 1