JvmtiExport can_access_local_variables 0
JvmtiExport can_hotswap_or_post_breakpoint 0
JvmtiExport can_post_on_exceptions 0
# 164 ciObject found
ciMethod java/lang/Object <init> ()V 4097 1 2154 0 -1
ciMethod java/lang/Object hashCode ()I 5113 1 138 0 -1
ciMethod java/lang/String hashCode ()I 2761 32769 903 0 -1
ciMethod java/security/AccessController doPrivileged (Ljava/security/PrivilegedExceptionAction;)Ljava/lang/Object; 137 1 17 0 -1
ciMethod java/util/Vector size ()I 1913 1 87 0 -1
ciMethod java/util/Vector elementAt (I)Ljava/lang/Object; 281 1 35 0 -1
ciMethod java/util/Vector removeElementAt (I)V 113 1 14 0 -1
ciMethod java/util/Stack pop ()Ljava/lang/Object; 113 1 14 0 -1
ciMethod java/util/Stack peek ()Ljava/lang/Object; 121 1 15 0 -1
ciMethod java/util/Stack empty ()Z 257 1 32 0 -1
ciMethod java/lang/Math max (II)I 225 1 28 0 -1
ciMethod java/util/ArrayList ensureCapacityInternal (I)V 641 1 80 0 -1
ciMethod java/util/ArrayList ensureExplicitCapacity (I)V 641 1 80 0 -1
ciMethod java/util/ArrayList grow (I)V 89 1 11 0 -1
ciMethod java/util/ArrayList size ()I 1209 1 151 0 -1
ciMethod java/util/ArrayList elementData (I)Ljava/lang/Object; 1977 1 247 0 -1
ciMethod java/util/ArrayList get (I)Ljava/lang/Object; 1977 1 247 0 -1
ciMethod java/util/ArrayList add (Ljava/lang/Object;)Z 641 1 80 0 -1
ciMethod java/util/ArrayList rangeCheck (I)V 1977 1 247 0 -1
ciMethod java/util/ArrayList outOfBoundsMsg (I)Ljava/lang/String; 0 0 1 0 -1
ciMethod java/util/HashMap hash (Ljava/lang/Object;)I 2201 1 529 0 -1
ciMethod java/util/HashMap getNode (ILjava/lang/Object;)Ljava/util/HashMap$Node; 2097 17 262 0 -1
ciMethod java/util/HashMap containsKey (Ljava/lang/Object;)Z 113 1 14 0 -1
ciMethod java/util/HashMap put (Ljava/lang/Object;Ljava/lang/Object;)Ljava/lang/Object; 2065 1 274 0 -1
ciMethod java/util/HashMap putVal (ILjava/lang/Object;Ljava/lang/Object;ZZ)Ljava/lang/Object; 2049 209 274 0 -1
ciMethodData java/lang/Object <init> ()V 2 2154 orig 264 184 126 122 116 0 0 0 0 136 4 187 20 0 0 0 0 32 1 0 0 0 0 0 0 0 0 0 0 0 0 0 0 0 0 0 0 0 0 0 0 0 0 0 0 0 0 0 0 0 0 0 0 0 0 0 0 0 0 0 0 0 0 0 0 0 0 0 0 0 0 0 0 0 0 0 0 0 0 0 0 77 68 79 32 101 120 116 114 97 32 100 97 116 97 32 108 111 99 107 0 0 0 0 0 0 0 0 0 0 0 0 0 0 0 0 0 0 0 0 0 0 0 0 0 0 0 0 0 0 0 0 0 0 0 0 0 0 0 0 0 0 0 0 0 0 0 0 0 0 0 0 0 0 0 0 0 0 0 0 0 0 0 0 0 0 0 0 0 0 0 0 0 0 0 0 0 0 0 0 0 0 0 0 0 0 0 0 0 0 0 0 0 0 0 0 0 0 0 0 0 0 0 0 0 0 0 0 0 0 0 0 0 0 0 0 0 0 2 0 0 81 51 0 0 1 0 0 0 0 0 0 0 0 0 0 0 2 0 0 0 0 0 3 0 3 0 0 0 0 0 0 0 255 255 255 255 0 0 0 0 0 0 0 0 data 0 oops 0
ciMethodData java/lang/String hashCode ()I 2 12430 orig 264 184 126 122 116 0 0 0 0 128 79 187 20 0 0 0 0 152 1 0 0 32 0 0 0 0 0 0 0 0 0 0 0 0 0 0 0 0 0 0 0 0 0 0 0 0 0 0 0 0 0 0 0 0 0 0 0 0 0 0 0 0 0 0 0 0 0 0 0 0 0 0 0 0 0 0 0 0 0 0 0 77 68 79 32 101 120 116 114 97 32 100 97 116 97 32 108 111 99 107 0 0 0 0 0 0 0 0 0 0 0 0 0 0 0 0 0 0 0 0 0 0 0 0 0 0 0 0 0 0 0 0 0 0 0 0 0 0 0 0 0 0 0 0 0 0 0 0 0 0 0 0 0 0 0 0 0 0 0 0 0 0 0 0 0 0 0 0 0 0 0 0 0 0 0 0 0 0 0 0 0 0 0 0 0 0 0 0 0 0 0 0 0 0 0 0 0 0 0 0 0 0 0 0 0 0 0 0 0 0 0 0 0 0 0 0 0 0 16 0 0 113 17 0 0 113 4 1 0 0 0 0 0 0 0 0 0 2 0 0 0 1 0 11 0 3 0 1 0 120 0 0 0 255 255 255 255 7 0 6 0 0 0 0 0 data 15 0x60007 0xab 0x78 0x183 0xe0007 0x1 0x58 0x182 0x1e0007 0x182 0x38 0x2054 0x2d0003 0x2054 0xffffffffffffffe0 oops 0
ciMethod sun/misc/URLClassPath getLoader (I)Lsun/misc/URLClassPath$Loader; 2121 105 265 0 -1
ciMethod sun/misc/URLClassPath getLoader (Ljava/net/URL;)Lsun/misc/URLClassPath$Loader; 105 1 13 0 -1
ciMethod sun/misc/URLClassPath push ([Ljava/net/URL;)V 17 105 2 0 -1
ciMethod sun/net/util/URLUtil urlNoFragString (Ljava/net/URL;)Ljava/lang/String; 105 1 13 0 -1
ciMethod sun/misc/URLClassPath$3 <init> (Lsun/misc/URLClassPath;Ljava/net/URL;)V 105 1 13 0 -1
ciMethod sun/misc/URLClassPath$Loader getClassPath ()[Ljava/net/URL; 0 0 1 0 -1
ciMethod java/security/PrivilegedActionException getException ()Ljava/lang/Exception; 1369 1 19 0 -1
ciMethodData java/util/HashMap hash (Ljava/lang/Object;)I 1 531 orig 264 184 126 122 116 0 0 0 0 160 127 201 20 0 0 0 0 176 1 0 0 32 0 0 0 0 0 0 0 0 0 0 0 0 0 0 0 0 0 0 0 0 0 0 0 0 0 0 0 0 0 0 0 0 0 0 0 0 0 0 0 0 0 0 0 0 0 0 0 0 0 0 0 0 0 0 0 0 0 0 0 77 68 79 32 101 120 116 114 97 32 100 97 116 97 32 108 111 99 107 0 0 0 0 0 0 0 0 0 0 0 0 0 0 0 0 0 0 0 0 0 0 0 0 0 0 0 0 0 0 0 0 0 0 0 0 0 0 0 0 0 0 0 0 0 0 0 0 0 0 0 0 0 0 0 0 0 0 0 0 0 0 0 0 0 0 0 0 0 0 0 0 0 0 0 0 0 0 0 0 0 0 0 0 0 0 0 0 0 0 0 0 0 0 0 0 0 0 0 0 0 0 0 0 0 0 0 0 0 0 0 0 0 0 0 0 0 18 1 0 0 241 7 0 0 1 0 0 0 0 0 0 0 0 0 0 0 2 0 0 0 0 0 6 0 3 0 1 0 104 0 0 0 255 255 255 255 7 0 1 0 0 0 0 0 data 13 0x10007 0xfe 0x38 0x0 0x50003 0x0 0x48 0x90005 0x3b 0x2c99860 0x7a 0x15565560 0x49 oops 2